%!
(1ups.jdt) STARTLM
 
BANCO BOLIVARIANO                           ** VALIDACION DE COMPROBANTES CONTABLES **                      FECHA IMP.: 05/NOV/2020
MATRIZ (0)                                              PERFILES CONTABLES                                  PAG.      : 1
                                                           26/OCT/2020

-----------------------------------------------------------------------------------------------------------------------------------
     CUENTA      MON.  ORIG. DEST.             DEBITO            CREDITO          DEBITO ME         CREDITO ME     TIPO DE CAMBIO
-----------------------------------------------------------------------------------------------------------------------------------


COMPROBANTE  0 37*****    ND CTE SERV. BANC. (3050)
* INGRESADO *

 199090200501      1     0     0             2,470.59               0.00               0.00               0.00     0.0000
 210110050501      1     0     0             2,476.44               0.00               0.00               0.00     0.0000
 250405200507      1     0     0                 0.00               5.85               0.00               0.00     0.0000
 250405250503      1     0     0                 0.00           2,470.59               0.00               0.00     0.0000
 2504900503        1     0     0                 0.00           2,470.59               0.00               0.00     0.0000
                                      ---------------    ---------------    ---------------    ---------------
                 TOTAL                       4,947.03           4,947.03               0.00               0.00



COMPROBANTE  0 37*****    TRX PARA CONTAB DE ND CON IVA (3188)
* INGRESADO *

 91010505          1     0     0                 0.96               0.00               0.00               0.00     0.0000
 2590900528        1     0     0                 0.00               0.10               0.00               0.00     0.0000
 54070801          1     0     0                 0.00               0.86               0.00               0.00     0.0000
                                      ---------------    ---------------    ---------------    ---------------
                 TOTAL                           0.96               0.96               0.00               0.00


