%!
(dfl.jdt) STARTLM
                                                                                     BANCO BOLIVARIANO                                                                 PAGINA No.    1
                                                                       ERRORES EN LA GENERACION DE COMPROBANTES (CTE)                                                  FEC. SISTEMA 11/05/2020
                                                                                                                                                                       FEC. PROCESO 10/26/2020


---------------------------------------------------------------------------------------------------------------------------------------------------------------------------------------------
 MON    TRANSA PERFIL DB/CR  CUENTA CTBLE    OF.OR  OF.DT  ASIENT       TOT DEBITO M     TOT CREDITO MN      TOT DEBITO ME     TOT CREDITO ME         COTIZACION CONCEPTO

---------------------------------------------------------------------------------------------------------------------------------------------------------------------------------------------

 1        3050 3055   1      210110050501     0      0          1               5.85               0.00               0.00               0.00               0.00 ND CTE SERV. BANC. (3050)

 1        3050 3055   1      210110050501     0      0          2           2,470.59               0.00               0.00               0.00               0.00 ND CTE SERV. BANC. (3050)

 1        3050 3055   2      250405200507     0      0          5               0.00               5.85               0.00               0.00               0.00 ND CTE SERV. BANC. (3050)

 1        3050 3055   2      250405250503     0      0          4               0.00           2,470.59               0.00               0.00               0.00 ND CTE SERV. BANC. (3050)

 1        3050 3055   2      2504900503       0      0          3               0.00           2,470.59               0.00               0.00               0.00 ND CTE SERV. BANC. (3050)

                             TOTAL:                                         4,947.03           4,947.03                                                          COMPROBANTE CONTBLE AJUSTADO

                                                                                     BANCO BOLIVARIANO                                                                 PAGINA No.    2
                                                                       ERRORES EN LA GENERACION DE COMPROBANTES (CTE)                                                  FEC. SISTEMA 11/05/2020
                                                                                                                                                                       FEC. PROCESO 10/26/2020


---------------------------------------------------------------------------------------------------------------------------------------------------------------------------------------------
 MON    TRANSA PERFIL DB/CR  CUENTA CTBLE    OF.OR  OF.DT  ASIENT       TOT DEBITO M     TOT CREDITO MN      TOT DEBITO ME     TOT CREDITO ME         COTIZACION CONCEPTO

---------------------------------------------------------------------------------------------------------------------------------------------------------------------------------------------

