BANCO BOLIVARIANO                                                        DIARIO DE OPERACIONES MONETARIAS                                                 PAGINA      1
OFICINA : MATRIZ (0)                                                           (CUENTAS DE AHORROS)                                                       FEC. SISTEMA 03/25/2021
MONEDA: DOLARES USD (1)                                                      FEC. PROCESO 2015/06/01
-----------------------------------------------------------------------------------------------------------------------------------------------------------------------------------
 No.CUENTA  NOMBRE                      EFECTIVO            CHEQUES      TOTAL CREDITO       IMPUEST  CAUSA       TOTAL DEBITO  HORA     DETALLE
-----------------------------------------------------------------------------------------------------------------------------------------------------------------------------------

 OPERADOR : ope998

 TRANSACCIO ND AHO SERV. BANC (4272)

 0031204115 GUADALUPE TERESA                                                                           779              924.66 09:56
 0031204115 GUADALUPE TERESA                                                                           779              549.20 09:56
 TOTALES:                                   0.00               0.00               0.00                                1,473.86


 RESUMEN:   ** POR OPERADOR * TOTAL SUMA DE CTAS 62408230.00
 TRANS.     DESCRIPCION       NUM.TRAN                T O T A L E S OBSERVACION
   4272     ND AHO SERV. BANC     2                        1,473.86 DEBITO POR DEP ESP                 779

BANCO BOLIVARIANO                                                        DIARIO DE OPERACIONES MONETARIAS                                                 PAGINA      2
OFICINA : MATRIZ (0)                                                           (CUENTAS DE AHORROS)                                                       FEC. SISTEMA 03/25/2021
MONEDA: DOLARES USD (1)                                                      FEC. PROCESO 2015/06/01
-----------------------------------------------------------------------------------------------------------------------------------------------------------------------------------
 No.CUENTA  NOMBRE                      EFECTIVO            CHEQUES      TOTAL CREDITO       IMPUEST  CAUSA       TOTAL DEBITO  HORA     DETALLE
-----------------------------------------------------------------------------------------------------------------------------------------------------------------------------------

BANCO BOLIVARIANO                                                        DIARIO DE OPERACIONES MONETARIAS                                                 PAGINA      3
OFICINA : MATRIZ (0)                                                           (CUENTAS DE AHORROS)                                                       FEC. SISTEMA 03/25/2021
MONEDA: DOLARES USD (1)                                                      FEC. PROCESO 2015/06/01
-----------------------------------------------------------------------------------------------------------------------------------------------------------------------------------
 No.CUENTA  NOMBRE                      EFECTIVO            CHEQUES      TOTAL CREDITO       IMPUEST  CAUSA       TOTAL DEBITO  HORA     DETALLE
-----------------------------------------------------------------------------------------------------------------------------------------------------------------------------------


 RESUMEN:   ** POR OPERADOR * TOTAL SUMA DE CTAS 0.00
 TRANS.     DESCRIPCION       NUM.TRAN                T O T A L E S OBSERVACION

