%!
(1ups.jdt) STARTLM
 
BANCO BOLIVARIANO                           ** VALIDACION DE COMPROBANTES CONTABLES **                      FECHA IMP.: 25/MAR/2021
MATRIZ (0)                                              PERFILES CONTABLES                                  PAG.      : 1
                                                           25/MAR/2021

-----------------------------------------------------------------------------------------------------------------------------------
     CUENTA      MON.  ORIG. DEST.             DEBITO            CREDITO          DEBITO ME         CREDITO ME     TIPO DE CAMBIO
-----------------------------------------------------------------------------------------------------------------------------------


COMPROBANTE  0 37*****    DEPOSITO ESPECIAL EN LINEA CC (4435)
* INGRESADO *

 91010505          1     0     0             3,109.64               0.00               0.00               0.00     0.0000
 210110050501      1     0    40                 0.00           3,109.64               0.00               0.00     0.0000
                                      ---------------    ---------------    ---------------    ---------------
                 TOTAL                       3,109.64           3,109.64               0.00               0.00



COMPROBANTE  0 37*****    ND CTE SERV. BANC. (3050)
* INGRESADO *

 210105050501      1     0     0             1,635.78               0.00               0.00               0.00     0.0000
 210105050501      1     0    40                 0.90               0.00               0.00               0.00     0.0000
 91010505          1     0     0                 0.00           1,636.68               0.00               0.00     0.0000
                                      ---------------    ---------------    ---------------    ---------------
                 TOTAL                       1,636.68           1,636.68               0.00               0.00



COMPROBANTE  0 37*****    TRX PARA CONTAB DE ND CON IVA (3188)
* INGRESADO *

 91010505          1     0     0                 0.90               0.00               0.00               0.00     0.0000
 2590900528        1     0     0                 0.00               0.10               0.00               0.00     0.0000
 54070801          1     0     0                 0.00               0.80               0.00               0.00     0.0000
                                      ---------------    ---------------    ---------------    ---------------
                 TOTAL                           0.90               0.90               0.00               0.00


