OFICINA : MATRIZ (0)                                                            BANCO BOLIVARIANO                                                            PAGINA No.    1
MONEDA : DOLARES USD (1)                                     DIARIO DE OPERACIONES MONETARIAS (CUENTAS DE CORRIENTES)                                        FEC. SISTEMA 03/25/2021
ccopmone.sqr                                                                                                                                                 FEC. PROCESO 2015/06/01

-----------------------------------------------------------------------------------------------------------------------------------------------------------------------------------
 No.CUENTA  NOMBRE                      EFECTIVO            CHEQUES      TOTAL CREDITO     IMPUESTO   CAUSA       TOTAL DEBITO  HORA     DETALLE
-----------------------------------------------------------------------------------------------------------------------------------------------------------------------------------


 OPERADOR : consola

 TRANSACCIO ND CTE SERV. BANC (3050)
 4005035973 UCACUE-CUENTA UNI                                                                          778                0.90 16:22
 TOTALES:                                   0.00               0.00               0.00               0.00                 0.90


 RESUMEN:   ** POR OPERADOR * TOTAL SUMA DE CTAS 4005035973.00
 TRANS.     DESCRIPCION       NUM.TRAN                T O T A L E S OBSERVACION
   3050     ND CTE SERV. BANC     1                            0.90 SEPARADA DEP ESP E                 778

OFICINA : MATRIZ (0)                                                            BANCO BOLIVARIANO                                                            PAGINA No.    2
MONEDA : DOLARES USD (1)                                     DIARIO DE OPERACIONES MONETARIAS (CUENTAS DE CORRIENTES)                                        FEC. SISTEMA 03/25/2021
ccopmone.sqr                                                                                                                                                 FEC. PROCESO 2015/06/01

-----------------------------------------------------------------------------------------------------------------------------------------------------------------------------------
 No.CUENTA  NOMBRE                      EFECTIVO            CHEQUES      TOTAL CREDITO     IMPUESTO   CAUSA       TOTAL DEBITO  HORA     DETALLE
-----------------------------------------------------------------------------------------------------------------------------------------------------------------------------------


 OPERADOR : ope998

 TRANSACCIO ND CTE SERV. BANC (3050)
 0000088024 PINTURAS UNIDAS S                                                                          779            1,635.78 10:02
 TOTALES:                                   0.00               0.00               0.00               0.00             1,635.78

 TRANSACCIO DEPOSITO ESPECIAL (4435)
 4005035973 UCACUE-CUENTA UNI             924.66               0.00             924.66           0.00  2                       09:56
 4005035973 UCACUE-CUENTA UNI             549.20               0.00             549.20           0.00  2                       09:56
 4005035973 UCACUE-CUENTA UNI           1,635.78               0.00           1,635.78           0.00  2                       10:02
 TOTALES:                               3,109.64               0.00           3,109.64               0.00                 0.00


 RESUMEN:   ** POR OPERADOR * TOTAL SUMA DE CTAS 12015195943.00
 TRANS.     DESCRIPCION       NUM.TRAN                T O T A L E S OBSERVACION
   3050     ND CTE SERV. BANC     1                        1,635.78 DEBITO POR DEP ESP                 779
   4435     DEPOSITO ESPECIAL     3                        3,109.64 DEV.CARGO SERV.F.C                 2

