%!
(dfl.jdt) STARTLM
OFICINA : MATRIZ (0)                                                                    BANCO BOLIVARIANO                                                                   PAGINA No.    1
MONEDA : DOLARES USD (1)                                           DIARIO DE OPERACIONES DE SERVICIOS (CUENTAS DE CORRIENTES)                                               FEC. SISTEMA 03/25/2021
ccopserv.sqr                                                                                                                                                                FEC. PROCESO 2015/06/01

--------------------------------------------------------------------------------------------------------------------------------------------------------------------------------------------------
 No.CUENTA   NOMBRE                              EFECTIVO             CHEQUE CLASE CAUSA  CHEQUE CH.DESD CH.HAST  HORA TERMINAL   CANAL      DETALLE
--------------------------------------------------------------------------------------------------------------------------------------------------------------------------------------------------


 OPERADOR :  consola

 TRANSACCION TRX PARA CONTAB DE ND CON (3188)
 400-5035973 UCACUE-CUENTA UNICA*****                0.80               0.00 N       778                         16:22 consola
 TOTALES:                                            0.80               0.00


 RESUMEN:    ** POR OPERADOR **
 TRANS.      DESCRIPCION                    T O T A L E S OBSERVACION         N.TR
   3188      TRX PARA CONTAB DE ND CON               0.80                        1   778

OFICINA : MATRIZ (0)                                                                    BANCO BOLIVARIANO                                                                   PAGINA No.    2
MONEDA : DOLARES USD (1)                                           DIARIO DE OPERACIONES DE SERVICIOS (CUENTAS DE CORRIENTES)                                               FEC. SISTEMA 03/25/2021
ccopserv.sqr                                                                                                                                                                FEC. PROCESO 2015/06/01

--------------------------------------------------------------------------------------------------------------------------------------------------------------------------------------------------
 No.CUENTA   NOMBRE                              EFECTIVO             CHEQUE CLASE CAUSA  CHEQUE CH.DESD CH.HAST  HORA TERMINAL   CANAL      DETALLE
--------------------------------------------------------------------------------------------------------------------------------------------------------------------------------------------------


 OPERADOR :  ope998

 TRANSACCION DEPOSITO ESPECIAL EN LINE (43569)
 000-0088024 PINTURAS UNIDAS S. A.****               0.00               0.00 L       134 ******                  10:02 term24
 003-1204115                                         0.00               0.00 L       134 ******                  09:56 term24
 003-1204115                                         0.00               0.00 L       134 ******                  09:57 term24
 TOTALES:                                            0.00               0.00


 RESUMEN:    ** POR OPERADOR **
 TRANS.      DESCRIPCION                    T O T A L E S OBSERVACION         N.TR
  43569      DEPOSITO ESPECIAL EN LINE               0.00                        3   134

