<CTSMessage>
	<CTSHeader>
		<Field name="kernelHeader" type="S">E5C75308FB090C006E006DFF00000008</Field>
		<Field name="fromServer" type="S">SRVDESA3</Field>
		<Field name="srv" type="S">SRVDESA3</Field>
		<Field name="sesn" type="N">12</Field>
		<Field name="transaccion" type="S">3295</Field>
		<Field name="usuario" type="S">crodrigm</Field>
		<Field name="secuencial" type="S">139708389</Field>
		<Field name="terminal" type="S">VS2K3SRV</Field>
	</CTSHeader>
	<Data>
		<ProcedureResponse>
			<ResultSet>
				<Header>
					<col name="name" type="39" />
					<col name="value" type="39" />
				</Header>
				<rw>
					<cd>@codigoRespuesta</cd>
					<cd>0</cd>
				</rw>
				<rw>
					<cd>@mensajeUsuario</cd>
					<cd>TRANSACCION EXITOSA</cd>
				</rw>
				<rw>
					<cd>@montoTotal</cd>
					<cd>15.75</cd>
				</rw>
				<rw>
					<cd>@banderaOffline</cd>
					<cd></cd>
				</rw>
				<rw>
					<cd>@referencia</cd>
					<cd>139708389</cd>
				</rw>
				<rw>
					<cd>@fechaDebito</cd>
					<cd>Wed Jan 31 09:26:31 ECT 2024</cd>
				</rw>
				<rw>
					<cd>@fechaPago</cd>
					<cd>Wed Jan 31 09:26:09 ECT 2024</cd>
				</rw>
				<rw>
					<cd>@vp_s_fecha_contable</cd>
					<cd>01/31/2024</cd>
				</rw>
				<rw>
					<cd>@vp_s_ssn</cd>
					<cd>139708389</cd>
				</rw>
				<rw>
					<cd>@vp_s_comision</cd>
					<cd></cd>
				</rw>
				<rw>
					<cd>@vp_s_tasa</cd>
					<cd></cd>
				</rw>
				<rw>
					<cd>@vp_s_base_imp</cd>
					<cd></cd>
				</rw>
				<rw>
					<cd>@vp_s_impuesto</cd>
					<cd></cd>
				</rw>
				<rw>
					<cd>@vp_s_empresa</cd>
					<cd></cd>
				</rw>
				<rw>
					<cd>@vp_s_recaudacion</cd>
					<cd></cd>
				</rw>
				<rw>
					<cd>@vp_s_referencia1</cd>
					<cd></cd>
				</rw>
				<rw>
					<cd>@vp_s_referencia2</cd>
					<cd></cd>
				</rw>
				<rw>
					<cd>@vp_s_referencia3</cd>
					<cd></cd>
				</rw>
				<rw>
					<cd>@PSO_CHASIS_VEHICULO</cd>
					<cd>LH1140027951</cd>
				</rw>
				<rw>
					<cd>@PDO_FECHA_CAD_MATRICULA</cd>
					<cd>30-APR-27</cd>
				</rw>
				<rw>
					<cd>@PNO_LOG_SRI</cd>
					<cd>728062023297920909</cd>
				</rw>
				<rw>
					<cd>@rp_s_ssn</cd>
					<cd>139708389</cd>
				</rw>
				<rw>
					<cd>@rp_s_horario</cd>
					<cd>N</cd>
				</rw>
				<rw>
					<cd>@rp_s_tasa</cd>
					<cd>0.12</cd>
				</rw>
				<rw>
					<cd>@rp_s_base_imp</cd>
					<cd>0.54</cd>
				</rw>
				<rw>
					<cd>@rp_s_impuesto</cd>
					<cd>0.06</cd>
				</rw>
				<rw>
					<cd>@rp_s_servicio_not</cd>
					<cd>PAGSB</cd>
				</rw>
				<rw>
					<cd>@rp_s_nomb_ente</cd>
					<cd>PINTURAS UNIDAS S. A.*****</cd>
				</rw>
				<rw>
					<cd>@rp_s_cod_ente</cd>
					<cd>1233</cd>
				</rw>
				<rw>
					<cd>@rp_s_desccanal</cd>
					<cd>VENTANILLA</cd>
				</rw>
				<rw>
					<cd>@rp_s_celular</cd>
					<cd></cd>
				</rw>
				<rw>
					<cd>@rp_s_correo</cd>
					<cd>crodriguez@bolivariano.com</cd>
				</rw>
				<rw>
					<cd>@rp_s_desc_empresa</cd>
					<cd>SERVICIOS VARIOS</cd>
				</rw>
				<rw>
					<cd>@rp_s_prod_deb</cd>
					<cd>CTE</cd>
				</rw>
				<rw>
					<cd>@rp_s_valor</cd>
					<cd>15.15</cd>
				</rw>
				<rw>
					<cd>@rp_s_fecha_deb</cd>
					<cd>01/31/2024</cd>
				</rw>
				<rw>
					<cd>@rp_s_hora_deb</cd>
					<cd>14:26:26</cd>
				</rw>
				<rw>
					<cd>@rp_s_valor_comi</cd>
					<cd>0.60</cd>
				</rw>
				<rw>
					<cd>@rp_s_cta_lat</cd>
					<cd>024</cd>
				</rw>
				<rw>
					<cd>@rp_s_tipo_serv</cd>
					<cd>FACTURA</cd>
				</rw>
				<rw>
					<cd>@rp_s_envia_notf</cd>
					<cd>1</cd>
				</rw>
			</ResultSet>
			<return>0</return>
		</ProcedureResponse>
	</Data>
</CTSMessage>