Starting the Java application using /opt/jboss/container/java/run/run-java.sh ...
INFO exec  java -Xms64m -Xmx1024m -XX:+UseParallelGC -XX:MinHeapFreeRatio=10 -XX:MaxHeapFreeRatio=20 -XX:GCTimeRatio=4 -XX:AdaptiveSizePolicyWeight=90 -XX:MaxMetaspaceSize=256m -XX:ParallelGCThreads=1 -Djava.util.concurrent.ForkJoinPool.common.parallelism=1 -XX:CICompilerCount=2 -XX:+ExitOnOutOfMemoryError -Dfile.encoding=ISO-8859-1 -cp "." -jar /deployments/quarkus-run.jar  
__  ____  __  _____   ___  __ ____  ______ 
 --/ __ \/ / / / _ | / _ \/ //_/ / / / __/ 
 -/ /_/ / /_/ / __ |/ , _/ ,< / /_/ /\ \   
--\___\_\____/_/ |_/_/|_/_/|_|\____/___/   
2023-01-13 13:25:17.072  WARN rec-consulta-280-rcwpm --- [       Thread-1] i.q.n.r.NettyRecorder                    : Netty DefaultChannelId initialization (with io.netty.machineId system property set to 52:20:f8:c5:a3:64:b6:78) took more than a second
2023-01-13 14:02:32.220  INFO rec-consulta-280-rcwpm --- [vert.x-eventloo] c.b.m.r.m.MessageSender                  : TEXT--> <?xml version="1.0" encoding="UTF-8" standalone="yes"?><mensajeSalidaGateway xmlns="http://www.bolivariano.com/mensaje/MensajeOSB"><codigo>RECMS_CONO001</codigo><mensajeUsuario>Error al procesar mensaje de entrada: java.lang.IllegalArgumentException: argument "content" is null</mensajeUsuario></mensajeSalidaGateway>
2023-01-13 14:02:32.220  INFO rec-consulta-280-rcwpm --- [vert.x-eventloo] c.b.m.r.m.MessageSender                  : JMSX_USERID --> f120001726bf
2023-01-13 14:02:32.220  INFO rec-consulta-280-rcwpm --- [vert.x-eventloo] c.b.m.r.m.MessageSender                  : destination --> queue:///MS_REC_CONSULTA_RESP
2023-01-13 14:02:32.857  INFO rec-consulta-280-rcwpm --- [vert.x-eventloo] c.b.m.r.s.CheckService                   : f120001726bf 132996562 ***TIEMPO TOTAL CONSULTA: 27098 *** TIEMPO TOTAL BANCO: 1005 ***  TIEMPO TOTAL PROVEEDOR: 26078 
2023-01-13 14:02:41.917  INFO rec-consulta-280-rcwpm --- [pool-7-thread-2] c.b.m.r.m.MessageListener                : JMS --> 
  JMSMessage class: jms_text
  JMSType:          null
  JMSDeliveryMode:  2
  JMSDeliveryDelay: 0
  JMSDeliveryTime:  0
  JMSExpiration:    0
  JMSPriority:      4
  JMSMessageID:     ID:414d512043535042524b5f514d202020aea2bd631b1bf825
  JMSTimestamp:     1673636561733
  JMSCorrelationID: 049a55e37bf0
  JMSDestination:   queue:///MS_REC_CONSULTA_REQ
  JMSReplyTo:       queue://CSPBRK_QM/MS_REC_CONSULTA_RESP
  JMSRedelivered:   false
    JMSXAppID: 0.14.jar                    
    JMSXDeliveryCount: 1
    JMSXUserID: mqm         
    JMS_IBM_Character_Set: UTF-8
    JMS_IBM_Encoding: 273
    JMS_IBM_Format: MQSTR   
    JMS_IBM_MsgType: 1
    JMS_IBM_PutApplType: 28
    JMS_IBM_PutDate: 20230113
    JMS_IBM_PutTime: 19024178
    dtdTraceTagInfo: FW4;-111051406;2;-1386978890;51;0;124422835;444;2b42;2h02;3hd942bce4;4h020d;5h01;6h44da3942043d14339f02a2c5cfa30a82;7h15447e8dc394b472
<?xml version="1.0" encoding="UTF-8" standalone="yes"?><mensajeEntradaGateway xmlns="http://www.boli ...
2023-01-13 14:02:41.917  INFO rec-consulta-280-rcwpm --- [pool-7-thread-2] c.b.m.r.m.MessageListener                : 049a55e37bf0 Mensaje recibido: <?xml version="1.0" encoding="UTF-8" standalone="yes"?><mensajeEntradaGateway xmlns="http://www.bolivariano.com/mensaje/MensajeOSB"><puntoFinal>Recaudaciones/Microservicio</puntoFinal><operacion>Consultar</operacion><identificadorCorrelacion>049a55e37bf0</identificadorCorrelacion><mensaje><![CDATA[<ns2:entradaConsultarDeuda xmlns:ns2="http://www.bolivariano.com/mensaje/MensajeOTC"><ns2:canal>VEN</ns2:canal><ns2:depuracion/><ns2:fecha>2023-01-13T14:02:37</ns2:fecha><ns2:oficina>0</ns2:oficina><ns2:secuencial>132996567</ns2:secuencial><ns2:servicio><codTipoServicio>PAGO_ADUANA</codTipoServicio><codigoConvenio>1929</codigoConvenio><codigoEmpresa>20717</codigoEmpresa><codigoTipoBanca>BP</codigoTipoBanca><codigoTipoIdentificador>1</codigoTipoIdentificador><datosAdicionales><datoAdicional><codigo>e_srv</codigo><valor>SRVDESA2</valor></datoAdicional><datoAdicional><codigo>e_term</codigo><valor>VIRTUAL_BB</valor></datoAdicional><datoAdicional><codigo>e_rol</codigo><valor>252</valor></datoAdicional><datoAdicional><codigo>e_corr</codigo><valor>N</valor></datoAdicional><datoAdicional><codigo>e_ssn_corr</codigo><valor>0</valor></datoAdicional><datoAdicional><codigo>e_mon</codigo><valor>1</valor></datoAdicional><datoAdicional><codigo>e_servicio</codigo><valor>1929</valor></datoAdicional><datoAdicional><codigo>e_identificacion</codigo><valor>1</valor></datoAdicional><datoAdicional><codigo>e_autoriza</codigo><valor>N</valor></datoAdicional><datoAdicional><codigo>e_ubi</codigo><valor/></datoAdicional><datoAdicional><codigo>e_opcion</codigo><valor>C</valor></datoAdicional><datoAdicional><codigo>e_prov_req</codigo><valor>MS_REC_CMA_REQ</valor></datoAdicional><datoAdicional><codigo>e_prov_resp</codigo><valor>MS_REC_CMA_RESP</valor></datoAdicional></datosAdicionales><identificador>190415198001</identificador></ns2:servicio><ns2:transaccion>43569</ns2:transaccion><ns2:usuario>msilvag</ns2:usuario></ns2:entradaConsultarDeuda>]]></mensaje></mensajeEntradaGateway> 
2023-01-13 14:02:41.918  INFO rec-consulta-280-rcwpm --- [vert.x-eventloo] c.b.m.r.s.CheckService                   : Inicio consulta 049a55e37bf0
2023-01-13 14:02:41.922  INFO rec-consulta-280-rcwpm --- [vert.x-eventloo] c.b.m.r.s.CheckService                   : MENSAJE DE ENTRADA GATEWAY: javax.xml.transform.stream.StreamSource@1ba3f643
2023-01-13 14:02:41.969  INFO rec-consulta-280-rcwpm --- [vert.x-eventloo] c.b.m.r.s.CheckService                   : MENSAJE DE ENTRADA CONSULTA: <ns2:entradaConsultarDeuda xmlns:ns2="http://www.bolivariano.com/mensaje/MensajeOTC"><ns2:canal>VEN</ns2:canal><ns2:depuracion/><ns2:fecha>2023-01-13T14:02:37</ns2:fecha><ns2:oficina>0</ns2:oficina><ns2:secuencial>132996567</ns2:secuencial><ns2:servicio><codTipoServicio>PAGO_ADUANA</codTipoServicio><codigoConvenio>1929</codigoConvenio><codigoEmpresa>20717</codigoEmpresa><codigoTipoBanca>BP</codigoTipoBanca><codigoTipoIdentificador>1</codigoTipoIdentificador><datosAdicionales><datoAdicional><codigo>e_srv</codigo><valor>SRVDESA2</valor></datoAdicional><datoAdicional><codigo>e_term</codigo><valor>VIRTUAL_BB</valor></datoAdicional><datoAdicional><codigo>e_rol</codigo><valor>252</valor></datoAdicional><datoAdicional><codigo>e_corr</codigo><valor>N</valor></datoAdicional><datoAdicional><codigo>e_ssn_corr</codigo><valor>0</valor></datoAdicional><datoAdicional><codigo>e_mon</codigo><valor>1</valor></datoAdicional><datoAdicional><codigo>e_servicio</codigo><valor>1929</valor></datoAdicional><datoAdicional><codigo>e_identificacion</codigo><valor>1</valor></datoAdicional><datoAdicional><codigo>e_autoriza</codigo><valor>N</valor></datoAdicional><datoAdicional><codigo>e_ubi</codigo><valor/></datoAdicional><datoAdicional><codigo>e_opcion</codigo><valor>C</valor></datoAdicional><datoAdicional><codigo>e_prov_req</codigo><valor>MS_REC_CMA_REQ</valor></datoAdicional><datoAdicional><codigo>e_prov_resp</codigo><valor>MS_REC_CMA_RESP</valor></datoAdicional></datosAdicionales><identificador>190415198001</identificador></ns2:servicio><ns2:transaccion>43569</ns2:transaccion><ns2:usuario>msilvag</ns2:usuario></ns2:entradaConsultarDeuda>
2023-01-13 14:02:41.970  INFO rec-consulta-280-rcwpm --- [vert.x-eventloo] c.b.m.r.s.CheckService                   : MENSAJE MENSAJE ENTRADA CONSULTAR DEUDA XML --> <ns2:entradaConsultarDeuda xmlns:ns2="http://www.bolivariano.com/mensaje/MensajeOTC"><ns2:canal>VEN</ns2:canal><ns2:depuracion/><ns2:fecha>2023-01-13T14:02:37</ns2:fecha><ns2:oficina>0</ns2:oficina><ns2:secuencial>132996567</ns2:secuencial><ns2:servicio><codTipoServicio>PAGO_ADUANA</codTipoServicio><codigoConvenio>1929</codigoConvenio><codigoEmpresa>20717</codigoEmpresa><codigoTipoBanca>BP</codigoTipoBanca><codigoTipoIdentificador>1</codigoTipoIdentificador><datosAdicionales><datoAdicional><codigo>e_srv</codigo><valor>SRVDESA2</valor></datoAdicional><datoAdicional><codigo>e_term</codigo><valor>VIRTUAL_BB</valor></datoAdicional><datoAdicional><codigo>e_rol</codigo><valor>252</valor></datoAdicional><datoAdicional><codigo>e_corr</codigo><valor>N</valor></datoAdicional><datoAdicional><codigo>e_ssn_corr</codigo><valor>0</valor></datoAdicional><datoAdicional><codigo>e_mon</codigo><valor>1</valor></datoAdicional><datoAdicional><codigo>e_servicio</codigo><valor>1929</valor></datoAdicional><datoAdicional><codigo>e_identificacion</codigo><valor>1</valor></datoAdicional><datoAdicional><codigo>e_autoriza</codigo><valor>N</valor></datoAdicional><datoAdicional><codigo>e_ubi</codigo><valor/></datoAdicional><datoAdicional><codigo>e_opcion</codigo><valor>C</valor></datoAdicional><datoAdicional><codigo>e_prov_req</codigo><valor>MS_REC_CMA_REQ</valor></datoAdicional><datoAdicional><codigo>e_prov_resp</codigo><valor>MS_REC_CMA_RESP</valor></datoAdicional></datosAdicionales><identificador>190415198001</identificador></ns2:servicio><ns2:transaccion>43569</ns2:transaccion><ns2:usuario>msilvag</ns2:usuario></ns2:entradaConsultarDeuda>
2023-01-13 14:02:41.971  INFO rec-consulta-280-rcwpm --- [vert.x-eventloo] c.b.m.r.s.CheckService                   : Codigo Convenio: 1929
2023-01-13 14:02:41.971  INFO rec-consulta-280-rcwpm --- [vert.x-eventloo] c.b.m.r.s.CheckService                   : Ejecuta Core
2023-01-13 14:02:41.971  INFO rec-consulta-280-rcwpm --- [vert.x-eventloo] c.b.m.r.d.CheckCoreDao                   : cob_pagos..pa_pg_pval_reca_varios Input Parameters
2023-01-13 14:02:41.973  INFO rec-consulta-280-rcwpm --- [vert.x-eventloo] c.b.m.r.d.CheckCoreDao                   : @e_ssn=132996567
2023-01-13 14:02:41.973  INFO rec-consulta-280-rcwpm --- [vert.x-eventloo] c.b.m.r.d.CheckCoreDao                   : @e_srv=SRVDESA2
2023-01-13 14:02:41.973  INFO rec-consulta-280-rcwpm --- [vert.x-eventloo] c.b.m.r.d.CheckCoreDao                   : @e_user=msilvag
2023-01-13 14:02:41.973  INFO rec-consulta-280-rcwpm --- [vert.x-eventloo] c.b.m.r.d.CheckCoreDao                   : @e_term=VIRTUAL_BB
2023-01-13 14:02:41.973  INFO rec-consulta-280-rcwpm --- [vert.x-eventloo] c.b.m.r.d.CheckCoreDao                   : @e_date=01/13/2023
2023-01-13 14:02:41.973  INFO rec-consulta-280-rcwpm --- [vert.x-eventloo] c.b.m.r.d.CheckCoreDao                   : @e_ofi=0
2023-01-13 14:02:41.973  INFO rec-consulta-280-rcwpm --- [vert.x-eventloo] c.b.m.r.d.CheckCoreDao                   : @e_rol=252
2023-01-13 14:02:41.973  INFO rec-consulta-280-rcwpm --- [vert.x-eventloo] c.b.m.r.d.CheckCoreDao                   : @e_corr=N
2023-01-13 14:02:41.973  INFO rec-consulta-280-rcwpm --- [vert.x-eventloo] c.b.m.r.d.CheckCoreDao                   : @e_ssn_corr=0
2023-01-13 14:02:41.973  INFO rec-consulta-280-rcwpm --- [vert.x-eventloo] c.b.m.r.d.CheckCoreDao                   : @e_trn=43569
2023-01-13 14:02:41.973  INFO rec-consulta-280-rcwpm --- [vert.x-eventloo] c.b.m.r.d.CheckCoreDao                   : @e_mon=1
2023-01-13 14:02:41.973  INFO rec-consulta-280-rcwpm --- [vert.x-eventloo] c.b.m.r.d.CheckCoreDao                   : @e_servicio=1929
2023-01-13 14:02:41.973  INFO rec-consulta-280-rcwpm --- [vert.x-eventloo] c.b.m.r.d.CheckCoreDao                   : @e_empresa=20717
2023-01-13 14:02:41.973  INFO rec-consulta-280-rcwpm --- [vert.x-eventloo] c.b.m.r.d.CheckCoreDao                   : @e_codigo=190415198001
2023-01-13 14:02:41.974  INFO rec-consulta-280-rcwpm --- [vert.x-eventloo] c.b.m.r.d.CheckCoreDao                   : @e_identificacion=1
2023-01-13 14:02:41.974  INFO rec-consulta-280-rcwpm --- [vert.x-eventloo] c.b.m.r.d.CheckCoreDao                   : @e_efectivo=0
2023-01-13 14:02:41.974  INFO rec-consulta-280-rcwpm --- [vert.x-eventloo] c.b.m.r.d.CheckCoreDao                   : @e_cheque=0
2023-01-13 14:02:41.974  INFO rec-consulta-280-rcwpm --- [vert.x-eventloo] c.b.m.r.d.CheckCoreDao                   : @e_debito=0
2023-01-13 14:02:41.974  INFO rec-consulta-280-rcwpm --- [vert.x-eventloo] c.b.m.r.d.CheckCoreDao                   : @e_tarjeta=0
2023-01-13 14:02:41.974  INFO rec-consulta-280-rcwpm --- [vert.x-eventloo] c.b.m.r.d.CheckCoreDao                   : @e_comision_efe=0
2023-01-13 14:02:41.974  INFO rec-consulta-280-rcwpm --- [vert.x-eventloo] c.b.m.r.d.CheckCoreDao                   : @e_comision_chq=0
2023-01-13 14:02:41.974  INFO rec-consulta-280-rcwpm --- [vert.x-eventloo] c.b.m.r.d.CheckCoreDao                   : @e_comision_db=0
2023-01-13 14:02:41.974  INFO rec-consulta-280-rcwpm --- [vert.x-eventloo] c.b.m.r.d.CheckCoreDao                   : @e_total=0
2023-01-13 14:02:41.974  INFO rec-consulta-280-rcwpm --- [vert.x-eventloo] c.b.m.r.d.CheckCoreDao                   : @e_tipo_cta=
2023-01-13 14:02:41.974  INFO rec-consulta-280-rcwpm --- [vert.x-eventloo] c.b.m.r.d.CheckCoreDao                   : @e_cuenta=
2023-01-13 14:02:41.974  INFO rec-consulta-280-rcwpm --- [vert.x-eventloo] c.b.m.r.d.CheckCoreDao                   : @e_autoriza=N
2023-01-13 14:02:41.974  INFO rec-consulta-280-rcwpm --- [vert.x-eventloo] c.b.m.r.d.CheckCoreDao                   : @e_canal=VEN
2023-01-13 14:02:41.974  INFO rec-consulta-280-rcwpm --- [vert.x-eventloo] c.b.m.r.d.CheckCoreDao                   : @e_ubi=0
2023-01-13 14:02:41.974  INFO rec-consulta-280-rcwpm --- [vert.x-eventloo] c.b.m.r.d.CheckCoreDao                   : @e_opcion=C
2023-01-13 14:02:41.974  INFO rec-consulta-280-rcwpm --- [vert.x-eventloo] c.b.m.r.d.CheckCoreDao                   : @e_reverso=
2023-01-13 14:02:41.974  INFO rec-consulta-280-rcwpm --- [vert.x-eventloo] c.b.m.r.d.CheckCoreDao                   : @e_emp_nombre=
2023-01-13 14:02:41.975  INFO rec-consulta-280-rcwpm --- [vert.x-eventloo] c.b.m.r.d.CheckCoreDao                   : EJECUTA SP {? =  call cob_pagos..pa_pg_pval_reca_varios(?,?,?,?,?,?,?,?,?,?,?,?,?,?,?,?,?,?,?,?,?,?,?,?,?,?,?,?,?,?,?,?,?,?,?,?,?,?,?,?,?,?,?,?) }
2023-01-13 14:02:42.174  INFO rec-consulta-280-rcwpm --- [vert.x-eventloo] c.b.m.r.d.CheckCoreDao                   : FINALIZA EJECUTA SP
2023-01-13 14:02:42.175  INFO rec-consulta-280-rcwpm --- [vert.x-eventloo] c.b.m.r.d.CheckCoreDao                   : cob_pagos..pa_pg_pval_reca_varios Output Parameters
2023-01-13 14:02:42.175  INFO rec-consulta-280-rcwpm --- [vert.x-eventloo] c.b.m.r.d.CheckCoreDao                   : @RETURN_VALUE=0
2023-01-13 14:02:42.176  INFO rec-consulta-280-rcwpm --- [vert.x-eventloo] c.b.m.r.d.CheckCoreDao                   : @s_fecha_contable=null
2023-01-13 14:02:42.176  INFO rec-consulta-280-rcwpm --- [vert.x-eventloo] c.b.m.r.d.CheckCoreDao                   : @s_ssn=132996567
2023-01-13 14:02:42.176  INFO rec-consulta-280-rcwpm --- [vert.x-eventloo] c.b.m.r.d.CheckCoreDao                   : @s_comision=0
2023-01-13 14:02:42.176  INFO rec-consulta-280-rcwpm --- [vert.x-eventloo] c.b.m.r.d.CheckCoreDao                   : @s_tasa=null
2023-01-13 14:02:42.176  INFO rec-consulta-280-rcwpm --- [vert.x-eventloo] c.b.m.r.d.CheckCoreDao                   : @s_base_imp=null
2023-01-13 14:02:42.176  INFO rec-consulta-280-rcwpm --- [vert.x-eventloo] c.b.m.r.d.CheckCoreDao                   : @s_impuesto=null
2023-01-13 14:02:42.176  INFO rec-consulta-280-rcwpm --- [vert.x-eventloo] c.b.m.r.d.CheckCoreDao                   : @s_empresa=CMA-CGM ECUADOR S.A.
2023-01-13 14:02:42.176  INFO rec-consulta-280-rcwpm --- [vert.x-eventloo] c.b.m.r.d.CheckCoreDao                   : @s_recaudacion=LINEA   
2023-01-13 14:02:42.176  INFO rec-consulta-280-rcwpm --- [vert.x-eventloo] c.b.m.r.d.CheckCoreDao                   : @s_referencia1=null
2023-01-13 14:02:42.176  INFO rec-consulta-280-rcwpm --- [vert.x-eventloo] c.b.m.r.d.CheckCoreDao                   : @s_referencia2=null
2023-01-13 14:02:42.176  INFO rec-consulta-280-rcwpm --- [vert.x-eventloo] c.b.m.r.d.CheckCoreDao                   : @s_referencia3=null
2023-01-13 14:02:42.176  INFO rec-consulta-280-rcwpm --- [vert.x-eventloo] c.b.m.r.d.CheckCoreDao                   : @s_mensaje=OK
2023-01-13 14:02:42.176  INFO rec-consulta-280-rcwpm --- [vert.x-eventloo] c.b.m.r.d.CheckCoreDao                   : @s_deuda=0.0
2023-01-13 14:02:42.177  INFO rec-consulta-280-rcwpm --- [vert.x-eventloo] c.b.m.r.d.CheckCoreDao                   : CIERRA CONEXION!
2023-01-13 14:02:42.177  INFO rec-consulta-280-rcwpm --- [vert.x-eventloo] c.b.m.r.s.CheckService                   : Finaliza Core
2023-01-13 14:02:42.177  INFO rec-consulta-280-rcwpm --- [vert.x-eventloo] c.b.m.r.s.CheckService                   : ENVIA CONSULTA PROVEEDOR
2023-01-13 14:02:42.183  INFO rec-consulta-280-rcwpm --- [vert.x-eventloo] c.b.m.r.m.MessageSender                  : COLA MQ  SENDER --> MS_REC_CMA_REQ
2023-01-13 14:02:42.183  INFO rec-consulta-280-rcwpm --- [vert.x-eventloo] c.b.m.r.m.MessageSender                  : MENSAJE--> {"tipoFlujo":"CONSULTA","mensajeEntradaConsultarDeuda":{"canal":"VEN","depuracion":"","fecha":"2023-01-13T14:02:37","oficina":"0","secuencial":"132996567","servicio":{"codTipoServicio":"PAGO_ADUANA","codigoConvenio":"1929","codigoEmpresa":"20717","codigoTipoBanca":"BP","codigoTipoIdentificador":"1","datosAdicionales":{"datoAdicional":[{"codigo":"e_srv","etiqueta":null,"editable":null,"formato":null,"listasSeleccion":null,"longitud":null,"mascara":null,"regexp":null,"tipo":null,"valor":"SRVDESA2","visible":null},{"codigo":"e_term","etiqueta":null,"editable":null,"formato":null,"listasSeleccion":null,"longitud":null,"mascara":null,"regexp":null,"tipo":null,"valor":"VIRTUAL_BB","visible":null},{"codigo":"e_rol","etiqueta":null,"editable":null,"formato":null,"listasSeleccion":null,"longitud":null,"mascara":null,"regexp":null,"tipo":null,"valor":"252","visible":null},{"codigo":"e_corr","etiqueta":null,"editable":null,"formato":null,"listasSeleccion":null,"longitud":null,"mascara":null,"regexp":null,"tipo":null,"valor":"N","visible":null},{"codigo":"e_ssn_corr","etiqueta":null,"editable":null,"formato":null,"listasSeleccion":null,"longitud":null,"mascara":null,"regexp":null,"tipo":null,"valor":"0","visible":null},{"codigo":"e_mon","etiqueta":null,"editable":null,"formato":null,"listasSeleccion":null,"longitud":null,"mascara":null,"regexp":null,"tipo":null,"valor":"1","visible":null},{"codigo":"e_servicio","etiqueta":null,"editable":null,"formato":null,"listasSeleccion":null,"longitud":null,"mascara":null,"regexp":null,"tipo":null,"valor":"1929","visible":null},{"codigo":"e_identificacion","etiqueta":null,"editable":null,"formato":null,"listasSeleccion":null,"longitud":null,"mascara":null,"regexp":null,"tipo":null,"valor":"1","visible":null},{"codigo":"e_autoriza","etiqueta":null,"editable":null,"formato":null,"listasSeleccion":null,"longitud":null,"mascara":null,"regexp":null,"tipo":null,"valor":"N","visible":null},{"codigo":"e_ubi","etiqueta":null,"editable":null,"formato":null,"listasSeleccion":null,"longitud":null,"mascara":null,"regexp":null,"tipo":null,"valor":"","visible":null},{"codigo":"e_opcion","etiqueta":null,"editable":null,"formato":null,"listasSeleccion":null,"longitud":null,"mascara":null,"regexp":null,"tipo":null,"valor":"C","visible":null},{"codigo":"e_prov_req","etiqueta":null,"editable":null,"formato":null,"listasSeleccion":null,"longitud":null,"mascara":null,"regexp":null,"tipo":null,"valor":"MS_REC_CMA_REQ","visible":null},{"codigo":"e_prov_resp","etiqueta":null,"editable":null,"formato":null,"listasSeleccion":null,"longitud":null,"mascara":null,"regexp":null,"tipo":null,"valor":"MS_REC_CMA_RESP","visible":null},{"codigo":"vp_s_fecha_contable","etiqueta":null,"editable":null,"formato":null,"listasSeleccion":null,"longitud":null,"mascara":null,"regexp":null,"tipo":null,"valor":null,"visible":null},{"codigo":"vp_s_ssn","etiqueta":null,"editable":null,"formato":null,"listasSeleccion":null,"longitud":null,"mascara":null,"regexp":null,"tipo":null,"valor":"132996567","visible":null},{"codigo":"vp_s_comision","etiqueta":null,"editable":null,"formato":null,"listasSeleccion":null,"longitud":null,"mascara":null,"regexp":null,"tipo":null,"valor":"0","visible":null},{"codigo":"vp_s_tasa","etiqueta":null,"editable":null,"formato":null,"listasSeleccion":null,"longitud":null,"mascara":null,"regexp":null,"tipo":null,"valor":null,"visible":null},{"codigo":"vp_s_base_imp","etiqueta":null,"editable":null,"formato":null,"listasSeleccion":null,"longitud":null,"mascara":null,"regexp":null,"tipo":null,"valor":null,"visible":null},{"codigo":"vp_s_impuesto","etiqueta":null,"editable":null,"formato":null,"listasSeleccion":null,"longitud":null,"mascara":null,"regexp":null,"tipo":null,"valor":null,"visible":null},{"codigo":"vp_s_empresa","etiqueta":null,"editable":null,"formato":null,"listasSeleccion":null,"longitud":null,"mascara":null,"regexp":null,"tipo":null,"valor":"CMA-CGM ECUADOR S.A.","visible":null},{"codigo":"vp_s_recaudacion","etiqueta":null,"editable":null,"formato":null,"listasSeleccion":null,"longitud":null,"mascara":null,"regexp":null,"tipo":null,"valor":"LINEA   ","visible":null},{"codigo":"vp_s_referencia1","etiqueta":null,"editable":null,"formato":null,"listasSeleccion":null,"longitud":null,"mascara":null,"regexp":null,"tipo":null,"valor":null,"visible":null},{"codigo":"vp_s_referencia2","etiqueta":null,"editable":null,"formato":null,"listasSeleccion":null,"longitud":null,"mascara":null,"regexp":null,"tipo":null,"valor":null,"visible":null},{"codigo":"vp_s_referencia3","etiqueta":null,"editable":null,"formato":null,"listasSeleccion":null,"longitud":null,"mascara":null,"regexp":null,"tipo":null,"valor":null,"visible":null},{"codigo":"e_prov_req","etiqueta":null,"editable":null,"formato":null,"listasSeleccion":null,"longitud":null,"mascara":null,"regexp":null,"tipo":null,"valor":"MS_REC_CMA_REQ","visible":null},{"codigo":"e_prov_resp","etiqueta":null,"editable":null,"formato":null,"listasSeleccion":null,"longitud":null,"mascara":null,"regexp":null,"tipo":null,"valor":"MS_REC_CMA_RESP","visible":null}]},"identificador":"190415198001"},"transaccion":"43569","usuario":"msilvag"}}
2023-01-13 14:02:43.730  INFO rec-consulta-280-rcwpm --- [vert.x-eventloo] c.b.m.r.m.MessageSender                  : MENSAJE--> 
  JMSMessage class: jms_text
  JMSType:          null
  JMSDeliveryMode:  1
  JMSDeliveryDelay: 0
  JMSDeliveryTime:  0
  JMSExpiration:    50000
  JMSPriority:      4
  JMSMessageID:     049a55e37bf0
  JMSTimestamp:     21353963669901
  JMSCorrelationID: 049a55e37bf0
  JMSDestination:   null
  JMSReplyTo:       null
  JMSRedelivered:   false
    JMS_IBM_Character_Set: 1208
    JMS_IBM_MQMD_Expiry: 50000
{"tipoFlujo":"CONSULTA","mensajeEntradaConsultarDeuda":{"canal":"VEN","depuracion":"","fecha":"2023- ...
2023-01-13 14:02:43.730  INFO rec-consulta-280-rcwpm --- [vert.x-eventloo] c.b.m.r.m.MessageSender                  : TEXT--> {"tipoFlujo":"CONSULTA","mensajeEntradaConsultarDeuda":{"canal":"VEN","depuracion":"","fecha":"2023-01-13T14:02:37","oficina":"0","secuencial":"132996567","servicio":{"codTipoServicio":"PAGO_ADUANA","codigoConvenio":"1929","codigoEmpresa":"20717","codigoTipoBanca":"BP","codigoTipoIdentificador":"1","datosAdicionales":{"datoAdicional":[{"codigo":"e_srv","etiqueta":null,"editable":null,"formato":null,"listasSeleccion":null,"longitud":null,"mascara":null,"regexp":null,"tipo":null,"valor":"SRVDESA2","visible":null},{"codigo":"e_term","etiqueta":null,"editable":null,"formato":null,"listasSeleccion":null,"longitud":null,"mascara":null,"regexp":null,"tipo":null,"valor":"VIRTUAL_BB","visible":null},{"codigo":"e_rol","etiqueta":null,"editable":null,"formato":null,"listasSeleccion":null,"longitud":null,"mascara":null,"regexp":null,"tipo":null,"valor":"252","visible":null},{"codigo":"e_corr","etiqueta":null,"editable":null,"formato":null,"listasSeleccion":null,"longitud":null,"mascara":null,"regexp":null,"tipo":null,"valor":"N","visible":null},{"codigo":"e_ssn_corr","etiqueta":null,"editable":null,"formato":null,"listasSeleccion":null,"longitud":null,"mascara":null,"regexp":null,"tipo":null,"valor":"0","visible":null},{"codigo":"e_mon","etiqueta":null,"editable":null,"formato":null,"listasSeleccion":null,"longitud":null,"mascara":null,"regexp":null,"tipo":null,"valor":"1","visible":null},{"codigo":"e_servicio","etiqueta":null,"editable":null,"formato":null,"listasSeleccion":null,"longitud":null,"mascara":null,"regexp":null,"tipo":null,"valor":"1929","visible":null},{"codigo":"e_identificacion","etiqueta":null,"editable":null,"formato":null,"listasSeleccion":null,"longitud":null,"mascara":null,"regexp":null,"tipo":null,"valor":"1","visible":null},{"codigo":"e_autoriza","etiqueta":null,"editable":null,"formato":null,"listasSeleccion":null,"longitud":null,"mascara":null,"regexp":null,"tipo":null,"valor":"N","visible":null},{"codigo":"e_ubi","etiqueta":null,"editable":null,"formato":null,"listasSeleccion":null,"longitud":null,"mascara":null,"regexp":null,"tipo":null,"valor":"","visible":null},{"codigo":"e_opcion","etiqueta":null,"editable":null,"formato":null,"listasSeleccion":null,"longitud":null,"mascara":null,"regexp":null,"tipo":null,"valor":"C","visible":null},{"codigo":"e_prov_req","etiqueta":null,"editable":null,"formato":null,"listasSeleccion":null,"longitud":null,"mascara":null,"regexp":null,"tipo":null,"valor":"MS_REC_CMA_REQ","visible":null},{"codigo":"e_prov_resp","etiqueta":null,"editable":null,"formato":null,"listasSeleccion":null,"longitud":null,"mascara":null,"regexp":null,"tipo":null,"valor":"MS_REC_CMA_RESP","visible":null},{"codigo":"vp_s_fecha_contable","etiqueta":null,"editable":null,"formato":null,"listasSeleccion":null,"longitud":null,"mascara":null,"regexp":null,"tipo":null,"valor":null,"visible":null},{"codigo":"vp_s_ssn","etiqueta":null,"editable":null,"formato":null,"listasSeleccion":null,"longitud":null,"mascara":null,"regexp":null,"tipo":null,"valor":"132996567","visible":null},{"codigo":"vp_s_comision","etiqueta":null,"editable":null,"formato":null,"listasSeleccion":null,"longitud":null,"mascara":null,"regexp":null,"tipo":null,"valor":"0","visible":null},{"codigo":"vp_s_tasa","etiqueta":null,"editable":null,"formato":null,"listasSeleccion":null,"longitud":null,"mascara":null,"regexp":null,"tipo":null,"valor":null,"visible":null},{"codigo":"vp_s_base_imp","etiqueta":null,"editable":null,"formato":null,"listasSeleccion":null,"longitud":null,"mascara":null,"regexp":null,"tipo":null,"valor":null,"visible":null},{"codigo":"vp_s_impuesto","etiqueta":null,"editable":null,"formato":null,"listasSeleccion":null,"longitud":null,"mascara":null,"regexp":null,"tipo":null,"valor":null,"visible":null},{"codigo":"vp_s_empresa","etiqueta":null,"editable":null,"formato":null,"listasSeleccion":null,"longitud":null,"mascara":null,"regexp":null,"tipo":null,"valor":"CMA-CGM ECUADOR S.A.","visible":null},{"codigo":"vp_s_recaudacion","etiqueta":null,"editable":null,"formato":null,"listasSeleccion":null,"longitud":null,"mascara":null,"regexp":null,"tipo":null,"valor":"LINEA   ","visible":null},{"codigo":"vp_s_referencia1","etiqueta":null,"editable":null,"formato":null,"listasSeleccion":null,"longitud":null,"mascara":null,"regexp":null,"tipo":null,"valor":null,"visible":null},{"codigo":"vp_s_referencia2","etiqueta":null,"editable":null,"formato":null,"listasSeleccion":null,"longitud":null,"mascara":null,"regexp":null,"tipo":null,"valor":null,"visible":null},{"codigo":"vp_s_referencia3","etiqueta":null,"editable":null,"formato":null,"listasSeleccion":null,"longitud":null,"mascara":null,"regexp":null,"tipo":null,"valor":null,"visible":null},{"codigo":"e_prov_req","etiqueta":null,"editable":null,"formato":null,"listasSeleccion":null,"longitud":null,"mascara":null,"regexp":null,"tipo":null,"valor":"MS_REC_CMA_REQ","visible":null},{"codigo":"e_prov_resp","etiqueta":null,"editable":null,"formato":null,"listasSeleccion":null,"longitud":null,"mascara":null,"regexp":null,"tipo":null,"valor":"MS_REC_CMA_RESP","visible":null}]},"identificador":"190415198001"},"transaccion":"43569","usuario":"msilvag"}}
2023-01-13 14:02:43.730  INFO rec-consulta-280-rcwpm --- [vert.x-eventloo] c.b.m.r.m.MessageSender                  : JMSX_USERID --> 049a55e37bf0
2023-01-13 14:02:44.359  INFO rec-consulta-280-rcwpm --- [vert.x-eventloo] c.b.m.r.m.MessageConsumer                : Recuperando mensaje cola proveedor MS_REC_CMA_RESP
2023-01-13 14:02:45.711  INFO rec-consulta-280-rcwpm --- [vert.x-eventloo] c.b.m.r.m.MessageConsumer                : COLA MQ --> MS_REC_CONSULTA_REQ
2023-01-13 14:02:46.616  INFO rec-consulta-280-rcwpm --- [vert.x-eventloo] c.b.m.r.m.MessageConsumer                : MENSAJE RECIBIDO--> 
  JMSMessage class: jms_text
  JMSType:          null
  JMSDeliveryMode:  2
  JMSDeliveryDelay: 0
    JMS_IBM_PutDate: 20230113
    JMS_IBM_PutTime: 19024648
    dtdTraceTagInfo: FW4;-111051406;3;-996120662;36;0;124422835;486;5802;2h02;3h38ebd8f1;4h1e;6h69a67c5b6aabd7c6eed493110c90013c;7hb2144391dfd2192a
{"codigo":"0","mensajeUsuario":"Consulta ejecutada","estado":"OK","mensajeSalidaEjecutarPago":null," ...
2023-01-13 14:02:46.884  INFO rec-consulta-280-rcwpm --- [vert.x-eventloo] c.b.m.r.s.CheckService                   : OBTIENE CONSULTA PROVEEDOR
2023-01-13 14:02:46.967  INFO rec-consulta-280-rcwpm --- [vert.x-eventloo] c.b.m.r.s.CheckService                   : RESPUESTA DE INTEGRACIO PROVEEDOR: 0
2023-01-13 14:02:46.967  INFO rec-consulta-280-rcwpm --- [vert.x-eventloo] c.b.m.r.s.CheckService                   : RESPUESTA DE PROVEEDOR: 0
2023-01-13 14:02:46.968  INFO rec-consulta-280-rcwpm --- [vert.x-eventloo] c.b.m.r.s.CheckService                   : NO TENIA DATOS ADICIONALES
2023-01-13 14:02:46.968  INFO rec-consulta-280-rcwpm --- [vert.x-eventloo] c.b.m.r.s.CheckService                   : respuesta-->{"codigo":"0","mensajeUsuario":"Consulta ejecutada","estado":"OK","mensajeSalidaEjecutarPago":null,"mensajeSalidaConsultarDeuda":{"codigoError":"0","datosAdicionales":null,"fechaVencimiento":null,"formaPago":null,"formaPagoRecibos":null,"identificadorDeuda":"190415198001","limiteMontoMaximo":null,"limiteMontoMinimo":null,"mensajeUsuario":"OK","mensajeSistema":null,"montoMinimo":null,"montoTotal":100.0,"nombreCliente":"STR","recibos":null,"textoAyuda":null}}
2023-01-13 14:02:47.072  INFO rec-consulta-280-rcwpm --- [vert.x-eventloo] c.b.m.r.m.MessageSender                  : COLA MQ  SENDER --> MS_REC_CONSULTA_RESP
2023-01-13 14:02:47.072  INFO rec-consulta-280-rcwpm --- [vert.x-eventloo] c.b.m.r.m.MessageSender                  : message--> <?xml version="1.0" encoding="UTF-8" standalone="yes"?><mensajeSalidaGateway xmlns="http://www.bolivariano.com/mensaje/MensajeOSB"><codigo>0</codigo><mensajeUsuario>OK</mensajeUsuario><mensaje><![CDATA[<?xml version="1.0" encoding="UTF-8" standalone="yes"?><ns2:salidaConsultarDeuda xmlns:ns2="http://www.bolivariano.com/mensaje/MensajeOTC"><ns2:codigoError>0</ns2:codigoError><ns2:datosAdicionales><ns2:datoAdicional><codigo>vp_s_fecha_contable</codigo></ns2:datoAdicional><ns2:datoAdicional><codigo>vp_s_ssn</codigo><valor>132996567</valor></ns2:datoAdicional><ns2:datoAdicional><codigo>vp_s_comision</codigo><valor>0</valor></ns2:datoAdicional><ns2:datoAdicional><codigo>vp_s_tasa</codigo></ns2:datoAdicional><ns2:datoAdicional><codigo>vp_s_base_imp</codigo></ns2:datoAdicional><ns2:datoAdicional><codigo>vp_s_impuesto</codigo></ns2:datoAdicional><ns2:datoAdicional><codigo>vp_s_empresa</codigo><valor>CMA-CGM ECUADOR S.A.</valor></ns2:datoAdicional><ns2:datoAdicional><codigo>vp_s_recaudacion</codigo><valor>LINEA   </valor></ns2:datoAdicional><ns2:datoAdicional><codigo>vp_s_referencia1</codigo></ns2:datoAdicional><ns2:datoAdicional><codigo>vp_s_referencia2</codigo></ns2:datoAdicional><ns2:datoAdicional><codigo>vp_s_referencia3</codigo></ns2:datoAdicional><ns2:datoAdicional><codigo>e_prov_req</codigo><valor>MS_REC_CMA_REQ</valor></ns2:datoAdicional><ns2:datoAdicional><codigo>e_prov_resp</codigo><valor>MS_REC_CMA_RESP</valor></ns2:datoAdicional><ns2:datoAdicional><codigo>codigoConvenio</codigo><valor>1929</valor></ns2:datoAdicional></ns2:datosAdicionales><ns2:identificadorDeuda>190415198001</ns2:identificadorDeuda><ns2:mensajeUsuario>OK</ns2:mensajeUsuario><ns2:montoTotal>100.0</ns2:montoTotal><ns2:nombreCliente>STR</ns2:nombreCliente></ns2:salidaConsultarDeuda>]]></mensaje></mensajeSalidaGateway>
2023-01-13 14:02:48.415  INFO rec-consulta-280-rcwpm --- [vert.x-eventloo] c.b.m.r.m.MessageSender                  : messageJMS--> 


2023-01-13 14:02:48.415  INFO rec-consulta-280-rcwpm --- [vert.x-eventloo] c.b.m.r.m.MessageSender                  : TEXT--> <?xml version="1.0" encoding="UTF-8" standalone="yes"?><mensajeSalidaGateway xmlns="http://www.bolivariano.com/mensaje/MensajeOSB"><codigo>0</codigo><mensajeUsuario>OK</mensajeUsuario><mensaje><![CDATA[<?xml version="1.0" encoding="UTF-8" standalone="yes"?><ns2:salidaConsultarDeuda xmlns:ns2="http://www.bolivariano.com/mensaje/MensajeOTC"><ns2:codigoError>0</ns2:codigoError><ns2:datosAdicionales><ns2:datoAdicional><codigo>vp_s_fecha_contable</codigo></ns2:datoAdicional><ns2:datoAdicional><codigo>vp_s_ssn</codigo><valor>132996567</valor></ns2:datoAdicional><ns2:datoAdicional><codigo>vp_s_comision</codigo><valor>0</valor></ns2:datoAdicional><ns2:datoAdicional><codigo>vp_s_tasa</codigo></ns2:datoAdicional><ns2:datoAdicional><codigo>vp_s_base_imp</codigo></ns2:datoAdicional><ns2:datoAdicional><codigo>vp_s_impuesto</codigo></ns2:datoAdicional><ns2:datoAdicional><codigo>vp_s_empresa</codigo><valor>CMA-CGM ECUADOR S.A.</valor></ns2:datoAdicional><ns2:datoAdicional><codigo>vp_s_recaudacion</codigo><valor>LINEA   </valor></ns2:datoAdicional><ns2:datoAdicional><codigo>vp_s_referencia1</codigo></ns2:datoAdicional><ns2:datoAdicional><codigo>vp_s_referencia2</codigo></ns2:datoAdicional><ns2:datoAdicional><codigo>vp_s_referencia3</codigo></ns2:datoAdicional><ns2:datoAdicional><codigo>e_prov_req</codigo><valor>MS_REC_CMA_REQ</valor></ns2:datoAdicional><ns2:datoAdicional><codigo>e_prov_resp</codigo><valor>MS_REC_CMA_RESP</valor></ns2:datoAdicional><ns2:datoAdicional><codigo>codigoConvenio</codigo><valor>1929</valor></ns2:datoAdicional></ns2:datosAdicionales><ns2:identificadorDeuda>190415198001</ns2:identificadorDeuda><ns2:mensajeUsuario>OK</ns2:mensajeUsuario><ns2:montoTotal>100.0</ns2:montoTotal><ns2:nombreCliente>STR</ns2:nombreCliente></ns2:salidaConsultarDeuda>]]></mensaje></mensajeSalidaGateway>
2023-01-13 14:02:48.415  INFO rec-consulta-280-rcwpm --- [vert.x-eventloo] c.b.m.r.m.MessageSender                  : JMSX_USERID --> 049a55e37bf0
2023-01-13 14:02:48.415  INFO rec-consulta-280-rcwpm --- [vert.x-eventloo] c.b.m.r.m.MessageSender                  : destination --> queue:///MS_REC_CONSULTA_RESP
2023-01-13 14:02:49.048  INFO rec-consulta-280-rcwpm --- [vert.x-eventloo] c.b.m.r.s.CheckService                   : 049a55e37bf0 132996567 ***TIEMPO TOTAL CONSULTA: 7129 *** TIEMPO TOTAL BANCO: 206 ***  TIEMPO TOTAL PROVEEDOR: 4790 