/usr/local/s2i/run: line 15: /opt/jboss/container/maven/default//scl-enable-maven: No such file or directory
Starting the Java application using /opt/jboss/container/java/run/run-java.sh ...
INFO exec  java -Xms64m -Xmx1024m -javaagent:/usr/share/java/jolokia-jvm-agent/jolokia-jvm.jar=config=/opt/jboss/container/jolokia/etc/jolokia.properties -XX:+UseParallelOldGC -XX:MinHeapFreeRatio=10 -XX:MaxHeapFreeRatio=20 -XX:GCTimeRatio=4 -XX:AdaptiveSizePolicyWeight=90 -XX:MaxMetaspaceSize=256m -XX:+ExitOnOutOfMemoryError -Djdk.tls.client.protocols=TLSv1 -Dfile.encoding=UTF-8 -Duser.timezone=America/Guayaquil -cp "." -jar /deployments/otc-core-1.0.14.jar  
I> No access restrictor found, access to any MBean is allowed
Jolokia: Agent started with URL https://10.128.6.125:8778/jolokia/
 _______  _______  _______    _______
(_______)(_______)(_______)  (_______)
 _     _     _     _          _         ___    ____  _____
| |   | |   | |   | |        | |       / _ \  / ___)| ___ |
| |___| |   | |   | |_____   | |_____ | |_| || |    | ____|
 \_____/    |_|    \______)   \______) \___/ |_|    |_____)

 :: Spring Boot (v1.5.4.RELEASE) :: 

2023-01-12 15:25:48.630  INFO otc-core2-399-7dswp --- [           main] c.b.o.OTCCoreApplication                 : Starting OTCCoreApplication on otc-core2-399-7dswp with PID 1 (/deployments/otc-core-1.0.14.jar started by jboss in /deployments)
2023-01-12 15:34:24.379  INFO otc-core2-399-7dswp --- [nio-8080-exec-5] c.b.o.j.JmsConsumer                      : JMSCorrelationID: 34433d308186
2023-01-12 15:34:24.379  INFO otc-core2-399-7dswp --- [nio-8080-exec-5] c.b.o.p.OTCCoreProcessor                 : Recepcion a MQ OK
2023-01-12 15:34:24.379  INFO otc-core2-399-7dswp --- [nio-8080-exec-5] c.b.o.p.OTCCoreProcessor                 : MENSAJE JMS:<?xml version="1.0" encoding="UTF-8" standalone="yes"?><mensajeSalidaGateway xmlns="http://www.bolivariano.com/mensaje/MensajeOSB"><codigo>RECMS_CONO001</codigo><mensajeUsuario>Error al procesar mensaje de entrada: java.lang.IllegalArgumentException: argument "content" is null</mensajeUsuario></mensajeSalidaGateway>
2023-01-12 15:34:54.128  INFO otc-core2-399-7dswp --- [nio-8080-exec-4] c.b.o.p.OTCCoreProcessor                 : Punto FINAL: 221
2023-01-12 15:34:54.128  INFO otc-core2-399-7dswp --- [nio-8080-exec-4] c.b.o.p.OTCCoreProcessor                 : NO existen enriquecimientos para flujo con id: 1110
2023-01-12 15:34:54.170  INFO otc-core2-399-7dswp --- [nio-8080-exec-4] c.b.o.p.OTCCoreProcessor                 : REQUEST OTC:<?xml version="1.0" encoding="UTF-8" standalone="yes"?><ns2:entradaConsultarDeuda xmlns:ns2="http://www.bolivariano.com/mensaje/MensajeOTC"><ns2:canal>VEN</ns2:canal><ns2:depuracion></ns2:depuracion><ns2:oficina>0</ns2:oficina><ns2:secuencial>132993498</ns2:secuencial><ns2:servicio><codTipoServicio>PAGO_ADUANA</codTipoServicio><codigoConvenio>20717</codigoConvenio><codigoEmpresa>1929</codigoEmpresa><codigoTipoBanca>BP</codigoTipoBanca><codigoTipoIdentificador>1</codigoTipoIdentificador><datosAdicionales><datoAdicional><codigo>i_trn</codigo><valor>43569</valor></datoAdicional><datoAdicional><codigo>t_trn</codigo><valor>62684</valor></datoAdicional><datoAdicional><codigo>e_canal</codigo><valor>VEN</valor></datoAdicional><datoAdicional><codigo>e_tipo_banca</codigo><valor>BP</valor></datoAdicional><datoAdicional><codigo>e_empresa</codigo><valor>1929</valor></datoAdicional><datoAdicional><codigo>e_convenio</codigo><valor>20717</valor></datoAdicional><datoAdicional><codigo>e_tipo_servicio</codigo><valor>PAGO_ADUANA</valor></datoAdicional><datoAdicional><codigo>e_servicio</codigo><valor>1929</valor></datoAdicional><datoAdicional><codigo>e_tipo_identificador</codigo><valor>1</valor></datoAdicional><datoAdicional><codigo>s_date</codigo><valor>2023-01-12T15:34:52</valor></datoAdicional><datoAdicional><codigo>s_ofi</codigo><valor>0</valor></datoAdicional><datoAdicional><codigo>e_identificacion</codigo><valor>0993241539001</valor></datoAdicional><datoAdicional><codigo>i_codigo</codigo><valor>0993241539001</valor></datoAdicional><datoAdicional><codigo>codigoRespuesta</codigo><valor>0</valor></datoAdicional><datoAdicional><codigo>nombreCliente</codigo><valor>********************************************************************************</valor></datoAdicional><datoAdicional><codigo>formaPago</codigo><valor>********************************************************************************</valor></datoAdicional><datoAdicional><codigo>montoTotal</codigo><valor>********************************************************************************</valor></datoAdicional><datoAdicional><codigo>i_ubi</codigo><valor>0</valor></datoAdicional><datoAdicional><codigo>i_rol_cajero</codigo><valor>252</valor></datoAdicional><datoAdicional><codigo>s_ssn_branch</codigo><valor>280514910</valor></datoAdicional><datoAdicional><codigo>t_rol</codigo><valor>252</valor></datoAdicional><datoAdicional><codigo>s_loginid</codigo><valor>14354</valor></datoAdicional><datoAdicional><codigo>s_user</codigo><valor>msilvag</valor></datoAdicional><datoAdicional><codigo>s_srv</codigo><valor>SRVDESA2</valor></datoAdicional><datoAdicional><codigo>s_rol</codigo><valor>252</valor></datoAdicional><datoAdicional><codigo>s_ofi</codigo><valor>0</valor></datoAdicional><datoAdicional><codigo>s_term</codigo><valor>VIRTUAL_BB</valor></datoAdicional><datoAdicional><codigo>s_ssn</codigo><valor>132993498</valor></datoAdicional></datosAdicionales><identificador>0993241539001</identificador></ns2:servicio><ns2:transaccion>43569</ns2:transaccion><ns2:usuario>msilvag</ns2:usuario></ns2:entradaConsultarDeuda>
2023-01-12 15:34:54.170  INFO otc-core2-399-7dswp --- [nio-8080-exec-4] c.b.o.p.OTCCoreProcessor                 : XSLT:./xslt/RMS_CMA_C_IN.xsl
2023-01-12 15:34:54.197  INFO otc-core2-399-7dswp --- [nio-8080-exec-4] c.b.o.u.XSLTransform                     : TRANSFORMED REQUEST: <ns2:entradaConsultarDeuda xmlns:ns2="http://www.bolivariano.com/mensaje/MensajeOTC"><ns2:canal>VEN</ns2:canal><ns2:depuracion/><ns2:fecha>2023-01-12T15:34:52</ns2:fecha><ns2:oficina>0</ns2:oficina><ns2:secuencial>132993498</ns2:secuencial><ns2:servicio><codTipoServicio>PAGO_ADUANA</codTipoServicio><codigoConvenio>1929</codigoConvenio><codigoEmpresa>20717</codigoEmpresa><codigoTipoBanca>BP</codigoTipoBanca><codigoTipoIdentificador>1</codigoTipoIdentificador><datosAdicionales><datoAdicional><codigo>e_srv</codigo><valor>SRVDESA2</valor></datoAdicional><datoAdicional><codigo>e_term</codigo><valor>VIRTUAL_BB</valor></datoAdicional><datoAdicional><codigo>e_rol</codigo><valor>252</valor></datoAdicional><datoAdicional><codigo>e_corr</codigo><valor>N</valor></datoAdicional><datoAdicional><codigo>e_ssn_corr</codigo><valor>0</valor></datoAdicional><datoAdicional><codigo>e_mon</codigo><valor>1</valor></datoAdicional><datoAdicional><codigo>e_servicio</codigo><valor>1929</valor></datoAdicional><datoAdicional><codigo>e_identificacion</codigo><valor>1</valor></datoAdicional><datoAdicional><codigo>e_autoriza</codigo><valor>N</valor></datoAdicional><datoAdicional><codigo>e_ubi</codigo><valor/></datoAdicional><datoAdicional><codigo>e_opcion</codigo><valor>C</valor></datoAdicional><datoAdicional><codigo>e_prov_req</codigo><valor>MS_REC_CMA_REQ</valor></datoAdicional><datoAdicional><codigo>e_prov_resp</codigo><valor>MS_REC_CMA_RESP</valor></datoAdicional></datosAdicionales><identificador>0993241539001</identificador></ns2:servicio><ns2:transaccion>43569</ns2:transaccion><ns2:usuario>msilvag</ns2:usuario></ns2:entradaConsultarDeuda>
2023-01-12 15:34:54.203  INFO otc-core2-399-7dswp --- [nio-8080-exec-4] c.b.o.p.OTCCoreProcessor                 : REQUEST OSB: <?xml version="1.0" encoding="UTF-8" standalone="yes"?><mensajeEntradaGateway xmlns="http://www.bolivariano.com/mensaje/MensajeOSB"><puntoFinal>Recaudaciones/Microservicio</puntoFinal><operacion>Consultar</operacion><identificadorCorrelacion>6df7e71c3e48</identificadorCorrelacion><mensaje><![CDATA[<ns2:entradaConsultarDeuda xmlns:ns2="http://www.bolivariano.com/mensaje/MensajeOTC"><ns2:canal>VEN</ns2:canal><ns2:depuracion/><ns2:fecha>2023-01-12T15:34:52</ns2:fecha><ns2:oficina>0</ns2:oficina><ns2:secuencial>132993498</ns2:secuencial><ns2:servicio><codTipoServicio>PAGO_ADUANA</codTipoServicio><codigoConvenio>1929</codigoConvenio><codigoEmpresa>20717</codigoEmpresa><codigoTipoBanca>BP</codigoTipoBanca><codigoTipoIdentificador>1</codigoTipoIdentificador><datosAdicionales><datoAdicional><codigo>e_srv</codigo><valor>SRVDESA2</valor></datoAdicional><datoAdicional><codigo>e_term</codigo><valor>VIRTUAL_BB</valor></datoAdicional><datoAdicional><codigo>e_rol</codigo><valor>252</valor></datoAdicional><datoAdicional><codigo>e_corr</codigo><valor>N</valor></datoAdicional><datoAdicional><codigo>e_ssn_corr</codigo><valor>0</valor></datoAdicional><datoAdicional><codigo>e_mon</codigo><valor>1</valor></datoAdicional><datoAdicional><codigo>e_servicio</codigo><valor>1929</valor></datoAdicional><datoAdicional><codigo>e_identificacion</codigo><valor>1</valor></datoAdicional><datoAdicional><codigo>e_autoriza</codigo><valor>N</valor></datoAdicional><datoAdicional><codigo>e_ubi</codigo><valor/></datoAdicional><datoAdicional><codigo>e_opcion</codigo><valor>C</valor></datoAdicional><datoAdicional><codigo>e_prov_req</codigo><valor>MS_REC_CMA_REQ</valor></datoAdicional><datoAdicional><codigo>e_prov_resp</codigo><valor>MS_REC_CMA_RESP</valor></datoAdicional></datosAdicionales><identificador>0993241539001</identificador></ns2:servicio><ns2:transaccion>43569</ns2:transaccion><ns2:usuario>msilvag</ns2:usuario></ns2:entradaConsultarDeuda>]]></mensaje></mensajeEntradaGateway>
2023-01-12 15:34:54.203  INFO otc-core2-399-7dswp --- [nio-8080-exec-4] c.b.o.p.OTCCoreProcessor                 : OPERACION OSB: Consultar
2023-01-12 15:34:54.203  INFO otc-core2-399-7dswp --- [nio-8080-exec-4] c.b.o.p.OTCCoreProcessor                 : PUNTO FINAL OSB: Recaudaciones/Microservicio
2023-01-12 15:34:54.203  INFO otc-core2-399-7dswp --- [nio-8080-exec-4] c.b.o.p.OTCCoreProcessor                 : Inicio envio a MQ
2023-01-12 15:34:54.203  INFO otc-core2-399-7dswp --- [nio-8080-exec-4] c.b.o.j.JmsProducer                      : JMS User ID: 6df7e71c3e48
2023-01-12 15:34:54.203  INFO otc-core2-399-7dswp --- [nio-8080-exec-4] c.b.o.j.JmsProducer                      : AMBIENTE: RMS
2023-01-12 15:34:55.757  INFO otc-core2-399-7dswp --- [nio-8080-exec-4] c.b.o.j.JmsProducer                      : requestQueue: MS_REC_CONSULTA_REQ
2023-01-12 15:34:55.757  INFO otc-core2-399-7dswp --- [nio-8080-exec-4] c.b.o.j.JmsProducer                      : responseQueue: MS_REC_CONSULTA_RESP
2023-01-12 15:34:55.757  INFO otc-core2-399-7dswp --- [nio-8080-exec-4] c.b.o.j.JmsProducer                      : Mensaje JMS enviado RMS: 
  JMSMessage class: jms_text
  JMSType:          null
  JMSDeliveryMode:  1
  JMSDeliveryDelay: 0
  JMSDeliveryTime:  0
  JMSExpiration:    50000
  JMSPriority:      4
  JMSMessageID:     6df7e71c3e48
  JMSTimestamp:     26808948921996
  JMSCorrelationID: 6df7e71c3e48
  JMSDestination:   queue:///MS_REC_CONSULTA_REQ
  JMSReplyTo:       queue:///MS_REC_CONSULTA_RESP
  JMSRedelivered:   false
    JMS_IBM_Character_Set: 1208
<?xml version="1.0" encoding="UTF-8" standalone="yes"?><mensajeEntradaGateway xmlns="http://www.boli ...
2023-01-12 15:34:56.122  INFO otc-core2-399-7dswp --- [nio-8080-exec-4] c.b.o.p.OTCCoreProcessor                 : Envio a MQ OK
2023-01-12 15:34:56.123  INFO otc-core2-399-7dswp --- [nio-8080-exec-4] c.b.o.p.OTCCoreProcessor                 : USER ID:6df7e71c3e48
2023-01-12 15:34:56.123  INFO otc-core2-399-7dswp --- [nio-8080-exec-4] c.b.o.p.OTCCoreProcessor                 : Inicio recepcion a MQ
2023-01-12 15:34:56.123  INFO otc-core2-399-7dswp --- [nio-8080-exec-4] c.b.o.j.JmsConsumer                      : JMSXUserID: 6df7e71c3e48
2023-01-12 15:34:56.123  INFO otc-core2-399-7dswp --- [nio-8080-exec-4] c.b.o.j.JmsConsumer                      : ambiente: RMS
2023-01-12 15:34:56.123  INFO otc-core2-399-7dswp --- [nio-8080-exec-4] c.b.o.j.JmsConsumer                      : destinationQueue: MS_REC_CONSULTA_RESP
2023-01-12 15:34:56.123  INFO otc-core2-399-7dswp --- [nio-8080-exec-4] c.b.o.j.JmsConsumer                      : Selector: JMSCorrelationID='6df7e71c3e48'
2023-01-12 15:34:56.123  INFO otc-core2-399-7dswp --- [nio-8080-exec-4] c.b.o.j.JmsConsumer                      : SOBRE ESCRIBRE TIMEOUT: 39000
2023-01-12 15:35:05.124  INFO otc-core2-399-7dswp --- [nio-8080-exec-4] c.b.o.j.JmsConsumer                      : Mensaje JMS recibido: 
  JMSMessage class: jms_bytes
  JMSType:          null

2023-01-12 15:35:05.124  INFO otc-core2-399-7dswp --- [nio-8080-exec-4] c.b.o.j.JmsConsumer                      : JMSCorrelationID: 6df7e71c3e48
2023-01-12 15:35:05.124  INFO otc-core2-399-7dswp --- [nio-8080-exec-4] c.b.o.p.OTCCoreProcessor                 : Recepcion a MQ OK
2023-01-12 15:35:05.124  INFO otc-core2-399-7dswp --- [nio-8080-exec-4] c.b.o.p.OTCCoreProcessor                 : MENSAJE JMS:<?xml version="1.0" encoding="UTF-8" standalone="yes"?><mensajeSalidaGateway xmlns="http://www.bolivariano.com/mensaje/MensajeOSB"><codigo>0</codigo><mensajeUsuario>transaccion exitosa</mensajeUsuario><mensaje><![CDATA[<?xml version="1.0" encoding="UTF-8" standalone="yes"?><ns2:salidaConsultarDeuda xmlns:ns2="http://www.bolivariano.com/mensaje/MensajeOTC"><ns2:codigoError>0</ns2:codigoError><ns2:datosAdicionales><ns2:datoAdicional><codigo>vp_s_fecha_contable</codigo></ns2:datoAdicional><ns2:datoAdicional><codigo>vp_s_ssn</codigo><valor>132993498</valor></ns2:datoAdicional><ns2:datoAdicional><codigo>vp_s_comision</codigo><valor>0</valor></ns2:datoAdicional><ns2:datoAdicional><codigo>vp_s_tasa</codigo></ns2:datoAdicional><ns2:datoAdicional><codigo>vp_s_base_imp</codigo></ns2:datoAdicional><ns2:datoAdicional><codigo>vp_s_impuesto</codigo></ns2:datoAdicional><ns2:datoAdicional><codigo>vp_s_empresa</codigo><valor>CMA-CGM ECUADOR S.A.</valor></ns2:datoAdicional><ns2:datoAdicional><codigo>vp_s_recaudacion</codigo><valor>LINEA   </valor></ns2:datoAdicional><ns2:datoAdicional><codigo>vp_s_referencia1</codigo></ns2:datoAdicional><ns2:datoAdicional><codigo>vp_s_referencia2</codigo></ns2:datoAdicional><ns2:datoAdicional><codigo>vp_s_referencia3</codigo></ns2:datoAdicional><ns2:datoAdicional><codigo>e_prov_req</codigo><valor>MS_REC_CMA_REQ</valor></ns2:datoAdicional><ns2:datoAdicional><codigo>e_prov_resp</codigo><valor>MS_REC_CMA_RESP</valor></ns2:datoAdicional><ns2:datoAdicional><codigo>codigoConvenio</codigo><valor>1929</valor></ns2:datoAdicional></ns2:datosAdicionales><ns2:identificadorDeuda>0993241539001</ns2:identificadorDeuda><ns2:mensajeUsuario>transaccion exitosa</ns2:mensajeUsuario><ns2:montoTotal>155.0</ns2:montoTotal><ns2:nombreCliente>STR</ns2:nombreCliente></ns2:salidaConsultarDeuda>]]></mensaje></mensajeSalidaGateway>
2023-01-12 15:35:05.133  INFO otc-core2-399-7dswp --- [nio-8080-exec-4] c.b.o.p.OTCCoreProcessor                 : RESPUESTA OSB: <?xml version="1.0" encoding="UTF-8" standalone="yes"?><ns2:salidaConsultarDeuda xmlns:ns2="http://www.bolivariano.com/mensaje/MensajeOTC"><ns2:codigoError>0</ns2:codigoError><ns2:datosAdicionales><ns2:datoAdicional><codigo>vp_s_fecha_contable</codigo></ns2:datoAdicional><ns2:datoAdicional><codigo>vp_s_ssn</codigo><valor>132993498</valor></ns2:datoAdicional><ns2:datoAdicional><codigo>vp_s_comision</codigo><valor>0</valor></ns2:datoAdicional><ns2:datoAdicional><codigo>vp_s_tasa</codigo></ns2:datoAdicional><ns2:datoAdicional><codigo>vp_s_base_imp</codigo></ns2:datoAdicional><ns2:datoAdicional><codigo>vp_s_impuesto</codigo></ns2:datoAdicional><ns2:datoAdicional><codigo>vp_s_empresa</codigo><valor>CMA-CGM ECUADOR S.A.</valor></ns2:datoAdicional><ns2:datoAdicional><codigo>vp_s_recaudacion</codigo><valor>LINEA   </valor></ns2:datoAdicional><ns2:datoAdicional><codigo>vp_s_referencia1</codigo></ns2:datoAdicional><ns2:datoAdicional><codigo>vp_s_referencia2</codigo></ns2:datoAdicional><ns2:datoAdicional><codigo>vp_s_referencia3</codigo></ns2:datoAdicional><ns2:datoAdicional><codigo>e_prov_req</codigo><valor>MS_REC_CMA_REQ</valor></ns2:datoAdicional><ns2:datoAdicional><codigo>e_prov_resp</codigo><valor>MS_REC_CMA_RESP</valor></ns2:datoAdicional><ns2:datoAdicional><codigo>codigoConvenio</codigo><valor>1929</valor></ns2:datoAdicional></ns2:datosAdicionales><ns2:identificadorDeuda>0993241539001</ns2:identificadorDeuda><ns2:mensajeUsuario>transaccion exitosa</ns2:mensajeUsuario><ns2:montoTotal>155.0</ns2:montoTotal><ns2:nombreCliente>STR</ns2:nombreCliente></ns2:salidaConsultarDeuda>
2023-01-12 15:35:05.133  INFO otc-core2-399-7dswp --- [nio-8080-exec-4] c.b.o.p.OTCCoreProcessor                 : Transformacion XSLT de respuesta:./xslt/RMS_CMA_C_OUT.xsl
2023-01-12 15:35:05.168  INFO otc-core2-399-7dswp --- [nio-8080-exec-4] c.b.o.u.XSLTransform                     : TRANSFORMED REQUEST: <ns15:salidaConsultarDeuda xmlns:ns15="http://www.bolivariano.com/mensaje/MensajeOTC"><ns15:codigoError>0</ns15:codigoError><ns15:mensajeUsuario>Mensaje Procesado</ns15:mensajeUsuario><ns15:formaPago>TOTAL</ns15:formaPago><ns15:formaPagoRecibos>UNICO_CRONOLOGICO</ns15:formaPagoRecibos><ns15:mensajeSistema/><ns15:montoTotal>155.0</ns15:montoTotal><ns15:nombreCliente>STR</ns15:nombreCliente>.
<ns15:identificadorDeuda>0993241539001</ns15:identificadorDeuda></ns15:salidaConsultarDeuda>
2023-01-12 15:35:05.168  INFO otc-core2-399-7dswp --- [nio-8080-exec-4] c.b.o.p.OTCCoreProcessor                 : Transformacion XSLT de respuesta OK
2023-01-12 15:35:05.168  INFO otc-core2-399-7dswp --- [nio-8080-exec-4] c.b.o.p.OTCCoreProcessor                 : RESPUESTA XML: <ns15:salidaConsultarDeuda xmlns:ns15="http://www.bolivariano.com/mensaje/MensajeOTC"><ns15:codigoError>0</ns15:codigoError><ns15:mensajeUsuario>Mensaje Procesado</ns15:mensajeUsuario><ns15:formaPago>TOTAL</ns15:formaPago><ns15:formaPagoRecibos>UNICO_CRONOLOGICO</ns15:formaPagoRecibos><ns15:mensajeSistema/><ns15:montoTotal>155.0</ns15:montoTotal><ns15:nombreCliente>STR</ns15:nombreCliente>.
<ns15:identificadorDeuda>0993241539001</ns15:identificadorDeuda></ns15:salidaConsultarDeuda>
2023-01-12 15:35:05.168  INFO otc-core2-399-7dswp --- [nio-8080-exec-4] c.b.o.p.OTCCoreProcessor                 : RESPUESTA_FINAL: <ns15:salidaConsultarDeuda xmlns:ns15="http://www.bolivariano.com/mensaje/MensajeOTC"><ns15:codigoError>0</ns15:codigoError><ns15:mensajeUsuario>Mensaje Procesado</ns15:mensajeUsuario><ns15:formaPago>TOTAL</ns15:formaPago><ns15:formaPagoRecibos>UNICO_CRONOLOGICO</ns15:formaPagoRecibos><ns15:mensajeSistema/><ns15:montoTotal>155.0</ns15:montoTotal><ns15:nombreCliente>STR</ns15:nombreCliente>.
<ns15:identificadorDeuda>0993241539001</ns15:identificadorDeuda></ns15:salidaConsultarDeuda>
