REQUEST OTC:
<?xml version="1.0" encoding="UTF-8" standalone="yes"?>
<ns2:entradaConsultarDeuda xmlns:ns2="http://www.bolivariano.com/mensaje/MensajeOTC">
    <ns2:canal>IBK</ns2:canal>
    <ns2:depuracion>N</ns2:depuracion>
    <ns2:fecha>2022-06-10T08:56:11.000Z</ns2:fecha>
    <ns2:oficina>0</ns2:oficina>
    <ns2:secuencial>8136633</ns2:secuencial>
    <ns2:servicio>
        <codTipoServicio>TELEFONIA_CELULAR</codTipoServicio>
        <codigoConvenio>40</codigoConvenio>
        <codigoEmpresa>8458</codigoEmpresa>
        <codigoTipoBanca>BP</codigoTipoBanca>
        <codigoTipoIdentificador>01</codigoTipoIdentificador>
        <datosAdicionales>
            <datoAdicional>
                <codigo>s_ssn</codigo>
                <valor>57391663</valor>
            </datoAdicional>
            <datoAdicional>
                <codigo>s_user</codigo>
                <valor>ope998</valor>
            </datoAdicional>
            <datoAdicional>
                <codigo>s_sesn</codigo>
                <valor>0</valor>
            </datoAdicional>
            <datoAdicional>
                <codigo>s_term</codigo>
                <valor>term24</valor>
            </datoAdicional>
            <datoAdicional>
                <codigo>s_ofi</codigo>
                <valor>0</valor>
            </datoAdicional>
            <datoAdicional>
                <codigo>s_rol</codigo>
                <valor>5</valor>
            </datoAdicional>
            <datoAdicional>
                <codigo>s_date</codigo>
                <valor>2022-06-10T00:00:00.000-05:00</valor>
            </datoAdicional>
            <datoAdicional>
                <codigo>s_srv</codigo>
                <valor>BOLIVSRV</valor>
            </datoAdicional>
            <datoAdicional>
                <codigo>s_lsrv</codigo>
                <valor>BOLIVSRV</valor>
            </datoAdicional>
            <datoAdicional>
                <codigo>s_org_err</codigo>
                <valor></valor>
            </datoAdicional>
            <datoAdicional>
                <codigo>s_org</codigo>
                <valor>U</valor>
            </datoAdicional>
            <datoAdicional>
                <codigo>s_error</codigo>
                <valor></valor>
            </datoAdicional>
            <datoAdicional>
                <codigo>s_sev</codigo>
                <valor>0</valor>
            </datoAdicional>
            <datoAdicional>
                <codigo>s_msg</codigo>
                <valor></valor>
            </datoAdicional>
            <datoAdicional>
                <codigo>t_debug</codigo>
                <valor></valor>
            </datoAdicional>
            <datoAdicional>
                <codigo>t_file</codigo>
                <valor></valor>
            </datoAdicional>
            <datoAdicional>
                <codigo>t_from</codigo>
                <valor></valor>
            </datoAdicional>
            <datoAdicional>
                <codigo>t_trn</codigo>
                <valor></valor>
            </datoAdicional>
            <datoAdicional>
                <codigo>o_msj_error</codigo>
                <valor></valor>
            </datoAdicional>
        </datosAdicionales>
        <identificador>0926317496</identificador>
    </ns2:servicio>
    <ns2:transaccion>2057</ns2:transaccion>
    <ns2:usuario>000.prueba</ns2:usuario>
</ns2:entradaConsultarDeuda>

XSLT:./xslt/CLAROCP_C_IN.xsl

TRANSFORMED REQUEST: <clr:consultarMontosRecargas xmlns:clr="http://www.claro.com.ec/servicios/ServicioCodigosClaro/"><canal>IBK</canal></clr:consultarMontosRecargas>

REQUEST OSB: 
<?xml version="1.0" encoding="UTF-8" standalone="yes"?>
<mensajeEntradaGateway xmlns="http://www.bolivariano.com/mensaje/MensajeOSB">
    <puntoFinal>OTCRouter/DatosRecargas/proxy/obtenerValoresClaroPaquete</puntoFinal>
    <operacion>consultarMontosRecargas</operacion>
    <identificadorCorrelacion>157118047089</identificadorCorrelacion>
    <mensaje>
        <![CDATA[<clr:consultarMontosRecargas xmlns:clr="http://www.claro.com.ec/servicios/ServicioCodigosClaro/"><canal>IBK</canal></clr:consultarMontosRecargas>]]>
    </mensaje>
</mensajeEntradaGateway>
OPERACION OSB: consultarMontosRecargas
PUNTO FINAL OSB: OTCRouter/DatosRecargas/proxy/obtenerValoresClaroPaquete
