1477978201	0	3295	SRI	Feb 6 2024 12:00AM		jcabrers	TROSUP125	244	N	0		L	SRVCOBIS5	GSV9073		0		 	1	60			0	0702698143			 				L		1		N				Feb 6 2024 12:00AM	 	9718		20.00		0.00				0			0.00							1477978201	 		 						0.00	0.00	0.00						C				VEN			 	0.00	0.57		 	 		Feb 6 2024  8:44AM		1477978201				 		2,000.00	1,599.00	600
1477978201	0	3366	C	Feb 6 2024 12:00AM		jcabrers	TROSUP125	244	N	0		L	SRVCOBIS5	 				 	1	60							 				L		1		N					 	3		0.00		0.00																							0.00	0.57											VEN										Feb 6 2024  8:44AM		1477978201								600
1477978201	0	3497	N	Feb 6 2024 12:00AM		jcabrers	TROSUP125		N	0	N	D						GSV9073	1	60					S								1								3		0.06		0.57																				0				0.51	0.00										VEN										Feb 6 2024  8:44AM	60									600
1478234063	0	3295	SRI	Feb 6 2024 12:00AM		jlandirc	OUTCAJ103	244	N	0		L	SRVCOBIS3	VAA1352		0		 	1	98			0	1104837818			 				L		1		N				Feb 6 2024 12:00AM	 	9718		226.64		0.00				0			0.00							1478234063	 		 						0.00	0.00	0.00						C				VEN			 	0.00	0.57		 	 		Feb 6 2024 10:16AM		1478234063				 		15,000.00	11,332.00	600
1478234063	0	3366	C	Feb 6 2024 12:00AM		jlandirc	OUTCAJ103	244	N	0		L	SRVCOBIS3	 				 	1	98							 				L		1		N					 	3		0.00		0.00																							0.00	0.57											VEN										Feb 6 2024 10:16AM		1478234063								600
1478234063	0	3497	N	Feb 6 2024 12:00AM		jlandirc	OUTCAJ103		N	0	N	D						VAA1352	1	98					S								1								3		0.06		0.57																				0				0.51	0.00										VEN										Feb 6 2024 10:16AM	98									600
1478315043	0	3295	SRI	Feb 6 2024 12:00AM		smerchav	AZOCAS101	252	N	0		L	SRVCOBIS5	JK823E		0		 	1	42			0	0302510995			 				L		1		N				Feb 6 2024 12:00AM	 	9718		18.00		0.00				0			0.00							1478315043	 		 						0.00	0.00	0.00						C				VEN			 	0.00	0.57		 	 		Feb 6 2024 10:43AM		1478315043				 		1,800.00	678.20	103
1478315043	0	3366	C	Feb 6 2024 12:00AM		smerchav	AZOCAS101	252	N	0		L	SRVCOBIS5	 				 	1	42							 				L		1		N					 	3		0.00		0.00																							0.00	0.57											VEN										Feb 6 2024 10:43AM		1478315043								103
1478315043	0	3497	N	Feb 6 2024 12:00AM		smerchav	AZOCAS101		N	0	N	D						JK823E	1	42					S								1								3		0.06		0.57																				0				0.51	0.00										VEN										Feb 6 2024 10:43AM	42									103
1478429378	0	3295	SRI	Feb 6 2024 12:00AM		dcadenat	BFECAJ103	252	N	0		L	SRVCOBIS6	PBC9183		0		 	1	23			0	0942328964			 				L		1		N				Feb 6 2024 12:00AM	 	9718		20.00		0.00				0			0.00							1478429378	 		 						0.00	0.00	0.00						C				VEN			 	0.00	0.57		 	 		Feb 6 2024 11:22AM		1478429378				 		2,000.00	1,357.00	103
1478429378	0	3366	C	Feb 6 2024 12:00AM		dcadenat	BFECAJ103	252	N	0		L	SRVCOBIS6	 				 	1	23							 				L		1		N					 	3		0.00		0.00																							0.00	0.57											VEN										Feb 6 2024 11:22AM		1478429378								103
1478429378	0	3497	N	Feb 6 2024 12:00AM		dcadenat	BFECAJ103		N	0	N	D						PBC9183	1	23					S								1								3		0.06		0.57																				0				0.51	0.00										VEN										Feb 6 2024 11:22AM	23									103
1478439225	0	3295	SRI	Feb 6 2024 12:00AM		jlandirc	OUTCAJ103	244	N	0		L	SRVCOBIS3	PZG0853		0		 	1	98			0	0915611115			 				L		1		N				Feb 6 2024 12:00AM	 	9718		74.84		0.00				0			0.00							1478439225	 		 						0.00	0.00	0.00						C				VEN			 	0.00	0.57		 	 		Feb 6 2024 11:26AM		1478439225				 		7,484.14	7,484.14	600
1478439225	0	3366	C	Feb 6 2024 12:00AM		jlandirc	OUTCAJ103	244	N	0		L	SRVCOBIS3	 				 	1	98							 				L		1		N					 	3		0.00		0.00																							0.00	0.57											VEN										Feb 6 2024 11:26AM		1478439225								600
1478439225	0	3497	N	Feb 6 2024 12:00AM		jlandirc	OUTCAJ103		N	0	N	D						PZG0853	1	98					S								1								3		0.06		0.57																				0				0.51	0.00										VEN										Feb 6 2024 11:26AM	98									600
1478496715	0	3295	SRI	Feb 6 2024 12:00AM		mgudinog	MSOCAJ110	244	N	0		L	SRVCOBIS4	GTD3041		0		 	1	174			0	1206093773			 				L		1		N				Feb 6 2024 12:00AM	 	9718		140.00		0.00				0			0.00							1478496715	 		 						0.00	0.00	0.00						C				VEN			 	0.00	0.57		 	 		Feb 6 2024 11:47AM		1478496715				 		14,000.00	3,998.00	600
1478496715	0	3366	C	Feb 6 2024 12:00AM		mgudinog	MSOCAJ110	244	N	0		L	SRVCOBIS4	 				 	1	174							 				L		1		N					 	3		0.00		0.00																							0.00	0.57											VEN										Feb 6 2024 11:47AM		1478496715								600
1478496715	0	3497	N	Feb 6 2024 12:00AM		mgudinog	MSOCAJ110		N	0	N	D						GTD3041	1	174					S								1								3		0.06		0.57																				0				0.51	0.00										VEN										Feb 6 2024 11:47AM	174									600
1478498502	0	3295	SRI	Feb 6 2024 12:00AM		mgudinog	MSOCAJ110	244	N	0		L	SRVCOBIS4	GTH8208		0		 	1	174			0	1312270679			 				L		1		N				Feb 6 2024 12:00AM	 	9718		161.00		0.00				0			0.00							1478498502	 		 						0.00	0.00	0.00						C				VEN			 	0.00	0.57		 	 		Feb 6 2024 11:47AM		1478498502				 		16,100.00	13,194.00	600
1478498502	0	3366	C	Feb 6 2024 12:00AM		mgudinog	MSOCAJ110	244	N	0		L	SRVCOBIS4	 				 	1	174							 				L		1		N					 	3		0.00		0.00																							0.00	0.57											VEN										Feb 6 2024 11:47AM		1478498502								600
1478498502	0	3497	N	Feb 6 2024 12:00AM		mgudinog	MSOCAJ110		N	0	N	D						GTH8208	1	174					S								1								3		0.06		0.57																				0				0.51	0.00										VEN										Feb 6 2024 11:47AM	174									600
1478508075	0	3295	SRI	Feb 6 2024 12:00AM		glopezl	OUTCAJ104	252	N	0		L	SRVCOBIS4	VAA1352		0		 	1	98			0	0993386142001			 				L		1		N				Feb 6 2024 12:00AM	 	9718		113.32		0.00				0			0.00							1478508075	 		 						0.00	0.00	0.00						C				VEN			 	0.00	0.57		 	 		Feb 6 2024 11:51AM		1478508075				 		1,000.00	11,332.00	600
1478508075	0	3366	C	Feb 6 2024 12:00AM		glopezl	OUTCAJ104	252	N	0		L	SRVCOBIS4	 				 	1	98							 				L		1		N					 	3		0.00		0.00																							0.00	0.57											VEN										Feb 6 2024 11:51AM		1478508075								600
1478508075	0	3497	N	Feb 6 2024 12:00AM		glopezl	OUTCAJ104		N	0	N	D						VAA1352	1	98					S								1								3		0.06		0.57																				0				0.51	0.00										VEN										Feb 6 2024 11:51AM	98									600
1478510430	0	3295	SRI	Feb 6 2024 12:00AM		mmonserb	MSOCAJ105	244	N	0		L	SRVCOBIS4	ABG6700		0		 	1	174			0	0201606191			 				L		1		N				Feb 6 2024 12:00AM	 	9718		122.00		0.00				0			0.00							1478510430	 		 						0.00	0.00	0.00						C				VEN			 	0.00	0.57		 	 		Feb 6 2024 11:51AM		1478510430				 		12,200.00	1,499.00	501
1478510430	0	3366	C	Feb 6 2024 12:00AM		mmonserb	MSOCAJ105	244	N	0		L	SRVCOBIS4	 				 	1	174							 				L		1		N					 	3		0.00		0.00																							0.00	0.57											VEN										Feb 6 2024 11:51AM		1478510430								501
1478510430	0	3497	N	Feb 6 2024 12:00AM		mmonserb	MSOCAJ105		N	0	N	D						ABG6700	1	174					S								1								3		0.06		0.57																				0				0.51	0.00										VEN										Feb 6 2024 11:51AM	174									501
1478670775	0	3497	N	Feb 6 2024 12:00AM		mpachecp	EMCSUP100		N	0	N	D						GCB2479	1	178					S								1								3		0.06		0.57																				0				0.51	0.00										VEN										Feb 6 2024 12:57PM	178									600
1478670775	0	3295	SRI	Feb 6 2024 12:00AM		mpachecp	EMCSUP100	244	N	0		L	SRVCOBIS4	GCB2479		0		 	1	178			0	0919834697			 				L		1		N				Feb 6 2024 12:00AM	 	9718		210.00		0.00				0			0.00							1478670775	 		 						0.00	0.00	0.00						C				VEN			 	0.00	0.57		 	 		Feb 6 2024 12:57PM		1478670775				 		21,000.00	3,999.00	600
1478670775	0	3366	C	Feb 6 2024 12:00AM		mpachecp	EMCSUP100	244	N	0		L	SRVCOBIS4	 				 	1	178							 				L		1		N					 	3		0.00		0.00																							0.00	0.57											VEN										Feb 6 2024 12:57PM		1478670775								600
1478690583	0	3295	SRI	Feb 6 2024 12:00AM		ellereng	ALBCAJ106	244	N	0		L	SRVCOBIS5	PDT5993		0		 	1	2			0	0909869471			 				L		1		N				Feb 6 2024 12:00AM	 	9718		440.00		0.00				0			0.00							1478690583	 		 						0.00	0.00	0.00						C				VEN			 	0.00	0.57		 	 		Feb 6 2024  1:05PM		1478690583				 		15,000.00	44,000.00	500
1478690583	0	3366	C	Feb 6 2024 12:00AM		ellereng	ALBCAJ106	244	N	0		L	SRVCOBIS5	 				 	1	2							 				L		1		N					 	3		0.00		0.00																							0.00	0.57											VEN										Feb 6 2024  1:05PM		1478690583								500
1478690583	0	3497	N	Feb 6 2024 12:00AM		ellereng	ALBCAJ106		N	0	N	D						PDT5993	1	2					S								1								3		0.06		0.57																				0				0.51	0.00										VEN										Feb 6 2024  1:05PM	2									500
1478714391	0	3295	SRI	Feb 6 2024 12:00AM		jmmorenc	HMQSUP101	244	N	0		L	SRVCOBIS3	MAM0770		0		 	1	20			0	0941373839			 				L		1		N				Feb 6 2024 12:00AM	 	9718		24.00		0.00				0			0.00							1478714391	 		 						0.00	0.00	0.00						C				VEN			 	0.00	0.57		 	 		Feb 6 2024  1:14PM		1478714391				 		1,000.00	1,200.00	3
1478714391	0	3366	C	Feb 6 2024 12:00AM		jmmorenc	HMQSUP101	244	N	0		L	SRVCOBIS3	 				 	1	20							 				L		1		N					 	3		0.00		0.00																							0.00	0.57											VEN										Feb 6 2024  1:14PM		1478714391								3
1478714391	0	3497	N	Feb 6 2024 12:00AM		jmmorenc	HMQSUP101		N	0	N	D						MAM0770	1	20					S								1								3		0.06		0.57																				0				0.51	0.00										VEN										Feb 6 2024  1:14PM	20									3
1478714644	0	3295	SRI	Feb 6 2024 12:00AM		aalmeidr	MSOCAJ102	252	N	0		L	SRVCOBIS4	GCB1253		0		 	1	174			0	0910860196			 				L		1		N				Feb 6 2024 12:00AM	 	9718		100.00		0.00				0			0.00							1478714644	 		 						0.00	0.00	0.00						C				VEN			 	0.00	0.57		 	 		Feb 6 2024  1:15PM		1478714644				 		10,000.00	3,999.00	103
1478714644	0	3366	C	Feb 6 2024 12:00AM		aalmeidr	MSOCAJ102	252	N	0		L	SRVCOBIS4	 				 	1	174							 				L		1		N					 	3		0.00		0.00																							0.00	0.57											VEN										Feb 6 2024  1:15PM		1478714644								103
1478714644	0	3497	N	Feb 6 2024 12:00AM		aalmeidr	MSOCAJ102		N	0	N	D						GCB1253	1	174					S								1								3		0.06		0.57																				0				0.51	0.00										VEN										Feb 6 2024  1:15PM	174									103
