Starting the Java application using /opt/jboss/container/java/run/run-java.sh ...
INFO exec  java -Xms64m -Xmx1024m -XX:+UseParallelGC -XX:MinHeapFreeRatio=10 -XX:MaxHeapFreeRatio=20 -XX:GCTimeRatio=4 -XX:AdaptiveSizePolicyWeight=90 -XX:MaxMetaspaceSize=256m -XX:ParallelGCThreads=1 -Djava.util.concurrent.ForkJoinPool.common.parallelism=1 -XX:CICompilerCount=2 -XX:+ExitOnOutOfMemoryError -Dfile.encoding=ISO-8859-1 -cp "." -jar /deployments/quarkus-run.jar  
__  ____  __  _____   ___  __ ____  ______ 
 --/ __ \/ / / / _ | / _ \/ //_/ / / / __/ 
 -/ /_/ / /_/ / __ |/ , _/ ,< / /_/ /\ \   
--\___\_\____/_/ |_/_/|_/_/|_|\____/___/   
2023-01-12 15:03:29.502  WARN rec-consulta-273-qck7p --- [       Thread-1] i.q.n.r.NettyRecorder                    : Netty DefaultChannelId initialization (with io.netty.machineId system property set to bb:5b:f4:60:65:17:9d:96) took more than a second
2023-01-12 15:34:23.501  INFO rec-consulta-273-qck7p --- [vert.x-eventloo] c.b.m.r.m.MessageSender                  : TEXT--> <?xml version="1.0" encoding="UTF-8" standalone="yes"?><mensajeSalidaGateway xmlns="http://www.bolivariano.com/mensaje/MensajeOSB"><codigo>RECMS_CONO001</codigo><mensajeUsuario>Error al procesar mensaje de entrada: java.lang.IllegalArgumentException: argument "content" is null</mensajeUsuario></mensajeSalidaGateway>
2023-01-12 15:34:23.501  INFO rec-consulta-273-qck7p --- [vert.x-eventloo] c.b.m.r.m.MessageSender                  : JMSX_USERID --> 34433d308186
2023-01-12 15:34:23.501  INFO rec-consulta-273-qck7p --- [vert.x-eventloo] c.b.m.r.m.MessageSender                  : destination --> queue:///MS_REC_CONSULTA_RESP
2023-01-12 15:34:24.143  INFO rec-consulta-273-qck7p --- [vert.x-eventloo] c.b.m.r.s.CheckService                   : 34433d308186 132993487 ***TIEMPO TOTAL CONSULTA: 27237 *** TIEMPO TOTAL BANCO: 992 ***  TIEMPO TOTAL PROVEEDOR: 26137 
2023-01-12 15:34:55.955  INFO rec-consulta-273-qck7p --- [pool-7-thread-2] c.b.m.r.m.MessageListener                : JMS --> 
  JMSMessage class: jms_text
  JMSType:          null
  JMSDeliveryMode:  2
    dtdTraceTagInfo: FW4;-111051406;3;1025794514;9;0;124422835;1386;a855;2h02;3h9c517456;4h0314;5h01;6h95485003eb4ce13889080676f439ceaf;7h41c42680cc29c663
<?xml version="1.0" encoding="UTF-8" standalone="yes"?><mensajeEntradaGateway xmlns="http://www.boli ...
2023-01-12 15:34:55.956  INFO rec-consulta-273-qck7p --- [pool-7-thread-2] c.b.m.r.m.MessageListener                : 6df7e71c3e48 Mensaje recibido: <?xml version="1.0" encoding="UTF-8" standalone="yes"?><mensajeEntradaGateway xmlns="http://www.bolivariano.com/mensaje/MensajeOSB"><puntoFinal>Recaudaciones/Microservicio</puntoFinal><operacion>Consultar</operacion><identificadorCorrelacion>6df7e71c3e48</identificadorCorrelacion><mensaje><![CDATA[<ns2:entradaConsultarDeuda xmlns:ns2="http://www.bolivariano.com/mensaje/MensajeOTC"><ns2:canal>VEN</ns2:canal><ns2:depuracion/><ns2:fecha>2023-01-12T15:34:52</ns2:fecha><ns2:oficina>0</ns2:oficina><ns2:secuencial>132993498</ns2:secuencial><ns2:servicio><codTipoServicio>PAGO_ADUANA</codTipoServicio><codigoConvenio>1929</codigoConvenio><codigoEmpresa>20717</codigoEmpresa><codigoTipoBanca>BP</codigoTipoBanca><codigoTipoIdentificador>1</codigoTipoIdentificador><datosAdicionales><datoAdicional><codigo>e_srv</codigo><valor>SRVDESA2</valor></datoAdicional><datoAdicional><codigo>e_term</codigo><valor>VIRTUAL_BB</valor></datoAdicional><datoAdicional><codigo>e_rol</codigo><valor>252</valor></datoAdicional><datoAdicional><codigo>e_corr</codigo><valor>N</valor></datoAdicional><datoAdicional><codigo>e_ssn_corr</codigo><valor>0</valor></datoAdicional><datoAdicional><codigo>e_mon</codigo><valor>1</valor></datoAdicional><datoAdicional><codigo>e_servicio</codigo><valor>1929</valor></datoAdicional><datoAdicional><codigo>e_identificacion</codigo><valor>1</valor></datoAdicional><datoAdicional><codigo>e_autoriza</codigo><valor>N</valor></datoAdicional><datoAdicional><codigo>e_ubi</codigo><valor/></datoAdicional><datoAdicional><codigo>e_opcion</codigo><valor>C</valor></datoAdicional><datoAdicional><codigo>e_prov_req</codigo><valor>MS_REC_CMA_REQ</valor></datoAdicional><datoAdicional><codigo>e_prov_resp</codigo><valor>MS_REC_CMA_RESP</valor></datoAdicional></datosAdicionales><identificador>0993241539001</identificador></ns2:servicio><ns2:transaccion>43569</ns2:transaccion><ns2:usuario>msilvag</ns2:usuario></ns2:entradaConsultarDeuda>]]></mensaje></mensajeEntradaGateway> 
2023-01-12 15:34:55.956  INFO rec-consulta-273-qck7p --- [vert.x-eventloo] c.b.m.r.s.CheckService                   : Inicio consulta 6df7e71c3e48
2023-01-12 15:34:55.960  INFO rec-consulta-273-qck7p --- [vert.x-eventloo] c.b.m.r.s.CheckService                   : MENSAJE DE ENTRADA GATEWAY: javax.xml.transform.stream.StreamSource@2a6fcf13
2023-01-12 15:34:55.969  INFO rec-consulta-273-qck7p --- [vert.x-eventloo] c.b.m.r.s.CheckService                   : MENSAJE DE ENTRADA CONSULTA: <ns2:entradaConsultarDeuda xmlns:ns2="http://www.bolivariano.com/mensaje/MensajeOTC"><ns2:canal>VEN</ns2:canal><ns2:depuracion/><ns2:fecha>2023-01-12T15:34:52</ns2:fecha><ns2:oficina>0</ns2:oficina><ns2:secuencial>132993498</ns2:secuencial><ns2:servicio><codTipoServicio>PAGO_ADUANA</codTipoServicio><codigoConvenio>1929</codigoConvenio><codigoEmpresa>20717</codigoEmpresa><codigoTipoBanca>BP</codigoTipoBanca><codigoTipoIdentificador>1</codigoTipoIdentificador><datosAdicionales><datoAdicional><codigo>e_srv</codigo><valor>SRVDESA2</valor></datoAdicional><datoAdicional><codigo>e_term</codigo><valor>VIRTUAL_BB</valor></datoAdicional><datoAdicional><codigo>e_rol</codigo><valor>252</valor></datoAdicional><datoAdicional><codigo>e_corr</codigo><valor>N</valor></datoAdicional><datoAdicional><codigo>e_ssn_corr</codigo><valor>0</valor></datoAdicional><datoAdicional><codigo>e_mon</codigo><valor>1</valor></datoAdicional><datoAdicional><codigo>e_servicio</codigo><valor>1929</valor></datoAdicional><datoAdicional><codigo>e_identificacion</codigo><valor>1</valor></datoAdicional><datoAdicional><codigo>e_autoriza</codigo><valor>N</valor></datoAdicional><datoAdicional><codigo>e_ubi</codigo><valor/></datoAdicional><datoAdicional><codigo>e_opcion</codigo><valor>C</valor></datoAdicional><datoAdicional><codigo>e_prov_req</codigo><valor>MS_REC_CMA_REQ</valor></datoAdicional><datoAdicional><codigo>e_prov_resp</codigo><valor>MS_REC_CMA_RESP</valor></datoAdicional></datosAdicionales><identificador>0993241539001</identificador></ns2:servicio><ns2:transaccion>43569</ns2:transaccion><ns2:usuario>msilvag</ns2:usuario></ns2:entradaConsultarDeuda>
2023-01-12 15:34:56.004  INFO rec-consulta-273-qck7p --- [vert.x-eventloo] c.b.m.r.s.CheckService                   : MENSAJE MENSAJE ENTRADA CONSULTAR DEUDA XML --> <ns2:entradaConsultarDeuda xmlns:ns2="http://www.bolivariano.com/mensaje/MensajeOTC"><ns2:canal>VEN</ns2:canal><ns2:depuracion/><ns2:fecha>2023-01-12T15:34:52</ns2:fecha><ns2:oficina>0</ns2:oficina><ns2:secuencial>132993498</ns2:secuencial><ns2:servicio><codTipoServicio>PAGO_ADUANA</codTipoServicio><codigoConvenio>1929</codigoConvenio><codigoEmpresa>20717</codigoEmpresa><codigoTipoBanca>BP</codigoTipoBanca><codigoTipoIdentificador>1</codigoTipoIdentificador><datosAdicionales><datoAdicional><codigo>e_srv</codigo><valor>SRVDESA2</valor></datoAdicional><datoAdicional><codigo>e_term</codigo><valor>VIRTUAL_BB</valor></datoAdicional><datoAdicional><codigo>e_rol</codigo><valor>252</valor></datoAdicional><datoAdicional><codigo>e_corr</codigo><valor>N</valor></datoAdicional><datoAdicional><codigo>e_ssn_corr</codigo><valor>0</valor></datoAdicional><datoAdicional><codigo>e_mon</codigo><valor>1</valor></datoAdicional><datoAdicional><codigo>e_servicio</codigo><valor>1929</valor></datoAdicional><datoAdicional><codigo>e_identificacion</codigo><valor>1</valor></datoAdicional><datoAdicional><codigo>e_autoriza</codigo><valor>N</valor></datoAdicional><datoAdicional><codigo>e_ubi</codigo><valor/></datoAdicional><datoAdicional><codigo>e_opcion</codigo><valor>C</valor></datoAdicional><datoAdicional><codigo>e_prov_req</codigo><valor>MS_REC_CMA_REQ</valor></datoAdicional><datoAdicional><codigo>e_prov_resp</codigo><valor>MS_REC_CMA_RESP</valor></datoAdicional></datosAdicionales><identificador>0993241539001</identificador></ns2:servicio><ns2:transaccion>43569</ns2:transaccion><ns2:usuario>msilvag</ns2:usuario></ns2:entradaConsultarDeuda>
2023-01-12 15:34:56.004  INFO rec-consulta-273-qck7p --- [vert.x-eventloo] c.b.m.r.s.CheckService                   : Codigo Convenio: 1929
2023-01-12 15:34:56.005  INFO rec-consulta-273-qck7p --- [vert.x-eventloo] c.b.m.r.s.CheckService                   : Ejecuta Core
2023-01-12 15:34:56.005  INFO rec-consulta-273-qck7p --- [vert.x-eventloo] c.b.m.r.d.CheckCoreDao                   : cob_pagos..pa_pg_pval_reca_varios Input Parameters
2023-01-12 15:34:56.008  INFO rec-consulta-273-qck7p --- [vert.x-eventloo] c.b.m.r.d.CheckCoreDao                   : @e_ssn=132993498
2023-01-12 15:34:56.008  INFO rec-consulta-273-qck7p --- [vert.x-eventloo] c.b.m.r.d.CheckCoreDao                   : @e_srv=SRVDESA2
2023-01-12 15:34:56.008  INFO rec-consulta-273-qck7p --- [vert.x-eventloo] c.b.m.r.d.CheckCoreDao                   : @e_user=msilvag
2023-01-12 15:34:56.008  INFO rec-consulta-273-qck7p --- [vert.x-eventloo] c.b.m.r.d.CheckCoreDao                   : @e_term=VIRTUAL_BB
2023-01-12 15:34:56.008  INFO rec-consulta-273-qck7p --- [vert.x-eventloo] c.b.m.r.d.CheckCoreDao                   : @e_date=01/12/2023
2023-01-12 15:34:56.009  INFO rec-consulta-273-qck7p --- [vert.x-eventloo] c.b.m.r.d.CheckCoreDao                   : @e_ofi=0
2023-01-12 15:34:56.009  INFO rec-consulta-273-qck7p --- [vert.x-eventloo] c.b.m.r.d.CheckCoreDao                   : @e_rol=252
2023-01-12 15:34:56.009  INFO rec-consulta-273-qck7p --- [vert.x-eventloo] c.b.m.r.d.CheckCoreDao                   : @e_corr=N
2023-01-12 15:34:56.009  INFO rec-consulta-273-qck7p --- [vert.x-eventloo] c.b.m.r.d.CheckCoreDao                   : @e_ssn_corr=0
2023-01-12 15:34:56.009  INFO rec-consulta-273-qck7p --- [vert.x-eventloo] c.b.m.r.d.CheckCoreDao                   : @e_trn=43569
2023-01-12 15:34:56.009  INFO rec-consulta-273-qck7p --- [vert.x-eventloo] c.b.m.r.d.CheckCoreDao                   : @e_mon=1
2023-01-12 15:34:56.009  INFO rec-consulta-273-qck7p --- [vert.x-eventloo] c.b.m.r.d.CheckCoreDao                   : @e_servicio=1929
2023-01-12 15:34:56.009  INFO rec-consulta-273-qck7p --- [vert.x-eventloo] c.b.m.r.d.CheckCoreDao                   : @e_empresa=20717
2023-01-12 15:34:56.010  INFO rec-consulta-273-qck7p --- [vert.x-eventloo] c.b.m.r.d.CheckCoreDao                   : @e_codigo=0993241539001
2023-01-12 15:34:56.010  INFO rec-consulta-273-qck7p --- [vert.x-eventloo] c.b.m.r.d.CheckCoreDao                   : @e_identificacion=1
2023-01-12 15:34:56.010  INFO rec-consulta-273-qck7p --- [vert.x-eventloo] c.b.m.r.d.CheckCoreDao                   : @e_efectivo=0
2023-01-12 15:34:56.010  INFO rec-consulta-273-qck7p --- [vert.x-eventloo] c.b.m.r.d.CheckCoreDao                   : @e_cheque=0
2023-01-12 15:34:56.010  INFO rec-consulta-273-qck7p --- [vert.x-eventloo] c.b.m.r.d.CheckCoreDao                   : @e_debito=0
2023-01-12 15:34:56.010  INFO rec-consulta-273-qck7p --- [vert.x-eventloo] c.b.m.r.d.CheckCoreDao                   : @e_tarjeta=0
2023-01-12 15:34:56.010  INFO rec-consulta-273-qck7p --- [vert.x-eventloo] c.b.m.r.d.CheckCoreDao                   : @e_comision_efe=0
2023-01-12 15:34:56.010  INFO rec-consulta-273-qck7p --- [vert.x-eventloo] c.b.m.r.d.CheckCoreDao                   : @e_comision_chq=0
2023-01-12 15:34:56.010  INFO rec-consulta-273-qck7p --- [vert.x-eventloo] c.b.m.r.d.CheckCoreDao                   : @e_comision_db=0
2023-01-12 15:34:56.011  INFO rec-consulta-273-qck7p --- [vert.x-eventloo] c.b.m.r.d.CheckCoreDao                   : @e_total=0
2023-01-12 15:34:56.011  INFO rec-consulta-273-qck7p --- [vert.x-eventloo] c.b.m.r.d.CheckCoreDao                   : @e_tipo_cta=
2023-01-12 15:34:56.011  INFO rec-consulta-273-qck7p --- [vert.x-eventloo] c.b.m.r.d.CheckCoreDao                   : @e_cuenta=
2023-01-12 15:34:56.011  INFO rec-consulta-273-qck7p --- [vert.x-eventloo] c.b.m.r.d.CheckCoreDao                   : @e_autoriza=N
2023-01-12 15:34:56.011  INFO rec-consulta-273-qck7p --- [vert.x-eventloo] c.b.m.r.d.CheckCoreDao                   : @e_canal=VEN
2023-01-12 15:34:56.011  INFO rec-consulta-273-qck7p --- [vert.x-eventloo] c.b.m.r.d.CheckCoreDao                   : @e_ubi=0
2023-01-12 15:34:56.011  INFO rec-consulta-273-qck7p --- [vert.x-eventloo] c.b.m.r.d.CheckCoreDao                   : @e_opcion=C
2023-01-12 15:34:56.103  INFO rec-consulta-273-qck7p --- [vert.x-eventloo] c.b.m.r.d.CheckCoreDao                   : @e_reverso=
2023-01-12 15:34:56.103  INFO rec-consulta-273-qck7p --- [vert.x-eventloo] c.b.m.r.d.CheckCoreDao                   : @e_emp_nombre=
2023-01-12 15:34:56.103  INFO rec-consulta-273-qck7p --- [vert.x-eventloo] c.b.m.r.d.CheckCoreDao                   : EJECUTA SP {? =  call cob_pagos..pa_pg_pval_reca_varios(?,?,?,?,?,?,?,?,?,?,?,?,?,?,?,?,?,?,?,?,?,?,?,?,?,?,?,?,?,?,?,?,?,?,?,?,?,?,?,?,?,?,?,?) }
2023-01-12 15:34:56.199  INFO rec-consulta-273-qck7p --- [vert.x-eventloo] c.b.m.r.d.CheckCoreDao                   : FINALIZA EJECUTA SP
2023-01-12 15:34:56.200  INFO rec-consulta-273-qck7p --- [vert.x-eventloo] c.b.m.r.d.CheckCoreDao                   : cob_pagos..pa_pg_pval_reca_varios Output Parameters
2023-01-12 15:34:56.200  INFO rec-consulta-273-qck7p --- [vert.x-eventloo] c.b.m.r.d.CheckCoreDao                   : @RETURN_VALUE=0
2023-01-12 15:34:56.202  INFO rec-consulta-273-qck7p --- [vert.x-eventloo] c.b.m.r.d.CheckCoreDao                   : @s_fecha_contable=null
2023-01-12 15:34:56.202  INFO rec-consulta-273-qck7p --- [vert.x-eventloo] c.b.m.r.d.CheckCoreDao                   : @s_ssn=132993498
2023-01-12 15:34:56.202  INFO rec-consulta-273-qck7p --- [vert.x-eventloo] c.b.m.r.d.CheckCoreDao                   : @s_comision=0
2023-01-12 15:34:56.202  INFO rec-consulta-273-qck7p --- [vert.x-eventloo] c.b.m.r.d.CheckCoreDao                   : @s_tasa=null
2023-01-12 15:34:56.202  INFO rec-consulta-273-qck7p --- [vert.x-eventloo] c.b.m.r.d.CheckCoreDao                   : @s_base_imp=null
2023-01-12 15:34:56.203  INFO rec-consulta-273-qck7p --- [vert.x-eventloo] c.b.m.r.d.CheckCoreDao                   : @s_impuesto=null
2023-01-12 15:34:56.203  INFO rec-consulta-273-qck7p --- [vert.x-eventloo] c.b.m.r.d.CheckCoreDao                   : @s_empresa=CMA-CGM ECUADOR S.A.
2023-01-12 15:34:56.203  INFO rec-consulta-273-qck7p --- [vert.x-eventloo] c.b.m.r.d.CheckCoreDao                   : @s_recaudacion=LINEA   
2023-01-12 15:34:56.203  INFO rec-consulta-273-qck7p --- [vert.x-eventloo] c.b.m.r.d.CheckCoreDao                   : @s_referencia1=null
2023-01-12 15:34:56.203  INFO rec-consulta-273-qck7p --- [vert.x-eventloo] c.b.m.r.d.CheckCoreDao                   : @s_referencia2=null
2023-01-12 15:34:56.203  INFO rec-consulta-273-qck7p --- [vert.x-eventloo] c.b.m.r.d.CheckCoreDao                   : @s_referencia3=null
2023-01-12 15:34:56.203  INFO rec-consulta-273-qck7p --- [vert.x-eventloo] c.b.m.r.d.CheckCoreDao                   : @s_mensaje=OK
2023-01-12 15:34:56.204  INFO rec-consulta-273-qck7p --- [vert.x-eventloo] c.b.m.r.d.CheckCoreDao                   : @s_deuda=0.0
2023-01-12 15:34:56.204  INFO rec-consulta-273-qck7p --- [vert.x-eventloo] c.b.m.r.d.CheckCoreDao                   : CIERRA CONEXION!
2023-01-12 15:34:56.206  INFO rec-consulta-273-qck7p --- [vert.x-eventloo] c.b.m.r.s.CheckService                   : Finaliza Core
2023-01-12 15:34:56.302  INFO rec-consulta-273-qck7p --- [vert.x-eventloo] c.b.m.r.s.CheckService                   : ENVIA CONSULTA PROVEEDOR
2023-01-12 15:34:56.312  INFO rec-consulta-273-qck7p --- [vert.x-eventloo] c.b.m.r.m.MessageSender                  : COLA MQ  SENDER --> MS_REC_CMA_REQ
2023-01-12 15:34:56.312  INFO rec-consulta-273-qck7p --- [vert.x-eventloo] c.b.m.r.m.MessageSender                  : MENSAJE--> {"tipoFlujo":"CONSULTA","mensajeEntradaConsultarDeuda":{"canal":"VEN","depuracion":"","fecha":"2023-01-12T15:34:52","oficina":"0","secuencial":"132993498","servicio":{"codTipoServicio":"PAGO_ADUANA","codigoConvenio":"1929","codigoEmpresa":"20717","codigoTipoBanca":"BP","codigoTipoIdentificador":"1","datosAdicionales":{"datoAdicional":[{"codigo":"e_srv","etiqueta":null,"editable":null,"formato":null,"listasSeleccion":null,"longitud":null,"mascara":null,"regexp":null,"tipo":null,"valor":"SRVDESA2","visible":null},{"codigo":"e_term","etiqueta":null,"editable":null,"formato":null,"listasSeleccion":null,"longitud":null,"mascara":null,"regexp":null,"tipo":null,"valor":"VIRTUAL_BB","visible":null},{"codigo":"e_rol","etiqueta":null,"editable":null,"formato":null,"listasSeleccion":null,"longitud":null,"mascara":null,"regexp":null,"tipo":null,"valor":"252","visible":null},{"codigo":"e_corr","etiqueta":null,"editable":null,"formato":null,"listasSeleccion":null,"longitud":null,"mascara":null,"regexp":null,"tipo":null,"valor":"N","visible":null},{"codigo":"e_ssn_corr","etiqueta":null,"editable":null,"formato":null,"listasSeleccion":null,"longitud":null,"mascara":null,"regexp":null,"tipo":null,"valor":"0","visible":null},{"codigo":"e_mon","etiqueta":null,"editable":null,"formato":null,"listasSeleccion":null,"longitud":null,"mascara":null,"regexp":null,"tipo":null,"valor":"1","visible":null},{"codigo":"e_servicio","etiqueta":null,"editable":null,"formato":null,"listasSeleccion":null,"longitud":null,"mascara":null,"regexp":null,"tipo":null,"valor":"1929","visible":null},{"codigo":"e_identificacion","etiqueta":null,"editable":null,"formato":null,"listasSeleccion":null,"longitud":null,"mascara":null,"regexp":null,"tipo":null,"valor":"1","visible":null},{"codigo":"e_autoriza","etiqueta":null,"editable":null,"formato":null,"listasSeleccion":null,"longitud":null,"mascara":null,"regexp":null,"tipo":null,"valor":"N","visible":null},{"codigo":"e_ubi","etiqueta":null,"editable":null,"formato":null,"listasSeleccion":null,"longitud":null,"mascara":null,"regexp":null,"tipo":null,"valor":"","visible":null},{"codigo":"e_opcion","etiqueta":null,"editable":null,"formato":null,"listasSeleccion":null,"longitud":null,"mascara":null,"regexp":null,"tipo":null,"valor":"C","visible":null},{"codigo":"e_prov_req","etiqueta":null,"editable":null,"formato":null,"listasSeleccion":null,"longitud":null,"mascara":null,"regexp":null,"tipo":null,"valor":"MS_REC_CMA_REQ","visible":null},{"codigo":"e_prov_resp","etiqueta":null,"editable":null,"formato":null,"listasSeleccion":null,"longitud":null,"mascara":null,"regexp":null,"tipo":null,"valor":"MS_REC_CMA_RESP","visible":null},{"codigo":"vp_s_fecha_contable","etiqueta":null,"editable":null,"formato":null,"listasSeleccion":null,"longitud":null,"mascara":null,"regexp":null,"tipo":null,"valor":null,"visible":null},{"codigo":"vp_s_ssn","etiqueta":null,"editable":null,"formato":null,"listasSeleccion":null,"longitud":null,"mascara":null,"regexp":null,"tipo":null,"valor":"132993498","visible":null},{"codigo":"vp_s_comision","etiqueta":null,"editable":null,"formato":null,"listasSeleccion":null,"longitud":null,"mascara":null,"regexp":null,"tipo":null,"valor":"0","visible":null},{"codigo":"vp_s_tasa","etiqueta":null,"editable":null,"formato":null,"listasSeleccion":null,"longitud":null,"mascara":null,"regexp":null,"tipo":null,"valor":null,"visible":null},{"codigo":"vp_s_base_imp","etiqueta":null,"editable":null,"formato":null,"listasSeleccion":null,"longitud":null,"mascara":null,"regexp":null,"tipo":null,"valor":null,"visible":null},{"codigo":"vp_s_impuesto","etiqueta":null,"editable":null,"formato":null,"listasSeleccion":null,"longitud":null,"mascara":null,"regexp":null,"tipo":null,"valor":null,"visible":null},{"codigo":"vp_s_empresa","etiqueta":null,"editable":null,"formato":null,"listasSeleccion":null,"longitud":null,"mascara":null,"regexp":null,"tipo":null,"valor":"CMA-CGM ECUADOR S.A.","visible":null},{"codigo":"vp_s_recaudacion","etiqueta":null,"editable":null,"formato":null,"listasSeleccion":null,"longitud":null,"mascara":null,"regexp":null,"tipo":null,"valor":"LINEA   ","visible":null},{"codigo":"vp_s_referencia1","etiqueta":null,"editable":null,"formato":null,"listasSeleccion":null,"longitud":null,"mascara":null,"regexp":null,"tipo":null,"valor":null,"visible":null},{"codigo":"vp_s_referencia2","etiqueta":null,"editable":null,"formato":null,"listasSeleccion":null,"longitud":null,"mascara":null,"regexp":null,"tipo":null,"valor":null,"visible":null},{"codigo":"vp_s_referencia3","etiqueta":null,"editable":null,"formato":null,"listasSeleccion":null,"longitud":null,"mascara":null,"regexp":null,"tipo":null,"valor":null,"visible":null},{"codigo":"e_prov_req","etiqueta":null,"editable":null,"formato":null,"listasSeleccion":null,"longitud":null,"mascara":null,"regexp":null,"tipo":null,"valor":"MS_REC_CMA_REQ","visible":null},{"codigo":"e_prov_resp","etiqueta":null,"editable":null,"formato":null,"listasSeleccion":null,"longitud":null,"mascara":null,"regexp":null,"tipo":null,"valor":"MS_REC_CMA_RESP","visible":null}]},"identificador":"0993241539001"},"transaccion":"43569","usuario":"msilvag"}}
2023-01-12 15:34:57.677  INFO rec-consulta-273-qck7p --- [vert.x-eventloo] c.b.m.r.m.MessageSender                  : MENSAJE--> 
  JMSMessage class: jms_text
  JMSType:          null
    JMS_IBM_MQMD_Expiry: 50000
{"tipoFlujo":"CONSULTA","mensajeEntradaConsultarDeuda":{"canal":"VEN","depuracion":"","fecha":"2023- ...
2023-01-12 15:34:57.677  INFO rec-consulta-273-qck7p --- [vert.x-eventloo] c.b.m.r.m.MessageSender                  : TEXT--> {"tipoFlujo":"CONSULTA","mensajeEntradaConsultarDeuda":{"canal":"VEN","depuracion":"","fecha":"2023-01-12T15:34:52","oficina":"0","secuencial":"132993498","servicio":{"codTipoServicio":"PAGO_ADUANA","codigoConvenio":"1929","codigoEmpresa":"20717","codigoTipoBanca":"BP","codigoTipoIdentificador":"1","datosAdicionales":{"datoAdicional":[{"codigo":"e_srv","etiqueta":null,"editable":null,"formato":null,"listasSeleccion":null,"longitud":null,"mascara":null,"regexp":null,"tipo":null,"valor":"SRVDESA2","visible":null},{"codigo":"e_term","etiqueta":null,"editable":null,"formato":null,"listasSeleccion":null,"longitud":null,"mascara":null,"regexp":null,"tipo":null,"valor":"VIRTUAL_BB","visible":null},{"codigo":"e_rol","etiqueta":null,"editable":null,"formato":null,"listasSeleccion":null,"longitud":null,"mascara":null,"regexp":null,"tipo":null,"valor":"252","visible":null},{"codigo":"e_corr","etiqueta":null,"editable":null,"formato":null,"listasSeleccion":null,"longitud":null,"mascara":null,"regexp":null,"tipo":null,"valor":"N","visible":null},{"codigo":"e_ssn_corr","etiqueta":null,"editable":null,"formato":null,"listasSeleccion":null,"longitud":null,"mascara":null,"regexp":null,"tipo":null,"valor":"0","visible":null},{"codigo":"e_mon","etiqueta":null,"editable":null,"formato":null,"listasSeleccion":null,"longitud":null,"mascara":null,"regexp":null,"tipo":null,"valor":"1","visible":null},{"codigo":"e_servicio","etiqueta":null,"editable":null,"formato":null,"listasSeleccion":null,"longitud":null,"mascara":null,"regexp":null,"tipo":null,"valor":"1929","visible":null},{"codigo":"e_identificacion","etiqueta":null,"editable":null,"formato":null,"listasSeleccion":null,"longitud":null,"mascara":null,"regexp":null,"tipo":null,"valor":"1","visible":null},{"codigo":"e_autoriza","etiqueta":null,"editable":null,"formato":null,"listasSeleccion":null,"longitud":null,"mascara":null,"regexp":null,"tipo":null,"valor":"N","visible":null},{"codigo":"e_ubi","etiqueta":null,"editable":null,"formato":null,"listasSeleccion":null,"longitud":null,"mascara":null,"regexp":null,"tipo":null,"valor":"","visible":null},{"codigo":"e_opcion","etiqueta":null,"editable":null,"formato":null,"listasSeleccion":null,"longitud":null,"mascara":null,"regexp":null,"tipo":null,"valor":"C","visible":null},{"codigo":"e_prov_req","etiqueta":null,"editable":null,"formato":null,"listasSeleccion":null,"longitud":null,"mascara":null,"regexp":null,"tipo":null,"valor":"MS_REC_CMA_REQ","visible":null},{"codigo":"e_prov_resp","etiqueta":null,"editable":null,"formato":null,"listasSeleccion":null,"longitud":null,"mascara":null,"regexp":null,"tipo":null,"valor":"MS_REC_CMA_RESP","visible":null},{"codigo":"vp_s_fecha_contable","etiqueta":null,"editable":null,"formato":null,"listasSeleccion":null,"longitud":null,"mascara":null,"regexp":null,"tipo":null,"valor":null,"visible":null},{"codigo":"vp_s_ssn","etiqueta":null,"editable":null,"formato":null,"listasSeleccion":null,"longitud":null,"mascara":null,"regexp":null,"tipo":null,"valor":"132993498","visible":null},{"codigo":"vp_s_comision","etiqueta":null,"editable":null,"formato":null,"listasSeleccion":null,"longitud":null,"mascara":null,"regexp":null,"tipo":null,"valor":"0","visible":null},{"codigo":"vp_s_tasa","etiqueta":null,"editable":null,"formato":null,"listasSeleccion":null,"longitud":null,"mascara":null,"regexp":null,"tipo":null,"valor":null,"visible":null},{"codigo":"vp_s_base_imp","etiqueta":null,"editable":null,"formato":null,"listasSeleccion":null,"longitud":null,"mascara":null,"regexp":null,"tipo":null,"valor":null,"visible":null},{"codigo":"vp_s_impuesto","etiqueta":null,"editable":null,"formato":null,"listasSeleccion":null,"longitud":null,"mascara":null,"regexp":null,"tipo":null,"valor":null,"visible":null},{"codigo":"vp_s_empresa","etiqueta":null,"editable":null,"formato":null,"listasSeleccion":null,"longitud":null,"mascara":null,"regexp":null,"tipo":null,"valor":"CMA-CGM ECUADOR S.A.","visible":null},{"codigo":"vp_s_recaudacion","etiqueta":null,"editable":null,"formato":null,"listasSeleccion":null,"longitud":null,"mascara":null,"regexp":null,"tipo":null,"valor":"LINEA   ","visible":null},{"codigo":"vp_s_referencia1","etiqueta":null,"editable":null,"formato":null,"listasSeleccion":null,"longitud":null,"mascara":null,"regexp":null,"tipo":null,"valor":null,"visible":null},{"codigo":"vp_s_referencia2","etiqueta":null,"editable":null,"formato":null,"listasSeleccion":null,"longitud":null,"mascara":null,"regexp":null,"tipo":null,"valor":null,"visible":null},{"codigo":"vp_s_referencia3","etiqueta":null,"editable":null,"formato":null,"listasSeleccion":null,"longitud":null,"mascara":null,"regexp":null,"tipo":null,"valor":null,"visible":null},{"codigo":"e_prov_req","etiqueta":null,"editable":null,"formato":null,"listasSeleccion":null,"longitud":null,"mascara":null,"regexp":null,"tipo":null,"valor":"MS_REC_CMA_REQ","visible":null},{"codigo":"e_prov_resp","etiqueta":null,"editable":null,"formato":null,"listasSeleccion":null,"longitud":null,"mascara":null,"regexp":null,"tipo":null,"valor":"MS_REC_CMA_RESP","visible":null}]},"identificador":"0993241539001"},"transaccion":"43569","usuario":"msilvag"}}
2023-01-12 15:34:57.677  INFO rec-consulta-273-qck7p --- [vert.x-eventloo] c.b.m.r.m.MessageSender                  : JMSX_USERID --> 6df7e71c3e48
2023-01-12 15:34:58.316  INFO rec-consulta-273-qck7p --- [vert.x-eventloo] c.b.m.r.m.MessageConsumer                : Recuperando mensaje cola proveedor MS_REC_CMA_RESP
2023-01-12 15:34:59.685  INFO rec-consulta-273-qck7p --- [vert.x-eventloo] c.b.m.r.m.MessageConsumer                : COLA MQ --> MS_REC_CONSULTA_REQ
2023-01-12 15:35:01.336  INFO rec-consulta-273-qck7p --- [vert.x-eventloo] c.b.m.r.m.MessageConsumer                : MENSAJE RECIBIDO--> 
  JMSMessage class: jms_text
  JMSType:          null
  JMSDeliveryMode:  2
  JMSDeliveryDelay: 0
  JMSDeliveryTime:  0
  JMSExpiration:    1673555750786
  JMSPriority:      4
  JMSMessageID:     ID:414d512043535042524b5f514d202020aea2bd63f6708325
  JMSTimestamp:     1673555700786
  JMSCorrelationID: 6df7e71c3e48
  JMSDestination:   queue:///MS_REC_CMA_RESP
  JMSReplyTo:       null
  JMSRedelivered:   false
    JMSXAppID: /deployments/quarkus-run.jar
    JMSXDeliveryCount: 1
    JMSXUserID: mqm         
    JMS_IBM_Character_Set: UTF-8
    JMS_IBM_Encoding: 273
    JMS_IBM_Format: MQSTR   
    JMS_IBM_MsgType: 8
    JMS_IBM_PutApplType: 28
    JMS_IBM_PutDate: 20230112
    JMS_IBM_PutTime: 20350120
    dtdTraceTagInfo: FW4;-111051406;3;1565246583;23;0;124422835;330;2160;2h02;3h0fef9d94;4h0f;6he176b7b4876b3c0ba2bb484d27b9aeca;7h6770ea7f97397936
{"codigo":"0","mensajeUsuario":"Consulta ejecutada","estado":"OK","mensajeSalidaEjecutarPago":null," ...
2023-01-12 15:35:01.609  INFO rec-consulta-273-qck7p --- [vert.x-eventloo] c.b.m.r.s.CheckService                   : OBTIENE CONSULTA PROVEEDOR
2023-01-12 15:35:02.415  INFO rec-consulta-273-qck7p --- [vert.x-eventloo] c.b.m.r.s.CheckService                   : RESPUESTA DE INTEGRACIO PROVEEDOR: 0
2023-01-12 15:35:02.504  INFO rec-consulta-273-qck7p --- [vert.x-eventloo] c.b.m.r.s.CheckService                   : RESPUESTA DE PROVEEDOR: 0
2023-01-12 15:35:02.504  INFO rec-consulta-273-qck7p --- [vert.x-eventloo] c.b.m.r.s.CheckService                   : NO TENIA DATOS ADICIONALES
2023-01-12 15:35:02.505  INFO rec-consulta-273-qck7p --- [vert.x-eventloo] c.b.m.r.s.CheckService                   : respuesta-->{"codigo":"0","mensajeUsuario":"Consulta ejecutada","estado":"OK","mensajeSalidaEjecutarPago":null,"mensajeSalidaConsultarDeuda":{"codigoError":"0","datosAdicionales":null,"fechaVencimiento":null,"formaPago":null,"formaPagoRecibos":null,"identificadorDeuda":"0993241539001","limiteMontoMaximo":null,"limiteMontoMinimo":null,"mensajeUsuario":"transaccion exitosa","mensajeSistema":null,"montoMinimo":null,"montoTotal":155.0,"nombreCliente":"STR","recibos":null,"textoAyuda":null}}
2023-01-12 15:35:02.915  INFO rec-consulta-273-qck7p --- [vert.x-eventloo] c.b.m.r.m.MessageSender                  : COLA MQ  SENDER --> MS_REC_CONSULTA_RESP
2023-01-12 15:35:02.915  INFO rec-consulta-273-qck7p --- [vert.x-eventloo] c.b.m.r.m.MessageSender                  : message--> <?xml version="1.0" encoding="UTF-8" standalone="yes"?><mensajeSalidaGateway xmlns="http://www.bolivariano.com/mensaje/MensajeOSB"><codigo>0</codigo><mensajeUsuario>transaccion exitosa</mensajeUsuario><mensaje><![CDATA[<?xml version="1.0" encoding="UTF-8" standalone="yes"?><ns2:salidaConsultarDeuda xmlns:ns2="http://www.bolivariano.com/mensaje/MensajeOTC"><ns2:codigoError>0</ns2:codigoError><ns2:datosAdicionales><ns2:datoAdicional><codigo>vp_s_fecha_contable</codigo></ns2:datoAdicional><ns2:datoAdicional><codigo>vp_s_ssn</codigo><valor>132993498</valor></ns2:datoAdicional><ns2:datoAdicional><codigo>vp_s_comision</codigo><valor>0</valor></ns2:datoAdicional><ns2:datoAdicional><codigo>vp_s_tasa</codigo></ns2:datoAdicional><ns2:datoAdicional><codigo>vp_s_base_imp</codigo></ns2:datoAdicional><ns2:datoAdicional><codigo>vp_s_impuesto</codigo></ns2:datoAdicional><ns2:datoAdicional><codigo>vp_s_empresa</codigo><valor>CMA-CGM ECUADOR S.A.</valor></ns2:datoAdicional><ns2:datoAdicional><codigo>vp_s_recaudacion</codigo><valor>LINEA   </valor></ns2:datoAdicional><ns2:datoAdicional><codigo>vp_s_referencia1</codigo></ns2:datoAdicional><ns2:datoAdicional><codigo>vp_s_referencia2</codigo></ns2:datoAdicional><ns2:datoAdicional><codigo>vp_s_referencia3</codigo></ns2:datoAdicional><ns2:datoAdicional><codigo>e_prov_req</codigo><valor>MS_REC_CMA_REQ</valor></ns2:datoAdicional><ns2:datoAdicional><codigo>e_prov_resp</codigo><valor>MS_REC_CMA_RESP</valor></ns2:datoAdicional><ns2:datoAdicional><codigo>codigoConvenio</codigo><valor>1929</valor></ns2:datoAdicional></ns2:datosAdicionales><ns2:identificadorDeuda>0993241539001</ns2:identificadorDeuda><ns2:mensajeUsuario>transaccion exitosa</ns2:mensajeUsuario><ns2:montoTotal>155.0</ns2:montoTotal><ns2:nombreCliente>STR</ns2:nombreCliente></ns2:salidaConsultarDeuda>]]></mensaje></mensajeSalidaGateway>
2023-01-12 15:35:04.297  INFO rec-consulta-273-qck7p --- [vert.x-eventloo] c.b.m.r.m.MessageSender                  : messageJMS--> 

2023-01-12 15:35:04.297  INFO rec-consulta-273-qck7p --- [vert.x-eventloo] c.b.m.r.m.MessageSender                  : TEXT--> <?xml version="1.0" encoding="UTF-8" standalone="yes"?><mensajeSalidaGateway xmlns="http://www.bolivariano.com/mensaje/MensajeOSB"><codigo>0</codigo><mensajeUsuario>transaccion exitosa</mensajeUsuario><mensaje><![CDATA[<?xml version="1.0" encoding="UTF-8" standalone="yes"?><ns2:salidaConsultarDeuda xmlns:ns2="http://www.bolivariano.com/mensaje/MensajeOTC"><ns2:codigoError>0</ns2:codigoError><ns2:datosAdicionales><ns2:datoAdicional><codigo>vp_s_fecha_contable</codigo></ns2:datoAdicional><ns2:datoAdicional><codigo>vp_s_ssn</codigo><valor>132993498</valor></ns2:datoAdicional><ns2:datoAdicional><codigo>vp_s_comision</codigo><valor>0</valor></ns2:datoAdicional><ns2:datoAdicional><codigo>vp_s_tasa</codigo></ns2:datoAdicional><ns2:datoAdicional><codigo>vp_s_base_imp</codigo></ns2:datoAdicional><ns2:datoAdicional><codigo>vp_s_impuesto</codigo></ns2:datoAdicional><ns2:datoAdicional><codigo>vp_s_empresa</codigo><valor>CMA-CGM ECUADOR S.A.</valor></ns2:datoAdicional><ns2:datoAdicional><codigo>vp_s_recaudacion</codigo><valor>LINEA   </valor></ns2:datoAdicional><ns2:datoAdicional><codigo>vp_s_referencia1</codigo></ns2:datoAdicional><ns2:datoAdicional><codigo>vp_s_referencia2</codigo></ns2:datoAdicional><ns2:datoAdicional><codigo>vp_s_referencia3</codigo></ns2:datoAdicional><ns2:datoAdicional><codigo>e_prov_req</codigo><valor>MS_REC_CMA_REQ</valor></ns2:datoAdicional><ns2:datoAdicional><codigo>e_prov_resp</codigo><valor>MS_REC_CMA_RESP</valor></ns2:datoAdicional><ns2:datoAdicional><codigo>codigoConvenio</codigo><valor>1929</valor></ns2:datoAdicional></ns2:datosAdicionales><ns2:identificadorDeuda>0993241539001</ns2:identificadorDeuda><ns2:mensajeUsuario>transaccion exitosa</ns2:mensajeUsuario><ns2:montoTotal>155.0</ns2:montoTotal><ns2:nombreCliente>STR</ns2:nombreCliente></ns2:salidaConsultarDeuda>]]></mensaje></mensajeSalidaGateway>
2023-01-12 15:35:04.298  INFO rec-consulta-273-qck7p --- [vert.x-eventloo] c.b.m.r.m.MessageSender                  : JMSX_USERID --> 6df7e71c3e48
2023-01-12 15:35:04.298  INFO rec-consulta-273-qck7p --- [vert.x-eventloo] c.b.m.r.m.MessageSender                  : destination --> queue:///MS_REC_CONSULTA_RESP
2023-01-12 15:35:04.944  INFO rec-consulta-273-qck7p --- [vert.x-eventloo] c.b.m.r.s.CheckService                   : 6df7e71c3e48 132993498 ***TIEMPO TOTAL CONSULTA: 8987 *** TIEMPO TOTAL BANCO: 201 ***  TIEMPO TOTAL PROVEEDOR: 6203 