%!
(1ups.jdt) STARTLM
 
BANCO BOLIVARIANO                           ** VALIDACION DE COMPROBANTES CONTABLES **                      FECHA IMP.: 19/MAR/2021
MATRIZ (0)                                              PERFILES CONTABLES                                  PAG.      : 1
                                                           25/FEB/2021

-----------------------------------------------------------------------------------------------------------------------------------
     CUENTA      MON.  ORIG. DEST.             DEBITO            CREDITO          DEBITO ME         CREDITO ME     TIPO DE CAMBIO
-----------------------------------------------------------------------------------------------------------------------------------


COMPROBANTE  0 37*****    DEPOSITO ESPECIAL EN LINEA CC (4435)
* INGRESADO *

 11010501          1     0     0               370.00               0.00               0.00               0.00     0.0000
 91010505          1     0     0               398.00               0.00               0.00               0.00     0.0000
 210110050501      1     0    41                 0.00             768.00               0.00               0.00     0.0000
                                      ---------------    ---------------    ---------------    ---------------
                 TOTAL                         768.00             768.00               0.00               0.00



COMPROBANTE  0 37*****    ND CTE SERV. BANC. (3050)
* INGRESADO *

 210110050501      1     0     0               355.00               0.00               0.00               0.00     0.0000
 91010505          1     0     0                 0.00             355.00               0.00               0.00     0.0000
                                      ---------------    ---------------    ---------------    ---------------
                 TOTAL                         355.00             355.00               0.00               0.00



COMPROBANTE  0 37*****    TRX PARA CONTAB DE ND CON IVA (3188)
* INGRESADO *

 91010505          1     0     0                 1.75               0.00               0.00               0.00     0.0000
 2590900528        1     0     0                 0.00               0.19               0.00               0.00     0.0000
 54070801          1     0     0                 0.00               1.56               0.00               0.00     0.0000
                                      ---------------    ---------------    ---------------    ---------------
                 TOTAL                           1.75               1.75               0.00               0.00


