MES	NOMBRE	IDENTIFICACION	CTA	TIPO
06/2023	ABEL GREGORIO GILER LOOR	1313692152	0002052374	CTE
06/2023	ADRIANA DE LAS MERCEDES LOPEZ	1702763457	5081018907	CTE
06/2023	ADRIANA EVELYN RUBIO RAMIREZ	0104432828	4071083829	CTE
06/2023	AGUALONGO CARRERA JUAN CARLOS	1804903886	0003348831	CTE
06/2023	ALEX BENIGNO FRANCO CARRION	0915117774	0061155131	CTE
06/2023	ALVARADO ZAMBRANO ROBERTH ALEXIS	1312467135	1101169054	CTE
06/2023	ANA CRISTINA LAPENTTY NEIRA	0911329829	0001959645	CTE
06/2023	ANA IVONNE ALARCON MITE	0925198798	0021352811	CTE
06/2023	ANCHUNDIA ANCHUNDIA STALIN BERNARDO	1309739132	1101177446	CTE
06/2023	ANDREA SOLANO DEL PEZO	0901570267	7001046847	CTE
06/2023	ANDREA VERONICA LANDY CORONEL	0922128400	0915013986	AHO
06/2023	ANGELITA DE LAS MERCEDES GAONA	1705355269	1611028243	CTE
06/2023	ANTONELLA CARRILLO GAFTER	0911138600	0025012123	AHO
06/2023	ANTONIO ALEJANDRO ESPINOZA MAT	0904043080	0001869147	CTE
06/2023	BAILON LUQUE DAVID MEREGILDO	0914713078	0001998291	CTE
06/2023	BOLAÑOS VIVANCO DAVID RICARDO	0920240629	0003434485	CTE
06/2023	CARLOS ANIBAL TORRES ERAZO	1705954046	1651042927	CTE
06/2023	CARMEN DEL ROCIO PARRAGA MARTI	0905591046	0951100214	CTE
06/2023	CARMEN MARIETA RIOFRIO MEDINA	1704055951	1681029145	CTE
06/2023	CEDENO MACIAS JOHN ANTHONY	1751603828	0051889721	CTE
06/2023	CHOCO PADILLA FRANKLIN VINICIO	1721141099	0921137116	CTE
06/2023	DALTON RENE CONTRERAS MACIAS	0913457198	0851028925	CTE
06/2023	DAVID FRANCISCO EGAS YEROVI	1716397698	5021098535	CTE
06/2023	DEISY SARAGURO	1103211742	1405005865	AHO
06/2023	DEL SALTO VINUEZA ARIANA CAROLINA	0202128435	5081179553	CTE
06/2023	DIAZ GUAMAN DAPHNE GABRIELA	0954228912	0003549105	CTE
06/2023	DOLORES KATHERINE AREVALO RODRIGUEZ	0910850973	1401186161	CTE
06/2023	DOLORES PATRICIA YAZAN ZUÑIGA	1710358084	5061048609	CTE
06/2023	DOLORES STELA VERA MENDOZA	1201050901	2031037641	CTE
06/2023	DR.LUIS EMILIO COLOMA CALLE	0919265249	4025013881	AHO
06/2023	DUNUSI S.A.	0992391774001	1675003606	AHO
06/2023	EDUARDO JAVIER CATUCUAMBA LECHON	1719929612	5051155617	CTE
06/2023	EDWIN DANILO MERA DEL POZO	0909310419	0021566473	CTE
06/2023	ELIZABETH ALEXANDRA VELEZ PARR	0923241053	0031149451	CTE
06/2023	ELVIA MARISOL MERA BRON	0702647991	3001059241	CTE
06/2023	ERICK TORRES TOMALA	0704466648	0002231334	CTE
06/2023	EVELYN ISABEL CAMPOVERDE LAYAN	0924283286	0881065353	CTE
06/2023	FAUSTO CRISTIAN VITERI CRUZ	0922339536	2001018689	CTE
06/2023	FAUSTO RAMIRO GUAYANAY VICENTE	1103427660	1401128291	CTE
06/2023	FELICITA ANASTACIA TOMALA GUAL	0906489984	7001062901	CTE
06/2023	FILERMA YAMALY GARCIA MENDOZA	0803260728	1205029313	AHO
06/2023	FLORA ANABEL ARIAS ARMIJOS	1103983415	1401062387	CTE
06/2023	GABRIELA IVONNE ZAMBRANO PEREZ	1723342224	5091046167	CTE
06/2023	GUSTAVO CHANEL FLORES CALLE	0703223941	0021475665	CTE
06/2023	INDUMAD S. A.	0990658196001	0005311831	AHO
06/2023	IRLANDA ALBARRACIN E.	0700970650	4025008010	AHO
06/2023	ISAIAS GERARDO FILIAN CRUZ	0908754245	0011275439	CTE
06/2023	JAIME ALFREDO HERRERA GALLEGOS	0908359656	0001292911	CTE
06/2023	JAIRO TARIRA	0929640753	1825003230	AHO
06/2023	JEANNETH ALEXANDRA SOTO CHUCHO	1721130290	5051021447	CTE
06/2023	JEFFERSON PATRICIO VIZUETE PARRA	1723188064	5001558405	CTE
06/2023	JOHNNY FABRICIO MOREIRA BURGOS	0918900341	0021336395	CTE
06/2023	JORGE EFREN LOYOLA BORJA	1716501273	1031047909	CTE
06/2023	JORGE FRANCISCO ALVAREZ ZAPATA	0903383644	0021430209	CTE
06/2023	JOSE LUIS MENDOZA LOOR	1717381881	1001207743	CTE
06/2023	JOSE PATRICIO RECALDE PAEZ	0801933466	1301074270	CTE
06/2023	JOSE RUDI ESPINOZA ROSADO	0914414271	0941263856	CTE
06/2023	JUAN CARLOS GARCIA ALENCASTRO	0906811252	2001027501	CTE
06/2023	JUAN CARLOS TERRAZA OJEDA	1716155427	0001878437	CTE
06/2023	JUDITH LORENZA CARRIEL SANCHEZ	0902341403	0001848109	CTE
06/2023	JULIO GERMAN GUARTAMBER SOTAMB	0913749339	0941113160	CTE
06/2023	KARIN JANINA MACHUCA CHAPA	0914038716	0061046611	CTE
06/2023	KOPELLE ECUADOR S.A.	1793189624001	5081183469	CTE
06/2023	LAURA  PAREDES C	1709675597	5025020824	AHO
06/2023	LAURA CARMEN SOTOMAYOR MESTANZ	1200822391	7001036385	CTE
06/2023	LEONEL ANTONIO ZAMBRANO MOREIRA	1309041869	0002385798	CTE
06/2023	LIC. ALFONSO ROCHA	1000196152	1615000797	AHO
06/2023	LISBETH DEYANIRA PEREZ MARTINEZ	0963328901	0061321111	CTE
06/2023	LUCILA MALDONADO A FAV. DE LES	1714908801	1021014249	CTE
06/2023	LUIGI ULDARICO REYES CARDENAS	1304399726	1121150296	CTE
06/2023	LUIS ALBERTO MORA PAREDES	1803408838	1021057173	CTE
06/2023	LUIS HUMBERTO ONCE LANDI	1701014910	5001159703	CTE
06/2023	LUISA CLEOTILDE VALDIVIEZO CEDILLO	0703449074	5011097217	CTE
06/2023	MARCO ALEXANDER CHINININ MACANCHI	1103925754	1401115255	CTE
06/2023	MARIA ISABEL IDROBO AGUIRRE	1716634561	0021291787	CTE
06/2023	MARIA ISABEL MACIAS ALAVA	1310687841	1121083944	CTE
06/2023	MARQUEZ FARIAS CARLOS VICENTE	1312262072	0981287222	CTE
06/2023	MAURO ENRIQUE PINARGOTE PINARG	1310076052	1121045642	CTE
06/2023	MAYRA ROCIO PULLA MERINO	0705047009	3001049487	CTE
06/2023	MERO ORDENANA SUSANA MARIA	0926222274	0003309235	CTE
06/2023	MIGUEL BENITO MUÑOZ MENENDEZ	0920564085	0941100278	CTE
06/2023	MONICA DEL CARMEN ALBUJA CAMPA	1802202083	1201061677	CTE
06/2023	MORA GOYES LUCIA MARIA	0915376693	0001690539	CTE
06/2023	MYRIAN CECILIA ANGUIETA TOBAR	0602193377	5051024909	CTE
06/2023	NARCISA DE JESUS RONQUILLO RONQUILLO	1708413453	5081114969	CTE
06/2023	PARIS ALBERTO LUNA ALVAREZ	1703382307	5061071509	CTE
06/2023	PARRALES DELGADO KERLY BELEN	0944086305	0003475063	CTE
06/2023	PEZO CASTRO IVAN ANDRES	0927198952	0021621307	CTE
06/2023	QUIJIJE ANCHUNDIA GLADYS ELIZABETH	1313156075	1101158276	CTE
06/2023	RACHELL ALEJANDRA ROMERO PROCEL	1719636308	4071073911	CTE
06/2023	RAUL TAMAY	1801876614	1621059965	CTE
06/2023	ROXANA PAMELA ALVAREZ SUAREZ	0920214848	0925028512	AHO
06/2023	RUTH MARIA SANTANA GOYA	0915278782	0931121132	CTE
06/2023	SAA RODRIGUEZ ANDREW RAUL	0931990832	0051904975	CTE
06/2023	SANDRA BARROS P.	0909571044	5025008581	AHO
06/2023	SERGIO MAXIMINO ZAMBRANO BASUR	1308022670	1121014746	CTE
06/2023	SHYRLEY ELIZABETH FERNANDEZ AVILA	0924846025	0002733954	CTE
06/2023	SILVANA JESUS MURILLO SOTO	1204576068	2055014096	AHO
06/2023	SILVIA YOLANDA PAUCAR LESCANO	1802665628	1621065759	CTE
06/2023	STHEFANIA ELIZABETH LUCAS FLORES	1309315842	1101191336	CTE
06/2023	SUAREZ MUNOZ NORA ERNESTINA	0918291683	0061221101	CTE
06/2023	SUGEY CAROLINA SEGURA HERRERA	0925024135	0941159946	CTE
06/2023	TAMARA RIVERA PALOMINO	0918019084	0925017848	AHO
06/2023	TANIA REYES SANCAN	1310038326	0841066335	CTE
06/2023	TANNYA LEONELA GOMEZ PEÑALOZA	0705348571	3001131307	CTE
06/2023	TIMOTHY MICHAEL GRAY	1708447584	1821114639	CTE
06/2023	VANESA VILLEGAS JIMENEZ	0925871766	0041064203	CTE
06/2023	VANESSA CECILIA MURILLO RAMOS	0926468356	7001115171	CTE
06/2023	VERONICA VIVIANA ORTA FRANCO	0911119642	0955018071	AHO
06/2023	W. D. ROSS Y/O M. E. DE ROSS	1713213781	5075001316	AHO
06/2023	WASHINGTON VERA CARRIEL	1201456678	0865014523	AHO
06/2023	WECARE S.A.	0993144177001	1825002075	AHO
06/2023	WENDY MARISELA SUAREZ VARAS	0917011561	0001831109	CTE
06/2023	WILLIAM HUMBERTO VILLAMAR RENDON	0905926101	0001000217	CTE
06/2023	WILSON FABIAN MORALES GUZMAN	0400640256	1681016253	CTE
06/2023	YOLANDA KATHERINE MONTERO QUIM	0925803413	0851178441	CTE
06/2023	YULIANA MAGALY SANCHEZ ALVARAD	0704902469	3001084337	CTE
07/2023	ABEL R GALARZA CHILAN	0928282896	0021458339	CTE
07/2023	ADRIALPETRO PETROLEUM         SERVICES	1791406281001	5005030856	AHO
07/2023	ALVAREZ ANGAMARCA CRISTIAN PAUL	1717224800	0001817005	CTE
07/2023	ANDACHI VIZUETE ANA ROCIO	1721825865	0051598443	CTE
07/2023	ANGEL DANIEL MAZON ROBALINO	0919761965	0021350389	CTE
07/2023	ANGEL MICHELLE GARZON MONTOYA	0918736836	0025069167	AHO
07/2023	BETTY ADELINA MEJIA PLUAS	0916973290	0002920466	CTE
07/2023	BORBOR ROSALES ORLY ANDERSON	0923672174	0861090253	CTE
07/2023	BRAVO CEDENO JOSE JAVIER	0922214853	0021231171	CTE
07/2023	CARLOS XAVIER EISER PEREZ	0908887672	0945002161	AHO
07/2023	CAROLINA PAMELA HERRERA GUERRE	1804251476	5081040641	CTE
07/2023	CASTILLO LOOR JEAN RICHARD	0927020933	0002228942	CTE
07/2023	CECILIA PIEDAD ZAMORA ZAMBRANO	0914037163	7005016104	AHO
07/2023	CEDENO ZAMBRANO CRISTHIAN JOSE	1313376533	0002888046	CTE
07/2023	CERON RAMOS MONICA CRISTINA	1715199087	1651049789	CTE
07/2023	CESAR OSWALDO ZALDUMBIDE	0700195225	3005021403	AHO
07/2023	CHRISTIAN DANILO GUAYTA ARTIED	1718773268	5071028945	CTE
07/2023	CHRISTIAN RICARDO VIVAR ELIZALDE	0953550324	0941383758	CTE
07/2023	COELLO SANDOVAL EFRAIN MELECIO	0913608360	0851069471	CTE
07/2023	COLEGIO DE LA INMACULADA*****	0992185716001	0045008870	AHO
07/2023	CORPORACION RADIOTELEVISION ECUATORIANA CRESATELITAL S.A.	0993259519001	1745018503	AHO
07/2023	CRESPO COTTALLAT EDUARDO SANTIAGO	0922298807	0021225809	CTE
07/2023	CRISTHIAN ANDRES MONTENEGRO RODRIGUEZ	0927238642	0861159987	CTE
07/2023	CYNTHIA VALERIA BERMEO NOBOA	0931142814	0981306808	CTE
07/2023	DANY GREGORIO BRIONES LARA	0950721217	0002788696	CTE
07/2023	DARIO JAVIER MOREIRA FERNANDEZ	1313214569	1121182314	CTE
07/2023	DAVID SANTIAGO MORENO FLORES	1719927483	5001135511	CTE
07/2023	DAYRON DALEMBER CABELLO DEL VALLE	0955356647	0841245515	CTE
07/2023	EDINSON GONZALO CARANQUI MOROCHO	0925355950	0841243687	CTE
07/2023	EDISON RENATO HIGUERA CHAVEZ	1719583310	5091072749	CTE
07/2023	EMSEGPRI CIA. LTDA.	1091787640001	1635019023	AHO
07/2023	EVELY CAROLINA PARRAGA TUAREZ	1723861538	1021064315	CTE
07/2023	FELIPE FABRICIO GANCHOSO QUIROZ	1307614394	1741097026	CTE
07/2023	FELIX SANTIAGO ORRALA CASTILLO	0910435361	7001232445	CTE
07/2023	FLOR CRISTINA LABORDE BAZURTO	1204920803	2031069049	CTE
07/2023	GABRIEL ERIBERTO ALDAZ LOPEZ	1201860069	2051005171	CTE
07/2023	GALO SEBASTIAN SAMANIEGO CH	1725407546	5095004366	AHO
07/2023	GARAY NAPA JOFFRE TRAJANO	0920331741	0003064245	CTE
07/2023	GERMAN OMAR ESPINOZA MUÑOZ	1717467557	5011029725	CTE
07/2023	GILCES ALARCON EDWIN JAIRON	0952020485	0051702027	CTE
07/2023	GLENDA HERMINIA LOPEZ RODRIGUEZ	0201827359	5001410247	CTE
07/2023	GUERRERO VELEZ DAVID GABRIEL	0957272529	0003453929	CTE
07/2023	HAYDEE PITA V	0904547783	0035035493	AHO
07/2023	HOLGUIN DE LA A RICARDO FERNANDO	0918033739	0002486518	CTE
07/2023	JAVIER EDUARDO MATEUS VALLEJO	0902000348	0001043097	CTE
07/2023	JOFFRE GABRIEL VALVERDE MORENO	0922218318	0041153935	CTE
07/2023	JOSE R. JARAMILLO LOPEZ	0907968598	0005150917	AHO
07/2023	JULIO CESAR LOOR GANCHOZO	1206439646	5001364427	CTE
07/2023	KARIN GIOMAR CARLOS BORBOR	0921744090	7001060881	CTE
07/2023	KLEBER MICHAEL LUCAS MENDOZA	0931153514	0021490981	CTE
07/2023	LADY ALEXANDRA ROMERO VILLAMIL	0920146206	0951118936	CTE
07/2023	LADY DIANA TOBAR ALCIVAR	0923552871	0921046116	CTE
07/2023	LEONARDO FABIO MUÑOZ MEJIA	1307755130	0002094350	CTE
07/2023	LOLA ALVAREZ C.	0903317659	0025051861	AHO
07/2023	LUISA EMERITA CEVALLOS FARIAS	0800775629	1001188299	CTE
07/2023	LUZ AURORA MUNSON SACOTO	1703570885	5001509803	CTE
07/2023	LUZ MARIA UCHO NARVAEZ	0102965522	5025005775	AHO
07/2023	MARCOS JAVIER ZAMBRANO PINELA	1310688088	0841127359	CTE
07/2023	MARIA CONCEPCION CEDEÑO CELLAN	0904471950	0031275213	CTE
07/2023	MARIA FERNANDA NAVEDA HIDALGO	0924410756	0851075875	CTE
07/2023	MARIA MARLENE IMBA CHIPANTASI	1722859715	5081157749	CTE
07/2023	MARIA MONCERRATE MEJIA ECHEVER	1305714204	1011017209	CTE
07/2023	MARIANNE DIANA TORRENCE		1401075961	CTE
07/2023	MARYURI RODRIGUEZ LEON	0918601030	0841064699	CTE
07/2023	MERCEDES JACQUELINE PANTA LIMO	0913106647	0001820859	CTE
07/2023	MERCYS DE SENA GUALES DUMES	0907880330	0851320239	CTE
07/2023	MIGUEL CABRERA TOBAR	1804377917	1205023627	AHO
07/2023	MONICA DEL PILAR DIAZ GUERRA	1711706133	5081084115	CTE
07/2023	MONICA LEONOR RODRIGUEZ GAVIDI	1713607941	1001034703	CTE
07/2023	MUNOZ PILLAJO JORGE EDUARDO	1703757821	5001162085	CTE
07/2023	NELLY MARLENE SANTOS ORTIZ	1704562006	1001327101	CTE
07/2023	OSCAR BELISARIO IDROVO TRIVIÑO	0905119822	0002666290	CTE
07/2023	OTERO PINCAY KABIR ALEXANDER	0932569841	0003012977	CTE
07/2023	PAULA CAROLINA FRUGONE VILLAGOMEZ	1713005708	5001555289	CTE
07/2023	PEDRO XAVIER CHUCHUCA ANGUISACA	0105192447	4015025986	AHO
07/2023	PIERINO MARCELO NIETO CARBO	1719619163	1001122345	CTE
07/2023	PINO PARRAGA JONATHAN ARIOSTO	0931016570	0021759459	CTE
07/2023	RENE FABIAN CANTOS YAULEMA	0925758534	0941342274	CTE
07/2023	ROBERTO CARLOS GUERRA ALBAN	0603043688	0941057432	CTE
07/2023	ROBERTO CARLOS TORRES MORA	0913532560	7001025887	CTE
07/2023	SAYAY RIVERA EDISON SEBASTIAN	1805349014	0051866641	CTE
07/2023	SEGUNDO DARIO SUAREZ JARAMILLO	1712784428	5051066429	CTE
07/2023	TAPIA CORTEZ OLGA MARIA	0910605534	0001444709	CTE
07/2023	TERESITA DE JESUS JIMENEZ JIMENEZ	0701379885	3001140197	CTE
07/2023	TERRY ALVAREZ RUIZ	1101823696	0025007545	AHO
07/2023	TITO MEZA MONCAYO	0907627509	5021034629	CTE
07/2023	TOMAS GREGORIO VALENCIA ZAMBRA	1309802161	1011015887	CTE
07/2023	UZHCA RODRIGUEZ JADE NARCISA	0943714394	0981578406	CTE
07/2023	VANESSA ELIZABETH CASTRO ZURITA	0917326795	0871029019	CTE
07/2023	VERONICA DEL ROSARIO RODRIGUEZ MURILLO	0916476179	0911148288	CTE
07/2023	VICTOR EMILIO HOLGUIN ARCE	1314690890	1121100098	CTE
07/2023	VINCENT ZELLER ZEA	0909016123	0005216455	AHO
07/2023	VIVIANA ELSI BURGOS PARRAGA	0911928000	0861009647	CTE
07/2023	WILMER JAVIER REYES POZO	0923568372	7001155949	CTE
07/2023	XAVIER LEONARDO MERCHAN CASTIL	0917250052	0851083795	CTE
07/2023	ZHININ SORIANO JOHAN RONALDO	0927285593	0003266769	CTE
08/2023	ALBERTO JACOB BENAVIDES RODRIG	0908005986	7005017345	AHO
08/2023	ALEJANDRA CAROLINA MURILLO CALVA	1103846026	1401108205	CTE
08/2023	ALEPH-ASESORES S.A.S.	1793200899001	5005102182	AHO
08/2023	ALEX BENIGNO FRANCO CARRION	0915117774	0061155131	CTE
08/2023	AMAURY MAURICIO SUAREZ RIVERA	0602073488	1651024709	CTE
08/2023	ANA CRISTINA LAPENTTY NEIRA	0911329829	0001959645	CTE
08/2023	ANA ESTHER PALADINES GALLEGOS	0201947231	1021054413	CTE
08/2023	ANCHUNDIA ANCHUNDIA STALIN BERNARDO	1309739132	1101177446	CTE
08/2023	ANDRES ARTURO PLUA YOZA	0926869744	0841181573	CTE
08/2023	ANDRES ESTEBAN ROCAFUERTE OSIO	0915304596	0931056686	CTE
08/2023	ANDRES RODRIGO PEÑAHERRERA CALE	0104306717	4011144917	CTE
08/2023	ANDRES TOAPANTA SIMBAÑA	1704426715	1681012809	CTE
08/2023	ANGEL GUILLERMO ESPINOZA ALBAN	0953214038	0911316740	CTE
08/2023	ANGEL RAMON CEDENO QUIROZ	1308732971	1121024208	CTE
08/2023	ANGEL SALVADOR VILLAVICENCIO PALADINES	1103003990	1405019990	AHO
08/2023	ANGELITA DE LAS MERCEDES GAONA	1705355269	1611028243	CTE
08/2023	ANTONIO VALLARINO PINO	0917108052	0065039737	AHO
08/2023	ARACELY ELIZABETH SANCHEZ QUINTANA	1726893991	5001355797	CTE
08/2023	BALAREZO QUIGUANGO MARIA FERNANDA	1721120259	0003046357	CTE
08/2023	BETTY ASUNCION MACIAS CEDEÑO	1306266782	1121101320	CTE
08/2023	BILLY ANDRES CONSTANTE MERA	0915630362	0002095324	CTE
08/2023	BLANCA AZUCENA BALLESTEROS YAMBAY DE CORONADO	0903969079	0061004179	CTE
08/2023	BLANCA CECILIA LAGLAGUANO PILL	1710937432	5011058539	CTE
08/2023	BOLIVAR HUMBERTO HERNANDEZ BOA	1702930072	0851060879	CTE
08/2023	BONILLA GUARANDA JORGE LUIS	0925048076	0002935962	CTE
08/2023	BYFINANZASPLUS CASA DE VALORES S.A.	1793207138001	5015026029	AHO
08/2023	CARLOS ALBERTO CALLE CAAMANO	0913095105	0041119367	CTE
08/2023	CARLOS HUGO MORAN MENDOZA	0906936331	2031066625	CTE
08/2023	CEDENO MACIAS JOHN ANTHONY	1751603828	0051889721	CTE
08/2023	CESAR VELEZ PONCE	0914177118	0005227231	AHO
08/2023	CHAVEZ PLAZA ERIC MIGUEL	0910682327	0981108662	CTE
08/2023	CRISTHIAN FERNANDO PAZ CAICEDO	1720989746	0921223902	CTE
08/2023	DARWIN NELSINO YAGUANA YANANGOMEZ	0703952663	3001137035	CTE
08/2023	DEXCY NARCISA OJEDA TORRES	1705815072	1008000368	CTE
08/2023	DIANA JACQUELINE MOROCHO SIGUENCIA	1804277307	5021161405	CTE
08/2023	DIEGO ARMANDO QUEZADA MORALES	0301581336	4021038033	CTE
08/2023	DOMENICA SOLANGE HERRERA MARTINEZ	0923845317	0971063266	CTE
08/2023	DOMINY STEEVEN CARPIO VILLAMAR	0930955539	0051608553	CTE
08/2023	DUNUSI S.A.	0992391774001	1675003606	AHO
08/2023	ECUASERVIPRODU S.A.	0992318503001	0005317303	AHO
08/2023	EDWIN RAFAEL GUILLEN MORA	0920528916	0871112617	CTE
08/2023	ERIKA LADY TOMALA VIVANCO	0918834151	0041042405	CTE
08/2023	EVELYN PAOLA SANCHEZ IZQUIERDO	1719316976	1661011155	CTE
08/2023	FABIAN LOACHAMIN S.	1703536944	0845001538	AHO
08/2023	FABIOLA MERCEDES CARPIO RIVERA	0102354818	4011153791	CTE
08/2023	FAUSTO RAMIRO GUAYANAY VICENTE	1103427660	1401128291	CTE
08/2023	FELICITA ANASTACIA TOMALA GUAL	0906489984	7001062901	CTE
08/2023	FELIX CHAVEZ ABAD	0904977451	0005038943	AHO
08/2023	FERNANDO GREGORIO ALCIVAR CEDEÑO	1722167218	5001370975	CTE
08/2023	FRANKLIN  RIVERA / KATHLEN LOZA	0900118126	0841034245	CTE
08/2023	GABRIELA MARIUXI HERDOIZA BUSTAMANTE	0917226177	0841229219	CTE
08/2023	GALLEGOS CONTRERAS JOEL JAVIER	1250033873	0003321769	CTE
08/2023	GANCHOZO GILER CRISTHIAN LEONARDO	1313367235	0051659995	CTE
08/2023	GERARDO  PENA D.	0101148369	4005005327	AHO
08/2023	GOYA MONTOYA FAUSTO ENRIQUE	0911661247	0003053951	CTE
08/2023	GUACHO YAUTIBUG RUBEN ALEJANDRO	0950744367	0002521676	CTE
08/2023	GUSTAVO VALLARINO MARCOS      CECILIA ARCENTALES GUZMAN	0905790622	0005028508	AHO
08/2023	HUGO FABIAN GRANDA GRANDA	1711975357	5061159167	CTE
08/2023	ING. MAYUMI QUINTERO TAPIA	0928752716	1745013289	AHO
08/2023	INGRID CASTILLO	1718194176	1655002038	AHO
08/2023	INTACO ECUADOR S.A.	0990015449001	0005031742	AHO
08/2023	INTERNATIONAL ARCBUSINESS S.A.	1793126642001	1675004461	AHO
08/2023	ISABEL HORTENCIA CONTRERAS MON	1204067332	0061091325	CTE
08/2023	JORGE  ESPAÑA PARRAGA	1307751014	1105027763	AHO
08/2023	JOSE DENNY RODRIGUEZ CEDEÑO	1310246580	2001095653	CTE
08/2023	JOSE GILBER ENCALADA PALADINES	1100868536	1631169917	CTE
08/2023	JOSE MIGUEL VINUEZA GOMEZ DE LA TORR	1709928848	5001571151	CTE
08/2023	JOSETHE NELLY FREIRE TAMAYO	1721828539	5001274765	CTE
08/2023	JOSHUA GABRIEL ARTEAGA REZA	0930229117	1721074216	CTE
08/2023	JUAN CARLOS GARCIA	0906811252	0025078947	AHO
08/2023	JUAN EDUARDO VASCONEZ FIALLOS	1709180838	5021220799	CTE
08/2023	JULIO CESAR SOLORZANO MOREIRA	0919407619	0861062319	CTE
08/2023	KIRPAL ANIBAL RUIZ PASPUEL	0401017538	5021094153	CTE
08/2023	LAURA DOMITILA PINCAY HERMIDA	0903647204	0931157940	CTE
08/2023	LEONOR CAROLINA SIMBAÑA MONTAGUANO	1719623082	1661001599	CTE
08/2023	LESCANO PAEZ OSCAR OSWALDO	1716797400	5001306261	CTE
08/2023	LOURDES ELIZABETH ZAMBRANO ECHEVERRIA	1714902176	0851033377	CTE
08/2023	LUCIA KATHERINE PIEDRA CASTILLO	1103966279	1401099509	CTE
08/2023	LUCILA MALDONADO A FAV. DE LES	1714908801	1021014249	CTE
08/2023	LUIGI ULDARICO REYES CARDENAS	1304399726	1121150296	CTE
08/2023	LUIS ALBERTO TREJO AGUIRRE	1003292867	5001289711	CTE
08/2023	MARGARITA DEL PILAR TAMAYO REY	0917150997	0011040571	CTE
08/2023	MARIA ALEXANDRA ORTIZ GUAMANCE	1711534956	5001140127	CTE
08/2023	MARIA CAROLINA SCHWARZ JARAMILLO	0901434761	0931273196	CTE
08/2023	MARIA DE LOURDES CUESTA O.	0103682126	4005027172	AHO
08/2023	MARIA MAGDALENA LOOR ROMERO	1311204208	0931009572	CTE
08/2023	MARIO GINO COKA BORJA	0902897503	0061150999	CTE
08/2023	MARJORIE DE LAS MERCEDES ESPIN	0914401724	0002049668	CTE
08/2023	MARTHA FABIOLA LOJA	1704520863	1611024025	CTE
08/2023	MARTHA YOLANDA TENEMPAGUAY PRECIADO	0904058930	0031362353	CTE
08/2023	MAXIMO ANASTACIO AVILES FORTUN	0800407538	1005000390	AHO
08/2023	MAXIMO DANIEL CASTILLO BRICEÑO	1101706073	1401114143	CTE
08/2023	MERCEDES BEATRIZ ALTAMIRANO CANTOS	0905909644	4021115759	CTE
08/2023	MIGUEL ANTONIO NEIRA CARVAJAL	0903613180	7001041633	CTE
08/2023	MISHELLE MAGDALENA BUESTAN BARAHONA	0922690607	0941228242	CTE
08/2023	MUNOZ ORTIZ LOURDES DEL SOCORRO	1702930544	0001421053	CTE
08/2023	NANCY DE LAS MERCEDES TAIPE AL	1709368375	5061055077	CTE
08/2023	NARANJO MALDONADO ERNESTO ENRIQUE	0920215977	0021226729	CTE
08/2023	NESTOR JAVIER BELTRAN VALLEJO	0927006577	0881127171	CTE
08/2023	OLGA LIVIA MURILLO CALLE	0916767049	6001037743	CTE
08/2023	OLGA MARIA PUMA	0300618949	4021071159	CTE
08/2023	OLGA VICENTA CHAMBA REVILLA	0701081242	1651081265	CTE
08/2023	PABLO DANIEL PLAZA PARRA	1717837379	5005077398	AHO
08/2023	PATRICIA LEON MERCHAN	0917450827	0035031996	AHO
08/2023	PATRICIA PINCAY SANTILLAN	0702895699	0011113407	CTE
08/2023	PEDRO ANTONIO QUINGA GAVILANES	0917056301	0861074397	CTE
08/2023	PEDRO FELIPE MONTOYA GAIBOR	0956785810	0951258264	CTE
08/2023	PEDRO PABLO PANIMBOZA PULLUTAX	1804275962	1201042737	CTE
08/2023	PETER MAURO VASQUEZ LAINEZ	0703813287	3001152257	CTE
08/2023	PEZO CASTRO IVAN ANDRES	0927198952	0021621307	CTE
08/2023	PINCAY CORDOVA GUSTAVO ROSENDO	1310917297	0021225893	CTE
08/2023	PINCAY NIEVES OCTAVIO ARNULFO	0919266098	0021224891	CTE
08/2023	POSLIGUA MORALES HOLGER IVAN	1202490759	0001722497	CTE
08/2023	POZO GONZALEZ CARLOS FABIAN	0924729908	0002425312	CTE
08/2023	RAUL TAMAY	1801876614	1621059965	CTE
08/2023	RAYNEL ARMANDO VERA GONZALEZ	0930801428	0011189467	CTE
08/2023	RIMBERTO FELIPE FLORES PLUA	1308002417	7001147189	CTE
08/2023	ROMERO PLAZA JONAS WALTER	1302041445	0003578837	CTE
08/2023	ROSA ELVIRA BONILLA TUZA	1713649307	1631128763	CTE
08/2023	ROSA ELVIRA VASQUEZ VALDIVIEZO	0922126727	0002262510	CTE
08/2023	ROSARIO CLAUDINA GOMEZ CALLE	0301118972	3001039975	CTE
08/2023	ROXANA PAMELA ALVAREZ SUAREZ	0920214848	0925028512	AHO
08/2023	SANCHEZ ARGOTI YAHAIRA GABRIELA	0401360102	0021177645	CTE
08/2023	SILVA VILLAMAR DAVID STALYN	0916491533	0911161626	CTE
08/2023	TOBAR ROSERO CHRISTIAN DANIEL	0921381703	0001832145	CTE
08/2023	VERONICA ESPERANZA GARCIA MEZA	1715859359	5061027649	CTE
08/2023	YANSI YESENIA QUINONEZ CALERO	0801715798	1301013524	CTE
08/2023	ZAMBRANO GUERRERO LEONEL STEVEN	0941117491	0981388020	CTE
