%!
(1ups.jdt) STARTLM
 
BANCO BOLIVARIANO                           ** VALIDACION DE COMPROBANTES CONTABLES **                      FECHA IMP.: 21/AGO/2020
MATRIZ (0)                                              PERFILES CONTABLES                                  PAG.      : 1
                                                           21/AGO/2020

-----------------------------------------------------------------------------------------------------------------------------------
     CUENTA      MON.  ORIG. DEST.             DEBITO            CREDITO          DEBITO ME         CREDITO ME     TIPO DE CAMBIO
-----------------------------------------------------------------------------------------------------------------------------------


COMPROBANTE  0 37*****    DEB S/CART (4264)
* INGRESADO *

 210135050501      1     0    41                 0.35               0.00               0.00               0.00     0.0000
 91010505          1     0     0                 0.00               0.35               0.00               0.00     0.0000
                                      ---------------    ---------------    ---------------    ---------------
                 TOTAL                           0.35               0.35               0.00               0.00



COMPROBANTE  0 37*****    ND AHO SERV. BANC. (4272)
* INGRESADO *

 210135050501      1     0    41                40.00               0.00               0.00               0.00     0.0000
 91010505          1     0     0                 0.00              40.00               0.00               0.00     0.0000
                                      ---------------    ---------------    ---------------    ---------------
                 TOTAL                          40.00              40.00               0.00               0.00


