0468892	1106713	1330	C	CTE	4005029659	F	Nov 6 2023 12:00AM	Aug 21 2018 12:00AM	Dec 9 2014 12:00AM		0.00	EN PROCESO DE DEBITO				0.00	EN PROCESO DE DEBITO			
0735241	5259	1330	C	CTE	0030025215	F	Nov 6 2023 12:00AM	Oct 18 2023 12:00AM	Feb 22 2022 12:00AM		300.00	EN PROCESO DE DEBITO			Oct 19 2023 12:00AM	0.00	EN PROCESO DE DEBITO	ebajanat		
0945068	1	1330	E		0045032001	F	Mar 23 2021 12:00AM		Feb 18 2021 12:00AM	Mar 23 2021 12:00AM	0.00	CODIGO PLANILLA NO COINCIDE	Mar 19 2021 12:00AM	Apr 3 2021 12:00AM		503.56	ELIMINADO			S
0972690	5259	1330	C	CTE	0030025215	F	Nov 6 2023 12:00AM	Oct 18 2023 12:00AM	Feb 22 2022 12:00AM		300.00	EN PROCESO DE DEBITO			Oct 20 2023 12:00AM	0.00	EN PROCESO DE DEBITO	ebajanat		
1004507	1537804	1330	C	CTE	5005076445	F	Nov 6 2023 12:00AM	Oct 7 2023 12:00AM	Mar 23 2016 12:00AM		0.00	EN PROCESO DE DEBITO			Oct 10 2023 12:00AM	0.00	EN PROCESO DE DEBITO			
1005172	1148835	1330	C	CTE	0005252837	F	Nov 6 2023 12:00AM	Sep 26 2023 12:00AM	Jun 19 2014 12:00AM		0.00	EN PROCESO DE DEBITO			Sep 26 2023 12:00AM	0.00	EN PROCESO DE DEBITO			
1005174	1148835	1330	C	CTE	0005252837	F	Nov 6 2023 12:00AM	Sep 26 2023 12:00AM	Jun 19 2014 12:00AM		0.00	EN PROCESO DE DEBITO			Sep 26 2023 12:00AM	0.00	EN PROCESO DE DEBITO			
1005175	1148835	1330	C	CTE	0005252837	F	Nov 6 2023 12:00AM	Sep 26 2023 12:00AM	Jun 19 2014 12:00AM		0.00	EN PROCESO DE DEBITO			Sep 26 2023 12:00AM	0.00	EN PROCESO DE DEBITO			
1006129	1537804	1330	C	CTE	5005076445	F	Nov 6 2023 12:00AM	Oct 8 2023 12:00AM	Jul 25 2016 12:00AM		0.00	EN PROCESO DE DEBITO			Oct 10 2023 12:00AM	0.00	EN PROCESO DE DEBITO			
1006364	1537804	1330	C	CTE	5005076445	F	Nov 6 2023 12:00AM	Oct 8 2023 12:00AM	Mar 23 2016 12:00AM		0.00	EN PROCESO DE DEBITO			Oct 10 2023 12:00AM	0.00	EN PROCESO DE DEBITO			
1008780	1537804	1330	C	CTE	5005076445	F	Nov 6 2023 12:00AM	Oct 3 2023 12:00AM	Dec 17 2015 12:00AM		0.00	EN PROCESO DE DEBITO			Oct 6 2023 12:00AM	0.00	EN PROCESO DE DEBITO			
1009515	1537804	1330	C	CTE	5005076445	F	Nov 6 2023 12:00AM	Oct 22 2023 12:00AM	Dec 17 2015 12:00AM		0.00	EN PROCESO DE DEBITO			Oct 22 2023 12:00AM		EN PROCESO DE DEBITO			
1012544	4637	1330	E	CTE	0020025986	F	Jun 7 2023 12:00AM	May 7 2023 12:00AM	Oct 7 2015 12:00AM	Jun 7 2023 12:00AM	0.00	(22)NO POSEE DEUDA / PAGO REALIZADO			May 7 2023 12:00AM	0.00	ELIMINADO		ebajanat	
1014090	76350	1330	C	CTE	5005004664	F	Nov 6 2023 12:00AM	Oct 1 2023 12:00AM	Sep 16 2016 12:00AM		0.00	EN PROCESO DE DEBITO			Oct 5 2023 12:00AM	0.00	EN PROCESO DE DEBITO			
1016456	89499	1330	C	CTE	0025019205	F	Nov 6 2023 12:00AM	Jul 3 2021 12:00AM	Nov 18 2015 12:00AM		0.00	EN PROCESO DE DEBITO			Jun 21 2021 12:00AM	0.00	EN PROCESO DE DEBITO			
1021992	76411	1330	P	CTE	5005036847	F	Oct 27 2023 12:00AM	Oct 28 2023 12:00AM	Mar 10 2021 12:00AM		0.00	39.19	Oct 27 2023 12:00AM	Nov 11 2023 12:00AM	Oct 27 2023 12:00AM	39.19	PROCESADO OK	gycazac		
1026105	5259	1330	C	CTE	0030025215	F	Nov 6 2023 12:00AM	Oct 3 2023 12:00AM	Feb 22 2022 12:00AM		300.00	EN PROCESO DE DEBITO			Oct 6 2023 12:00AM	0.00	EN PROCESO DE DEBITO	ebajanat		
1027210	1537804	1330	E	CTE	5005076445	F	Nov 25 2021 12:00AM	Jun 30 2021 12:00AM	Dec 17 2015 12:00AM	Nov 25 2021 12:00AM	0.00	(122)FACTURA HA SIDO CANCELADA			Jun 18 2021 12:00AM	0.00	ELIMINADO		ebajanat	
1033105	1408920	1330	C	CTE	0005279751	F	Nov 6 2023 12:00AM	Oct 9 2023 12:00AM	Apr 24 2015 12:00AM		0.00	EN PROCESO DE DEBITO			Oct 11 2023 12:00AM	0.00	EN PROCESO DE DEBITO			
1033905	1537804	1330	C	CTE	5005076445	F	Nov 6 2023 12:00AM	Oct 6 2023 12:00AM	Dec 17 2015 12:00AM		0.00	EN PROCESO DE DEBITO			Oct 8 2023 12:00AM	0.00	EN PROCESO DE DEBITO			
226308	10888	1330	C	CTE	0000015138	F	Nov 6 2023 12:00AM	Oct 19 2023 12:00AM	Oct 21 2022 12:00AM		0.00	EN PROCESO DE DEBITO			Oct 19 2023 12:00AM	0.00	EN PROCESO DE DEBITO	eachinim		
290932	1050353	1330	C	CTE	0005239610	F	Nov 6 2023 12:00AM	Jul 1 2023 12:00AM	May 18 2018 12:00AM		0.00	EN PROCESO DE DEBITO			Jul 7 2023 12:00AM	0.00	EN PROCESO DE DEBITO			
291179	1408920	1330	C	CTE	0005279751	F	Nov 6 2023 12:00AM	Oct 1 2023 12:00AM	Jul 16 2015 12:00AM		0.00	EN PROCESO DE DEBITO			Oct 5 2023 12:00AM	0.00	EN PROCESO DE DEBITO			
3000569	431510	1330	P	AHO	4001035203	F	Oct 24 2023 12:00AM	Oct 23 2023 12:00AM	Nov 22 2022 12:00AM		100.00	4.54	Oct 24 2023 12:00AM	Nov 8 2023 12:00AM	Oct 24 2023 12:00AM	4.54	PROCESADO OK	gsellant		
3043155	177	1330	C	CTE	0000018968	F	Nov 6 2023 12:00AM	Dec 15 2018 12:00AM	Jun 2 2016 12:00AM		0.00	EN PROCESO DE DEBITO			Dec 4 2018 12:00AM	0.00	EN PROCESO DE DEBITO			
3112729	1537804	1330	C	CTE	5005076445	F	Nov 6 2023 12:00AM	Oct 5 2023 12:00AM	Dec 16 2015 12:00AM		0.00	EN PROCESO DE DEBITO			Oct 7 2023 12:00AM	0.00	EN PROCESO DE DEBITO			
3120375	1418762	1330	C	CTE	0035048244	F	Nov 6 2023 12:00AM	Oct 18 2023 12:00AM	Feb 22 2022 12:00AM		100.00	EN PROCESO DE DEBITO			Oct 19 2023 12:00AM	0.00	EN PROCESO DE DEBITO	ebajanat		
3202090	5259	1330	C	CTE	0030025215	F	Nov 6 2023 12:00AM	Oct 3 2023 12:00AM	Feb 22 2022 12:00AM		450.00	EN PROCESO DE DEBITO			Oct 6 2023 12:00AM	0.00	EN PROCESO DE DEBITO	ebajanat		
3209707	1148835	1330	C	CTE	0005252837	F	Nov 6 2023 12:00AM	Sep 26 2023 12:00AM	Nov 5 2015 12:00AM		0.00	EN PROCESO DE DEBITO			Sep 26 2023 12:00AM	0.00	EN PROCESO DE DEBITO			
3213485	10888	1330	E	CTE	0000015138	F	Jun 19 2020 12:00AM	Jun 15 2020 12:00AM	Mar 23 2016 12:00AM	Jul 23 2020 12:00AM	0.00	(122)FACTURA HA SIDO CANCELADA			May 18 2020 12:00AM	0.00	ELIMINADO		econtreg	
3253960	1148440	1330	C	CTE	0065025921	F	Nov 6 2023 12:00AM	Oct 4 2023 12:00AM	Dec 15 2016 12:00AM		0.00	EN PROCESO DE DEBITO			Oct 12 2023 12:00AM	0.00	EN PROCESO DE DEBITO			
3344710	708953	1330	C	AHO	0021240071	F	Nov 6 2023 12:00AM	Dec 19 2021 12:00AM	Oct 24 2018 12:00AM		0.00	EN PROCESO DE DEBITO			Dec 7 2021 12:00AM	0.00	EN PROCESO DE DEBITO	aaguirrv		
3355260	456360	1330	P	CTE	0005202201	F	Oct 27 2023 12:00AM	Oct 22 2023 12:00AM	Oct 26 2023 12:00AM		1,000.00	38.95	Oct 27 2023 12:00AM	Nov 11 2023 12:00AM	Oct 27 2023 12:00AM	38.95	PROCESADO OK	gsellant		
3373172	9482	1330	C	CTE	5005091620	F	Nov 6 2023 12:00AM	Oct 1 2023 12:00AM	Feb 3 2022 12:00AM		1,500.00	EN PROCESO DE DEBITO			Oct 5 2023 12:00AM	0.00	EN PROCESO DE DEBITO	eachinim		
3389483	455038	1330	C	CTE	6005004661	F	Nov 6 2023 12:00AM	Oct 16 2023 12:00AM	Jul 19 2023 12:00AM		0.00	EN PROCESO DE DEBITO			Oct 17 2023 12:00AM	0.00	EN PROCESO DE DEBITO	kvizueto		
339747	642416	1330	C	CTE	0005196487	F	Nov 6 2023 12:00AM	Oct 18 2023 12:00AM	Jul 10 2019 12:00AM		0.00	EN PROCESO DE DEBITO			Oct 19 2023 12:00AM	0.00	EN PROCESO DE DEBITO	econtreg		
3404373	1408920	1330	C	CTE	0005279751	F	Nov 6 2023 12:00AM	Oct 1 2023 12:00AM	Jul 10 2019 12:00AM		0.00	EN PROCESO DE DEBITO			Oct 5 2023 12:00AM	0.00	EN PROCESO DE DEBITO	econtreg		
3439171	1732613	1330	C	CTE	0005311224	F	Nov 6 2023 12:00AM	Oct 18 2023 12:00AM	Nov 20 2019 12:00AM		0.00	EN PROCESO DE DEBITO			Oct 19 2023 12:00AM	0.00	EN PROCESO DE DEBITO	econtreg		
3445665	1408920	1330	C	CTE	0005279751	F	Nov 6 2023 12:00AM	Oct 1 2023 12:00AM	Jul 10 2019 12:00AM		0.00	EN PROCESO DE DEBITO			Oct 6 2023 12:00AM	0.00	EN PROCESO DE DEBITO	econtreg		
3469673	1148440	1330	P	CTE	0065025921	F	Oct 25 2023 12:00AM	Oct 25 2023 12:00AM	Mar 2 2022 12:00AM		100.00	10.48	Oct 25 2023 12:00AM	Nov 9 2023 12:00AM	Oct 25 2023 12:00AM	10.48	PROCESADO OK	ebajanat		
3505716	1711396	1330	C	CTE	0005309702	F	Nov 6 2023 12:00AM	Oct 1 2023 12:00AM	Feb 5 2020 12:00AM		0.00	EN PROCESO DE DEBITO			Oct 5 2023 12:00AM	0.00	EN PROCESO DE DEBITO	econtreg		
3560083	174604	1330	C	AHO	0002351682	F	Nov 6 2023 12:00AM	Oct 22 2023 12:00AM	Feb 4 2021 12:00AM		0.00	EN PROCESO DE DEBITO			Oct 22 2023 12:00AM		EN PROCESO DE DEBITO	ebajanat		
3614500	1537804	1330	C	CTE	5005076445	F	Nov 6 2023 12:00AM	Oct 5 2023 12:00AM	Oct 6 2021 12:00AM		0.00	EN PROCESO DE DEBITO			Oct 7 2023 12:00AM	0.00	EN PROCESO DE DEBITO	ebajanat		
3672201	413743	1330	C	CTE	0005168125	F	Nov 6 2023 12:00AM	Apr 3 2023 12:00AM	May 4 2022 12:00AM		0.00	EN PROCESO DE DEBITO			Apr 6 2023 12:00AM	0.00	EN PROCESO DE DEBITO	eachinim		
3710993	76350	1330	C	CTE	5005004664	F	Nov 6 2023 12:00AM	Oct 1 2023 12:00AM	Dec 12 2022 12:00AM		0.00	EN PROCESO DE DEBITO			Oct 5 2023 12:00AM	0.00	EN PROCESO DE DEBITO	gsellant		
371724	5259	1330	C	CTE	0030025215	F	Nov 6 2023 12:00AM	Oct 1 2023 12:00AM	Feb 22 2022 12:00AM		600.00	EN PROCESO DE DEBITO			Oct 5 2023 12:00AM	0.00	EN PROCESO DE DEBITO	ebajanat		
411769	1408920	1330	C	CTE	0005279751	F	Nov 6 2023 12:00AM	Oct 22 2023 12:00AM	Apr 24 2015 12:00AM		0.00	EN PROCESO DE DEBITO			Oct 22 2023 12:00AM		EN PROCESO DE DEBITO			
415430	10888	1330	C	CTE	0000015138	F	Nov 6 2023 12:00AM	Oct 13 2023 12:00AM	Oct 23 2018 12:00AM		0.00	EN PROCESO DE DEBITO			Oct 14 2023 12:00AM	0.00	EN PROCESO DE DEBITO	aaguirrv		
425850	10888	1330	E	CTE	0000015138	F	Jul 8 2021 12:00AM	Jul 23 2021 12:00AM	Jan 16 2017 12:00AM	Jul 14 2021 12:00AM	0.00	45.25	Jul 8 2021 12:00AM	Jul 23 2021 12:00AM	Jul 8 2021 12:00AM	45.25	ELIMINADO		ebajanat	
460741	1408920	1330	C	CTE	0005279751	F	Nov 6 2023 12:00AM	Oct 22 2023 12:00AM	Apr 24 2015 12:00AM		0.00	EN PROCESO DE DEBITO			Oct 22 2023 12:00AM		EN PROCESO DE DEBITO			
609495	76350	1330	C	CTE	5005004664	F	Nov 6 2023 12:00AM	Oct 1 2023 12:00AM	Sep 16 2016 12:00AM		0.00	EN PROCESO DE DEBITO			Oct 5 2023 12:00AM	0.00	EN PROCESO DE DEBITO			
620476	76350	1330	C	CTE	5005004664	F	Nov 6 2023 12:00AM	Oct 1 2023 12:00AM	Sep 16 2016 12:00AM		0.00	EN PROCESO DE DEBITO			Oct 5 2023 12:00AM	0.00	EN PROCESO DE DEBITO			
62562	1148440	1330	C	CTE	0065025921	F	Nov 6 2023 12:00AM	Oct 5 2023 12:00AM	Dec 6 2016 12:00AM		0.00	EN PROCESO DE DEBITO			Oct 12 2023 12:00AM	0.00	EN PROCESO DE DEBITO			
653402	76350	1330	C	CTE	5005004664	F	Nov 6 2023 12:00AM	Oct 1 2023 12:00AM	Sep 16 2016 12:00AM		0.00	EN PROCESO DE DEBITO			Oct 5 2023 12:00AM	0.00	EN PROCESO DE DEBITO			
664565	115116	1330	C	CTE	0005203666	F	Nov 6 2023 12:00AM	Oct 22 2023 12:00AM	Sep 11 2018 12:00AM		0.00	EN PROCESO DE DEBITO			Oct 22 2023 12:00AM		EN PROCESO DE DEBITO			
735241	5259	1330	C	CTE	0030025215	F	Nov 6 2023 12:00AM	Aug 19 2023 12:00AM	Mar 2 2022 12:00AM		300.00	EN PROCESO DE DEBITO			Aug 19 2023 12:00AM	0.00	EN PROCESO DE DEBITO	ebajanat		
736389	76350	1330	C	CTE	5005004664	F	Nov 6 2023 12:00AM	Oct 1 2023 12:00AM	Sep 16 2016 12:00AM		0.00	EN PROCESO DE DEBITO			Oct 5 2023 12:00AM	0.00	EN PROCESO DE DEBITO			
736397	76350	1330	C	CTE	5005004664	F	Nov 6 2023 12:00AM	Oct 1 2023 12:00AM	Sep 16 2016 12:00AM		0.00	EN PROCESO DE DEBITO			Oct 5 2023 12:00AM	0.00	EN PROCESO DE DEBITO			
737940	76350	1330	C	CTE	5005004664	F	Nov 6 2023 12:00AM	Oct 1 2023 12:00AM	Sep 16 2016 12:00AM		0.00	EN PROCESO DE DEBITO			Oct 5 2023 12:00AM	0.00	EN PROCESO DE DEBITO			
747170	1537804	1330	C	CTE	5005076445	F	Nov 6 2023 12:00AM	Oct 1 2023 12:00AM	Dec 17 2015 12:00AM		0.00	EN PROCESO DE DEBITO			Oct 5 2023 12:00AM	0.00	EN PROCESO DE DEBITO			
761809	76350	1330	C	CTE	5005004664	F	Nov 6 2023 12:00AM	Oct 3 2023 12:00AM	Sep 16 2016 12:00AM	Dec 28 2016 12:00AM	0.00	EN PROCESO DE DEBITO			Oct 22 2023 12:00AM		EN PROCESO DE DEBITO			
789388	89499	1330	C	CTE	0025019205	F	Nov 6 2023 12:00AM	Oct 18 2023 12:00AM	Nov 18 2015 12:00AM		0.00	EN PROCESO DE DEBITO			Oct 19 2023 12:00AM	0.00	EN PROCESO DE DEBITO			
795476	1537804	1330	C	CTE	5005076445	F	Nov 6 2023 12:00AM	Oct 1 2023 12:00AM	Dec 17 2015 12:00AM		0.00	EN PROCESO DE DEBITO			Oct 5 2023 12:00AM	0.00	EN PROCESO DE DEBITO			
809582	1408920	1330	C	CTE	0005279751	F	Nov 6 2023 12:00AM	Oct 18 2023 12:00AM	Apr 24 2015 12:00AM		0.00	EN PROCESO DE DEBITO			Oct 19 2023 12:00AM	0.00	EN PROCESO DE DEBITO			
816009	76350	1330	C	CTE	5005004664	F	Nov 6 2023 12:00AM	Sep 1 2022 12:00AM	Sep 16 2016 12:00AM		0.00	EN PROCESO DE DEBITO			Sep 4 2022 12:00AM	0.00	EN PROCESO DE DEBITO			
816017	76350	1330	C	CTE	5005004664	F	Nov 6 2023 12:00AM	Oct 1 2023 12:00AM	Sep 16 2016 12:00AM		0.00	EN PROCESO DE DEBITO			Oct 5 2023 12:00AM	0.00	EN PROCESO DE DEBITO			
816728	76350	1330	C	CTE	5005004664	F	Nov 6 2023 12:00AM	Oct 1 2023 12:00AM	Sep 16 2016 12:00AM		0.00	EN PROCESO DE DEBITO			Oct 5 2023 12:00AM	0.00	EN PROCESO DE DEBITO			
826172	1537804	1330	C	CTE	5005076445	F	Nov 6 2023 12:00AM	Oct 3 2023 12:00AM	Dec 17 2015 12:00AM		0.00	EN PROCESO DE DEBITO			Oct 12 2023 12:00AM	0.00	EN PROCESO DE DEBITO			
849927	76350	1330	C	CTE	5005004664	F	Nov 6 2023 12:00AM	Oct 1 2023 12:00AM	Sep 16 2016 12:00AM		0.00	EN PROCESO DE DEBITO			Oct 5 2023 12:00AM	0.00	EN PROCESO DE DEBITO			
849935	76350	1330	C	CTE	5005004664	F	Nov 6 2023 12:00AM	Oct 1 2023 12:00AM	Sep 16 2016 12:00AM		0.00	EN PROCESO DE DEBITO			Oct 5 2023 12:00AM	0.00	EN PROCESO DE DEBITO			
860841	76350	1330	C	CTE	5005004664	F	Nov 6 2023 12:00AM	Oct 1 2023 12:00AM	Sep 16 2016 12:00AM		0.00	EN PROCESO DE DEBITO			Oct 5 2023 12:00AM	0.00	EN PROCESO DE DEBITO			
861336	76350	1330	C	CTE	5005004664	F	Nov 6 2023 12:00AM	Oct 1 2023 12:00AM	Sep 16 2016 12:00AM		0.00	EN PROCESO DE DEBITO			Oct 5 2023 12:00AM	0.00	EN PROCESO DE DEBITO			
863704	1537804	1330	C	CTE	5005076445	F	Nov 6 2023 12:00AM	Oct 9 2023 12:00AM	Dec 17 2015 12:00AM		0.00	EN PROCESO DE DEBITO			Oct 11 2023 12:00AM	0.00	EN PROCESO DE DEBITO			
866681	76350	1330	C	CTE	5005004664	F	Nov 6 2023 12:00AM	Oct 1 2023 12:00AM	Sep 16 2016 12:00AM		0.00	EN PROCESO DE DEBITO			Oct 5 2023 12:00AM	0.00	EN PROCESO DE DEBITO			
919993	76350	1330	C	CTE	5005004664	F	Nov 6 2023 12:00AM	Oct 1 2023 12:00AM	Sep 16 2016 12:00AM		0.00	EN PROCESO DE DEBITO			Oct 5 2023 12:00AM	0.00	EN PROCESO DE DEBITO			
920637	76350	1330	P	CTE	5005004664	F	Oct 24 2023 12:00AM	Oct 23 2023 12:00AM	Sep 16 2016 12:00AM		0.00	52.23	Oct 24 2023 12:00AM	Nov 8 2023 12:00AM	Oct 24 2023 12:00AM	52.23	PROCESADO OK			
928093	413743	1330	E	CTE	0005168125	F	Oct 4 2022 12:00AM	Oct 1 2022 12:00AM	Sep 21 2015 12:00AM	Oct 12 2022 12:00AM	0.00	1639.34	Oct 4 2022 12:00AM	Oct 19 2022 12:00AM	Oct 4 2022 12:00AM	1,639.34	ELIMINADO		eachinim	
931774	76350	1330	C	CTE	5005004664	F	Nov 6 2023 12:00AM	Oct 1 2023 12:00AM	Sep 16 2016 12:00AM		0.00	EN PROCESO DE DEBITO			Oct 5 2023 12:00AM	0.00	EN PROCESO DE DEBITO			
941635	76350	1330	C	CTE	5005004664	F	Nov 6 2023 12:00AM	Oct 1 2023 12:00AM	Sep 16 2016 12:00AM		0.00	EN PROCESO DE DEBITO			Oct 5 2023 12:00AM	0.00	EN PROCESO DE DEBITO			
943018	76350	1330	C	CTE	5005004664	F	Nov 6 2023 12:00AM	Oct 1 2023 12:00AM	Sep 16 2016 12:00AM		0.00	EN PROCESO DE DEBITO			Oct 5 2023 12:00AM	0.00	EN PROCESO DE DEBITO			
943111	10888	1330	C	CTE	0000015138	F	Nov 6 2023 12:00AM	Oct 1 2023 12:00AM	Dec 16 2014 12:00AM		0.00	EN PROCESO DE DEBITO			Oct 5 2023 12:00AM	0.00	EN PROCESO DE DEBITO			
943330	76350	1330	C	CTE	5005004664	F	Nov 6 2023 12:00AM	Oct 1 2023 12:00AM	Sep 16 2016 12:00AM		0.00	EN PROCESO DE DEBITO			Oct 5 2023 12:00AM	0.00	EN PROCESO DE DEBITO			
945068	1	1330	C		0045032001	F	Nov 6 2023 12:00AM	Oct 1 2023 12:00AM	Mar 23 2021 12:00AM		0.00	EN PROCESO DE DEBITO			Oct 5 2023 12:00AM	0.00	EN PROCESO DE DEBITO			S
953869	1106713	1330	E	CTE	4005029659	F	May 23 2019 12:00AM	May 18 2019 12:00AM	Feb 9 2017 12:00AM	May 23 2019 12:00AM	0.00	(122)FACTURA HA SIDO CANCELADA			May 8 2019 12:00AM	0.00	ELIMINADO		econtreg	
953906	76350	1330	C	CTE	5005004664	F	Nov 6 2023 12:00AM	Oct 1 2023 12:00AM	Sep 16 2016 12:00AM		0.00	EN PROCESO DE DEBITO			Oct 5 2023 12:00AM	0.00	EN PROCESO DE DEBITO			
955629	1537804	1330	C	CTE	5005076445	F	Nov 6 2023 12:00AM	Oct 16 2023 12:00AM	Dec 17 2015 12:00AM		0.00	EN PROCESO DE DEBITO			Oct 18 2023 12:00AM	0.00	EN PROCESO DE DEBITO			
955631	1537804	1330	C	CTE	5005076445	F	Nov 6 2023 12:00AM	Oct 1 2023 12:00AM	Dec 17 2015 12:00AM		0.00	EN PROCESO DE DEBITO			Oct 5 2023 12:00AM	0.00	EN PROCESO DE DEBITO			
959486	10888	1330	C	CTE	0000015138	F	Nov 6 2023 12:00AM	Oct 4 2023 12:00AM	Feb 10 2020 12:00AM		0.00	EN PROCESO DE DEBITO			Oct 6 2023 12:00AM	0.00	EN PROCESO DE DEBITO	econtreg		
961008	10888	1330	E	CTE	0000015138	F	Jun 15 2020 12:00AM	Jun 21 2020 12:00AM	Jun 27 2018 12:00AM	Jun 15 2020 12:00AM	0.00	EN PROCESO DE DEBITO			May 26 2020 12:00AM		ELIMINADO		econtreg	
966038	147245	1330	C	CTE	5005005229	F	Nov 6 2023 12:00AM	Oct 1 2023 12:00AM	May 17 2018 12:00AM		0.00	EN PROCESO DE DEBITO			Oct 5 2023 12:00AM	0.00	EN PROCESO DE DEBITO			
966039	147245	1330	C	CTE	5005005229	F	Nov 6 2023 12:00AM	Oct 1 2023 12:00AM	Jul 22 2014 12:00AM		0.00	EN PROCESO DE DEBITO			Oct 5 2023 12:00AM	0.00	EN PROCESO DE DEBITO			
966563	10888	1330	E	CTE	0000015138	F	Mar 6 2023 12:00AM	Feb 14 2023 12:00AM	Oct 24 2018 12:00AM	Mar 6 2023 12:00AM	0.00	(22)NO POSEE DEUDA / PAGO REALIZADO			Feb 15 2023 12:00AM	0.00	NO POSEE DEUDA / PAGO REALIZADO	aaguirrv	gsellant	
967295	10888	1330	E	CTE	0000015138	F	Aug 2 2019 12:00AM	Jul 22 2019 12:00AM	Dec 16 2014 12:00AM	Aug 2 2019 12:00AM	0.00	(122)FACTURA HA SIDO CANCELADA			Jul 10 2019 12:00AM	0.00	ELIMINADO		econtreg	
971217	1537804	1330	C	CTE	5005076445	F	Nov 6 2023 12:00AM	Oct 22 2023 12:00AM	Dec 17 2015 12:00AM		0.00	EN PROCESO DE DEBITO			Oct 22 2023 12:00AM		EN PROCESO DE DEBITO			
971987	76350	1330	C	CTE	5005004664	F	Nov 6 2023 12:00AM	Oct 1 2023 12:00AM	Sep 16 2016 12:00AM		0.00	EN PROCESO DE DEBITO			Oct 5 2023 12:00AM	0.00	EN PROCESO DE DEBITO			
972690	5259	1330	C	CTE	0030025215	F	Nov 6 2023 12:00AM	Aug 19 2023 12:00AM	Mar 2 2022 12:00AM		300.00	EN PROCESO DE DEBITO			Aug 19 2023 12:00AM	0.00	EN PROCESO DE DEBITO	ebajanat		
973573	1537804	1330	C	CTE	5005076445	F	Nov 6 2023 12:00AM	Oct 3 2023 12:00AM	Dec 17 2015 12:00AM		0.00	EN PROCESO DE DEBITO			Oct 6 2023 12:00AM	0.00	EN PROCESO DE DEBITO			
975466	1537804	1330	C	CTE	5005076445	F	Nov 6 2023 12:00AM	Oct 3 2023 12:00AM	Dec 17 2015 12:00AM		0.00	EN PROCESO DE DEBITO			Oct 6 2023 12:00AM	0.00	EN PROCESO DE DEBITO			
978148	1537804	1330	C	CTE	5005076445	F	Nov 6 2023 12:00AM	Oct 22 2023 12:00AM	Dec 17 2015 12:00AM		0.00	EN PROCESO DE DEBITO			Oct 22 2023 12:00AM		EN PROCESO DE DEBITO			
978859	4637	1330	C	CTE	0020025986	F	Nov 6 2023 12:00AM	Aug 21 2022 12:00AM	Oct 27 2015 12:00AM	Oct 27 2015 12:00AM	0.00	EN PROCESO DE DEBITO			Aug 24 2022 12:00AM	0.00	EN PROCESO DE DEBITO			
982963	1537804	1330	C	CTE	5005076445	F	Nov 6 2023 12:00AM	Oct 3 2023 12:00AM	Dec 17 2015 12:00AM		0.00	EN PROCESO DE DEBITO			Oct 6 2023 12:00AM	0.00	EN PROCESO DE DEBITO			
983464	1537804	1330	C	CTE	5005076445	F	Nov 6 2023 12:00AM	Oct 3 2023 12:00AM	Dec 17 2015 12:00AM		0.00	EN PROCESO DE DEBITO			Oct 6 2023 12:00AM	0.00	EN PROCESO DE DEBITO			
983987	1537804	1330	C	CTE	5005076445	F	Nov 6 2023 12:00AM	Oct 1 2023 12:00AM	Dec 17 2015 12:00AM		0.00	EN PROCESO DE DEBITO			Oct 5 2023 12:00AM	0.00	EN PROCESO DE DEBITO			
984533	1537804	1330	C	CTE	5005076445	F	Nov 6 2023 12:00AM	Oct 3 2023 12:00AM	Dec 17 2015 12:00AM		0.00	EN PROCESO DE DEBITO			Oct 6 2023 12:00AM	0.00	EN PROCESO DE DEBITO			
988205	1537804	1330	C	CTE	5005076445	F	Nov 6 2023 12:00AM	Oct 13 2023 12:00AM	Dec 17 2015 12:00AM		0.00	EN PROCESO DE DEBITO			Oct 14 2023 12:00AM	0.00	EN PROCESO DE DEBITO			
989433	1537804	1330	C	CTE	5005076445	F	Nov 6 2023 12:00AM	Oct 3 2023 12:00AM	Dec 17 2015 12:00AM		0.00	EN PROCESO DE DEBITO			Oct 6 2023 12:00AM	0.00	EN PROCESO DE DEBITO			
990059	1537804	1330	C	CTE	5005076445	F	Nov 6 2023 12:00AM	Oct 22 2023 12:00AM	Dec 17 2015 12:00AM		0.00	EN PROCESO DE DEBITO			Oct 22 2023 12:00AM		EN PROCESO DE DEBITO			
990282	1537804	1330	P	CTE	5005076445	F	Oct 27 2023 12:00AM	Oct 28 2023 12:00AM	Dec 17 2015 12:00AM		0.00	99.44	Oct 27 2023 12:00AM	Nov 11 2023 12:00AM	Oct 27 2023 12:00AM	99.44	PROCESADO OK			
990446	1537804	1330	P	CTE	5005076445	F	Oct 24 2023 12:00AM	Oct 23 2023 12:00AM	Dec 17 2015 12:00AM		0.00	199.48	Oct 24 2023 12:00AM	Nov 8 2023 12:00AM	Oct 24 2023 12:00AM	199.48	PROCESADO OK			
990447	1537804	1330	C	CTE	5005076445	F	Nov 6 2023 12:00AM	Oct 3 2023 12:00AM	Dec 17 2015 12:00AM		0.00	EN PROCESO DE DEBITO			Oct 6 2023 12:00AM	0.00	EN PROCESO DE DEBITO			
993994	1537804	1330	P	CTE	5005076445	F	Oct 26 2023 12:00AM	Oct 27 2023 12:00AM	Dec 16 2015 12:00AM		0.00	8.44	Oct 26 2023 12:00AM	Nov 10 2023 12:00AM	Oct 26 2023 12:00AM	8.44	PROCESADO OK			
993995	1537804	1330	P	CTE	5005076445	F	Oct 26 2023 12:00AM	Oct 27 2023 12:00AM	Dec 17 2015 12:00AM		0.00	49.33	Oct 26 2023 12:00AM	Nov 10 2023 12:00AM	Oct 26 2023 12:00AM	49.33	PROCESADO OK			
995195	1537804	1330	P	CTE	5005076445	F	Oct 24 2023 12:00AM	Oct 23 2023 12:00AM	Dec 17 2015 12:00AM		0.00	70.15	Oct 24 2023 12:00AM	Nov 8 2023 12:00AM	Oct 24 2023 12:00AM	70.15	PROCESADO OK			
996130	1537804	1330	C	CTE	5005076445	F	Nov 6 2023 12:00AM	Oct 3 2023 12:00AM	Dec 17 2015 12:00AM		0.00	EN PROCESO DE DEBITO			Oct 6 2023 12:00AM	0.00	EN PROCESO DE DEBITO			
996180	1537804	1330	P	CTE	5005076445	F	Oct 26 2023 12:00AM	Oct 27 2023 12:00AM	Dec 17 2015 12:00AM		0.00	66.91	Oct 26 2023 12:00AM	Nov 10 2023 12:00AM	Oct 26 2023 12:00AM	66.91	PROCESADO OK			
996970	1021658	1330	C	CTE	0005237445	F	Nov 6 2023 12:00AM	Oct 3 2023 12:00AM	Feb 25 2015 12:00AM		0.00	EN PROCESO DE DEBITO			Oct 6 2023 12:00AM	0.00	EN PROCESO DE DEBITO			
998532	413743	1330	C	CTE	0005168125	F	Nov 6 2023 12:00AM	Oct 19 2023 12:00AM	Jul 19 2019 12:00AM		0.00	EN PROCESO DE DEBITO			Oct 19 2023 12:00AM	0.00	EN PROCESO DE DEBITO	econtreg		
