Inicio Compilacion Jul 10 2023 11:50:14 AM\n
Servidor: CMBDTES1 USUARIO: admora03 \n
Compilacion de la lista:  cckb0053.lis \n
Archivo:: /fuentes/cash/sql/cckb0053.sql / OK\n
Compilando /fuentes/cash/sql/cckb0053.sql\n\n
SP2-0734: unknown command beginning "﻿/********..." - rest of line ignored.
INICIO SCRIPT
OBTENIENDO SECUENCIAS MAXIMAS TABLAS OTC
INSERTAR EMPRESA OK
INSERTAR GRUPO SERVICIO OK
INSERTAR CONVENIO OK
INSERTAR PUNTO FINAL CONSULTA OK
INSERTAR PUNTO FINAL PAGAR OK
INSERTAR PUNTO FINAL PAGAR OK
INSERTAR FLUJO CONSULTA OK
INSERTAR FLUJO PAGO OK
INSERTAR FLUJO REVERSO OK
INSERTAR FLUJO ENRIQ CONSULTA OK
INSERTAR FLUJO ENRIQ PAGO OK
INSERTAR FLUJO ENRIQ REVERSO OK
******************* DATOS INSERTADOS **************************
CODIGO EMPRESA : 478
CODIGO GRUPO SERVICIO : 749
CODIGO CONVENIO : 372
CODIGO SERVICIO : 961
CODIGO SERVICIO CANAL : 2117
CODIGO IDENTIFICADOR : 385
CODIGO PUNTO FINAL CONSULTAR : 210
CODIGO PUNTO FINAL PAGAR : 211
CODIGO PUNTO FINAL REVERSAR : 212
CODIGO FLUJO CONSULTA : 1127
CODIGO FLUJO PAGO : 1128
CODIGO FLUJO REVERSO : 1129
CODIGO FLUJO ENRIQ CONSULTA : 518
CODIGO FLUJO ENRIQ PAGO : 519
CODIGO FLUJO ENRIQ REVERSO : 520
FINAL SCRIPT

PL/SQL procedure successfully completed.


CNV_CODIGO
--------------------------------------------------
SRI-TRNF-DOM


SRV_NOMBRE
--------------------------------------------------
Transferencia Dominio


END_NOMBRE
--------------------------------------------------
Transferencia Dominio CONSULTA


END_NOMBRE
--------------------------------------------------
Transferencia Dominio PAGO


END_NOMBRE
--------------------------------------------------
Transferencia Dominio REVERSO


Fin Compilacion Jul 10 2023 11:50:14 AM \n
