Starting the Java application using /opt/jboss/container/java/run/run-java.sh ...
INFO exec  java -Xms64m -Xmx1024m -XX:+UseParallelGC -XX:MinHeapFreeRatio=10 -XX:MaxHeapFreeRatio=20 -XX:GCTimeRatio=4 -XX:AdaptiveSizePolicyWeight=90 -XX:MaxMetaspaceSize=256m -XX:ParallelGCThreads=1 -Djava.util.concurrent.ForkJoinPool.common.parallelism=1 -XX:CICompilerCount=2 -XX:+ExitOnOutOfMemoryError -Dfile.encoding=ISO-8859-1 -cp "." -jar /deployments/quarkus-run.jar  
__  ____  __  _____   ___  __ ____  ______ 
 --/ __ \/ / / / _ | / _ \/ //_/ / / / __/ 
 -/ /_/ / /_/ / __ |/ , _/ ,< / /_/ /\ \   
--\___\_\____/_/ |_/_/|_/_/|_|\____/___/   
2023-02-13 13:15:49.561  WARN rec-consulta-342-7zns6 --- [       Thread-0] i.q.n.r.NettyRecorder                    : Netty DefaultChannelId initialization (with io.netty.machineId system property set to 21:1f:11:6c:05:25:2e:19) took more than a second
2023-02-13 13:22:39.311  INFO rec-consulta-342-7zns6 --- [vert.x-eventloo] c.b.m.r.m.MessageSender                  : TEXT--> <?xml version="1.0" encoding="UTF-8" standalone="yes"?><mensajeSalidaGateway xmlns="http://www.bolivariano.com/mensaje/MensajeOSB"><codigo>RECMS_CONO001</codigo><mensajeUsuario>Error al procesar mensaje de entrada: java.lang.IllegalArgumentException: argument "content" is null</mensajeUsuario></mensajeSalidaGateway>
2023-02-13 13:22:39.312  INFO rec-consulta-342-7zns6 --- [vert.x-eventloo] c.b.m.r.m.MessageSender                  : JMSX_USERID --> 5211d580b340
2023-02-13 13:22:39.312  INFO rec-consulta-342-7zns6 --- [vert.x-eventloo] c.b.m.r.m.MessageSender                  : destination --> queue:///MS_REC_CONSULTA_RESP
2023-02-13 13:22:39.940  INFO rec-consulta-342-7zns6 --- [vert.x-eventloo] c.b.m.r.s.CheckService                   : 5211d580b340 133090688 ***TIEMPO TOTAL CONSULTA: 31066 *** TIEMPO TOTAL BANCO: 2301 ***  TIEMPO TOTAL PROVEEDOR: 28179 
2023-02-13 13:22:55.436  INFO rec-consulta-342-7zns6 --- [pool-7-thread-1] c.b.m.r.m.MessageListener                : JMS --> 
  JMSMessage class: jms_text
  JMSType:          null
  JMSDeliveryMode:  2
  JMSDeliveryDelay: 0
  JMSDeliveryTime:  0
  JMSExpiration:    0
  JMSPriority:      4
  JMSMessageID:     ID:414d512043535042524b5f514d202020c517e663289e6721
  JMSTimestamp:     1676312575244
  JMSCorrelationID: 4b3908dddf88
  JMSDestination:   queue:///MS_REC_CONSULTA_REQ
  JMSReplyTo:       queue://CSPBRK_QM/MS_REC_CONSULTA_RESP
  JMSRedelivered:   false
    JMSXAppID: 0.15.jar                    
    JMSXDeliveryCount: 1
    JMSXUserID: mqm         
    JMS_IBM_Character_Set: UTF-8
    JMS_IBM_Encoding: 273
    JMS_IBM_Format: MQSTR   
    JMS_IBM_MsgType: 1
    JMS_IBM_PutApplType: 28
    JMS_IBM_PutDate: 20230213
    JMS_IBM_PutTime: 18225530
<?xml version="1.0" encoding="UTF-8" standalone="yes"?><mensajeEntradaGateway xmlns="http://www.boli ...
2023-02-13 13:22:55.436  INFO rec-consulta-342-7zns6 --- [pool-7-thread-1] c.b.m.r.m.MessageListener                : 4b3908dddf88 Mensaje recibido: <?xml version="1.0" encoding="UTF-8" standalone="yes"?><mensajeEntradaGateway xmlns="http://www.bolivariano.com/mensaje/MensajeOSB"><puntoFinal>/opt/microservices/transformaciones</puntoFinal><operacion>consultar</operacion><identificadorCorrelacion>4b3908dddf88</identificadorCorrelacion><mensaje><![CDATA[<ns2:entradaConsultarDeuda xmlns:ns2="http://www.bolivariano.com/mensaje/MensajeOTC"><ns2:canal>VEN</ns2:canal><ns2:depuracion/><ns2:fecha>2023-02-13T13:22:51</ns2:fecha><ns2:oficina>0</ns2:oficina><ns2:secuencial>133090690</ns2:secuencial><ns2:servicio><codTipoServicio>TELEFONIA_FIJA</codTipoServicio><codigoConvenio>01</codigoConvenio><codigoEmpresa>8521</codigoEmpresa><codigoTipoBanca>BP</codigoTipoBanca><codigoTipoIdentificador>002</codigoTipoIdentificador><datosAdicionales><datoAdicional><codigo>e_srv</codigo><valor>SRVDESA2</valor></datoAdicional><datoAdicional><codigo>e_term</codigo><valor>VIRTUAL_BB</valor></datoAdicional><datoAdicional><codigo>e_rol</codigo><valor>252</valor></datoAdicional><datoAdicional><codigo>e_corr</codigo><valor>N</valor></datoAdicional><datoAdicional><codigo>e_ssn_corr</codigo><valor>0</valor></datoAdicional><datoAdicional><codigo>e_mon</codigo><valor>1</valor></datoAdicional><datoAdicional><codigo>e_servicio</codigo><valor>01</valor></datoAdicional><datoAdicional><codigo>e_identificacion</codigo><valor>CED</valor></datoAdicional><datoAdicional><codigo>e_autoriza</codigo><valor>N</valor></datoAdicional><datoAdicional><codigo>e_ubi</codigo><valor/></datoAdicional><datoAdicional><codigo>e_opcion</codigo><valor>C</valor></datoAdicional><datoAdicional><codigo>e_prov_req</codigo><valor>MS_REC_ECUTEL_REQ</valor></datoAdicional><datoAdicional><codigo>e_prov_resp</codigo><valor>MS_REC_ECUTEL_RESP</valor></datoAdicional></datosAdicionales><identificador>0993696147</identificador></ns2:servicio><ns2:transaccion>3925</ns2:transaccion><ns2:usuario>msilvag</ns2:usuario></ns2:entradaConsultarDeuda>]]></mensaje></mensajeEntradaGateway> 
2023-02-13 13:22:55.437  INFO rec-consulta-342-7zns6 --- [vert.x-eventloo] c.b.m.r.s.CheckService                   : Inicio consulta 4b3908dddf88
2023-02-13 13:22:55.441  INFO rec-consulta-342-7zns6 --- [vert.x-eventloo] c.b.m.r.s.CheckService                   : MENSAJE DE ENTRADA GATEWAY: javax.xml.transform.stream.StreamSource@4b2fe26
2023-02-13 13:22:55.465  INFO rec-consulta-342-7zns6 --- [vert.x-eventloo] c.b.m.r.s.CheckService                   : MENSAJE DE ENTRADA CONSULTA: <ns2:entradaConsultarDeuda xmlns:ns2="http://www.bolivariano.com/mensaje/MensajeOTC"><ns2:canal>VEN</ns2:canal><ns2:depuracion/><ns2:fecha>2023-02-13T13:22:51</ns2:fecha><ns2:oficina>0</ns2:oficina><ns2:secuencial>133090690</ns2:secuencial><ns2:servicio><codTipoServicio>TELEFONIA_FIJA</codTipoServicio><codigoConvenio>01</codigoConvenio><codigoEmpresa>8521</codigoEmpresa><codigoTipoBanca>BP</codigoTipoBanca><codigoTipoIdentificador>002</codigoTipoIdentificador><datosAdicionales><datoAdicional><codigo>e_srv</codigo><valor>SRVDESA2</valor></datoAdicional><datoAdicional><codigo>e_term</codigo><valor>VIRTUAL_BB</valor></datoAdicional><datoAdicional><codigo>e_rol</codigo><valor>252</valor></datoAdicional><datoAdicional><codigo>e_corr</codigo><valor>N</valor></datoAdicional><datoAdicional><codigo>e_ssn_corr</codigo><valor>0</valor></datoAdicional><datoAdicional><codigo>e_mon</codigo><valor>1</valor></datoAdicional><datoAdicional><codigo>e_servicio</codigo><valor>01</valor></datoAdicional><datoAdicional><codigo>e_identificacion</codigo><valor>CED</valor></datoAdicional><datoAdicional><codigo>e_autoriza</codigo><valor>N</valor></datoAdicional><datoAdicional><codigo>e_ubi</codigo><valor/></datoAdicional><datoAdicional><codigo>e_opcion</codigo><valor>C</valor></datoAdicional><datoAdicional><codigo>e_prov_req</codigo><valor>MS_REC_ECUTEL_REQ</valor></datoAdicional><datoAdicional><codigo>e_prov_resp</codigo><valor>MS_REC_ECUTEL_RESP</valor></datoAdicional></datosAdicionales><identificador>0993696147</identificador></ns2:servicio><ns2:transaccion>3925</ns2:transaccion><ns2:usuario>msilvag</ns2:usuario></ns2:entradaConsultarDeuda>
2023-02-13 13:22:55.562  INFO rec-consulta-342-7zns6 --- [vert.x-eventloo] c.b.m.r.s.CheckService                   : MENSAJE MENSAJE ENTRADA CONSULTAR DEUDA XML --> <ns2:entradaConsultarDeuda xmlns:ns2="http://www.bolivariano.com/mensaje/MensajeOTC"><ns2:canal>VEN</ns2:canal><ns2:depuracion/><ns2:fecha>2023-02-13T13:22:51</ns2:fecha><ns2:oficina>0</ns2:oficina><ns2:secuencial>133090690</ns2:secuencial><ns2:servicio><codTipoServicio>TELEFONIA_FIJA</codTipoServicio><codigoConvenio>01</codigoConvenio><codigoEmpresa>8521</codigoEmpresa><codigoTipoBanca>BP</codigoTipoBanca><codigoTipoIdentificador>002</codigoTipoIdentificador><datosAdicionales><datoAdicional><codigo>e_srv</codigo><valor>SRVDESA2</valor></datoAdicional><datoAdicional><codigo>e_term</codigo><valor>VIRTUAL_BB</valor></datoAdicional><datoAdicional><codigo>e_rol</codigo><valor>252</valor></datoAdicional><datoAdicional><codigo>e_corr</codigo><valor>N</valor></datoAdicional><datoAdicional><codigo>e_ssn_corr</codigo><valor>0</valor></datoAdicional><datoAdicional><codigo>e_mon</codigo><valor>1</valor></datoAdicional><datoAdicional><codigo>e_servicio</codigo><valor>01</valor></datoAdicional><datoAdicional><codigo>e_identificacion</codigo><valor>CED</valor></datoAdicional><datoAdicional><codigo>e_autoriza</codigo><valor>N</valor></datoAdicional><datoAdicional><codigo>e_ubi</codigo><valor/></datoAdicional><datoAdicional><codigo>e_opcion</codigo><valor>C</valor></datoAdicional><datoAdicional><codigo>e_prov_req</codigo><valor>MS_REC_ECUTEL_REQ</valor></datoAdicional><datoAdicional><codigo>e_prov_resp</codigo><valor>MS_REC_ECUTEL_RESP</valor></datoAdicional></datosAdicionales><identificador>0993696147</identificador></ns2:servicio><ns2:transaccion>3925</ns2:transaccion><ns2:usuario>msilvag</ns2:usuario></ns2:entradaConsultarDeuda>
2023-02-13 13:22:55.563  INFO rec-consulta-342-7zns6 --- [vert.x-eventloo] c.b.m.r.s.CheckService                   : Codigo Convenio: 01
2023-02-13 13:22:55.563  INFO rec-consulta-342-7zns6 --- [vert.x-eventloo] c.b.m.r.s.CheckService                   : Ejecuta Core
2023-02-13 13:22:55.563  INFO rec-consulta-342-7zns6 --- [vert.x-eventloo] c.b.m.r.d.CheckCoreDao                   : cob_pagos..pa_pg_pval_reca_varios Input Parameters
2023-02-13 13:22:55.660  INFO rec-consulta-342-7zns6 --- [vert.x-eventloo] c.b.m.r.d.CheckCoreDao                   : @e_ssn=133090690
2023-02-13 13:22:55.661  INFO rec-consulta-342-7zns6 --- [vert.x-eventloo] c.b.m.r.d.CheckCoreDao                   : @e_srv=SRVDESA2
2023-02-13 13:22:55.661  INFO rec-consulta-342-7zns6 --- [vert.x-eventloo] c.b.m.r.d.CheckCoreDao                   : @e_user=msilvag
2023-02-13 13:22:55.661  INFO rec-consulta-342-7zns6 --- [vert.x-eventloo] c.b.m.r.d.CheckCoreDao                   : @e_term=VIRTUAL_BB
2023-02-13 13:22:55.662  INFO rec-consulta-342-7zns6 --- [vert.x-eventloo] c.b.m.r.d.CheckCoreDao                   : @e_date=02/13/2023
2023-02-13 13:22:55.662  INFO rec-consulta-342-7zns6 --- [vert.x-eventloo] c.b.m.r.d.CheckCoreDao                   : @e_ofi=0
2023-02-13 13:22:55.662  INFO rec-consulta-342-7zns6 --- [vert.x-eventloo] c.b.m.r.d.CheckCoreDao                   : @e_rol=252
2023-02-13 13:22:55.662  INFO rec-consulta-342-7zns6 --- [vert.x-eventloo] c.b.m.r.d.CheckCoreDao                   : @e_corr=N
2023-02-13 13:22:55.663  INFO rec-consulta-342-7zns6 --- [vert.x-eventloo] c.b.m.r.d.CheckCoreDao                   : @e_ssn_corr=0
2023-02-13 13:22:55.663  INFO rec-consulta-342-7zns6 --- [vert.x-eventloo] c.b.m.r.d.CheckCoreDao                   : @e_trn=3925
2023-02-13 13:22:55.663  INFO rec-consulta-342-7zns6 --- [vert.x-eventloo] c.b.m.r.d.CheckCoreDao                   : @e_mon=1
2023-02-13 13:22:55.664  INFO rec-consulta-342-7zns6 --- [vert.x-eventloo] c.b.m.r.d.CheckCoreDao                   : @e_servicio=01
2023-02-13 13:22:55.664  INFO rec-consulta-342-7zns6 --- [vert.x-eventloo] c.b.m.r.d.CheckCoreDao                   : @e_empresa=8521
2023-02-13 13:22:55.664  INFO rec-consulta-342-7zns6 --- [vert.x-eventloo] c.b.m.r.d.CheckCoreDao                   : @e_codigo=0993696147
2023-02-13 13:22:55.664  INFO rec-consulta-342-7zns6 --- [vert.x-eventloo] c.b.m.r.d.CheckCoreDao                   : @e_identificacion=CED
2023-02-13 13:22:55.665  INFO rec-consulta-342-7zns6 --- [vert.x-eventloo] c.b.m.r.d.CheckCoreDao                   : @e_efectivo=0
2023-02-13 13:22:55.758  INFO rec-consulta-342-7zns6 --- [vert.x-eventloo] c.b.m.r.d.CheckCoreDao                   : @e_cheque=0
2023-02-13 13:22:55.759  INFO rec-consulta-342-7zns6 --- [vert.x-eventloo] c.b.m.r.d.CheckCoreDao                   : @e_debito=0
2023-02-13 13:22:55.759  INFO rec-consulta-342-7zns6 --- [vert.x-eventloo] c.b.m.r.d.CheckCoreDao                   : @e_tarjeta=0
2023-02-13 13:22:55.759  INFO rec-consulta-342-7zns6 --- [vert.x-eventloo] c.b.m.r.d.CheckCoreDao                   : @e_comision_efe=0
2023-02-13 13:22:55.759  INFO rec-consulta-342-7zns6 --- [vert.x-eventloo] c.b.m.r.d.CheckCoreDao                   : @e_comision_chq=0
2023-02-13 13:22:55.760  INFO rec-consulta-342-7zns6 --- [vert.x-eventloo] c.b.m.r.d.CheckCoreDao                   : @e_comision_db=0
2023-02-13 13:22:55.760  INFO rec-consulta-342-7zns6 --- [vert.x-eventloo] c.b.m.r.d.CheckCoreDao                   : @e_total=0
2023-02-13 13:22:55.760  INFO rec-consulta-342-7zns6 --- [vert.x-eventloo] c.b.m.r.d.CheckCoreDao                   : @e_tipo_cta=
2023-02-13 13:22:55.760  INFO rec-consulta-342-7zns6 --- [vert.x-eventloo] c.b.m.r.d.CheckCoreDao                   : @e_cuenta=
2023-02-13 13:22:55.760  INFO rec-consulta-342-7zns6 --- [vert.x-eventloo] c.b.m.r.d.CheckCoreDao                   : @e_autoriza=N
2023-02-13 13:22:55.761  INFO rec-consulta-342-7zns6 --- [vert.x-eventloo] c.b.m.r.d.CheckCoreDao                   : @e_canal=VEN
2023-02-13 13:22:55.761  INFO rec-consulta-342-7zns6 --- [vert.x-eventloo] c.b.m.r.d.CheckCoreDao                   : @e_ubi=0
2023-02-13 13:22:55.761  INFO rec-consulta-342-7zns6 --- [vert.x-eventloo] c.b.m.r.d.CheckCoreDao                   : @e_opcion=C
2023-02-13 13:22:55.761  INFO rec-consulta-342-7zns6 --- [vert.x-eventloo] c.b.m.r.d.CheckCoreDao                   : @e_reverso=
2023-02-13 13:22:55.762  INFO rec-consulta-342-7zns6 --- [vert.x-eventloo] c.b.m.r.d.CheckCoreDao                   : @e_emp_nombre=
2023-02-13 13:22:55.762  INFO rec-consulta-342-7zns6 --- [vert.x-eventloo] c.b.m.r.d.CheckCoreDao                   : EJECUTA SP {? =  call cob_pagos..pa_pg_pval_reca_varios(?,?,?,?,?,?,?,?,?,?,?,?,?,?,?,?,?,?,?,?,?,?,?,?,?,?,?,?,?,?,?,?,?,?,?,?,?,?,?,?,?,?,?,?) }
2023-02-13 13:22:55.859  INFO rec-consulta-342-7zns6 --- [vert.x-eventloo] c.b.m.r.d.CheckCoreDao                   : FINALIZA EJECUTA SP
2023-02-13 13:22:55.860  INFO rec-consulta-342-7zns6 --- [vert.x-eventloo] c.b.m.r.d.CheckCoreDao                   : cob_pagos..pa_pg_pval_reca_varios Output Parameters
2023-02-13 13:22:55.860  INFO rec-consulta-342-7zns6 --- [vert.x-eventloo] c.b.m.r.d.CheckCoreDao                   : @RETURN_VALUE=0
2023-02-13 13:22:55.861  INFO rec-consulta-342-7zns6 --- [vert.x-eventloo] c.b.m.r.d.CheckCoreDao                   : @s_fecha_contable=null
2023-02-13 13:22:55.861  INFO rec-consulta-342-7zns6 --- [vert.x-eventloo] c.b.m.r.d.CheckCoreDao                   : @s_ssn=133090690
2023-02-13 13:22:55.862  INFO rec-consulta-342-7zns6 --- [vert.x-eventloo] c.b.m.r.d.CheckCoreDao                   : @s_comision=1
2023-02-13 13:22:55.862  INFO rec-consulta-342-7zns6 --- [vert.x-eventloo] c.b.m.r.d.CheckCoreDao                   : @s_tasa=null
2023-02-13 13:22:55.862  INFO rec-consulta-342-7zns6 --- [vert.x-eventloo] c.b.m.r.d.CheckCoreDao                   : @s_base_imp=0.6
2023-02-13 13:22:55.862  INFO rec-consulta-342-7zns6 --- [vert.x-eventloo] c.b.m.r.d.CheckCoreDao                   : @s_impuesto=0.0
2023-02-13 13:22:55.863  INFO rec-consulta-342-7zns6 --- [vert.x-eventloo] c.b.m.r.d.CheckCoreDao                   : @s_empresa=CONSORCIO ECUATORIANO DE TELEC
2023-02-13 13:22:55.863  INFO rec-consulta-342-7zns6 --- [vert.x-eventloo] c.b.m.r.d.CheckCoreDao                   : @s_recaudacion=LINEA   
2023-02-13 13:22:55.863  INFO rec-consulta-342-7zns6 --- [vert.x-eventloo] c.b.m.r.d.CheckCoreDao                   : @s_referencia1=null
2023-02-13 13:22:55.863  INFO rec-consulta-342-7zns6 --- [vert.x-eventloo] c.b.m.r.d.CheckCoreDao                   : @s_referencia2=null
2023-02-13 13:22:55.863  INFO rec-consulta-342-7zns6 --- [vert.x-eventloo] c.b.m.r.d.CheckCoreDao                   : @s_referencia3=null
2023-02-13 13:22:55.863  INFO rec-consulta-342-7zns6 --- [vert.x-eventloo] c.b.m.r.d.CheckCoreDao                   : @s_mensaje=OK
2023-02-13 13:22:55.864  INFO rec-consulta-342-7zns6 --- [vert.x-eventloo] c.b.m.r.d.CheckCoreDao                   : @s_deuda=0.0
2023-02-13 13:22:55.864  INFO rec-consulta-342-7zns6 --- [vert.x-eventloo] c.b.m.r.d.CheckCoreDao                   : CIERRA CONEXION!
2023-02-13 13:22:55.864  INFO rec-consulta-342-7zns6 --- [vert.x-eventloo] c.b.m.r.s.CheckService                   : Finaliza Core
2023-02-13 13:22:55.865  INFO rec-consulta-342-7zns6 --- [vert.x-eventloo] c.b.m.r.s.CheckService                   : ENVIA CONSULTA PROVEEDOR
2023-02-13 13:22:56.063  INFO rec-consulta-342-7zns6 --- [vert.x-eventloo] c.b.m.r.m.MessageSender                  : COLA MQ  SENDER --> MS_REC_ECUTEL_REQ
2023-02-13 13:22:56.063  INFO rec-consulta-342-7zns6 --- [vert.x-eventloo] c.b.m.r.m.MessageSender                  : MENSAJE--> {"tipoFlujo":"CONSULTA","mensajeEntradaConsultarDeuda":{"canal":"VEN","depuracion":"","fecha":"2023-02-13T13:22:51","oficina":"0","secuencial":"133090690","servicio":{"codTipoServicio":"TELEFONIA_FIJA","codigoConvenio":"01","codigoEmpresa":"8521","codigoTipoBanca":"BP","codigoTipoIdentificador":"002","datosAdicionales":{"datoAdicional":[{"codigo":"e_srv","etiqueta":null,"editable":null,"formato":null,"listasSeleccion":null,"longitud":null,"mascara":null,"regexp":null,"tipo":null,"valor":"SRVDESA2","visible":null},{"codigo":"e_term","etiqueta":null,"editable":null,"formato":null,"listasSeleccion":null,"longitud":null,"mascara":null,"regexp":null,"tipo":null,"valor":"VIRTUAL_BB","visible":null},{"codigo":"e_rol","etiqueta":null,"editable":null,"formato":null,"listasSeleccion":null,"longitud":null,"mascara":null,"regexp":null,"tipo":null,"valor":"252","visible":null},{"codigo":"e_corr","etiqueta":null,"editable":null,"formato":null,"listasSeleccion":null,"longitud":null,"mascara":null,"regexp":null,"tipo":null,"valor":"N","visible":null},{"codigo":"e_ssn_corr","etiqueta":null,"editable":null,"formato":null,"listasSeleccion":null,"longitud":null,"mascara":null,"regexp":null,"tipo":null,"valor":"0","visible":null},{"codigo":"e_mon","etiqueta":null,"editable":null,"formato":null,"listasSeleccion":null,"longitud":null,"mascara":null,"regexp":null,"tipo":null,"valor":"1","visible":null},{"codigo":"e_servicio","etiqueta":null,"editable":null,"formato":null,"listasSeleccion":null,"longitud":null,"mascara":null,"regexp":null,"tipo":null,"valor":"01","visible":null},{"codigo":"e_identificacion","etiqueta":null,"editable":null,"formato":null,"listasSeleccion":null,"longitud":null,"mascara":null,"regexp":null,"tipo":null,"valor":"CED","visible":null},{"codigo":"e_autoriza","etiqueta":null,"editable":null,"formato":null,"listasSeleccion":null,"longitud":null,"mascara":null,"regexp":null,"tipo":null,"valor":"N","visible":null},{"codigo":"e_ubi","etiqueta":null,"editable":null,"formato":null,"listasSeleccion":null,"longitud":null,"mascara":null,"regexp":null,"tipo":null,"valor":"","visible":null},{"codigo":"e_opcion","etiqueta":null,"editable":null,"formato":null,"listasSeleccion":null,"longitud":null,"mascara":null,"regexp":null,"tipo":null,"valor":"C","visible":null},{"codigo":"e_prov_req","etiqueta":null,"editable":null,"formato":null,"listasSeleccion":null,"longitud":null,"mascara":null,"regexp":null,"tipo":null,"valor":"MS_REC_ECUTEL_REQ","visible":null},{"codigo":"e_prov_resp","etiqueta":null,"editable":null,"formato":null,"listasSeleccion":null,"longitud":null,"mascara":null,"regexp":null,"tipo":null,"valor":"MS_REC_ECUTEL_RESP","visible":null},{"codigo":"vp_s_fecha_contable","etiqueta":null,"editable":null,"formato":null,"listasSeleccion":null,"longitud":null,"mascara":null,"regexp":null,"tipo":null,"valor":null,"visible":null},{"codigo":"vp_s_ssn","etiqueta":null,"editable":null,"formato":null,"listasSeleccion":null,"longitud":null,"mascara":null,"regexp":null,"tipo":null,"valor":"133090690","visible":null},{"codigo":"vp_s_comision","etiqueta":null,"editable":null,"formato":null,"listasSeleccion":null,"longitud":null,"mascara":null,"regexp":null,"tipo":null,"valor":"1","visible":null},{"codigo":"vp_s_tasa","etiqueta":null,"editable":null,"formato":null,"listasSeleccion":null,"longitud":null,"mascara":null,"regexp":null,"tipo":null,"valor":null,"visible":null},{"codigo":"vp_s_base_imp","etiqueta":null,"editable":null,"formato":null,"listasSeleccion":null,"longitud":null,"mascara":null,"regexp":null,"tipo":null,"valor":"0.6","visible":null},{"codigo":"vp_s_impuesto","etiqueta":null,"editable":null,"formato":null,"listasSeleccion":null,"longitud":null,"mascara":null,"regexp":null,"tipo":null,"valor":"0.0","visible":null},{"codigo":"vp_s_empresa","etiqueta":null,"editable":null,"formato":null,"listasSeleccion":null,"longitud":null,"mascara":null,"regexp":null,"tipo":null,"valor":"CONSORCIO ECUATORIANO DE TELEC","visible":null},{"codigo":"vp_s_recaudacion","etiqueta":null,"editable":null,"formato":null,"listasSeleccion":null,"longitud":null,"mascara":null,"regexp":null,"tipo":null,"valor":"LINEA   ","visible":null},{"codigo":"vp_s_referencia1","etiqueta":null,"editable":null,"formato":null,"listasSeleccion":null,"longitud":null,"mascara":null,"regexp":null,"tipo":null,"valor":null,"visible":null},{"codigo":"vp_s_referencia2","etiqueta":null,"editable":null,"formato":null,"listasSeleccion":null,"longitud":null,"mascara":null,"regexp":null,"tipo":null,"valor":null,"visible":null},{"codigo":"vp_s_referencia3","etiqueta":null,"editable":null,"formato":null,"listasSeleccion":null,"longitud":null,"mascara":null,"regexp":null,"tipo":null,"valor":null,"visible":null},{"codigo":"e_prov_req","etiqueta":null,"editable":null,"formato":null,"listasSeleccion":null,"longitud":null,"mascara":null,"regexp":null,"tipo":null,"valor":"MS_REC_ECUTEL_REQ","visible":null},{"codigo":"e_prov_resp","etiqueta":null,"editable":null,"formato":null,"listasSeleccion":null,"longitud":null,"mascara":null,"regexp":null,"tipo":null,"valor":"MS_REC_ECUTEL_RESP","visible":null}]},"identificador":"0993696147"},"transaccion":"3925","usuario":"msilvag"}}
2023-02-13 13:22:57.547  INFO rec-consulta-342-7zns6 --- [vert.x-eventloo] c.b.m.r.m.MessageSender                  : MENSAJE--> 
  JMSMessage class: jms_text
  JMSType:          null
  JMSDeliveryMode:  1
  JMSDeliveryDelay: 0
  JMSDeliveryTime:  0
  JMSExpiration:    50000
  JMSPriority:      4
  JMSMessageID:     4b3908dddf88
  JMSTimestamp:     105283088721995
  JMSCorrelationID: 4b3908dddf88
  JMSDestination:   null
  JMSReplyTo:       null
  JMSRedelivered:   false
    JMS_IBM_Character_Set: 1208
    JMS_IBM_MQMD_Expiry: 50000
{"tipoFlujo":"CONSULTA","mensajeEntradaConsultarDeuda":{"canal":"VEN","depuracion":"","fecha":"2023- ...
2023-02-13 13:22:57.547  INFO rec-consulta-342-7zns6 --- [vert.x-eventloo] c.b.m.r.m.MessageSender                  : TEXT--> {"tipoFlujo":"CONSULTA","mensajeEntradaConsultarDeuda":{"canal":"VEN","depuracion":"","fecha":"2023-02-13T13:22:51","oficina":"0","secuencial":"133090690","servicio":{"codTipoServicio":"TELEFONIA_FIJA","codigoConvenio":"01","codigoEmpresa":"8521","codigoTipoBanca":"BP","codigoTipoIdentificador":"002","datosAdicionales":{"datoAdicional":[{"codigo":"e_srv","etiqueta":null,"editable":null,"formato":null,"listasSeleccion":null,"longitud":null,"mascara":null,"regexp":null,"tipo":null,"valor":"SRVDESA2","visible":null},{"codigo":"e_term","etiqueta":null,"editable":null,"formato":null,"listasSeleccion":null,"longitud":null,"mascara":null,"regexp":null,"tipo":null,"valor":"VIRTUAL_BB","visible":null},{"codigo":"e_rol","etiqueta":null,"editable":null,"formato":null,"listasSeleccion":null,"longitud":null,"mascara":null,"regexp":null,"tipo":null,"valor":"252","visible":null},{"codigo":"e_corr","etiqueta":null,"editable":null,"formato":null,"listasSeleccion":null,"longitud":null,"mascara":null,"regexp":null,"tipo":null,"valor":"N","visible":null},{"codigo":"e_ssn_corr","etiqueta":null,"editable":null,"formato":null,"listasSeleccion":null,"longitud":null,"mascara":null,"regexp":null,"tipo":null,"valor":"0","visible":null},{"codigo":"e_mon","etiqueta":null,"editable":null,"formato":null,"listasSeleccion":null,"longitud":null,"mascara":null,"regexp":null,"tipo":null,"valor":"1","visible":null},{"codigo":"e_servicio","etiqueta":null,"editable":null,"formato":null,"listasSeleccion":null,"longitud":null,"mascara":null,"regexp":null,"tipo":null,"valor":"01","visible":null},{"codigo":"e_identificacion","etiqueta":null,"editable":null,"formato":null,"listasSeleccion":null,"longitud":null,"mascara":null,"regexp":null,"tipo":null,"valor":"CED","visible":null},{"codigo":"e_autoriza","etiqueta":null,"editable":null,"formato":null,"listasSeleccion":null,"longitud":null,"mascara":null,"regexp":null,"tipo":null,"valor":"N","visible":null},{"codigo":"e_ubi","etiqueta":null,"editable":null,"formato":null,"listasSeleccion":null,"longitud":null,"mascara":null,"regexp":null,"tipo":null,"valor":"","visible":null},{"codigo":"e_opcion","etiqueta":null,"editable":null,"formato":null,"listasSeleccion":null,"longitud":null,"mascara":null,"regexp":null,"tipo":null,"valor":"C","visible":null},{"codigo":"e_prov_req","etiqueta":null,"editable":null,"formato":null,"listasSeleccion":null,"longitud":null,"mascara":null,"regexp":null,"tipo":null,"valor":"MS_REC_ECUTEL_REQ","visible":null},{"codigo":"e_prov_resp","etiqueta":null,"editable":null,"formato":null,"listasSeleccion":null,"longitud":null,"mascara":null,"regexp":null,"tipo":null,"valor":"MS_REC_ECUTEL_RESP","visible":null},{"codigo":"vp_s_fecha_contable","etiqueta":null,"editable":null,"formato":null,"listasSeleccion":null,"longitud":null,"mascara":null,"regexp":null,"tipo":null,"valor":null,"visible":null},{"codigo":"vp_s_ssn","etiqueta":null,"editable":null,"formato":null,"listasSeleccion":null,"longitud":null,"mascara":null,"regexp":null,"tipo":null,"valor":"133090690","visible":null},{"codigo":"vp_s_comision","etiqueta":null,"editable":null,"formato":null,"listasSeleccion":null,"longitud":null,"mascara":null,"regexp":null,"tipo":null,"valor":"1","visible":null},{"codigo":"vp_s_tasa","etiqueta":null,"editable":null,"formato":null,"listasSeleccion":null,"longitud":null,"mascara":null,"regexp":null,"tipo":null,"valor":null,"visible":null},{"codigo":"vp_s_base_imp","etiqueta":null,"editable":null,"formato":null,"listasSeleccion":null,"longitud":null,"mascara":null,"regexp":null,"tipo":null,"valor":"0.6","visible":null},{"codigo":"vp_s_impuesto","etiqueta":null,"editable":null,"formato":null,"listasSeleccion":null,"longitud":null,"mascara":null,"regexp":null,"tipo":null,"valor":"0.0","visible":null},{"codigo":"vp_s_empresa","etiqueta":null,"editable":null,"formato":null,"listasSeleccion":null,"longitud":null,"mascara":null,"regexp":null,"tipo":null,"valor":"CONSORCIO ECUATORIANO DE TELEC","visible":null},{"codigo":"vp_s_recaudacion","etiqueta":null,"editable":null,"formato":null,"listasSeleccion":null,"longitud":null,"mascara":null,"regexp":null,"tipo":null,"valor":"LINEA   ","visible":null},{"codigo":"vp_s_referencia1","etiqueta":null,"editable":null,"formato":null,"listasSeleccion":null,"longitud":null,"mascara":null,"regexp":null,"tipo":null,"valor":null,"visible":null},{"codigo":"vp_s_referencia2","etiqueta":null,"editable":null,"formato":null,"listasSeleccion":null,"longitud":null,"mascara":null,"regexp":null,"tipo":null,"valor":null,"visible":null},{"codigo":"vp_s_referencia3","etiqueta":null,"editable":null,"formato":null,"listasSeleccion":null,"longitud":null,"mascara":null,"regexp":null,"tipo":null,"valor":null,"visible":null},{"codigo":"e_prov_req","etiqueta":null,"editable":null,"formato":null,"listasSeleccion":null,"longitud":null,"mascara":null,"regexp":null,"tipo":null,"valor":"MS_REC_ECUTEL_REQ","visible":null},{"codigo":"e_prov_resp","etiqueta":null,"editable":null,"formato":null,"listasSeleccion":null,"longitud":null,"mascara":null,"regexp":null,"tipo":null,"valor":"MS_REC_ECUTEL_RESP","visible":null}]},"identificador":"0993696147"},"transaccion":"3925","usuario":"msilvag"}}
2023-02-13 13:22:57.547  INFO rec-consulta-342-7zns6 --- [vert.x-eventloo] c.b.m.r.m.MessageSender                  : JMSX_USERID --> 4b3908dddf88
2023-02-13 13:22:58.175  INFO rec-consulta-342-7zns6 --- [vert.x-eventloo] c.b.m.r.m.MessageConsumer                : Recuperando mensaje cola proveedor MS_REC_ECUTEL_RESP
2023-02-13 13:22:59.539  INFO rec-consulta-342-7zns6 --- [vert.x-eventloo] c.b.m.r.m.MessageConsumer                : COLA MQ --> MS_REC_CONSULTA_REQ
2023-02-13 13:23:12.195  INFO rec-consulta-342-7zns6 --- [vert.x-eventloo] c.b.m.r.m.MessageConsumer                : MENSAJE RECIBIDO--> 
  JMSMessage class: jms_text
  JMSType:          null
  JMSDeliveryMode:  2
  JMSDeliveryDelay: 0
  JMSDeliveryTime:  0
  JMSExpiration:    1676312641651
  JMSPriority:      4
  JMSMessageID:     ID:414d512043535042524b5f514d202020c517e663f0526721
  JMSTimestamp:     1676312591651
  JMSCorrelationID: 4b3908dddf88
  JMSDestination:   queue:///MS_REC_ECUTEL_RESP
  JMSReplyTo:       null
  JMSRedelivered:   false
    JMSXAppID: /deployments/quarkus-run.jar
    JMSXDeliveryCount: 1
    JMSXUserID: mqm         
    JMS_IBM_Character_Set: UTF-8
    JMS_IBM_Encoding: 273
    JMS_IBM_Format: MQSTR   
    JMS_IBM_MsgType: 8
    JMS_IBM_PutApplType: 28
    JMS_IBM_PutDate: 20230213
    JMS_IBM_PutTime: 18231207
{"codigo":"0","mensajeUsuario":"Consulta ejecutada","estado":"OK","mensajeSalidaEjecutarPago":null," ...
2023-02-13 13:23:12.463  INFO rec-consulta-342-7zns6 --- [vert.x-eventloo] c.b.m.r.s.CheckService                   : OBTIENE CONSULTA PROVEEDOR
2023-02-13 13:23:12.967  INFO rec-consulta-342-7zns6 --- [vert.x-eventloo] c.b.m.r.s.CheckService                   : RESPUESTA DE INTEGRACIO PROVEEDOR: 0
2023-02-13 13:23:13.066  INFO rec-consulta-342-7zns6 --- [vert.x-eventloo] c.b.m.r.s.CheckService                   : RESPUESTA DE PROVEEDOR: 0
2023-02-13 13:23:13.066  INFO rec-consulta-342-7zns6 --- [vert.x-eventloo] c.b.m.r.s.CheckService                   : NO TENIA DATOS ADICIONALES
2023-02-13 13:23:13.066  INFO rec-consulta-342-7zns6 --- [vert.x-eventloo] c.b.m.r.s.CheckService                   : respuesta-->{"codigo":"0","mensajeUsuario":"Consulta ejecutada","estado":"OK","mensajeSalidaEjecutarPago":null,"mensajeSalidaConsultarDeuda":{"codigoError":"0","datosAdicionales":null,"fechaVencimiento":null,"formaPago":null,"formaPagoRecibos":null,"identificadorDeuda":null,"limiteMontoMaximo":null,"limiteMontoMinimo":null,"mensajeUsuario":"Pago Recibido Correctamente.","mensajeSistema":null,"montoMinimo":null,"montoTotal":24.64,"nombreCliente":"MORENO COLINA ALEXIS JOSE","recibos":null,"textoAyuda":null}}
2023-02-13 13:23:13.458  INFO rec-consulta-342-7zns6 --- [vert.x-eventloo] c.b.m.r.m.MessageSender                  : COLA MQ  SENDER --> MS_REC_CONSULTA_RESP
2023-02-13 13:23:13.458  INFO rec-consulta-342-7zns6 --- [vert.x-eventloo] c.b.m.r.m.MessageSender                  : message--> <?xml version="1.0" encoding="UTF-8" standalone="yes"?><mensajeSalidaGateway xmlns="http://www.bolivariano.com/mensaje/MensajeOSB"><codigo>0</codigo><mensajeUsuario>Pago Recibido Correctamente.</mensajeUsuario><mensaje><![CDATA[<?xml version="1.0" encoding="UTF-8" standalone="yes"?><ns2:salidaConsultarDeuda xmlns:ns2="http://www.bolivariano.com/mensaje/MensajeOTC"><ns2:codigoError>0</ns2:codigoError><ns2:datosAdicionales><ns2:datoAdicional><codigo>vp_s_fecha_contable</codigo></ns2:datoAdicional><ns2:datoAdicional><codigo>vp_s_ssn</codigo><valor>133090690</valor></ns2:datoAdicional><ns2:datoAdicional><codigo>vp_s_comision</codigo><valor>1</valor></ns2:datoAdicional><ns2:datoAdicional><codigo>vp_s_tasa</codigo></ns2:datoAdicional><ns2:datoAdicional><codigo>vp_s_base_imp</codigo><valor>0.6</valor></ns2:datoAdicional><ns2:datoAdicional><codigo>vp_s_impuesto</codigo><valor>0.0</valor></ns2:datoAdicional><ns2:datoAdicional><codigo>vp_s_empresa</codigo><valor>CONSORCIO ECUATORIANO DE TELEC</valor></ns2:datoAdicional><ns2:datoAdicional><codigo>vp_s_recaudacion</codigo><valor>LINEA   </valor></ns2:datoAdicional><ns2:datoAdicional><codigo>vp_s_referencia1</codigo></ns2:datoAdicional><ns2:datoAdicional><codigo>vp_s_referencia2</codigo></ns2:datoAdicional><ns2:datoAdicional><codigo>vp_s_referencia3</codigo></ns2:datoAdicional><ns2:datoAdicional><codigo>e_prov_req</codigo><valor>MS_REC_ECUTEL_REQ</valor></ns2:datoAdicional><ns2:datoAdicional><codigo>e_prov_resp</codigo><valor>MS_REC_ECUTEL_RESP</valor></ns2:datoAdicional><ns2:datoAdicional><codigo>codigoConvenio</codigo><valor>01</valor></ns2:datoAdicional></ns2:datosAdicionales><ns2:mensajeUsuario>Pago Recibido Correctamente.</ns2:mensajeUsuario><ns2:montoTotal>24.64</ns2:montoTotal><ns2:nombreCliente>MORENO COLINA ALEXIS JOSE</ns2:nombreCliente></ns2:salidaConsultarDeuda>]]></mensaje></mensajeSalidaGateway>
2023-02-13 13:23:14.846  INFO rec-consulta-342-7zns6 --- [vert.x-eventloo] c.b.m.r.m.MessageSender                  : messageJMS--> 
