Starting the Java application using /opt/jboss/container/java/run/run-java.sh ...
INFO exec  java -Xms64m -Xmx1024m -XX:+UseParallelGC -XX:MinHeapFreeRatio=10 -XX:MaxHeapFreeRatio=20 -XX:GCTimeRatio=4 -XX:AdaptiveSizePolicyWeight=90 -XX:MaxMetaspaceSize=256m -XX:ParallelGCThreads=1 -Djava.util.concurrent.ForkJoinPool.common.parallelism=1 -XX:CICompilerCount=2 -XX:+ExitOnOutOfMemoryError -Dfile.encoding=ISO-8859-1 -cp "." -jar /deployments/quarkus-run.jar  
__  ____  __  _____   ___  __ ____  ______ 
 --/ __ \/ / / / _ | / _ \/ //_/ / / / __/ 
 -/ /_/ / /_/ / __ |/ , _/ ,< / /_/ /\ \   
--\___\_\____/_/ |_/_/|_/_/|_|\____/___/   
2023-02-13 13:15:54.956  WARN rec-pago-414-2fqbr --- [       Thread-0] i.q.n.r.NettyRecorder                    : Netty DefaultChannelId initialization (with io.netty.machineId system property set to 70:1c:d2:70:53:a0:74:71) took more than a second
2023-02-13 13:16:15.767  INFO rec-pago-414-2fqbr --- [pool-7-thread-1] c.b.m.r.m.MessageListener                : Cola mq --> MS_REC_PAGO_REQ
2023-02-13 13:16:19.166  INFO rec-pago-414-2fqbr --- [           main] i.quarkus                                : rec-pago 1.0.2 on JVM (powered by Quarkus 2.9.0.Final) started in 40.205s. Listening on: http://0.0.0.0:8080
2023-02-13 13:16:19.267  INFO rec-pago-414-2fqbr --- [           main] i.quarkus                                : Profile prod activated. 
2023-02-13 13:16:19.267  INFO rec-pago-414-2fqbr --- [           main] i.quarkus                                : Installed features: [agroal, cdi, cxf, kubernetes, kubernetes-client, narayana-jta, rest-client, rest-client-jackson, resteasy-reactive, resteasy-reactive-jackson, smallrye-context-propagation, smallrye-fault-tolerance, smallrye-health, vertx]
2023-02-13 13:16:31.453  INFO rec-pago-414-2fqbr --- [      agroal-21] c.b.m.r.s.w.SecurityFrameworkClient      : Se cargar propiedades del framework de seguridad.
2023-02-13 13:16:31.769  INFO rec-pago-414-2fqbr --- [      agroal-21] c.b.m.r.s.w.SecurityFrameworkClient      : Se cargar propiedades del framework de seguridad.
2023-02-13 13:16:31.882  INFO rec-pago-414-2fqbr --- [      agroal-21] c.b.m.r.s.w.SecurityFrameworkClient      : Finaliza consumo Framework Seguridad
2023-02-13 13:26:55.153  INFO rec-pago-414-2fqbr --- [pool-7-thread-1] c.b.m.r.m.MessageListener                : JMS --> 
  JMSMessage class: jms_text
  JMSType:          null
  JMSDeliveryMode:  2
  JMSDeliveryDelay: 0
  JMSDeliveryTime:  0
  JMSExpiration:    0
  JMSPriority:      4
  JMSMessageID:     ID:414d512043535042524b5f514d202020c517e66302176821
  JMSTimestamp:     1676312814773
  JMSCorrelationID: 07fde842e324
  JMSDestination:   queue:///MS_REC_PAGO_REQ
  JMSReplyTo:       queue://CSPBRK_QM/MS_REC_PAGO_RESP
  JMSRedelivered:   false
    JMSXAppID: 0.15.jar                    
    JMSXDeliveryCount: 1
    JMSXUserID: mqm         
    JMS_IBM_Character_Set: UTF-8
    JMS_IBM_Encoding: 273
    JMS_IBM_Format: MQSTR   
    JMS_IBM_MsgType: 1
    JMS_IBM_PutApplType: 28
    JMS_IBM_PutDate: 20230213
    JMS_IBM_PutTime: 18265483
<?xml version="1.0" encoding="UTF-8" standalone="yes"?><mensajeEntradaGateway xmlns="http://www.boli ...
2023-02-13 13:26:55.153  INFO rec-pago-414-2fqbr --- [pool-7-thread-1] c.b.m.r.m.MessageListener                : 07fde842e324 Mensaje recibido: <?xml version="1.0" encoding="UTF-8" standalone="yes"?><mensajeEntradaGateway xmlns="http://www.bolivariano.com/mensaje/MensajeOSB"><puntoFinal>/opt/microservices/transformaciones</puntoFinal><operacion>pagar</operacion><identificadorCorrelacion>07fde842e324</identificadorCorrelacion><mensaje><![CDATA[<ns2:entradaEjecutarPago xmlns:ns2="http://www.bolivariano.com/mensaje/MensajeOTC" xmlns:ns11="http://www.bolivariano.com/ws/BroadnetRecarga"><ns2:canal>VEN</ns2:canal><ns2:tipoCuenta>CTE</ns2:tipoCuenta><ns2:cuenta>0000088024</ns2:cuenta><ns2:secuencial>133090714</ns2:secuencial><ns2:valorPago>24.64</ns2:valorPago><ns2:valorComision>0.5</ns2:valorComision><ns2:servicio><codTipoServicio>TELEFONIA_FIJA</codTipoServicio><codigoConvenio>01</codigoConvenio><codigoEmpresa>8521</codigoEmpresa><codigoTipoBanca>BP</codigoTipoBanca><codigoTipoIdentificador>002</codigoTipoIdentificador><identificador>0993696147</identificador><datosAdicionales><datoAdicional><codigo>e_prov_req</codigo><valor>MS_REC_ECUTEL_REQ</valor></datoAdicional><datoAdicional><codigo>e_prov_resp</codigo><valor>MS_REC_ECUTEL_RESP</valor></datoAdicional><datoAdicional><codigo>e_tipo_proceso</codigo><valor>M</valor></datoAdicional><datoAdicional><codigo>e_tipo_ejecucion</codigo><valor>PB</valor></datoAdicional><datoAdicional><codigo>p_medio</codigo><valor>12</valor></datoAdicional><datoAdicional><codigo>p_terminal</codigo><valor>VIRTUAL_BB</valor></datoAdicional><datoAdicional><codigo>p_branch_id</codigo><valor>1</valor></datoAdicional><datoAdicional><codigo>p_forma_pago</codigo><valor>001</valor></datoAdicional><datoAdicional><codigo>codAgencia</codigo><valor/></datoAdicional><datoAdicional><codigo>codLocalidad</codigo><valor/></datoAdicional><datoAdicional><codigo>category</codigo><valor>C</valor></datoAdicional><datoAdicional><codigo>fullName</codigo><valor>MORENO COLINA ALEXIS JOSE</valor></datoAdicional><datoAdicional><codigo>e_srv</codigo><valor>SRVDESA2</valor></datoAdicional><datoAdicional><codigo>e_term</codigo><valor>VIRTUAL_BB</valor></datoAdicional><datoAdicional><codigo>e_rol</codigo><valor>252</valor></datoAdicional><datoAdicional><codigo>e_corr</codigo><valor>N</valor></datoAdicional><datoAdicional><codigo>e_ssn_corr</codigo><valor>0</valor></datoAdicional><datoAdicional><codigo>e_mon</codigo><valor>1</valor></datoAdicional><datoAdicional><codigo>e_servicio</codigo><valor>01</valor></datoAdicional><datoAdicional><codigo>e_identificacion</codigo><valor>0993696147</valor></datoAdicional><datoAdicional><codigo>e_debito</codigo><valor>24.64</valor></datoAdicional><datoAdicional><codigo>e_comision_db</codigo><valor>0.50</valor></datoAdicional><datoAdicional><codigo>e_efectivo</codigo><valor>0.00</valor></datoAdicional><datoAdicional><codigo>e_comision_efe</codigo><valor>0.00</valor></datoAdicional><datoAdicional><codigo>e_cheque</codigo><valor>0.00</valor></datoAdicional><datoAdicional><codigo>e_comision_chq</codigo><valor>0.00</valor></datoAdicional><datoAdicional><codigo>e_autoriza</codigo><valor>N</valor></datoAdicional><datoAdicional><codigo>e_ubi</codigo><valor>0</valor></datoAdicional><datoAdicional><codigo>e_opcion</codigo><valor>P</valor></datoAdicional><datoAdicional><codigo>e_reverso</codigo><valor/></datoAdicional><datoAdicional><codigo>e_emp_nombre</codigo><valor/></datoAdicional><datoAdicional><codigo>e_ruc_cliente</codigo><valor/></datoAdicional><datoAdicional><codigo>e_cant_cheques</codigo><valor>0</valor></datoAdicional><datoAdicional><codigo>e_nombre_cta</codigo><valor>PINTURAS UNIDAS S. A.*****</valor></datoAdicional><datoAdicional><codigo>e_cod_referencia</codigo><valor/></datoAdicional><datoAdicional><codigo>e_base_imponible</codigo><valor/></datoAdicional><datoAdicional><codigo>e_factura</codigo><valor/></datoAdicional><datoAdicional><codigo>e_cod_respuesta</codigo><valor/></datoAdicional><datoAdicional><codigo>e_cod_grupo</codigo><valor/></datoAdicional><datoAdicional><codigo>e_cod_grupo</codigo><valor/></datoAdicional><datoAdicional><codigo>e_nomb_tramite</codigo><valor/></datoAdicional><datoAdicional><codigo>e_pcodigo_operacion</codigo><valor/></datoAdicional><datoAdicional><codigo>e_pcodigo_secuencia</codigo><valor/></datoAdicional><datoAdicional><codigo>e_phoralocal</codigo><valor/></datoAdicional><datoAdicional><codigo>e_cod_consultora</codigo><valor/></datoAdicional></datosAdicionales></ns2:servicio><ns2:fecha>2023-02-13T13:26:50</ns2:fecha><ns2:fechaPago>2023-02-13T13:26:50</ns2:fechaPago><ns2:moneda>1</ns2:moneda><ns2:oficina>0</ns2:oficina><ns2:terminal>VIRTUAL_BB</ns2:terminal><ns2:transaccion>3925</ns2:transaccion><ns2:usuario>msilvag</ns2:usuario></ns2:entradaEjecutarPago>]]></mensaje></mensajeEntradaGateway> 
2023-02-13 13:26:55.176  INFO rec-pago-414-2fqbr --- [pool-7-thread-1] c.b.m.r.s.PaymentService                 : 07fde842e324 Inicia ejecucion
2023-02-13 13:26:56.557  INFO rec-pago-414-2fqbr --- [pool-7-thread-1] c.b.m.r.s.PaymentService                 : <ns2:entradaEjecutarPago xmlns:ns2="http://www.bolivariano.com/mensaje/MensajeOTC" xmlns:ns11="http://www.bolivariano.com/ws/BroadnetRecarga"><ns2:canal>VEN</ns2:canal><ns2:tipoCuenta>CTE</ns2:tipoCuenta><ns2:cuenta>0000088024</ns2:cuenta><ns2:secuencial>133090714</ns2:secuencial><ns2:valorPago>24.64</ns2:valorPago><ns2:valorComision>0.5</ns2:valorComision><ns2:servicio><codTipoServicio>TELEFONIA_FIJA</codTipoServicio><codigoConvenio>01</codigoConvenio><codigoEmpresa>8521</codigoEmpresa><codigoTipoBanca>BP</codigoTipoBanca><codigoTipoIdentificador>002</codigoTipoIdentificador><identificador>0993696147</identificador><datosAdicionales><datoAdicional><codigo>e_prov_req</codigo><valor>MS_REC_ECUTEL_REQ</valor></datoAdicional><datoAdicional><codigo>e_prov_resp</codigo><valor>MS_REC_ECUTEL_RESP</valor></datoAdicional><datoAdicional><codigo>e_tipo_proceso</codigo><valor>M</valor></datoAdicional><datoAdicional><codigo>e_tipo_ejecucion</codigo><valor>PB</valor></datoAdicional><datoAdicional><codigo>p_medio</codigo><valor>12</valor></datoAdicional><datoAdicional><codigo>p_terminal</codigo><valor>VIRTUAL_BB</valor></datoAdicional><datoAdicional><codigo>p_branch_id</codigo><valor>1</valor></datoAdicional><datoAdicional><codigo>p_forma_pago</codigo><valor>001</valor></datoAdicional><datoAdicional><codigo>codAgencia</codigo><valor/></datoAdicional><datoAdicional><codigo>codLocalidad</codigo><valor/></datoAdicional><datoAdicional><codigo>category</codigo><valor>C</valor></datoAdicional><datoAdicional><codigo>fullName</codigo><valor>MORENO COLINA ALEXIS JOSE</valor></datoAdicional><datoAdicional><codigo>e_srv</codigo><valor>SRVDESA2</valor></datoAdicional><datoAdicional><codigo>e_term</codigo><valor>VIRTUAL_BB</valor></datoAdicional><datoAdicional><codigo>e_rol</codigo><valor>252</valor></datoAdicional><datoAdicional><codigo>e_corr</codigo><valor>N</valor></datoAdicional><datoAdicional><codigo>e_ssn_corr</codigo><valor>0</valor></datoAdicional><datoAdicional><codigo>e_mon</codigo><valor>1</valor></datoAdicional><datoAdicional><codigo>e_servicio</codigo><valor>01</valor></datoAdicional><datoAdicional><codigo>e_identificacion</codigo><valor>0993696147</valor></datoAdicional><datoAdicional><codigo>e_debito</codigo><valor>24.64</valor></datoAdicional><datoAdicional><codigo>e_comision_db</codigo><valor>0.50</valor></datoAdicional><datoAdicional><codigo>e_efectivo</codigo><valor>0.00</valor></datoAdicional><datoAdicional><codigo>e_comision_efe</codigo><valor>0.00</valor></datoAdicional><datoAdicional><codigo>e_cheque</codigo><valor>0.00</valor></datoAdicional><datoAdicional><codigo>e_comision_chq</codigo><valor>0.00</valor></datoAdicional><datoAdicional><codigo>e_autoriza</codigo><valor>N</valor></datoAdicional><datoAdicional><codigo>e_ubi</codigo><valor>0</valor></datoAdicional><datoAdicional><codigo>e_opcion</codigo><valor>P</valor></datoAdicional><datoAdicional><codigo>e_reverso</codigo><valor/></datoAdicional><datoAdicional><codigo>e_emp_nombre</codigo><valor/></datoAdicional><datoAdicional><codigo>e_ruc_cliente</codigo><valor/></datoAdicional><datoAdicional><codigo>e_cant_cheques</codigo><valor>0</valor></datoAdicional><datoAdicional><codigo>e_nombre_cta</codigo><valor>PINTURAS UNIDAS S. A.*****</valor></datoAdicional><datoAdicional><codigo>e_cod_referencia</codigo><valor/></datoAdicional><datoAdicional><codigo>e_base_imponible</codigo><valor/></datoAdicional><datoAdicional><codigo>e_factura</codigo><valor/></datoAdicional><datoAdicional><codigo>e_cod_respuesta</codigo><valor/></datoAdicional><datoAdicional><codigo>e_cod_grupo</codigo><valor/></datoAdicional><datoAdicional><codigo>e_cod_grupo</codigo><valor/></datoAdicional><datoAdicional><codigo>e_nomb_tramite</codigo><valor/></datoAdicional><datoAdicional><codigo>e_pcodigo_operacion</codigo><valor/></datoAdicional><datoAdicional><codigo>e_pcodigo_secuencia</codigo><valor/></datoAdicional><datoAdicional><codigo>e_phoralocal</codigo><valor/></datoAdicional><datoAdicional><codigo>e_cod_consultora</codigo><valor/></datoAdicional></datosAdicionales></ns2:servicio><ns2:fecha>2023-02-13T13:26:50</ns2:fecha><ns2:fechaPago>2023-02-13T13:26:50</ns2:fechaPago><ns2:moneda>1</ns2:moneda><ns2:oficina>0</ns2:oficina><ns2:terminal>VIRTUAL_BB</ns2:terminal><ns2:transaccion>3925</ns2:transaccion><ns2:usuario>msilvag</ns2:usuario></ns2:entradaEjecutarPago>
2023-02-13 13:26:56.850  INFO rec-pago-414-2fqbr --- [pool-7-thread-1] c.b.m.r.s.PaymentService                 : mensajeEntradaPagoString XML --> <ns2:entradaEjecutarPago xmlns:ns2="http://www.bolivariano.com/mensaje/MensajeOTC" xmlns:ns11="http://www.bolivariano.com/ws/BroadnetRecarga"><ns2:canal>VEN</ns2:canal><ns2:tipoCuenta>CTE</ns2:tipoCuenta><ns2:cuenta>0000088024</ns2:cuenta><ns2:secuencial>133090714</ns2:secuencial><ns2:valorPago>24.64</ns2:valorPago><ns2:valorComision>0.5</ns2:valorComision><ns2:servicio><codTipoServicio>TELEFONIA_FIJA</codTipoServicio><codigoConvenio>01</codigoConvenio><codigoEmpresa>8521</codigoEmpresa><codigoTipoBanca>BP</codigoTipoBanca><codigoTipoIdentificador>002</codigoTipoIdentificador><identificador>0993696147</identificador><datosAdicionales><datoAdicional><codigo>e_prov_req</codigo><valor>MS_REC_ECUTEL_REQ</valor></datoAdicional><datoAdicional><codigo>e_prov_resp</codigo><valor>MS_REC_ECUTEL_RESP</valor></datoAdicional><datoAdicional><codigo>e_tipo_proceso</codigo><valor>M</valor></datoAdicional><datoAdicional><codigo>e_tipo_ejecucion</codigo><valor>PB</valor></datoAdicional><datoAdicional><codigo>p_medio</codigo><valor>12</valor></datoAdicional><datoAdicional><codigo>p_terminal</codigo><valor>VIRTUAL_BB</valor></datoAdicional><datoAdicional><codigo>p_branch_id</codigo><valor>1</valor></datoAdicional><datoAdicional><codigo>p_forma_pago</codigo><valor>001</valor></datoAdicional><datoAdicional><codigo>codAgencia</codigo><valor/></datoAdicional><datoAdicional><codigo>codLocalidad</codigo><valor/></datoAdicional><datoAdicional><codigo>category</codigo><valor>C</valor></datoAdicional><datoAdicional><codigo>fullName</codigo><valor>MORENO COLINA ALEXIS JOSE</valor></datoAdicional><datoAdicional><codigo>e_srv</codigo><valor>SRVDESA2</valor></datoAdicional><datoAdicional><codigo>e_term</codigo><valor>VIRTUAL_BB</valor></datoAdicional><datoAdicional><codigo>e_rol</codigo><valor>252</valor></datoAdicional><datoAdicional><codigo>e_corr</codigo><valor>N</valor></datoAdicional><datoAdicional><codigo>e_ssn_corr</codigo><valor>0</valor></datoAdicional><datoAdicional><codigo>e_mon</codigo><valor>1</valor></datoAdicional><datoAdicional><codigo>e_servicio</codigo><valor>01</valor></datoAdicional><datoAdicional><codigo>e_identificacion</codigo><valor>0993696147</valor></datoAdicional><datoAdicional><codigo>e_debito</codigo><valor>24.64</valor></datoAdicional><datoAdicional><codigo>e_comision_db</codigo><valor>0.50</valor></datoAdicional><datoAdicional><codigo>e_efectivo</codigo><valor>0.00</valor></datoAdicional><datoAdicional><codigo>e_comision_efe</codigo><valor>0.00</valor></datoAdicional><datoAdicional><codigo>e_cheque</codigo><valor>0.00</valor></datoAdicional><datoAdicional><codigo>e_comision_chq</codigo><valor>0.00</valor></datoAdicional><datoAdicional><codigo>e_autoriza</codigo><valor>N</valor></datoAdicional><datoAdicional><codigo>e_ubi</codigo><valor>0</valor></datoAdicional><datoAdicional><codigo>e_opcion</codigo><valor>P</valor></datoAdicional><datoAdicional><codigo>e_reverso</codigo><valor/></datoAdicional><datoAdicional><codigo>e_emp_nombre</codigo><valor/></datoAdicional><datoAdicional><codigo>e_ruc_cliente</codigo><valor/></datoAdicional><datoAdicional><codigo>e_cant_cheques</codigo><valor>0</valor></datoAdicional><datoAdicional><codigo>e_nombre_cta</codigo><valor>PINTURAS UNIDAS S. A.*****</valor></datoAdicional><datoAdicional><codigo>e_cod_referencia</codigo><valor/></datoAdicional><datoAdicional><codigo>e_base_imponible</codigo><valor/></datoAdicional><datoAdicional><codigo>e_factura</codigo><valor/></datoAdicional><datoAdicional><codigo>e_cod_respuesta</codigo><valor/></datoAdicional><datoAdicional><codigo>e_cod_grupo</codigo><valor/></datoAdicional><datoAdicional><codigo>e_cod_grupo</codigo><valor/></datoAdicional><datoAdicional><codigo>e_nomb_tramite</codigo><valor/></datoAdicional><datoAdicional><codigo>e_pcodigo_operacion</codigo><valor/></datoAdicional><datoAdicional><codigo>e_pcodigo_secuencia</codigo><valor/></datoAdicional><datoAdicional><codigo>e_phoralocal</codigo><valor/></datoAdicional><datoAdicional><codigo>e_cod_consultora</codigo><valor/></datoAdicional></datosAdicionales></ns2:servicio><ns2:fecha>2023-02-13T13:26:50</ns2:fecha><ns2:fechaPago>2023-02-13T13:26:50</ns2:fechaPago><ns2:moneda>1</ns2:moneda><ns2:oficina>0</ns2:oficina><ns2:terminal>VIRTUAL_BB</ns2:terminal><ns2:transaccion>3925</ns2:transaccion><ns2:usuario>msilvag</ns2:usuario></ns2:entradaEjecutarPago>
2023-02-13 13:26:56.858  INFO rec-pago-414-2fqbr --- [pool-7-thread-1] c.b.m.r.s.PaymentService                 : 07fde842e324 tipo proceso: M
2023-02-13 13:26:56.859  INFO rec-pago-414-2fqbr --- [pool-7-thread-1] c.b.m.r.s.PaymentService                 : 07fde842e324 tipo ejecucion: PB
2023-02-13 13:26:56.951  INFO rec-pago-414-2fqbr --- [pool-7-thread-1] c.b.m.r.s.SupplierBankProcessService     : Inicio validador proveedor banco 07fde842e324
2023-02-13 13:26:56.952  INFO rec-pago-414-2fqbr --- [pool-7-thread-1] c.b.m.r.s.SupplierBankProcessService     : INICIO EJECUTA VALIDACION ...
2023-02-13 13:26:56.953  INFO rec-pago-414-2fqbr --- [pool-7-thread-1] c.b.m.r.d.CoreDao                        : Verificando Canal: VEN
2023-02-13 13:26:56.953  INFO rec-pago-414-2fqbr --- [pool-7-thread-1] c.b.m.r.d.CoreDao                        : Conectandose a Desarrollo 1
2023-02-13 13:26:57.051  INFO rec-pago-414-2fqbr --- [pool-7-thread-1] c.b.m.r.d.CoreDao                        : cob_pagos..pa_pg_pval_reca_varios Input Parameters
2023-02-13 13:26:57.650  INFO rec-pago-414-2fqbr --- [pool-7-thread-1] c.b.m.r.d.CoreDao                        : cob_pagos..pa_pg_pval_reca_varios Input Parameters
2023-02-13 13:26:57.651  INFO rec-pago-414-2fqbr --- [pool-7-thread-1] c.b.m.r.d.CoreDao                        : @e_ssn=133090714
2023-02-13 13:26:57.651  INFO rec-pago-414-2fqbr --- [pool-7-thread-1] c.b.m.r.d.CoreDao                        : @e_srv=SRVDESA2
2023-02-13 13:26:57.651  INFO rec-pago-414-2fqbr --- [pool-7-thread-1] c.b.m.r.d.CoreDao                        : @e_user=msilvag
2023-02-13 13:26:57.651  INFO rec-pago-414-2fqbr --- [pool-7-thread-1] c.b.m.r.d.CoreDao                        : @e_term=VIRTUAL_BB
2023-02-13 13:26:57.652  INFO rec-pago-414-2fqbr --- [pool-7-thread-1] c.b.m.r.d.CoreDao                        : @e_date=02/13/2023
2023-02-13 13:26:57.652  INFO rec-pago-414-2fqbr --- [pool-7-thread-1] c.b.m.r.d.CoreDao                        : @e_ofi=0
2023-02-13 13:26:57.652  INFO rec-pago-414-2fqbr --- [pool-7-thread-1] c.b.m.r.d.CoreDao                        : @e_rol=252
2023-02-13 13:26:57.653  INFO rec-pago-414-2fqbr --- [pool-7-thread-1] c.b.m.r.d.CoreDao                        : @e_corr=N
2023-02-13 13:26:57.653  INFO rec-pago-414-2fqbr --- [pool-7-thread-1] c.b.m.r.d.CoreDao                        : @e_ssn_corr=0
2023-02-13 13:26:57.653  INFO rec-pago-414-2fqbr --- [pool-7-thread-1] c.b.m.r.d.CoreDao                        : @e_trn=3925
2023-02-13 13:26:57.653  INFO rec-pago-414-2fqbr --- [pool-7-thread-1] c.b.m.r.d.CoreDao                        : @e_mon=1
2023-02-13 13:26:57.654  INFO rec-pago-414-2fqbr --- [pool-7-thread-1] c.b.m.r.d.CoreDao                        : @e_servicio=01
2023-02-13 13:26:57.654  INFO rec-pago-414-2fqbr --- [pool-7-thread-1] c.b.m.r.d.CoreDao                        : @e_empresa=8521
2023-02-13 13:26:57.654  INFO rec-pago-414-2fqbr --- [pool-7-thread-1] c.b.m.r.d.CoreDao                        : @e_codigo=0993696147
2023-02-13 13:26:57.654  INFO rec-pago-414-2fqbr --- [pool-7-thread-1] c.b.m.r.d.CoreDao                        : @e_identificacion=0993696147
2023-02-13 13:26:57.655  INFO rec-pago-414-2fqbr --- [pool-7-thread-1] c.b.m.r.d.CoreDao                        : @e_efectivo=0.00
2023-02-13 13:26:57.655  INFO rec-pago-414-2fqbr --- [pool-7-thread-1] c.b.m.r.d.CoreDao                        : @e_cheque=0.00
2023-02-13 13:26:57.655  INFO rec-pago-414-2fqbr --- [pool-7-thread-1] c.b.m.r.d.CoreDao                        : @e_debito=24.64
2023-02-13 13:26:57.655  INFO rec-pago-414-2fqbr --- [pool-7-thread-1] c.b.m.r.d.CoreDao                        : @e_tarjeta=0
2023-02-13 13:26:57.656  INFO rec-pago-414-2fqbr --- [pool-7-thread-1] c.b.m.r.d.CoreDao                        : @e_comision_efe=0.00
2023-02-13 13:26:57.750  INFO rec-pago-414-2fqbr --- [pool-7-thread-1] c.b.m.r.d.CoreDao                        : @e_comision_chq=0.00
2023-02-13 13:26:57.750  INFO rec-pago-414-2fqbr --- [pool-7-thread-1] c.b.m.r.d.CoreDao                        : @e_comision_db=0.50
2023-02-13 13:26:57.751  INFO rec-pago-414-2fqbr --- [pool-7-thread-1] c.b.m.r.d.CoreDao                        : @e_total=25.14
2023-02-13 13:26:57.751  INFO rec-pago-414-2fqbr --- [pool-7-thread-1] c.b.m.r.d.CoreDao                        : @e_tipo_cta=CTE
2023-02-13 13:26:57.751  INFO rec-pago-414-2fqbr --- [pool-7-thread-1] c.b.m.r.d.CoreDao                        : @e_cuenta=0000088024
2023-02-13 13:26:57.751  INFO rec-pago-414-2fqbr --- [pool-7-thread-1] c.b.m.r.d.CoreDao                        : @e_autoriza=N
2023-02-13 13:26:57.751  INFO rec-pago-414-2fqbr --- [pool-7-thread-1] c.b.m.r.d.CoreDao                        : @e_canal=VEN
2023-02-13 13:26:57.752  INFO rec-pago-414-2fqbr --- [pool-7-thread-1] c.b.m.r.d.CoreDao                        : @e_ubi=0
2023-02-13 13:26:57.752  INFO rec-pago-414-2fqbr --- [pool-7-thread-1] c.b.m.r.d.CoreDao                        : @e_opcion=P
2023-02-13 13:26:57.752  INFO rec-pago-414-2fqbr --- [pool-7-thread-1] c.b.m.r.d.CoreDao                        : @e_reverso=
2023-02-13 13:26:57.752  INFO rec-pago-414-2fqbr --- [pool-7-thread-1] c.b.m.r.d.CoreDao                        : @e_emp_nombre=
2023-02-13 13:26:57.853  INFO rec-pago-414-2fqbr --- [pool-7-thread-1] c.b.m.r.d.CoreDao                        : cob_pagos..pa_pg_pval_reca_varios Output Parameters
2023-02-13 13:26:57.855  INFO rec-pago-414-2fqbr --- [pool-7-thread-1] c.b.m.r.d.CoreDao                        : @s_fecha_contable=20230213
2023-02-13 13:26:57.856  INFO rec-pago-414-2fqbr --- [pool-7-thread-1] c.b.m.r.d.CoreDao                        : @s_ssn=133090714
2023-02-13 13:26:57.856  INFO rec-pago-414-2fqbr --- [pool-7-thread-1] c.b.m.r.d.CoreDao                        : @s_comision=null
2023-02-13 13:26:57.856  INFO rec-pago-414-2fqbr --- [pool-7-thread-1] c.b.m.r.d.CoreDao                        : @s_tasa=null
2023-02-13 13:26:57.856  INFO rec-pago-414-2fqbr --- [pool-7-thread-1] c.b.m.r.d.CoreDao                        : @s_base_imp=null
2023-02-13 13:26:57.857  INFO rec-pago-414-2fqbr --- [pool-7-thread-1] c.b.m.r.d.CoreDao                        : @s_impuesto=null
2023-02-13 13:26:57.857  INFO rec-pago-414-2fqbr --- [pool-7-thread-1] c.b.m.r.d.CoreDao                        : @s_empresa=null
2023-02-13 13:26:57.857  INFO rec-pago-414-2fqbr --- [pool-7-thread-1] c.b.m.r.d.CoreDao                        : @s_recaudacion=null
2023-02-13 13:26:57.857  INFO rec-pago-414-2fqbr --- [pool-7-thread-1] c.b.m.r.d.CoreDao                        : @s_referencia1=null
2023-02-13 13:26:57.858  INFO rec-pago-414-2fqbr --- [pool-7-thread-1] c.b.m.r.d.CoreDao                        : @s_referencia2=null
2023-02-13 13:26:57.858  INFO rec-pago-414-2fqbr --- [pool-7-thread-1] c.b.m.r.d.CoreDao                        : @s_referencia3=null
2023-02-13 13:26:57.858  INFO rec-pago-414-2fqbr --- [pool-7-thread-1] c.b.m.r.d.CoreDao                        : @s_mensaje=OK
2023-02-13 13:26:57.858  INFO rec-pago-414-2fqbr --- [pool-7-thread-1] c.b.m.r.d.CoreDao                        : @s_deuda=0.0
2023-02-13 13:26:57.859  INFO rec-pago-414-2fqbr --- [pool-7-thread-1] c.b.m.r.d.CoreDao                        : @RETURN_VALUE=0
2023-02-13 13:26:58.052  INFO rec-pago-414-2fqbr --- [pool-7-thread-1] c.b.m.r.d.CoreDao                        : Respuesta despues de val. previas <ns2:salidaEjecutarPago xmlns:ns2="http://www.bolivariano.com/mensaje/MensajeOTC"><ns2:codigoError>0</ns2:codigoError><ns2:datosAdicionales><ns2:datoAdicional><codigo>vp_s_fecha_contable</codigo><valor>20230213</valor></ns2:datoAdicional><ns2:datoAdicional><codigo>vp_s_ssn</codigo><valor>133090714</valor></ns2:datoAdicional><ns2:datoAdicional><codigo>vp_s_comision</codigo></ns2:datoAdicional><ns2:datoAdicional><codigo>vp_s_tasa</codigo></ns2:datoAdicional><ns2:datoAdicional><codigo>vp_s_base_imp</codigo></ns2:datoAdicional><ns2:datoAdicional><codigo>vp_s_impuesto</codigo></ns2:datoAdicional><ns2:datoAdicional><codigo>vp_s_empresa</codigo></ns2:datoAdicional><ns2:datoAdicional><codigo>vp_s_recaudacion</codigo></ns2:datoAdicional><ns2:datoAdicional><codigo>vp_s_referencia1</codigo></ns2:datoAdicional><ns2:datoAdicional><codigo>vp_s_referencia2</codigo></ns2:datoAdicional><ns2:datoAdicional><codigo>vp_s_referencia3</codigo></ns2:datoAdicional></ns2:datosAdicionales><ns2:mensajeUsuario>OK</ns2:mensajeUsuario><ns2:mensajeSistema>OK</ns2:mensajeSistema><ns2:montoTotal>0.0</ns2:montoTotal></ns2:salidaEjecutarPago>
2023-02-13 13:26:58.053  INFO rec-pago-414-2fqbr --- [pool-7-thread-1] c.b.m.r.d.CoreDao                        : CIERRA CONEXION!
2023-02-13 13:26:58.053  INFO rec-pago-414-2fqbr --- [pool-7-thread-1] c.b.m.r.s.SupplierBankProcessService     : Fin Ejecuta VALIDACION ...
2023-02-13 13:26:58.054  INFO rec-pago-414-2fqbr --- [pool-7-thread-1] c.b.m.r.s.SupplierBankProcessService     : RESPUESTA VALIDACION: 0
2023-02-13 13:26:58.054  INFO rec-pago-414-2fqbr --- [pool-7-thread-1] c.b.m.r.s.SupplierBankProcessService     : INICIO EJECUTA TARJETA CREDITO
2023-02-13 13:26:58.054  INFO rec-pago-414-2fqbr --- [pool-7-thread-1] c.b.m.r.s.SupplierBankProcessService     : Fin Ejecuta TARJETA CREDITO ...
2023-02-13 13:26:58.054  INFO rec-pago-414-2fqbr --- [pool-7-thread-1] c.b.m.r.s.SupplierBankProcessService     : RESPUESTA TARJETA CREDITO: 0
2023-02-13 13:26:58.055  INFO rec-pago-414-2fqbr --- [pool-7-thread-1] c.b.m.r.s.SupplierBankProcessService     : EJECUTA PROVEEDOR
2023-02-13 13:26:58.056  INFO rec-pago-414-2fqbr --- [pool-7-thread-1] c.b.m.r.s.SupplierProcessService         : INICIO EJECUTA PROVEEDOR ...
2023-02-13 13:26:58.150  INFO rec-pago-414-2fqbr --- [pool-7-thread-1] c.b.m.r.s.SupplierProcessService         : OBTENER DATOS ADICIONALES
2023-02-13 13:26:58.152  INFO rec-pago-414-2fqbr --- [pool-7-thread-1] c.b.m.r.s.SupplierProcessService         : ENVIA MENSAJE A PROVEEDOR
2023-02-13 13:27:00.387  INFO rec-pago-414-2fqbr --- [pool-7-thread-1] c.b.m.r.m.MessageSender                  : {"tipoFlujo":"PAGO","mensajeEntradaEjecutarPago":{"canal":"VEN","cuenta":"0000088024","datosAdicionales":null,"depuracion":null,"esquemaFirma":null,"fecha":"2023-02-13T13:26:50","fechaPago":"2023-02-13","moneda":"1","nombreCliente":null,"oficina":"0","recibos":null,"secuencial":"133090714","servicio":{"codTipoServicio":"TELEFONIA_FIJA","codigoConvenio":"01","codigoEmpresa":"8521","codigoTipoBanca":"BP","codigoTipoIdentificador":"002","datosAdicionales":{"datoAdicional":[{"codigo":"e_prov_req","etiqueta":null,"editable":null,"formato":null,"listasSeleccion":null,"longitud":null,"mascara":null,"regexp":null,"tipo":null,"valor":"MS_REC_ECUTEL_REQ","visible":null},{"codigo":"e_prov_resp","etiqueta":null,"editable":null,"formato":null,"listasSeleccion":null,"longitud":null,"mascara":null,"regexp":null,"tipo":null,"valor":"MS_REC_ECUTEL_RESP","visible":null},{"codigo":"e_tipo_proceso","etiqueta":null,"editable":null,"formato":null,"listasSeleccion":null,"longitud":null,"mascara":null,"regexp":null,"tipo":null,"valor":"M","visible":null},{"codigo":"e_tipo_ejecucion","etiqueta":null,"editable":null,"formato":null,"listasSeleccion":null,"longitud":null,"mascara":null,"regexp":null,"tipo":null,"valor":"PB","visible":null},{"codigo":"p_medio","etiqueta":null,"editable":null,"formato":null,"listasSeleccion":null,"longitud":null,"mascara":null,"regexp":null,"tipo":null,"valor":"12","visible":null},{"codigo":"p_terminal","etiqueta":null,"editable":null,"formato":null,"listasSeleccion":null,"longitud":null,"mascara":null,"regexp":null,"tipo":null,"valor":"VIRTUAL_BB","visible":null},{"codigo":"p_branch_id","etiqueta":null,"editable":null,"formato":null,"listasSeleccion":null,"longitud":null,"mascara":null,"regexp":null,"tipo":null,"valor":"1","visible":null},{"codigo":"p_forma_pago","etiqueta":null,"editable":null,"formato":null,"listasSeleccion":null,"longitud":null,"mascara":null,"regexp":null,"tipo":null,"valor":"001","visible":null},{"codigo":"codAgencia","etiqueta":null,"editable":null,"formato":null,"listasSeleccion":null,"longitud":null,"mascara":null,"regexp":null,"tipo":null,"valor":"","visible":null},{"codigo":"codLocalidad","etiqueta":null,"editable":null,"formato":null,"listasSeleccion":null,"longitud":null,"mascara":null,"regexp":null,"tipo":null,"valor":"","visible":null},{"codigo":"category","etiqueta":null,"editable":null,"formato":null,"listasSeleccion":null,"longitud":null,"mascara":null,"regexp":null,"tipo":null,"valor":"C","visible":null},{"codigo":"fullName","etiqueta":null,"editable":null,"formato":null,"listasSeleccion":null,"longitud":null,"mascara":null,"regexp":null,"tipo":null,"valor":"MORENO COLINA ALEXIS JOSE","visible":null},{"codigo":"e_srv","etiqueta":null,"editable":null,"formato":null,"listasSeleccion":null,"longitud":null,"mascara":null,"regexp":null,"tipo":null,"valor":"SRVDESA2","visible":null},{"codigo":"e_term","etiqueta":null,"editable":null,"formato":null,"listasSeleccion":null,"longitud":null,"mascara":null,"regexp":null,"tipo":null,"valor":"VIRTUAL_BB","visible":null},{"codigo":"e_rol","etiqueta":null,"editable":null,"formato":null,"listasSeleccion":null,"longitud":null,"mascara":null,"regexp":null,"tipo":null,"valor":"252","visible":null},{"codigo":"e_corr","etiqueta":null,"editable":null,"formato":null,"listasSeleccion":null,"longitud":null,"mascara":null,"regexp":null,"tipo":null,"valor":"N","visible":null},{"codigo":"e_ssn_corr","etiqueta":null,"editable":null,"formato":null,"listasSeleccion":null,"longitud":null,"mascara":null,"regexp":null,"tipo":null,"valor":"0","visible":null},{"codigo":"e_mon","etiqueta":null,"editable":null,"formato":null,"listasSeleccion":null,"longitud":null,"mascara":null,"regexp":null,"tipo":null,"valor":"1","visible":null},{"codigo":"e_servicio","etiqueta":null,"editable":null,"formato":null,"listasSeleccion":null,"longitud":null,"mascara":null,"regexp":null,"tipo":null,"valor":"01","visible":null},{"codigo":"e_identificacion","etiqueta":null,"editable":null,"formato":null,"listasSeleccion":null,"longitud":null,"mascara":null,"regexp":null,"tipo":null,"valor":"0993696147","visible":null},{"codigo":"e_debito","etiqueta":null,"editable":null,"formato":null,"listasSeleccion":null,"longitud":null,"mascara":null,"regexp":null,"tipo":null,"valor":"24.64","visible":null},{"codigo":"e_comision_db","etiqueta":null,"editable":null,"formato":null,"listasSeleccion":null,"longitud":null,"mascara":null,"regexp":null,"tipo":null,"valor":"0.50","visible":null},{"codigo":"e_efectivo","etiqueta":null,"editable":null,"formato":null,"listasSeleccion":null,"longitud":null,"mascara":null,"regexp":null,"tipo":null,"valor":"0.00","visible":null},{"codigo":"e_comision_efe","etiqueta":null,"editable":null,"formato":null,"listasSeleccion":null,"longitud":null,"mascara":null,"regexp":null,"tipo":null,"valor":"0.00","visible":null},{"codigo":"e_cheque","etiqueta":null,"editable":null,"formato":null,"listasSeleccion":null,"longitud":null,"mascara":null,"regexp":null,"tipo":null,"valor":"0.00","visible":null},{"codigo":"e_comision_chq","etiqueta":null,"editable":null,"formato":null,"listasSeleccion":null,"longitud":null,"mascara":null,"regexp":null,"tipo":null,"valor":"0.00","visible":null},{"codigo":"e_autoriza","etiqueta":null,"editable":null,"formato":null,"listasSeleccion":null,"longitud":null,"mascara":null,"regexp":null,"tipo":null,"valor":"N","visible":null},{"codigo":"e_ubi","etiqueta":null,"editable":null,"formato":null,"listasSeleccion":null,"longitud":null,"mascara":null,"regexp":null,"tipo":null,"valor":"0","visible":null},{"codigo":"e_opcion","etiqueta":null,"editable":null,"formato":null,"listasSeleccion":null,"longitud":null,"mascara":null,"regexp":null,"tipo":null,"valor":"P","visible":null},{"codigo":"e_reverso","etiqueta":null,"editable":null,"formato":null,"listasSeleccion":null,"longitud":null,"mascara":null,"regexp":null,"tipo":null,"valor":"","visible":null},{"codigo":"e_emp_nombre","etiqueta":null,"editable":null,"formato":null,"listasSeleccion":null,"longitud":null,"mascara":null,"regexp":null,"tipo":null,"valor":"","visible":null},{"codigo":"e_ruc_cliente","etiqueta":null,"editable":null,"formato":null,"listasSeleccion":null,"longitud":null,"mascara":null,"regexp":null,"tipo":null,"valor":"","visible":null},{"codigo":"e_cant_cheques","etiqueta":null,"editable":null,"formato":null,"listasSeleccion":null,"longitud":null,"mascara":null,"regexp":null,"tipo":null,"valor":"0","visible":null},{"codigo":"e_nombre_cta","etiqueta":null,"editable":null,"formato":null,"listasSeleccion":null,"longitud":null,"mascara":null,"regexp":null,"tipo":null,"valor":"PINTURAS UNIDAS S. A.*****","visible":null},{"codigo":"e_cod_referencia","etiqueta":null,"editable":null,"formato":null,"listasSeleccion":null,"longitud":null,"mascara":null,"regexp":null,"tipo":null,"valor":"","visible":null},{"codigo":"e_base_imponible","etiqueta":null,"editable":null,"formato":null,"listasSeleccion":null,"longitud":null,"mascara":null,"regexp":null,"tipo":null,"valor":"","visible":null},{"codigo":"e_factura","etiqueta":null,"editable":null,"formato":null,"listasSeleccion":null,"longitud":null,"mascara":null,"regexp":null,"tipo":null,"valor":"","visible":null},{"codigo":"e_cod_respuesta","etiqueta":null,"editable":null,"formato":null,"listasSeleccion":null,"longitud":null,"mascara":null,"regexp":null,"tipo":null,"valor":"","visible":null},{"codigo":"e_cod_grupo","etiqueta":null,"editable":null,"formato":null,"listasSeleccion":null,"longitud":null,"mascara":null,"regexp":null,"tipo":null,"valor":"","visible":null},{"codigo":"e_cod_grupo","etiqueta":null,"editable":null,"formato":null,"listasSeleccion":null,"longitud":null,"mascara":null,"regexp":null,"tipo":null,"valor":"","visible":null},{"codigo":"e_nomb_tramite","etiqueta":null,"editable":null,"formato":null,"listasSeleccion":null,"longitud":null,"mascara":null,"regexp":null,"tipo":null,"valor":"","visible":null},{"codigo":"e_pcodigo_operacion","etiqueta":null,"editable":null,"formato":null,"listasSeleccion":null,"longitud":null,"mascara":null,"regexp":null,"tipo":null,"valor":"","visible":null},{"codigo":"e_pcodigo_secuencia","etiqueta":null,"editable":null,"formato":null,"listasSeleccion":null,"longitud":null,"mascara":null,"regexp":null,"tipo":null,"valor":"","visible":null},{"codigo":"e_phoralocal","etiqueta":null,"editable":null,"formato":null,"listasSeleccion":null,"longitud":null,"mascara":null,"regexp":null,"tipo":null,"valor":"","visible":null},{"codigo":"e_cod_consultora","etiqueta":null,"editable":null,"formato":null,"listasSeleccion":null,"longitud":null,"mascara":null,"regexp":null,"tipo":null,"valor":"","visible":null},{"codigo":"vp_s_fecha_contable","etiqueta":null,"editable":null,"formato":null,"listasSeleccion":null,"longitud":null,"mascara":null,"regexp":null,"tipo":null,"valor":"20230213","visible":null},{"codigo":"vp_s_ssn","etiqueta":null,"editable":null,"formato":null,"listasSeleccion":null,"longitud":null,"mascara":null,"regexp":null,"tipo":null,"valor":"133090714","visible":null},{"codigo":"vp_s_comision","etiqueta":null,"editable":null,"formato":null,"listasSeleccion":null,"longitud":null,"mascara":null,"regexp":null,"tipo":null,"valor":null,"visible":null},{"codigo":"vp_s_tasa","etiqueta":null,"editable":null,"formato":null,"listasSeleccion":null,"longitud":null,"mascara":null,"regexp":null,"tipo":null,"valor":null,"visible":null},{"codigo":"vp_s_base_imp","etiqueta":null,"editable":null,"formato":null,"listasSeleccion":null,"longitud":null,"mascara":null,"regexp":null,"tipo":null,"valor":null,"visible":null},{"codigo":"vp_s_impuesto","etiqueta":null,"editable":null,"formato":null,"listasSeleccion":null,"longitud":null,"mascara":null,"regexp":null,"tipo":null,"valor":null,"visible":null},{"codigo":"vp_s_empresa","etiqueta":null,"editable":null,"formato":null,"listasSeleccion":null,"longitud":null,"mascara":null,"regexp":null,"tipo":null,"valor":null,"visible":null},{"codigo":"vp_s_recaudacion","etiqueta":null,"editable":null,"formato":null,"listasSeleccion":null,"longitud":null,"mascara":null,"regexp":null,"tipo":null,"valor":null,"visible":null},{"codigo":"vp_s_referencia1","etiqueta":null,"editable":null,"formato":null,"listasSeleccion":null,"longitud":null,"mascara":null,"regexp":null,"tipo":null,"valor":null,"visible":null},{"codigo":"vp_s_referencia2","etiqueta":null,"editable":null,"formato":null,"listasSeleccion":null,"longitud":null,"mascara":null,"regexp":null,"tipo":null,"valor":null,"visible":null},{"codigo":"vp_s_referencia3","etiqueta":null,"editable":null,"formato":null,"listasSeleccion":null,"longitud":null,"mascara":null,"regexp":null,"tipo":null,"valor":null,"visible":null}]},"identificador":"0993696147"},"tipoCuenta":"CTE","transaccion":"3925","usuario":"msilvag","valorComision":0.5,"valorPago":24.64}} *** Mensaje JMS Text: 07fde842e324
2023-02-13 13:27:00.388  INFO rec-pago-414-2fqbr --- [pool-7-thread-1] c.b.m.r.m.MessageSender                  : JMS Message: 
  JMSMessage class: jms_text
  JMSType:          null
  JMSDeliveryMode:  1
  JMSDeliveryDelay: 0
  JMSDeliveryTime:  0
  JMSExpiration:    50000
  JMSPriority:      4
  JMSMessageID:     07fde842e324
  JMSTimestamp:     105525337422417
  JMSCorrelationID: 07fde842e324
  JMSDestination:   null
  JMSReplyTo:       null
  JMSRedelivered:   false
    JMS_IBM_Character_Set: 1208
    JMS_IBM_MQMD_Expiry: 50000
{"tipoFlujo":"PAGO","mensajeEntradaEjecutarPago":{"canal":"VEN","cuenta":"0000088024","datosAdiciona ...
2023-02-13 13:27:01.262  INFO rec-pago-414-2fqbr --- [pool-7-thread-1] c.b.m.r.m.MessageConsumer                : Recuperando mensaje cola proveedor MS_REC_ECUTEL_RESP
2023-02-13 13:27:02.703  INFO rec-pago-414-2fqbr --- [pool-7-thread-1] c.b.m.r.m.MessageConsumer                : COLA MQ --> MS_REC_ECUTEL_RESP
2023-02-13 13:27:03.975  INFO rec-pago-414-2fqbr --- [pool-7-thread-1] c.b.m.r.m.MessageConsumer                : MENSAJE RECIBIDO--> 
  JMSMessage class: jms_text
  JMSType:          null
  JMSDeliveryMode:  2
  JMSDeliveryDelay: 0
  JMSDeliveryTime:  0
  JMSExpiration:    1676312873419
  JMSPriority:      4
  JMSMessageID:     ID:414d512043535042524b5f514d202020c517e663031d6821
  JMSTimestamp:     1676312823419
  JMSCorrelationID: 07fde842e324
  JMSDestination:   queue:///MS_REC_ECUTEL_RESP
  JMSReplyTo:       null
  JMSRedelivered:   false
    JMSXAppID: /deployments/quarkus-run.jar
    JMSXDeliveryCount: 1
    JMSXUserID: mqm         
    JMS_IBM_Character_Set: UTF-8
    JMS_IBM_Encoding: 273
    JMS_IBM_Format: MQSTR   
    JMS_IBM_MsgType: 8
    JMS_IBM_PutApplType: 28
    JMS_IBM_PutDate: 20230213
    JMS_IBM_PutTime: 18270384
{"codigo":"0","mensajeUsuario":"PAGO EJECUTADO","estado":"OK","mensajeSalidaEjecutarPago":{"banderaO ...
2023-02-13 13:27:03.975  INFO rec-pago-414-2fqbr --- [pool-7-thread-1] c.b.m.r.m.MessageConsumer                : Retorno message String
2023-02-13 13:27:03.975  INFO rec-pago-414-2fqbr --- [pool-7-thread-1] c.b.m.r.m.MessageConsumer                : Mensaje de respuesta: {"codigo":"0","mensajeUsuario":"PAGO EJECUTADO","estado":"OK","mensajeSalidaEjecutarPago":{"banderaOffline":null,"codigoError":"0","datosAdicionales":null,"fechaDebito":"2023-02-13T13:27:01","fechaPago":"2023-02-13T13:27:01","mensajeUsuario":"Pago Recibido Correctamente.","mensajeSistema":"Pago Recibido Correctamente.","montoTotal":null,"referencia":"133090714"},"mensajeSalidaConsultarDeuda":null}
2023-02-13 13:27:04.252  INFO rec-pago-414-2fqbr --- [pool-7-thread-1] c.b.m.r.s.SupplierProcessService         : RECIBE MENSAJE A PROVEEDOR
2023-02-13 13:27:04.253  INFO rec-pago-414-2fqbr --- [pool-7-thread-1] c.b.m.r.s.SupplierProcessService         : RESPUESTA PROVEEDOR: {"codigo":"0","mensajeUsuario":"PAGO EJECUTADO","estado":"OK","mensajeSalidaEjecutarPago":{"banderaOffline":null,"codigoError":"0","datosAdicionales":null,"fechaDebito":"2023-02-13T13:27:01","fechaPago":"2023-02-13T13:27:01","mensajeUsuario":"Pago Recibido Correctamente.","mensajeSistema":"Pago Recibido Correctamente.","montoTotal":null,"referencia":"133090714"},"mensajeSalidaConsultarDeuda":null}
2023-02-13 13:27:04.654  INFO rec-pago-414-2fqbr --- [pool-7-thread-1] c.b.m.r.s.SupplierProcessService         : RESPUESTA DE GATEWAY: 0
2023-02-13 13:27:04.655  INFO rec-pago-414-2fqbr --- [pool-7-thread-1] c.b.m.r.s.SupplierProcessService         : 0
2023-02-13 13:27:04.655  INFO rec-pago-414-2fqbr --- [pool-7-thread-1] c.b.m.r.s.SupplierProcessService         : SETEAN MENSAJE DE SALIDA
2023-02-13 13:27:04.655  INFO rec-pago-414-2fqbr --- [pool-7-thread-1] c.b.m.r.s.SupplierProcessService         : FIN EJECUTA PROVEEDOR ...
2023-02-13 13:27:05.151  INFO rec-pago-414-2fqbr --- [pool-7-thread-1] c.b.m.r.s.SupplierBankProcessService     : RESPUESTA PROVEEDOR: MensajeSalidaEjecutarPago{banderaOffline=null, codigoError='0', datosAdicionales=com.bolivariano.microservice.recpago.domain.mensajeotc.MensajeSalidaEjecutarPago$DatosAdicionales@1af802d1, fechaDebito=null, fechaPago=null, mensajeUsuario='Pago Recibido Correctamente.', mensajeSistema='Pago Recibido Correctamente.', montoTotal=0.0, referencia='null'}
2023-02-13 13:27:05.151  INFO rec-pago-414-2fqbr --- [pool-7-thread-1] c.b.m.r.s.SupplierBankProcessService     : EJECUTA CORE
2023-02-13 13:27:05.152  INFO rec-pago-414-2fqbr --- [pool-7-thread-1] c.b.m.r.d.CoreDao                        : Verificando Canal: VEN
2023-02-13 13:27:05.152  INFO rec-pago-414-2fqbr --- [pool-7-thread-1] c.b.m.r.d.CoreDao                        : Conectandose a Desarrollo 1
2023-02-13 13:27:05.253  INFO rec-pago-414-2fqbr --- [pool-7-thread-1] c.b.m.r.d.CoreDao                        : cob_pagos..pa_pg_tpag_reca_varios INPUT PARAMETERS
2023-02-13 13:27:05.254  INFO rec-pago-414-2fqbr --- [pool-7-thread-1] c.b.m.r.d.CoreDao                        : @e_ssn=133090714
2023-02-13 13:27:05.254  INFO rec-pago-414-2fqbr --- [pool-7-thread-1] c.b.m.r.d.CoreDao                        : @e_srv=SRVDESA2
2023-02-13 13:27:05.254  INFO rec-pago-414-2fqbr --- [pool-7-thread-1] c.b.m.r.d.CoreDao                        : @e_user=msilvag
2023-02-13 13:27:05.254  INFO rec-pago-414-2fqbr --- [pool-7-thread-1] c.b.m.r.d.CoreDao                        : @e_term=VIRTUAL_BB
2023-02-13 13:27:05.254  INFO rec-pago-414-2fqbr --- [pool-7-thread-1] c.b.m.r.d.CoreDao                        : @e_date=02/13/2023
2023-02-13 13:27:05.254  INFO rec-pago-414-2fqbr --- [pool-7-thread-1] c.b.m.r.d.CoreDao                        : @e_ofi=0
2023-02-13 13:27:05.254  INFO rec-pago-414-2fqbr --- [pool-7-thread-1] c.b.m.r.d.CoreDao                        : @e_rol=252
2023-02-13 13:27:05.255  INFO rec-pago-414-2fqbr --- [pool-7-thread-1] c.b.m.r.d.CoreDao                        : @e_corr=N
2023-02-13 13:27:05.350  INFO rec-pago-414-2fqbr --- [pool-7-thread-1] c.b.m.r.d.CoreDao                        : @e_ssn_corr=0
2023-02-13 13:27:05.350  INFO rec-pago-414-2fqbr --- [pool-7-thread-1] c.b.m.r.d.CoreDao                        : @e_trn=3925
2023-02-13 13:27:05.350  INFO rec-pago-414-2fqbr --- [pool-7-thread-1] c.b.m.r.d.CoreDao                        : @e_mon=1
2023-02-13 13:27:05.351  INFO rec-pago-414-2fqbr --- [pool-7-thread-1] c.b.m.r.d.CoreDao                        : @e_ruc_cliente=
2023-02-13 13:27:05.351  INFO rec-pago-414-2fqbr --- [pool-7-thread-1] c.b.m.r.d.CoreDao                        : @e_servicio=01
2023-02-13 13:27:05.351  INFO rec-pago-414-2fqbr --- [pool-7-thread-1] c.b.m.r.d.CoreDao                        : @e_empresa=8521
2023-02-13 13:27:05.351  INFO rec-pago-414-2fqbr --- [pool-7-thread-1] c.b.m.r.d.CoreDao                        : @e_efectivo=0.00
2023-02-13 13:27:05.351  INFO rec-pago-414-2fqbr --- [pool-7-thread-1] c.b.m.r.d.CoreDao                        : @e_cheque=0.00
2023-02-13 13:27:05.352  INFO rec-pago-414-2fqbr --- [pool-7-thread-1] c.b.m.r.d.CoreDao                        : @e_debito=24.64
2023-02-13 13:27:05.352  INFO rec-pago-414-2fqbr --- [pool-7-thread-1] c.b.m.r.d.CoreDao                        : @e_tarjeta=0
2023-02-13 13:27:05.352  INFO rec-pago-414-2fqbr --- [pool-7-thread-1] c.b.m.r.d.CoreDao                        : @e_comision_tot=0.5
2023-02-13 13:27:05.352  INFO rec-pago-414-2fqbr --- [pool-7-thread-1] c.b.m.r.d.CoreDao                        : @e_comision_efe=0.00
2023-02-13 13:27:05.352  INFO rec-pago-414-2fqbr --- [pool-7-thread-1] c.b.m.r.d.CoreDao                        : @e_comision_chq=0.00
2023-02-13 13:27:05.353  INFO rec-pago-414-2fqbr --- [pool-7-thread-1] c.b.m.r.d.CoreDao                        : @e_comision_db=0.50
2023-02-13 13:27:05.353  INFO rec-pago-414-2fqbr --- [pool-7-thread-1] c.b.m.r.d.CoreDao                        : @e_total=24.64
2023-02-13 13:27:05.353  INFO rec-pago-414-2fqbr --- [pool-7-thread-1] c.b.m.r.d.CoreDao                        : @e_cant_cheques=0
2023-02-13 13:27:05.353  INFO rec-pago-414-2fqbr --- [pool-7-thread-1] c.b.m.r.d.CoreDao                        : @e_tipo_cta=CTE
2023-02-13 13:27:05.353  INFO rec-pago-414-2fqbr --- [pool-7-thread-1] c.b.m.r.d.CoreDao                        : @e_cuenta=0000088024
2023-02-13 13:27:05.354  INFO rec-pago-414-2fqbr --- [pool-7-thread-1] c.b.m.r.d.CoreDao                        : @e_nombre_cta=PINTURAS UNIDAS S. A.*****
2023-02-13 13:27:05.354  INFO rec-pago-414-2fqbr --- [pool-7-thread-1] c.b.m.r.d.CoreDao                        : @e_autoriza=N
2023-02-13 13:27:05.354  INFO rec-pago-414-2fqbr --- [pool-7-thread-1] c.b.m.r.d.CoreDao                        : @e_canal=VEN
2023-02-13 13:27:05.354  INFO rec-pago-414-2fqbr --- [pool-7-thread-1] c.b.m.r.d.CoreDao                        : @e_ubi=0
2023-02-13 13:27:05.354  INFO rec-pago-414-2fqbr --- [pool-7-thread-1] c.b.m.r.d.CoreDao                        : @e_codigo=0993696147
2023-02-13 13:27:05.355  INFO rec-pago-414-2fqbr --- [pool-7-thread-1] c.b.m.r.d.CoreDao                        : @e_cod_referencia=
2023-02-13 13:27:05.355  INFO rec-pago-414-2fqbr --- [pool-7-thread-1] c.b.m.r.d.CoreDao                        : @e_nombre_cliente=null
2023-02-13 13:27:05.355  INFO rec-pago-414-2fqbr --- [pool-7-thread-1] c.b.m.r.d.CoreDao                        : @e_base_imponible=0
2023-02-13 13:27:05.355  INFO rec-pago-414-2fqbr --- [pool-7-thread-1] c.b.m.r.d.CoreDao                        : @e_factura=
2023-02-13 13:27:05.355  INFO rec-pago-414-2fqbr --- [pool-7-thread-1] c.b.m.r.d.CoreDao                        : @e_cod_respuesta=
2023-02-13 13:27:05.356  INFO rec-pago-414-2fqbr --- [pool-7-thread-1] c.b.m.r.d.CoreDao                        : @e_cod_grupo=
2023-02-13 13:27:05.450  INFO rec-pago-414-2fqbr --- [pool-7-thread-1] c.b.m.r.d.CoreDao                        : @e_nomb_tramite=
2023-02-13 13:27:05.450  INFO rec-pago-414-2fqbr --- [pool-7-thread-1] c.b.m.r.d.CoreDao                        : @e_pcodigo_operacion=
2023-02-13 13:27:05.450  INFO rec-pago-414-2fqbr --- [pool-7-thread-1] c.b.m.r.d.CoreDao                        : @e_pcodigo_secuencia=
2023-02-13 13:27:05.451  INFO rec-pago-414-2fqbr --- [pool-7-thread-1] c.b.m.r.d.CoreDao                        : @e_phoralocal=
2023-02-13 13:27:05.451  INFO rec-pago-414-2fqbr --- [pool-7-thread-1] c.b.m.r.d.CoreDao                        : @e_cod_consultora=null
2023-02-13 13:27:05.452  INFO rec-pago-414-2fqbr --- [pool-7-thread-1] c.b.m.r.d.CoreDao                        : EJECUTA SP {? = call cob_pagos..pa_pg_tpag_reca_varios(?,?,?,?,?,?,?,?,?,?,?,?,?,?,?,?,?,?,?,?,?,?,?,?,?,?,?,?,?,?,?,?,?,?,?,?,?,?,?,?,?,?,?,?,?,?,?,?,?,?,?,?,?,?,?,?,?,?,?,?,?,?,?,?,?,?) }
2023-02-13 13:27:05.557  INFO rec-pago-414-2fqbr --- [pool-7-thread-1] c.b.m.r.d.CoreDao                        : FINALIZA EJECUTA SP
2023-02-13 13:27:05.755  INFO rec-pago-414-2fqbr --- [pool-7-thread-1] c.b.m.r.d.CoreDao                        : RESPUESTA SP --> 0
2023-02-13 13:27:05.756  INFO rec-pago-414-2fqbr --- [pool-7-thread-1] c.b.m.r.d.CoreDao                        : cob_pagos..pa_pg_tpag_reca_varios Output Parameters
2023-02-13 13:27:05.757  INFO rec-pago-414-2fqbr --- [pool-7-thread-1] c.b.m.r.d.CoreDao                        : @s_ssn=133090714
2023-02-13 13:27:05.757  INFO rec-pago-414-2fqbr --- [pool-7-thread-1] c.b.m.r.d.CoreDao                        : @s_horario=N
2023-02-13 13:27:05.758  INFO rec-pago-414-2fqbr --- [pool-7-thread-1] c.b.m.r.d.CoreDao                        : @s_tasa=0.12
2023-02-13 13:27:05.758  INFO rec-pago-414-2fqbr --- [pool-7-thread-1] c.b.m.r.d.CoreDao                        : @s_base_imp=0.45
2023-02-13 13:27:05.758  INFO rec-pago-414-2fqbr --- [pool-7-thread-1] c.b.m.r.d.CoreDao                        : @s_impuesto=0.05
2023-02-13 13:27:05.758  INFO rec-pago-414-2fqbr --- [pool-7-thread-1] c.b.m.r.d.CoreDao                        : @s_servicio_not=PAGSB
2023-02-13 13:27:05.860  INFO rec-pago-414-2fqbr --- [pool-7-thread-1] c.b.m.r.d.CoreDao                        : @s_nomb_ente=PINTURAS UNIDAS S. A.*****
2023-02-13 13:27:05.860  INFO rec-pago-414-2fqbr --- [pool-7-thread-1] c.b.m.r.d.CoreDao                        : @s_cod_ente=1233
2023-02-13 13:27:05.861  INFO rec-pago-414-2fqbr --- [pool-7-thread-1] c.b.m.r.d.CoreDao                        : @s_desccanal=VENTANILLA
2023-02-13 13:27:05.861  INFO rec-pago-414-2fqbr --- [pool-7-thread-1] c.b.m.r.d.CoreDao                        : @s_celular=null
2023-02-13 13:27:05.861  INFO rec-pago-414-2fqbr --- [pool-7-thread-1] c.b.m.r.d.CoreDao                        : @s_correo=crodriguez@bolivariano.com
2023-02-13 13:27:05.861  INFO rec-pago-414-2fqbr --- [pool-7-thread-1] c.b.m.r.d.CoreDao                        : @s_desc_empresa=SERVICIOS VARIOS
2023-02-13 13:27:05.861  INFO rec-pago-414-2fqbr --- [pool-7-thread-1] c.b.m.r.d.CoreDao                        : @s_prod_deb=CTE
2023-02-13 13:27:05.862  INFO rec-pago-414-2fqbr --- [pool-7-thread-1] c.b.m.r.d.CoreDao                        : @s_valor=24.64
2023-02-13 13:27:05.862  INFO rec-pago-414-2fqbr --- [pool-7-thread-1] c.b.m.r.d.CoreDao                        : @s_fecha_deb=02/13/2023
2023-02-13 13:27:05.862  INFO rec-pago-414-2fqbr --- [pool-7-thread-1] c.b.m.r.d.CoreDao                        : @s_hora_deb=13:27:05
2023-02-13 13:27:05.862  INFO rec-pago-414-2fqbr --- [pool-7-thread-1] c.b.m.r.d.CoreDao                        : @s_valor_comi=0.50
2023-02-13 13:27:05.862  INFO rec-pago-414-2fqbr --- [pool-7-thread-1] c.b.m.r.d.CoreDao                        : @s_cta_lat=024
2023-02-13 13:27:05.862  INFO rec-pago-414-2fqbr --- [pool-7-thread-1] c.b.m.r.d.CoreDao                        : @s_tipo_serv=FACTURA
2023-02-13 13:27:05.863  INFO rec-pago-414-2fqbr --- [pool-7-thread-1] c.b.m.r.d.CoreDao                        : @s_envia_notf=1
2023-02-13 13:27:05.863  INFO rec-pago-414-2fqbr --- [pool-7-thread-1] c.b.m.r.d.CoreDao                        : @s_cod_respuesta=0
2023-02-13 13:27:05.863  INFO rec-pago-414-2fqbr --- [pool-7-thread-1] c.b.m.r.d.CoreDao                        : @s_mensaje_respuesta=OK
2023-02-13 13:27:05.863  INFO rec-pago-414-2fqbr --- [pool-7-thread-1] c.b.m.r.d.CoreDao                        : @s_valor_tot=25.14
2023-02-13 13:27:06.156  INFO rec-pago-414-2fqbr --- [pool-7-thread-1] c.b.m.r.d.CoreDao                        : Respuesta despues de pago core<ns2:salidaEjecutarPago xmlns:ns2="http://www.bolivariano.com/mensaje/MensajeOTC"><ns2:codigoError>0</ns2:codigoError><ns2:datosAdicionales><ns2:datoAdicional><codigo>vp_s_fecha_contable</codigo><valor>20230213</valor></ns2:datoAdicional><ns2:datoAdicional><codigo>vp_s_ssn</codigo><valor>133090714</valor></ns2:datoAdicional><ns2:datoAdicional><codigo>vp_s_comision</codigo></ns2:datoAdicional><ns2:datoAdicional><codigo>vp_s_tasa</codigo></ns2:datoAdicional><ns2:datoAdicional><codigo>vp_s_base_imp</codigo></ns2:datoAdicional><ns2:datoAdicional><codigo>vp_s_impuesto</codigo></ns2:datoAdicional><ns2:datoAdicional><codigo>vp_s_empresa</codigo></ns2:datoAdicional><ns2:datoAdicional><codigo>vp_s_recaudacion</codigo></ns2:datoAdicional><ns2:datoAdicional><codigo>vp_s_referencia1</codigo></ns2:datoAdicional><ns2:datoAdicional><codigo>vp_s_referencia2</codigo></ns2:datoAdicional><ns2:datoAdicional><codigo>vp_s_referencia3</codigo></ns2:datoAdicional><ns2:datoAdicional><codigo>rp_s_ssn</codigo><valor>133090714</valor></ns2:datoAdicional><ns2:datoAdicional><codigo>rp_s_horario</codigo><valor>N</valor></ns2:datoAdicional><ns2:datoAdicional><codigo>rp_s_tasa</codigo><valor>0.12</valor></ns2:datoAdicional><ns2:datoAdicional><codigo>rp_s_base_imp</codigo><valor>0.45</valor></ns2:datoAdicional><ns2:datoAdicional><codigo>rp_s_impuesto</codigo><valor>0.05</valor></ns2:datoAdicional><ns2:datoAdicional><codigo>rp_s_servicio_not</codigo><valor>PAGSB</valor></ns2:datoAdicional><ns2:datoAdicional><codigo>rp_s_nomb_ente</codigo><valor>PINTURAS UNIDAS S. A.*****</valor></ns2:datoAdicional><ns2:datoAdicional><codigo>rp_s_cod_ente</codigo><valor>1233</valor></ns2:datoAdicional><ns2:datoAdicional><codigo>rp_s_desccanal</codigo><valor>VENTANILLA</valor></ns2:datoAdicional><ns2:datoAdicional><codigo>rp_s_celular</codigo><valor></valor></ns2:datoAdicional><ns2:datoAdicional><codigo>rp_s_correo</codigo><valor>crodriguez@bolivariano.com</valor></ns2:datoAdicional><ns2:datoAdicional><codigo>rp_s_desc_empresa</codigo><valor>SERVICIOS VARIOS</valor></ns2:datoAdicional><ns2:datoAdicional><codigo>rp_s_prod_deb</codigo><valor>CTE</valor></ns2:datoAdicional><ns2:datoAdicional><codigo>rp_s_valor</codigo><valor>24.64</valor></ns2:datoAdicional><ns2:datoAdicional><codigo>rp_s_fecha_deb</codigo><valor>02/13/2023</valor></ns2:datoAdicional><ns2:datoAdicional><codigo>rp_s_hora_deb</codigo><valor>13:27:05</valor></ns2:datoAdicional><ns2:datoAdicional><codigo>rp_s_valor_comi</codigo><valor>0.50</valor></ns2:datoAdicional><ns2:datoAdicional><codigo>rp_s_cta_lat</codigo><valor>024</valor></ns2:datoAdicional><ns2:datoAdicional><codigo>rp_s_tipo_serv</codigo><valor>FACTURA</valor></ns2:datoAdicional><ns2:datoAdicional><codigo>rp_s_envia_notf</codigo><valor>1</valor></ns2:datoAdicional></ns2:datosAdicionales><ns2:fechaDebito>2023-02-13T13:26:50</ns2:fechaDebito><ns2:fechaPago>2023-02-13T13:26:50</ns2:fechaPago><ns2:mensajeUsuario>OK</ns2:mensajeUsuario><ns2:mensajeSistema>OK</ns2:mensajeSistema><ns2:montoTotal>25.14</ns2:montoTotal></ns2:salidaEjecutarPago>
2023-02-13 13:27:06.156  INFO rec-pago-414-2fqbr --- [pool-7-thread-1] c.b.m.r.d.CoreDao                        : CIERRA CONEXION!
2023-02-13 13:27:06.156  INFO rec-pago-414-2fqbr --- [pool-7-thread-1] c.b.m.r.s.BankProcessService             : CODIGO RESPUESTA: 0
2023-02-13 13:27:06.157  INFO rec-pago-414-2fqbr --- [pool-7-thread-1] c.b.m.r.s.SupplierBankProcessService     : VALIDA PREVIA MANUAL:true
2023-02-13 13:27:06.157  INFO rec-pago-414-2fqbr --- [pool-7-thread-1] c.b.m.r.s.SupplierBankProcessService     : TIPO PROCESO:M
2023-02-13 13:27:06.158  INFO rec-pago-414-2fqbr --- [pool-7-thread-1] c.b.m.r.s.BankProcessService             : ENVIANOTF:1
2023-02-13 13:27:06.158  INFO rec-pago-414-2fqbr --- [pool-7-thread-1] c.b.m.r.s.BankProcessService             : TIPOS PROCESOS NOTIFICACION: ***M,A***
2023-02-13 13:27:06.159  INFO rec-pago-414-2fqbr --- [pool-7-thread-1] c.b.m.r.s.BankProcessService             : VALOR PAGO:24.64
2023-02-13 13:27:06.250  INFO rec-pago-414-2fqbr --- [pool-7-thread-1] c.b.m.r.s.BankProcessService             : MINIMO VALOR PAGO:0.0
2023-02-13 13:27:06.251  INFO rec-pago-414-2fqbr --- [pool-7-thread-1] c.b.m.r.s.BankProcessService             : VALIDA FORMA PAGO:true
2023-02-13 13:27:06.251  INFO rec-pago-414-2fqbr --- [pool-7-thread-1] c.b.m.r.s.BankProcessService             : ENVIA A NOTIFICACION
2023-02-13 13:27:06.255  INFO rec-pago-414-2fqbr --- [pool-7-thread-1] c.b.m.r.s.BankProcessService             : FIN Ejecuta NOTIFICACION ...
2023-02-13 13:27:06.256  INFO rec-pago-414-2fqbr --- [pool-7-thread-1] c.b.m.r.s.SupplierBankProcessService     : 07fde842e324 133090714 ***TIEMPO TOTAL BANCO/PROVEEDOR: 9305 ***  TIEMPO TOTAL VALIDACION CORE: 1101 *** TIEMPO TOTAL BANCO: 1005 ***  TIEMPO TOTAL PROVEEDOR: 6600 *** TIEMPO TOTAL NOTIFICACION: 98
2023-02-13 13:27:06.256  INFO rec-pago-414-2fqbr --- [pool-7-thread-1] c.b.m.r.s.PaymentService                 : 07fde842e324 133090714 Proceso manual envia respuesta
2023-02-13 13:27:06.256  INFO rec-pago-414-2fqbr --- [pool-7-thread-1] c.b.m.r.s.PaymentService                 : 07fde842e324 133090714 Mensaje de respuesta antes del update: 0
2023-02-13 13:27:06.256  INFO rec-pago-414-2fqbr --- [pool-7-thread-1] c.b.m.r.s.PaymentService                 : 07fde842e324 133090714 Codigo respuesta final: 0
2023-02-13 13:27:08.653  INFO rec-pago-414-2fqbr --- [pool-7-thread-1] c.b.m.r.m.MessageSender                  : <?xml version="1.0" encoding="UTF-8" standalone="yes"?><mensajeSalidaGateway xmlns="http://www.bolivariano.com/mensaje/MensajeOSB"><codigo>0</codigo><mensajeUsuario>Transaccion Exitosa</mensajeUsuario><mensaje><![CDATA[<?xml version="1.0" encoding="UTF-8" standalone="yes"?><ns2:salidaEjecutarPago xmlns:ns2="http://www.bolivariano.com/mensaje/MensajeOTC"><ns2:codigoError>0</ns2:codigoError><ns2:datosAdicionales><ns2:datoAdicional><codigo>vp_s_fecha_contable</codigo><valor>20230213</valor></ns2:datoAdicional><ns2:datoAdicional><codigo>vp_s_ssn</codigo><valor>133090714</valor></ns2:datoAdicional><ns2:datoAdicional><codigo>vp_s_comision</codigo></ns2:datoAdicional><ns2:datoAdicional><codigo>vp_s_tasa</codigo></ns2:datoAdicional><ns2:datoAdicional><codigo>vp_s_base_imp</codigo></ns2:datoAdicional><ns2:datoAdicional><codigo>vp_s_impuesto</codigo></ns2:datoAdicional><ns2:datoAdicional><codigo>vp_s_empresa</codigo></ns2:datoAdicional><ns2:datoAdicional><codigo>vp_s_recaudacion</codigo></ns2:datoAdicional><ns2:datoAdicional><codigo>vp_s_referencia1</codigo></ns2:datoAdicional><ns2:datoAdicional><codigo>vp_s_referencia2</codigo></ns2:datoAdicional><ns2:datoAdicional><codigo>vp_s_referencia3</codigo></ns2:datoAdicional><ns2:datoAdicional><codigo>rp_s_ssn</codigo><valor>133090714</valor></ns2:datoAdicional><ns2:datoAdicional><codigo>rp_s_horario</codigo><valor>N</valor></ns2:datoAdicional><ns2:datoAdicional><codigo>rp_s_tasa</codigo><valor>0.12</valor></ns2:datoAdicional><ns2:datoAdicional><codigo>rp_s_base_imp</codigo><valor>0.45</valor></ns2:datoAdicional><ns2:datoAdicional><codigo>rp_s_impuesto</codigo><valor>0.05</valor></ns2:datoAdicional><ns2:datoAdicional><codigo>rp_s_servicio_not</codigo><valor>PAGSB</valor></ns2:datoAdicional><ns2:datoAdicional><codigo>rp_s_nomb_ente</codigo><valor>PINTURAS UNIDAS S. A.*****</valor></ns2:datoAdicional><ns2:datoAdicional><codigo>rp_s_cod_ente</codigo><valor>1233</valor></ns2:datoAdicional><ns2:datoAdicional><codigo>rp_s_desccanal</codigo><valor>VENTANILLA</valor></ns2:datoAdicional><ns2:datoAdicional><codigo>rp_s_celular</codigo><valor></valor></ns2:datoAdicional><ns2:datoAdicional><codigo>rp_s_correo</codigo><valor>crodriguez@bolivariano.com</valor></ns2:datoAdicional><ns2:datoAdicional><codigo>rp_s_desc_empresa</codigo><valor>SERVICIOS VARIOS</valor></ns2:datoAdicional><ns2:datoAdicional><codigo>rp_s_prod_deb</codigo><valor>CTE</valor></ns2:datoAdicional><ns2:datoAdicional><codigo>rp_s_valor</codigo><valor>24.64</valor></ns2:datoAdicional><ns2:datoAdicional><codigo>rp_s_fecha_deb</codigo><valor>02/13/2023</valor></ns2:datoAdicional><ns2:datoAdicional><codigo>rp_s_hora_deb</codigo><valor>13:27:05</valor></ns2:datoAdicional><ns2:datoAdicional><codigo>rp_s_valor_comi</codigo><valor>0.50</valor></ns2:datoAdicional><ns2:datoAdicional><codigo>rp_s_cta_lat</codigo><valor>024</valor></ns2:datoAdicional><ns2:datoAdicional><codigo>rp_s_tipo_serv</codigo><valor>FACTURA</valor></ns2:datoAdicional><ns2:datoAdicional><codigo>rp_s_envia_notf</codigo><valor>1</valor></ns2:datoAdicional></ns2:datosAdicionales><ns2:fechaDebito>2023-02-13T13:26:50</ns2:fechaDebito><ns2:fechaPago>2023-02-13T13:26:50</ns2:fechaPago><ns2:mensajeUsuario>OK</ns2:mensajeUsuario><ns2:mensajeSistema>OK</ns2:mensajeSistema><ns2:montoTotal>25.14</ns2:montoTotal></ns2:salidaEjecutarPago>]]></mensaje></mensajeSalidaGateway> *** Mensaje JMS Byte: 07fde842e324
2023-02-13 13:27:08.654  INFO rec-pago-414-2fqbr --- [pool-7-thread-1] c.b.m.r.m.MessageSender                  : JMS Message: 
  JMSMessage class: jms_bytes
  JMSType:          null
  JMSDeliveryMode:  1
  JMSDeliveryDelay: 0
  JMSDeliveryTime:  0
  JMSExpiration:    50000
  JMSPriority:      4
  JMSMessageID:     07fde842e324
  JMSTimestamp:     105533603285619
  JMSCorrelationID: 07fde842e324
  JMSDestination:   null
  JMSReplyTo:       null
  JMSRedelivered:   false
    JMS_IBM_Character_Set: 1208
    JMS_IBM_MQMD_Expiry: 50000
3c3f786d6c2076657273696f6e3d22312e302220656e636f64696e673d225554462d382220737461
6e64616c6f6e653d22796573223f3e3c6d656e73616a6553616c6964614761746577617920786d6c

2023-02-13 13:27:08.752  INFO rec-pago-414-2fqbr --- [vert.x-eventloo] c.b.m.r.s.NotificationService            : INICIO EJECUTA NOTIFICACION
2023-02-13 13:27:08.752  INFO rec-pago-414-2fqbr --- [vert.x-eventloo] c.b.m.r.s.NotificationService            : PATH --> /secret/truststore.jks
2023-02-13 13:27:08.753  INFO rec-pago-414-2fqbr --- [vert.x-eventloo] c.b.m.r.s.NotificationService            : TYPE --> otpms
2023-02-13 13:27:08.960  INFO rec-pago-414-2fqbr --- [vert.x-eventloo] c.b.m.r.s.NotificationService            : header setId: VEN20230213132705133090
2023-02-13 13:27:08.961  INFO rec-pago-414-2fqbr --- [vert.x-eventloo] c.b.m.r.s.NotificationService            : header setRefCompany: BOLIVARIANO
2023-02-13 13:27:08.961  INFO rec-pago-414-2fqbr --- [vert.x-eventloo] c.b.m.r.s.NotificationService            : header setRefService: PAGSB
2023-02-13 13:27:08.961  INFO rec-pago-414-2fqbr --- [vert.x-eventloo] c.b.m.r.s.NotificationService            : header setRefMsgLabel: Avisos24
2023-02-13 13:27:08.962  INFO rec-pago-414-2fqbr --- [vert.x-eventloo] c.b.m.r.s.NotificationService            : header setKeyValue: 1233
2023-02-13 13:27:08.962  INFO rec-pago-414-2fqbr --- [vert.x-eventloo] c.b.m.r.s.NotificationService            : header setChannels: VEN
2023-02-13 13:27:08.962  INFO rec-pago-414-2fqbr --- [vert.x-eventloo] c.b.m.r.s.NotificationService            : info setLoginEnterprise: BOLIVARIANO
2023-02-13 13:27:08.963  INFO rec-pago-414-2fqbr --- [vert.x-eventloo] c.b.m.r.s.NotificationService            : info setRefContract: PAGSB
2023-02-13 13:27:08.964  INFO rec-pago-414-2fqbr --- [vert.x-eventloo] c.b.m.r.s.NotificationService            : data setNombre: PINTURAS UNIDAS S. A.*****
2023-02-13 13:27:09.150  INFO rec-pago-414-2fqbr --- [vert.x-eventloo] c.b.m.r.s.NotificationService            : data setDesccanal: VENTANILLA
2023-02-13 13:27:09.151  INFO rec-pago-414-2fqbr --- [vert.x-eventloo] c.b.m.r.s.NotificationService            : data setDeservicio: FACTURA
2023-02-13 13:27:09.151  INFO rec-pago-414-2fqbr --- [vert.x-eventloo] c.b.m.r.s.NotificationService            : data setFechaTope: 2023-02-13
2023-02-13 13:27:09.152  INFO rec-pago-414-2fqbr --- [vert.x-eventloo] c.b.m.r.s.NotificationService            : data setEmpresa: SERVICIOS VARIOS
2023-02-13 13:27:09.152  INFO rec-pago-414-2fqbr --- [vert.x-eventloo] c.b.m.r.s.NotificationService            : data setPlanilla: 0993696147
2023-02-13 13:27:09.152  INFO rec-pago-414-2fqbr --- [vert.x-eventloo] c.b.m.r.s.NotificationService            : data setFecha1: 13:27:05
2023-02-13 13:27:09.153  INFO rec-pago-414-2fqbr --- [vert.x-eventloo] c.b.m.r.s.NotificationService            : data setProdeb: CTE
2023-02-13 13:27:09.153  INFO rec-pago-414-2fqbr --- [vert.x-eventloo] c.b.m.r.s.NotificationService            : data setCtadeb: 024
2023-02-13 13:27:09.153  INFO rec-pago-414-2fqbr --- [vert.x-eventloo] c.b.m.r.s.NotificationService            : data setValor: 24.64
2023-02-13 13:27:09.154  INFO rec-pago-414-2fqbr --- [vert.x-eventloo] c.b.m.r.s.NotificationService            : data setValor2: 0.50
2023-02-13 13:27:09.154  INFO rec-pago-414-2fqbr --- [vert.x-eventloo] c.b.m.r.s.NotificationService            : data setValortope: 25.14
2023-02-13 13:27:09.154  INFO rec-pago-414-2fqbr --- [vert.x-eventloo] c.b.m.r.s.NotificationService            : data setGsm: 
2023-02-13 13:27:09.155  INFO rec-pago-414-2fqbr --- [vert.x-eventloo] c.b.m.r.s.NotificationService            : data setEmail: crodriguez@bolivariano.com
2023-02-13 13:27:09.155  INFO rec-pago-414-2fqbr --- [vert.x-eventloo] c.b.m.r.s.NotificationService            : data setPhone: 
2023-02-13 13:27:09.155  INFO rec-pago-414-2fqbr --- [vert.x-eventloo] c.b.m.r.s.NotificationService            : addressesGsm setClassName: gsm
2023-02-13 13:27:09.155  INFO rec-pago-414-2fqbr --- [vert.x-eventloo] c.b.m.r.s.NotificationService            : addressesGsm setType: to
2023-02-13 13:27:09.156  INFO rec-pago-414-2fqbr --- [vert.x-eventloo] c.b.m.r.s.NotificationService            : addressesGsm setRef:
2023-02-13 13:27:09.156  INFO rec-pago-414-2fqbr --- [vert.x-eventloo] c.b.m.r.s.NotificationService            : addressesEmail setClassName: email
2023-02-13 13:27:09.156  INFO rec-pago-414-2fqbr --- [vert.x-eventloo] c.b.m.r.s.NotificationService            : addressesEmail setType: to
2023-02-13 13:27:09.156  INFO rec-pago-414-2fqbr --- [vert.x-eventloo] c.b.m.r.s.NotificationService            : addressesEmail setRef:crodriguez@bolivariano.com
2023-02-13 13:27:09.350  INFO rec-pago-414-2fqbr --- [pool-7-thread-1] c.b.m.r.s.PaymentService                 : 07fde842e324 133090714 Tiempo total ejecucion: 14174
2023-02-13 13:27:09.454  INFO rec-pago-414-2fqbr --- [vert.x-eventloo] c.b.m.r.s.NotificationService            : REQUEST NOTIFICACION -> {
  "header" : {
    "id" : "VEN20230213132705133090",
    "refCompany" : "BOLIVARIANO",
    "refService" : "PAGSB",
    "keyValue" : "1233",
    "channels" : "VEN",
    "refMsgLabel" : "Avisos24"
  },
  "info" : {
    "loginEnterprise" : "BOLIVARIANO",
    "refContract" : "PAGSB"
  },
  "data" : {
    "nombre" : "PINTURAS UNIDAS S. A.*****",
    "desccanal" : "VENTANILLA",
    "deservicio" : "FACTURA",
    "empresa" : "SERVICIOS VARIOS",
    "planilla" : "0993696147",
    "fecha_tope" : "2023-02-13",
    "fecha1" : "13:27:05",
    "prodeb" : "CTE",
    "ctadeb" : "024",
    "valor" : "24.64",
    "valor2" : "0.50",
    "valortope" : "25.14",
    "gsm" : "",
    "email" : "crodriguez@bolivariano.com",
    "phone" : ""
  },
  "addresses" : [ {
    "className" : "gsm",
    "type" : "to",
    "ref" : ""
  }, {
    "className" : "email",
    "type" : "to",
    "ref" : "crodriguez@bolivariano.com"
  } ]
}
2023-02-13 13:27:11.753  INFO rec-pago-414-2fqbr --- [vert.x-eventloo] c.b.m.r.s.NotificationService            : RESPONSE NOTIFICACION -> {
  "msg" : "ok",
  "result" : "Ok"
}
2023-02-13 13:27:11.753  INFO rec-pago-414-2fqbr --- [vert.x-eventloo] c.b.m.r.s.NotificationService            : FIN EJECUTA NOTIFICACION
