Starting the Java application using /opt/jboss/container/java/run/run-java.sh ...
INFO exec  java -Xms64m -Xmx1024m -XX:+UseParallelGC -XX:MinHeapFreeRatio=10 -XX:MaxHeapFreeRatio=20 -XX:GCTimeRatio=4 -XX:AdaptiveSizePolicyWeight=90 -XX:MaxMetaspaceSize=256m -XX:ParallelGCThreads=1 -Djava.util.concurrent.ForkJoinPool.common.parallelism=1 -XX:CICompilerCount=2 -XX:+ExitOnOutOfMemoryError -Dfile.encoding=ISO-8859-1 -cp "." -jar /deployments/quarkus-run.jar  
__  ____  __  _____   ___  __ ____  ______ 
 --/ __ \/ / / / _ | / _ \/ //_/ / / / __/ 
 -/ /_/ / /_/ / __ |/ , _/ ,< / /_/ /\ \   
--\___\_\____/_/ |_/_/|_/_/|_|\____/___/   
[2023-02-13 13:16:13.059][WARN][rec-ecutel-49-xnfnz][NettyRecorder][run][Netty DefaultChannelId initialization (with io.netty.machineId system property set to 54:79:49:17:73:33:db:4a) took more than a second]
[2023-02-13 13:16:15.251][INFO][rec-ecutel-49-xnfnz][OpenApiRecorder][handler][Default CORS properties will be used, please use 'quarkus.http.cors' properties instead]
[2023-02-13 13:16:16.256][INFO][rec-ecutel-49-xnfnz][AppLifecycleBean][onStart][Inicio SET SOAP WS]
[2023-02-13 13:16:16.257][INFO][rec-ecutel-49-xnfnz][AppLifecycleBean][onStart][connRequestTimeout --> 4000]
[2023-02-13 13:16:16.258][INFO][rec-ecutel-49-xnfnz][AppLifecycleBean][onStart][connTimeout --> 4000]
[2023-02-13 13:16:16.259][INFO][rec-ecutel-49-xnfnz][AppLifecycleBean][onStart][readTimeout --> 60000]
[2023-02-13 13:16:27.760][INFO][rec-ecutel-49-xnfnz][quarkus][printStartupTime][rec-ecutel 1.0.0 on JVM (powered by Quarkus 2.9.0.Final) started in 31.298s. Listening on: http://0.0.0.0:8080]
[2023-02-13 13:16:27.761][INFO][rec-ecutel-49-xnfnz][quarkus][printStartupTime][Profile prod activated. ]
[2023-02-13 13:16:27.762][INFO][rec-ecutel-49-xnfnz][quarkus][printStartupTime][Installed features: [cdi, cxf, resteasy-jackson, smallrye-context-propagation, smallrye-health, smallrye-openapi, vertx]]
[2023-02-13 13:22:58.244][INFO][rec-ecutel-49-xnfnz][MessageListener][run][]
[2023-02-13 13:22:58.245][INFO][rec-ecutel-49-xnfnz][MessageListener][run][]
[2023-02-13 13:22:58.246][INFO][rec-ecutel-49-xnfnz][MessageListener][run][INICIO JMS RECIBIDO --> 4b3908dddf88]
[2023-02-13 13:23:09.152][INFO][rec-ecutel-49-xnfnz][ECUTELService][consultarDeuda][TIPO IDENTIFICACION: 002]
[2023-02-13 13:23:09.153][INFO][rec-ecutel-49-xnfnz][ECUTELService][consultarDeuda][NUM IDENTIFICACION: 0993696147]
[2023-02-13 13:23:09.153][INFO][rec-ecutel-49-xnfnz][ECUTELService][consultarDeuda][CANAL: VENT]
[2023-02-13 13:23:09.450][INFO][rec-ecutel-49-xnfnz][ECUTELService][convertirDeObjetoByConsultaRq][REQUEST CONSULTA ECUTEL: {"idTipoIdentificacion":"002","numIdentificacion":"0993696147","idInstitucion":"003","idCanal":"VENT"}]
[2023-02-13 13:23:09.858][INFO][rec-ecutel-49-xnfnz][ECUTELService][convertirDeObjetoByConsultaRs][RESPONSE CONSULTA ECUTEL: <![CDATA[<?xml version="1.0" encoding="UTF-8"?><elements><element><nombre_cliente>MORENO COLINA ALEXIS JOSE</nombre_cliente><valor>24.64</valor><fecha_maxima_pago>23/12/2022</fecha_maxima_pago><id_respuesta>CL_001</id_respuesta><mensaje_respuesta>Pago Recibido Correctamente.</mensaje_respuesta></element></elements>]]>]
[2023-02-13 13:23:10.251][INFO][rec-ecutel-49-xnfnz][MessageProducer][sendMessage][Enviando mensaje de respuesta a la cola --> MS_REC_ECUTEL_RESP]
[2023-02-13 13:23:10.251][INFO][rec-ecutel-49-xnfnz][MessageProducer][sendMessage][Mensaje --> {"codigo":"0","mensajeUsuario":"Consulta ejecutada","estado":"OK","mensajeSalidaEjecutarPago":null,"mensajeSalidaConsultarDeuda":{"codigoError":"0","datosAdicionales":null,"fechaVencimiento":null,"formaPago":null,"formaPagoRecibos":null,"identificadorDeuda":null,"limiteMontoMaximo":null,"limiteMontoMinimo":null,"mensajeUsuario":"Pago Recibido Correctamente.","mensajeSistema":null,"montoMinimo":null,"montoTotal":24.64,"nombreCliente":"MORENO COLINA ALEXIS JOSE","recibos":null,"textoAyuda":null}}]
[2023-02-13 13:23:11.642][INFO][rec-ecutel-49-xnfnz][MessageProducer][sendMessage][FIN JMS RECIBIDO --> 4b3908dddf88]
[2023-02-13 13:23:11.643][INFO][rec-ecutel-49-xnfnz][MessageProducer][sendMessage][]
[2023-02-13 13:23:11.644][INFO][rec-ecutel-49-xnfnz][MessageProducer][sendMessage][]
[2023-02-13 13:27:01.093][INFO][rec-ecutel-49-xnfnz][MessageListener][run][]
[2023-02-13 13:27:01.093][INFO][rec-ecutel-49-xnfnz][MessageListener][run][]
[2023-02-13 13:27:01.094][INFO][rec-ecutel-49-xnfnz][MessageListener][run][INICIO JMS RECIBIDO --> 07fde842e324]
[2023-02-13 13:27:01.553][INFO][rec-ecutel-49-xnfnz][ECUTELService][ejecutarPago][TIPO IDENTIFICACION: 002]
[2023-02-13 13:27:01.553][INFO][rec-ecutel-49-xnfnz][ECUTELService][ejecutarPago][NUM IDENTIFICACION: 0993696147]
[2023-02-13 13:27:01.554][INFO][rec-ecutel-49-xnfnz][ECUTELService][ejecutarPago][VALOR: 24.64]
[2023-02-13 13:27:01.555][INFO][rec-ecutel-49-xnfnz][ECUTELService][ejecutarPago][FORMA PAGO: 001]
[2023-02-13 13:27:01.555][INFO][rec-ecutel-49-xnfnz][ECUTELService][ejecutarPago][CANAL: VENT]
[2023-02-13 13:27:01.556][INFO][rec-ecutel-49-xnfnz][ECUTELService][ejecutarPago][SECUENCIAL: 133090714]
[2023-02-13 13:27:01.652][INFO][rec-ecutel-49-xnfnz][ECUTELService][convertirDeObjetoByPagoRq][REQUEST PAGO ECUTEL: {"idTipoIdentificacion":"002","numIdentificacion":"0993696147","valor":"24.64","idFormaPago":"001","idInstitucion":"003","idCanal":"VENT","fechaContable":"","fechaTrx":"132701","idPagoBanco":null}]
[2023-02-13 13:27:01.851][INFO][rec-ecutel-49-xnfnz][ECUTELService][convertirDeObjetoByPagoRs][RESPONSE PAGO ECUTEL: <![CDATA[<?xml version="1.0" encoding="UTF-8"?><elements><element><id_pago_ecutel>19181921</id_pago_ecutel><id_respuesta>CL_016</id_respuesta><mensaje_respuesta>Pago Recibido Correctamente.</mensaje_respuesta></element></elements>]]>]
[2023-02-13 13:27:01.958][INFO][rec-ecutel-49-xnfnz][MessageProducer][sendMessage][Enviando mensaje de respuesta a la cola --> MS_REC_ECUTEL_RESP]
[2023-02-13 13:27:02.053][INFO][rec-ecutel-49-xnfnz][MessageProducer][sendMessage][Mensaje --> {"codigo":"0","mensajeUsuario":"PAGO EJECUTADO","estado":"OK","mensajeSalidaEjecutarPago":{"banderaOffline":null,"codigoError":"0","datosAdicionales":null,"fechaDebito":"2023-02-13T13:27:01","fechaPago":"2023-02-13T13:27:01","mensajeUsuario":"Pago Recibido Correctamente.","mensajeSistema":"Pago Recibido Correctamente.","montoTotal":null,"referencia":"133090714"},"mensajeSalidaConsultarDeuda":null}]
[2023-02-13 13:27:03.418][INFO][rec-ecutel-49-xnfnz][MessageProducer][sendMessage][FIN JMS RECIBIDO --> 07fde842e324]
[2023-02-13 13:27:03.419][INFO][rec-ecutel-49-xnfnz][MessageProducer][sendMessage][]
[2023-02-13 13:27:03.419][INFO][rec-ecutel-49-xnfnz][MessageProducer][sendMessage][]
[2023-02-13 13:42:44.352][INFO][rec-ecutel-49-xnfnz][MessageListener][run][]
[2023-02-13 13:42:44.352][INFO][rec-ecutel-49-xnfnz][MessageListener][run][]
[2023-02-13 13:42:44.352][INFO][rec-ecutel-49-xnfnz][MessageListener][run][INICIO JMS RECIBIDO --> 751da7fa3d31]
[2023-02-13 13:42:44.650][INFO][rec-ecutel-49-xnfnz][ECUTELService][ejecutarPago][TIPO IDENTIFICACION: 002]
[2023-02-13 13:42:44.650][INFO][rec-ecutel-49-xnfnz][ECUTELService][ejecutarPago][NUM IDENTIFICACION: 0993696147]
[2023-02-13 13:42:44.651][INFO][rec-ecutel-49-xnfnz][ECUTELService][ejecutarPago][VALOR: 24.64]
[2023-02-13 13:42:44.651][INFO][rec-ecutel-49-xnfnz][ECUTELService][ejecutarPago][FORMA PAGO: 001]
[2023-02-13 13:42:44.651][INFO][rec-ecutel-49-xnfnz][ECUTELService][ejecutarPago][CANAL: VENT]
[2023-02-13 13:42:44.651][INFO][rec-ecutel-49-xnfnz][ECUTELService][ejecutarPago][SECUENCIAL: 133090694]
[2023-02-13 13:42:44.654][INFO][rec-ecutel-49-xnfnz][ECUTELService][convertirDeObjetoByPagoRq][REQUEST PAGO ECUTEL: {"idTipoIdentificacion":"002","numIdentificacion":"0993696147","valor":"24.64","idFormaPago":"001","idInstitucion":"003","idCanal":"VENT","fechaContable":"","fechaTrx":"134244","idPagoBanco":null}]
[2023-02-13 13:42:44.755][INFO][rec-ecutel-49-xnfnz][ECUTELService][convertirDeObjetoByPagoRs][RESPONSE PAGO ECUTEL: <![CDATA[<?xml version="1.0" encoding="UTF-8"?><elements><element><id_pago_ecutel>19181921</id_pago_ecutel><id_respuesta>CL_016</id_respuesta><mensaje_respuesta>Pago Recibido Correctamente.</mensaje_respuesta></element></elements>]]>]
[2023-02-13 13:42:44.954][INFO][rec-ecutel-49-xnfnz][MessageProducer][sendMessage][Enviando mensaje de respuesta a la cola --> MS_REC_ECUTEL_RESP]
[2023-02-13 13:42:44.954][INFO][rec-ecutel-49-xnfnz][MessageProducer][sendMessage][Mensaje --> {"codigo":"0","mensajeUsuario":"PAGO EJECUTADO","estado":"OK","mensajeSalidaEjecutarPago":{"banderaOffline":null,"codigoError":"0","datosAdicionales":null,"fechaDebito":"2023-02-13T13:42:44","fechaPago":"2023-02-13T13:42:44","mensajeUsuario":"Pago Recibido Correctamente.","mensajeSistema":"Pago Recibido Correctamente.","montoTotal":null,"referencia":"133090694"},"mensajeSalidaConsultarDeuda":null}]
[2023-02-13 13:42:46.341][INFO][rec-ecutel-49-xnfnz][MessageProducer][sendMessage][FIN JMS RECIBIDO --> 751da7fa3d31]
[2023-02-13 13:42:46.342][INFO][rec-ecutel-49-xnfnz][MessageProducer][sendMessage][]
[2023-02-13 13:42:46.342][INFO][rec-ecutel-49-xnfnz][MessageProducer][sendMessage][]
[2023-02-13 14:22:38.162][INFO][rec-ecutel-49-xnfnz][MessageListener][run][]
[2023-02-13 14:22:38.163][INFO][rec-ecutel-49-xnfnz][MessageListener][run][]
[2023-02-13 14:22:38.163][INFO][rec-ecutel-49-xnfnz][MessageListener][run][INICIO JMS RECIBIDO --> 4a18a702072f]
[2023-02-13 14:22:38.358][INFO][rec-ecutel-49-xnfnz][ECUTELService][ejecutarReverso][TIPO IDENTIFICACION: 002]
[2023-02-13 14:22:38.358][INFO][rec-ecutel-49-xnfnz][ECUTELService][ejecutarReverso][NUM IDENTIFICACION: 0993696147]
[2023-02-13 14:22:38.452][INFO][rec-ecutel-49-xnfnz][ECUTELService][ejecutarReverso][SECUENCIAL: 133090714]
[2023-02-13 14:22:38.453][INFO][rec-ecutel-49-xnfnz][ECUTELService][ejecutarReverso][CANAL: VEN]
[2023-02-13 14:22:38.453][INFO][rec-ecutel-49-xnfnz][ECUTELService][ejecutarReverso][SECUENCIAL: 133090714]
[2023-02-13 14:22:38.454][INFO][rec-ecutel-49-xnfnz][ECUTELService][ejecutarReverso][FECHA: ]
[2023-02-13 14:22:38.456][INFO][rec-ecutel-49-xnfnz][ECUTELService][convertirDeObjetoByReversoRq][REQUEST REVERSO ECUTEL: {"idTipoIdentificacion":"002","numIdentificacion":"0993696147","idInstitucion":"003","idCanal":"VENT","fechaContable":"","fechaTrx":"142238","idPagoBanco":"133090714"}]
[2023-02-13 14:22:38.555][INFO][rec-ecutel-49-xnfnz][ECUTELService][convertirDeObjetoByReversoRs][RESPONSE REVERSO ECUTEL: <![CDATA[<?xml version="1.0" encoding="UTF-8"?><elements><element><id_pago_ecutel>19181921</id_pago_ecutel><id_respuesta>CL_016</id_respuesta><mensaje_respuesta>Pago Recibido Correctamente.</mensaje_respuesta></element></elements>]]>]
[2023-02-13 14:22:38.753][INFO][rec-ecutel-49-xnfnz][MessageProducer][sendMessage][Enviando mensaje de respuesta a la cola --> MS_REC_ECUTEL_RESP]
[2023-02-13 14:22:38.753][INFO][rec-ecutel-49-xnfnz][MessageProducer][sendMessage][Mensaje --> {"codigo":"0","mensajeUsuario":"Reverso ejecutado","estado":"OK","mensajeSalidaEjecutarPago":{"banderaOffline":null,"codigoError":"0","datosAdicionales":null,"fechaDebito":"2023-02-13T14:22:38","fechaPago":"2023-02-13T14:22:38","mensajeUsuario":"Pago Recibido Correctamente.","mensajeSistema":"Pago Recibido Correctamente.","montoTotal":null,"referencia":"133090714"},"mensajeSalidaConsultarDeuda":null}]
[2023-02-13 14:22:40.109][INFO][rec-ecutel-49-xnfnz][MessageProducer][sendMessage][FIN JMS RECIBIDO --> 4a18a702072f]
[2023-02-13 14:22:40.110][INFO][rec-ecutel-49-xnfnz][MessageProducer][sendMessage][]
[2023-02-13 14:22:40.110][INFO][rec-ecutel-49-xnfnz][MessageProducer][sendMessage][]
