Starting the Java application using /opt/jboss/container/java/run/run-java.sh ...
INFO exec  java -Dquarkus.http.host=0.0.0.0 -XX:+UseParallelGC -XX:MinHeapFreeRatio=10 -XX:MaxHeapFreeRatio=20 -XX:GCTimeRatio=4 -XX:AdaptiveSizePolicyWeight=90 -XX:+ExitOnOutOfMemoryError -cp "." -jar /deployments/quarkus-run.jar  
__  ____  __  _____   ___  __ ____  ______ 
 --/ __ \/ / / / _ | / _ \/ //_/ / / / __/ 
 -/ /_/ / /_/ / __ |/ , _/ ,< / /_/ /\ \   
--\___\_\____/_/ |_/_/|_/_/|_|\____/___/   
2022-08-05 09:28:42.159  WARN rec-pago-89-z6s9t --- [           main] i.q.a.r.AgroalConnectionConfigurer       : Agroal does not support detecting if a connection is still usable after an exception for database kind: other

<?xml version="1.0" encoding="UTF-8" standalone="yes"?><mensajeEntradaGateway xmlns="http://www.boli ...
2022-08-05 11:58:45.452  INFO rec-pago-89-z6s9t --- [pool-7-thread-1] c.b.m.r.m.MessageListener                : RETORNO MESSAGE STRING
2022-08-05 11:58:45.452  INFO rec-pago-89-z6s9t --- [pool-7-thread-1] c.b.m.r.m.MessageListener                : MENSAJE DE RESPUESTA: <?xml version="1.0" encoding="UTF-8" standalone="yes"?><mensajeEntradaGateway xmlns="http://www.bolivariano.com/mensaje/MensajeOSB"><puntoFinal>Recaudaciones/Microservicio</puntoFinal><operacion>Pagar</operacion><identificadorCorrelacion>ca34623da3c9</identificadorCorrelacion><mensaje><![CDATA[<ns2:entradaEjecutarPago xmlns:ns2="http://www.bolivariano.com/mensaje/MensajeOTC" xmlns:ns11="http://www.bolivariano.com/ws/BroadnetRecarga"><ns2:canal>IBK</ns2:canal><ns2:tipoCuenta>CTE</ns2:tipoCuenta><ns2:cuenta>5005070292</ns2:cuenta><ns2:secuencial>43122653</ns2:secuencial><ns2:valorPago>10.0</ns2:valorPago><ns2:valorComision>0.0</ns2:valorComision><ns2:servicio><codTipoServicio>TELEFONIA_CELULAR</codTipoServicio><codigoConvenio>19574</codigoConvenio><codigoEmpresa>19574</codigoEmpresa><codigoTipoBanca>BP</codigoTipoBanca><codigoTipoIdentificador>CELULAR</codigoTipoIdentificador><identificador>0993696714</identificador><datosAdicionales><datoAdicional><codigo>e_prov_req</codigo><valor>MS_REC_BROADNET_REQ</valor></datoAdicional><datoAdicional><codigo>e_prov_resp</codigo><valor>MS_REC_BROADNET_RESP</valor></datoAdicional><datoAdicional><codigo>e_tipo_proceso</codigo><valor>M</valor></datoAdicional><datoAdicional><codigo>e_tipo_ejecucion</codigo><valor>BP</valor></datoAdicional><datoAdicional><codigo>p_medio</codigo><valor>12</valor></datoAdicional><datoAdicional><codigo>p_terminal</codigo><valor>term24</valor></datoAdicional><datoAdicional><codigo>p_medio</codigo><valor>12</valor></datoAdicional><datoAdicional><codigo>p_branch_id</codigo><valor>1</valor></datoAdicional><datoAdicional><codigo>p_forma_pago</codigo><valor>1</valor></datoAdicional><datoAdicional><codigo>codAgencia</codigo><valor/></datoAdicional><datoAdicional><codigo>codLocalidad</codigo><valor/></datoAdicional><datoAdicional><codigo>category</codigo><valor>C</valor></datoAdicional><datoAdicional><codigo>documentType</codigo><valor>CELULAR</valor></datoAdicional><datoAdicional><codigo>documentID</codigo><valor>0993696714</valor></datoAdicional><datoAdicional><codigo>fullName</codigo><valor/></datoAdicional><datoAdicional><codigo>e_srv</codigo><valor>BOLIVSRV</valor></datoAdicional><datoAdicional><codigo>e_term</codigo><valor>term24</valor></datoAdicional><datoAdicional><codigo>e_rol</codigo><valor>5</valor></datoAdicional><datoAdicional><codigo>e_corr</codigo><valor>N</valor></datoAdicional><datoAdicional><codigo>e_ssn_corr</codigo><valor>0</valor></datoAdicional><datoAdicional><codigo>e_mon</codigo><valor>1</valor></datoAdicional><datoAdicional><codigo>e_servicio</codigo><valor/></datoAdicional><datoAdicional><codigo>e_identificacion</codigo><valor/></datoAdicional><datoAdicional><codigo>e_debito</codigo><valor>10.0</valor></datoAdicional><datoAdicional><codigo>e_comision_db</codigo><valor>0.0</valor></datoAdicional><datoAdicional><codigo>e_efectivo</codigo><valor>0</valor></datoAdicional><datoAdicional><codigo>e_cheque</codigo><valor>0</valor></datoAdicional><datoAdicional><codigo>e_tarjeta</codigo><valor>0</valor></datoAdicional><datoAdicional><codigo>e_comision_efe</codigo><valor>0</valor></datoAdicional><datoAdicional><codigo>e_comision_chq</codigo><valor>0</valor></datoAdicional><datoAdicional><codigo>e_autoriza</codigo><valor>N</valor></datoAdicional><datoAdicional><codigo>e_ubi</codigo><valor/></datoAdicional><datoAdicional><codigo>e_opcion</codigo><valor>P</valor></datoAdicional><datoAdicional><codigo>e_reverso</codigo><valor/></datoAdicional><datoAdicional><codigo>e_emp_nombre</codigo><valor/></datoAdicional><datoAdicional><codigo>e_ruc_cliente</codigo><valor/></datoAdicional><datoAdicional><codigo>e_cant_cheques</codigo><valor>0</valor></datoAdicional><datoAdicional><codigo>e_nombre_cta</codigo><valor/></datoAdicional><datoAdicional><codigo>e_cod_referencia</codigo><valor/></datoAdicional><datoAdicional><codigo>e_base_imponible</codigo><valor/></datoAdicional><datoAdicional><codigo>e_factura</codigo><valor/></datoAdicional><datoAdicional><codigo>e_cod_respuesta</codigo><valor/></datoAdicional><datoAdicional><codigo>e_cod_grupo</codigo><valor/></datoAdicional><datoAdicional><codigo>e_cod_grupo</codigo><valor/></datoAdicional><datoAdicional><codigo>e_nomb_tramite</codigo><valor/></datoAdicional><datoAdicional><codigo>e_pcodigo_operacion</codigo><valor/></datoAdicional><datoAdicional><codigo>e_pcodigo_secuencia</codigo><valor/></datoAdicional><datoAdicional><codigo>e_phoralocal</codigo><valor/></datoAdicional><datoAdicional><codigo>e_cod_consultora</codigo><valor/></datoAdicional></datosAdicionales></ns2:servicio><ns2:fecha>2022-08-05T00:00:00</ns2:fecha><ns2:fechaPago>2022-08-05T00:00:00</ns2:fechaPago><ns2:moneda>1</ns2:moneda><ns2:oficina>0</ns2:oficina><ns2:terminal>term24</ns2:terminal><ns2:transaccion>2056</ns2:transaccion><ns2:usuario>ope998</ns2:usuario></ns2:entradaEjecutarPago>]]></mensaje></mensajeEntradaGateway>
2022-08-05 11:58:45.452  INFO rec-pago-89-z6s9t --- [pool-7-thread-1] c.b.m.r.m.MessageListener                : correlation ID: ca34623da3c9
2022-08-05 11:58:45.452  INFO rec-pago-89-z6s9t --- [pool-7-thread-1] c.b.m.r.m.MessageListener                : MENSAJE ENVIADO--> <?xml version="1.0" encoding="UTF-8" standalone="yes"?><mensajeEntradaGateway xmlns="http://www.bolivariano.com/mensaje/MensajeOSB"><puntoFinal>Recaudaciones/Microservicio</puntoFinal><operacion>Pagar</operacion><identificadorCorrelacion>ca34623da3c9</identificadorCorrelacion><mensaje><![CDATA[<ns2:entradaEjecutarPago xmlns:ns2="http://www.bolivariano.com/mensaje/MensajeOTC" xmlns:ns11="http://www.bolivariano.com/ws/BroadnetRecarga"><ns2:canal>IBK</ns2:canal><ns2:tipoCuenta>CTE</ns2:tipoCuenta><ns2:cuenta>5005070292</ns2:cuenta><ns2:secuencial>43122653</ns2:secuencial><ns2:valorPago>10.0</ns2:valorPago><ns2:valorComision>0.0</ns2:valorComision><ns2:servicio><codTipoServicio>TELEFONIA_CELULAR</codTipoServicio><codigoConvenio>19574</codigoConvenio><codigoEmpresa>19574</codigoEmpresa><codigoTipoBanca>BP</codigoTipoBanca><codigoTipoIdentificador>CELULAR</codigoTipoIdentificador><identificador>0993696714</identificador><datosAdicionales><datoAdicional><codigo>e_prov_req</codigo><valor>MS_REC_BROADNET_REQ</valor></datoAdicional><datoAdicional><codigo>e_prov_resp</codigo><valor>MS_REC_BROADNET_RESP</valor></datoAdicional><datoAdicional><codigo>e_tipo_proceso</codigo><valor>M</valor></datoAdicional><datoAdicional><codigo>e_tipo_ejecucion</codigo><valor>BP</valor></datoAdicional><datoAdicional><codigo>p_medio</codigo><valor>12</valor></datoAdicional><datoAdicional><codigo>p_terminal</codigo><valor>term24</valor></datoAdicional><datoAdicional><codigo>p_medio</codigo><valor>12</valor></datoAdicional><datoAdicional><codigo>p_branch_id</codigo><valor>1</valor></datoAdicional><datoAdicional><codigo>p_forma_pago</codigo><valor>1</valor></datoAdicional><datoAdicional><codigo>codAgencia</codigo><valor/></datoAdicional><datoAdicional><codigo>codLocalidad</codigo><valor/></datoAdicional><datoAdicional><codigo>category</codigo><valor>C</valor></datoAdicional><datoAdicional><codigo>documentType</codigo><valor>CELULAR</valor></datoAdicional><datoAdicional><codigo>documentID</codigo><valor>0993696714</valor></datoAdicional><datoAdicional><codigo>fullName</codigo><valor/></datoAdicional><datoAdicional><codigo>e_srv</codigo><valor>BOLIVSRV</valor></datoAdicional><datoAdicional><codigo>e_term</codigo><valor>term24</valor></datoAdicional><datoAdicional><codigo>e_rol</codigo><valor>5</valor></datoAdicional><datoAdicional><codigo>e_corr</codigo><valor>N</valor></datoAdicional><datoAdicional><codigo>e_ssn_corr</codigo><valor>0</valor></datoAdicional><datoAdicional><codigo>e_mon</codigo><valor>1</valor></datoAdicional><datoAdicional><codigo>e_servicio</codigo><valor/></datoAdicional><datoAdicional><codigo>e_identificacion</codigo><valor/></datoAdicional><datoAdicional><codigo>e_debito</codigo><valor>10.0</valor></datoAdicional><datoAdicional><codigo>e_comision_db</codigo><valor>0.0</valor></datoAdicional><datoAdicional><codigo>e_efectivo</codigo><valor>0</valor></datoAdicional><datoAdicional><codigo>e_cheque</codigo><valor>0</valor></datoAdicional><datoAdicional><codigo>e_tarjeta</codigo><valor>0</valor></datoAdicional><datoAdicional><codigo>e_comision_efe</codigo><valor>0</valor></datoAdicional><datoAdicional><codigo>e_comision_chq</codigo><valor>0</valor></datoAdicional><datoAdicional><codigo>e_autoriza</codigo><valor>N</valor></datoAdicional><datoAdicional><codigo>e_ubi</codigo><valor/></datoAdicional><datoAdicional><codigo>e_opcion</codigo><valor>P</valor></datoAdicional><datoAdicional><codigo>e_reverso</codigo><valor/></datoAdicional><datoAdicional><codigo>e_emp_nombre</codigo><valor/></datoAdicional><datoAdicional><codigo>e_ruc_cliente</codigo><valor/></datoAdicional><datoAdicional><codigo>e_cant_cheques</codigo><valor>0</valor></datoAdicional><datoAdicional><codigo>e_nombre_cta</codigo><valor/></datoAdicional><datoAdicional><codigo>e_cod_referencia</codigo><valor/></datoAdicional><datoAdicional><codigo>e_base_imponible</codigo><valor/></datoAdicional><datoAdicional><codigo>e_factura</codigo><valor/></datoAdicional><datoAdicional><codigo>e_cod_respuesta</codigo><valor/></datoAdicional><datoAdicional><codigo>e_cod_grupo</codigo><valor/></datoAdicional><datoAdicional><codigo>e_cod_grupo</codigo><valor/></datoAdicional><datoAdicional><codigo>e_nomb_tramite</codigo><valor/></datoAdicional><datoAdicional><codigo>e_pcodigo_operacion</codigo><valor/></datoAdicional><datoAdicional><codigo>e_pcodigo_secuencia</codigo><valor/></datoAdicional><datoAdicional><codigo>e_phoralocal</codigo><valor/></datoAdicional><datoAdicional><codigo>e_cod_consultora</codigo><valor/></datoAdicional></datosAdicionales></ns2:servicio><ns2:fecha>2022-08-05T00:00:00</ns2:fecha><ns2:fechaPago>2022-08-05T00:00:00</ns2:fechaPago><ns2:moneda>1</ns2:moneda><ns2:oficina>0</ns2:oficina><ns2:terminal>term24</ns2:terminal><ns2:transaccion>2056</ns2:transaccion><ns2:usuario>ope998</ns2:usuario></ns2:entradaEjecutarPago>]]></mensaje></mensajeEntradaGateway>
2022-08-05 11:58:45.452  INFO rec-pago-89-z6s9t --- [pool-7-thread-1] c.b.m.r.m.MessageListener                : FINALIZA PROCESO DE RECEPCION 
2022-08-05 11:58:45.462  INFO rec-pago-89-z6s9t --- [vert.x-eventloo] c.b.m.r.s.PaymentService                 : <ns2:entradaEjecutarPago xmlns:ns2="http://www.bolivariano.com/mensaje/MensajeOTC" xmlns:ns11="http://www.bolivariano.com/ws/BroadnetRecarga"><ns2:canal>IBK</ns2:canal><ns2:tipoCuenta>CTE</ns2:tipoCuenta><ns2:cuenta>5005070292</ns2:cuenta><ns2:secuencial>43122653</ns2:secuencial><ns2:valorPago>10.0</ns2:valorPago><ns2:valorComision>0.0</ns2:valorComision><ns2:servicio><codTipoServicio>TELEFONIA_CELULAR</codTipoServicio><codigoConvenio>19574</codigoConvenio><codigoEmpresa>19574</codigoEmpresa><codigoTipoBanca>BP</codigoTipoBanca><codigoTipoIdentificador>CELULAR</codigoTipoIdentificador><identificador>0993696714</identificador><datosAdicionales><datoAdicional><codigo>e_prov_req</codigo><valor>MS_REC_BROADNET_REQ</valor></datoAdicional><datoAdicional><codigo>e_prov_resp</codigo><valor>MS_REC_BROADNET_RESP</valor></datoAdicional><datoAdicional><codigo>e_tipo_proceso</codigo><valor>M</valor></datoAdicional><datoAdicional><codigo>e_tipo_ejecucion</codigo><valor>BP</valor></datoAdicional><datoAdicional><codigo>p_medio</codigo><valor>12</valor></datoAdicional><datoAdicional><codigo>p_terminal</codigo><valor>term24</valor></datoAdicional><datoAdicional><codigo>p_medio</codigo><valor>12</valor></datoAdicional><datoAdicional><codigo>p_branch_id</codigo><valor>1</valor></datoAdicional><datoAdicional><codigo>p_forma_pago</codigo><valor>1</valor></datoAdicional><datoAdicional><codigo>codAgencia</codigo><valor/></datoAdicional><datoAdicional><codigo>codLocalidad</codigo><valor/></datoAdicional><datoAdicional><codigo>category</codigo><valor>C</valor></datoAdicional><datoAdicional><codigo>documentType</codigo><valor>CELULAR</valor></datoAdicional><datoAdicional><codigo>documentID</codigo><valor>0993696714</valor></datoAdicional><datoAdicional><codigo>fullName</codigo><valor/></datoAdicional><datoAdicional><codigo>e_srv</codigo><valor>BOLIVSRV</valor></datoAdicional><datoAdicional><codigo>e_term</codigo><valor>term24</valor></datoAdicional><datoAdicional><codigo>e_rol</codigo><valor>5</valor></datoAdicional><datoAdicional><codigo>e_corr</codigo><valor>N</valor></datoAdicional><datoAdicional><codigo>e_ssn_corr</codigo><valor>0</valor></datoAdicional><datoAdicional><codigo>e_mon</codigo><valor>1</valor></datoAdicional><datoAdicional><codigo>e_servicio</codigo><valor/></datoAdicional><datoAdicional><codigo>e_identificacion</codigo><valor/></datoAdicional><datoAdicional><codigo>e_debito</codigo><valor>10.0</valor></datoAdicional><datoAdicional><codigo>e_comision_db</codigo><valor>0.0</valor></datoAdicional><datoAdicional><codigo>e_efectivo</codigo><valor>0</valor></datoAdicional><datoAdicional><codigo>e_cheque</codigo><valor>0</valor></datoAdicional><datoAdicional><codigo>e_tarjeta</codigo><valor>0</valor></datoAdicional><datoAdicional><codigo>e_comision_efe</codigo><valor>0</valor></datoAdicional><datoAdicional><codigo>e_comision_chq</codigo><valor>0</valor></datoAdicional><datoAdicional><codigo>e_autoriza</codigo><valor>N</valor></datoAdicional><datoAdicional><codigo>e_ubi</codigo><valor/></datoAdicional><datoAdicional><codigo>e_opcion</codigo><valor>P</valor></datoAdicional><datoAdicional><codigo>e_reverso</codigo><valor/></datoAdicional><datoAdicional><codigo>e_emp_nombre</codigo><valor/></datoAdicional><datoAdicional><codigo>e_ruc_cliente</codigo><valor/></datoAdicional><datoAdicional><codigo>e_cant_cheques</codigo><valor>0</valor></datoAdicional><datoAdicional><codigo>e_nombre_cta</codigo><valor/></datoAdicional><datoAdicional><codigo>e_cod_referencia</codigo><valor/></datoAdicional><datoAdicional><codigo>e_base_imponible</codigo><valor/></datoAdicional><datoAdicional><codigo>e_factura</codigo><valor/></datoAdicional><datoAdicional><codigo>e_cod_respuesta</codigo><valor/></datoAdicional><datoAdicional><codigo>e_cod_grupo</codigo><valor/></datoAdicional><datoAdicional><codigo>e_cod_grupo</codigo><valor/></datoAdicional><datoAdicional><codigo>e_nomb_tramite</codigo><valor/></datoAdicional><datoAdicional><codigo>e_pcodigo_operacion</codigo><valor/></datoAdicional><datoAdicional><codigo>e_pcodigo_secuencia</codigo><valor/></datoAdicional><datoAdicional><codigo>e_phoralocal</codigo><valor/></datoAdicional><datoAdicional><codigo>e_cod_consultora</codigo><valor/></datoAdicional></datosAdicionales></ns2:servicio><ns2:fecha>2022-08-05T00:00:00</ns2:fecha><ns2:fechaPago>2022-08-05T00:00:00</ns2:fechaPago><ns2:moneda>1</ns2:moneda><ns2:oficina>0</ns2:oficina><ns2:terminal>term24</ns2:terminal><ns2:transaccion>2056</ns2:transaccion><ns2:usuario>ope998</ns2:usuario></ns2:entradaEjecutarPago>
2022-08-05 11:58:45.470  INFO rec-pago-89-z6s9t --- [vert.x-eventloo] c.b.m.r.s.PaymentService                 : mensajeEntradaPagoString XML --> <ns2:entradaEjecutarPago xmlns:ns2="http://www.bolivariano.com/mensaje/MensajeOTC" xmlns:ns11="http://www.bolivariano.com/ws/BroadnetRecarga"><ns2:canal>IBK</ns2:canal><ns2:tipoCuenta>CTE</ns2:tipoCuenta><ns2:cuenta>5005070292</ns2:cuenta><ns2:secuencial>43122653</ns2:secuencial><ns2:valorPago>10.0</ns2:valorPago><ns2:valorComision>0.0</ns2:valorComision><ns2:servicio><codTipoServicio>TELEFONIA_CELULAR</codTipoServicio><codigoConvenio>19574</codigoConvenio><codigoEmpresa>19574</codigoEmpresa><codigoTipoBanca>BP</codigoTipoBanca><codigoTipoIdentificador>CELULAR</codigoTipoIdentificador><identificador>0993696714</identificador><datosAdicionales><datoAdicional><codigo>e_prov_req</codigo><valor>MS_REC_BROADNET_REQ</valor></datoAdicional><datoAdicional><codigo>e_prov_resp</codigo><valor>MS_REC_BROADNET_RESP</valor></datoAdicional><datoAdicional><codigo>e_tipo_proceso</codigo><valor>M</valor></datoAdicional><datoAdicional><codigo>e_tipo_ejecucion</codigo><valor>BP</valor></datoAdicional><datoAdicional><codigo>p_medio</codigo><valor>12</valor></datoAdicional><datoAdicional><codigo>p_terminal</codigo><valor>term24</valor></datoAdicional><datoAdicional><codigo>p_medio</codigo><valor>12</valor></datoAdicional><datoAdicional><codigo>p_branch_id</codigo><valor>1</valor></datoAdicional><datoAdicional><codigo>p_forma_pago</codigo><valor>1</valor></datoAdicional><datoAdicional><codigo>codAgencia</codigo><valor/></datoAdicional><datoAdicional><codigo>codLocalidad</codigo><valor/></datoAdicional><datoAdicional><codigo>category</codigo><valor>C</valor></datoAdicional><datoAdicional><codigo>documentType</codigo><valor>CELULAR</valor></datoAdicional><datoAdicional><codigo>documentID</codigo><valor>0993696714</valor></datoAdicional><datoAdicional><codigo>fullName</codigo><valor/></datoAdicional><datoAdicional><codigo>e_srv</codigo><valor>BOLIVSRV</valor></datoAdicional><datoAdicional><codigo>e_term</codigo><valor>term24</valor></datoAdicional><datoAdicional><codigo>e_rol</codigo><valor>5</valor></datoAdicional><datoAdicional><codigo>e_corr</codigo><valor>N</valor></datoAdicional><datoAdicional><codigo>e_ssn_corr</codigo><valor>0</valor></datoAdicional><datoAdicional><codigo>e_mon</codigo><valor>1</valor></datoAdicional><datoAdicional><codigo>e_servicio</codigo><valor/></datoAdicional><datoAdicional><codigo>e_identificacion</codigo><valor/></datoAdicional><datoAdicional><codigo>e_debito</codigo><valor>10.0</valor></datoAdicional><datoAdicional><codigo>e_comision_db</codigo><valor>0.0</valor></datoAdicional><datoAdicional><codigo>e_efectivo</codigo><valor>0</valor></datoAdicional><datoAdicional><codigo>e_cheque</codigo><valor>0</valor></datoAdicional><datoAdicional><codigo>e_tarjeta</codigo><valor>0</valor></datoAdicional><datoAdicional><codigo>e_comision_efe</codigo><valor>0</valor></datoAdicional><datoAdicional><codigo>e_comision_chq</codigo><valor>0</valor></datoAdicional><datoAdicional><codigo>e_autoriza</codigo><valor>N</valor></datoAdicional><datoAdicional><codigo>e_ubi</codigo><valor/></datoAdicional><datoAdicional><codigo>e_opcion</codigo><valor>P</valor></datoAdicional><datoAdicional><codigo>e_reverso</codigo><valor/></datoAdicional><datoAdicional><codigo>e_emp_nombre</codigo><valor/></datoAdicional><datoAdicional><codigo>e_ruc_cliente</codigo><valor/></datoAdicional><datoAdicional><codigo>e_cant_cheques</codigo><valor>0</valor></datoAdicional><datoAdicional><codigo>e_nombre_cta</codigo><valor/></datoAdicional><datoAdicional><codigo>e_cod_referencia</codigo><valor/></datoAdicional><datoAdicional><codigo>e_base_imponible</codigo><valor/></datoAdicional><datoAdicional><codigo>e_factura</codigo><valor/></datoAdicional><datoAdicional><codigo>e_cod_respuesta</codigo><valor/></datoAdicional><datoAdicional><codigo>e_cod_grupo</codigo><valor/></datoAdicional><datoAdicional><codigo>e_cod_grupo</codigo><valor/></datoAdicional><datoAdicional><codigo>e_nomb_tramite</codigo><valor/></datoAdicional><datoAdicional><codigo>e_pcodigo_operacion</codigo><valor/></datoAdicional><datoAdicional><codigo>e_pcodigo_secuencia</codigo><valor/></datoAdicional><datoAdicional><codigo>e_phoralocal</codigo><valor/></datoAdicional><datoAdicional><codigo>e_cod_consultora</codigo><valor/></datoAdicional></datosAdicionales></ns2:servicio><ns2:fecha>2022-08-05T00:00:00</ns2:fecha><ns2:fechaPago>2022-08-05T00:00:00</ns2:fechaPago><ns2:moneda>1</ns2:moneda><ns2:oficina>0</ns2:oficina><ns2:terminal>term24</ns2:terminal><ns2:transaccion>2056</ns2:transaccion><ns2:usuario>ope998</ns2:usuario></ns2:entradaEjecutarPago>
2022-08-05 11:58:45.470  INFO rec-pago-89-z6s9t --- [vert.x-eventloo] c.b.m.r.s.PaymentService                 : TIPO PROCESO:M
2022-08-05 11:58:45.470  INFO rec-pago-89-z6s9t --- [vert.x-eventloo] c.b.m.r.s.PaymentService                 : TIPO EJECUCION:BP
2022-08-05 11:58:45.470  INFO rec-pago-89-z6s9t --- [vert.x-eventloo] c.b.m.r.s.PaymentService                 : INICIA EJECUCION... 
2022-08-05 11:58:45.470  INFO rec-pago-89-z6s9t --- [vert.x-eventloo] c.b.m.r.s.ProcessService                 : INICIO VALIDADOR BANCO PROVEEDOR
2022-08-05 11:58:45.470  INFO rec-pago-89-z6s9t --- [vert.x-eventloo] c.b.m.r.s.ProcessService                 : INICIO EJECUTA VALIDACION ...
2022-08-05 11:58:47.121  INFO rec-pago-89-z6s9t --- [vert.x-eventloo] c.b.m.r.s.CheckCoreService               : cob_pagos..pa_pg_pval_reca_varios Input Parameters
2022-08-05 11:58:47.124  INFO rec-pago-89-z6s9t --- [vert.x-eventloo] c.b.m.r.s.CheckCoreService               : cob_pagos..pa_pg_pval_reca_varios Input Parameters
2022-08-05 11:58:47.125  INFO rec-pago-89-z6s9t --- [vert.x-eventloo] c.b.m.r.s.CheckCoreService               : @e_ssn=43122653
2022-08-05 11:58:47.125  INFO rec-pago-89-z6s9t --- [vert.x-eventloo] c.b.m.r.s.CheckCoreService               : @e_srv=BOLIVSRV
2022-08-05 11:58:47.125  INFO rec-pago-89-z6s9t --- [vert.x-eventloo] c.b.m.r.s.CheckCoreService               : @e_user=ope998
2022-08-05 11:58:47.125  INFO rec-pago-89-z6s9t --- [vert.x-eventloo] c.b.m.r.s.CheckCoreService               : @e_term=term24
2022-08-05 11:58:47.125  INFO rec-pago-89-z6s9t --- [vert.x-eventloo] c.b.m.r.s.CheckCoreService               : @e_date=08/05/2022
2022-08-05 11:58:47.125  INFO rec-pago-89-z6s9t --- [vert.x-eventloo] c.b.m.r.s.CheckCoreService               : @e_ofi=0
2022-08-05 11:58:47.125  INFO rec-pago-89-z6s9t --- [vert.x-eventloo] c.b.m.r.s.CheckCoreService               : @e_rol=5
2022-08-05 11:58:47.125  INFO rec-pago-89-z6s9t --- [vert.x-eventloo] c.b.m.r.s.CheckCoreService               : @e_corr=N
2022-08-05 11:58:47.125  INFO rec-pago-89-z6s9t --- [vert.x-eventloo] c.b.m.r.s.CheckCoreService               : @e_ssn_corr=0
2022-08-05 11:58:47.125  INFO rec-pago-89-z6s9t --- [vert.x-eventloo] c.b.m.r.s.CheckCoreService               : @e_trn=2056
2022-08-05 11:58:47.125  INFO rec-pago-89-z6s9t --- [vert.x-eventloo] c.b.m.r.s.CheckCoreService               : @e_mon=1
2022-08-05 11:58:47.125  INFO rec-pago-89-z6s9t --- [vert.x-eventloo] c.b.m.r.s.CheckCoreService               : @e_servicio=
2022-08-05 11:58:47.125  INFO rec-pago-89-z6s9t --- [vert.x-eventloo] c.b.m.r.s.CheckCoreService               : @e_empresa=19574
2022-08-05 11:58:47.125  INFO rec-pago-89-z6s9t --- [vert.x-eventloo] c.b.m.r.s.CheckCoreService               : @e_codigo=0993696714
2022-08-05 11:58:47.125  INFO rec-pago-89-z6s9t --- [vert.x-eventloo] c.b.m.r.s.CheckCoreService               : @e_identificacion=
2022-08-05 11:58:47.125  INFO rec-pago-89-z6s9t --- [vert.x-eventloo] c.b.m.r.s.CheckCoreService               : @e_efectivo=0
2022-08-05 11:58:47.125  INFO rec-pago-89-z6s9t --- [vert.x-eventloo] c.b.m.r.s.CheckCoreService               : @e_cheque=0
2022-08-05 11:58:47.125  INFO rec-pago-89-z6s9t --- [vert.x-eventloo] c.b.m.r.s.CheckCoreService               : @e_debito=10.0
2022-08-05 11:58:47.125  INFO rec-pago-89-z6s9t --- [vert.x-eventloo] c.b.m.r.s.CheckCoreService               : @e_tarjeta=0
2022-08-05 11:58:47.125  INFO rec-pago-89-z6s9t --- [vert.x-eventloo] c.b.m.r.s.CheckCoreService               : @e_comision_efe=0
2022-08-05 11:58:47.125  INFO rec-pago-89-z6s9t --- [vert.x-eventloo] c.b.m.r.s.CheckCoreService               : @e_comision_chq=0
2022-08-05 11:58:47.125  INFO rec-pago-89-z6s9t --- [vert.x-eventloo] c.b.m.r.s.CheckCoreService               : @e_comision_db=0.0
2022-08-05 11:58:47.125  INFO rec-pago-89-z6s9t --- [vert.x-eventloo] c.b.m.r.s.CheckCoreService               : @e_total=10.0
2022-08-05 11:58:47.126  INFO rec-pago-89-z6s9t --- [vert.x-eventloo] c.b.m.r.s.CheckCoreService               : @e_tipo_cta=CTE
2022-08-05 11:58:47.126  INFO rec-pago-89-z6s9t --- [vert.x-eventloo] c.b.m.r.s.CheckCoreService               : @e_cuenta=5005070292
2022-08-05 11:58:47.126  INFO rec-pago-89-z6s9t --- [vert.x-eventloo] c.b.m.r.s.CheckCoreService               : @e_autoriza=N
2022-08-05 11:58:47.126  INFO rec-pago-89-z6s9t --- [vert.x-eventloo] c.b.m.r.s.CheckCoreService               : @e_canal=IBK
2022-08-05 11:58:47.126  INFO rec-pago-89-z6s9t --- [vert.x-eventloo] c.b.m.r.s.CheckCoreService               : @e_ubi=0
2022-08-05 11:58:47.126  INFO rec-pago-89-z6s9t --- [vert.x-eventloo] c.b.m.r.s.CheckCoreService               : @e_opcion=P
2022-08-05 11:58:47.126  INFO rec-pago-89-z6s9t --- [vert.x-eventloo] c.b.m.r.s.CheckCoreService               : @e_reverso=
2022-08-05 11:58:47.126  INFO rec-pago-89-z6s9t --- [vert.x-eventloo] c.b.m.r.s.CheckCoreService               : @e_emp_nombre=
2022-08-05 11:58:47.250  INFO rec-pago-89-z6s9t --- [vert.x-eventloo] c.b.m.r.s.CheckCoreService               : cob_pagos..pa_pg_pval_reca_varios Output Parameters
2022-08-05 11:58:47.251  INFO rec-pago-89-z6s9t --- [vert.x-eventloo] c.b.m.r.s.CheckCoreService               : @s_fecha_contable=08/05/2022
2022-08-05 11:58:47.251  INFO rec-pago-89-z6s9t --- [vert.x-eventloo] c.b.m.r.s.CheckCoreService               : @s_ssn=43122653
2022-08-05 11:58:47.251  INFO rec-pago-89-z6s9t --- [vert.x-eventloo] c.b.m.r.s.CheckCoreService               : @s_comision=null
2022-08-05 11:58:47.251  INFO rec-pago-89-z6s9t --- [vert.x-eventloo] c.b.m.r.s.CheckCoreService               : @s_tasa=null
2022-08-05 11:58:47.251  INFO rec-pago-89-z6s9t --- [vert.x-eventloo] c.b.m.r.s.CheckCoreService               : @s_base_imp=null
2022-08-05 11:58:47.251  INFO rec-pago-89-z6s9t --- [vert.x-eventloo] c.b.m.r.s.CheckCoreService               : @s_impuesto=null
2022-08-05 11:58:47.251  INFO rec-pago-89-z6s9t --- [vert.x-eventloo] c.b.m.r.s.CheckCoreService               : @s_empresa=null
2022-08-05 11:58:47.251  INFO rec-pago-89-z6s9t --- [vert.x-eventloo] c.b.m.r.s.CheckCoreService               : @s_recaudacion=null
2022-08-05 11:58:47.251  INFO rec-pago-89-z6s9t --- [vert.x-eventloo] c.b.m.r.s.CheckCoreService               : @s_referencia1=null
2022-08-05 11:58:47.257  INFO rec-pago-89-z6s9t --- [vert.x-eventloo] c.b.m.r.s.CheckCoreService               : @s_referencia2=null
2022-08-05 11:58:47.257  INFO rec-pago-89-z6s9t --- [vert.x-eventloo] c.b.m.r.s.CheckCoreService               : @s_referencia3=null
2022-08-05 11:58:47.257  INFO rec-pago-89-z6s9t --- [vert.x-eventloo] c.b.m.r.s.CheckCoreService               : @s_mensaje=OK
2022-08-05 11:58:47.257  INFO rec-pago-89-z6s9t --- [vert.x-eventloo] c.b.m.r.s.CheckCoreService               : @s_deuda=0.0
2022-08-05 11:58:47.266  INFO rec-pago-89-z6s9t --- [vert.x-eventloo] c.b.m.r.s.CheckCoreService               : Respuesta despues de val. previas <ns2:salidaEjecutarPago xmlns:ns2="http://www.bolivariano.com/mensaje/MensajeOTC"><ns2:codigoError>0</ns2:codigoError><ns2:datosAdicionales><ns2:datoAdicional><codigo>vp_s_fecha_contable</codigo><valor>08/05/2022</valor></ns2:datoAdicional><ns2:datoAdicional><codigo>vp_s_ssn</codigo><valor>43122653</valor></ns2:datoAdicional><ns2:datoAdicional><codigo>vp_s_comision</codigo></ns2:datoAdicional><ns2:datoAdicional><codigo>vp_s_tasa</codigo></ns2:datoAdicional><ns2:datoAdicional><codigo>vp_s_base_imp</codigo></ns2:datoAdicional><ns2:datoAdicional><codigo>vp_s_impuesto</codigo></ns2:datoAdicional><ns2:datoAdicional><codigo>vp_s_empresa</codigo></ns2:datoAdicional><ns2:datoAdicional><codigo>vp_s_recaudacion</codigo></ns2:datoAdicional><ns2:datoAdicional><codigo>vp_s_referencia1</codigo></ns2:datoAdicional><ns2:datoAdicional><codigo>vp_s_referencia2</codigo></ns2:datoAdicional><ns2:datoAdicional><codigo>vp_s_referencia3</codigo></ns2:datoAdicional></ns2:datosAdicionales><ns2:mensajeUsuario>OK</ns2:mensajeUsuario><ns2:mensajeSistema>OK</ns2:mensajeSistema><ns2:montoTotal>0.0</ns2:montoTotal></ns2:salidaEjecutarPago>
2022-08-05 11:58:47.266  INFO rec-pago-89-z6s9t --- [vert.x-eventloo] c.b.m.r.s.CheckCoreService               : CIERRA CONEXION!
2022-08-05 11:58:47.273  INFO rec-pago-89-z6s9t --- [vert.x-eventloo] c.b.m.r.s.ProcessService                 : Fin Ejecuta VALIDACION ...
2022-08-05 11:58:47.273  INFO rec-pago-89-z6s9t --- [vert.x-eventloo] c.b.m.r.s.ProcessService                 : RESPUESTA VALIDACION: 0
2022-08-05 11:58:47.273  INFO rec-pago-89-z6s9t --- [vert.x-eventloo] c.b.m.r.s.ProcessService                 : INICIO EJECUTA CORE ...
2022-08-05 11:58:47.284  INFO rec-pago-89-z6s9t --- [vert.x-eventloo] c.b.m.r.s.PaymentCoreService             : cob_pagos..pa_pg_tpag_reca_varios INPUT PARAMETERS
2022-08-05 11:58:47.284  INFO rec-pago-89-z6s9t --- [vert.x-eventloo] c.b.m.r.s.PaymentCoreService             : @e_ssn=43122653
2022-08-05 11:58:47.284  INFO rec-pago-89-z6s9t --- [vert.x-eventloo] c.b.m.r.s.PaymentCoreService             : @e_srv=BOLIVSRV
2022-08-05 11:58:47.284  INFO rec-pago-89-z6s9t --- [vert.x-eventloo] c.b.m.r.s.PaymentCoreService             : @e_user=ope998
2022-08-05 11:58:47.284  INFO rec-pago-89-z6s9t --- [vert.x-eventloo] c.b.m.r.s.PaymentCoreService             : @e_term=term24
2022-08-05 11:58:47.284  INFO rec-pago-89-z6s9t --- [vert.x-eventloo] c.b.m.r.s.PaymentCoreService             : @e_date=08/05/2022
2022-08-05 11:58:47.284  INFO rec-pago-89-z6s9t --- [vert.x-eventloo] c.b.m.r.s.PaymentCoreService             : @e_ofi=0
2022-08-05 11:58:47.284  INFO rec-pago-89-z6s9t --- [vert.x-eventloo] c.b.m.r.s.PaymentCoreService             : @e_rol=5
2022-08-05 11:58:47.284  INFO rec-pago-89-z6s9t --- [vert.x-eventloo] c.b.m.r.s.PaymentCoreService             : @e_corr=N
2022-08-05 11:58:47.284  INFO rec-pago-89-z6s9t --- [vert.x-eventloo] c.b.m.r.s.PaymentCoreService             : @e_ssn_corr=0
2022-08-05 11:58:47.284  INFO rec-pago-89-z6s9t --- [vert.x-eventloo] c.b.m.r.s.PaymentCoreService             : @e_trn=2056
2022-08-05 11:58:47.284  INFO rec-pago-89-z6s9t --- [vert.x-eventloo] c.b.m.r.s.PaymentCoreService             : @e_mon=1
2022-08-05 11:58:47.284  INFO rec-pago-89-z6s9t --- [vert.x-eventloo] c.b.m.r.s.PaymentCoreService             : @e_ruc_cliente=
2022-08-05 11:58:47.284  INFO rec-pago-89-z6s9t --- [vert.x-eventloo] c.b.m.r.s.PaymentCoreService             : @e_servicio=
2022-08-05 11:58:47.284  INFO rec-pago-89-z6s9t --- [vert.x-eventloo] c.b.m.r.s.PaymentCoreService             : @e_empresa=19574
2022-08-05 11:58:47.284  INFO rec-pago-89-z6s9t --- [vert.x-eventloo] c.b.m.r.s.PaymentCoreService             : @e_efectivo=0
2022-08-05 11:58:47.284  INFO rec-pago-89-z6s9t --- [vert.x-eventloo] c.b.m.r.s.PaymentCoreService             : @e_cheque=0
2022-08-05 11:58:47.284  INFO rec-pago-89-z6s9t --- [vert.x-eventloo] c.b.m.r.s.PaymentCoreService             : @e_debito=10.0
2022-08-05 11:58:47.284  INFO rec-pago-89-z6s9t --- [vert.x-eventloo] c.b.m.r.s.PaymentCoreService             : @e_tarjeta=0
2022-08-05 11:58:47.284  INFO rec-pago-89-z6s9t --- [vert.x-eventloo] c.b.m.r.s.PaymentCoreService             : @e_comision_tot=0.0
2022-08-05 11:58:47.284  INFO rec-pago-89-z6s9t --- [vert.x-eventloo] c.b.m.r.s.PaymentCoreService             : @e_comision_efe=0
2022-08-05 11:58:47.284  INFO rec-pago-89-z6s9t --- [vert.x-eventloo] c.b.m.r.s.PaymentCoreService             : @e_comision_chq=0
2022-08-05 11:58:47.284  INFO rec-pago-89-z6s9t --- [vert.x-eventloo] c.b.m.r.s.PaymentCoreService             : @e_comision_db=0.0
2022-08-05 11:58:47.284  INFO rec-pago-89-z6s9t --- [vert.x-eventloo] c.b.m.r.s.PaymentCoreService             : @e_total=10.0
2022-08-05 11:58:47.284  INFO rec-pago-89-z6s9t --- [vert.x-eventloo] c.b.m.r.s.PaymentCoreService             : @e_cant_cheques=0
2022-08-05 11:58:47.284  INFO rec-pago-89-z6s9t --- [vert.x-eventloo] c.b.m.r.s.PaymentCoreService             : @e_tipo_cta=CTE
2022-08-05 11:58:47.285  INFO rec-pago-89-z6s9t --- [vert.x-eventloo] c.b.m.r.s.PaymentCoreService             : @e_cuenta=5005070292
2022-08-05 11:58:47.285  INFO rec-pago-89-z6s9t --- [vert.x-eventloo] c.b.m.r.s.PaymentCoreService             : @e_nombre_cta=
2022-08-05 11:58:47.285  INFO rec-pago-89-z6s9t --- [vert.x-eventloo] c.b.m.r.s.PaymentCoreService             : @e_autoriza=N
2022-08-05 11:58:47.285  INFO rec-pago-89-z6s9t --- [vert.x-eventloo] c.b.m.r.s.PaymentCoreService             : @e_canal=IBK
2022-08-05 11:58:47.285  INFO rec-pago-89-z6s9t --- [vert.x-eventloo] c.b.m.r.s.PaymentCoreService             : @e_ubi=0
2022-08-05 11:58:47.285  INFO rec-pago-89-z6s9t --- [vert.x-eventloo] c.b.m.r.s.PaymentCoreService             : @e_codigo=0993696714
2022-08-05 11:58:47.285  INFO rec-pago-89-z6s9t --- [vert.x-eventloo] c.b.m.r.s.PaymentCoreService             : @e_cod_referencia=
2022-08-05 11:58:47.285  INFO rec-pago-89-z6s9t --- [vert.x-eventloo] c.b.m.r.s.PaymentCoreService             : @e_nombre_cliente=null
2022-08-05 11:58:47.285  INFO rec-pago-89-z6s9t --- [vert.x-eventloo] c.b.m.r.s.PaymentCoreService             : @e_base_imponible=0
2022-08-05 11:58:47.285  INFO rec-pago-89-z6s9t --- [vert.x-eventloo] c.b.m.r.s.PaymentCoreService             : @e_factura=
2022-08-05 11:58:47.285  INFO rec-pago-89-z6s9t --- [vert.x-eventloo] c.b.m.r.s.PaymentCoreService             : @e_cod_respuesta=
2022-08-05 11:58:47.285  INFO rec-pago-89-z6s9t --- [vert.x-eventloo] c.b.m.r.s.PaymentCoreService             : @e_cod_grupo=
2022-08-05 11:58:47.285  INFO rec-pago-89-z6s9t --- [vert.x-eventloo] c.b.m.r.s.PaymentCoreService             : @e_nomb_tramite=
2022-08-05 11:58:47.285  INFO rec-pago-89-z6s9t --- [vert.x-eventloo] c.b.m.r.s.PaymentCoreService             : @e_pcodigo_operacion=
2022-08-05 11:58:47.285  INFO rec-pago-89-z6s9t --- [vert.x-eventloo] c.b.m.r.s.PaymentCoreService             : @e_pcodigo_secuencia=
2022-08-05 11:58:47.285  INFO rec-pago-89-z6s9t --- [vert.x-eventloo] c.b.m.r.s.PaymentCoreService             : @e_phoralocal=
2022-08-05 11:58:47.285  INFO rec-pago-89-z6s9t --- [vert.x-eventloo] c.b.m.r.s.PaymentCoreService             : @e_cod_consultora=null
2022-08-05 11:58:47.285  INFO rec-pago-89-z6s9t --- [vert.x-eventloo] c.b.m.r.s.PaymentCoreService             : EJECUTA SP {? = call cob_pagos..pa_pg_tpag_reca_varios(?,?,?,?,?,?,?,?,?,?,?,?,?,?,?,?,?,?,?,?,?,?,?,?,?,?,?,?,?,?,?,?,?,?,?,?,?,?,?,?,?,?,?,?,?,?,?,?,?,?,?,?,?,?,?,?,?,?,?,?,?,?,?,?,?) }
2022-08-05 11:58:47.409  INFO rec-pago-89-z6s9t --- [vert.x-eventloo] c.b.m.r.s.PaymentCoreService             : FINALIZA EJECUTA SP
2022-08-05 11:58:47.628  INFO rec-pago-89-z6s9t --- [vert.x-eventloo] c.b.m.r.s.PaymentCoreService             : RESPUESTA SP --> 0
2022-08-05 11:58:47.628  INFO rec-pago-89-z6s9t --- [vert.x-eventloo] c.b.m.r.s.PaymentCoreService             : cob_pagos..pa_pg_tpag_reca_varios Output Parameters
2022-08-05 11:58:47.629  INFO rec-pago-89-z6s9t --- [vert.x-eventloo] c.b.m.r.s.PaymentCoreService             : @s_ssn=43122653
2022-08-05 11:58:47.629  INFO rec-pago-89-z6s9t --- [vert.x-eventloo] c.b.m.r.s.PaymentCoreService             : @s_horario=N
2022-08-05 11:58:47.629  INFO rec-pago-89-z6s9t --- [vert.x-eventloo] c.b.m.r.s.PaymentCoreService             : @s_tasa=0.0
2022-08-05 11:58:47.629  INFO rec-pago-89-z6s9t --- [vert.x-eventloo] c.b.m.r.s.PaymentCoreService             : @s_base_imp=0.0
2022-08-05 11:58:47.629  INFO rec-pago-89-z6s9t --- [vert.x-eventloo] c.b.m.r.s.PaymentCoreService             : @s_impuesto=0.0
2022-08-05 11:58:47.629  INFO rec-pago-89-z6s9t --- [vert.x-eventloo] c.b.m.r.s.PaymentCoreService             : @s_servicio_not=PAGSB
2022-08-05 11:58:47.630  INFO rec-pago-89-z6s9t --- [vert.x-eventloo] c.b.m.r.s.PaymentCoreService             : @s_nomb_ente=NOMBRE: 1396206
2022-08-05 11:58:47.630  INFO rec-pago-89-z6s9t --- [vert.x-eventloo] c.b.m.r.s.PaymentCoreService             : @s_cod_ente=1396206
2022-08-05 11:58:47.630  INFO rec-pago-89-z6s9t --- [vert.x-eventloo] c.b.m.r.s.PaymentCoreService             : @s_desccanal=24ONLINE
2022-08-05 11:58:47.630  INFO rec-pago-89-z6s9t --- [vert.x-eventloo] c.b.m.r.s.PaymentCoreService             : @s_celular=0991863698
2022-08-05 11:58:47.630  INFO rec-pago-89-z6s9t --- [vert.x-eventloo] c.b.m.r.s.PaymentCoreService             : @s_correo=crodriguez@bolivariano.com
2022-08-05 11:58:47.630  INFO rec-pago-89-z6s9t --- [vert.x-eventloo] c.b.m.r.s.PaymentCoreService             : @s_desc_empresa=MOVISTAR
2022-08-05 11:58:47.631  INFO rec-pago-89-z6s9t --- [vert.x-eventloo] c.b.m.r.s.PaymentCoreService             : @s_prod_deb=CTE
2022-08-05 11:58:47.631  INFO rec-pago-89-z6s9t --- [vert.x-eventloo] c.b.m.r.s.PaymentCoreService             : @s_valor=10.00
2022-08-05 11:58:47.631  INFO rec-pago-89-z6s9t --- [vert.x-eventloo] c.b.m.r.s.PaymentCoreService             : @s_fecha_deb=08/05/2022
2022-08-05 11:58:47.631  INFO rec-pago-89-z6s9t --- [vert.x-eventloo] c.b.m.r.s.PaymentCoreService             : @s_hora_deb=11:58:47
2022-08-05 11:58:47.631  INFO rec-pago-89-z6s9t --- [vert.x-eventloo] c.b.m.r.s.PaymentCoreService             : @s_valor_comi=0.00
2022-08-05 11:58:47.631  INFO rec-pago-89-z6s9t --- [vert.x-eventloo] c.b.m.r.s.PaymentCoreService             : @s_cta_lat=292
2022-08-05 11:58:47.631  INFO rec-pago-89-z6s9t --- [vert.x-eventloo] c.b.m.r.s.PaymentCoreService             : @s_tipo_serv=COMPRA PAQUETE
2022-08-05 11:58:47.631  INFO rec-pago-89-z6s9t --- [vert.x-eventloo] c.b.m.r.s.PaymentCoreService             : @s_fecha_contable=08/05/2022
2022-08-05 11:58:47.631  INFO rec-pago-89-z6s9t --- [vert.x-eventloo] c.b.m.r.s.PaymentCoreService             : @s_cod_respuesta=0
2022-08-05 11:58:47.637  INFO rec-pago-89-z6s9t --- [vert.x-eventloo] c.b.m.r.s.PaymentCoreService             : @s_mensaje_respuesta=OK
2022-08-05 11:58:47.637  INFO rec-pago-89-z6s9t --- [vert.x-eventloo] c.b.m.r.s.PaymentCoreService             : @s_valor_tot=10.00
2022-08-05 11:58:47.642  INFO rec-pago-89-z6s9t --- [vert.x-eventloo] c.b.m.r.s.PaymentCoreService             : Respuesta despues de pago core<ns2:salidaEjecutarPago xmlns:ns2="http://www.bolivariano.com/mensaje/MensajeOTC"><ns2:codigoError>0</ns2:codigoError><ns2:datosAdicionales><ns2:datoAdicional><codigo>vp_s_fecha_contable</codigo><valor>08/05/2022</valor></ns2:datoAdicional><ns2:datoAdicional><codigo>vp_s_ssn</codigo><valor>43122653</valor></ns2:datoAdicional><ns2:datoAdicional><codigo>vp_s_comision</codigo></ns2:datoAdicional><ns2:datoAdicional><codigo>vp_s_tasa</codigo></ns2:datoAdicional><ns2:datoAdicional><codigo>vp_s_base_imp</codigo></ns2:datoAdicional><ns2:datoAdicional><codigo>vp_s_impuesto</codigo></ns2:datoAdicional><ns2:datoAdicional><codigo>vp_s_empresa</codigo></ns2:datoAdicional><ns2:datoAdicional><codigo>vp_s_recaudacion</codigo></ns2:datoAdicional><ns2:datoAdicional><codigo>vp_s_referencia1</codigo></ns2:datoAdicional><ns2:datoAdicional><codigo>vp_s_referencia2</codigo></ns2:datoAdicional><ns2:datoAdicional><codigo>vp_s_referencia3</codigo></ns2:datoAdicional><ns2:datoAdicional><codigo>rp_s_ssn</codigo><valor>43122653</valor></ns2:datoAdicional><ns2:datoAdicional><codigo>rp_s_horario</codigo><valor>N</valor></ns2:datoAdicional><ns2:datoAdicional><codigo>rp_s_tasa</codigo><valor>0.0</valor></ns2:datoAdicional><ns2:datoAdicional><codigo>rp_s_base_imp</codigo><valor>0.0</valor></ns2:datoAdicional><ns2:datoAdicional><codigo>rp_s_impuesto</codigo><valor>0.0</valor></ns2:datoAdicional><ns2:datoAdicional><codigo>rp_s_servicio_not</codigo><valor>PAGSB</valor></ns2:datoAdicional><ns2:datoAdicional><codigo>rp_s_nomb_ente</codigo><valor>NOMBRE: 1396206</valor></ns2:datoAdicional><ns2:datoAdicional><codigo>rp_s_cod_ente</codigo><valor>1396206</valor></ns2:datoAdicional><ns2:datoAdicional><codigo>rp_s_desccanal</codigo><valor>24ONLINE</valor></ns2:datoAdicional><ns2:datoAdicional><codigo>rp_s_celular</codigo><valor>0991863698</valor></ns2:datoAdicional><ns2:datoAdicional><codigo>rp_s_correo</codigo><valor>crodriguez@bolivariano.com</valor></ns2:datoAdicional><ns2:datoAdicional><codigo>rp_s_desc_empresa</codigo><valor>MOVISTAR</valor></ns2:datoAdicional><ns2:datoAdicional><codigo>rp_s_prod_deb</codigo><valor>CTE</valor></ns2:datoAdicional><ns2:datoAdicional><codigo>rp_s_valor</codigo><valor>10.00</valor></ns2:datoAdicional><ns2:datoAdicional><codigo>rp_s_fecha_deb</codigo><valor>08/05/2022</valor></ns2:datoAdicional><ns2:datoAdicional><codigo>rp_s_hora_deb</codigo><valor>11:58:47</valor></ns2:datoAdicional><ns2:datoAdicional><codigo>rp_s_valor_comi</codigo><valor>0.00</valor></ns2:datoAdicional><ns2:datoAdicional><codigo>rp_s_cta_lat</codigo><valor>292</valor></ns2:datoAdicional><ns2:datoAdicional><codigo>rp_s_tipo_serv</codigo><valor>COMPRA PAQUETE</valor></ns2:datoAdicional><ns2:datoAdicional><codigo>rp_s_fecha_contable</codigo><valor>08/05/2022</valor></ns2:datoAdicional></ns2:datosAdicionales><ns2:fechaDebito>2022-08-05T00:00:00</ns2:fechaDebito><ns2:fechaPago>2022-08-05T00:00:00</ns2:fechaPago><ns2:mensajeUsuario>OK</ns2:mensajeUsuario><ns2:mensajeSistema>OK</ns2:mensajeSistema><ns2:montoTotal>10.0</ns2:montoTotal></ns2:salidaEjecutarPago>
2022-08-05 11:58:47.642  INFO rec-pago-89-z6s9t --- [vert.x-eventloo] c.b.m.r.s.PaymentCoreService             : CIERRA CONEXION!
2022-08-05 11:58:47.642  INFO rec-pago-89-z6s9t --- [vert.x-eventloo] c.b.m.r.s.ProcessService                 : CODIGO RESPUESTA: 0
2022-08-05 11:58:47.642  INFO rec-pago-89-z6s9t --- [vert.x-eventloo] c.b.m.r.s.ProcessService                 : Fin Ejecuta CORE ...
2022-08-05 11:58:47.642  INFO rec-pago-89-z6s9t --- [vert.x-eventloo] c.b.m.r.s.ProcessService                 : RESPUESTA CORE: 0
2022-08-05 11:58:47.642  INFO rec-pago-89-z6s9t --- [vert.x-eventloo] c.b.m.r.s.ProcessService                 : Inicio Ejecuta PROVEEDOR ...
2022-08-05 11:58:47.642  INFO rec-pago-89-z6s9t --- [vert.x-eventloo] c.b.m.r.s.ProcessService                 : INICIO EJECUTA PROVEEDOR ...
2022-08-05 11:58:47.642  INFO rec-pago-89-z6s9t --- [vert.x-eventloo] c.b.m.r.s.ProcessService                 : OBTENER DATOS ADICIONALES
2022-08-05 11:58:47.642  INFO rec-pago-89-z6s9t --- [vert.x-eventloo] c.b.m.r.s.ProcessService                 : ENVIA MENSAJE A PROVEEDOR
2022-08-05 11:58:47.658  INFO rec-pago-89-z6s9t --- [vert.x-eventloo] c.b.m.r.m.MessageSender                  : 


2022-08-05 11:58:51.762  INFO rec-pago-89-z6s9t --- [vert.x-eventloo] c.b.m.r.m.MessageConsumer                : Transformacion byte a String
2022-08-05 11:58:51.762  INFO rec-pago-89-z6s9t --- [vert.x-eventloo] c.b.m.r.m.MessageConsumer                : Mensaje de respuesta: {"codigo":"0","mensajeUsuario":"PAGO EJECUTADO","estado":"OK","mensajeSalidaEjecutarPago":{"banderaOffline":null,"codigoError":"0","datosAdicionales":null,"fechaDebito":null,"fechaPago":null,"mensajeUsuario":"PAGO EXITOSO","mensajeSistema":null,"montoTotal":null,"referencia":null},"mensajeSalidaConsultarDeuda":null}
2022-08-05 11:58:52.033  INFO rec-pago-89-z6s9t --- [vert.x-eventloo] c.b.m.r.s.ProcessService                 : RECIBE MENSAJE A PROVEEDOR
2022-08-05 11:58:52.040  INFO rec-pago-89-z6s9t --- [vert.x-eventloo] c.b.m.r.s.ProcessService                 : RESPUESTA DE PROVEEDOR: 0
2022-08-05 11:58:52.040  INFO rec-pago-89-z6s9t --- [vert.x-eventloo] c.b.m.r.s.ProcessService                 : SETEAN MENSAJE DE SALIDA
2022-08-05 11:58:52.040  INFO rec-pago-89-z6s9t --- [vert.x-eventloo] c.b.m.r.s.ProcessService                 : Fin Ejecuta PROVEEDOR ...
2022-08-05 11:58:52.040  INFO rec-pago-89-z6s9t --- [vert.x-eventloo] c.b.m.r.s.ProcessService                 : RESPUESTA PROVEEDOR: 0
2022-08-05 11:58:52.040  INFO rec-pago-89-z6s9t --- [vert.x-eventloo] c.b.m.r.s.ProcessService                 : VALIDAPREVIAMANUAL:true
2022-08-05 11:58:52.041  INFO rec-pago-89-z6s9t --- [vert.x-eventloo] c.b.m.r.s.ProcessService                 : TIPO PROCESO:M
2022-08-05 11:58:52.041  INFO rec-pago-89-z6s9t --- [vert.x-eventloo] c.b.m.r.s.ProcessService                 : VALIDACION PREVIA:true
2022-08-05 11:58:52.041  INFO rec-pago-89-z6s9t --- [vert.x-eventloo] c.b.m.r.s.ProcessService                 : TIPOS PROCESOS NOTIFICACION: ***M,A***
2022-08-05 11:58:52.041  INFO rec-pago-89-z6s9t --- [vert.x-eventloo] c.b.m.r.s.ProcessService                 : VALOR PAGO:10.0
2022-08-05 11:58:52.042  INFO rec-pago-89-z6s9t --- [vert.x-eventloo] c.b.m.r.s.ProcessService                 : MINIMO VALOR PAGO:0.0
2022-08-05 11:58:52.042  INFO rec-pago-89-z6s9t --- [vert.x-eventloo] c.b.m.r.s.ProcessService                 : VALIDA FORMA PAGO:true
2022-08-05 11:58:52.042  INFO rec-pago-89-z6s9t --- [vert.x-eventloo] c.b.m.r.s.ProcessService                 : ENVIA A NOTIFICACION
2022-08-05 11:58:52.043  INFO rec-pago-89-z6s9t --- [vert.x-eventloo] c.b.m.r.s.ProcessService                 : FIN Ejecuta NOTIFICACION ...
2022-08-05 11:58:52.043  INFO rec-pago-89-z6s9t --- [vert.x-eventloo] c.b.m.r.s.PaymentService                 : PROCESO MANUAL ENVIA RESPUESTA
2022-08-05 11:58:52.043  INFO rec-pago-89-z6s9t --- [vert.x-eventloo] c.b.m.r.s.PaymentService                 : FIN DE EJECUCION ... 
2022-08-05 11:58:52.043  INFO rec-pago-89-z6s9t --- [vert.x-eventloo] c.b.m.r.s.PaymentService                 : CODIGO RESPUESTA FINAL: 0
2022-08-05 11:58:52.043  INFO rec-pago-89-z6s9t --- [vert.x-eventloo] c.b.m.r.s.PaymentService                 : ENVIA RESPUESTA A ... 
2022-08-05 11:58:52.049  INFO rec-pago-89-z6s9t --- [vert.x-eventloo] c.b.m.r.m.MessageSender                  : 

2022-08-05 11:58:52.049  INFO rec-pago-89-z6s9t --- [vert.x-eventloo] c.b.m.r.m.MessageSender                  : 

2022-08-05 11:58:52.049  INFO rec-pago-89-z6s9t --- [vert.x-eventloo] c.b.m.r.m.MessageSender                  : ENVIA MENSAJE A OTC 
2022-08-05 11:58:52.049  INFO rec-pago-89-z6s9t --- [vert.x-eventloo] c.b.m.r.m.MessageSender                  : COLA MQ  SENDER --> MS_REC_PAGO_RESP
2022-08-05 11:58:52.049  INFO rec-pago-89-z6s9t --- [vert.x-eventloo] c.b.m.r.m.MessageSender                  : message--> <?xml version="1.0" encoding="UTF-8" standalone="yes"?><mensajeSalidaGateway xmlns="http://www.bolivariano.com/mensaje/MensajeOSB"><codigo>0</codigo><mensajeUsuario>Transaccion Exitosa</mensajeUsuario><mensaje><![CDATA[<?xml version="1.0" encoding="UTF-8" standalone="yes"?><ns2:salidaEjecutarPago xmlns:ns2="http://www.bolivariano.com/mensaje/MensajeOTC"><ns2:codigoError>0</ns2:codigoError><ns2:datosAdicionales><ns2:datoAdicional><codigo>vp_s_fecha_contable</codigo><valor>08/05/2022</valor></ns2:datoAdicional><ns2:datoAdicional><codigo>vp_s_ssn</codigo><valor>43122653</valor></ns2:datoAdicional><ns2:datoAdicional><codigo>vp_s_comision</codigo></ns2:datoAdicional><ns2:datoAdicional><codigo>vp_s_tasa</codigo></ns2:datoAdicional><ns2:datoAdicional><codigo>vp_s_base_imp</codigo></ns2:datoAdicional><ns2:datoAdicional><codigo>vp_s_impuesto</codigo></ns2:datoAdicional><ns2:datoAdicional><codigo>vp_s_empresa</codigo></ns2:datoAdicional><ns2:datoAdicional><codigo>vp_s_recaudacion</codigo></ns2:datoAdicional><ns2:datoAdicional><codigo>vp_s_referencia1</codigo></ns2:datoAdicional><ns2:datoAdicional><codigo>vp_s_referencia2</codigo></ns2:datoAdicional><ns2:datoAdicional><codigo>vp_s_referencia3</codigo></ns2:datoAdicional><ns2:datoAdicional><codigo>rp_s_ssn</codigo><valor>43122653</valor></ns2:datoAdicional><ns2:datoAdicional><codigo>rp_s_horario</codigo><valor>N</valor></ns2:datoAdicional><ns2:datoAdicional><codigo>rp_s_tasa</codigo><valor>0.0</valor></ns2:datoAdicional><ns2:datoAdicional><codigo>rp_s_base_imp</codigo><valor>0.0</valor></ns2:datoAdicional><ns2:datoAdicional><codigo>rp_s_impuesto</codigo><valor>0.0</valor></ns2:datoAdicional><ns2:datoAdicional><codigo>rp_s_servicio_not</codigo><valor>PAGSB</valor></ns2:datoAdicional><ns2:datoAdicional><codigo>rp_s_nomb_ente</codigo><valor>NOMBRE: 1396206</valor></ns2:datoAdicional><ns2:datoAdicional><codigo>rp_s_cod_ente</codigo><valor>1396206</valor></ns2:datoAdicional><ns2:datoAdicional><codigo>rp_s_desccanal</codigo><valor>24ONLINE</valor></ns2:datoAdicional><ns2:datoAdicional><codigo>rp_s_celular</codigo><valor>0991863698</valor></ns2:datoAdicional><ns2:datoAdicional><codigo>rp_s_correo</codigo><valor>crodriguez@bolivariano.com</valor></ns2:datoAdicional><ns2:datoAdicional><codigo>rp_s_desc_empresa</codigo><valor>MOVISTAR</valor></ns2:datoAdicional><ns2:datoAdicional><codigo>rp_s_prod_deb</codigo><valor>CTE</valor></ns2:datoAdicional><ns2:datoAdicional><codigo>rp_s_valor</codigo><valor>10.00</valor></ns2:datoAdicional><ns2:datoAdicional><codigo>rp_s_fecha_deb</codigo><valor>08/05/2022</valor></ns2:datoAdicional><ns2:datoAdicional><codigo>rp_s_hora_deb</codigo><valor>11:58:47</valor></ns2:datoAdicional><ns2:datoAdicional><codigo>rp_s_valor_comi</codigo><valor>0.00</valor></ns2:datoAdicional><ns2:datoAdicional><codigo>rp_s_cta_lat</codigo><valor>292</valor></ns2:datoAdicional><ns2:datoAdicional><codigo>rp_s_tipo_serv</codigo><valor>COMPRA PAQUETE</valor></ns2:datoAdicional><ns2:datoAdicional><codigo>rp_s_fecha_contable</codigo><valor>08/05/2022</valor></ns2:datoAdicional><ns2:datoAdicional><codigo>vp_s_fecha_contable</codigo><valor>08/05/2022</valor></ns2:datoAdicional><ns2:datoAdicional><codigo>vp_s_ssn</codigo><valor>43122653</valor></ns2:datoAdicional><ns2:datoAdicional><codigo>vp_s_comision</codigo></ns2:datoAdicional><ns2:datoAdicional><codigo>vp_s_tasa</codigo></ns2:datoAdicional><ns2:datoAdicional><codigo>vp_s_base_imp</codigo></ns2:datoAdicional><ns2:datoAdicional><codigo>vp_s_impuesto</codigo></ns2:datoAdicional><ns2:datoAdicional><codigo>vp_s_empresa</codigo></ns2:datoAdicional><ns2:datoAdicional><codigo>vp_s_recaudacion</codigo></ns2:datoAdicional><ns2:datoAdicional><codigo>vp_s_referencia1</codigo></ns2:datoAdicional><ns2:datoAdicional><codigo>vp_s_referencia2</codigo></ns2:datoAdicional><ns2:datoAdicional><codigo>vp_s_referencia3</codigo></ns2:datoAdicional><ns2:datoAdicional><codigo>rp_s_ssn</codigo><valor>43122653</valor></ns2:datoAdicional><ns2:datoAdicional><codigo>rp_s_horario</codigo><valor>N</valor></ns2:datoAdicional><ns2:datoAdicional><codigo>rp_s_tasa</codigo><valor>0.0</valor></ns2:datoAdicional><ns2:datoAdicional><codigo>rp_s_base_imp</codigo><valor>0.0</valor></ns2:datoAdicional><ns2:datoAdicional><codigo>rp_s_impuesto</codigo><valor>0.0</valor></ns2:datoAdicional><ns2:datoAdicional><codigo>rp_s_servicio_not</codigo><valor>PAGSB</valor></ns2:datoAdicional><ns2:datoAdicional><codigo>rp_s_nomb_ente</codigo><valor>NOMBRE: 1396206</valor></ns2:datoAdicional><ns2:datoAdicional><codigo>rp_s_cod_ente</codigo><valor>1396206</valor></ns2:datoAdicional><ns2:datoAdicional><codigo>rp_s_desccanal</codigo><valor>24ONLINE</valor></ns2:datoAdicional><ns2:datoAdicional><codigo>rp_s_celular</codigo><valor>0991863698</valor></ns2:datoAdicional><ns2:datoAdicional><codigo>rp_s_correo</codigo><valor>crodriguez@bolivariano.com</valor></ns2:datoAdicional><ns2:datoAdicional><codigo>rp_s_desc_empresa</codigo><valor>MOVISTAR</valor></ns2:datoAdicional><ns2:datoAdicional><codigo>rp_s_prod_deb</codigo><valor>CTE</valor></ns2:datoAdicional><ns2:datoAdicional><codigo>rp_s_valor</codigo><valor>10.00</valor></ns2:datoAdicional><ns2:datoAdicional><codigo>rp_s_fecha_deb</codigo><valor>08/05/2022</valor></ns2:datoAdicional><ns2:datoAdicional><codigo>rp_s_hora_deb</codigo><valor>11:58:47</valor></ns2:datoAdicional><ns2:datoAdicional><codigo>rp_s_valor_comi</codigo><valor>0.00</valor></ns2:datoAdicional><ns2:datoAdicional><codigo>rp_s_cta_lat</codigo><valor>292</valor></ns2:datoAdicional><ns2:datoAdicional><codigo>rp_s_tipo_serv</codigo><valor>COMPRA PAQUETE</valor></ns2:datoAdicional><ns2:datoAdicional><codigo>rp_s_fecha_contable</codigo><valor>08/05/2022</valor></ns2:datoAdicional></ns2:datosAdicionales><ns2:fechaDebito>2022-08-05T00:00:00</ns2:fechaDebito><ns2:fechaPago>2022-08-05T00:00:00</ns2:fechaPago><ns2:mensajeUsuario>PAGO EXITOSO</ns2:mensajeUsuario><ns2:mensajeSistema>PAGO EXITOSO</ns2:mensajeSistema><ns2:montoTotal>10.0</ns2:montoTotal></ns2:salidaEjecutarPago>]]></mensaje></mensajeSalidaGateway>
2022-08-05 11:58:52.229  INFO rec-pago-89-z6s9t --- [vert.x-eventloo] c.b.m.r.s.NotificationService            : INICIO EJECUTA NOTIFICACION
2022-08-05 11:58:52.229  INFO rec-pago-89-z6s9t --- [vert.x-eventloo] c.b.m.r.s.NotificationService            : PATH --> /secret/truststore.jks
2022-08-05 11:58:52.230  INFO rec-pago-89-z6s9t --- [vert.x-eventloo] c.b.m.r.s.NotificationService            : PASSWORD --> otpms
2022-08-05 11:58:52.230  INFO rec-pago-89-z6s9t --- [vert.x-eventloo] c.b.m.r.s.NotificationService            : TYPE --> otpms
2022-08-05 11:58:52.240  INFO rec-pago-89-z6s9t --- [vert.x-eventloo] c.b.m.r.s.NotificationService            : header setId: IBK20220805115847431226
2022-08-05 11:58:52.240  INFO rec-pago-89-z6s9t --- [vert.x-eventloo] c.b.m.r.s.NotificationService            : header setRefCompany: BOLIVARIANO
2022-08-05 11:58:52.240  INFO rec-pago-89-z6s9t --- [vert.x-eventloo] c.b.m.r.s.NotificationService            : header setRefService: PAGSB
2022-08-05 11:58:52.241  INFO rec-pago-89-z6s9t --- [vert.x-eventloo] c.b.m.r.s.NotificationService            : header setRefMsgLabel: Avisos24
2022-08-05 11:58:52.241  INFO rec-pago-89-z6s9t --- [vert.x-eventloo] c.b.m.r.s.NotificationService            : header setKeyValue: 1396206
2022-08-05 11:58:52.241  INFO rec-pago-89-z6s9t --- [vert.x-eventloo] c.b.m.r.s.NotificationService            : header setChannels: IBK
2022-08-05 11:58:52.241  INFO rec-pago-89-z6s9t --- [vert.x-eventloo] c.b.m.r.s.NotificationService            : info setLoginEnterprise: BOLIVARIANO
2022-08-05 11:58:52.241  INFO rec-pago-89-z6s9t --- [vert.x-eventloo] c.b.m.r.s.NotificationService            : info setRefContract: PAGSB
2022-08-05 11:58:52.242  INFO rec-pago-89-z6s9t --- [vert.x-eventloo] c.b.m.r.s.NotificationService            : data setNombre: NOMBRE: 1396206
2022-08-05 11:58:52.242  INFO rec-pago-89-z6s9t --- [vert.x-eventloo] c.b.m.r.s.NotificationService            : data setDesccanal: 24ONLINE
2022-08-05 11:58:52.242  INFO rec-pago-89-z6s9t --- [vert.x-eventloo] c.b.m.r.s.NotificationService            : data setDeservicio: COMPRA PAQUETE
2022-08-05 11:58:52.243  INFO rec-pago-89-z6s9t --- [vert.x-eventloo] c.b.m.r.s.NotificationService            : data setFechaTope: 2022-08-05
2022-08-05 11:58:52.243  INFO rec-pago-89-z6s9t --- [vert.x-eventloo] c.b.m.r.s.NotificationService            : data setEmpresa: MOVISTAR
2022-08-05 11:58:52.243  INFO rec-pago-89-z6s9t --- [vert.x-eventloo] c.b.m.r.s.NotificationService            : data setPlanilla: 0993696714
2022-08-05 11:58:52.244  INFO rec-pago-89-z6s9t --- [vert.x-eventloo] c.b.m.r.s.NotificationService            : data setFecha1: 11:58:47
2022-08-05 11:58:52.244  INFO rec-pago-89-z6s9t --- [vert.x-eventloo] c.b.m.r.s.NotificationService            : data setProdeb: CTE
2022-08-05 11:58:52.244  INFO rec-pago-89-z6s9t --- [vert.x-eventloo] c.b.m.r.s.NotificationService            : data setCtadeb: 292
2022-08-05 11:58:52.244  INFO rec-pago-89-z6s9t --- [vert.x-eventloo] c.b.m.r.s.NotificationService            : data setValor: 10.00
2022-08-05 11:58:52.244  INFO rec-pago-89-z6s9t --- [vert.x-eventloo] c.b.m.r.s.NotificationService            : data setValor2: 0.00
2022-08-05 11:58:52.244  INFO rec-pago-89-z6s9t --- [vert.x-eventloo] c.b.m.r.s.NotificationService            : data setValortope: 10.00
2022-08-05 11:58:52.245  INFO rec-pago-89-z6s9t --- [vert.x-eventloo] c.b.m.r.s.NotificationService            : data setGsm: 0991863698
2022-08-05 11:58:52.245  INFO rec-pago-89-z6s9t --- [vert.x-eventloo] c.b.m.r.s.NotificationService            : data setEmail: crodriguez@bolivariano.com
2022-08-05 11:58:52.245  INFO rec-pago-89-z6s9t --- [vert.x-eventloo] c.b.m.r.s.NotificationService            : data setPhone: 0991863698
2022-08-05 11:58:52.245  INFO rec-pago-89-z6s9t --- [vert.x-eventloo] c.b.m.r.s.NotificationService            : addressesGsm setClassName: gsm
2022-08-05 11:58:52.245  INFO rec-pago-89-z6s9t --- [vert.x-eventloo] c.b.m.r.s.NotificationService            : addressesGsm setType: to
2022-08-05 11:58:52.246  INFO rec-pago-89-z6s9t --- [vert.x-eventloo] c.b.m.r.s.NotificationService            : addressesGsm setRef:0991863698
2022-08-05 11:58:52.246  INFO rec-pago-89-z6s9t --- [vert.x-eventloo] c.b.m.r.s.NotificationService            : addressesEmail setClassName: email
2022-08-05 11:58:52.246  INFO rec-pago-89-z6s9t --- [vert.x-eventloo] c.b.m.r.s.NotificationService            : addressesEmail setType: to
2022-08-05 11:58:52.246  INFO rec-pago-89-z6s9t --- [vert.x-eventloo] c.b.m.r.s.NotificationService            : addressesEmail setRef:crodriguez@bolivariano.com
2022-08-05 11:58:52.270  INFO rec-pago-89-z6s9t --- [vert.x-eventloo] c.b.m.r.s.NotificationService            : REQUEST NOTIFICACION -> {
  "header" : {
    "id" : "IBK20220805115847431226",
    "refCompany" : "BOLIVARIANO",
    "refService" : "PAGSB",
    "keyValue" : "1396206",
    "channels" : "IBK",
    "refMsgLabel" : "Avisos24"
  },
  "info" : {
    "loginEnterprise" : "BOLIVARIANO",
    "refContract" : "PAGSB"
  },
  "data" : {
    "nombre" : "NOMBRE: 1396206",
    "desccanal" : "24ONLINE",
    "deservicio" : "COMPRA PAQUETE",
    "empresa" : "MOVISTAR",
    "planilla" : "0993696714",
    "fecha_tope" : "2022-08-05",
    "fecha1" : "11:58:47",
    "prodeb" : "CTE",
    "ctadeb" : "292",
    "valor" : "10.00",
    "valor2" : "0.00",
    "valortope" : "10.00",
    "gsm" : "0991863698",
    "email" : "crodriguez@bolivariano.com",
    "phone" : "0991863698"
  },
  "addresses" : [ {
    "className" : "gsm",
    "type" : "to",
    "ref" : "0991863698"
  }, {
    "className" : "email",
    "type" : "to",
    "ref" : "crodriguez@bolivariano.com"
  } ]
}
2022-08-05 11:58:52.289  INFO rec-pago-89-z6s9t --- [vert.x-eventloo] c.b.m.r.s.RequestUUIDHeaderFactory       : UPDATE CREDENCIALES <<<<>>>>wsubscribers:latinia
2022-08-05 11:58:52.290  INFO rec-pago-89-z6s9t --- [vert.x-eventloo] c.b.m.r.s.RequestUUIDHeaderFactory       : UPDATE CREDENCIALES RESULT <<<<>>>>{Authorization=[Basic d3N1YnNjcmliZXJzOmxhdGluaWE=], X-request-uuid=[40151d98-2482-4233-909e-3eb9f225dbeb]}
2022-08-05 11:58:52.477  INFO rec-pago-89-z6s9t --- [vert.x-eventloo] c.b.m.r.s.NotificationService            : RESPONSE NOTIFICACION -> {
  "msg" : "ok",
  "result" : "Ok"
}
2022-08-05 11:58:52.477  INFO rec-pago-89-z6s9t --- [vert.x-eventloo] c.b.m.r.s.NotificationService            : FIN EJECUTA NOTIFICACION


2022-08-05 11:58:52.941  INFO rec-pago-89-z6s9t --- [vert.x-eventloo] c.b.m.r.m.MessageSender                  : TEXT--> <?xml version="1.0" encoding="UTF-8" standalone="yes"?><mensajeSalidaGateway xmlns="http://www.bolivariano.com/mensaje/MensajeOSB"><codigo>0</codigo><mensajeUsuario>Transaccion Exitosa</mensajeUsuario><mensaje><![CDATA[<?xml version="1.0" encoding="UTF-8" standalone="yes"?><ns2:salidaEjecutarPago xmlns:ns2="http://www.bolivariano.com/mensaje/MensajeOTC"><ns2:codigoError>0</ns2:codigoError><ns2:datosAdicionales><ns2:datoAdicional><codigo>vp_s_fecha_contable</codigo><valor>08/05/2022</valor></ns2:datoAdicional><ns2:datoAdicional><codigo>vp_s_ssn</codigo><valor>43122653</valor></ns2:datoAdicional><ns2:datoAdicional><codigo>vp_s_comision</codigo></ns2:datoAdicional><ns2:datoAdicional><codigo>vp_s_tasa</codigo></ns2:datoAdicional><ns2:datoAdicional><codigo>vp_s_base_imp</codigo></ns2:datoAdicional><ns2:datoAdicional><codigo>vp_s_impuesto</codigo></ns2:datoAdicional><ns2:datoAdicional><codigo>vp_s_empresa</codigo></ns2:datoAdicional><ns2:datoAdicional><codigo>vp_s_recaudacion</codigo></ns2:datoAdicional><ns2:datoAdicional><codigo>vp_s_referencia1</codigo></ns2:datoAdicional><ns2:datoAdicional><codigo>vp_s_referencia2</codigo></ns2:datoAdicional><ns2:datoAdicional><codigo>vp_s_referencia3</codigo></ns2:datoAdicional><ns2:datoAdicional><codigo>rp_s_ssn</codigo><valor>43122653</valor></ns2:datoAdicional><ns2:datoAdicional><codigo>rp_s_horario</codigo><valor>N</valor></ns2:datoAdicional><ns2:datoAdicional><codigo>rp_s_tasa</codigo><valor>0.0</valor></ns2:datoAdicional><ns2:datoAdicional><codigo>rp_s_base_imp</codigo><valor>0.0</valor></ns2:datoAdicional><ns2:datoAdicional><codigo>rp_s_impuesto</codigo><valor>0.0</valor></ns2:datoAdicional><ns2:datoAdicional><codigo>rp_s_servicio_not</codigo><valor>PAGSB</valor></ns2:datoAdicional><ns2:datoAdicional><codigo>rp_s_nomb_ente</codigo><valor>NOMBRE: 1396206</valor></ns2:datoAdicional><ns2:datoAdicional><codigo>rp_s_cod_ente</codigo><valor>1396206</valor></ns2:datoAdicional><ns2:datoAdicional><codigo>rp_s_desccanal</codigo><valor>24ONLINE</valor></ns2:datoAdicional><ns2:datoAdicional><codigo>rp_s_celular</codigo><valor>0991863698</valor></ns2:datoAdicional><ns2:datoAdicional><codigo>rp_s_correo</codigo><valor>crodriguez@bolivariano.com</valor></ns2:datoAdicional><ns2:datoAdicional><codigo>rp_s_desc_empresa</codigo><valor>MOVISTAR</valor></ns2:datoAdicional><ns2:datoAdicional><codigo>rp_s_prod_deb</codigo><valor>CTE</valor></ns2:datoAdicional><ns2:datoAdicional><codigo>rp_s_valor</codigo><valor>10.00</valor></ns2:datoAdicional><ns2:datoAdicional><codigo>rp_s_fecha_deb</codigo><valor>08/05/2022</valor></ns2:datoAdicional><ns2:datoAdicional><codigo>rp_s_hora_deb</codigo><valor>11:58:47</valor></ns2:datoAdicional><ns2:datoAdicional><codigo>rp_s_valor_comi</codigo><valor>0.00</valor></ns2:datoAdicional><ns2:datoAdicional><codigo>rp_s_cta_lat</codigo><valor>292</valor></ns2:datoAdicional><ns2:datoAdicional><codigo>rp_s_tipo_serv</codigo><valor>COMPRA PAQUETE</valor></ns2:datoAdicional><ns2:datoAdicional><codigo>rp_s_fecha_contable</codigo><valor>08/05/2022</valor></ns2:datoAdicional><ns2:datoAdicional><codigo>vp_s_fecha_contable</codigo><valor>08/05/2022</valor></ns2:datoAdicional><ns2:datoAdicional><codigo>vp_s_ssn</codigo><valor>43122653</valor></ns2:datoAdicional><ns2:datoAdicional><codigo>vp_s_comision</codigo></ns2:datoAdicional><ns2:datoAdicional><codigo>vp_s_tasa</codigo></ns2:datoAdicional><ns2:datoAdicional><codigo>vp_s_base_imp</codigo></ns2:datoAdicional><ns2:datoAdicional><codigo>vp_s_impuesto</codigo></ns2:datoAdicional><ns2:datoAdicional><codigo>vp_s_empresa</codigo></ns2:datoAdicional><ns2:datoAdicional><codigo>vp_s_recaudacion</codigo></ns2:datoAdicional><ns2:datoAdicional><codigo>vp_s_referencia1</codigo></ns2:datoAdicional><ns2:datoAdicional><codigo>vp_s_referencia2</codigo></ns2:datoAdicional><ns2:datoAdicional><codigo>vp_s_referencia3</codigo></ns2:datoAdicional><ns2:datoAdicional><codigo>rp_s_ssn</codigo><valor>43122653</valor></ns2:datoAdicional><ns2:datoAdicional><codigo>rp_s_horario</codigo><valor>N</valor></ns2:datoAdicional><ns2:datoAdicional><codigo>rp_s_tasa</codigo><valor>0.0</valor></ns2:datoAdicional><ns2:datoAdicional><codigo>rp_s_base_imp</codigo><valor>0.0</valor></ns2:datoAdicional><ns2:datoAdicional><codigo>rp_s_impuesto</codigo><valor>0.0</valor></ns2:datoAdicional><ns2:datoAdicional><codigo>rp_s_servicio_not</codigo><valor>PAGSB</valor></ns2:datoAdicional><ns2:datoAdicional><codigo>rp_s_nomb_ente</codigo><valor>NOMBRE: 1396206</valor></ns2:datoAdicional><ns2:datoAdicional><codigo>rp_s_cod_ente</codigo><valor>1396206</valor></ns2:datoAdicional><ns2:datoAdicional><codigo>rp_s_desccanal</codigo><valor>24ONLINE</valor></ns2:datoAdicional><ns2:datoAdicional><codigo>rp_s_celular</codigo><valor>0991863698</valor></ns2:datoAdicional><ns2:datoAdicional><codigo>rp_s_correo</codigo><valor>crodriguez@bolivariano.com</valor></ns2:datoAdicional><ns2:datoAdicional><codigo>rp_s_desc_empresa</codigo><valor>MOVISTAR</valor></ns2:datoAdicional><ns2:datoAdicional><codigo>rp_s_prod_deb</codigo><valor>CTE</valor></ns2:datoAdicional><ns2:datoAdicional><codigo>rp_s_valor</codigo><valor>10.00</valor></ns2:datoAdicional><ns2:datoAdicional><codigo>rp_s_fecha_deb</codigo><valor>08/05/2022</valor></ns2:datoAdicional><ns2:datoAdicional><codigo>rp_s_hora_deb</codigo><valor>11:58:47</valor></ns2:datoAdicional><ns2:datoAdicional><codigo>rp_s_valor_comi</codigo><valor>0.00</valor></ns2:datoAdicional><ns2:datoAdicional><codigo>rp_s_cta_lat</codigo><valor>292</valor></ns2:datoAdicional><ns2:datoAdicional><codigo>rp_s_tipo_serv</codigo><valor>COMPRA PAQUETE</valor></ns2:datoAdicional><ns2:datoAdicional><codigo>rp_s_fecha_contable</codigo><valor>08/05/2022</valor></ns2:datoAdicional></ns2:datosAdicionales><ns2:fechaDebito>2022-08-05T00:00:00</ns2:fechaDebito><ns2:fechaPago>2022-08-05T00:00:00</ns2:fechaPago><ns2:mensajeUsuario>PAGO EXITOSO</ns2:mensajeUsuario><ns2:mensajeSistema>PAGO EXITOSO</ns2:mensajeSistema><ns2:montoTotal>10.0</ns2:montoTotal></ns2:salidaEjecutarPago>]]></mensaje></mensajeSalidaGateway>
