Starting the Java application using /opt/jboss/container/java/run/run-java.sh ...
INFO exec  java -Dquarkus.http.host=0.0.0.0 -XX:+UseParallelGC -XX:MinHeapFreeRatio=10 -XX:MaxHeapFreeRatio=20 -XX:GCTimeRatio=4 -XX:AdaptiveSizePolicyWeight=90 -XX:+ExitOnOutOfMemoryError -cp "." -jar /deployments/quarkus-run.jar  
__  ____  __  _____   ___  __ ____  ______ 
 --/ __ \/ / / / _ | / _ \/ //_/ / / / __/ 
 -/ /_/ / /_/ / __ |/ , _/ ,< / /_/ /\ \   
--\___\_\____/_/ |_/_/|_/_/|_|\____/___/   
2022-08-10 10:04:51.885  WARN rec-broadnet-175-szdwl --- [           main] i.q.a.r.AgroalConnectionConfigurer       : Agroal does not support detecting if a connection is still usable after an exception for database kind: other
2022-08-10 10:04:51.954  INFO rec-broadnet-175-szdwl --- [      agroal-11] c.b.m.r.c.FrameworkSecurityInitializer   : Iniciando consumo frameworkSecurityParams
2022-08-10 10:04:51.955  INFO rec-broadnet-175-szdwl --- [      agroal-11] c.b.m.r.c.FrameworkSecurityInitializer   : Iniciando consumo frameworkSecurityParams
2022-08-10 10:04:51.955  INFO rec-broadnet-175-szdwl --- [      agroal-11] c.b.m.r.s.w.SecurityFrameworkClient      : Inicia consumo Framework Seguridad
2022-08-10 10:04:53.443  INFO rec-broadnet-175-szdwl --- [           main] i.quarkus                                : rec-broadnet 1.0.0 on JVM (powered by Quarkus 2.9.0.Final) started in 3.888s. Listening on: http://0.0.0.0:8080
2022-08-10 10:04:53.444  INFO rec-broadnet-175-szdwl --- [           main] i.quarkus                                : Profile prod activated. 
2022-08-10 10:04:53.444  INFO rec-broadnet-175-szdwl --- [           main] i.quarkus                                : Installed features: [agroal, cdi, cxf, narayana-jta, resteasy-jackson, smallrye-context-propagation, vertx]
2022-08-10 10:04:55.955  INFO rec-broadnet-175-szdwl --- [      agroal-11] c.b.m.r.s.w.SecurityFrameworkClient      : Se cargar propiedades del framework de seguridad.
2022-08-10 10:04:55.969  INFO rec-broadnet-175-szdwl --- [      agroal-11] c.b.m.r.s.w.SecurityFrameworkClient      : nombrePropiedad: CNB_spring.sybase.datasource.password
2022-08-10 10:04:55.970  INFO rec-broadnet-175-szdwl --- [      agroal-11] c.b.m.r.s.w.SecurityFrameworkClient      : atributo: ClvOpeRec++1
2022-08-10 10:04:55.970  INFO rec-broadnet-175-szdwl --- [      agroal-11] c.b.m.r.s.w.SecurityFrameworkClient      : nombrePropiedad: CNB_spring.sybase.datasource.username
2022-08-10 10:04:55.970  INFO rec-broadnet-175-szdwl --- [      agroal-11] c.b.m.r.s.w.SecurityFrameworkClient      : atributo: operadorRec
2022-08-10 10:04:55.971  INFO rec-broadnet-175-szdwl --- [      agroal-11] c.b.m.r.s.w.SecurityFrameworkClient      : nombrePropiedad: CodError
2022-08-10 10:04:55.971  INFO rec-broadnet-175-szdwl --- [      agroal-11] c.b.m.r.s.w.SecurityFrameworkClient      : atributo: 0
2022-08-10 10:04:55.971  INFO rec-broadnet-175-szdwl --- [      agroal-11] c.b.m.r.s.w.SecurityFrameworkClient      : nombrePropiedad: Contrasena
2022-08-10 10:04:55.971  INFO rec-broadnet-175-szdwl --- [      agroal-11] c.b.m.r.s.w.SecurityFrameworkClient      : atributo: TNC1234!
2022-08-10 10:04:55.971  INFO rec-broadnet-175-szdwl --- [      agroal-11] c.b.m.r.s.w.SecurityFrameworkClient      : nombrePropiedad: MP_quarkus.sybase.datasource.password
2022-08-10 10:04:55.972  INFO rec-broadnet-175-szdwl --- [      agroal-11] c.b.m.r.s.w.SecurityFrameworkClient      : atributo: Popeago+28
2022-08-10 10:04:55.972  INFO rec-broadnet-175-szdwl --- [      agroal-11] c.b.m.r.s.w.SecurityFrameworkClient      : nombrePropiedad: MP_quarkus.sybase.datasource.username
2022-08-10 10:04:55.972  INFO rec-broadnet-175-szdwl --- [      agroal-11] c.b.m.r.s.w.SecurityFrameworkClient      : atributo: operadorMdp
2022-08-10 10:04:55.972  INFO rec-broadnet-175-szdwl --- [      agroal-11] c.b.m.r.s.w.SecurityFrameworkClient      : nombrePropiedad: MsgError
2022-08-10 10:04:55.974  INFO rec-broadnet-175-szdwl --- [      agroal-11] c.b.m.r.s.w.SecurityFrameworkClient      : atributo: 
2022-08-10 10:04:55.974  INFO rec-broadnet-175-szdwl --- [      agroal-11] c.b.m.r.s.w.SecurityFrameworkClient      : nombrePropiedad: PS_IdUsuario
2022-08-10 10:04:55.974  INFO rec-broadnet-175-szdwl --- [      agroal-11] c.b.m.r.s.w.SecurityFrameworkClient      : atributo: apl_csp
2022-08-10 10:04:55.974  INFO rec-broadnet-175-szdwl --- [      agroal-11] c.b.m.r.s.w.SecurityFrameworkClient      : nombrePropiedad: PS_MaqSitio
2022-08-10 10:04:55.975  INFO rec-broadnet-175-szdwl --- [      agroal-11] c.b.m.r.s.w.SecurityFrameworkClient      : atributo: 10.0.94.21
2022-08-10 10:04:55.975  INFO rec-broadnet-175-szdwl --- [      agroal-11] c.b.m.r.s.w.SecurityFrameworkClient      : nombrePropiedad: PS_Maquina
2022-08-10 10:04:55.975  INFO rec-broadnet-175-szdwl --- [      agroal-11] c.b.m.r.s.w.SecurityFrameworkClient      : atributo: 10.0.94.21
2022-08-10 10:04:55.975  INFO rec-broadnet-175-szdwl --- [      agroal-11] c.b.m.r.s.w.SecurityFrameworkClient      : nombrePropiedad: PS_Token
2022-08-10 10:04:55.976  INFO rec-broadnet-175-szdwl --- [      agroal-11] c.b.m.r.s.w.SecurityFrameworkClient      : atributo: 80108010102022040854801080105404
2022-08-10 10:04:55.976  INFO rec-broadnet-175-szdwl --- [      agroal-11] c.b.m.r.s.w.SecurityFrameworkClient      : nombrePropiedad: PS_TokenSitio
2022-08-10 10:04:55.976  INFO rec-broadnet-175-szdwl --- [      agroal-11] c.b.m.r.s.w.SecurityFrameworkClient      : atributo: 80108010102022040854801080105404
2022-08-10 10:04:55.976  INFO rec-broadnet-175-szdwl --- [      agroal-11] c.b.m.r.s.w.SecurityFrameworkClient      : nombrePropiedad: PS_UsrSitio
2022-08-10 10:04:55.976  INFO rec-broadnet-175-szdwl --- [      agroal-11] c.b.m.r.s.w.SecurityFrameworkClient      : atributo: apl_csp
2022-08-10 10:04:55.977  INFO rec-broadnet-175-szdwl --- [      agroal-11] c.b.m.r.s.w.SecurityFrameworkClient      : nombrePropiedad: RECM_pass_sybase
2022-08-10 10:04:55.977  INFO rec-broadnet-175-szdwl --- [      agroal-11] c.b.m.r.s.w.SecurityFrameworkClient      : atributo: Ndis+2020q
2022-08-10 10:04:55.977  INFO rec-broadnet-175-szdwl --- [      agroal-11] c.b.m.r.s.w.SecurityFrameworkClient      : nombrePropiedad: RECM_user_sybase
2022-08-10 10:04:55.977  INFO rec-broadnet-175-szdwl --- [      agroal-11] c.b.m.r.s.w.SecurityFrameworkClient      : atributo: msilvag
2022-08-10 10:04:55.977  INFO rec-broadnet-175-szdwl --- [      agroal-11] c.b.m.r.s.w.SecurityFrameworkClient      : nombrePropiedad: cCodigoEmpresa
2022-08-10 10:04:55.978  INFO rec-broadnet-175-szdwl --- [      agroal-11] c.b.m.r.s.w.SecurityFrameworkClient      : atributo: 000515
2022-08-10 10:04:55.978  INFO rec-broadnet-175-szdwl --- [      agroal-11] c.b.m.r.s.w.SecurityFrameworkClient      : nombrePropiedad: cUsuario
2022-08-10 10:04:55.978  INFO rec-broadnet-175-szdwl --- [      agroal-11] c.b.m.r.s.w.SecurityFrameworkClient      : atributo: CAJABOLI
2022-08-10 10:04:55.978  INFO rec-broadnet-175-szdwl --- [      agroal-11] c.b.m.r.s.w.SecurityFrameworkClient      : nombrePropiedad: canal
2022-08-10 10:04:55.978  INFO rec-broadnet-175-szdwl --- [      agroal-11] c.b.m.r.s.w.SecurityFrameworkClient      : atributo: BOLIBARIANO1
2022-08-10 10:04:55.979  INFO rec-broadnet-175-szdwl --- [      agroal-11] c.b.m.r.s.w.SecurityFrameworkClient      : nombrePropiedad: clave
2022-08-10 10:04:55.979  INFO rec-broadnet-175-szdwl --- [      agroal-11] c.b.m.r.s.w.SecurityFrameworkClient      : atributo: TstBoliv*.1772
2022-08-10 10:04:55.979  INFO rec-broadnet-175-szdwl --- [      agroal-11] c.b.m.r.s.w.SecurityFrameworkClient      : nombrePropiedad: claveCvialco
2022-08-10 10:04:55.979  INFO rec-broadnet-175-szdwl --- [      agroal-11] c.b.m.r.s.w.SecurityFrameworkClient      : atributo: TLPP*.BOLIVA-6599
2022-08-10 10:04:55.979  INFO rec-broadnet-175-szdwl --- [      agroal-11] c.b.m.r.s.w.SecurityFrameworkClient      : nombrePropiedad: claveMsc
2022-08-10 10:04:55.980  INFO rec-broadnet-175-szdwl --- [      agroal-11] c.b.m.r.s.w.SecurityFrameworkClient      : atributo: Temporal2020.
2022-08-10 10:04:55.980  INFO rec-broadnet-175-szdwl --- [      agroal-11] c.b.m.r.s.w.SecurityFrameworkClient      : nombrePropiedad: claveWebService
2022-08-10 10:04:55.980  INFO rec-broadnet-175-szdwl --- [      agroal-11] c.b.m.r.s.w.SecurityFrameworkClient      : atributo: BolTest2021
2022-08-10 10:04:55.980  INFO rec-broadnet-175-szdwl --- [      agroal-11] c.b.m.r.s.w.SecurityFrameworkClient      : nombrePropiedad: passLatinia
2022-08-10 10:04:55.980  INFO rec-broadnet-175-szdwl --- [      agroal-11] c.b.m.r.s.w.SecurityFrameworkClient      : atributo: latinia
2022-08-10 10:04:55.980  INFO rec-broadnet-175-szdwl --- [      agroal-11] c.b.m.r.s.w.SecurityFrameworkClient      : nombrePropiedad: passLatiniaNube
2022-08-10 10:04:55.981  INFO rec-broadnet-175-szdwl --- [      agroal-11] c.b.m.r.s.w.SecurityFrameworkClient      : atributo: latinia
2022-08-10 10:04:55.981  INFO rec-broadnet-175-szdwl --- [      agroal-11] c.b.m.r.s.w.SecurityFrameworkClient      : nombrePropiedad: password
2022-08-10 10:04:55.981  INFO rec-broadnet-175-szdwl --- [      agroal-11] c.b.m.r.s.w.SecurityFrameworkClient      : atributo: Bolivariano
2022-08-10 10:04:55.981  INFO rec-broadnet-175-szdwl --- [      agroal-11] c.b.m.r.s.w.SecurityFrameworkClient      : nombrePropiedad: userLatinia
2022-08-10 10:04:55.982  INFO rec-broadnet-175-szdwl --- [      agroal-11] c.b.m.r.s.w.SecurityFrameworkClient      : atributo: apl_act_clientes
2022-08-10 10:04:55.982  INFO rec-broadnet-175-szdwl --- [      agroal-11] c.b.m.r.s.w.SecurityFrameworkClient      : nombrePropiedad: userLatiniaNube
2022-08-10 10:04:55.982  INFO rec-broadnet-175-szdwl --- [      agroal-11] c.b.m.r.s.w.SecurityFrameworkClient      : atributo: wsubscribers
2022-08-10 10:04:55.982  INFO rec-broadnet-175-szdwl --- [      agroal-11] c.b.m.r.s.w.SecurityFrameworkClient      : nombrePropiedad: username
2022-08-10 10:04:55.983  INFO rec-broadnet-175-szdwl --- [      agroal-11] c.b.m.r.s.w.SecurityFrameworkClient      : atributo: Bolivarinao
2022-08-10 10:04:55.983  INFO rec-broadnet-175-szdwl --- [      agroal-11] c.b.m.r.s.w.SecurityFrameworkClient      : nombrePropiedad: usuario
2022-08-10 10:04:55.983  INFO rec-broadnet-175-szdwl --- [      agroal-11] c.b.m.r.s.w.SecurityFrameworkClient      : atributo: BOLIVARIANO
2022-08-10 10:04:55.983  INFO rec-broadnet-175-szdwl --- [      agroal-11] c.b.m.r.s.w.SecurityFrameworkClient      : nombrePropiedad: usuarioMsc
2022-08-10 10:04:55.983  INFO rec-broadnet-175-szdwl --- [      agroal-11] c.b.m.r.s.w.SecurityFrameworkClient      : atributo: bcobol
2022-08-10 10:04:55.984  INFO rec-broadnet-175-szdwl --- [      agroal-11] c.b.m.r.s.w.SecurityFrameworkClient      : nombrePropiedad: usuarioTVCable
2022-08-10 10:04:55.984  INFO rec-broadnet-175-szdwl --- [      agroal-11] c.b.m.r.s.w.SecurityFrameworkClient      : atributo: Bolivariano-prueba
2022-08-10 10:04:55.984  INFO rec-broadnet-175-szdwl --- [      agroal-11] c.b.m.r.s.w.SecurityFrameworkClient      : nombrePropiedad: usuarioWebService
2022-08-10 10:04:55.984  INFO rec-broadnet-175-szdwl --- [      agroal-11] c.b.m.r.s.w.SecurityFrameworkClient      : atributo: 113
2022-08-10 10:04:55.984  INFO rec-broadnet-175-szdwl --- [      agroal-11] c.b.m.r.s.w.SecurityFrameworkClient      : nombrePropiedad: usurioCvialco
2022-08-10 10:04:55.985  INFO rec-broadnet-175-szdwl --- [      agroal-11] c.b.m.r.s.w.SecurityFrameworkClient      : atributo: BOLIVARIANO
2022-08-10 10:04:55.985  INFO rec-broadnet-175-szdwl --- [      agroal-11] c.b.m.r.s.w.SecurityFrameworkClient      : Finaliza consumo Framework Seguridad
2022-08-10 10:26:31.947  INFO rec-broadnet-175-szdwl --- [pool-6-thread-1] c.b.m.r.m.MessageConsumer                : MensajeJMS --> 
  JMSMessage class: jms_text
  JMSType:          null
  JMSDeliveryMode:  2
  JMSDeliveryDelay: 0
  JMSDeliveryTime:  0
  JMSExpiration:    0
  JMSPriority:      4
  JMSMessageID:     ID:414d512043535042524b5f514d20202005d0d96203f3302a
  JMSTimestamp:     1660145190913
  JMSCorrelationID: dcc072c0b581
  JMSDestination:   queue:///MS_REC_BROADNET_REQ
  JMSReplyTo:       null
  JMSRedelivered:   false
    JMSXAppID: /deployments/quarkus-run.jar
    JMSXDeliveryCount: 1
    JMSXUserID: mqm         
    JMS_IBM_Character_Set: UTF-8
    JMS_IBM_Encoding: 273
    JMS_IBM_Format: MQSTR   
    JMS_IBM_MsgType: 8
    JMS_IBM_PutApplType: 28
    JMS_IBM_PutDate: 20220810
    JMS_IBM_PutTime: 15263067
{"tipoFlujo":"CONSULTA","mensajeEntradaConsultarDeuda":{"canal":"IBK","depuracion":"N","fecha":"2022 ...
2022-08-10 10:26:31.948  INFO rec-broadnet-175-szdwl --- [pool-6-thread-1] c.b.m.r.m.MessageConsumer                : Nuevo mensaje recibido en cola MS_REC_BROADNET_REQ
2022-08-10 10:26:31.949  INFO rec-broadnet-175-szdwl --- [pool-6-thread-1] c.b.m.r.m.MessageConsumer                : correlation ID --> dcc072c0b581
2022-08-10 10:26:31.949  INFO rec-broadnet-175-szdwl --- [pool-6-thread-1] c.b.m.r.m.MessageConsumer                : Mensaje --> {"tipoFlujo":"CONSULTA","mensajeEntradaConsultarDeuda":{"canal":"IBK","depuracion":"N","fecha":"2022-08-10T00:00:00","oficina":"0","secuencial":"37587403","servicio":{"codTipoServicio":"TELEFONIA_CELULAR","codigoConvenio":"19574","codigoEmpresa":"19574","codigoTipoBanca":"BP","codigoTipoIdentificador":"CELULAR","datosAdicionales":{"datoAdicional":[{"codigo":"e_prov_req","etiqueta":null,"editable":null,"formato":null,"listasSeleccion":null,"longitud":null,"mascara":null,"regexp":null,"tipo":null,"valor":"MS_REC_BROADNET_REQ","visible":null},{"codigo":"e_prov_resp","etiqueta":null,"editable":null,"formato":null,"listasSeleccion":null,"longitud":null,"mascara":null,"regexp":null,"tipo":null,"valor":"MS_REC_BROADNET_RESP","visible":null},{"codigo":"e_srv","etiqueta":null,"editable":null,"formato":null,"listasSeleccion":null,"longitud":null,"mascara":null,"regexp":null,"tipo":null,"valor":"BOLIVSRV","visible":null},{"codigo":"e_term","etiqueta":null,"editable":null,"formato":null,"listasSeleccion":null,"longitud":null,"mascara":null,"regexp":null,"tipo":null,"valor":"term24","visible":null},{"codigo":"e_rol","etiqueta":null,"editable":null,"formato":null,"listasSeleccion":null,"longitud":null,"mascara":null,"regexp":null,"tipo":null,"valor":"5","visible":null},{"codigo":"e_corr","etiqueta":null,"editable":null,"formato":null,"listasSeleccion":null,"longitud":null,"mascara":null,"regexp":null,"tipo":null,"valor":"N","visible":null},{"codigo":"e_ssn_corr","etiqueta":null,"editable":null,"formato":null,"listasSeleccion":null,"longitud":null,"mascara":null,"regexp":null,"tipo":null,"valor":"0","visible":null},{"codigo":"e_mon","etiqueta":null,"editable":null,"formato":null,"listasSeleccion":null,"longitud":null,"mascara":null,"regexp":null,"tipo":null,"valor":"1","visible":null},{"codigo":"e_servicio","etiqueta":null,"editable":null,"formato":null,"listasSeleccion":null,"longitud":null,"mascara":null,"regexp":null,"tipo":null,"valor":"","visible":null},{"codigo":"e_identificacion","etiqueta":null,"editable":null,"formato":null,"listasSeleccion":null,"longitud":null,"mascara":null,"regexp":null,"tipo":null,"valor":"","visible":null},{"codigo":"e_efectivo","etiqueta":null,"editable":null,"formato":null,"listasSeleccion":null,"longitud":null,"mascara":null,"regexp":null,"tipo":null,"valor":"0","visible":null},{"codigo":"e_cheque","etiqueta":null,"editable":null,"formato":null,"listasSeleccion":null,"longitud":null,"mascara":null,"regexp":null,"tipo":null,"valor":"0","visible":null},{"codigo":"e_debito","etiqueta":null,"editable":null,"formato":null,"listasSeleccion":null,"longitud":null,"mascara":null,"regexp":null,"tipo":null,"valor":"0","visible":null},{"codigo":"e_tarjeta","etiqueta":null,"editable":null,"formato":null,"listasSeleccion":null,"longitud":null,"mascara":null,"regexp":null,"tipo":null,"valor":"0","visible":null},{"codigo":"e_comision_efe","etiqueta":null,"editable":null,"formato":null,"listasSeleccion":null,"longitud":null,"mascara":null,"regexp":null,"tipo":null,"valor":"0","visible":null},{"codigo":"e_comision_chq","etiqueta":null,"editable":null,"formato":null,"listasSeleccion":null,"longitud":null,"mascara":null,"regexp":null,"tipo":null,"valor":"0","visible":null},{"codigo":"e_comision_db","etiqueta":null,"editable":null,"formato":null,"listasSeleccion":null,"longitud":null,"mascara":null,"regexp":null,"tipo":null,"valor":"0","visible":null},{"codigo":"e_total","etiqueta":null,"editable":null,"formato":null,"listasSeleccion":null,"longitud":null,"mascara":null,"regexp":null,"tipo":null,"valor":"0","visible":null},{"codigo":"e_tipo_cta","etiqueta":null,"editable":null,"formato":null,"listasSeleccion":null,"longitud":null,"mascara":null,"regexp":null,"tipo":null,"valor":"0","visible":null},{"codigo":"e_cuenta","etiqueta":null,"editable":null,"formato":null,"listasSeleccion":null,"longitud":null,"mascara":null,"regexp":null,"tipo":null,"valor":"","visible":null},{"codigo":"e_autoriza","etiqueta":null,"editable":null,"formato":null,"listasSeleccion":null,"longitud":null,"mascara":null,"regexp":null,"tipo":null,"valor":"N","visible":null},{"codigo":"e_ubi","etiqueta":null,"editable":null,"formato":null,"listasSeleccion":null,"longitud":null,"mascara":null,"regexp":null,"tipo":null,"valor":"","visible":null},{"codigo":"e_opcion","etiqueta":null,"editable":null,"formato":null,"listasSeleccion":null,"longitud":null,"mascara":null,"regexp":null,"tipo":null,"valor":"C","visible":null},{"codigo":"e_reverso","etiqueta":null,"editable":null,"formato":null,"listasSeleccion":null,"longitud":null,"mascara":null,"regexp":null,"tipo":null,"valor":"","visible":null},{"codigo":"e_emp_nombre","etiqueta":null,"editable":null,"formato":null,"listasSeleccion":null,"longitud":null,"mascara":null,"regexp":null,"tipo":null,"valor":"","visible":null},{"codigo":"vp_s_fecha_contable","etiqueta":null,"editable":null,"formato":null,"listasSeleccion":null,"longitud":null,"mascara":null,"regexp":null,"tipo":null,"valor":"08/10/2022","visible":null},{"codigo":"vp_s_ssn","etiqueta":null,"editable":null,"formato":null,"listasSeleccion":null,"longitud":null,"mascara":null,"regexp":null,"tipo":null,"valor":"37587403","visible":null},{"codigo":"vp_s_comision","etiqueta":null,"editable":null,"formato":null,"listasSeleccion":null,"longitud":null,"mascara":null,"regexp":null,"tipo":null,"valor":"0","visible":null},{"codigo":"vp_s_tasa","etiqueta":null,"editable":null,"formato":null,"listasSeleccion":null,"longitud":null,"mascara":null,"regexp":null,"tipo":null,"valor":null,"visible":null},{"codigo":"vp_s_base_imp","etiqueta":null,"editable":null,"formato":null,"listasSeleccion":null,"longitud":null,"mascara":null,"regexp":null,"tipo":null,"valor":"0.35","visible":null},{"codigo":"vp_s_impuesto","etiqueta":null,"editable":null,"formato":null,"listasSeleccion":null,"longitud":null,"mascara":null,"regexp":null,"tipo":null,"valor":"0.0","visible":null},{"codigo":"vp_s_empresa","etiqueta":null,"editable":null,"formato":null,"listasSeleccion":null,"longitud":null,"mascara":null,"regexp":null,"tipo":null,"valor":"BROADNET S.A. (MOVISTAR)","visible":null},{"codigo":"vp_s_recaudacion","etiqueta":null,"editable":null,"formato":null,"listasSeleccion":null,"longitud":null,"mascara":null,"regexp":null,"tipo":null,"valor":"LINEA   ","visible":null},{"codigo":"vp_s_referencia1","etiqueta":null,"editable":null,"formato":null,"listasSeleccion":null,"longitud":null,"mascara":null,"regexp":null,"tipo":null,"valor":null,"visible":null},{"codigo":"vp_s_referencia2","etiqueta":null,"editable":null,"formato":null,"listasSeleccion":null,"longitud":null,"mascara":null,"regexp":null,"tipo":null,"valor":null,"visible":null},{"codigo":"vp_s_referencia3","etiqueta":null,"editable":null,"formato":null,"listasSeleccion":null,"longitud":null,"mascara":null,"regexp":null,"tipo":null,"valor":null,"visible":null},{"codigo":"e_prov_req","etiqueta":null,"editable":null,"formato":null,"listasSeleccion":null,"longitud":null,"mascara":null,"regexp":null,"tipo":null,"valor":"MS_REC_BROADNET_REQ","visible":null},{"codigo":"e_prov_resp","etiqueta":null,"editable":null,"formato":null,"listasSeleccion":null,"longitud":null,"mascara":null,"regexp":null,"tipo":null,"valor":"MS_REC_BROADNET_RESP","visible":null}]},"identificador":"0999999999"},"transaccion":"2057","usuario":"TcUPI1396206"}}
2022-08-10 10:26:31.953  INFO rec-broadnet-175-szdwl --- [pool-6-thread-1] c.b.m.r.s.ProcessorService               : Inicia transacci?n.
2022-08-10 10:26:31.954  INFO rec-broadnet-175-szdwl --- [pool-6-thread-1] c.b.m.r.s.ProcessorService               : Transformaci?n de mensaje de entrada.
2022-08-10 10:26:32.208  INFO rec-broadnet-175-szdwl --- [pool-6-thread-1] c.b.m.r.s.ProcessorService               : INICIA PROCESO CONSULTA
2022-08-10 10:26:32.211  INFO rec-broadnet-175-szdwl --- [pool-6-thread-1] c.b.m.r.s.BroadnetService                : Obtenci?n de valores adicionales.
2022-08-10 10:26:32.214  INFO rec-broadnet-175-szdwl --- [pool-6-thread-1] c.b.m.r.s.BroadnetService                : Consumo SP proceso catalogos.
2022-08-10 10:26:33.179  INFO rec-broadnet-175-szdwl --- [pool-6-thread-1] c.b.m.r.d.CatalogosDao                   : MENSAJE RECIBIDO >>>> TRANSACCION EXITOSA
2022-08-10 10:26:33.180  INFO rec-broadnet-175-szdwl --- [pool-6-thread-1] c.b.m.r.d.CatalogosDao                   : CIERRA CONEXION!
2022-08-10 10:26:33.180  INFO rec-broadnet-175-szdwl --- [pool-6-thread-1] c.b.m.r.s.BroadnetService                : CODIGO RESPUESTA: 0
2022-08-10 10:26:33.181  INFO rec-broadnet-175-szdwl --- [pool-6-thread-1] c.b.m.r.s.BroadnetService                : CATALOGOS RESPUESTA: 1
2022-08-10 10:26:33.182  INFO rec-broadnet-175-szdwl --- [pool-6-thread-1] c.b.m.r.s.BroadnetService                : CATALOGOS RESPUESTA VALOR: 1
2022-08-10 10:26:33.182  INFO rec-broadnet-175-szdwl --- [pool-6-thread-1] c.b.m.r.s.BroadnetService                : CATALOGOS RESPUESTA: 10
2022-08-10 10:26:33.182  INFO rec-broadnet-175-szdwl --- [pool-6-thread-1] c.b.m.r.s.BroadnetService                : CATALOGOS RESPUESTA VALOR: 10
2022-08-10 10:26:33.182  INFO rec-broadnet-175-szdwl --- [pool-6-thread-1] c.b.m.r.s.BroadnetService                : CATALOGOS RESPUESTA: 15
2022-08-10 10:26:33.183  INFO rec-broadnet-175-szdwl --- [pool-6-thread-1] c.b.m.r.s.BroadnetService                : CATALOGOS RESPUESTA VALOR: 15
2022-08-10 10:26:33.183  INFO rec-broadnet-175-szdwl --- [pool-6-thread-1] c.b.m.r.s.BroadnetService                : CATALOGOS RESPUESTA: 2
2022-08-10 10:26:33.183  INFO rec-broadnet-175-szdwl --- [pool-6-thread-1] c.b.m.r.s.BroadnetService                : CATALOGOS RESPUESTA VALOR: 2
2022-08-10 10:26:33.183  INFO rec-broadnet-175-szdwl --- [pool-6-thread-1] c.b.m.r.s.BroadnetService                : CATALOGOS RESPUESTA: 3
2022-08-10 10:26:33.183  INFO rec-broadnet-175-szdwl --- [pool-6-thread-1] c.b.m.r.s.BroadnetService                : CATALOGOS RESPUESTA VALOR: 3
2022-08-10 10:26:33.183  INFO rec-broadnet-175-szdwl --- [pool-6-thread-1] c.b.m.r.s.BroadnetService                : CATALOGOS RESPUESTA: 30
2022-08-10 10:26:33.184  INFO rec-broadnet-175-szdwl --- [pool-6-thread-1] c.b.m.r.s.BroadnetService                : CATALOGOS RESPUESTA VALOR: 30
2022-08-10 10:26:33.184  INFO rec-broadnet-175-szdwl --- [pool-6-thread-1] c.b.m.r.s.BroadnetService                : CATALOGOS RESPUESTA: 4
2022-08-10 10:26:33.184  INFO rec-broadnet-175-szdwl --- [pool-6-thread-1] c.b.m.r.s.BroadnetService                : CATALOGOS RESPUESTA VALOR: 4
2022-08-10 10:26:33.184  INFO rec-broadnet-175-szdwl --- [pool-6-thread-1] c.b.m.r.s.BroadnetService                : CATALOGOS RESPUESTA: 5
2022-08-10 10:26:33.184  INFO rec-broadnet-175-szdwl --- [pool-6-thread-1] c.b.m.r.s.BroadnetService                : CATALOGOS RESPUESTA VALOR: 5
2022-08-10 10:26:33.184  INFO rec-broadnet-175-szdwl --- [pool-6-thread-1] c.b.m.r.s.BroadnetService                : CATALOGOS RESPUESTA: 8
2022-08-10 10:26:33.185  INFO rec-broadnet-175-szdwl --- [pool-6-thread-1] c.b.m.r.s.BroadnetService                : CATALOGOS RESPUESTA VALOR: 8
2022-08-10 10:26:33.185  INFO rec-broadnet-175-szdwl --- [pool-6-thread-1] c.b.m.r.s.BroadnetService                : Registros por catalogo:9
2022-08-10 10:26:33.186  INFO rec-broadnet-175-szdwl --- [pool-6-thread-1] c.b.m.r.s.ProcessorService               : Transformaci?n de mensaje de salida.
2022-08-10 10:26:33.222  INFO rec-broadnet-175-szdwl --- [pool-6-thread-1] c.b.m.r.m.MessageProducer                : ENVIANDO MENSAJE DE RESPUESTA A LA COLA : MS_REC_BROADNET_RESP
2022-08-10 10:26:33.222  INFO rec-broadnet-175-szdwl --- [pool-6-thread-1] c.b.m.r.m.MessageProducer                : MENSAJE: {"codigo":"0","mensajeUsuario":"CONSULTA EJECUTADO","estado":"OK","mensajeSalidaEjecutarPago":null,"mensajeSalidaConsultarDeuda":{"codigoError":"0","datosAdicionales":null,"fechaVencimiento":null,"formaPago":null,"formaPagoRecibos":null,"identificadorDeuda":null,"limiteMontoMaximo":null,"limiteMontoMinimo":null,"mensajeUsuario":"TRANSACCION EXITOSA","mensajeSistema":null,"montoMinimo":null,"montoTotal":null,"nombreCliente":null,"recibos":{"recibo":[{"comprobante":null,"concepto":"30905","cuota":null,"datosAdicionales":{"datoAdicional":[{"codigo":"1","etiqueta":null,"editable":null,"formato":null,"listasSeleccion":null,"longitud":null,"mascara":null,"regexp":null,"tipo":null,"valor":"COMBO 1","visible":null}]},"dato1":null,"dato2":null,"dividendo":null,"fecha":null,"formaPago":null,"identificador":null,"impuesto":null,"interes":null,"interesesPagados":null,"interesesPendientes":null,"numeroPredial":null,"pago":null,"referencia":null,"secuencia":null,"tipoProceso":null,"totalAPagar":null,"valor":null},{"comprobante":null,"concepto":"30905","cuota":null,"datosAdicionales":{"datoAdicional":[{"codigo":"10","etiqueta":null,"editable":null,"formato":null,"listasSeleccion":null,"longitud":null,"mascara":null,"regexp":null,"tipo":null,"valor":"COMBO 7","visible":null}]},"dato1":null,"dato2":null,"dividendo":null,"fecha":null,"formaPago":null,"identificador":null,"impuesto":null,"interes":null,"interesesPagados":null,"interesesPendientes":null,"numeroPredial":null,"pago":null,"referencia":null,"secuencia":null,"tipoProceso":null,"totalAPagar":null,"valor":null},{"comprobante":null,"concepto":"30905","cuota":null,"datosAdicionales":{"datoAdicional":[{"codigo":"15","etiqueta":null,"editable":null,"formato":null,"listasSeleccion":null,"longitud":null,"mascara":null,"regexp":null,"tipo":null,"valor":"COMBO 8","visible":null}]},"dato1":null,"dato2":null,"dividendo":null,"fecha":null,"formaPago":null,"identificador":null,"impuesto":null,"interes":null,"interesesPagados":null,"interesesPendientes":null,"numeroPredial":null,"pago":null,"referencia":null,"secuencia":null,"tipoProceso":null,"totalAPagar":null,"valor":null},{"comprobante":null,"concepto":"30905","cuota":null,"datosAdicionales":{"datoAdicional":[{"codigo":"2","etiqueta":null,"editable":null,"formato":null,"listasSeleccion":null,"longitud":null,"mascara":null,"regexp":null,"tipo":null,"valor":"COMBO 2","visible":null}]},"dato1":null,"dato2":null,"dividendo":null,"fecha":null,"formaPago":null,"identificador":null,"impuesto":null,"interes":null,"interesesPagados":null,"interesesPendientes":null,"numeroPredial":null,"pago":null,"referencia":null,"secuencia":null,"tipoProceso":null,"totalAPagar":null,"valor":null},{"comprobante":null,"concepto":"30905","cuota":null,"datosAdicionales":{"datoAdicional":[{"codigo":"3","etiqueta":null,"editable":null,"formato":null,"listasSeleccion":null,"longitud":null,"mascara":null,"regexp":null,"tipo":null,"valor":"COMBO 3","visible":null}]},"dato1":null,"dato2":null,"dividendo":null,"fecha":null,"formaPago":null,"identificador":null,"impuesto":null,"interes":null,"interesesPagados":null,"interesesPendientes":null,"numeroPredial":null,"pago":null,"referencia":null,"secuencia":null,"tipoProceso":null,"totalAPagar":null,"valor":null},{"comprobante":null,"concepto":"30905","cuota":null,"datosAdicionales":{"datoAdicional":[{"codigo":"30","etiqueta":null,"editable":null,"formato":null,"listasSeleccion":null,"longitud":null,"mascara":null,"regexp":null,"tipo":null,"valor":"COMBO 30","visible":null}]},"dato1":null,"dato2":null,"dividendo":null,"fecha":null,"formaPago":null,"identificador":null,"impuesto":null,"interes":null,"interesesPagados":null,"interesesPendientes":null,"numeroPredial":null,"pago":null,"referencia":null,"secuencia":null,"tipoProceso":null,"totalAPagar":null,"valor":null},{"comprobante":null,"concepto":"30905","cuota":null,"datosAdicionales":{"datoAdicional":[{"codigo":"4","etiqueta":null,"editable":null,"formato":null,"listasSeleccion":null,"longitud":null,"mascara":null,"regexp":null,"tipo":null,"valor":"COMBO 4","visible":null}]},"dato1":null,"dato2":null,"dividendo":null,"fecha":null,"formaPago":null,"identificador":null,"impuesto":null,"interes":null,"interesesPagados":null,"interesesPendientes":null,"numeroPredial":null,"pago":null,"referencia":null,"secuencia":null,"tipoProceso":null,"totalAPagar":null,"valor":null},{"comprobante":null,"concepto":"30905","cuota":null,"datosAdicionales":{"datoAdicional":[{"codigo":"5","etiqueta":null,"editable":null,"formato":null,"listasSeleccion":null,"longitud":null,"mascara":null,"regexp":null,"tipo":null,"valor":"COMBO 5","visible":null}]},"dato1":null,"dato2":null,"dividendo":null,"fecha":null,"formaPago":null,"identificador":null,"impuesto":null,"interes":null,"interesesPagados":null,"interesesPendientes":null,"numeroPredial":null,"pago":null,"referencia":null,"secuencia":null,"tipoProceso":null,"totalAPagar":null,"valor":null},{"comprobante":null,"concepto":"30905","cuota":null,"datosAdicionales":{"datoAdicional":[{"codigo":"8","etiqueta":null,"editable":null,"formato":null,"listasSeleccion":null,"longitud":null,"mascara":null,"regexp":null,"tipo":null,"valor":"COMBO 6","visible":null}]},"dato1":null,"dato2":null,"dividendo":null,"fecha":null,"formaPago":null,"identificador":null,"impuesto":null,"interes":null,"interesesPagados":null,"interesesPendientes":null,"numeroPredial":null,"pago":null,"referencia":null,"secuencia":null,"tipoProceso":null,"totalAPagar":null,"valor":null}]},"textoAyuda":null}}
2022-08-10 10:26:34.136  INFO rec-broadnet-175-szdwl --- [pool-6-thread-1] c.b.m.r.m.MessageProducer                : MensajeJMS : 
  JMSMessage class: jms_bytes
  JMSType:          null
  JMSDeliveryMode:  1
  JMSDeliveryDelay: 0
  JMSDeliveryTime:  0
  JMSExpiration:    50000
  JMSPriority:      4
  JMSMessageID:     dcc072c0b581
  JMSTimestamp:     8398693998484
  JMSCorrelationID: dcc072c0b581
  JMSDestination:   null
  JMSReplyTo:       null
  JMSRedelivered:   false
    JMS_IBM_Character_Set: 1208
7b22636f6469676f223a2230222c226d656e73616a655573756172696f223a22434f4e53554c5441
20454a4543555441444f222c2265737461646f223a224f4b222c226d656e73616a6553616c696461
456a6563757461725061676f223a6e756c6c2c226d656e73616a6553616c696461436f6e73756c74
61724465756461223a7b22636f6469676f4572726f72223a2230222c226461746f7341646963696f
6e616c6573223a6e756c6c2c22666563686156656e63696d69656e746f223a6e756c6c2c22666f72
6d615061676f223a6e756c6c2c22666f726d615061676f52656369626f73223a6e756c6c2c226964
656e746966696361646f724465756461223a6e756c6c2c226c696d6974654d6f6e746f4d6178696d
6f223a6e756c6c2c226c696d6974654d6f6e746f4d696e696d6f223a6e756c6c2c226d656e73616a
655573756172696f223a225452414e53414343494f4e20455849544f5341222c226d656e73616a65
53697374656d61223a6e756c6c2c226d6f6e746f4d696e696d6f223a6e756c6c2c226d6f6e746f54
...

2022-08-10 10:26:34.137  INFO rec-broadnet-175-szdwl --- [pool-6-thread-1] c.b.m.r.m.MessageProducer                : Mensaje : 
2022-08-10 10:26:34.137  INFO rec-broadnet-175-szdwl --- [pool-6-thread-1] c.b.m.r.m.MessageProducer                : CorrelationId : dcc072c0b581
2022-08-10 10:27:35.642  INFO rec-broadnet-175-szdwl --- [pool-6-thread-1] c.b.m.r.m.MessageConsumer                : MensajeJMS --> 
  JMSMessage class: jms_text
  JMSType:          null
  JMSDeliveryMode:  2
  JMSDeliveryDelay: 0
  JMSDeliveryTime:  0
  JMSExpiration:    0
  JMSPriority:      4
  JMSMessageID:     ID:414d512043535042524b5f514d20202005d0d962889a302a
  JMSTimestamp:     1660145254833
  JMSCorrelationID: c7f3e4b6d978
  JMSDestination:   queue:///MS_REC_BROADNET_REQ
  JMSReplyTo:       null
  JMSRedelivered:   false
    JMSXAppID: /deployments/quarkus-run.jar
    JMSXDeliveryCount: 1
    JMSXUserID: mqm         
    JMS_IBM_Character_Set: UTF-8
    JMS_IBM_Encoding: 273
    JMS_IBM_Format: MQSTR   
    JMS_IBM_MsgType: 8
    JMS_IBM_PutApplType: 28
    JMS_IBM_PutDate: 20220810
    JMS_IBM_PutTime: 15273430
{"tipoFlujo":"PAGO","mensajeEntradaEjecutarPago":{"canal":"IBK","cuenta":"5005070292","datosAdiciona ...
2022-08-10 10:27:35.643  INFO rec-broadnet-175-szdwl --- [pool-6-thread-1] c.b.m.r.m.MessageConsumer                : Nuevo mensaje recibido en cola MS_REC_BROADNET_REQ
2022-08-10 10:27:35.643  INFO rec-broadnet-175-szdwl --- [pool-6-thread-1] c.b.m.r.m.MessageConsumer                : correlation ID --> c7f3e4b6d978
2022-08-10 10:27:35.643  INFO rec-broadnet-175-szdwl --- [pool-6-thread-1] c.b.m.r.m.MessageConsumer                : Mensaje --> {"tipoFlujo":"PAGO","mensajeEntradaEjecutarPago":{"canal":"IBK","cuenta":"5005070292","datosAdicionales":null,"depuracion":null,"esquemaFirma":null,"fecha":"2022-08-10T00:00:00","fechaPago":"2022-08-10","moneda":"1","nombreCliente":null,"oficina":"0","recibos":null,"secuencial":"37651143","servicio":{"codTipoServicio":"TELEFONIA_CELULAR","codigoConvenio":"19574","codigoEmpresa":"19574","codigoTipoBanca":"BP","codigoTipoIdentificador":"CELULAR","datosAdicionales":{"datoAdicional":[{"codigo":"e_prov_req","etiqueta":null,"editable":null,"formato":null,"listasSeleccion":null,"longitud":null,"mascara":null,"regexp":null,"tipo":null,"valor":"MS_REC_BROADNET_REQ","visible":null},{"codigo":"e_prov_resp","etiqueta":null,"editable":null,"formato":null,"listasSeleccion":null,"longitud":null,"mascara":null,"regexp":null,"tipo":null,"valor":"MS_REC_BROADNET_RESP","visible":null},{"codigo":"e_tipo_proceso","etiqueta":null,"editable":null,"formato":null,"listasSeleccion":null,"longitud":null,"mascara":null,"regexp":null,"tipo":null,"valor":"M","visible":null},{"codigo":"e_tipo_ejecucion","etiqueta":null,"editable":null,"formato":null,"listasSeleccion":null,"longitud":null,"mascara":null,"regexp":null,"tipo":null,"valor":"BP","visible":null},{"codigo":"p_medio","etiqueta":null,"editable":null,"formato":null,"listasSeleccion":null,"longitud":null,"mascara":null,"regexp":null,"tipo":null,"valor":"12","visible":null},{"codigo":"p_terminal","etiqueta":null,"editable":null,"formato":null,"listasSeleccion":null,"longitud":null,"mascara":null,"regexp":null,"tipo":null,"valor":"term24","visible":null},{"codigo":"p_medio","etiqueta":null,"editable":null,"formato":null,"listasSeleccion":null,"longitud":null,"mascara":null,"regexp":null,"tipo":null,"valor":"12","visible":null},{"codigo":"p_branch_id","etiqueta":null,"editable":null,"formato":null,"listasSeleccion":null,"longitud":null,"mascara":null,"regexp":null,"tipo":null,"valor":"1","visible":null},{"codigo":"p_forma_pago","etiqueta":null,"editable":null,"formato":null,"listasSeleccion":null,"longitud":null,"mascara":null,"regexp":null,"tipo":null,"valor":"1","visible":null},{"codigo":"codAgencia","etiqueta":null,"editable":null,"formato":null,"listasSeleccion":null,"longitud":null,"mascara":null,"regexp":null,"tipo":null,"valor":"","visible":null},{"codigo":"codLocalidad","etiqueta":null,"editable":null,"formato":null,"listasSeleccion":null,"longitud":null,"mascara":null,"regexp":null,"tipo":null,"valor":"","visible":null},{"codigo":"category","etiqueta":null,"editable":null,"formato":null,"listasSeleccion":null,"longitud":null,"mascara":null,"regexp":null,"tipo":null,"valor":"C","visible":null},{"codigo":"documentType","etiqueta":null,"editable":null,"formato":null,"listasSeleccion":null,"longitud":null,"mascara":null,"regexp":null,"tipo":null,"valor":"CELULAR","visible":null},{"codigo":"documentID","etiqueta":null,"editable":null,"formato":null,"listasSeleccion":null,"longitud":null,"mascara":null,"regexp":null,"tipo":null,"valor":"0999999999","visible":null},{"codigo":"fullName","etiqueta":null,"editable":null,"formato":null,"listasSeleccion":null,"longitud":null,"mascara":null,"regexp":null,"tipo":null,"valor":"","visible":null},{"codigo":"e_srv","etiqueta":null,"editable":null,"formato":null,"listasSeleccion":null,"longitud":null,"mascara":null,"regexp":null,"tipo":null,"valor":"BOLIVSRV","visible":null},{"codigo":"e_term","etiqueta":null,"editable":null,"formato":null,"listasSeleccion":null,"longitud":null,"mascara":null,"regexp":null,"tipo":null,"valor":"term24","visible":null},{"codigo":"e_rol","etiqueta":null,"editable":null,"formato":null,"listasSeleccion":null,"longitud":null,"mascara":null,"regexp":null,"tipo":null,"valor":"5","visible":null},{"codigo":"e_corr","etiqueta":null,"editable":null,"formato":null,"listasSeleccion":null,"longitud":null,"mascara":null,"regexp":null,"tipo":null,"valor":"N","visible":null},{"codigo":"e_ssn_corr","etiqueta":null,"editable":null,"formato":null,"listasSeleccion":null,"longitud":null,"mascara":null,"regexp":null,"tipo":null,"valor":"0","visible":null},{"codigo":"e_mon","etiqueta":null,"editable":null,"formato":null,"listasSeleccion":null,"longitud":null,"mascara":null,"regexp":null,"tipo":null,"valor":"1","visible":null},{"codigo":"e_servicio","etiqueta":null,"editable":null,"formato":null,"listasSeleccion":null,"longitud":null,"mascara":null,"regexp":null,"tipo":null,"valor":"","visible":null},{"codigo":"e_identificacion","etiqueta":null,"editable":null,"formato":null,"listasSeleccion":null,"longitud":null,"mascara":null,"regexp":null,"tipo":null,"valor":"","visible":null},{"codigo":"e_debito","etiqueta":null,"editable":null,"formato":null,"listasSeleccion":null,"longitud":null,"mascara":null,"regexp":null,"tipo":null,"valor":"10.0","visible":null},{"codigo":"e_comision_db","etiqueta":null,"editable":null,"formato":null,"listasSeleccion":null,"longitud":null,"mascara":null,"regexp":null,"tipo":null,"valor":"0.0","visible":null},{"codigo":"e_efectivo","etiqueta":null,"editable":null,"formato":null,"listasSeleccion":null,"longitud":null,"mascara":null,"regexp":null,"tipo":null,"valor":"0","visible":null},{"codigo":"e_cheque","etiqueta":null,"editable":null,"formato":null,"listasSeleccion":null,"longitud":null,"mascara":null,"regexp":null,"tipo":null,"valor":"0","visible":null},{"codigo":"e_tarjeta","etiqueta":null,"editable":null,"formato":null,"listasSeleccion":null,"longitud":null,"mascara":null,"regexp":null,"tipo":null,"valor":"0","visible":null},{"codigo":"e_comision_efe","etiqueta":null,"editable":null,"formato":null,"listasSeleccion":null,"longitud":null,"mascara":null,"regexp":null,"tipo":null,"valor":"0","visible":null},{"codigo":"e_comision_chq","etiqueta":null,"editable":null,"formato":null,"listasSeleccion":null,"longitud":null,"mascara":null,"regexp":null,"tipo":null,"valor":"0","visible":null},{"codigo":"e_autoriza","etiqueta":null,"editable":null,"formato":null,"listasSeleccion":null,"longitud":null,"mascara":null,"regexp":null,"tipo":null,"valor":"N","visible":null},{"codigo":"e_ubi","etiqueta":null,"editable":null,"formato":null,"listasSeleccion":null,"longitud":null,"mascara":null,"regexp":null,"tipo":null,"valor":"","visible":null},{"codigo":"e_opcion","etiqueta":null,"editable":null,"formato":null,"listasSeleccion":null,"longitud":null,"mascara":null,"regexp":null,"tipo":null,"valor":"P","visible":null},{"codigo":"e_reverso","etiqueta":null,"editable":null,"formato":null,"listasSeleccion":null,"longitud":null,"mascara":null,"regexp":null,"tipo":null,"valor":"","visible":null},{"codigo":"e_emp_nombre","etiqueta":null,"editable":null,"formato":null,"listasSeleccion":null,"longitud":null,"mascara":null,"regexp":null,"tipo":null,"valor":"","visible":null},{"codigo":"e_ruc_cliente","etiqueta":null,"editable":null,"formato":null,"listasSeleccion":null,"longitud":null,"mascara":null,"regexp":null,"tipo":null,"valor":"","visible":null},{"codigo":"e_cant_cheques","etiqueta":null,"editable":null,"formato":null,"listasSeleccion":null,"longitud":null,"mascara":null,"regexp":null,"tipo":null,"valor":"0","visible":null},{"codigo":"e_nombre_cta","etiqueta":null,"editable":null,"formato":null,"listasSeleccion":null,"longitud":null,"mascara":null,"regexp":null,"tipo":null,"valor":"","visible":null},{"codigo":"e_cod_referencia","etiqueta":null,"editable":null,"formato":null,"listasSeleccion":null,"longitud":null,"mascara":null,"regexp":null,"tipo":null,"valor":"","visible":null},{"codigo":"e_base_imponible","etiqueta":null,"editable":null,"formato":null,"listasSeleccion":null,"longitud":null,"mascara":null,"regexp":null,"tipo":null,"valor":"","visible":null},{"codigo":"e_factura","etiqueta":null,"editable":null,"formato":null,"listasSeleccion":null,"longitud":null,"mascara":null,"regexp":null,"tipo":null,"valor":"","visible":null},{"codigo":"e_cod_respuesta","etiqueta":null,"editable":null,"formato":null,"listasSeleccion":null,"longitud":null,"mascara":null,"regexp":null,"tipo":null,"valor":"","visible":null},{"codigo":"e_cod_grupo","etiqueta":null,"editable":null,"formato":null,"listasSeleccion":null,"longitud":null,"mascara":null,"regexp":null,"tipo":null,"valor":"","visible":null},{"codigo":"e_cod_grupo","etiqueta":null,"editable":null,"formato":null,"listasSeleccion":null,"longitud":null,"mascara":null,"regexp":null,"tipo":null,"valor":"","visible":null},{"codigo":"e_nomb_tramite","etiqueta":null,"editable":null,"formato":null,"listasSeleccion":null,"longitud":null,"mascara":null,"regexp":null,"tipo":null,"valor":"","visible":null},{"codigo":"e_pcodigo_operacion","etiqueta":null,"editable":null,"formato":null,"listasSeleccion":null,"longitud":null,"mascara":null,"regexp":null,"tipo":null,"valor":"","visible":null},{"codigo":"e_pcodigo_secuencia","etiqueta":null,"editable":null,"formato":null,"listasSeleccion":null,"longitud":null,"mascara":null,"regexp":null,"tipo":null,"valor":"","visible":null},{"codigo":"e_phoralocal","etiqueta":null,"editable":null,"formato":null,"listasSeleccion":null,"longitud":null,"mascara":null,"regexp":null,"tipo":null,"valor":"","visible":null},{"codigo":"e_cod_consultora","etiqueta":null,"editable":null,"formato":null,"listasSeleccion":null,"longitud":null,"mascara":null,"regexp":null,"tipo":null,"valor":"","visible":null},{"codigo":"vp_s_fecha_contable","etiqueta":null,"editable":null,"formato":null,"listasSeleccion":null,"longitud":null,"mascara":null,"regexp":null,"tipo":null,"valor":"08/10/2022","visible":null},{"codigo":"vp_s_ssn","etiqueta":null,"editable":null,"formato":null,"listasSeleccion":null,"longitud":null,"mascara":null,"regexp":null,"tipo":null,"valor":"37651143","visible":null},{"codigo":"vp_s_comision","etiqueta":null,"editable":null,"formato":null,"listasSeleccion":null,"longitud":null,"mascara":null,"regexp":null,"tipo":null,"valor":null,"visible":null},{"codigo":"vp_s_tasa","etiqueta":null,"editable":null,"formato":null,"listasSeleccion":null,"longitud":null,"mascara":null,"regexp":null,"tipo":null,"valor":null,"visible":null},{"codigo":"vp_s_base_imp","etiqueta":null,"editable":null,"formato":null,"listasSeleccion":null,"longitud":null,"mascara":null,"regexp":null,"tipo":null,"valor":null,"visible":null},{"codigo":"vp_s_impuesto","etiqueta":null,"editable":null,"formato":null,"listasSeleccion":null,"longitud":null,"mascara":null,"regexp":null,"tipo":null,"valor":null,"visible":null},{"codigo":"vp_s_empresa","etiqueta":null,"editable":null,"formato":null,"listasSeleccion":null,"longitud":null,"mascara":null,"regexp":null,"tipo":null,"valor":null,"visible":null},{"codigo":"vp_s_recaudacion","etiqueta":null,"editable":null,"formato":null,"listasSeleccion":null,"longitud":null,"mascara":null,"regexp":null,"tipo":null,"valor":null,"visible":null},{"codigo":"vp_s_referencia1","etiqueta":null,"editable":null,"formato":null,"listasSeleccion":null,"longitud":null,"mascara":null,"regexp":null,"tipo":null,"valor":null,"visible":null},{"codigo":"vp_s_referencia2","etiqueta":null,"editable":null,"formato":null,"listasSeleccion":null,"longitud":null,"mascara":null,"regexp":null,"tipo":null,"valor":null,"visible":null},{"codigo":"vp_s_referencia3","etiqueta":null,"editable":null,"formato":null,"listasSeleccion":null,"longitud":null,"mascara":null,"regexp":null,"tipo":null,"valor":null,"visible":null},{"codigo":"vp_s_fecha_contable","etiqueta":null,"editable":null,"formato":null,"listasSeleccion":null,"longitud":null,"mascara":null,"regexp":null,"tipo":null,"valor":"08/10/2022","visible":null},{"codigo":"vp_s_ssn","etiqueta":null,"editable":null,"formato":null,"listasSeleccion":null,"longitud":null,"mascara":null,"regexp":null,"tipo":null,"valor":"37651143","visible":null},{"codigo":"vp_s_comision","etiqueta":null,"editable":null,"formato":null,"listasSeleccion":null,"longitud":null,"mascara":null,"regexp":null,"tipo":null,"valor":null,"visible":null},{"codigo":"vp_s_tasa","etiqueta":null,"editable":null,"formato":null,"listasSeleccion":null,"longitud":null,"mascara":null,"regexp":null,"tipo":null,"valor":null,"visible":null},{"codigo":"vp_s_base_imp","etiqueta":null,"editable":null,"formato":null,"listasSeleccion":null,"longitud":null,"mascara":null,"regexp":null,"tipo":null,"valor":null,"visible":null},{"codigo":"vp_s_impuesto","etiqueta":null,"editable":null,"formato":null,"listasSeleccion":null,"longitud":null,"mascara":null,"regexp":null,"tipo":null,"valor":null,"visible":null},{"codigo":"vp_s_empresa","etiqueta":null,"editable":null,"formato":null,"listasSeleccion":null,"longitud":null,"mascara":null,"regexp":null,"tipo":null,"valor":null,"visible":null},{"codigo":"vp_s_recaudacion","etiqueta":null,"editable":null,"formato":null,"listasSeleccion":null,"longitud":null,"mascara":null,"regexp":null,"tipo":null,"valor":null,"visible":null},{"codigo":"vp_s_referencia1","etiqueta":null,"editable":null,"formato":null,"listasSeleccion":null,"longitud":null,"mascara":null,"regexp":null,"tipo":null,"valor":null,"visible":null},{"codigo":"vp_s_referencia2","etiqueta":null,"editable":null,"formato":null,"listasSeleccion":null,"longitud":null,"mascara":null,"regexp":null,"tipo":null,"valor":null,"visible":null},{"codigo":"vp_s_referencia3","etiqueta":null,"editable":null,"formato":null,"listasSeleccion":null,"longitud":null,"mascara":null,"regexp":null,"tipo":null,"valor":null,"visible":null},{"codigo":"rp_s_ssn","etiqueta":null,"editable":null,"formato":null,"listasSeleccion":null,"longitud":null,"mascara":null,"regexp":null,"tipo":null,"valor":"37651143","visible":null},{"codigo":"rp_s_horario","etiqueta":null,"editable":null,"formato":null,"listasSeleccion":null,"longitud":null,"mascara":null,"regexp":null,"tipo":null,"valor":"N","visible":null},{"codigo":"rp_s_tasa","etiqueta":null,"editable":null,"formato":null,"listasSeleccion":null,"longitud":null,"mascara":null,"regexp":null,"tipo":null,"valor":"0.0","visible":null},{"codigo":"rp_s_base_imp","etiqueta":null,"editable":null,"formato":null,"listasSeleccion":null,"longitud":null,"mascara":null,"regexp":null,"tipo":null,"valor":"0.0","visible":null},{"codigo":"rp_s_impuesto","etiqueta":null,"editable":null,"formato":null,"listasSeleccion":null,"longitud":null,"mascara":null,"regexp":null,"tipo":null,"valor":"0.0","visible":null},{"codigo":"rp_s_servicio_not","etiqueta":null,"editable":null,"formato":null,"listasSeleccion":null,"longitud":null,"mascara":null,"regexp":null,"tipo":null,"valor":"PAGSB","visible":null},{"codigo":"rp_s_nomb_ente","etiqueta":null,"editable":null,"formato":null,"listasSeleccion":null,"longitud":null,"mascara":null,"regexp":null,"tipo":null,"valor":"NOMBRE: 1396206","visible":null},{"codigo":"rp_s_cod_ente","etiqueta":null,"editable":null,"formato":null,"listasSeleccion":null,"longitud":null,"mascara":null,"regexp":null,"tipo":null,"valor":"1396206","visible":null},{"codigo":"rp_s_desccanal","etiqueta":null,"editable":null,"formato":null,"listasSeleccion":null,"longitud":null,"mascara":null,"regexp":null,"tipo":null,"valor":"24ONLINE","visible":null},{"codigo":"rp_s_celular","etiqueta":null,"editable":null,"formato":null,"listasSeleccion":null,"longitud":null,"mascara":null,"regexp":null,"tipo":null,"valor":"0991863698","visible":null},{"codigo":"rp_s_correo","etiqueta":null,"editable":null,"formato":null,"listasSeleccion":null,"longitud":null,"mascara":null,"regexp":null,"tipo":null,"valor":"crodriguez@bolivariano.com","visible":null},{"codigo":"rp_s_desc_empresa","etiqueta":null,"editable":null,"formato":null,"listasSeleccion":null,"longitud":null,"mascara":null,"regexp":null,"tipo":null,"valor":"MOVISTAR","visible":null},{"codigo":"rp_s_prod_deb","etiqueta":null,"editable":null,"formato":null,"listasSeleccion":null,"longitud":null,"mascara":null,"regexp":null,"tipo":null,"valor":"CTE","visible":null},{"codigo":"rp_s_valor","etiqueta":null,"editable":null,"formato":null,"listasSeleccion":null,"longitud":null,"mascara":null,"regexp":null,"tipo":null,"valor":"10.00","visible":null},{"codigo":"rp_s_fecha_deb","etiqueta":null,"editable":null,"formato":null,"listasSeleccion":null,"longitud":null,"mascara":null,"regexp":null,"tipo":null,"valor":"08/10/2022","visible":null},{"codigo":"rp_s_hora_deb","etiqueta":null,"editable":null,"formato":null,"listasSeleccion":null,"longitud":null,"mascara":null,"regexp":null,"tipo":null,"valor":"10:27:33","visible":null},{"codigo":"rp_s_valor_comi","etiqueta":null,"editable":null,"formato":null,"listasSeleccion":null,"longitud":null,"mascara":null,"regexp":null,"tipo":null,"valor":"0.00","visible":null},{"codigo":"rp_s_cta_lat","etiqueta":null,"editable":null,"formato":null,"listasSeleccion":null,"longitud":null,"mascara":null,"regexp":null,"tipo":null,"valor":"292","visible":null},{"codigo":"rp_s_tipo_serv","etiqueta":null,"editable":null,"formato":null,"listasSeleccion":null,"longitud":null,"mascara":null,"regexp":null,"tipo":null,"valor":"COMPRA PAQUETE","visible":null},{"codigo":"rp_s_fecha_contable","etiqueta":null,"editable":null,"formato":null,"listasSeleccion":null,"longitud":null,"mascara":null,"regexp":null,"tipo":null,"valor":"08/10/2022","visible":null}]},"identificador":"0999999999"},"tipoCuenta":"CTE","transaccion":"2056","usuario":"ope998","valorComision":0.0,"valorPago":10.0}}
2022-08-10 10:27:35.644  INFO rec-broadnet-175-szdwl --- [pool-6-thread-1] c.b.m.r.s.ProcessorService               : Inicia transacci?n.
2022-08-10 10:27:35.644  INFO rec-broadnet-175-szdwl --- [pool-6-thread-1] c.b.m.r.s.ProcessorService               : Transformaci?n de mensaje de entrada.
2022-08-10 10:27:35.698  INFO rec-broadnet-175-szdwl --- [pool-6-thread-1] c.b.m.r.s.ProcessorService               : Inicia proceso pago
2022-08-10 10:27:35.699  INFO rec-broadnet-175-szdwl --- [pool-6-thread-1] c.b.m.r.s.BroadnetService                : INICIA Ejecutar Pago
2022-08-10 10:27:35.702  INFO rec-broadnet-175-szdwl --- [pool-6-thread-1] c.b.m.r.u.GeneralUtils                   : TIENE DATO ADICIONAL: vp_s_fecha_contable --> com.bolivariano.microservice.recbroadnet.domain.datoadicional.DatoAdicional@21c5016c
2022-08-10 10:27:35.830  INFO rec-broadnet-175-szdwl --- [pool-6-thread-1] c.b.m.r.s.BroadnetJPOS                   : MTI: 0200
2022-08-10 10:27:35.830  INFO rec-broadnet-175-szdwl --- [pool-6-thread-1] c.b.m.r.s.BroadnetJPOS                   : FIELD_2: 827828
2022-08-10 10:27:35.831  INFO rec-broadnet-175-szdwl --- [pool-6-thread-1] c.b.m.r.s.BroadnetJPOS                   : FIELD_3: 282000
2022-08-10 10:27:35.832  INFO rec-broadnet-175-szdwl --- [pool-6-thread-1] c.b.m.r.s.BroadnetJPOS                   : FIELD_4: 000000001000
2022-08-10 10:27:35.833  INFO rec-broadnet-175-szdwl --- [pool-6-thread-1] c.b.m.r.s.BroadnetJPOS                   : FIELD_11: 651143
2022-08-10 10:27:35.834  INFO rec-broadnet-175-szdwl --- [pool-6-thread-1] c.b.m.r.s.BroadnetJPOS                   : FIELD_12: 102735
2022-08-10 10:27:35.834  INFO rec-broadnet-175-szdwl --- [pool-6-thread-1] c.b.m.r.s.BroadnetJPOS                   : FIELD_13: 0810
2022-08-10 10:27:35.835  INFO rec-broadnet-175-szdwl --- [pool-6-thread-1] c.b.m.r.s.BroadnetJPOS                   : FIELD_22: 012
2022-08-10 10:27:35.835  INFO rec-broadnet-175-szdwl --- [pool-6-thread-1] c.b.m.r.s.BroadnetJPOS                   : FIELD_24: 026
2022-08-10 10:27:35.836  INFO rec-broadnet-175-szdwl --- [pool-6-thread-1] c.b.m.r.s.BroadnetJPOS                   : FIELD_25: 00
2022-08-10 10:27:35.836  INFO rec-broadnet-175-szdwl --- [pool-6-thread-1] c.b.m.r.s.BroadnetJPOS                   : FIELD_38: 651143
2022-08-10 10:27:35.837  INFO rec-broadnet-175-szdwl --- [pool-6-thread-1] c.b.m.r.s.BroadnetJPOS                   : FIELD_41: ATM00001
2022-08-10 10:27:35.837  INFO rec-broadnet-175-szdwl --- [pool-6-thread-1] c.b.m.r.s.BroadnetJPOS                   : FIELD_42: 016010BBOL00001
2022-08-10 10:27:35.837  INFO rec-broadnet-175-szdwl --- [pool-6-thread-1] c.b.m.r.s.BroadnetJPOS                   : FIELD_112: 26150999999999          
2022-08-10 10:27:35.838  INFO rec-broadnet-175-szdwl --- [pool-6-thread-1] c.b.m.r.s.BroadnetJPOS                   : FIELD_114: 01
2022-08-10 10:27:35.838  INFO rec-broadnet-175-szdwl --- [pool-6-thread-1] c.b.m.r.s.BroadnetJPOS                   : FIELD_116: 00010001
2022-08-10 10:27:35.838  INFO rec-broadnet-175-szdwl --- [pool-6-thread-1] c.b.m.r.s.BroadnetJPOS                   : FIELD_118: 20220810
2022-08-10 10:27:40.944 ERROR rec-broadnet-175-szdwl --- [pool-6-thread-1] c.b.m.r.s.BroadnetService                : ERROR RECHARGE: Read timed out: java.net.SocketTimeoutException: Read timed out
	at java.base/java.net.SocketInputStream.socketRead0(Native Method)
	at java.base/java.net.SocketInputStream.socketRead(SocketInputStream.java:115)
	at java.base/java.net.SocketInputStream.read(SocketInputStream.java:168)
	at java.base/java.net.SocketInputStream.read(SocketInputStream.java:140)
	at java.base/java.io.BufferedInputStream.fill(BufferedInputStream.java:252)
	at java.base/java.io.BufferedInputStream.read1(BufferedInputStream.java:292)
	at java.base/java.io.BufferedInputStream.read(BufferedInputStream.java:351)
	at java.base/java.io.DataInputStream.readFully(DataInputStream.java:200)
	at org.jpos.iso.channel.NACChannel.getMessageLength(NACChannel.java:93)
	at org.jpos.iso.BaseChannel.receive(BaseChannel.java:714)
	at com.bolivariano.microservice.recbroadnet.service.BroadnetJPOS.recharge(BroadnetJPOS.java:252)
	at com.bolivariano.microservice.recbroadnet.service.BroadnetJPOS_ClientProxy.recharge(Unknown Source)
	at com.bolivariano.microservice.recbroadnet.service.BroadnetService.ejecutarPago(BroadnetService.java:88)
	at com.bolivariano.microservice.recbroadnet.service.BroadnetService_ClientProxy.ejecutarPago(Unknown Source)
	at com.bolivariano.microservice.recbroadnet.service.ProcessorService.processMessage(ProcessorService.java:55)
	at com.bolivariano.microservice.recbroadnet.service.ProcessorService_ClientProxy.processMessage(Unknown Source)
	at com.bolivariano.microservice.recbroadnet.mq.MessageConsumer.run(MessageConsumer.java:71)
	at java.base/java.util.concurrent.Executors$RunnableAdapter.call(Executors.java:515)
	at java.base/java.util.concurrent.FutureTask.run(FutureTask.java:264)
	at java.base/java.util.concurrent.ThreadPoolExecutor.runWorker(ThreadPoolExecutor.java:1128)
	at java.base/java.util.concurrent.ThreadPoolExecutor$Worker.run(ThreadPoolExecutor.java:628)
	at java.base/java.lang.Thread.run(Thread.java:829)

: java.net.SocketTimeoutException: Read timed out
	at java.base/java.net.SocketInputStream.socketRead0(Native Method)
	at java.base/java.net.SocketInputStream.socketRead(SocketInputStream.java:115)
	at java.base/java.net.SocketInputStream.read(SocketInputStream.java:168)
	at java.base/java.net.SocketInputStream.read(SocketInputStream.java:140)
	at java.base/java.io.BufferedInputStream.fill(BufferedInputStream.java:252)
	at java.base/java.io.BufferedInputStream.read1(BufferedInputStream.java:292)
	at java.base/java.io.BufferedInputStream.read(BufferedInputStream.java:351)
	at java.base/java.io.DataInputStream.readFully(DataInputStream.java:200)
	at org.jpos.iso.channel.NACChannel.getMessageLength(NACChannel.java:93)
	at org.jpos.iso.BaseChannel.receive(BaseChannel.java:714)
	at com.bolivariano.microservice.recbroadnet.service.BroadnetJPOS.recharge(BroadnetJPOS.java:252)
	at com.bolivariano.microservice.recbroadnet.service.BroadnetJPOS_ClientProxy.recharge(Unknown Source)
	at com.bolivariano.microservice.recbroadnet.service.BroadnetService.ejecutarPago(BroadnetService.java:88)
	at com.bolivariano.microservice.recbroadnet.service.BroadnetService_ClientProxy.ejecutarPago(Unknown Source)
	at com.bolivariano.microservice.recbroadnet.service.ProcessorService.processMessage(ProcessorService.java:55)
	at com.bolivariano.microservice.recbroadnet.service.ProcessorService_ClientProxy.processMessage(Unknown Source)
	at com.bolivariano.microservice.recbroadnet.mq.MessageConsumer.run(MessageConsumer.java:71)
	at java.base/java.util.concurrent.Executors$RunnableAdapter.call(Executors.java:515)
	at java.base/java.util.concurrent.FutureTask.run(FutureTask.java:264)
	at java.base/java.util.concurrent.ThreadPoolExecutor.runWorker(ThreadPoolExecutor.java:1128)
	at java.base/java.util.concurrent.ThreadPoolExecutor$Worker.run(ThreadPoolExecutor.java:628)
	at java.base/java.lang.Thread.run(Thread.java:829)
2022-08-10 10:27:40.947  INFO rec-broadnet-175-szdwl --- [pool-6-thread-1] c.b.m.r.s.BroadnetService                : CODIGO ERROR ISO PARA HOMOLOGAR BROD_CONF
2022-08-10 10:27:40.948  INFO rec-broadnet-175-szdwl --- [pool-6-thread-1] c.b.m.r.s.BroadnetService                : MENSAJE ERROR ISO HOMOLOGADO null
2022-08-10 10:27:40.948  INFO rec-broadnet-175-szdwl --- [pool-6-thread-1] c.b.m.r.s.ProcessorService               : FINALIZA CONVERSION
2022-08-10 10:27:40.948  INFO rec-broadnet-175-szdwl --- [pool-6-thread-1] c.b.m.r.s.ProcessorService               : Transformaci?n de mensaje de salida.
2022-08-10 10:27:40.955  INFO rec-broadnet-175-szdwl --- [pool-6-thread-1] c.b.m.r.m.MessageProducer                : ENVIANDO MENSAJE DE RESPUESTA A LA COLA : MS_REC_BROADNET_RESP
2022-08-10 10:27:40.956  INFO rec-broadnet-175-szdwl --- [pool-6-thread-1] c.b.m.r.m.MessageProducer                : MENSAJE: {"codigo":"0","mensajeUsuario":"PROCESO EJECUTADO","estado":"OK","mensajeSalidaEjecutarPago":{"banderaOffline":null,"codigoError":"BROD_CONF","datosAdicionales":null,"fechaDebito":null,"fechaPago":null,"mensajeUsuario":"EJECUTAR REVERSO CON CONFIRMACION","mensajeSistema":"Read timed out","montoTotal":null,"referencia":null},"mensajeSalidaConsultarDeuda":null}
2022-08-10 10:27:42.142  INFO rec-broadnet-175-szdwl --- [pool-6-thread-1] c.b.m.r.m.MessageProducer                : MensajeJMS : 
  JMSMessage class: jms_bytes
  JMSType:          null
  JMSDeliveryMode:  1
  JMSDeliveryDelay: 0
  JMSDeliveryTime:  0
  JMSExpiration:    50000
  JMSPriority:      4
  JMSMessageID:     c7f3e4b6d978
  JMSTimestamp:     8466699766496
  JMSCorrelationID: c7f3e4b6d978
  JMSDestination:   null
  JMSReplyTo:       null
  JMSRedelivered:   false
    JMS_IBM_Character_Set: 1208
7b22636f6469676f223a2230222c226d656e73616a655573756172696f223a2250524f4345534f20
454a4543555441444f222c2265737461646f223a224f4b222c226d656e73616a6553616c69646145
6a6563757461725061676f223a7b2262616e646572614f66666c696e65223a6e756c6c2c22636f64
69676f4572726f72223a2242524f445f434f4e46222c226461746f7341646963696f6e616c657322
3a6e756c6c2c22666563686144656269746f223a6e756c6c2c2266656368615061676f223a6e756c
6c2c226d656e73616a655573756172696f223a22454a454355544152205245564552534f20434f4e
20434f4e4649524d4143494f4e222c226d656e73616a6553697374656d61223a2252656164207469
6d6564206f7574222c226d6f6e746f546f74616c223a6e756c6c2c227265666572656e636961223a
6e756c6c7d2c226d656e73616a6553616c696461436f6e73756c7461724465756461223a6e756c6c
7d

2022-08-10 10:27:42.143  INFO rec-broadnet-175-szdwl --- [pool-6-thread-1] c.b.m.r.m.MessageProducer                : Mensaje : 
2022-08-10 10:27:42.143  INFO rec-broadnet-175-szdwl --- [pool-6-thread-1] c.b.m.r.m.MessageProducer                : CorrelationId : c7f3e4b6d978
2022-08-10 10:27:55.823  INFO rec-broadnet-175-szdwl --- [pool-6-thread-1] c.b.m.r.m.MessageConsumer                : MensajeJMS --> 
  JMSMessage class: jms_text
  JMSType:          null
  JMSDeliveryMode:  2
  JMSDeliveryDelay: 0
  JMSDeliveryTime:  0
  JMSExpiration:    0
  JMSPriority:      4
  JMSMessageID:     ID:414d512043535042524b5f514d20202005d0d962e971302a
  JMSTimestamp:     1660145274878
  JMSCorrelationID: ID:414d512043535042524b5f514d20202005d0d962071f312a
  JMSDestination:   queue:///MS_REC_BROADNET_REQ
  JMSReplyTo:       null
  JMSRedelivered:   false
    JMSXAppID: /deployments/quarkus-run.jar
    JMSXDeliveryCount: 1
    JMSXUserID: mqm         
    JMS_IBM_Character_Set: UTF-8
    JMS_IBM_Encoding: 273
    JMS_IBM_Format: MQSTR   
    JMS_IBM_MsgType: 8
    JMS_IBM_PutApplType: 28
    JMS_IBM_PutDate: 20220810
    JMS_IBM_PutTime: 15275435
{"tipoFlujo":"REVERSO","mensajeEntradaEjecutarReverso":{"canal":"IBK","cuenta":"5005070292","datosAd ...
2022-08-10 10:27:55.823  INFO rec-broadnet-175-szdwl --- [pool-6-thread-1] c.b.m.r.m.MessageConsumer                : Nuevo mensaje recibido en cola MS_REC_BROADNET_REQ
2022-08-10 10:27:55.824  INFO rec-broadnet-175-szdwl --- [pool-6-thread-1] c.b.m.r.m.MessageConsumer                : correlation ID --> ID:414d512043535042524b5f514d20202005d0d962071f312a
2022-08-10 10:27:55.824  INFO rec-broadnet-175-szdwl --- [pool-6-thread-1] c.b.m.r.m.MessageConsumer                : Mensaje --> {"tipoFlujo":"REVERSO","mensajeEntradaEjecutarReverso":{"canal":"IBK","cuenta":"5005070292","datosAdicionales":null,"depuracion":null,"esquemaFirma":null,"fechaPago":"2022-08-10","moneda":"1","nombreCliente":null,"oficina":"0","recibos":null,"secuencial":"37671813","servicio":{"codTipoServicio":"TELEFONIA_CELULAR","codigoConvenio":"19574","codigoEmpresa":"19574","codigoTipoBanca":"BP","codigoTipoIdentificador":"CELULAR","datosAdicionales":{"datoAdicional":[{"codigo":"e_prov_req","etiqueta":null,"editable":null,"formato":null,"listasSeleccion":null,"longitud":null,"mascara":null,"regexp":null,"tipo":null,"valor":"MS_REC_BROADNET_REQ","visible":null},{"codigo":"e_prov_resp","etiqueta":null,"editable":null,"formato":null,"listasSeleccion":null,"longitud":null,"mascara":null,"regexp":null,"tipo":null,"valor":"MS_REC_BROADNET_RESP","visible":null},{"codigo":"e_tipo_proceso","etiqueta":null,"editable":null,"formato":null,"listasSeleccion":null,"longitud":null,"mascara":null,"regexp":null,"tipo":null,"valor":"M","visible":null},{"codigo":"e_tipo_ejecucion","etiqueta":null,"editable":null,"formato":null,"listasSeleccion":null,"longitud":null,"mascara":null,"regexp":null,"tipo":null,"valor":"BP","visible":null},{"codigo":"p_medio","etiqueta":null,"editable":null,"formato":null,"listasSeleccion":null,"longitud":null,"mascara":null,"regexp":null,"tipo":null,"valor":"12","visible":null},{"codigo":"p_terminal","etiqueta":null,"editable":null,"formato":null,"listasSeleccion":null,"longitud":null,"mascara":null,"regexp":null,"tipo":null,"valor":"term24","visible":null},{"codigo":"p_medio","etiqueta":null,"editable":null,"formato":null,"listasSeleccion":null,"longitud":null,"mascara":null,"regexp":null,"tipo":null,"valor":"12","visible":null},{"codigo":"p_branch_id","etiqueta":null,"editable":null,"formato":null,"listasSeleccion":null,"longitud":null,"mascara":null,"regexp":null,"tipo":null,"valor":"1","visible":null},{"codigo":"p_forma_pago","etiqueta":null,"editable":null,"formato":null,"listasSeleccion":null,"longitud":null,"mascara":null,"regexp":null,"tipo":null,"valor":"1","visible":null},{"codigo":"codAgencia","etiqueta":null,"editable":null,"formato":null,"listasSeleccion":null,"longitud":null,"mascara":null,"regexp":null,"tipo":null,"valor":"","visible":null},{"codigo":"codLocalidad","etiqueta":null,"editable":null,"formato":null,"listasSeleccion":null,"longitud":null,"mascara":null,"regexp":null,"tipo":null,"valor":"","visible":null},{"codigo":"category","etiqueta":null,"editable":null,"formato":null,"listasSeleccion":null,"longitud":null,"mascara":null,"regexp":null,"tipo":null,"valor":"C","visible":null},{"codigo":"documentType","etiqueta":null,"editable":null,"formato":null,"listasSeleccion":null,"longitud":null,"mascara":null,"regexp":null,"tipo":null,"valor":"CELULAR","visible":null},{"codigo":"documentID","etiqueta":null,"editable":null,"formato":null,"listasSeleccion":null,"longitud":null,"mascara":null,"regexp":null,"tipo":null,"valor":"0999999999","visible":null},{"codigo":"fullName","etiqueta":null,"editable":null,"formato":null,"listasSeleccion":null,"longitud":null,"mascara":null,"regexp":null,"tipo":null,"valor":"","visible":null},{"codigo":"e_srv","etiqueta":null,"editable":null,"formato":null,"listasSeleccion":null,"longitud":null,"mascara":null,"regexp":null,"tipo":null,"valor":"BOLIVSRV","visible":null},{"codigo":"e_term","etiqueta":null,"editable":null,"formato":null,"listasSeleccion":null,"longitud":null,"mascara":null,"regexp":null,"tipo":null,"valor":"term24","visible":null},{"codigo":"e_rol","etiqueta":null,"editable":null,"formato":null,"listasSeleccion":null,"longitud":null,"mascara":null,"regexp":null,"tipo":null,"valor":"5","visible":null},{"codigo":"e_corr","etiqueta":null,"editable":null,"formato":null,"listasSeleccion":null,"longitud":null,"mascara":null,"regexp":null,"tipo":null,"valor":"N","visible":null},{"codigo":"e_ssn_corr","etiqueta":null,"editable":null,"formato":null,"listasSeleccion":null,"longitud":null,"mascara":null,"regexp":null,"tipo":null,"valor":"0","visible":null},{"codigo":"e_mon","etiqueta":null,"editable":null,"formato":null,"listasSeleccion":null,"longitud":null,"mascara":null,"regexp":null,"tipo":null,"valor":"1","visible":null},{"codigo":"e_servicio","etiqueta":null,"editable":null,"formato":null,"listasSeleccion":null,"longitud":null,"mascara":null,"regexp":null,"tipo":null,"valor":"","visible":null},{"codigo":"e_identificacion","etiqueta":null,"editable":null,"formato":null,"listasSeleccion":null,"longitud":null,"mascara":null,"regexp":null,"tipo":null,"valor":"","visible":null},{"codigo":"e_debito","etiqueta":null,"editable":null,"formato":null,"listasSeleccion":null,"longitud":null,"mascara":null,"regexp":null,"tipo":null,"valor":"10.0","visible":null},{"codigo":"e_comision_db","etiqueta":null,"editable":null,"formato":null,"listasSeleccion":null,"longitud":null,"mascara":null,"regexp":null,"tipo":null,"valor":"0.0","visible":null},{"codigo":"e_efectivo","etiqueta":null,"editable":null,"formato":null,"listasSeleccion":null,"longitud":null,"mascara":null,"regexp":null,"tipo":null,"valor":"0","visible":null},{"codigo":"e_cheque","etiqueta":null,"editable":null,"formato":null,"listasSeleccion":null,"longitud":null,"mascara":null,"regexp":null,"tipo":null,"valor":"0","visible":null},{"codigo":"e_tarjeta","etiqueta":null,"editable":null,"formato":null,"listasSeleccion":null,"longitud":null,"mascara":null,"regexp":null,"tipo":null,"valor":"0","visible":null},{"codigo":"e_comision_efe","etiqueta":null,"editable":null,"formato":null,"listasSeleccion":null,"longitud":null,"mascara":null,"regexp":null,"tipo":null,"valor":"0","visible":null},{"codigo":"e_comision_chq","etiqueta":null,"editable":null,"formato":null,"listasSeleccion":null,"longitud":null,"mascara":null,"regexp":null,"tipo":null,"valor":"0","visible":null},{"codigo":"e_autoriza","etiqueta":null,"editable":null,"formato":null,"listasSeleccion":null,"longitud":null,"mascara":null,"regexp":null,"tipo":null,"valor":"N","visible":null},{"codigo":"e_ubi","etiqueta":null,"editable":null,"formato":null,"listasSeleccion":null,"longitud":null,"mascara":null,"regexp":null,"tipo":null,"valor":"","visible":null},{"codigo":"e_opcion","etiqueta":null,"editable":null,"formato":null,"listasSeleccion":null,"longitud":null,"mascara":null,"regexp":null,"tipo":null,"valor":"P","visible":null},{"codigo":"e_reverso","etiqueta":null,"editable":null,"formato":null,"listasSeleccion":null,"longitud":null,"mascara":null,"regexp":null,"tipo":null,"valor":"","visible":null},{"codigo":"e_emp_nombre","etiqueta":null,"editable":null,"formato":null,"listasSeleccion":null,"longitud":null,"mascara":null,"regexp":null,"tipo":null,"valor":"","visible":null},{"codigo":"e_ruc_cliente","etiqueta":null,"editable":null,"formato":null,"listasSeleccion":null,"longitud":null,"mascara":null,"regexp":null,"tipo":null,"valor":"","visible":null},{"codigo":"e_cant_cheques","etiqueta":null,"editable":null,"formato":null,"listasSeleccion":null,"longitud":null,"mascara":null,"regexp":null,"tipo":null,"valor":"0","visible":null},{"codigo":"e_nombre_cta","etiqueta":null,"editable":null,"formato":null,"listasSeleccion":null,"longitud":null,"mascara":null,"regexp":null,"tipo":null,"valor":"","visible":null},{"codigo":"e_cod_referencia","etiqueta":null,"editable":null,"formato":null,"listasSeleccion":null,"longitud":null,"mascara":null,"regexp":null,"tipo":null,"valor":"","visible":null},{"codigo":"e_base_imponible","etiqueta":null,"editable":null,"formato":null,"listasSeleccion":null,"longitud":null,"mascara":null,"regexp":null,"tipo":null,"valor":"","visible":null},{"codigo":"e_factura","etiqueta":null,"editable":null,"formato":null,"listasSeleccion":null,"longitud":null,"mascara":null,"regexp":null,"tipo":null,"valor":"","visible":null},{"codigo":"e_cod_respuesta","etiqueta":null,"editable":null,"formato":null,"listasSeleccion":null,"longitud":null,"mascara":null,"regexp":null,"tipo":null,"valor":"","visible":null},{"codigo":"e_cod_grupo","etiqueta":null,"editable":null,"formato":null,"listasSeleccion":null,"longitud":null,"mascara":null,"regexp":null,"tipo":null,"valor":"","visible":null},{"codigo":"e_cod_grupo","etiqueta":null,"editable":null,"formato":null,"listasSeleccion":null,"longitud":null,"mascara":null,"regexp":null,"tipo":null,"valor":"","visible":null},{"codigo":"e_nomb_tramite","etiqueta":null,"editable":null,"formato":null,"listasSeleccion":null,"longitud":null,"mascara":null,"regexp":null,"tipo":null,"valor":"","visible":null},{"codigo":"e_pcodigo_operacion","etiqueta":null,"editable":null,"formato":null,"listasSeleccion":null,"longitud":null,"mascara":null,"regexp":null,"tipo":null,"valor":"","visible":null},{"codigo":"e_pcodigo_secuencia","etiqueta":null,"editable":null,"formato":null,"listasSeleccion":null,"longitud":null,"mascara":null,"regexp":null,"tipo":null,"valor":"","visible":null},{"codigo":"e_phoralocal","etiqueta":null,"editable":null,"formato":null,"listasSeleccion":null,"longitud":null,"mascara":null,"regexp":null,"tipo":null,"valor":"","visible":null},{"codigo":"e_cod_consultora","etiqueta":null,"editable":null,"formato":null,"listasSeleccion":null,"longitud":null,"mascara":null,"regexp":null,"tipo":null,"valor":"","visible":null},{"codigo":"vp_s_fecha_contable","etiqueta":null,"editable":null,"formato":null,"listasSeleccion":null,"longitud":null,"mascara":null,"regexp":null,"tipo":null,"valor":"08/10/2022","visible":null},{"codigo":"vp_s_ssn","etiqueta":null,"editable":null,"formato":null,"listasSeleccion":null,"longitud":null,"mascara":null,"regexp":null,"tipo":null,"valor":"37651143","visible":null},{"codigo":"vp_s_comision","etiqueta":null,"editable":null,"formato":null,"listasSeleccion":null,"longitud":null,"mascara":null,"regexp":null,"tipo":null,"valor":null,"visible":null},{"codigo":"vp_s_tasa","etiqueta":null,"editable":null,"formato":null,"listasSeleccion":null,"longitud":null,"mascara":null,"regexp":null,"tipo":null,"valor":null,"visible":null},{"codigo":"vp_s_base_imp","etiqueta":null,"editable":null,"formato":null,"listasSeleccion":null,"longitud":null,"mascara":null,"regexp":null,"tipo":null,"valor":null,"visible":null},{"codigo":"vp_s_impuesto","etiqueta":null,"editable":null,"formato":null,"listasSeleccion":null,"longitud":null,"mascara":null,"regexp":null,"tipo":null,"valor":null,"visible":null},{"codigo":"vp_s_empresa","etiqueta":null,"editable":null,"formato":null,"listasSeleccion":null,"longitud":null,"mascara":null,"regexp":null,"tipo":null,"valor":null,"visible":null},{"codigo":"vp_s_recaudacion","etiqueta":null,"editable":null,"formato":null,"listasSeleccion":null,"longitud":null,"mascara":null,"regexp":null,"tipo":null,"valor":null,"visible":null},{"codigo":"vp_s_referencia1","etiqueta":null,"editable":null,"formato":null,"listasSeleccion":null,"longitud":null,"mascara":null,"regexp":null,"tipo":null,"valor":null,"visible":null},{"codigo":"vp_s_referencia2","etiqueta":null,"editable":null,"formato":null,"listasSeleccion":null,"longitud":null,"mascara":null,"regexp":null,"tipo":null,"valor":null,"visible":null},{"codigo":"vp_s_referencia3","etiqueta":null,"editable":null,"formato":null,"listasSeleccion":null,"longitud":null,"mascara":null,"regexp":null,"tipo":null,"valor":null,"visible":null},{"codigo":"vp_s_fecha_contable","etiqueta":null,"editable":null,"formato":null,"listasSeleccion":null,"longitud":null,"mascara":null,"regexp":null,"tipo":null,"valor":"08/10/2022","visible":null},{"codigo":"vp_s_ssn","etiqueta":null,"editable":null,"formato":null,"listasSeleccion":null,"longitud":null,"mascara":null,"regexp":null,"tipo":null,"valor":"37651143","visible":null},{"codigo":"vp_s_comision","etiqueta":null,"editable":null,"formato":null,"listasSeleccion":null,"longitud":null,"mascara":null,"regexp":null,"tipo":null,"valor":null,"visible":null},{"codigo":"vp_s_tasa","etiqueta":null,"editable":null,"formato":null,"listasSeleccion":null,"longitud":null,"mascara":null,"regexp":null,"tipo":null,"valor":null,"visible":null},{"codigo":"vp_s_base_imp","etiqueta":null,"editable":null,"formato":null,"listasSeleccion":null,"longitud":null,"mascara":null,"regexp":null,"tipo":null,"valor":null,"visible":null},{"codigo":"vp_s_impuesto","etiqueta":null,"editable":null,"formato":null,"listasSeleccion":null,"longitud":null,"mascara":null,"regexp":null,"tipo":null,"valor":null,"visible":null},{"codigo":"vp_s_empresa","etiqueta":null,"editable":null,"formato":null,"listasSeleccion":null,"longitud":null,"mascara":null,"regexp":null,"tipo":null,"valor":null,"visible":null},{"codigo":"vp_s_recaudacion","etiqueta":null,"editable":null,"formato":null,"listasSeleccion":null,"longitud":null,"mascara":null,"regexp":null,"tipo":null,"valor":null,"visible":null},{"codigo":"vp_s_referencia1","etiqueta":null,"editable":null,"formato":null,"listasSeleccion":null,"longitud":null,"mascara":null,"regexp":null,"tipo":null,"valor":null,"visible":null},{"codigo":"vp_s_referencia2","etiqueta":null,"editable":null,"formato":null,"listasSeleccion":null,"longitud":null,"mascara":null,"regexp":null,"tipo":null,"valor":null,"visible":null},{"codigo":"vp_s_referencia3","etiqueta":null,"editable":null,"formato":null,"listasSeleccion":null,"longitud":null,"mascara":null,"regexp":null,"tipo":null,"valor":null,"visible":null},{"codigo":"rp_s_ssn","etiqueta":null,"editable":null,"formato":null,"listasSeleccion":null,"longitud":null,"mascara":null,"regexp":null,"tipo":null,"valor":"37651143","visible":null},{"codigo":"rp_s_horario","etiqueta":null,"editable":null,"formato":null,"listasSeleccion":null,"longitud":null,"mascara":null,"regexp":null,"tipo":null,"valor":"N","visible":null},{"codigo":"rp_s_tasa","etiqueta":null,"editable":null,"formato":null,"listasSeleccion":null,"longitud":null,"mascara":null,"regexp":null,"tipo":null,"valor":"0.0","visible":null},{"codigo":"rp_s_base_imp","etiqueta":null,"editable":null,"formato":null,"listasSeleccion":null,"longitud":null,"mascara":null,"regexp":null,"tipo":null,"valor":"0.0","visible":null},{"codigo":"rp_s_impuesto","etiqueta":null,"editable":null,"formato":null,"listasSeleccion":null,"longitud":null,"mascara":null,"regexp":null,"tipo":null,"valor":"0.0","visible":null},{"codigo":"rp_s_servicio_not","etiqueta":null,"editable":null,"formato":null,"listasSeleccion":null,"longitud":null,"mascara":null,"regexp":null,"tipo":null,"valor":"PAGSB","visible":null},{"codigo":"rp_s_nomb_ente","etiqueta":null,"editable":null,"formato":null,"listasSeleccion":null,"longitud":null,"mascara":null,"regexp":null,"tipo":null,"valor":"NOMBRE: 1396206","visible":null},{"codigo":"rp_s_cod_ente","etiqueta":null,"editable":null,"formato":null,"listasSeleccion":null,"longitud":null,"mascara":null,"regexp":null,"tipo":null,"valor":"1396206","visible":null},{"codigo":"rp_s_desccanal","etiqueta":null,"editable":null,"formato":null,"listasSeleccion":null,"longitud":null,"mascara":null,"regexp":null,"tipo":null,"valor":"24ONLINE","visible":null},{"codigo":"rp_s_celular","etiqueta":null,"editable":null,"formato":null,"listasSeleccion":null,"longitud":null,"mascara":null,"regexp":null,"tipo":null,"valor":"0991863698","visible":null},{"codigo":"rp_s_correo","etiqueta":null,"editable":null,"formato":null,"listasSeleccion":null,"longitud":null,"mascara":null,"regexp":null,"tipo":null,"valor":"crodriguez@bolivariano.com","visible":null},{"codigo":"rp_s_desc_empresa","etiqueta":null,"editable":null,"formato":null,"listasSeleccion":null,"longitud":null,"mascara":null,"regexp":null,"tipo":null,"valor":"MOVISTAR","visible":null},{"codigo":"rp_s_prod_deb","etiqueta":null,"editable":null,"formato":null,"listasSeleccion":null,"longitud":null,"mascara":null,"regexp":null,"tipo":null,"valor":"CTE","visible":null},{"codigo":"rp_s_valor","etiqueta":null,"editable":null,"formato":null,"listasSeleccion":null,"longitud":null,"mascara":null,"regexp":null,"tipo":null,"valor":"10.00","visible":null},{"codigo":"rp_s_fecha_deb","etiqueta":null,"editable":null,"formato":null,"listasSeleccion":null,"longitud":null,"mascara":null,"regexp":null,"tipo":null,"valor":"08/10/2022","visible":null},{"codigo":"rp_s_hora_deb","etiqueta":null,"editable":null,"formato":null,"listasSeleccion":null,"longitud":null,"mascara":null,"regexp":null,"tipo":null,"valor":"10:27:33","visible":null},{"codigo":"rp_s_valor_comi","etiqueta":null,"editable":null,"formato":null,"listasSeleccion":null,"longitud":null,"mascara":null,"regexp":null,"tipo":null,"valor":"0.00","visible":null},{"codigo":"rp_s_cta_lat","etiqueta":null,"editable":null,"formato":null,"listasSeleccion":null,"longitud":null,"mascara":null,"regexp":null,"tipo":null,"valor":"292","visible":null},{"codigo":"rp_s_tipo_serv","etiqueta":null,"editable":null,"formato":null,"listasSeleccion":null,"longitud":null,"mascara":null,"regexp":null,"tipo":null,"valor":"COMPRA PAQUETE","visible":null},{"codigo":"rp_s_fecha_contable","etiqueta":null,"editable":null,"formato":null,"listasSeleccion":null,"longitud":null,"mascara":null,"regexp":null,"tipo":null,"valor":"08/10/2022","visible":null},{"codigo":"e_corr","etiqueta":null,"editable":null,"formato":null,"listasSeleccion":null,"longitud":null,"mascara":null,"regexp":null,"tipo":null,"valor":"S","visible":null},{"codigo":"e_ssn_corr","etiqueta":null,"editable":null,"formato":null,"listasSeleccion":null,"longitud":null,"mascara":null,"regexp":null,"tipo":null,"valor":"37651143","visible":null},{"codigo":"e_opcion","etiqueta":null,"editable":null,"formato":null,"listasSeleccion":null,"longitud":null,"mascara":null,"regexp":null,"tipo":null,"valor":"R","visible":null},{"codigo":"e_reverso","etiqueta":null,"editable":null,"formato":null,"listasSeleccion":null,"longitud":null,"mascara":null,"regexp":null,"tipo":null,"valor":"A","visible":null},{"codigo":"e_tipo_proceso","etiqueta":null,"editable":null,"formato":null,"listasSeleccion":null,"longitud":null,"mascara":null,"regexp":null,"tipo":null,"valor":"A","visible":null},{"codigo":"e_noti_conf","etiqueta":null,"editable":null,"formato":null,"listasSeleccion":null,"longitud":null,"mascara":null,"regexp":null,"tipo":null,"valor":"S","visible":null},{"codigo":"e_tipo_ejecucion","etiqueta":null,"editable":null,"formato":null,"listasSeleccion":null,"longitud":null,"mascara":null,"regexp":null,"tipo":null,"valor":"PB","visible":null},{"codigo":"vp_s_fecha_contable","etiqueta":null,"editable":null,"formato":null,"listasSeleccion":null,"longitud":null,"mascara":null,"regexp":null,"tipo":null,"valor":"08/10/2022","visible":null},{"codigo":"vp_s_ssn","etiqueta":null,"editable":null,"formato":null,"listasSeleccion":null,"longitud":null,"mascara":null,"regexp":null,"tipo":null,"valor":"37671813","visible":null},{"codigo":"vp_s_comision","etiqueta":null,"editable":null,"formato":null,"listasSeleccion":null,"longitud":null,"mascara":null,"regexp":null,"tipo":null,"valor":"","visible":null},{"codigo":"vp_s_tasa","etiqueta":null,"editable":null,"formato":null,"listasSeleccion":null,"longitud":null,"mascara":null,"regexp":null,"tipo":null,"valor":"","visible":null},{"codigo":"vp_s_base_imp","etiqueta":null,"editable":null,"formato":null,"listasSeleccion":null,"longitud":null,"mascara":null,"regexp":null,"tipo":null,"valor":"","visible":null},{"codigo":"vp_s_impuesto","etiqueta":null,"editable":null,"formato":null,"listasSeleccion":null,"longitud":null,"mascara":null,"regexp":null,"tipo":null,"valor":"","visible":null},{"codigo":"vp_s_empresa","etiqueta":null,"editable":null,"formato":null,"listasSeleccion":null,"longitud":null,"mascara":null,"regexp":null,"tipo":null,"valor":"","visible":null},{"codigo":"vp_s_recaudacion","etiqueta":null,"editable":null,"formato":null,"listasSeleccion":null,"longitud":null,"mascara":null,"regexp":null,"tipo":null,"valor":"","visible":null},{"codigo":"vp_s_referencia1","etiqueta":null,"editable":null,"formato":null,"listasSeleccion":null,"longitud":null,"mascara":null,"regexp":null,"tipo":null,"valor":"","visible":null},{"codigo":"vp_s_referencia2","etiqueta":null,"editable":null,"formato":null,"listasSeleccion":null,"longitud":null,"mascara":null,"regexp":null,"tipo":null,"valor":"","visible":null},{"codigo":"vp_s_referencia3","etiqueta":null,"editable":null,"formato":null,"listasSeleccion":null,"longitud":null,"mascara":null,"regexp":null,"tipo":null,"valor":"","visible":null}]},"identificador":"0999999999"},"tipoCuenta":"CTE","transaccion":"2056","usuario":"ope998","valorComision":0.0,"valorPago":10.0}}
2022-08-10 10:27:55.825  INFO rec-broadnet-175-szdwl --- [pool-6-thread-1] c.b.m.r.s.ProcessorService               : Inicia transacci?n.
2022-08-10 10:27:55.829  INFO rec-broadnet-175-szdwl --- [pool-6-thread-1] c.b.m.r.s.ProcessorService               : Transformaci?n de mensaje de entrada.
2022-08-10 10:27:55.861  INFO rec-broadnet-175-szdwl --- [pool-6-thread-1] c.b.m.r.s.ProcessorService               : INICIA REVERSO
2022-08-10 10:27:55.861  INFO rec-broadnet-175-szdwl --- [pool-6-thread-1] c.b.m.r.s.BroadnetService                : INICIA Ejecutar REVERSO
2022-08-10 10:27:55.863  INFO rec-broadnet-175-szdwl --- [pool-6-thread-1] c.b.m.r.u.GeneralUtils                   : TIENE DATO ADICIONAL: e_ssn_corr --> com.bolivariano.microservice.recbroadnet.domain.datoadicional.DatoAdicional@1d244f3a
2022-08-10 10:27:55.865  INFO rec-broadnet-175-szdwl --- [pool-6-thread-1] c.b.m.r.s.BroadnetService                : SECUENCIAL PARA REVERSO --> 37651143
2022-08-10 10:27:55.866  INFO rec-broadnet-175-szdwl --- [pool-6-thread-1] c.b.m.r.u.GeneralUtils                   : TIENE DATO ADICIONAL: vp_s_fecha_contable --> com.bolivariano.microservice.recbroadnet.domain.datoadicional.DatoAdicional@75eb2ba0
2022-08-10 10:27:55.963  INFO rec-broadnet-175-szdwl --- [pool-6-thread-1] c.b.m.r.s.BroadnetJPOS                   : MTI: 0200
2022-08-10 10:27:55.964  INFO rec-broadnet-175-szdwl --- [pool-6-thread-1] c.b.m.r.s.BroadnetJPOS                   : FIELD_2: 827828
2022-08-10 10:27:55.964  INFO rec-broadnet-175-szdwl --- [pool-6-thread-1] c.b.m.r.s.BroadnetJPOS                   : FIELD_3: 370000
2022-08-10 10:27:55.965  INFO rec-broadnet-175-szdwl --- [pool-6-thread-1] c.b.m.r.s.BroadnetJPOS                   : FIELD_4: 000000001000
2022-08-10 10:27:55.965  INFO rec-broadnet-175-szdwl --- [pool-6-thread-1] c.b.m.r.s.BroadnetJPOS                   : FIELD_11: 651143
2022-08-10 10:27:55.965  INFO rec-broadnet-175-szdwl --- [pool-6-thread-1] c.b.m.r.s.BroadnetJPOS                   : FIELD_12: 102755
2022-08-10 10:27:55.966  INFO rec-broadnet-175-szdwl --- [pool-6-thread-1] c.b.m.r.s.BroadnetJPOS                   : FIELD_13: 0810
2022-08-10 10:27:55.966  INFO rec-broadnet-175-szdwl --- [pool-6-thread-1] c.b.m.r.s.BroadnetJPOS                   : FIELD_22: 012
2022-08-10 10:27:55.967  INFO rec-broadnet-175-szdwl --- [pool-6-thread-1] c.b.m.r.s.BroadnetJPOS                   : FIELD_24: 026
2022-08-10 10:27:55.967  INFO rec-broadnet-175-szdwl --- [pool-6-thread-1] c.b.m.r.s.BroadnetJPOS                   : FIELD_25: 00
2022-08-10 10:27:55.967  INFO rec-broadnet-175-szdwl --- [pool-6-thread-1] c.b.m.r.s.BroadnetJPOS                   : FIELD_38: 651143
2022-08-10 10:27:55.968  INFO rec-broadnet-175-szdwl --- [pool-6-thread-1] c.b.m.r.s.BroadnetJPOS                   : FIELD_41: ATM00001
2022-08-10 10:27:55.968  INFO rec-broadnet-175-szdwl --- [pool-6-thread-1] c.b.m.r.s.BroadnetJPOS                   : FIELD_42: 016010BBOL00001
2022-08-10 10:27:55.969  INFO rec-broadnet-175-szdwl --- [pool-6-thread-1] c.b.m.r.s.BroadnetJPOS                   : FIELD_112: 26150999999999          
2022-08-10 10:27:55.969  INFO rec-broadnet-175-szdwl --- [pool-6-thread-1] c.b.m.r.s.BroadnetJPOS                   : FIELD_114: 01
2022-08-10 10:27:55.970  INFO rec-broadnet-175-szdwl --- [pool-6-thread-1] c.b.m.r.s.BroadnetJPOS                   : FIELD_116: 00010001
2022-08-10 10:27:55.970  INFO rec-broadnet-175-szdwl --- [pool-6-thread-1] c.b.m.r.s.BroadnetJPOS                   : FIELD_118: 20220810
2022-08-10 10:27:58.293  INFO rec-broadnet-175-szdwl --- [pool-6-thread-1] c.b.m.r.s.BroadnetJPOS                   : CODIGO RESPUESTA: 00
2022-08-10 10:27:58.293  INFO rec-broadnet-175-szdwl --- [pool-6-thread-1] c.b.m.r.s.BroadnetService                : FINALIZA EJECUTAR REVERSO
2022-08-10 10:27:58.293  INFO rec-broadnet-175-szdwl --- [pool-6-thread-1] c.b.m.r.s.BroadnetService                : CODIGO ERROR ISO PARA HOMOLOGAR CONF_PAGO
2022-08-10 10:27:58.293  INFO rec-broadnet-175-szdwl --- [pool-6-thread-1] c.b.m.r.s.BroadnetService                : MENSAJE ERROR ISO HOMOLOGADO null
2022-08-10 10:27:58.293  INFO rec-broadnet-175-szdwl --- [pool-6-thread-1] c.b.m.r.s.ProcessorService               : Transformaci?n de mensaje de salida.
2022-08-10 10:27:58.296  INFO rec-broadnet-175-szdwl --- [pool-6-thread-1] c.b.m.r.m.MessageProducer                : ENVIANDO MENSAJE DE RESPUESTA A LA COLA : MS_REC_BROADNET_RESP
2022-08-10 10:27:58.297  INFO rec-broadnet-175-szdwl --- [pool-6-thread-1] c.b.m.r.m.MessageProducer                : MENSAJE: {"codigo":"0","mensajeUsuario":"PROCESO EJECUTADO","estado":"OK","mensajeSalidaEjecutarPago":{"banderaOffline":null,"codigoError":"CONF_PAGO","datosAdicionales":null,"fechaDebito":null,"fechaPago":null,"mensajeUsuario":"CONFIRMA PAGO, NO REVERSAR CORE","mensajeSistema":"CONFIRMA PAGO, NO REVERSAR CORE","montoTotal":null,"referencia":null},"mensajeSalidaConsultarDeuda":null}
2022-08-10 10:27:59.187  INFO rec-broadnet-175-szdwl --- [pool-6-thread-1] c.b.m.r.m.MessageProducer                : MensajeJMS : 
  JMSMessage class: jms_bytes
  JMSType:          null
  JMSDeliveryMode:  1
  JMSDeliveryDelay: 0
  JMSDeliveryTime:  0
  JMSExpiration:    50000
  JMSPriority:      4
  JMSMessageID:     ID:414d512043535042524b5f514d20202005d0d962071f312a
  JMSTimestamp:     8483744929819
  JMSCorrelationID: ID:414d512043535042524b5f514d20202005d0d962071f312a
  JMSDestination:   null
  JMSReplyTo:       null
  JMSRedelivered:   false
    JMS_IBM_Character_Set: 1208
7b22636f6469676f223a2230222c226d656e73616a655573756172696f223a2250524f4345534f20
454a4543555441444f222c2265737461646f223a224f4b222c226d656e73616a6553616c69646145
6a6563757461725061676f223a7b2262616e646572614f66666c696e65223a6e756c6c2c22636f64
69676f4572726f72223a22434f4e465f5041474f222c226461746f7341646963696f6e616c657322
3a6e756c6c2c22666563686144656269746f223a6e756c6c2c2266656368615061676f223a6e756c
6c2c226d656e73616a655573756172696f223a22434f4e4649524d41205041474f2c204e4f205245
56455253415220434f5245222c226d656e73616a6553697374656d61223a22434f4e4649524d4120
5041474f2c204e4f20524556455253415220434f5245222c226d6f6e746f546f74616c223a6e756c
6c2c227265666572656e636961223a6e756c6c7d2c226d656e73616a6553616c696461436f6e7375
6c7461724465756461223a6e756c6c7d

2022-08-10 10:27:59.188  INFO rec-broadnet-175-szdwl --- [pool-6-thread-1] c.b.m.r.m.MessageProducer                : Mensaje : 
2022-08-10 10:27:59.188  INFO rec-broadnet-175-szdwl --- [pool-6-thread-1] c.b.m.r.m.MessageProducer                : CorrelationId : ID:414d512043535042524b5f514d20202005d0d962071f312a
