1601003498	910779	825	C	AHO	0003800463	F	Jan 24 2024 12:00AM	Dec 20 2023 12:00AM	Feb 8 2023 12:00AM		0.00	(88)ERROR DE PROVEEDOR			Dec 6 2023 12:00AM	0.00	ERROR DE PROVEEDOR	kvizueto		
1601006495	1016302	825	P	AHO	7001091381	F	Jan 12 2024 12:00AM	Jan 27 2024 12:00AM	Jul 5 2012 12:00AM	Jun 6 2013 12:00AM	0.00	3.99	Jan 12 2024 12:00AM	Jan 27 2024 12:00AM	Jan 12 2024 12:00AM	3.99	PROCESADO OK			
1601009937	1356400	825	C	AHO	4011112349	F	Jan 24 2024 12:00AM	Dec 30 2023 12:00AM	Dec 9 2014 12:00AM		0.00	(88)ERROR DE PROVEEDOR			Dec 22 2023 12:00AM	0.00	ERROR DE PROVEEDOR			
1601010435	910779	825	P	AHO	0003800463	F	Jan 11 2024 12:00AM	Jan 20 2024 12:00AM	Jan 17 2023 12:00AM		0.00	5.81	Jan 11 2024 12:00AM	Jan 26 2024 12:00AM	Jan 11 2024 12:00AM	5.81	PROCESADO OK	gsellant		
1601012816	742738	825	E	CTE	0005208373	F	Oct 16 2020 12:00AM	Nov 7 2020 12:00AM	Jun 8 2012 12:00AM	Oct 27 2020 12:00AM	0.00	24.02	Oct 16 2020 12:00AM	Oct 31 2020 12:00AM	Oct 16 2020 12:00AM	24.02	ELIMINADO		ebajanat	
1601042847	814	825	C	CTE	0000064204	F	Jan 24 2024 12:00AM	Jan 3 2024 12:00AM	Jun 8 2012 12:00AM		0.00	(88)ERROR DE PROVEEDOR			Dec 20 2023 12:00AM	0.00	ERROR DE PROVEEDOR			
1601044792	1368695	825	C	CTE	4075010087	F	Jan 24 2024 12:00AM	Jan 3 2024 12:00AM	Feb 22 2022 12:00AM		0.00	(88)ERROR DE PROVEEDOR			Dec 20 2023 12:00AM	0.00	ERROR DE PROVEEDOR	ebajanat		
1601053077	751468	825	C	AHO	0851174075	F	Jan 24 2024 12:00AM	Jan 3 2024 12:00AM	Jun 23 2021 12:00AM		0.00	(88)ERROR DE PROVEEDOR			Dec 20 2023 12:00AM	0.00	ERROR DE PROVEEDOR	ebajanat		
1601056582	384	825	C	CTE	0005172412	F	Jan 24 2024 12:00AM	Jan 3 2024 12:00AM	Oct 14 2015 12:00AM	Nov 23 2015 12:00AM	0.00	(88)ERROR DE PROVEEDOR			Dec 20 2023 12:00AM	0.00	ERROR DE PROVEEDOR			
1601076551	63861	825	C	CTE	0005070897	F	Jan 24 2024 12:00AM	Jan 3 2024 12:00AM	Jun 8 2012 12:00AM		0.00	(88)ERROR DE PROVEEDOR			Dec 20 2023 12:00AM	0.00	ERROR DE PROVEEDOR			
1601078513	5267	825	C	CTE	0000021388	F	Jan 24 2024 12:00AM	Jan 3 2024 12:00AM	Oct 11 2012 12:00AM		0.00	(88)ERROR DE PROVEEDOR			Dec 20 2023 12:00AM	0.00	ERROR DE PROVEEDOR			
1601078835	60455	825	E	AHO	0001118175	F	Aug 24 2022 12:00AM	Sep 6 2022 12:00AM	Nov 13 2013 12:00AM	Aug 26 2022 12:00AM	0.00	5.63	Aug 24 2022 12:00AM	Sep 8 2022 12:00AM	Aug 24 2022 12:00AM	5.63	ELIMINADO		ebajanat	
1601099359	1458386	825	P	AHO	7001179845	F	Jan 11 2024 12:00AM	Jan 20 2024 12:00AM	Nov 7 2017 12:00AM		0.00	31.09	Jan 11 2024 12:00AM	Jan 26 2024 12:00AM	Jan 11 2024 12:00AM	31.09	PROCESADO OK			
1601099439	1283784	825	C	CTE	0845030112	F	Jan 24 2024 12:00AM	Jan 3 2024 12:00AM	Apr 10 2014 12:00AM		0.00	(88)ERROR DE PROVEEDOR			Dec 20 2023 12:00AM	0.00	ERROR DE PROVEEDOR			
1601115572	2851	825	E	CTE	0009000494	F	Jan 9 2019 12:00AM	Jan 22 2019 12:00AM	Apr 10 2017 12:00AM	Jan 11 2019 12:00AM	0.00	4247.4	Jan 9 2019 12:00AM	Jan 24 2019 12:00AM	Jan 9 2019 12:00AM	4,247.40	ELIMINADO		aaguirrv	
1601119391	732304	825	C	AHO	4071000265	F	Jan 24 2024 12:00AM	Dec 29 2023 12:00AM	Mar 6 2014 12:00AM		0.00	(88)ERROR DE PROVEEDOR			Dec 16 2023 12:00AM	0.00	ERROR DE PROVEEDOR			
1601119462	9458	825	C	CTE	5009000787	F	Jan 24 2024 12:00AM	Dec 29 2023 12:00AM	Jul 26 2022 12:00AM		0.00	(88)ERROR DE PROVEEDOR			Dec 16 2023 12:00AM	0.00	ERROR DE PROVEEDOR	eachinim		
1601134061	1554682	825	C	AHO	0002921248	F	Jan 24 2024 12:00AM	Jan 10 2024 12:00AM	Feb 23 2017 12:00AM		0.00	(88)ERROR DE PROVEEDOR			Dec 27 2023 12:00AM	0.00	ERROR DE PROVEEDOR			
1601135104	146649	825	E	CTE	0045021361	F	Aug 7 2020 12:00AM	Aug 14 2020 12:00AM	Aug 27 2018 12:00AM	Aug 19 2020 12:00AM	0.00	177.32	Aug 7 2020 12:00AM	Aug 22 2020 12:00AM	Aug 7 2020 12:00AM	177.32	ELIMINADO		econtreg	
1601140795	30208	825	R	AHO	0010619148	F	Oct 10 2018 12:00AM	Sep 21 2018 12:00AM	Jun 7 2012 12:00AM		0.00	CUENTA NO ESTA ACTIVA	Oct 10 2018 12:00AM	Oct 17 2018 12:00AM		3.90	CUENTA INACTIVA - CANCELADA - CERRADA - DEP. INICIAL			
1601169933	10888	825	C	CTE	0000015138	F	Jan 24 2024 12:00AM	Dec 22 2023 12:00AM	Oct 15 2018 12:00AM		0.00	(88)ERROR DE PROVEEDOR			Dec 9 2023 12:00AM	0.00	ERROR DE PROVEEDOR	gycazac		
1601170477	112	825	C	CTE	0000015969	F	Jan 24 2024 12:00AM	Dec 29 2023 12:00AM	Jun 8 2012 12:00AM		0.00	(88)ERROR DE PROVEEDOR			Dec 16 2023 12:00AM	0.00	ERROR DE PROVEEDOR			
1601170832	112	825	C	CTE	0000015969	F	Jan 24 2024 12:00AM	Dec 29 2023 12:00AM	Jun 8 2012 12:00AM		0.00	(88)ERROR DE PROVEEDOR			Dec 16 2023 12:00AM	0.00	ERROR DE PROVEEDOR			
1601174847	61773	825	C	AHO	0821026843	F	Jan 24 2024 12:00AM	Dec 25 2023 12:00AM	Jun 8 2012 12:00AM		0.00	(88)ERROR DE PROVEEDOR			Dec 11 2023 12:00AM	0.00	ERROR DE PROVEEDOR			
1601175365	666292	825	P	AHO	0921032848	F	Jan 16 2024 12:00AM	Jan 31 2024 12:00AM	Sep 15 2022 12:00AM		0.00	9.78	Jan 16 2024 12:00AM	Jan 31 2024 12:00AM	Jan 16 2024 12:00AM	9.78	PROCESADO OK	ebajanat		
1601180224	1049736	825	P	AHO	0031224871	F	Jan 11 2024 12:00AM	Jan 20 2024 12:00AM	Sep 9 2019 12:00AM		0.00	16.99	Jan 11 2024 12:00AM	Jan 26 2024 12:00AM	Jan 11 2024 12:00AM	16.99	PROCESADO OK	econtreg		
1601181483	10888	825	P	CTE	0000015138	F	Jan 16 2024 12:00AM	Jan 30 2024 12:00AM	Jun 7 2012 12:00AM	Oct 25 2017 12:00AM	0.00	143.18	Jan 16 2024 12:00AM	Jan 31 2024 12:00AM	Jan 16 2024 12:00AM	143.18	PROCESADO OK			
1601193434	232132	825	C	CTE	0045006081	F	Jan 24 2024 12:00AM	Jan 10 2024 12:00AM	Jan 23 2018 12:00AM		0.00	(88)ERROR DE PROVEEDOR			Dec 27 2023 12:00AM	0.00	ERROR DE PROVEEDOR			
1601197546	1369224	825	R	AHO	0921224558	F	Aug 11 2020 12:00AM	Apr 18 2020 12:00AM	May 22 2018 12:00AM		0.00	CUENTA NO ESTA ACTIVA	Aug 7 2020 12:00AM	Aug 22 2020 12:00AM	Apr 9 2020 12:00AM	56.57	CUENTA INACTIVA - CANCELADA - CERRADA - DEP. INICIAL			
1601201675	11429	825	E	CTE	0005108497	F	Oct 23 2019 12:00AM	Nov 5 2019 12:00AM	Jun 8 2012 12:00AM	Oct 29 2019 12:00AM	0.00	36.18	Oct 23 2019 12:00AM	Nov 7 2019 12:00AM	Oct 23 2019 12:00AM	36.18	PROCESADO OK		cvalles	
1601206215	10888	825	P	CTE	0000015138	F	Jan 16 2024 12:00AM	Jan 31 2024 12:00AM	Jun 23 2014 12:00AM		0.00	134.57	Jan 16 2024 12:00AM	Jan 31 2024 12:00AM	Jan 16 2024 12:00AM	134.57	PROCESADO OK			
1601224936	179061	825	R	AHO	0041024429	F	Jul 21 2021 12:00AM	Jul 5 2021 12:00AM	Apr 3 2013 12:00AM		0.00	(41001)NO EXISTE CUENTA DE AHORROS	Jul 21 2021 12:00AM	Aug 5 2021 12:00AM	Jun 22 2021 12:00AM	6.29	CUENTA INACTIVA - CANCELADA - CERRADA - DEP. INICIAL			
1601228898	165577	825	R	AHO	0001328679	F	Oct 10 2018 12:00AM	Sep 22 2018 12:00AM	Jun 7 2012 12:00AM		0.00	CUENTA NO ESTA ACTIVA	Oct 10 2018 12:00AM	Oct 17 2018 12:00AM		7.70	CUENTA INACTIVA - CANCELADA - CERRADA - DEP. INICIAL			
1601235728	2221014	825	P	AHO	7001279019	F	Jan 16 2024 12:00AM	Jan 30 2024 12:00AM	Dec 19 2022 12:00AM		0.00	35.1	Jan 16 2024 12:00AM	Jan 31 2024 12:00AM	Jan 16 2024 12:00AM	35.10	PROCESADO OK	ebajanat		
1601237058	133074	825	C	CTE	0005297678	F	Jan 24 2024 12:00AM	Apr 25 2019 12:00AM	Aug 14 2018 12:00AM		0.00	(88)ERROR DE PROVEEDOR			Apr 11 2019 12:00AM	0.00	ERROR DE PROVEEDOR			
1601246583	687573	825	R	AHO	0009000497	F	Oct 4 2022 12:00AM	Aug 5 2021 12:00AM	Mar 18 2016 12:00AM		0.00	(41064)CUENTA DE AHORROS CERRADA O INACTIVA	Oct 3 2022 12:00AM	Oct 18 2022 12:00AM	Jul 23 2021 12:00AM	5.80	CUENTA INACTIVA - CANCELADA - CERRADA - DEP. INICIAL			
1601251709	1119397	825	P	CTE	0005313387	F	Jan 16 2024 12:00AM	Jan 30 2024 12:00AM	Mar 1 2019 12:00AM		0.00	55.13	Jan 16 2024 12:00AM	Jan 31 2024 12:00AM	Jan 16 2024 12:00AM	55.13	PROCESADO OK	aaguirrv		
1601259989	874586	825	E	AHO	0921335038	F	May 27 2021 12:00AM	Jun 9 2021 12:00AM	Feb 28 2019 12:00AM	May 28 2021 12:00AM	0.00	26.34	May 27 2021 12:00AM	Jun 11 2021 12:00AM	May 27 2021 12:00AM	26.34	ELIMINADO	aaguirrv	ebajanat	
1601279468	276318	825	C	CTE	0005140389	F	Jan 24 2024 12:00AM	Jan 5 2024 12:00AM	Jun 8 2012 12:00AM		0.00	(88)ERROR DE PROVEEDOR			Dec 22 2023 12:00AM	0.00	ERROR DE PROVEEDOR			
1601280704	742738	825	E	CTE	0005208373	F	Oct 27 2020 12:00AM	Oct 8 2020 12:00AM	Jun 8 2012 12:00AM	Oct 27 2020 12:00AM	0.00	(31017)FONDOS INSUFICIENTES	Oct 27 2020 12:00AM	Nov 11 2020 12:00AM	Sep 25 2020 12:00AM	95.34	ELIMINADO		ebajanat	
1601280713	85513	825	E	AHO	0061008017	F	Sep 27 2018 12:00AM	Oct 5 2018 12:00AM	Jun 8 2012 12:00AM	Sep 27 2018 12:00AM	0.00	CUENTA NO ESTA ACTIVA	Sep 27 2018 12:00AM	Oct 4 2018 12:00AM		16.75	ELIMINADO		ebajanat	
1601282828	153	825	P	CTE	0005033436	F	Jan 11 2024 12:00AM	Jan 25 2024 12:00AM	Jun 8 2012 12:00AM		0.00	3.99	Jan 11 2024 12:00AM	Jan 26 2024 12:00AM	Jan 11 2024 12:00AM	3.99	PROCESADO OK			
1601283364	10600	825	P	CTE	0005103728	F	Jan 11 2024 12:00AM	Jan 25 2024 12:00AM	Nov 27 2012 12:00AM	Nov 27 2012 12:00AM	0.00	22.41	Jan 11 2024 12:00AM	Jan 26 2024 12:00AM	Jan 11 2024 12:00AM	22.41	PROCESADO OK			
1601284069	4244	825	P	CTE	0010023356	F	Jan 12 2024 12:00AM	Jan 27 2024 12:00AM	Jun 20 2012 12:00AM		0.00	74.92	Jan 12 2024 12:00AM	Jan 27 2024 12:00AM	Jan 12 2024 12:00AM	74.92	PROCESADO OK			
1601288430	1193739	825	R	AHO	7001118737	F	May 25 2020 12:00AM	Sep 6 2019 12:00AM	Aug 15 2013 12:00AM		0.00	CUENTA NO ESTA ACTIVA	May 25 2020 12:00AM	Jun 9 2020 12:00AM	Aug 23 2019 12:00AM	32.71	CUENTA INACTIVA - CANCELADA - CERRADA - DEP. INICIAL			
1601288831	134600	825	E	CTE	4005003271	F	Apr 20 2021 12:00AM	May 4 2021 12:00AM	Jul 18 2012 12:00AM	May 3 2021 12:00AM	0.00	3.9	Apr 20 2021 12:00AM	May 5 2021 12:00AM	Apr 20 2021 12:00AM	3.90	ELIMINADO		econtreg	
1601289386	13563	825	E	CTE	0005021826	F	Jun 15 2020 12:00AM	Jul 11 2020 12:00AM	Jun 7 2012 12:00AM	Jul 27 2020 12:00AM	0.00	10.37	Jun 15 2020 12:00AM	Jun 30 2020 12:00AM	Jun 15 2020 12:00AM	10.37	ELIMINADO		econtreg	
1601290374	155056	825	C	CTE	0005124570	F	Jan 24 2024 12:00AM	Jan 5 2024 12:00AM	Jun 8 2012 12:00AM		0.00	(88)ERROR DE PROVEEDOR			Dec 22 2023 12:00AM	0.00	ERROR DE PROVEEDOR			
1601291989	184076	825	E	CTE	0005104288	F	Jun 17 2019 12:00AM	Jun 28 2019 12:00AM	Jun 8 2012 12:00AM	Jul 1 2019 12:00AM	0.00	21.91	Jun 17 2019 12:00AM	Jul 2 2019 12:00AM	Jun 17 2019 12:00AM	21.91	ELIMINADO		econtreg	
1601293031	149973	825	P	CTE	4015002433	F	Jan 11 2024 12:00AM	Jan 25 2024 12:00AM	Jun 21 2012 12:00AM		0.00	6.12	Jan 11 2024 12:00AM	Jan 26 2024 12:00AM	Jan 11 2024 12:00AM	6.12	PROCESADO OK			
1601296136	14870	825	E	CTE	0005095403	F	Jan 24 2024 12:00AM	May 23 2020 12:00AM	Jun 8 2012 12:00AM	Aug 5 2020 12:00AM	0.00	EN PROCESO DE DEBITO			Apr 24 2020 12:00AM	0.00	EN PROCESO DE DEBITO		econtreg	
1601296136	14870	825	C	CTE	0005063437	F	Jan 24 2024 12:00AM	Jan 5 2024 12:00AM	Aug 6 2020 12:00AM		500.00	(88)ERROR DE PROVEEDOR			Dec 22 2023 12:00AM	0.00	ERROR DE PROVEEDOR	econtreg		
1601300345	1423092	825	C	AHO	7001145399	F	Jan 24 2024 12:00AM	Jan 5 2024 12:00AM	Apr 26 2021 12:00AM		0.00	(88)ERROR DE PROVEEDOR			Dec 22 2023 12:00AM	0.00	ERROR DE PROVEEDOR	econtreg		
1601300489	118325	825	R	CTE	0065009462	F	Jul 11 2019 12:00AM	Nov 7 2018 12:00AM	Jun 8 2012 12:00AM		0.00	CUENTA NO ESTA ACTIVA	Jul 11 2019 12:00AM	Jul 26 2019 12:00AM	Oct 23 2018 12:00AM	10.98	CUENTA INACTIVA - CANCELADA - CERRADA - DEP. INICIAL			
1601300951	157041	825	E	CTE	4005003590	F	Dec 3 2018 12:00AM	Dec 19 2018 12:00AM	Jun 8 2012 12:00AM	Dec 12 2018 12:00AM	0.00	53.81	Dec 3 2018 12:00AM	Dec 18 2018 12:00AM	Dec 3 2018 12:00AM	53.81	ELIMINADO		aaguirrv	
1601302147	395935	825	C	AHO	0001708601	F	Jan 24 2024 12:00AM	Oct 5 2018 12:00AM	Jun 8 2012 12:00AM		0.00	(88)ERROR DE PROVEEDOR				0.00	ERROR DE PROVEEDOR			
1601305448	1253395	825	P	CTE	0005262960	F	Jan 23 2024 12:00AM	Feb 7 2024 12:00AM	Mar 13 2019 12:00AM		0.00	92.73	Jan 23 2024 12:00AM	Feb 7 2024 12:00AM	Jan 23 2024 12:00AM	92.73	PROCESADO OK	aaguirrv		
1601306447	157669	825	R	CTE	0005172229	F	Aug 12 2019 12:00AM	Jul 23 2019 12:00AM	Jun 19 2012 12:00AM		0.00	CUENTA NO ESTA ACTIVA	Aug 12 2019 12:00AM	Aug 27 2019 12:00AM	Jul 12 2019 12:00AM	88.76	CUENTA INACTIVA - CANCELADA - CERRADA - DEP. INICIAL			
1601306492	185139	825	E	CTE	0035043494	F	Sep 16 2020 12:00AM	Sep 15 2020 12:00AM	Mar 10 2014 12:00AM	Sep 16 2020 12:00AM	0.00	(122)FACTURA HA SIDO CANCELADA			Aug 26 2020 12:00AM	0.00	ELIMINADO		econtreg	
1601307605	1284341	825	R	AHO	7001130167	F	Oct 2 2018 12:00AM	Sep 17 2018 12:00AM	Jul 8 2014 12:00AM		0.00	CUENTA NO ESTA ACTIVA	Sep 27 2018 12:00AM	Oct 4 2018 12:00AM		10.34	CUENTA INACTIVA - CANCELADA - CERRADA - DEP. INICIAL			
1601307632	349	825	C	CTE	0000029632	F	Jan 24 2024 12:00AM	Jan 5 2024 12:00AM	Jun 8 2012 12:00AM		0.00	(88)ERROR DE PROVEEDOR			Dec 22 2023 12:00AM	0.00	ERROR DE PROVEEDOR			
1601307829	66048	825	P	AHO	0061138075	F	Jan 18 2024 12:00AM	Feb 1 2024 12:00AM	Jun 16 2023 12:00AM		30.00	20.74	Jan 18 2024 12:00AM	Feb 2 2024 12:00AM	Jan 18 2024 12:00AM	20.74	PROCESADO OK	kvizueto		
1601308668	319420	825	E	CTE	0005198069	F	Jun 29 2021 12:00AM	Jun 18 2021 12:00AM	Apr 9 2014 12:00AM	Jun 29 2021 12:00AM	0.00	(122)FACTURA HA SIDO CANCELADA			Jun 4 2021 12:00AM	0.00	ELIMINADO		ebajanat	
1601309480	78881	825	P	CTE	0005071588	F	Jan 11 2024 12:00AM	Jan 25 2024 12:00AM	Jun 7 2012 12:00AM		0.00	3.99	Jan 11 2024 12:00AM	Jan 26 2024 12:00AM	Jan 11 2024 12:00AM	3.99	PROCESADO OK			
1601310637	910779	825	C	AHO	0003800463	F	Jan 24 2024 12:00AM	Jan 5 2024 12:00AM	Jan 24 2023 12:00AM		0.00	(88)ERROR DE PROVEEDOR			Dec 22 2023 12:00AM	0.00	ERROR DE PROVEEDOR	kvizueto		
1601310771	362289	825	R	AHO	0031112185	F	Sep 27 2018 12:00AM	Oct 5 2018 12:00AM	Jun 8 2012 12:00AM		0.00	CUENTA NO ESTA ACTIVA	Sep 27 2018 12:00AM	Oct 4 2018 12:00AM		15.39	CUENTA INACTIVA - CANCELADA - CERRADA - DEP. INICIAL			
1601312546	411867	825	P	CTE	0055507394	F	Jan 16 2024 12:00AM	Jan 30 2024 12:00AM	Dec 18 2017 12:00AM		0.00	14.04	Jan 16 2024 12:00AM	Jan 31 2024 12:00AM	Jan 16 2024 12:00AM	14.04	PROCESADO OK			
1601314919	7364	825	P	CTE	2000036641	F	Jan 12 2024 12:00AM	Jan 27 2024 12:00AM	Jun 8 2012 12:00AM		0.00	3.99	Jan 12 2024 12:00AM	Jan 27 2024 12:00AM	Jan 12 2024 12:00AM	3.99	PROCESADO OK			
1601317694	952	825	E	CTE	0845040340	F	Sep 10 2021 12:00AM	Aug 27 2021 12:00AM	Jan 16 2019 12:00AM	Sep 10 2021 12:00AM	0.00	(122)FACTURA HA SIDO CANCELADA			Aug 14 2021 12:00AM	0.00	ELIMINADO	aaguirrv	ebajanat	
1601317890	13725	825	C	CTE	0005102051	F	Jan 24 2024 12:00AM	Oct 15 2018 12:00AM	Jan 24 2018 12:00AM		0.00	(88)ERROR DE PROVEEDOR			Oct 17 2018 12:00AM	0.00	ERROR DE PROVEEDOR			
1601318185	101292	825	E	CTE	0065000777	F	Sep 27 2018 12:00AM	Oct 5 2018 12:00AM	Jun 8 2012 12:00AM	Sep 27 2018 12:00AM	0.00	CUENTA NO ESTA ACTIVA	Sep 27 2018 12:00AM	Oct 4 2018 12:00AM		69.96	ELIMINADO		ebajanat	
1601318363	18208	825	C	CTE	0039000736	F	Jan 24 2024 12:00AM	Jan 5 2024 12:00AM	Jun 8 2012 12:00AM		0.00	(88)ERROR DE PROVEEDOR			Dec 22 2023 12:00AM	0.00	ERROR DE PROVEEDOR			
1601320127	1283784	825	E	CTE	0845030112	F	Nov 13 2021 12:00AM	Nov 26 2021 12:00AM	Apr 9 2014 12:00AM	Nov 23 2021 12:00AM	0.00	15.12	Nov 13 2021 12:00AM	Nov 28 2021 12:00AM	Nov 13 2021 12:00AM	15.12	ELIMINADO		ebajanat	
1601321457	19799	825	C	CTE	0030033616	F	Jan 21 2024 12:00AM	Aug 31 2020 12:00AM	Jun 19 2012 12:00AM		0.00	(31008)CUENTA BLOQUEADA PARA MOVIMIENTOS	Jan 16 2024 12:00AM	Jan 31 2024 12:00AM	Aug 22 2020 12:00AM	24.95	CUENTA BLOQUEADA PARA MOVIMIENTOS			
1601321796	276786	825	P	AHO	0001616005	F	Jan 12 2024 12:00AM	Jan 26 2024 12:00AM	Jun 7 2012 12:00AM		0.00	26.52	Jan 12 2024 12:00AM	Jan 27 2024 12:00AM	Jan 12 2024 12:00AM	26.52	PROCESADO OK			
1601321956	75154	825	P	CTE	0025021165	F	Jan 11 2024 12:00AM	Jan 25 2024 12:00AM	Jun 7 2012 12:00AM		0.00	20.43	Jan 11 2024 12:00AM	Jan 26 2024 12:00AM	Jan 11 2024 12:00AM	20.43	PROCESADO OK			
1601322152	297966	825	C	AHO	0061038619	F	Jan 24 2024 12:00AM	Nov 30 2023 12:00AM	Dec 17 2021 12:00AM		50.00	(88)ERROR DE PROVEEDOR			Nov 22 2023 12:00AM	0.00	ERROR DE PROVEEDOR	ebajanat		
1601323339	85371	825	P	CTE	0005024894	F	Jan 11 2024 12:00AM	Jan 25 2024 12:00AM	Oct 11 2012 12:00AM		0.00	5.82	Jan 11 2024 12:00AM	Jan 26 2024 12:00AM	Jan 11 2024 12:00AM	5.82	PROCESADO OK			
1601323687	1230	825	E	CTE	0000087719	F	Jan 6 2019 12:00AM	Jan 4 2019 12:00AM	Jun 8 2012 12:00AM	Jan 7 2019 12:00AM	0.00	(122)FACTURA HA SIDO CANCELADA			Dec 21 2018 12:00AM	0.00	ELIMINADO		aaguirrv	
1601324579	1462504	825	E	CTE	0065047040	F	Sep 21 2020 12:00AM	Sep 1 2020 12:00AM	Jun 19 2019 12:00AM	Sep 22 2020 12:00AM	0.00	(122)FACTURA HA SIDO CANCELADA			Aug 19 2020 12:00AM	0.00	ELIMINADO	econtreg	econtreg	
1601324793	90290	825	P	CTE	0065004098	F	Jan 11 2024 12:00AM	Jan 25 2024 12:00AM	Oct 11 2012 12:00AM		0.00	6.09	Jan 11 2024 12:00AM	Jan 26 2024 12:00AM	Jan 11 2024 12:00AM	6.09	PROCESADO OK			
1601325649	88824	825	P	CTE	0035052379	F	Jan 16 2024 12:00AM	Jan 31 2024 12:00AM	Aug 14 2018 12:00AM		0.00	59.54	Jan 16 2024 12:00AM	Jan 31 2024 12:00AM	Jan 16 2024 12:00AM	59.54	PROCESADO OK			
1601327736	1238252	825	C	AHO	5021137657	F	Jan 24 2024 12:00AM	Jan 5 2024 12:00AM	Apr 15 2014 12:00AM		0.00	(88)ERROR DE PROVEEDOR			Dec 22 2023 12:00AM	0.00	ERROR DE PROVEEDOR			
1601328030	1708	825	R	CTE	0035005997	F	Jul 2 2021 12:00AM	Dec 22 2020 12:00AM	Jul 18 2012 12:00AM		0.00	(31088)CUENTA NO ACTIVA O CANCELADA	Jul 2 2021 12:00AM	Jul 17 2021 12:00AM	Jan 5 2021 12:00AM	37.86	CUENTA INACTIVA - CANCELADA - CERRADA - DEP. INICIAL			
1601328192	105493	825	C	CTE	0005124613	F	Jan 21 2024 12:00AM	Nov 28 2023 12:00AM	Jun 7 2012 12:00AM		0.00	(31017)FONDOS INSUFICIENTES	Jan 16 2024 12:00AM	Jan 31 2024 12:00AM	Nov 15 2023 12:00AM	17.39	FONDOS INSUFICIENTES			
1601328361	184076	825	P	CTE	0005104288	F	Jan 11 2024 12:00AM	Jan 26 2024 12:00AM	Aug 9 2013 12:00AM		0.00	10.91	Jan 11 2024 12:00AM	Jan 26 2024 12:00AM	Jan 11 2024 12:00AM	10.91	PROCESADO OK			
1601332123	86707	825	P	CTE	0005039458	F	Jan 11 2024 12:00AM	Jan 25 2024 12:00AM	Jun 8 2012 12:00AM		0.00	59.28	Jan 11 2024 12:00AM	Jan 26 2024 12:00AM	Jan 11 2024 12:00AM	59.28	PROCESADO OK			
1601332702	190649	825	C	CTE	0005107887	F	Jan 24 2024 12:00AM	Jul 5 2021 12:00AM	Jun 8 2012 12:00AM		0.00	(88)ERROR DE PROVEEDOR			Jul 5 2021 12:00AM	0.00	ERROR DE PROVEEDOR			
1601334167	374266	825	C	AHO	4011022769	F	Jan 24 2024 12:00AM	Jan 26 2023 12:00AM	Aug 2 2013 12:00AM		0.00	(88)ERROR DE PROVEEDOR			Jan 13 2023 12:00AM	0.00	ERROR DE PROVEEDOR			
1601334835	155624	825	E	CTE	0065044753	F	May 14 2022 12:00AM	May 27 2022 12:00AM	Mar 13 2017 12:00AM	May 17 2022 12:00AM	0.00	4.03	May 14 2022 12:00AM	May 29 2022 12:00AM	May 14 2022 12:00AM	4.03	ELIMINADO		eachinim	
1601336432	158186	825	R	AHO	0061101293	F	Feb 7 2019 12:00AM	Sep 17 2018 12:00AM	Jun 8 2012 12:00AM		0.00	CUENTA NO ESTA ACTIVA	Feb 7 2019 12:00AM	Feb 22 2019 12:00AM		34.35	CUENTA INACTIVA - CANCELADA - CERRADA - DEP. INICIAL			
1601336735	90277	825	C	AHO	4001002429	F	Jan 24 2024 12:00AM	Jan 5 2024 12:00AM	Nov 22 2016 12:00AM		0.00	(88)ERROR DE PROVEEDOR			Dec 22 2023 12:00AM	0.00	ERROR DE PROVEEDOR			
1601351021	308523	825	P	AHO	0021124501	F	Jan 10 2024 12:00AM	Jan 19 2024 12:00AM	Jul 7 2023 12:00AM		0.00	3.99	Jan 10 2024 12:00AM	Jan 25 2024 12:00AM	Jan 10 2024 12:00AM	3.99	PROCESADO OK	gsellant		
1601351307	62325	825	P	CTE	0815001377	F	Jan 24 2024 12:00AM	Feb 7 2024 12:00AM	Mar 10 2014 12:00AM		0.00	20.88	Jan 24 2024 12:00AM	Feb 8 2024 12:00AM	Jan 24 2024 12:00AM	20.88	PROCESADO OK			
1601351343	5163	825	P	CTE	0815000062	F	Jan 24 2024 12:00AM	Feb 7 2024 12:00AM	Mar 10 2014 12:00AM		0.00	26.37	Jan 24 2024 12:00AM	Feb 8 2024 12:00AM	Jan 24 2024 12:00AM	26.37	PROCESADO OK			
1601351361	5163	825	P	CTE	0815000062	F	Jan 24 2024 12:00AM	Feb 7 2024 12:00AM	Mar 10 2014 12:00AM		0.00	62.14	Jan 24 2024 12:00AM	Feb 8 2024 12:00AM	Jan 24 2024 12:00AM	62.14	PROCESADO OK			
1601352404	155624	825	E	CTE	0065044753	F	May 14 2022 12:00AM	May 27 2022 12:00AM	Mar 13 2017 12:00AM	May 17 2022 12:00AM	0.00	4.03	May 14 2022 12:00AM	May 29 2022 12:00AM	May 14 2022 12:00AM	4.03	ELIMINADO		eachinim	
1601355072	13430	825	C	CTE	0035014403	F	Jan 24 2024 12:00AM	Jan 5 2024 12:00AM	Jun 8 2012 12:00AM		0.00	(88)ERROR DE PROVEEDOR			Dec 22 2023 12:00AM	0.00	ERROR DE PROVEEDOR			
1601355107	87971	825	C	CTE	0035011347	F	Jan 23 2024 12:00AM	Dec 29 2023 12:00AM	Dec 26 2012 12:00AM		0.00	(31017)FONDOS INSUFICIENTES	Jan 18 2024 12:00AM	Feb 2 2024 12:00AM	Dec 22 2023 12:00AM	33.50	FONDOS INSUFICIENTES			
1601356909	162062	825	C	CTE	0025007895	F	Jan 16 2024 12:00AM	Sep 18 2018 12:00AM	Jul 18 2012 12:00AM	Mar 28 2013 12:00AM	0.00	(31017)FONDOS INSUFICIENTES	Jan 11 2024 12:00AM	Jan 26 2024 12:00AM		28.30	FONDOS INSUFICIENTES			
1601356981	1276959	825	P	AHO	7001131713	F	Jan 11 2024 12:00AM	Jan 25 2024 12:00AM	Aug 9 2017 12:00AM		0.00	14.96	Jan 11 2024 12:00AM	Jan 26 2024 12:00AM	Jan 11 2024 12:00AM	14.96	PROCESADO OK			
1601362867	1595993	825	C	AHO	0841257411	F	Jan 24 2024 12:00AM	Jan 3 2024 12:00AM	Sep 24 2019 12:00AM		0.00	(88)ERROR DE PROVEEDOR			Dec 22 2023 12:00AM	0.00	ERROR DE PROVEEDOR	econtreg		
1601366612	134866	825	C	CTE	0025005013	F	Jan 24 2024 12:00AM	Jan 3 2024 12:00AM	Apr 10 2015 12:00AM	Mar 15 2018 12:00AM	0.00	(88)ERROR DE PROVEEDOR			Dec 20 2023 12:00AM	0.00	ERROR DE PROVEEDOR			
1601367274	308580	825	P	AHO	0041119071	F	Jan 18 2024 12:00AM	Feb 1 2024 12:00AM	Aug 19 2013 12:00AM		0.00	21.04	Jan 18 2024 12:00AM	Feb 2 2024 12:00AM	Jan 18 2024 12:00AM	21.04	PROCESADO OK			
1601368264	2851	825	E	CTE	0009000494	F	Jan 9 2019 12:00AM	Jan 22 2019 12:00AM	Apr 10 2017 12:00AM	Jan 11 2019 12:00AM	0.00	221.5	Jan 9 2019 12:00AM	Jan 24 2019 12:00AM	Jan 9 2019 12:00AM	221.50	ELIMINADO		aaguirrv	
1601368736	68913	825	C	CTE	5009000482	F	Jan 24 2024 12:00AM	Jan 5 2024 12:00AM	Jun 8 2012 12:00AM		0.00	(88)ERROR DE PROVEEDOR			Dec 22 2023 12:00AM	0.00	ERROR DE PROVEEDOR			
1601373668	1035448	825	E	AHO	7001134621	F	May 13 2021 12:00AM	May 26 2021 12:00AM	Dec 18 2013 12:00AM	May 19 2021 12:00AM	0.00	31.07	May 13 2021 12:00AM	May 28 2021 12:00AM	May 13 2021 12:00AM	31.07	ELIMINADO		ebajanat	
1601376601	203987	825	C	CTE	5075001228	F	Jan 24 2024 12:00AM	Jan 5 2024 12:00AM	Jun 18 2012 12:00AM	Aug 5 2013 12:00AM	0.00	(88)ERROR DE PROVEEDOR			Dec 22 2023 12:00AM	0.00	ERROR DE PROVEEDOR			
1601378048	514	825	C	CTE	0005199231	F	Jan 24 2024 12:00AM	Aug 21 2018 12:00AM	Jun 7 2012 12:00AM	Nov 15 2016 12:00AM	0.00	(88)ERROR DE PROVEEDOR				0.00	ERROR DE PROVEEDOR			
1601382140	2	825	E	CTE	0000010007	F	Jan 24 2024 12:00AM	Sep 6 2019 12:00AM	Jun 8 2012 12:00AM	Sep 11 2019 12:00AM	0.00	EN PROCESO DE DEBITO			Aug 23 2019 12:00AM	0.00	EN PROCESO DE DEBITO		cvalles	
1601382140	5229	825	C	CTE	0035000330	F	Jan 24 2024 12:00AM	Jan 5 2024 12:00AM	Sep 24 2019 12:00AM		0.00	(88)ERROR DE PROVEEDOR			Dec 22 2023 12:00AM	0.00	ERROR DE PROVEEDOR	econtreg		
1601382168	5274	825	C	CTE	0030025639	F	Jan 24 2024 12:00AM	Jan 5 2024 12:00AM	Feb 24 2017 12:00AM	Feb 24 2017 12:00AM	0.00	(88)ERROR DE PROVEEDOR			Dec 22 2023 12:00AM	0.00	ERROR DE PROVEEDOR			
1601382266	1300484	825	C	CTE	5025019736	F	Jan 24 2024 12:00AM	Jun 5 2023 12:00AM	Oct 22 2013 12:00AM		0.00	(88)ERROR DE PROVEEDOR			May 23 2023 12:00AM	0.00	ERROR DE PROVEEDOR			
1601385548	165229	825	P	CTE	5075001866	F	Jan 16 2024 12:00AM	Jan 30 2024 12:00AM	Jun 8 2012 12:00AM		0.00	10.08	Jan 16 2024 12:00AM	Jan 31 2024 12:00AM	Jan 16 2024 12:00AM	10.08	PROCESADO OK			
1601398231	193113	825	P	CTE	0005109340	F	Jan 16 2024 12:00AM	Jan 30 2024 12:00AM	May 16 2018 12:00AM		0.00	134.31	Jan 16 2024 12:00AM	Jan 31 2024 12:00AM	Jan 16 2024 12:00AM	134.31	PROCESADO OK			
1601403476	767173	825	C	CTE	0005209202	F	Jan 24 2024 12:00AM	Dec 29 2023 12:00AM	Nov 15 2023 12:00AM		0.00	(88)ERROR DE PROVEEDOR			Dec 16 2023 12:00AM	0.00	ERROR DE PROVEEDOR	kvizueto		
1601407766	4273	825	P	CTE	0010024054	F	Jan 12 2024 12:00AM	Jan 26 2024 12:00AM	Jun 8 2012 12:00AM		0.00	3.99	Jan 12 2024 12:00AM	Jan 27 2024 12:00AM	Jan 12 2024 12:00AM	3.99	PROCESADO OK			
1601409951	1142712	825	C	CTE	0985008011	F	Jan 24 2024 12:00AM	Jan 6 2024 12:00AM	Jan 27 2022 12:00AM		400.00	(88)ERROR DE PROVEEDOR			Dec 22 2023 12:00AM	0.00	ERROR DE PROVEEDOR	ebajanat		
1601418647	2851	825	E	CTE	0009000494	F	Jan 9 2019 12:00AM	Jan 22 2019 12:00AM	Apr 10 2017 12:00AM	Jan 11 2019 12:00AM	0.00	374.77	Jan 9 2019 12:00AM	Jan 24 2019 12:00AM	Jan 9 2019 12:00AM	374.77	ELIMINADO		aaguirrv	
1601419156	108715	825	C	AHO	0061053649	F	Jan 24 2024 12:00AM	Jan 5 2024 12:00AM	Apr 24 2023 12:00AM		120.00	(88)ERROR DE PROVEEDOR			Dec 22 2023 12:00AM	0.00	ERROR DE PROVEEDOR	kvizueto		
1601422231	123229	825	E	CTE	0005070730	F	Nov 27 2018 12:00AM	Dec 8 2018 12:00AM	Jun 19 2012 12:00AM	Nov 27 2018 12:00AM	0.00	90.36	Nov 27 2018 12:00AM	Dec 7 2018 12:00AM	Nov 27 2018 12:00AM	90.36	ELIMINADO		aaguirrv	
1601428020	1696239	825	P	AHO	7001183685	F	Jan 18 2024 12:00AM	Jan 30 2024 12:00AM	May 24 2023 12:00AM		0.00	54.67	Jan 15 2024 12:00AM	Jan 30 2024 12:00AM	Jan 18 2024 12:00AM	54.67	PROCESADO OK	ebajanat		
1601429591	589225	825	C	CTE	0035049885	F	Jan 24 2024 12:00AM	Dec 27 2023 12:00AM	Jun 8 2015 12:00AM		0.00	(88)ERROR DE PROVEEDOR			Dec 14 2023 12:00AM	0.00	ERROR DE PROVEEDOR			
1601433853	2745	825	R	CTE	0000141220	F	Jul 21 2023 12:00AM	Jul 5 2023 12:00AM	Jun 8 2012 12:00AM		0.00	(31088)CUENTA NO ACTIVA O CANCELADA	Jul 21 2023 12:00AM	Aug 5 2023 12:00AM	Jun 22 2023 12:00AM	31.00	CUENTA INACTIVA - CANCELADA - CERRADA - DEP. INICIAL			
1601435977	127852	825	P	CTE	0005212389	F	Jan 11 2024 12:00AM	Jan 25 2024 12:00AM	Feb 9 2018 12:00AM	Feb 9 2018 12:00AM	0.00	1.69	Jan 11 2024 12:00AM	Jan 26 2024 12:00AM	Jan 11 2024 12:00AM	1.69	PROCESADO OK			
1601436887	14279	825	E	CTE	0935009352	F	Jan 24 2024 12:00AM	Jun 24 2020 12:00AM	Jun 8 2012 12:00AM	Jun 19 2020 12:00AM	0.00	EN PROCESO DE DEBITO			May 26 2020 12:00AM	0.00	EN PROCESO DE DEBITO		econtreg	
1601436887	464245	825	C	CTE	0005176140	F	Jan 24 2024 12:00AM	Jan 10 2024 12:00AM	Oct 2 2020 12:00AM		200.00	(88)ERROR DE PROVEEDOR			Dec 27 2023 12:00AM	0.00	ERROR DE PROVEEDOR	ebajanat		
1601441782	213	825	C	CTE	0000037426	F	Jan 24 2024 12:00AM	Jan 5 2024 12:00AM	Jun 8 2012 12:00AM		0.00	(88)ERROR DE PROVEEDOR			Dec 22 2023 12:00AM	0.00	ERROR DE PROVEEDOR			
1601445225	193113	825	C	CTE	0005109340	F	Jan 24 2024 12:00AM	Jan 2 2024 12:00AM	May 16 2018 12:00AM		0.00	(88)ERROR DE PROVEEDOR			Dec 20 2023 12:00AM	0.00	ERROR DE PROVEEDOR			
1601445662	3483	825	P	CTE	0000116974	F	Jan 23 2024 12:00AM	Feb 6 2024 12:00AM	Jun 8 2012 12:00AM		0.00	64.41	Jan 23 2024 12:00AM	Feb 7 2024 12:00AM	Jan 23 2024 12:00AM	64.41	PROCESADO OK			
1601445920	10886	825	C	CTE	0005043002	F	Jan 24 2024 12:00AM	Jan 5 2024 12:00AM	Jun 8 2012 12:00AM		0.00	(88)ERROR DE PROVEEDOR			Dec 22 2023 12:00AM	0.00	ERROR DE PROVEEDOR			
1601445948	146	825	C	CTE	0000027700	F	Jan 24 2024 12:00AM	Jan 5 2024 12:00AM	Jun 8 2012 12:00AM		0.00	(88)ERROR DE PROVEEDOR			Dec 22 2023 12:00AM	0.00	ERROR DE PROVEEDOR			
1601448552	1520	825	C	CTE	0005021969	F	Jan 24 2024 12:00AM	Dec 29 2023 12:00AM	Jun 8 2012 12:00AM		0.00	(88)ERROR DE PROVEEDOR			Dec 16 2023 12:00AM	0.00	ERROR DE PROVEEDOR			
1601448570	1520	825	E	CTE	0005021969	F	Apr 14 2023 12:00AM	Apr 27 2023 12:00AM	Jun 8 2012 12:00AM	Apr 18 2023 12:00AM	0.00	201.58	Apr 14 2023 12:00AM	Apr 29 2023 12:00AM	Apr 14 2023 12:00AM	201.58	ELIMINADO		ebajanat	
1601448589	11400	825	C	CTE	0000110695	F	Jan 24 2024 12:00AM	Dec 29 2023 12:00AM	Jun 8 2012 12:00AM		0.00	(88)ERROR DE PROVEEDOR			Dec 16 2023 12:00AM	0.00	ERROR DE PROVEEDOR			
1601452911	4923	825	R	AHO	2020603666	F	Jan 27 2020 12:00AM	Jul 5 2019 12:00AM	Jun 8 2012 12:00AM		0.00	CUENTA NO ESTA ACTIVA	Jan 27 2020 12:00AM	Feb 11 2020 12:00AM	Jun 24 2019 12:00AM	115.92	CUENTA INACTIVA - CANCELADA - CERRADA - DEP. INICIAL			
1601455099	1365467	825	C	AHO	0011153797	F	Jan 24 2024 12:00AM	Dec 29 2023 12:00AM	Jan 23 2023 12:00AM		0.00	(88)ERROR DE PROVEEDOR			Dec 16 2023 12:00AM	0.00	ERROR DE PROVEEDOR	kvizueto		
1601469672	187884	825	R	AHO	0001422923	F	Nov 18 2022 12:00AM	May 2 2022 12:00AM	Jun 9 2014 12:00AM		0.00	(41001)NO EXISTE CUENTA DE AHORROS	Nov 18 2022 12:00AM	Dec 3 2022 12:00AM	Apr 23 2022 12:00AM	9.42	CUENTA INACTIVA - CANCELADA - CERRADA - DEP. INICIAL			
1601470740	829958	825	C	CTE	0935007699	F	Jan 24 2024 12:00AM	Aug 21 2018 12:00AM	Jul 18 2012 12:00AM		0.00	(88)ERROR DE PROVEEDOR				0.00	ERROR DE PROVEEDOR			
1601473042	14760	825	P	CTE	0005028791	F	Jan 12 2024 12:00AM	Jan 27 2024 12:00AM	Jun 7 2012 12:00AM		0.00	88.62	Jan 12 2024 12:00AM	Jan 27 2024 12:00AM	Jan 12 2024 12:00AM	88.62	PROCESADO OK			
1601473809	232834	825	C	CTE	0005148457	F	Jan 24 2024 12:00AM	Jan 3 2024 12:00AM	Feb 10 2014 12:00AM		0.00	(88)ERROR DE PROVEEDOR			Dec 20 2023 12:00AM	0.00	ERROR DE PROVEEDOR			
1601473818	232834	825	C	CTE	0005148457	F	Jan 24 2024 12:00AM	Jan 3 2024 12:00AM	Feb 10 2014 12:00AM		0.00	(88)ERROR DE PROVEEDOR			Dec 20 2023 12:00AM	0.00	ERROR DE PROVEEDOR			
1601473827	232834	825	C	CTE	0005148457	F	Jan 24 2024 12:00AM	Jan 3 2024 12:00AM	Feb 10 2014 12:00AM		0.00	(88)ERROR DE PROVEEDOR			Dec 20 2023 12:00AM	0.00	ERROR DE PROVEEDOR			
1601475996	131523	825	P	AHO	0021031277	F	Jan 11 2024 12:00AM	Jan 25 2024 12:00AM	Jul 23 2012 12:00AM		0.00	37.17	Jan 11 2024 12:00AM	Jan 26 2024 12:00AM	Jan 11 2024 12:00AM	37.17	PROCESADO OK			
1601476067	1924	825	C	CTE	0000108009	F	Jan 24 2024 12:00AM	Jan 5 2024 12:00AM	May 30 2012 12:00AM		0.00	(88)ERROR DE PROVEEDOR			Dec 22 2023 12:00AM	0.00	ERROR DE PROVEEDOR			
1601476147	1819335	825	C	CTE	1675003606	F	Jan 24 2024 12:00AM	Jan 5 2024 12:00AM	Oct 2 2020 12:00AM		100.00	(88)ERROR DE PROVEEDOR			Dec 22 2023 12:00AM	0.00	ERROR DE PROVEEDOR	econtreg		
1601485262	237658	825	P	CTE	0005128141	F	Jan 19 2024 12:00AM	Jan 25 2024 12:00AM	Jan 18 2024 12:00AM		0.00	32.99	Jan 19 2024 12:00AM	Feb 3 2024 12:00AM	Jan 19 2024 12:00AM	32.99	PROCESADO OK	hclavijm		
1601485413	85267	825	C	CTE	0005078741	F	Jan 24 2024 12:00AM	Jan 5 2024 12:00AM	Nov 14 2014 12:00AM		0.00	(88)ERROR DE PROVEEDOR			Dec 22 2023 12:00AM	0.00	ERROR DE PROVEEDOR			
1601495634	14281	825	R	CTE	0005032107	F	Jan 16 2024 12:00AM	Aug 17 2021 12:00AM	Jun 8 2012 12:00AM		0.00	EN PROCESO DE DEBITO	Feb 19 2022 12:00AM	Mar 6 2022 12:00AM	Aug 4 2021 12:00AM	56.89	EN PROCESO DE DEBITO			
1601495634	96716	825	P	CTE	0005032040	F	Jan 16 2024 12:00AM	Jan 30 2024 12:00AM	Aug 8 2022 12:00AM		500.00	82.38	Jan 16 2024 12:00AM	Jan 31 2024 12:00AM	Jan 16 2024 12:00AM	82.38	PROCESADO OK	eachinim		
1601501002	2527	825	R	CTE	0000118420	F	Jun 20 2023 12:00AM	Dec 6 2022 12:00AM	Jun 8 2012 12:00AM	Sep 25 2013 12:00AM	0.00	(31088)CUENTA NO ACTIVA O CANCELADA	Jun 20 2023 12:00AM	Jul 5 2023 12:00AM	Nov 23 2022 12:00AM	27.10	CUENTA INACTIVA - CANCELADA - CERRADA - DEP. INICIAL			
1601504786	118812	825	P	AHO	7001021537	F	Jan 24 2024 12:00AM	Feb 7 2024 12:00AM	Mar 31 2017 12:00AM		0.00	214.39	Jan 24 2024 12:00AM	Feb 8 2024 12:00AM	Jan 24 2024 12:00AM	214.39	PROCESADO OK			
1601512090	7510	825	P	CTE	2000052012	F	Jan 11 2024 12:00AM	Jan 25 2024 12:00AM	Jun 8 2012 12:00AM		0.00	14.95	Jan 11 2024 12:00AM	Jan 26 2024 12:00AM	Jan 11 2024 12:00AM	14.95	PROCESADO OK			
1601519510	21478	825	R	CTE	4005028599	F	Jul 24 2021 12:00AM	Jul 8 2021 12:00AM	Feb 1 2017 12:00AM		0.00	(31088)CUENTA NO ACTIVA O CANCELADA	Jul 24 2021 12:00AM	Aug 8 2021 12:00AM	Jul 2 2021 12:00AM	26.51	CUENTA INACTIVA - CANCELADA - CERRADA - DEP. INICIAL			
1601539277	313736	825	C	CTE	5005017734	F	Jan 24 2024 12:00AM	Dec 20 2023 12:00AM	Jun 7 2012 12:00AM		0.00	(88)ERROR DE PROVEEDOR			Dec 6 2023 12:00AM	0.00	ERROR DE PROVEEDOR			
1601543930	20863	825	R	AHO	4001026847	F	Mar 5 2020 12:00AM	Jul 15 2019 12:00AM	Jun 8 2012 12:00AM		0.00	CUENTA NO ESTA ACTIVA	Mar 5 2020 12:00AM	Mar 20 2020 12:00AM	Jul 26 2019 12:00AM	9.28	CUENTA INACTIVA - CANCELADA - CERRADA - DEP. INICIAL			
1601547543	237653	825	C	AHO	0851010187	F	Jan 24 2024 12:00AM	Jan 5 2024 12:00AM	Sep 21 2023 12:00AM		30.00	(88)ERROR DE PROVEEDOR			Dec 22 2023 12:00AM	0.00	ERROR DE PROVEEDOR	gsellant		
1601554179	5752	825	C	CTE	5005047678	F	Jan 24 2024 12:00AM	Jan 3 2024 12:00AM	Jun 8 2012 12:00AM		0.00	(88)ERROR DE PROVEEDOR			Dec 20 2023 12:00AM	0.00	ERROR DE PROVEEDOR			
1601557434	146217	825	P	CTE	5055001453	F	Jan 16 2024 12:00AM	Jan 30 2024 12:00AM	Jun 8 2018 12:00AM		0.00	352.48	Jan 16 2024 12:00AM	Jan 31 2024 12:00AM	Jan 16 2024 12:00AM	352.48	PROCESADO OK			
1601557960	14892	825	C	CTE	0065002023	F	Jan 24 2024 12:00AM	Jan 10 2024 12:00AM	Oct 28 2020 12:00AM		100.00	(88)ERROR DE PROVEEDOR			Dec 27 2023 12:00AM	0.00	ERROR DE PROVEEDOR	ebajanat		
1601560527	705630	825	P	CTE	1105014655	F	Jan 16 2024 12:00AM	Jan 30 2024 12:00AM	Oct 16 2017 12:00AM		0.00	16.55	Jan 16 2024 12:00AM	Jan 31 2024 12:00AM	Jan 16 2024 12:00AM	16.55	PROCESADO OK			
1601565210	685615	825	C	CTE	0005203673	F	Jan 24 2024 12:00AM	Oct 19 2018 12:00AM	Jun 7 2012 12:00AM		0.00	(88)ERROR DE PROVEEDOR			Oct 6 2018 12:00AM	0.00	ERROR DE PROVEEDOR			
1601572391	825858	825	P	AHO	7001065913	F	Jan 11 2024 12:00AM	Jan 26 2024 12:00AM	Jun 8 2012 12:00AM		0.00	26.19	Jan 11 2024 12:00AM	Jan 26 2024 12:00AM	Jan 11 2024 12:00AM	26.19	PROCESADO OK			
1601572462	70573	825	C	CTE	0035016092	F	Jan 24 2024 12:00AM	Jan 5 2024 12:00AM	Jun 8 2012 12:00AM		0.00	(88)ERROR DE PROVEEDOR			Dec 22 2023 12:00AM	0.00	ERROR DE PROVEEDOR			
1601572818	203606	825	P	CTE	0005220328	F	Jan 16 2024 12:00AM	Jan 30 2024 12:00AM	Nov 6 2017 12:00AM		0.00	5.06	Jan 16 2024 12:00AM	Jan 31 2024 12:00AM	Jan 16 2024 12:00AM	5.06	PROCESADO OK			
1601578117	14171	825	R	CTE	0005220409	F	Oct 5 2021 12:00AM	Mar 14 2020 12:00AM	Feb 3 2017 12:00AM		0.00	(31088)CUENTA NO ACTIVA O CANCELADA	Oct 5 2021 12:00AM	Oct 20 2021 12:00AM	Mar 4 2020 12:00AM	24.98	CUENTA INACTIVA - CANCELADA - CERRADA - DEP. INICIAL			
1601582852	164988	825	P	CTE	0005081066	F	Jan 11 2024 12:00AM	Jan 25 2024 12:00AM	Jun 8 2012 12:00AM		0.00	20.88	Jan 11 2024 12:00AM	Jan 26 2024 12:00AM	Jan 11 2024 12:00AM	20.88	PROCESADO OK			
1601591398	829958	825	C	CTE	0935007699	F	Jan 24 2024 12:00AM	Aug 21 2018 12:00AM	Jul 18 2012 12:00AM		0.00	(88)ERROR DE PROVEEDOR				0.00	ERROR DE PROVEEDOR			
1601597427	175765	825	C	CTE	0005095108	F	Jan 24 2024 12:00AM	Jan 5 2024 12:00AM	Feb 19 2013 12:00AM		0.00	(88)ERROR DE PROVEEDOR			Dec 22 2023 12:00AM	0.00	ERROR DE PROVEEDOR			
1601605454	342624	825	P	CTE	0035024017	F	Jan 11 2024 12:00AM	Jan 20 2024 12:00AM	Jul 18 2012 12:00AM		0.00	38.54	Jan 11 2024 12:00AM	Jan 26 2024 12:00AM	Jan 11 2024 12:00AM	38.54	PROCESADO OK			
1601618887	251	825	C	CTE	0000024006	F	Jan 24 2024 12:00AM	Aug 28 2023 12:00AM	Jun 8 2012 12:00AM		0.00	(88)ERROR DE PROVEEDOR			Aug 15 2023 12:00AM	0.00	ERROR DE PROVEEDOR			
1601640031	2851	825	E	CTE	0009000494	F	Jan 9 2019 12:00AM	Jan 22 2019 12:00AM	Apr 10 2017 12:00AM	Jan 11 2019 12:00AM	0.00	452.39	Jan 9 2019 12:00AM	Jan 24 2019 12:00AM	Jan 9 2019 12:00AM	452.39	ELIMINADO		aaguirrv	
1601640978	75538	825	P	CTE	5005027012	F	Jan 18 2024 12:00AM	Feb 1 2024 12:00AM	Oct 19 2012 12:00AM		0.00	3551.56	Jan 18 2024 12:00AM	Feb 2 2024 12:00AM	Jan 18 2024 12:00AM	3,551.56	PROCESADO OK			
1601642734	282889	825	C	AHO	7001023025	F	Jan 24 2024 12:00AM	Jan 5 2024 12:00AM	May 30 2012 12:00AM		0.00	(88)ERROR DE PROVEEDOR			Dec 22 2023 12:00AM	0.00	ERROR DE PROVEEDOR			
1601649853	297103	825	P	AHO	0841027581	F	Jan 22 2024 12:00AM	Feb 6 2024 12:00AM	Nov 23 2020 12:00AM		0.00	5.13	Jan 22 2024 12:00AM	Feb 6 2024 12:00AM	Jan 22 2024 12:00AM	5.13	PROCESADO OK	ebajanat		
1601652759	13423	825	E	CTE	0005202456	F	May 28 2019 12:00AM	Jun 8 2019 12:00AM	Jun 8 2012 12:00AM	May 31 2019 12:00AM	0.00	127.69	May 28 2019 12:00AM	Jun 12 2019 12:00AM	May 28 2019 12:00AM	127.69	ELIMINADO		econtreg	
1601653017	10629	825	E	CTE	0005066548	F	Oct 22 2019 12:00AM	Oct 5 2019 12:00AM	Jun 8 2012 12:00AM	Oct 22 2019 12:00AM	0.00	(122)FACTURA HA SIDO CANCELADA			Sep 24 2019 12:00AM	0.00	ABONADO NO TIENE DEUDA PENDIENTE		cvalles	
1601653525	60315	825	R	CTE	5025002769	F	Oct 23 2018 12:00AM	Sep 5 2018 12:00AM	Jun 8 2012 12:00AM		0.00	CUENTA NO ESTA ACTIVA	Oct 18 2018 12:00AM	Oct 28 2018 12:00AM		18.45	CUENTA INACTIVA - CANCELADA - CERRADA - DEP. INICIAL			
1601655961	276786	825	P	AHO	0001616005	F	Jan 12 2024 12:00AM	Jan 26 2024 12:00AM	Jun 8 2012 12:00AM		0.00	5.66	Jan 12 2024 12:00AM	Jan 27 2024 12:00AM	Jan 12 2024 12:00AM	5.66	PROCESADO OK			
1601656933	526845	825	P	AHO	0861034063	F	Jan 16 2024 12:00AM	Jan 30 2024 12:00AM	Dec 11 2018 12:00AM		0.00	27.32	Jan 16 2024 12:00AM	Jan 31 2024 12:00AM	Jan 16 2024 12:00AM	27.32	PROCESADO OK	aaguirrv		
1601658085	125942	825	C	CTE	0005070204	F	Jan 24 2024 12:00AM	Jan 5 2024 12:00AM	May 30 2012 12:00AM		0.00	(88)ERROR DE PROVEEDOR			Dec 22 2023 12:00AM	0.00	ERROR DE PROVEEDOR			
1601668449	74899	825	P	CTE	4015000701	F	Jan 11 2024 12:00AM	Jan 25 2024 12:00AM	Jun 8 2012 12:00AM		0.00	17.08	Jan 11 2024 12:00AM	Jan 26 2024 12:00AM	Jan 11 2024 12:00AM	17.08	PROCESADO OK			
1601673040	10888	825	P	CTE	0000015138	F	Jan 16 2024 12:00AM	Jan 31 2024 12:00AM	Jun 7 2012 12:00AM		0.00	297.22	Jan 16 2024 12:00AM	Jan 31 2024 12:00AM	Jan 16 2024 12:00AM	297.22	PROCESADO OK			
1601676154	200901	825	C	CTE	0025012992	F	Jan 24 2024 12:00AM	Jan 3 2024 12:00AM	Jul 16 2012 12:00AM		0.00	(88)ERROR DE PROVEEDOR			Dec 20 2023 12:00AM	0.00	ERROR DE PROVEEDOR			
1601677545	60455	825	C	AHO	0001118175	F	Jan 24 2024 12:00AM	Dec 29 2023 12:00AM	Dec 11 2013 12:00AM		0.00	(88)ERROR DE PROVEEDOR			Dec 16 2023 12:00AM	0.00	ERROR DE PROVEEDOR			
1601683173	119023	825	C	CTE	0005135006	F	Jan 24 2024 12:00AM	Dec 21 2023 12:00AM	Jun 9 2014 12:00AM		0.00	(88)ERROR DE PROVEEDOR			Dec 11 2023 12:00AM	0.00	ERROR DE PROVEEDOR			
1601688551	331950	825	R	CTE	7005013017	F	Jun 19 2019 12:00AM	Jun 3 2019 12:00AM	Sep 9 2015 12:00AM		0.00	CUENTA NO ESTA ACTIVA	Jun 19 2019 12:00AM	Jul 4 2019 12:00AM	May 22 2019 12:00AM	29.45	CUENTA INACTIVA - CANCELADA - CERRADA - DEP. INICIAL			
1601692350	185374	825	P	AHO	4021077365	F	Jan 18 2024 12:00AM	Feb 1 2024 12:00AM	Jun 9 2015 12:00AM	Nov 15 2016 12:00AM	0.00	3.99	Jan 18 2024 12:00AM	Feb 2 2024 12:00AM	Jan 18 2024 12:00AM	3.99	PROCESADO OK			
1601694063	302022	825	C	CTE	7005004499	F	Jan 24 2024 12:00AM	Nov 29 2023 12:00AM	Jun 16 2022 12:00AM		0.00	(88)ERROR DE PROVEEDOR			Nov 16 2023 12:00AM	0.00	ERROR DE PROVEEDOR	eachinim		
1601704631	220154	825	P	AHO	1121005720	F	Jan 11 2024 12:00AM	Jan 25 2024 12:00AM	Aug 11 2021 12:00AM		0.00	7.65	Jan 11 2024 12:00AM	Jan 26 2024 12:00AM	Jan 11 2024 12:00AM	7.65	PROCESADO OK	ebajanat		
1601724619	418039	825	R	CTE	0005168813	F	Sep 21 2023 12:00AM	Sep 5 2023 12:00AM	Apr 20 2016 12:00AM		0.00	(31088)CUENTA NO ACTIVA O CANCELADA	Sep 21 2023 12:00AM	Oct 6 2023 12:00AM	Aug 23 2023 12:00AM	14.10	CUENTA INACTIVA - CANCELADA - CERRADA - DEP. INICIAL			
1601727796	1	825	P		0045032001	F	Jan 11 2024 12:00AM	Jan 26 2024 12:00AM	Feb 18 2021 12:00AM		0.00	948.77	Jan 11 2024 12:00AM	Jan 26 2024 12:00AM	Jan 11 2024 12:00AM	948.77	PROCESADO OK			S
1601728535	178454	825	P	CTE	0015004648	F	Jan 19 2024 12:00AM	Feb 2 2024 12:00AM	Sep 18 2023 12:00AM		20.00	7.79	Jan 19 2024 12:00AM	Feb 3 2024 12:00AM	Jan 19 2024 12:00AM	7.79	PROCESADO OK	kvizueto		
1601735215	2465	825	P	AHO	0971000660	F	Jan 11 2024 12:00AM	Jan 20 2024 12:00AM	May 10 2013 12:00AM		0.00	57.79	Jan 11 2024 12:00AM	Jan 26 2024 12:00AM	Jan 11 2024 12:00AM	57.79	PROCESADO OK			
1601740879	1	825	P		0045032001	F	Jan 16 2024 12:00AM	Jan 30 2024 12:00AM	Mar 5 2021 12:00AM		0.00	51.77	Jan 16 2024 12:00AM	Jan 31 2024 12:00AM	Jan 16 2024 12:00AM	51.77	PROCESADO OK			S
1601741164	23763	825	C	AHO	0841137685	F	Jan 24 2024 12:00AM	Jan 5 2024 12:00AM	Apr 15 2014 12:00AM		0.00	(88)ERROR DE PROVEEDOR			Dec 22 2023 12:00AM	0.00	ERROR DE PROVEEDOR			
1601742118	158203	825	E	CTE	4025002005	F	Mar 30 2020 12:00AM	Feb 26 2020 12:00AM	Jun 19 2012 12:00AM	Mar 30 2020 12:00AM	0.00	(70013)Proveedor no disponible			Feb 17 2020 12:00AM	0.00	ELIMINADO		econtreg	
1601742626	12169	825	C	CTE	0000150286	F	Jan 24 2024 12:00AM	Jan 3 2024 12:00AM	Jul 20 2017 12:00AM		0.00	(88)ERROR DE PROVEEDOR			Dec 20 2023 12:00AM	0.00	ERROR DE PROVEEDOR			
1601750518	96003	825	C	AHO	0002289626	F	Jan 24 2024 12:00AM	Jan 3 2024 12:00AM	Aug 12 2014 12:00AM		0.00	(88)ERROR DE PROVEEDOR			Dec 20 2023 12:00AM	0.00	ERROR DE PROVEEDOR			
1601751036	164429	825	P	CTE	0025008067	F	Jan 16 2024 12:00AM	Jan 31 2024 12:00AM	Jun 19 2012 12:00AM		0.00	127.88	Jan 16 2024 12:00AM	Jan 31 2024 12:00AM	Jan 16 2024 12:00AM	127.88	PROCESADO OK			
1601752393	1527748	825	C	CTE	5005075716	F	Jan 24 2024 12:00AM	Jan 5 2024 12:00AM	Nov 14 2016 12:00AM		0.00	(88)ERROR DE PROVEEDOR			Dec 22 2023 12:00AM	0.00	ERROR DE PROVEEDOR			
1601752810	4607	825	C	CTE	0020024783	F	Jan 24 2024 12:00AM	Jan 3 2024 12:00AM	Jun 8 2012 12:00AM		0.00	(88)ERROR DE PROVEEDOR			Dec 20 2023 12:00AM	0.00	ERROR DE PROVEEDOR			
1601763354	15362	825	C	CTE	0040010966	F	Jan 24 2024 12:00AM	Jan 3 2024 12:00AM	Feb 12 2015 12:00AM		0.00	(88)ERROR DE PROVEEDOR			Dec 20 2023 12:00AM	0.00	ERROR DE PROVEEDOR			
1601774976	1176911	825	C	AHO	0951121340	F	Jan 24 2024 12:00AM	Jan 4 2024 12:00AM	Aug 11 2014 12:00AM		0.00	(88)ERROR DE PROVEEDOR			Dec 21 2023 12:00AM	0.00	ERROR DE PROVEEDOR			
1601783797	854550	825	R	CTE	0005217434	F	Jul 12 2019 12:00AM	Sep 25 2018 12:00AM	Jun 8 2012 12:00AM		0.00	CUENTA NO ESTA ACTIVA	Jul 12 2019 12:00AM	Jul 27 2019 12:00AM		71.75	CUENTA INACTIVA - CANCELADA - CERRADA - DEP. INICIAL			
1601794160	60670	825	C	CTE	0005042728	F	Jan 24 2024 12:00AM	Jan 3 2024 12:00AM	Nov 21 2016 12:00AM		0.00	(88)ERROR DE PROVEEDOR			Dec 20 2023 12:00AM	0.00	ERROR DE PROVEEDOR			
1601797979	13944	825	R	AHO	0048001806	F	Aug 7 2020 12:00AM	Jan 29 2020 12:00AM	Jun 8 2012 12:00AM		0.00	CUENTA NO ESTA ACTIVA	Aug 7 2020 12:00AM	Aug 22 2020 12:00AM	Jan 17 2020 12:00AM	69.53	CUENTA INACTIVA - CANCELADA - CERRADA - DEP. INICIAL			
1601801349	279460	825	P	AHO	7001014515	F	Jan 17 2024 12:00AM	Feb 1 2024 12:00AM	Jun 8 2012 12:00AM		0.00	13.43	Jan 17 2024 12:00AM	Feb 1 2024 12:00AM	Jan 17 2024 12:00AM	13.43	PROCESADO OK			
1601807343	1551548	825	E	AHO	7001160219	F	Aug 7 2020 12:00AM	Aug 17 2020 12:00AM	Jan 18 2016 12:00AM	Aug 12 2020 12:00AM	0.00	23.11	Aug 7 2020 12:00AM	Aug 22 2020 12:00AM	Aug 7 2020 12:00AM	23.11	ELIMINADO		econtreg	
1601812060	331033	825	E	AHO	0021179979	F	Apr 26 2021 12:00AM	Mar 31 2021 12:00AM	Apr 19 2016 12:00AM	Apr 26 2021 12:00AM	0.00	EN PROCESO DE DEBITO			Mar 17 2021 12:00AM	0.00	ELIMINADO		ebajanat	
1601812667	93445	825	E	AHO	4001039635	F	May 23 2019 12:00AM	Jun 3 2019 12:00AM	Sep 19 2012 12:00AM	May 28 2019 12:00AM	0.00	4.4	May 23 2019 12:00AM	Jun 7 2019 12:00AM	May 23 2019 12:00AM	4.40	ELIMINADO		ebajanat	
1601812907	164429	825	P	CTE	0025008067	F	Jan 16 2024 12:00AM	Jan 30 2024 12:00AM	Jun 19 2012 12:00AM		0.00	31.56	Jan 16 2024 12:00AM	Jan 31 2024 12:00AM	Jan 16 2024 12:00AM	31.56	PROCESADO OK			
1601813997	66991	825	P	CTE	0005182721	F	Jan 11 2024 12:00AM	Jan 26 2024 12:00AM	Jul 11 2022 12:00AM		1,500.00	508.06	Jan 11 2024 12:00AM	Jan 26 2024 12:00AM	Jan 11 2024 12:00AM	508.06	PROCESADO OK	eachinim		
1601815637	147245	825	P	CTE	5005005229	F	Jan 11 2024 12:00AM	Jan 26 2024 12:00AM	Jun 19 2012 12:00AM		0.00	1716.51	Jan 11 2024 12:00AM	Jan 26 2024 12:00AM	Jan 11 2024 12:00AM	1,716.51	PROCESADO OK			
1601843223	215995	825	C	AHO	0021081041	F	Jan 24 2024 12:00AM	Jan 3 2024 12:00AM	Mar 12 2015 12:00AM		0.00	(88)ERROR DE PROVEEDOR			Dec 20 2023 12:00AM	0.00	ERROR DE PROVEEDOR			
1601848816	614064	825	R	CTE	4005017151	F	Oct 3 2019 12:00AM	Sep 17 2018 12:00AM	Jun 7 2012 12:00AM		0.00	CUENTA NO ESTA ACTIVA	Oct 3 2019 12:00AM	Oct 18 2019 12:00AM		21.05	CUENTA INACTIVA - CANCELADA - CERRADA - DEP. INICIAL			
1601851286	240516	825	C	CTE	0035018917	F	Jan 24 2024 12:00AM	Aug 21 2018 12:00AM	Jun 19 2012 12:00AM		0.00	(88)ERROR DE PROVEEDOR				0.00	ERROR DE PROVEEDOR			
1601853989	462674	825	R	AHO	0941013820	F	Sep 27 2018 12:00AM	Oct 8 2018 12:00AM	Jun 19 2012 12:00AM		0.00	CUENTA NO ESTA ACTIVA	Sep 27 2018 12:00AM	Oct 4 2018 12:00AM		18.28	CUENTA INACTIVA - CANCELADA - CERRADA - DEP. INICIAL			
1601858859	104822	825	P	AHO	0001141745	F	Jan 17 2024 12:00AM	Jan 31 2024 12:00AM	Jun 12 2015 12:00AM		0.00	3.99	Jan 17 2024 12:00AM	Feb 1 2024 12:00AM	Jan 17 2024 12:00AM	3.99	PROCESADO OK			
1601861792	311952	825	R	AHO	0001652655	F	Nov 7 2018 12:00AM	Oct 3 2018 12:00AM	Jun 8 2012 12:00AM		0.00	CUENTA NO ESTA ACTIVA	Nov 7 2018 12:00AM	Nov 17 2018 12:00AM		23.74	CUENTA INACTIVA - CANCELADA - CERRADA - DEP. INICIAL			
1601865182	2425	825	C	CTE	0000116998	F	Jan 24 2024 12:00AM	Jan 3 2024 12:00AM	Jun 8 2012 12:00AM		0.00	(88)ERROR DE PROVEEDOR			Dec 20 2023 12:00AM	0.00	ERROR DE PROVEEDOR			
1601894338	102756	825	C	AHO	0008009530	F	Jan 24 2024 12:00AM	Jan 3 2024 12:00AM	Feb 15 2013 12:00AM		0.00	(88)ERROR DE PROVEEDOR			Dec 20 2023 12:00AM	0.00	ERROR DE PROVEEDOR			
1601903293	2851	825	E	CTE	0009000494	F	Jan 9 2019 12:00AM	Jan 22 2019 12:00AM	Apr 10 2017 12:00AM	Jan 11 2019 12:00AM	0.00	4220.39	Jan 9 2019 12:00AM	Jan 24 2019 12:00AM	Jan 9 2019 12:00AM	4,220.39	ELIMINADO		aaguirrv	
1601907093	481055	825	P	CTE	0935002713	F	Jan 11 2024 12:00AM	Jan 25 2024 12:00AM	Jun 4 2015 12:00AM		0.00	26.21	Jan 11 2024 12:00AM	Jan 26 2024 12:00AM	Jan 11 2024 12:00AM	26.21	PROCESADO OK			
1601927525	231734	825	P	AHO	0061029841	F	Jan 11 2024 12:00AM	Jan 25 2024 12:00AM	Sep 13 2022 12:00AM		0.00	3.99	Jan 11 2024 12:00AM	Jan 26 2024 12:00AM	Jan 11 2024 12:00AM	3.99	PROCESADO OK	ebajanat		
1601927963	14109	825	C	AHO	0021238427	F	Jan 24 2024 12:00AM	Jan 5 2024 12:00AM	Feb 11 2015 12:00AM		0.00	(88)ERROR DE PROVEEDOR			Dec 22 2023 12:00AM	0.00	ERROR DE PROVEEDOR			
1601929266	1714722	825	E	CTE	0065050334	F	Nov 27 2023 12:00AM	Jun 5 2023 12:00AM	Nov 24 2022 12:00AM	Nov 30 2023 12:00AM	40.00	(31017)FONDOS INSUFICIENTES	Nov 22 2023 12:00AM	Dec 7 2023 12:00AM	May 23 2023 12:00AM	26.74	FONDOS INSUFICIENTES	ebajanat	hclavijm	
1601937051	1181195	825	E	AHO	7001117499	F	May 27 2021 12:00AM	Jun 9 2021 12:00AM	Aug 22 2018 12:00AM	Jun 1 2021 12:00AM	0.00	90.99	May 27 2021 12:00AM	Jun 11 2021 12:00AM	May 27 2021 12:00AM	90.99	ELIMINADO		gycazac	
1601937667	166895	825	C	CTE	0015009481	F	Jan 24 2024 12:00AM	Jan 5 2024 12:00AM	Jun 8 2012 12:00AM	Dec 28 2012 12:00AM	0.00	(88)ERROR DE PROVEEDOR			Dec 22 2023 12:00AM	0.00	ERROR DE PROVEEDOR			
1601939629	4637	825	E	CTE	0020025986	F	Sep 2 2021 12:00AM	Aug 30 2021 12:00AM	Oct 12 2015 12:00AM	Sep 2 2021 12:00AM	0.00	(122)FACTURA HA SIDO CANCELADA			Aug 16 2021 12:00AM	0.00	ELIMINADO		ebajanat	
1601944114	364026	825	P	CTE	0005159095	F	Jan 19 2024 12:00AM	Feb 2 2024 12:00AM	Jun 12 2017 12:00AM		0.00	518.41	Jan 19 2024 12:00AM	Feb 3 2024 12:00AM	Jan 19 2024 12:00AM	518.41	PROCESADO OK			
1601966714	1153260	825	P	AHO	7001113941	F	Jan 16 2024 12:00AM	Jan 30 2024 12:00AM	Jul 5 2012 12:00AM		0.00	15.2	Jan 16 2024 12:00AM	Jan 31 2024 12:00AM	Jan 16 2024 12:00AM	15.20	PROCESADO OK			
1601973216	1	825	P		0045032001	F	Jan 22 2024 12:00AM	Feb 6 2024 12:00AM	Feb 18 2021 12:00AM		0.00	139.73	Jan 22 2024 12:00AM	Feb 6 2024 12:00AM	Jan 22 2024 12:00AM	139.73	PROCESADO OK			S
1601978435	1	825	C		0045032001	F	Jan 24 2024 12:00AM	Jan 3 2024 12:00AM	Mar 5 2021 12:00AM		0.00	(88)ERROR DE PROVEEDOR			Dec 20 2023 12:00AM	0.00	ERROR DE PROVEEDOR			S
1601978444	1	825	C		0045032001	F	Jan 24 2024 12:00AM	Jan 5 2024 12:00AM	Feb 18 2021 12:00AM		0.00	(88)ERROR DE PROVEEDOR			Dec 22 2023 12:00AM	0.00	ERROR DE PROVEEDOR			S
1601979489	195946	825	C	CTE	0005151660	F	Jan 24 2024 12:00AM	Jan 3 2024 12:00AM	Jun 8 2012 12:00AM		0.00	(88)ERROR DE PROVEEDOR			Dec 20 2023 12:00AM	0.00	ERROR DE PROVEEDOR			
1601979639	102507	825	P	AHO	4011013435	F	Jan 24 2024 12:00AM	Feb 7 2024 12:00AM	Sep 12 2013 12:00AM		0.00	64.78	Jan 24 2024 12:00AM	Feb 8 2024 12:00AM	Jan 24 2024 12:00AM	64.78	PROCESADO OK			
1601985720	1185135	825	C	AHO	7001117961	F	Jan 24 2024 12:00AM	Jan 5 2024 12:00AM	Sep 17 2012 12:00AM		0.00	(88)ERROR DE PROVEEDOR			Dec 22 2023 12:00AM	0.00	ERROR DE PROVEEDOR			
1601986961	1326174	825	R	AHO	7001134099	F	Aug 8 2019 12:00AM	Oct 8 2018 12:00AM	Dec 11 2013 12:00AM		0.00	CUENTA NO ESTA ACTIVA	Aug 8 2019 12:00AM	Aug 23 2019 12:00AM		3.87	CUENTA INACTIVA - CANCELADA - CERRADA - DEP. INICIAL			
1601997469	2851	825	E	CTE	0009000494	F	Jan 9 2019 12:00AM	Jan 22 2019 12:00AM	Apr 10 2017 12:00AM	Jan 11 2019 12:00AM	0.00	169.32	Jan 9 2019 12:00AM	Jan 24 2019 12:00AM	Jan 9 2019 12:00AM	169.32	ELIMINADO		aaguirrv	
1601998672	1811596	825	E	CTE	0955031405	F	Apr 13 2021 12:00AM	Apr 6 2021 12:00AM	May 30 2019 12:00AM	Apr 13 2021 12:00AM	0.00	(122)FACTURA HA SIDO CANCELADA			Mar 23 2021 12:00AM	0.00	ELIMINADO	ebajanat	econtreg	
1603003001	19917	825	C	CTE	0005022074	F	Jan 24 2024 12:00AM	Oct 24 2023 12:00AM	Sep 9 2016 12:00AM	Feb 26 2018 12:00AM	0.00	(88)ERROR DE PROVEEDOR			Oct 19 2023 12:00AM	0.00	ERROR DE PROVEEDOR			
1603010226	1142712	825	C	CTE	0985008011	F	Jan 24 2024 12:00AM	Jan 3 2024 12:00AM	Jan 27 2022 12:00AM		15.00	(88)ERROR DE PROVEEDOR			Dec 20 2023 12:00AM	0.00	ERROR DE PROVEEDOR	ebajanat		
1603010976	2851	825	E	CTE	0009000494	F	Jan 9 2019 12:00AM	Jan 22 2019 12:00AM	Apr 10 2017 12:00AM	Jan 11 2019 12:00AM	0.00	214.3	Jan 9 2019 12:00AM	Jan 24 2019 12:00AM	Jan 9 2019 12:00AM	214.30	ELIMINADO		aaguirrv	
1603011430	1142712	825	C	CTE	0985008011	F	Jan 24 2024 12:00AM	Jan 3 2024 12:00AM	Jan 27 2022 12:00AM		50.00	(88)ERROR DE PROVEEDOR			Dec 20 2023 12:00AM	0.00	ERROR DE PROVEEDOR	ebajanat		
1603023917	2851	825	E	CTE	0009000494	F	Jan 9 2019 12:00AM	Jan 22 2019 12:00AM	Apr 10 2017 12:00AM	Jan 11 2019 12:00AM	0.00	1175.2	Jan 9 2019 12:00AM	Jan 24 2019 12:00AM	Jan 9 2019 12:00AM	1,175.20	ELIMINADO		aaguirrv	
1603026380	161290	825	E	CTE	0005065383	F	Jan 24 2024 12:00AM	Mar 23 2020 12:00AM	Feb 8 2017 12:00AM	Mar 23 2020 12:00AM	0.00	EN PROCESO DE DEBITO	Mar 12 2020 12:00AM	Mar 27 2020 12:00AM	Mar 12 2020 12:00AM	268.18	EN PROCESO DE DEBITO		econtreg	
1603026380	161290	825	C	CTE	0005065383	F	Jan 24 2024 12:00AM	Dec 21 2023 12:00AM	Jun 1 2020 12:00AM		0.00	(88)ERROR DE PROVEEDOR			Dec 11 2023 12:00AM	0.00	ERROR DE PROVEEDOR	econtreg		
1603026399	161290	825	E	CTE	0005065383	F	Jan 24 2024 12:00AM	Mar 23 2020 12:00AM	Feb 8 2017 12:00AM	Mar 23 2020 12:00AM	0.00	EN PROCESO DE DEBITO	Mar 12 2020 12:00AM	Mar 27 2020 12:00AM	Mar 12 2020 12:00AM	420.60	EN PROCESO DE DEBITO		econtreg	
1603026399	161290	825	C	CTE	0005065383	F	Jan 24 2024 12:00AM	Dec 21 2023 12:00AM	Jun 1 2020 12:00AM		0.00	(88)ERROR DE PROVEEDOR			Dec 11 2023 12:00AM	0.00	ERROR DE PROVEEDOR	econtreg		
1603027539	161290	825	E	CTE	0005065383	F	Jan 24 2024 12:00AM	Aug 23 2019 12:00AM	Feb 7 2017 12:00AM	Mar 23 2020 12:00AM	0.00	EN PROCESO DE DEBITO			Aug 7 2019 12:00AM	0.00	EN PROCESO DE DEBITO		econtreg	
1603027539	161290	825	C	CTE	0005065383	F	Jan 24 2024 12:00AM	Dec 25 2023 12:00AM	Nov 9 2020 12:00AM		0.00	(88)ERROR DE PROVEEDOR			Dec 7 2023 12:00AM	0.00	ERROR DE PROVEEDOR	ebajanat		
1603035389	393	825	E	CTE	0005125685	F	Sep 27 2018 12:00AM	Oct 8 2018 12:00AM	Jul 18 2012 12:00AM	Sep 27 2018 12:00AM	0.00	CUENTA NO ESTA ACTIVA	Sep 27 2018 12:00AM	Oct 4 2018 12:00AM		32.89	ELIMINADO		ebajanat	
1604000733	134989	825	C	CTE	0025049901	F	Jan 24 2024 12:00AM	Jan 5 2024 12:00AM	Dec 23 2022 12:00AM		0.00	(88)ERROR DE PROVEEDOR			Dec 22 2023 12:00AM	0.00	ERROR DE PROVEEDOR	ebajanat		
1604000964	355921	825	R	AHO	0841050887	F	Mar 21 2019 12:00AM	Oct 3 2018 12:00AM	Jun 8 2012 12:00AM		0.00	CUENTA NO ESTA ACTIVA	Mar 21 2019 12:00AM	Apr 5 2019 12:00AM	Sep 27 2018 12:00AM	11.01	CUENTA INACTIVA - CANCELADA - CERRADA - DEP. INICIAL			
1604003224	85267	825	C	CTE	0005078741	F	Jan 24 2024 12:00AM	Aug 21 2018 12:00AM	Jun 8 2012 12:00AM		0.00	(88)ERROR DE PROVEEDOR				0.00	ERROR DE PROVEEDOR			
1604005435	10888	825	C	CTE	0000015138	F	Jan 24 2024 12:00AM	Aug 21 2018 12:00AM	Jul 4 2012 12:00AM		0.00	(88)ERROR DE PROVEEDOR				0.00	ERROR DE PROVEEDOR			
1604007480	182891	825	C	CTE	7005002550	F	Jan 24 2024 12:00AM	Sep 7 2022 12:00AM	Jun 8 2012 12:00AM		0.00	(88)ERROR DE PROVEEDOR			Aug 25 2022 12:00AM	0.00	ERROR DE PROVEEDOR			
1604009908	83594	825	E	AHO	7001053847	F	Jan 24 2024 12:00AM	Jun 20 2020 12:00AM	Mar 20 2019 12:00AM	Jul 9 2020 12:00AM	0.00	EN PROCESO DE DEBITO			May 23 2020 12:00AM	0.00	EN PROCESO DE DEBITO	aaguirrv	ebajanat	
1604009908	83594	825	C	AHO	7001053847	F	Jan 24 2024 12:00AM	Jan 4 2024 12:00AM	Mar 1 2021 12:00AM		0.00	(88)ERROR DE PROVEEDOR			Dec 21 2023 12:00AM	0.00	ERROR DE PROVEEDOR	econtreg		
1604010815	2851	825	E	CTE	0009000494	F	Jan 9 2019 12:00AM	Jan 22 2019 12:00AM	Apr 10 2017 12:00AM	Jan 11 2019 12:00AM	0.00	3903.48	Jan 9 2019 12:00AM	Jan 24 2019 12:00AM	Jan 9 2019 12:00AM	3,903.48	ELIMINADO		aaguirrv	
1604010849	629	825	P	CTE	0000050186	F	Jan 11 2024 12:00AM	Jan 20 2024 12:00AM	Jun 7 2012 12:00AM		0.00	23.95	Jan 11 2024 12:00AM	Jan 26 2024 12:00AM	Jan 11 2024 12:00AM	23.95	PROCESADO OK			
1604027371	59939	825	C	CTE	0005140372	F	Jan 24 2024 12:00AM	Jan 4 2024 12:00AM	Jan 24 2023 12:00AM		40.00	(88)ERROR DE PROVEEDOR			Dec 21 2023 12:00AM	0.00	ERROR DE PROVEEDOR	ebajanat		
1604029286	216230	825	C	CTE	0005154119	F	Jan 24 2024 12:00AM	Dec 29 2023 12:00AM	Jul 9 2014 12:00AM		0.00	(88)ERROR DE PROVEEDOR			Dec 16 2023 12:00AM	0.00	ERROR DE PROVEEDOR			
1604031043	139143	825	E	CTE	0815000417	F	Aug 8 2020 12:00AM	Aug 17 2020 12:00AM	Jun 7 2012 12:00AM	Aug 20 2020 12:00AM	0.00	42.48	Aug 7 2020 12:00AM	Aug 22 2020 12:00AM	Aug 8 2020 12:00AM	42.48	ELIMINADO		econtreg	
1604031662	77443	825	E	CTE	0005061967	F	Aug 22 2020 12:00AM	Aug 31 2020 12:00AM	Jun 8 2012 12:00AM	Aug 24 2020 12:00AM	50.00	4.25	Aug 22 2020 12:00AM	Sep 6 2020 12:00AM	Aug 22 2020 12:00AM	4.25	ELIMINADO		econtreg	
1604035044	1819335	825	C	CTE	1675003606	F	Jan 24 2024 12:00AM	Jan 5 2024 12:00AM	Oct 2 2020 12:00AM		50.00	(88)ERROR DE PROVEEDOR			Dec 22 2023 12:00AM	0.00	ERROR DE PROVEEDOR	econtreg		
1604035200	1247495	825	C	AHO	0002479744	F	Jan 24 2024 12:00AM	Jan 3 2024 12:00AM	Jun 19 2020 12:00AM		0.00	(88)ERROR DE PROVEEDOR			Dec 20 2023 12:00AM	0.00	ERROR DE PROVEEDOR	econtreg		
1604038857	127852	825	P	CTE	0005212389	F	Jan 23 2024 12:00AM	Feb 6 2024 12:00AM	Feb 9 2018 12:00AM	Feb 9 2018 12:00AM	0.00	1769.86	Jan 23 2024 12:00AM	Feb 7 2024 12:00AM	Jan 23 2024 12:00AM	1,769.86	PROCESADO OK			
1604047593	92937	825	C	CTE	0005216417	F	Jan 24 2024 12:00AM	Dec 26 2023 12:00AM	Dec 13 2021 12:00AM		0.00	(88)ERROR DE PROVEEDOR			Dec 13 2023 12:00AM	0.00	ERROR DE PROVEEDOR	ebajanat		
1604053351	4384	825	R	AHO	0851065609	F	Aug 7 2021 12:00AM	Jul 22 2021 12:00AM	Feb 5 2014 12:00AM		0.00	(41001)NO EXISTE CUENTA DE AHORROS	Aug 7 2021 12:00AM	Aug 22 2021 12:00AM	Jul 8 2021 12:00AM	6.60	CUENTA INACTIVA - CANCELADA - CERRADA - DEP. INICIAL			
1604059259	161290	825	E	CTE	0005065383	F	Jan 24 2024 12:00AM	Feb 28 2020 12:00AM	Feb 9 2015 12:00AM	Mar 23 2020 12:00AM	0.00	EN PROCESO DE DEBITO			Feb 18 2020 12:00AM	0.00	EN PROCESO DE DEBITO		econtreg	
1604059259	161290	825	C	CTE	0005065383	F	Jan 24 2024 12:00AM	Jan 3 2024 12:00AM	Nov 9 2020 12:00AM		0.00	(88)ERROR DE PROVEEDOR			Dec 20 2023 12:00AM	0.00	ERROR DE PROVEEDOR	ebajanat		
1604059275	161290	825	E	CTE	0005065383	F	Jan 24 2024 12:00AM	Feb 26 2020 12:00AM	Feb 9 2015 12:00AM	Mar 23 2020 12:00AM	0.00	EN PROCESO DE DEBITO			Feb 14 2020 12:00AM	0.00	EN PROCESO DE DEBITO		econtreg	
1604059275	161290	825	C	CTE	0005065383	F	Jan 24 2024 12:00AM	Jan 2 2024 12:00AM	Nov 9 2020 12:00AM		0.00	(88)ERROR DE PROVEEDOR			Dec 20 2023 12:00AM	0.00	ERROR DE PROVEEDOR	ebajanat		
1604060901	930199	825	E	CTE	4005024559	F	Oct 27 2020 12:00AM	Nov 18 2020 12:00AM	Nov 13 2013 12:00AM	Oct 28 2020 12:00AM	0.00	23.78	Oct 27 2020 12:00AM	Nov 11 2020 12:00AM	Oct 27 2020 12:00AM	23.78	ELIMINADO		ebajanat	
1604063038	2329	825	C	CTE	0965000147	F	Jan 24 2024 12:00AM	Jan 3 2024 12:00AM	Jun 7 2012 12:00AM		0.00	(88)ERROR DE PROVEEDOR			Dec 20 2023 12:00AM	0.00	ERROR DE PROVEEDOR			
1604069670	1570763	825	E	CTE	7005027304	F	Jan 2 2024 12:00AM	Dec 20 2023 12:00AM	Feb 3 2022 12:00AM	Jan 2 2024 12:00AM	0.00	(22)NO POSEE DEUDA / PAGO REALIZADO			Dec 6 2023 12:00AM	0.00	NO POSEE DEUDA / PAGO REALIZADO	ebajanat	hclavijm	
1604071239	970622	825	P	CTE	5005046620	F	Jan 12 2024 12:00AM	Jan 27 2024 12:00AM	Feb 9 2015 12:00AM		0.00	113.41	Jan 12 2024 12:00AM	Jan 27 2024 12:00AM	Jan 12 2024 12:00AM	113.41	PROCESADO OK			
1604074605	1423092	825	E	AHO	7001145399	F	Nov 9 2020 12:00AM	Sep 15 2020 12:00AM	Oct 23 2017 12:00AM	Nov 9 2020 12:00AM	0.00	(122)FACTURA HA SIDO CANCELADA			Aug 26 2020 12:00AM	0.00	ELIMINADO		ebajanat	
1604078440	9482	825	P	CTE	5005091620	F	Jan 11 2024 12:00AM	Jan 26 2024 12:00AM	Feb 7 2022 12:00AM		1,500.00	646.15	Jan 11 2024 12:00AM	Jan 26 2024 12:00AM	Jan 11 2024 12:00AM	646.15	PROCESADO OK	eachinim		
1604089413	1	825	C		0045032001	F	Jan 24 2024 12:00AM	Dec 22 2023 12:00AM	Feb 18 2021 12:00AM		0.00	(88)ERROR DE PROVEEDOR			Dec 9 2023 12:00AM	0.00	ERROR DE PROVEEDOR			S
1604090916	249948	825	C	CTE	0005131361	F	Jan 24 2024 12:00AM	Jan 5 2024 12:00AM	May 30 2012 12:00AM		0.00	(88)ERROR DE PROVEEDOR			Dec 22 2023 12:00AM	0.00	ERROR DE PROVEEDOR			
1604099651	629	825	P	CTE	0000050186	F	Jan 20 2024 12:00AM	Feb 1 2024 12:00AM	Jul 18 2012 12:00AM		0.00	261.56	Jan 17 2024 12:00AM	Feb 1 2024 12:00AM	Jan 20 2024 12:00AM	261.56	PROCESADO OK			
1604120143	909070	825	R	CTE	7005019284	F	Sep 27 2018 12:00AM	Oct 3 2018 12:00AM	Jun 18 2012 12:00AM		0.00	CUENTA NO ESTA ACTIVA	Sep 27 2018 12:00AM	Oct 4 2018 12:00AM		7.81	CUENTA INACTIVA - CANCELADA - CERRADA - DEP. INICIAL			
1604150298	14279	825	C	CTE	0935009352	F	Jan 24 2024 12:00AM	Aug 21 2018 12:00AM	Jun 8 2012 12:00AM		0.00	(88)ERROR DE PROVEEDOR				0.00	ERROR DE PROVEEDOR			
1604156055	913828	825	R	AHO	7001076653	F	Apr 5 2021 12:00AM	Jun 20 2020 12:00AM	Jul 23 2012 12:00AM		0.00	(41064)CUENTA DE AHORROS CERRADA O INACTIVA	Apr 5 2021 12:00AM	Apr 20 2021 12:00AM	May 22 2020 12:00AM	682.58	CUENTA INACTIVA - CANCELADA - CERRADA - DEP. INICIAL			
1604157814	568615	825	C	CTE	0005189410	F	Jan 24 2024 12:00AM	Jan 3 2024 12:00AM	Aug 21 2019 12:00AM		0.00	(88)ERROR DE PROVEEDOR			Dec 20 2023 12:00AM	0.00	ERROR DE PROVEEDOR	econtreg		
1604158358	1367832	825	R	AHO	0931168570	F	Jul 22 2019 12:00AM	Feb 8 2019 12:00AM	Mar 18 2016 12:00AM		0.00	CUENTA NO ESTA ACTIVA	Jul 22 2019 12:00AM	Aug 6 2019 12:00AM	Jan 23 2019 12:00AM	19.13	CUENTA INACTIVA - CANCELADA - CERRADA - DEP. INICIAL			
1604159109	770117	825	P	CTE	0005220704	F	Jan 12 2024 12:00AM	Jan 27 2024 12:00AM	Jun 8 2012 12:00AM		0.00	55.43	Jan 12 2024 12:00AM	Jan 27 2024 12:00AM	Jan 12 2024 12:00AM	55.43	PROCESADO OK			
1604161907	980764	825	C	AHO	0851145387	F	Jan 24 2024 12:00AM	Jan 3 2024 12:00AM	Jul 19 2023 12:00AM		0.00	(88)ERROR DE PROVEEDOR			Dec 20 2023 12:00AM	0.00	ERROR DE PROVEEDOR	kvizueto		
1604170221	2851	825	E	CTE	0009000494	F	Jan 9 2019 12:00AM	Jan 22 2019 12:00AM	Apr 10 2017 12:00AM	Jan 11 2019 12:00AM	0.00	77049.43	Jan 9 2019 12:00AM	Jan 24 2019 12:00AM	Jan 9 2019 12:00AM	77,049.43	ELIMINADO		aaguirrv	
1604174462	127852	825	P	CTE	0005212389	F	Jan 23 2024 12:00AM	Feb 7 2024 12:00AM	Feb 11 2019 12:00AM		0.00	5919.41	Jan 23 2024 12:00AM	Feb 7 2024 12:00AM	Jan 23 2024 12:00AM	5,919.41	PROCESADO OK	aaguirrv		
1604185013	182891	825	E	CTE	7005002550	F	Sep 30 2022 12:00AM	Sep 7 2022 12:00AM	Apr 19 2016 12:00AM	Sep 30 2022 12:00AM	0.00	(31017)FONDOS INSUFICIENTES	Sep 28 2022 12:00AM	Oct 13 2022 12:00AM	Aug 25 2022 12:00AM	28.39	ELIMINADO		gsellant	
1604185039	403844	825	R	CTE	4005017175	F	Oct 19 2018 12:00AM	Oct 2 2018 12:00AM	Jul 5 2012 12:00AM		0.00	CUENTA NO ESTA ACTIVA	Oct 18 2018 12:00AM	Oct 28 2018 12:00AM		21.51	CUENTA INACTIVA - CANCELADA - CERRADA - DEP. INICIAL			
1604185344	86621	825	P	CTE	4005015043	F	Jan 24 2024 12:00AM	Feb 7 2024 12:00AM	Jul 16 2012 12:00AM	Aug 2 2013 12:00AM	0.00	14.95	Jan 24 2024 12:00AM	Feb 8 2024 12:00AM	Jan 24 2024 12:00AM	14.95	PROCESADO OK			
1604185765	2361369	825	P	AHO	7001317579	F	Jan 19 2024 12:00AM	Feb 1 2024 12:00AM	Dec 1 2023 12:00AM		100.00	26.06	Jan 18 2024 12:00AM	Feb 2 2024 12:00AM	Jan 19 2024 12:00AM	26.06	PROCESADO OK	gsellant		
1604188835	407911	825	P	CTE	0025067154	F	Jan 23 2024 12:00AM	Jan 3 2024 12:00AM	Oct 23 2017 12:00AM		0.00	78.8	Jan 23 2024 12:00AM	Feb 7 2024 12:00AM	Jan 23 2024 12:00AM	78.80	PROCESADO OK			
1604193421	394850	825	E	CTE	0005164228	F	Sep 27 2018 12:00AM	Oct 6 2018 12:00AM	Oct 15 2012 12:00AM	Sep 27 2018 12:00AM	0.00	CUENTA NO ESTA ACTIVA	Sep 27 2018 12:00AM	Oct 4 2018 12:00AM		4.78	ELIMINADO		ebajanat	
1604206652	23024	825	C	AHO	0921084776	F	Jan 24 2024 12:00AM	Dec 5 2023 12:00AM	Jun 8 2012 12:00AM		0.00	(88)ERROR DE PROVEEDOR			Nov 22 2023 12:00AM	0.00	ERROR DE PROVEEDOR			
1604207221	1185604	825	E	CTE	4005031957	F	Apr 25 2022 12:00AM	May 4 2022 12:00AM	Jan 9 2015 12:00AM	Apr 26 2022 12:00AM	0.00	138.57	Apr 25 2022 12:00AM	May 10 2022 12:00AM	Apr 25 2022 12:00AM	138.57	ELIMINADO		ebajanat	
1604210449	1106713	825	E	CTE	4005029659	F	May 20 2019 12:00AM	Jun 1 2019 12:00AM	Dec 9 2014 12:00AM	May 23 2019 12:00AM	0.00	55.38	May 20 2019 12:00AM	Jun 4 2019 12:00AM	May 20 2019 12:00AM	55.38	ELIMINADO		ebajanat	
1604216347	343120	825	C	AHO	0851036763	F	Jan 24 2024 12:00AM	Jan 5 2024 12:00AM	Nov 6 2014 12:00AM		0.00	(88)ERROR DE PROVEEDOR			Dec 22 2023 12:00AM	0.00	ERROR DE PROVEEDOR			
1604223780	341160	825	R	CTE	4005010631	F	Oct 21 2020 12:00AM	Feb 26 2020 12:00AM	Dec 11 2013 12:00AM		0.00	(31088)CUENTA NO ACTIVA O CANCELADA	Oct 21 2020 12:00AM	Nov 5 2020 12:00AM	Feb 17 2020 12:00AM	4.58	CUENTA INACTIVA - CANCELADA - CERRADA - DEP. INICIAL			
1604230587	1067849	825	C	CTE	7005017440	F	Jan 24 2024 12:00AM	Aug 17 2019 12:00AM	May 30 2012 12:00AM		0.00	(88)ERROR DE PROVEEDOR			Aug 6 2019 12:00AM	0.00	ERROR DE PROVEEDOR			
1604232773	566284	825	R	CTE	4005016589	F	Mar 5 2020 12:00AM	Sep 14 2019 12:00AM	Jul 23 2012 12:00AM	Aug 9 2012 12:00AM	0.00	CUENTA NO ESTA ACTIVA	Mar 5 2020 12:00AM	Mar 20 2020 12:00AM	Sep 3 2019 12:00AM	306.83	CUENTA INACTIVA - CANCELADA - CERRADA - DEP. INICIAL			
1604234464	122015	825	C	CTE	0005248102	F	Jan 24 2024 12:00AM	Jan 5 2024 12:00AM	Oct 23 2017 12:00AM		0.00	(88)ERROR DE PROVEEDOR			Dec 22 2023 12:00AM	0.00	ERROR DE PROVEEDOR			
1604240891	150347	825	R	AHO	0941200178	F	Jun 15 2020 12:00AM	Dec 6 2019 12:00AM	Mar 22 2017 12:00AM		0.00	CUENTA NO ESTA ACTIVA	Jun 15 2020 12:00AM	Jun 30 2020 12:00AM	Nov 23 2019 12:00AM	21.92	CUENTA INACTIVA - CANCELADA - CERRADA - DEP. INICIAL			
1604248670	1063602	825	C	CTE	0005241444	F	Jan 24 2024 12:00AM	Dec 21 2023 12:00AM	Sep 11 2012 12:00AM		0.00	(88)ERROR DE PROVEEDOR			Dec 11 2023 12:00AM	0.00	ERROR DE PROVEEDOR			
1605001486	775655	825	P	AHO	0941070446	F	Jan 11 2024 12:00AM	Jan 20 2024 12:00AM	May 5 2015 12:00AM		0.00	22.6	Jan 11 2024 12:00AM	Jan 26 2024 12:00AM	Jan 11 2024 12:00AM	22.60	PROCESADO OK			
1605002141	14892	825	C	CTE	0065002023	F	Jan 24 2024 12:00AM	Jan 10 2024 12:00AM	Oct 28 2020 12:00AM		70.00	(88)ERROR DE PROVEEDOR			Dec 27 2023 12:00AM	0.00	ERROR DE PROVEEDOR	ebajanat		
1605002142	200803	825	C	AHO	0851067593	F	Jan 24 2024 12:00AM	Mar 8 2021 12:00AM	Jul 28 2015 12:00AM		0.00	(88)ERROR DE PROVEEDOR			Feb 23 2021 12:00AM	0.00	ERROR DE PROVEEDOR			
1605002557	218623	825	P	CTE	0865000443	F	Jan 12 2024 12:00AM	Jan 26 2024 12:00AM	Apr 4 2016 12:00AM		0.00	19.82	Jan 12 2024 12:00AM	Jan 27 2024 12:00AM	Jan 12 2024 12:00AM	19.82	PROCESADO OK			
1605004754	1623651	825	P	AHO	7001171075	F	Jan 24 2024 12:00AM	Feb 7 2024 12:00AM	May 19 2017 12:00AM		0.00	3.99	Jan 24 2024 12:00AM	Feb 8 2024 12:00AM	Jan 24 2024 12:00AM	3.99	PROCESADO OK			
1605005034	2851	825	E	CTE	0009000494	F	Jan 9 2019 12:00AM	Jan 22 2019 12:00AM	Apr 10 2017 12:00AM	Jan 11 2019 12:00AM	0.00	2911.86	Jan 9 2019 12:00AM	Jan 24 2019 12:00AM	Jan 9 2019 12:00AM	2,911.86	ELIMINADO		aaguirrv	
1605005415	76389	825	P	CTE	5005019147	F	Jan 11 2024 12:00AM	Jan 26 2024 12:00AM	Feb 13 2013 12:00AM		0.00	858.37	Jan 11 2024 12:00AM	Jan 26 2024 12:00AM	Jan 11 2024 12:00AM	858.37	PROCESADO OK			
1605005955	1368695	825	P	CTE	4075010087	F	Jan 16 2024 12:00AM	Jan 31 2024 12:00AM	Apr 25 2017 12:00AM		0.00	219.71	Jan 16 2024 12:00AM	Jan 31 2024 12:00AM	Jan 16 2024 12:00AM	219.71	PROCESADO OK			
1605006327	233612	825	E	CTE	0005177712	F	Aug 7 2020 12:00AM	Aug 17 2020 12:00AM	Mar 19 2013 12:00AM	Aug 11 2020 12:00AM	0.00	31.42	Aug 7 2020 12:00AM	Aug 22 2020 12:00AM	Aug 7 2020 12:00AM	31.42	ELIMINADO		ebajanat	
1605007025	869981	825	C	AHO	7001071351	F	Jan 24 2024 12:00AM	Jan 4 2024 12:00AM	Oct 23 2018 12:00AM		0.00	(88)ERROR DE PROVEEDOR			Dec 21 2023 12:00AM	0.00	ERROR DE PROVEEDOR	aaguirrv		
1605007897	76151	825	C	CTE	5005009483	F	Jan 24 2024 12:00AM	Apr 17 2023 12:00AM	Mar 10 2016 12:00AM		0.00	(88)ERROR DE PROVEEDOR			Apr 9 2023 12:00AM	0.00	ERROR DE PROVEEDOR			
1605008413	161964	825	C	CTE	0945003490	F	Jan 24 2024 12:00AM	Jan 5 2024 12:00AM	Feb 11 2014 12:00AM		0.00	(88)ERROR DE PROVEEDOR			Dec 22 2023 12:00AM	0.00	ERROR DE PROVEEDOR			
1605009031	1181195	825	P	AHO	7001117499	F	Jan 24 2024 12:00AM	Feb 7 2024 12:00AM	Apr 10 2014 12:00AM	Apr 18 2018 12:00AM	0.00	28.75	Jan 24 2024 12:00AM	Feb 8 2024 12:00AM	Jan 24 2024 12:00AM	28.75	PROCESADO OK			
1605009679	2851	825	E	CTE	0009000494	F	Jan 9 2019 12:00AM	Jan 22 2019 12:00AM	Apr 10 2017 12:00AM	Jan 11 2019 12:00AM	0.00	11370.63	Jan 9 2019 12:00AM	Jan 24 2019 12:00AM	Jan 9 2019 12:00AM	11,370.63	ELIMINADO		aaguirrv	
1605011170	68927	825	C	CTE	4015009672	F	Jan 24 2024 12:00AM	Jan 3 2024 12:00AM	Oct 15 2014 12:00AM		0.00	(88)ERROR DE PROVEEDOR			Dec 20 2023 12:00AM	0.00	ERROR DE PROVEEDOR			
1605011201	1361934	825	P	AHO	4021070629	F	Jan 16 2024 12:00AM	Jan 31 2024 12:00AM	Apr 10 2014 12:00AM		0.00	10.99	Jan 16 2024 12:00AM	Jan 31 2024 12:00AM	Jan 16 2024 12:00AM	10.99	PROCESADO OK			
1605011938	196932	825	C	AHO	0871137153	F	Jan 21 2024 12:00AM	Dec 28 2023 12:00AM	Feb 7 2014 12:00AM		0.00	(41033)FONDOS INSUFICIENTES	Jan 16 2024 12:00AM	Jan 31 2024 12:00AM	Dec 15 2023 12:00AM	7.17	FONDOS INSUFICIENTES			
1605012547	239490	825	P	AHO	0002712730	F	Jan 11 2024 12:00AM	Jan 25 2024 12:00AM	Feb 10 2022 12:00AM		1,000.00	10.23	Jan 11 2024 12:00AM	Jan 26 2024 12:00AM	Jan 11 2024 12:00AM	10.23	PROCESADO OK	ebajanat		
1605013050	1636325	825	P	CTE	7005028833	F	Jan 13 2024 12:00AM	Jan 27 2024 12:00AM	Mar 8 2019 12:00AM		0.00	45.33	Jan 13 2024 12:00AM	Jan 28 2024 12:00AM	Jan 13 2024 12:00AM	45.33	PROCESADO OK	aaguirrv		
1605013109	13803	825	C	CTE	0005102075	F	Jan 24 2024 12:00AM	Jan 10 2024 12:00AM	Dec 21 2016 12:00AM		0.00	(88)ERROR DE PROVEEDOR			Dec 27 2023 12:00AM	0.00	ERROR DE PROVEEDOR			
1605013274	14036	825	C	CTE	0975001781	F	Jan 21 2024 12:00AM	Jun 12 2020 12:00AM	Jul 15 2014 12:00AM		0.00	(31017)FONDOS INSUFICIENTES	Jan 16 2024 12:00AM	Jan 31 2024 12:00AM	May 14 2020 12:00AM	15.71	FONDOS INSUFICIENTES			
1605013352	1368695	825	E	CTE	4075010087	F	Feb 8 2022 12:00AM	Feb 18 2022 12:00AM	May 8 2017 12:00AM	Feb 14 2022 12:00AM	0.00	253.47	Feb 8 2022 12:00AM	Feb 23 2022 12:00AM	Feb 8 2022 12:00AM	253.47	ELIMINADO		ebajanat	
1605013478	85267	825	P	CTE	0005078741	F	Jan 16 2024 12:00AM	Jan 30 2024 12:00AM	Nov 14 2014 12:00AM		0.00	260.15	Jan 16 2024 12:00AM	Jan 31 2024 12:00AM	Jan 16 2024 12:00AM	260.15	PROCESADO OK			
1605014747	239490	825	P	AHO	0002712730	F	Jan 11 2024 12:00AM	Jan 20 2024 12:00AM	Feb 10 2022 12:00AM		1,000.00	58.6	Jan 11 2024 12:00AM	Jan 26 2024 12:00AM	Jan 11 2024 12:00AM	58.60	PROCESADO OK	ebajanat		
1605016121	127852	825	P	CTE	0005212389	F	Jan 18 2024 12:00AM	Feb 1 2024 12:00AM	Feb 7 2018 12:00AM	Apr 20 2018 12:00AM	0.00	4587.95	Jan 18 2024 12:00AM	Feb 2 2024 12:00AM	Jan 18 2024 12:00AM	4,587.95	PROCESADO OK			
1605016141	599513	825	C	CTE	0015009643	F	Jan 24 2024 12:00AM	Jan 3 2024 12:00AM	Feb 22 2021 12:00AM		150.00	(88)ERROR DE PROVEEDOR			Dec 20 2023 12:00AM	0.00	ERROR DE PROVEEDOR	ebajanat		
1605016269	683250	825	C	CTE	7005009768	F	Jan 24 2024 12:00AM	Jul 26 2023 12:00AM	Mar 13 2018 12:00AM		0.00	(88)ERROR DE PROVEEDOR			Jul 15 2023 12:00AM	0.00	ERROR DE PROVEEDOR			
1605016338	501796	825	R	CTE	0005215764	F	Jun 15 2023 12:00AM	May 29 2023 12:00AM	Aug 15 2016 12:00AM		0.00	(31088)CUENTA NO ACTIVA O CANCELADA	Jun 15 2023 12:00AM	Jun 30 2023 12:00AM	May 16 2023 12:00AM	10.87	CUENTA INACTIVA - CANCELADA - CERRADA - DEP. INICIAL			
1605016554	1084431	825	R	CTE	0935023989	F	Oct 11 2018 12:00AM	Sep 19 2018 12:00AM	Jun 11 2015 12:00AM	Apr 27 2017 12:00AM	0.00	CUENTA NO ESTA ACTIVA	Oct 11 2018 12:00AM	Oct 18 2018 12:00AM		3,174.62	CUENTA INACTIVA - CANCELADA - CERRADA - DEP. INICIAL			
1605017215	2851	825	E	CTE	0009000494	F	Jan 9 2019 12:00AM	Jan 22 2019 12:00AM	Apr 10 2017 12:00AM	Jan 11 2019 12:00AM	0.00	6545.75	Jan 9 2019 12:00AM	Jan 24 2019 12:00AM	Jan 9 2019 12:00AM	6,545.75	ELIMINADO		aaguirrv	
1605017722	164429	825	P	CTE	0025008067	F	Jan 16 2024 12:00AM	Jan 30 2024 12:00AM	Sep 12 2016 12:00AM		0.00	27.88	Jan 16 2024 12:00AM	Jan 31 2024 12:00AM	Jan 16 2024 12:00AM	27.88	PROCESADO OK			
1605018054	531827	825	C	AHO	0851245149	F	Jan 24 2024 12:00AM	Jan 10 2024 12:00AM	Sep 21 2015 12:00AM		0.00	(88)ERROR DE PROVEEDOR			Dec 27 2023 12:00AM	0.00	ERROR DE PROVEEDOR			
1605018848	177	825	E	CTE	0000018968	F	Jun 19 2020 12:00AM	Jun 22 2020 12:00AM	Jun 6 2016 12:00AM	Jul 16 2020 12:00AM	0.00	(122)FACTURA HA SIDO CANCELADA			Jun 15 2020 12:00AM	0.00	ELIMINADO		econtreg	
1605019259	812042	825	P	CTE	0005213618	F	Jan 23 2024 12:00AM	Feb 7 2024 12:00AM	Dec 20 2017 12:00AM		0.00	3.99	Jan 23 2024 12:00AM	Feb 7 2024 12:00AM	Jan 23 2024 12:00AM	3.99	PROCESADO OK			
1605020308	10888	825	E	CTE	0000015138	F	Feb 14 2023 12:00AM	Feb 23 2023 12:00AM	Oct 15 2018 12:00AM	Feb 14 2023 12:00AM	0.00	(22)NO POSEE DEUDA / PAGO REALIZADO			Feb 10 2023 12:00AM	0.00	ELIMINADO	gycazac	ebajanat	
1605020361	1208965	825	C	AHO	7001178975	F	Jan 24 2024 12:00AM	Jan 4 2024 12:00AM	Oct 27 2017 12:00AM		0.00	(88)ERROR DE PROVEEDOR			Dec 21 2023 12:00AM	0.00	ERROR DE PROVEEDOR			
1605020743	260454	825	P	AHO	0951001816	F	Jan 16 2024 12:00AM	Jan 30 2024 12:00AM	Apr 6 2016 12:00AM		0.00	58.63	Jan 16 2024 12:00AM	Jan 31 2024 12:00AM	Jan 16 2024 12:00AM	58.63	PROCESADO OK			
1605021535	14171	825	R	CTE	0005220409	F	Sep 29 2021 12:00AM	Mar 20 2020 12:00AM	Jan 27 2017 12:00AM		0.00	(31088)CUENTA NO ACTIVA O CANCELADA	Sep 27 2021 12:00AM	Oct 12 2021 12:00AM	Mar 10 2020 12:00AM	1,486.48	CUENTA INACTIVA - CANCELADA - CERRADA - DEP. INICIAL			
1605021566	1582537	825	E	AHO	7001165385	F	May 22 2020 12:00AM	Jun 20 2020 12:00AM	Aug 23 2017 12:00AM	May 26 2020 12:00AM	0.00	406.9	May 22 2020 12:00AM	Jun 6 2020 12:00AM	May 22 2020 12:00AM	406.90	ELIMINADO		econtreg	
1605021882	161290	825	E	CTE	0005065383	F	Jan 24 2024 12:00AM	Mar 23 2020 12:00AM	Oct 11 2016 12:00AM	Mar 23 2020 12:00AM	0.00	EN PROCESO DE DEBITO	Mar 12 2020 12:00AM	Mar 27 2020 12:00AM	Mar 12 2020 12:00AM	345.31	EN PROCESO DE DEBITO		econtreg	
1605021882	161290	825	C	CTE	0005065383	F	Jan 24 2024 12:00AM	Dec 21 2023 12:00AM	Nov 9 2020 12:00AM		0.00	(88)ERROR DE PROVEEDOR			Dec 11 2023 12:00AM	0.00	ERROR DE PROVEEDOR	ebajanat		
1605023273	1042770	825	R	CTE	0005244524	F	Oct 16 2019 12:00AM	Sep 28 2019 12:00AM	Feb 14 2017 12:00AM		0.00	CUENTA NO ESTA ACTIVA	Oct 16 2019 12:00AM	Oct 31 2019 12:00AM	Sep 16 2019 12:00AM	79.68	CUENTA INACTIVA - CANCELADA - CERRADA - DEP. INICIAL			
1605023769	732180	825	P	AHO	0861057747	F	Jan 16 2024 12:00AM	Jan 30 2024 12:00AM	Mar 14 2023 12:00AM		15.00	6.71	Jan 16 2024 12:00AM	Jan 31 2024 12:00AM	Jan 16 2024 12:00AM	6.71	PROCESADO OK	kvizueto		
1605023984	523773	825	P	AHO	0001795109	F	Jan 11 2024 12:00AM	Jan 25 2024 12:00AM	Mar 10 2016 12:00AM		0.00	9.44	Jan 11 2024 12:00AM	Jan 26 2024 12:00AM	Jan 11 2024 12:00AM	9.44	PROCESADO OK			
1605024151	292409	825	C	AHO	0021119417	F	Jan 24 2024 12:00AM	Jan 3 2024 12:00AM	Jul 26 2016 12:00AM		0.00	(88)ERROR DE PROVEEDOR			Dec 20 2023 12:00AM	0.00	ERROR DE PROVEEDOR			
1605024362	958782	825	C	CTE	0025043503	F	Jan 24 2024 12:00AM	Jan 3 2024 12:00AM	Jan 25 2022 12:00AM		200.00	(88)ERROR DE PROVEEDOR			Dec 20 2023 12:00AM	0.00	ERROR DE PROVEEDOR	eachinim		
1605024411	165801	825	P	CTE	0005145108	F	Jan 16 2024 12:00AM	Jan 26 2024 12:00AM	Apr 6 2016 12:00AM		0.00	109.16	Jan 12 2024 12:00AM	Jan 27 2024 12:00AM	Jan 16 2024 12:00AM	109.16	PROCESADO OK			
1605026185	685615	825	C	CTE	0005203673	F	Jan 24 2024 12:00AM	Nov 19 2018 12:00AM	Nov 10 2016 12:00AM		0.00	(88)ERROR DE PROVEEDOR			Nov 8 2018 12:00AM	0.00	ERROR DE PROVEEDOR			
1605026186	685615	825	E	CTE	0005203673	F	Jan 18 2024 12:00AM	Jun 20 2019 12:00AM	Nov 10 2016 12:00AM	Jun 13 2019 12:00AM	0.00	EN PROCESO DE DEBITO	Jun 10 2019 12:00AM	Jun 25 2019 12:00AM	Jun 10 2019 12:00AM	22.51	EN PROCESO DE DEBITO		econtreg	
1605026186	1360026	825	P	CTE	0005283224	F	Jan 18 2024 12:00AM	Feb 1 2024 12:00AM	Jul 11 2019 12:00AM		0.00	19159.66	Jan 18 2024 12:00AM	Feb 2 2024 12:00AM	Jan 18 2024 12:00AM	19,159.66	PROCESADO OK	econtreg		
1605026486	413743	825	C	CTE	0005168125	F	Jan 24 2024 12:00AM	Jan 26 2023 12:00AM	Jul 10 2019 12:00AM		0.00	(88)ERROR DE PROVEEDOR			Jan 13 2023 12:00AM	0.00	ERROR DE PROVEEDOR	econtreg		
1605026631	1560271	825	P	AHO	7001161777	F	Jan 11 2024 12:00AM	Jan 20 2024 12:00AM	Mar 10 2020 12:00AM		0.00	85.1	Jan 11 2024 12:00AM	Jan 26 2024 12:00AM	Jan 11 2024 12:00AM	85.10	PROCESADO OK	econtreg		
1605027746	239490	825	C	AHO	0002712730	F	Jan 24 2024 12:00AM	Dec 29 2023 12:00AM	Feb 14 2022 12:00AM		1,000.00	(88)ERROR DE PROVEEDOR			Dec 16 2023 12:00AM	0.00	ERROR DE PROVEEDOR	eachinim		
1605028099	161290	825	E	CTE	0005065383	F	Jan 24 2024 12:00AM	Mar 26 2020 12:00AM	Feb 26 2020 12:00AM	Mar 26 2020 12:00AM	0.00	EN PROCESO DE DEBITO	Mar 12 2020 12:00AM	Mar 27 2020 12:00AM	Mar 12 2020 12:00AM	3.21	EN PROCESO DE DEBITO	ebajanat	econtreg	
1605028099	161290	825	C	CTE	0005065383	F	Jan 24 2024 12:00AM	Dec 25 2023 12:00AM	Nov 9 2020 12:00AM		0.00	(88)ERROR DE PROVEEDOR			Dec 7 2023 12:00AM	0.00	ERROR DE PROVEEDOR	ebajanat		
1605028101	161290	825	E	CTE	0005065383	F	Jan 24 2024 12:00AM	Mar 26 2020 12:00AM	Feb 26 2020 12:00AM	Mar 26 2020 12:00AM	0.00	EN PROCESO DE DEBITO	Mar 12 2020 12:00AM	Mar 27 2020 12:00AM	Mar 12 2020 12:00AM	50.77	EN PROCESO DE DEBITO	ebajanat	econtreg	
1605028101	161290	825	C	CTE	0005065383	F	Jan 24 2024 12:00AM	Mar 24 2022 12:00AM	Nov 9 2020 12:00AM		0.00	(88)ERROR DE PROVEEDOR			Mar 7 2022 12:00AM	0.00	ERROR DE PROVEEDOR	ebajanat		
1605028102	161290	825	E	CTE	0005065383	F	Jan 24 2024 12:00AM	Mar 26 2020 12:00AM	Feb 26 2020 12:00AM	Mar 26 2020 12:00AM	0.00	EN PROCESO DE DEBITO	Mar 12 2020 12:00AM	Mar 27 2020 12:00AM	Mar 12 2020 12:00AM	3.71	EN PROCESO DE DEBITO	ebajanat	econtreg	
1605028102	161290	825	C	CTE	0005065383	F	Jan 24 2024 12:00AM	Dec 25 2023 12:00AM	Nov 9 2020 12:00AM		0.00	(88)ERROR DE PROVEEDOR			Dec 7 2023 12:00AM	0.00	ERROR DE PROVEEDOR	ebajanat		
1605028104	161290	825	E	CTE	0005065383	F	Jan 24 2024 12:00AM	Mar 26 2020 12:00AM	Feb 26 2020 12:00AM	Mar 26 2020 12:00AM	0.00	EN PROCESO DE DEBITO	Mar 12 2020 12:00AM	Mar 27 2020 12:00AM	Mar 12 2020 12:00AM	1.90	EN PROCESO DE DEBITO	ebajanat	econtreg	
1605028104	161290	825	C	CTE	0005065383	F	Jan 24 2024 12:00AM	Dec 25 2023 12:00AM	Nov 9 2020 12:00AM		0.00	(88)ERROR DE PROVEEDOR			Dec 7 2023 12:00AM	0.00	ERROR DE PROVEEDOR	ebajanat		
1605028356	161290	825	E	CTE	0005065383	F	Jan 24 2024 12:00AM	Mar 21 2020 12:00AM	Mar 7 2017 12:00AM	Mar 23 2020 12:00AM	0.00	EN PROCESO DE DEBITO	Mar 11 2020 12:00AM	Mar 26 2020 12:00AM	Mar 11 2020 12:00AM	93.52	EN PROCESO DE DEBITO		econtreg	
1605028356	161290	825	C	CTE	0005065383	F	Jan 24 2024 12:00AM	Dec 22 2023 12:00AM	Nov 9 2020 12:00AM		0.00	(88)ERROR DE PROVEEDOR			Dec 9 2023 12:00AM	0.00	ERROR DE PROVEEDOR	ebajanat		
1605028765	161290	825	E	CTE	0005065383	F	Jan 24 2024 12:00AM	Mar 23 2020 12:00AM	Apr 10 2017 12:00AM	Mar 23 2020 12:00AM	0.00	EN PROCESO DE DEBITO	Mar 12 2020 12:00AM	Mar 27 2020 12:00AM	Mar 12 2020 12:00AM	77.82	EN PROCESO DE DEBITO		econtreg	
1605028765	161290	825	C	CTE	0005065383	F	Jan 24 2024 12:00AM	Dec 21 2023 12:00AM	Nov 9 2020 12:00AM		0.00	(88)ERROR DE PROVEEDOR			Dec 11 2023 12:00AM	0.00	ERROR DE PROVEEDOR	ebajanat		
1605028921	1368695	825	P	CTE	4075010087	F	Jan 16 2024 12:00AM	Jan 30 2024 12:00AM	May 15 2017 12:00AM		0.00	26.06	Jan 16 2024 12:00AM	Jan 31 2024 12:00AM	Jan 16 2024 12:00AM	26.06	PROCESADO OK			
1605028922	1368695	825	P	CTE	4075010087	F	Jan 16 2024 12:00AM	Jan 30 2024 12:00AM	Sep 21 2021 12:00AM		0.00	3.62	Jan 16 2024 12:00AM	Jan 31 2024 12:00AM	Jan 16 2024 12:00AM	3.62	PROCESADO OK	gycazac		
1605028923	1368695	825	P	CTE	4075010087	F	Jan 16 2024 12:00AM	Jan 31 2024 12:00AM	Nov 13 2019 12:00AM		0.00	105.05	Jan 16 2024 12:00AM	Jan 31 2024 12:00AM	Jan 16 2024 12:00AM	105.05	PROCESADO OK	econtreg		
1605028925	1368695	825	E	CTE	4075010087	F	Jan 15 2019 12:00AM	Jan 30 2019 12:00AM	Apr 25 2017 12:00AM	Jan 29 2019 12:00AM	0.00	7.69	Jan 15 2019 12:00AM	Jan 30 2019 12:00AM	Jan 15 2019 12:00AM	7.69	ELIMINADO		aaguirrv	
1605029354	161290	825	E	CTE	0005065383	F	Jan 24 2024 12:00AM	Mar 21 2020 12:00AM	Mar 7 2017 12:00AM	Mar 23 2020 12:00AM	0.00	EN PROCESO DE DEBITO	Mar 11 2020 12:00AM	Mar 26 2020 12:00AM	Mar 11 2020 12:00AM	161.87	EN PROCESO DE DEBITO		econtreg	
1605029354	161290	825	C	CTE	0005065383	F	Jan 24 2024 12:00AM	Dec 22 2023 12:00AM	Nov 9 2020 12:00AM		0.00	(88)ERROR DE PROVEEDOR			Dec 9 2023 12:00AM	0.00	ERROR DE PROVEEDOR	ebajanat		
1605029628	660055	825	E	CTE	7005011428	F	Jul 10 2021 12:00AM	Jun 25 2021 12:00AM	Oct 18 2019 12:00AM	Jul 12 2021 12:00AM	0.00	44	Jul 10 2021 12:00AM	Jul 25 2021 12:00AM	Jul 10 2021 12:00AM	44.00	ELIMINADO	econtreg	ebajanat	
1605029834	161290	825	E	CTE	0005065383	F	Jan 24 2024 12:00AM	Mar 25 2020 12:00AM	Mar 21 2017 12:00AM	Mar 23 2020 12:00AM	0.00	EN PROCESO DE DEBITO	Mar 13 2020 12:00AM	Mar 28 2020 12:00AM	Mar 13 2020 12:00AM	27.15	EN PROCESO DE DEBITO		econtreg	
1605029834	161290	825	C	CTE	0005065383	F	Jan 24 2024 12:00AM	Dec 26 2023 12:00AM	Nov 9 2020 12:00AM		0.00	(88)ERROR DE PROVEEDOR			Dec 13 2023 12:00AM	0.00	ERROR DE PROVEEDOR	ebajanat		
1605029857	86621	825	P	CTE	4005015043	F	Jan 23 2024 12:00AM	Feb 7 2024 12:00AM	Oct 23 2017 12:00AM		0.00	3.99	Jan 23 2024 12:00AM	Feb 7 2024 12:00AM	Jan 23 2024 12:00AM	3.99	PROCESADO OK			
1605031765	67018	825	E	CTE	0005043352	F	Aug 5 2021 12:00AM	Jul 28 2021 12:00AM	Feb 15 2018 12:00AM	Aug 5 2021 12:00AM	0.00	(122)FACTURA HA SIDO CANCELADA			Jul 15 2021 12:00AM	0.00	ELIMINADO		ebajanat	
1605031785	304523	825	P	CTE	0025020405	F	Jan 16 2024 12:00AM	Jan 30 2024 12:00AM	Jun 13 2018 12:00AM		0.00	15.26	Jan 16 2024 12:00AM	Jan 31 2024 12:00AM	Jan 16 2024 12:00AM	15.26	PROCESADO OK			
1605031788	1368695	825	P	CTE	4075010087	F	Jan 17 2024 12:00AM	Jan 31 2024 12:00AM	Dec 18 2017 12:00AM		0.00	111.6	Jan 17 2024 12:00AM	Feb 1 2024 12:00AM	Jan 17 2024 12:00AM	111.60	PROCESADO OK			
1605031942	237658	825	P	CTE	0005128141	F	Jan 19 2024 12:00AM	Jan 26 2024 12:00AM	Jan 18 2024 12:00AM		0.00	238.23	Jan 19 2024 12:00AM	Feb 3 2024 12:00AM	Jan 19 2024 12:00AM	238.23	PROCESADO OK	hclavijm		
1605032476	161290	825	E	CTE	0005065383	F	Jan 24 2024 12:00AM	Feb 26 2020 12:00AM	Jul 31 2017 12:00AM	Mar 23 2020 12:00AM	0.00	EN PROCESO DE DEBITO			Feb 14 2020 12:00AM	0.00	EN PROCESO DE DEBITO		econtreg	
1605032476	161290	825	C	CTE	0005065383	F	Jan 24 2024 12:00AM	Jan 2 2024 12:00AM	Nov 9 2020 12:00AM		0.00	(88)ERROR DE PROVEEDOR			Dec 20 2023 12:00AM	0.00	ERROR DE PROVEEDOR	ebajanat		
1605033194	532828	825	P	CTE	0005213306	F	Jan 23 2024 12:00AM	Feb 7 2024 12:00AM	Feb 22 2018 12:00AM		0.00	16.77	Jan 23 2024 12:00AM	Feb 7 2024 12:00AM	Jan 23 2024 12:00AM	16.77	PROCESADO OK			
1605033836	1	825	E		0045032001	F	Apr 29 2021 12:00AM	Apr 20 2021 12:00AM	Feb 18 2021 12:00AM	Apr 29 2021 12:00AM	0.00	(122)FACTURA HA SIDO CANCELADA			Apr 7 2021 12:00AM	0.00	ELIMINADO			S
1605034387	136061	825	P	CTE	4005032505	F	Jan 23 2024 12:00AM	Feb 6 2024 12:00AM	Dec 20 2017 12:00AM		0.00	15.71	Jan 23 2024 12:00AM	Feb 7 2024 12:00AM	Jan 23 2024 12:00AM	15.71	PROCESADO OK			
1605034397	1168169	825	P	AHO	5051076139	F	Jan 16 2024 12:00AM	Jan 31 2024 12:00AM	Jun 18 2019 12:00AM		0.00	10.84	Jan 16 2024 12:00AM	Jan 31 2024 12:00AM	Jan 16 2024 12:00AM	10.84	PROCESADO OK	econtreg		
1605035453	1636325	825	P	CTE	7005028833	F	Jan 18 2024 12:00AM	Feb 1 2024 12:00AM	Mar 11 2019 12:00AM		0.00	32.28	Jan 18 2024 12:00AM	Feb 2 2024 12:00AM	Jan 18 2024 12:00AM	32.28	PROCESADO OK	aaguirrv		
1605036039	256934	825	C	AHO	0821016517	F	Jan 24 2024 12:00AM	Jan 11 2024 12:00AM	Jul 26 2018 12:00AM		0.00	(88)ERROR DE PROVEEDOR			Dec 27 2023 12:00AM	0.00	ERROR DE PROVEEDOR			
1605036238	1640005	825	P	AHO	7001173579	F	Jan 11 2024 12:00AM	Jan 25 2024 12:00AM	Nov 10 2022 12:00AM		0.00	5.21	Jan 11 2024 12:00AM	Jan 26 2024 12:00AM	Jan 11 2024 12:00AM	5.21	PROCESADO OK	eachinim		
1605036629	10888	825	E	CTE	0000015138	F	Jun 15 2020 12:00AM	May 29 2020 12:00AM	Jun 25 2018 12:00AM	Jun 15 2020 12:00AM	0.00	EN PROCESO DE DEBITO			May 16 2020 12:00AM	0.00	ELIMINADO		econtreg	
1605040279	1182331	825	P	CTE	0065027710	F	Jan 11 2024 12:00AM	Jan 20 2024 12:00AM	Nov 8 2019 12:00AM		0.00	74.88	Jan 11 2024 12:00AM	Jan 26 2024 12:00AM	Jan 11 2024 12:00AM	74.88	PROCESADO OK	econtreg		
1605040679	1227152	825	C	AHO	1741061582	F	Jan 24 2024 12:00AM	Jan 10 2024 12:00AM	May 30 2019 12:00AM		0.00	(88)ERROR DE PROVEEDOR			Dec 27 2023 12:00AM	0.00	ERROR DE PROVEEDOR	ebajanat		
1605042134	1489644	825	P	CTE	5005073877	F	Jan 23 2024 12:00AM	Feb 6 2024 12:00AM	Jan 24 2019 12:00AM		0.00	557.42	Jan 23 2024 12:00AM	Feb 7 2024 12:00AM	Jan 23 2024 12:00AM	557.42	PROCESADO OK	cvalles		
1605042781	850171	825	P	AHO	0851115367	F	Jan 22 2024 12:00AM	Feb 6 2024 12:00AM	Apr 25 2019 12:00AM		0.00	4.71	Jan 22 2024 12:00AM	Feb 6 2024 12:00AM	Jan 22 2024 12:00AM	4.71	PROCESADO OK	ebajanat		
1605042956	165038	825	P	CTE	0005312160	F	Jan 16 2024 12:00AM	Jan 31 2024 12:00AM	Jul 12 2019 12:00AM		0.00	181.69	Jan 16 2024 12:00AM	Jan 31 2024 12:00AM	Jan 16 2024 12:00AM	181.69	PROCESADO OK	econtreg		
1605042989	1640005	825	P	AHO	7001173579	F	Jan 11 2024 12:00AM	Jan 25 2024 12:00AM	Oct 31 2022 12:00AM		0.00	3.9	Jan 11 2024 12:00AM	Jan 26 2024 12:00AM	Jan 11 2024 12:00AM	3.90	PROCESADO OK	ebajanat		
1605043178	165038	825	P	CTE	0005312160	F	Jan 16 2024 12:00AM	Jan 31 2024 12:00AM	Jul 12 2019 12:00AM		0.00	64.25	Jan 16 2024 12:00AM	Jan 31 2024 12:00AM	Jan 16 2024 12:00AM	64.25	PROCESADO OK	econtreg		
1605043434	1640005	825	P	AHO	7001173579	F	Jan 15 2024 12:00AM	Jan 30 2024 12:00AM	Oct 31 2022 12:00AM		0.00	70.3	Jan 15 2024 12:00AM	Jan 30 2024 12:00AM	Jan 15 2024 12:00AM	70.30	PROCESADO OK	ebajanat		
1605043599	240916	825	P	CTE	0005137952	F	Jan 23 2024 12:00AM	Feb 7 2024 12:00AM	Jan 27 2020 12:00AM		100.00	98.7	Jan 23 2024 12:00AM	Feb 7 2024 12:00AM	Jan 23 2024 12:00AM	98.70	PROCESADO OK	econtreg		
1605046402	161290	825	E	CTE	0005065383	F	Jan 24 2024 12:00AM	Mar 23 2020 12:00AM	Sep 20 2019 12:00AM	Mar 26 2020 12:00AM	0.00	EN PROCESO DE DEBITO			Mar 11 2020 12:00AM	0.00	EN PROCESO DE DEBITO	econtreg	econtreg	
1605046402	161290	825	C	CTE	0005065383	F	Jan 24 2024 12:00AM	Dec 21 2023 12:00AM	Jan 25 2021 12:00AM		0.00	(88)ERROR DE PROVEEDOR			Dec 11 2023 12:00AM	0.00	ERROR DE PROVEEDOR	ebajanat		
1605046989	1594695	825	P	CTE	0005298264	F	Jan 18 2024 12:00AM	Feb 1 2024 12:00AM	Feb 24 2021 12:00AM		10,000.00	339.32	Jan 18 2024 12:00AM	Feb 2 2024 12:00AM	Jan 18 2024 12:00AM	339.32	PROCESADO OK	ebajanat		
1605047652	1113281	825	C	AHO	1821001551	F	Jan 24 2024 12:00AM	Jan 3 2024 12:00AM	May 6 2022 12:00AM		30.00	(88)ERROR DE PROVEEDOR			Dec 20 2023 12:00AM	0.00	ERROR DE PROVEEDOR	eachinim		
1605049417	211895	825	C	CTE	0855005157	F	Jan 24 2024 12:00AM	Jan 11 2024 12:00AM	Jun 27 2023 12:00AM		10.00	(88)ERROR DE PROVEEDOR			Dec 27 2023 12:00AM	0.00	ERROR DE PROVEEDOR	kvizueto		
1605049713	70389	825	P	AHO	0021213337	F	Jan 11 2024 12:00AM	Jan 20 2024 12:00AM	Jun 8 2021 12:00AM		50.00	14.47	Jan 11 2024 12:00AM	Jan 26 2024 12:00AM	Jan 11 2024 12:00AM	14.47	PROCESADO OK	ebajanat		
1605053397	927030	825	P	AHO	7001078107	F	Jan 16 2024 12:00AM	Jan 30 2024 12:00AM	Dec 12 2022 12:00AM		0.00	78.64	Jan 16 2024 12:00AM	Jan 31 2024 12:00AM	Jan 16 2024 12:00AM	78.64	PROCESADO OK	oburgosp		
1605053765	153257	825	C	AHO	0021046409	F	Jan 24 2024 12:00AM	Jan 10 2024 12:00AM	Mar 23 2023 12:00AM		50.00	(88)ERROR DE PROVEEDOR			Dec 27 2023 12:00AM	0.00	ERROR DE PROVEEDOR	kvizueto		
1605055899	1	825	P		0045032001	F	Jan 11 2024 12:00AM	Jan 25 2024 12:00AM	Apr 23 2021 12:00AM		0.00	48.88	Jan 11 2024 12:00AM	Jan 26 2024 12:00AM	Jan 11 2024 12:00AM	48.88	PROCESADO OK			S
1605056456	740796	825	P	CTE	0005316036	F	Jan 12 2024 12:00AM	Jan 27 2024 12:00AM	Jul 6 2022 12:00AM		200.00	29.56	Jan 12 2024 12:00AM	Jan 27 2024 12:00AM	Jan 12 2024 12:00AM	29.56	PROCESADO OK	eachinim		
1605057432	1534841	825	P	AHO	4001141865	F	Jan 16 2024 12:00AM	Jan 31 2024 12:00AM	Sep 21 2021 12:00AM		0.00	36.06	Jan 16 2024 12:00AM	Jan 31 2024 12:00AM	Jan 16 2024 12:00AM	36.06	PROCESADO OK	gycazac		
1605058408	740796	825	C	CTE	0005316036	F	Jan 23 2024 12:00AM	Dec 21 2023 12:00AM	Apr 14 2023 12:00AM		300.00	(41217)VALOR ES MAYOR AL MONTO MAXIMO PERMITIDO	Jan 18 2024 12:00AM	Feb 2 2024 12:00AM	Dec 10 2023 12:00AM	326.90	VALOR ES MAYOR AL MONTO MAXIMO PERMITIDO	kvizueto		
1605058779	161290	825	C	CTE	0005065383	F	Jan 24 2024 12:00AM	Dec 21 2023 12:00AM	Nov 12 2021 12:00AM		0.00	(88)ERROR DE PROVEEDOR			Dec 11 2023 12:00AM	0.00	ERROR DE PROVEEDOR	ebajanat		
1605059138	1368695	825	E	CTE	4075010087	F	Jul 4 2023 12:00AM	Jun 27 2023 12:00AM	Feb 23 2023 12:00AM	Jul 4 2023 12:00AM	200.00	(22)NO POSEE DEUDA / PAGO REALIZADO			Jun 14 2023 12:00AM	0.00	NO POSEE DEUDA / PAGO REALIZADO	gsellant	gsellant	
1605059139	1368695	825	P	CTE	4075010087	F	Jan 16 2024 12:00AM	Jan 30 2024 12:00AM	Feb 23 2023 12:00AM		20.00	4.09	Jan 16 2024 12:00AM	Jan 31 2024 12:00AM	Jan 16 2024 12:00AM	4.09	PROCESADO OK	gsellant		
1605059227	1368695	825	P	CTE	4075010087	F	Jan 16 2024 12:00AM	Jan 31 2024 12:00AM	Nov 16 2022 12:00AM		0.00	3.99	Jan 16 2024 12:00AM	Jan 31 2024 12:00AM	Jan 16 2024 12:00AM	3.99	PROCESADO OK	eachinim		
1605059228	1368695	825	P	CTE	4075010087	F	Jan 16 2024 12:00AM	Jan 30 2024 12:00AM	Nov 16 2022 12:00AM		0.00	3.56	Jan 16 2024 12:00AM	Jan 31 2024 12:00AM	Jan 16 2024 12:00AM	3.56	PROCESADO OK	eachinim		
1605059229	1368695	825	P	CTE	4075010087	F	Jan 23 2024 12:00AM	Feb 6 2024 12:00AM	Nov 16 2022 12:00AM		0.00	61.16	Jan 23 2024 12:00AM	Feb 7 2024 12:00AM	Jan 23 2024 12:00AM	61.16	PROCESADO OK	eachinim		
1605059232	1368695	825	E	CTE	4075010087	F	Feb 15 2023 12:00AM	Mar 1 2023 12:00AM	Nov 16 2022 12:00AM	Feb 23 2023 12:00AM	0.00	6.3	Feb 15 2023 12:00AM	Mar 2 2023 12:00AM	Feb 15 2023 12:00AM	6.30	PROCESADO OK	eachinim	gsellant	
1605059309	767173	825	C	CTE	0005209202	F	Jan 24 2024 12:00AM	Dec 29 2023 12:00AM	Nov 15 2023 12:00AM		0.00	(88)ERROR DE PROVEEDOR			Dec 16 2023 12:00AM	0.00	ERROR DE PROVEEDOR	kvizueto		
1605059319	683250	825	C	CTE	7005009768	F	Jan 21 2024 12:00AM	Dec 26 2023 12:00AM	Feb 14 2022 12:00AM		0.00	(31017)FONDOS INSUFICIENTES	Jan 16 2024 12:00AM	Jan 31 2024 12:00AM	Dec 12 2023 12:00AM	27.95	FONDOS INSUFICIENTES	eachinim		
1605059534	1368695	825	E	CTE	4075010087	F	Feb 15 2023 12:00AM	Mar 1 2023 12:00AM	Nov 16 2022 12:00AM	Feb 23 2023 12:00AM	0.00	34.92	Feb 15 2023 12:00AM	Mar 2 2023 12:00AM	Feb 15 2023 12:00AM	34.92	PROCESADO OK	eachinim	gsellant	
1605059535	1368695	825	P	CTE	4075010087	F	Jan 16 2024 12:00AM	Jan 30 2024 12:00AM	Nov 16 2022 12:00AM		0.00	3.56	Jan 16 2024 12:00AM	Jan 31 2024 12:00AM	Jan 16 2024 12:00AM	3.56	PROCESADO OK	eachinim		
1605059537	1368695	825	P	CTE	4075010087	F	Jan 16 2024 12:00AM	Jan 30 2024 12:00AM	Nov 16 2022 12:00AM		0.00	6.77	Jan 16 2024 12:00AM	Jan 31 2024 12:00AM	Jan 16 2024 12:00AM	6.77	PROCESADO OK	eachinim		
1605059597	1368695	825	E	CTE	4075010087	F	Aug 15 2023 12:00AM	Aug 28 2023 12:00AM	Nov 16 2022 12:00AM	Aug 25 2023 12:00AM	0.00	6.89	Aug 15 2023 12:00AM	Aug 30 2023 12:00AM	Aug 15 2023 12:00AM	6.89	PROCESADO OK	eachinim	gsellant	
1605059602	1368695	825	P	CTE	4075010087	F	Jan 16 2024 12:00AM	Jan 30 2024 12:00AM	Nov 16 2022 12:00AM		0.00	7.4	Jan 16 2024 12:00AM	Jan 31 2024 12:00AM	Jan 16 2024 12:00AM	7.40	PROCESADO OK	eachinim		
1605059642	1368695	825	P	CTE	4075010087	F	Jan 23 2024 12:00AM	Feb 6 2024 12:00AM	Nov 16 2022 12:00AM		0.00	38.9	Jan 23 2024 12:00AM	Feb 7 2024 12:00AM	Jan 23 2024 12:00AM	38.90	PROCESADO OK	eachinim		
1605059643	1368695	825	P	CTE	4075010087	F	Jan 16 2024 12:00AM	Jan 30 2024 12:00AM	Nov 16 2022 12:00AM		0.00	21.37	Jan 16 2024 12:00AM	Jan 31 2024 12:00AM	Jan 16 2024 12:00AM	21.37	PROCESADO OK	eachinim		
1605059850	1835139	825	C	AHO	0061328281	F	Jan 24 2024 12:00AM	Jan 10 2024 12:00AM	Jul 5 2022 12:00AM		0.00	(88)ERROR DE PROVEEDOR			Dec 27 2023 12:00AM	0.00	ERROR DE PROVEEDOR	eachinim		
1605060769	239490	825	P	AHO	0002712730	F	Jan 11 2024 12:00AM	Jan 25 2024 12:00AM	Jun 20 2023 12:00AM		1,000.00	7.19	Jan 11 2024 12:00AM	Jan 26 2024 12:00AM	Jan 11 2024 12:00AM	7.19	PROCESADO OK	gsellant		
1605065829	1368695	825	P	CTE	4075010087	F	Jan 16 2024 12:00AM	Jan 31 2024 12:00AM	Feb 23 2023 12:00AM		20.00	4.45	Jan 16 2024 12:00AM	Jan 31 2024 12:00AM	Jan 16 2024 12:00AM	4.45	PROCESADO OK	gsellant		
1605067850	70389	825	P	AHO	0021213337	F	Jan 11 2024 12:00AM	Jan 20 2024 12:00AM	Feb 10 2023 12:00AM		50.00	8.53	Jan 11 2024 12:00AM	Jan 26 2024 12:00AM	Jan 11 2024 12:00AM	8.53	PROCESADO OK	gsellant		
1605068258	910779	825	C	AHO	0003800463	F	Jan 24 2024 12:00AM	Dec 20 2023 12:00AM	Jun 9 2023 12:00AM		0.00	(88)ERROR DE PROVEEDOR			Dec 6 2023 12:00AM	0.00	ERROR DE PROVEEDOR	kvizueto		
1605070465	76350	825	P	CTE	5005004664	F	Jan 18 2024 12:00AM	Feb 1 2024 12:00AM	Jan 18 2024 12:00AM		0.00	1.69	Jan 18 2024 12:00AM	Feb 2 2024 12:00AM	Jan 18 2024 12:00AM	1.69	PROCESADO OK	hclavijm		
1605073893	66048	825	P	AHO	0061138075	F	Jan 18 2024 12:00AM	Feb 1 2024 12:00AM	Dec 19 2023 12:00AM		60.00	32.11	Jan 18 2024 12:00AM	Feb 2 2024 12:00AM	Jan 18 2024 12:00AM	32.11	PROCESADO OK	hclavijm		
