Starting the Java application using /opt/jboss/container/java/run/run-java.sh ...
INFO exec  java -Xms64m -Xmx1024m -XX:+UseParallelGC -XX:MinHeapFreeRatio=10 -XX:MaxHeapFreeRatio=20 -XX:GCTimeRatio=4 -XX:AdaptiveSizePolicyWeight=90 -XX:MaxMetaspaceSize=256m -XX:ParallelGCThreads=1 -Djava.util.concurrent.ForkJoinPool.common.parallelism=1 -XX:CICompilerCount=2 -XX:+ExitOnOutOfMemoryError -Dfile.encoding=ISO-8859-1 -cp "." -jar /deployments/quarkus-run.jar  
__  ____  __  _____   ___  __ ____  ______ 
 --/ __ \/ / / / _ | / _ \/ //_/ / / / __/ 
 -/ /_/ / /_/ / __ |/ , _/ ,< / /_/ /\ \   
--\___\_\____/_/ |_/_/|_/_/|_|\____/___/   
2022-10-24 08:09:30.600  WARN rec-pago-267-4qr44 --- [       Thread-0] i.q.n.r.NettyRecorder                    : Netty DefaultChannelId initialization (with io.netty.machineId system property set to 32:da:6f:4f:13:18:73:44) took more than a second
2022-10-24 08:36:28.213  INFO rec-pago-267-4qr44 --- [pool-7-thread-1] c.b.m.r.m.MessageListener                : 2c219b9ebbd4 Mensaje recibido: <?xml version="1.0" encoding="UTF-8" standalone="yes"?><mensajeEntradaGateway xmlns="http://www.bolivariano.com/mensaje/MensajeOSB"><puntoFinal>Recaudaciones/Microservicio</puntoFinal><operacion>Pagar</operacion><identificadorCorrelacion>2c219b9ebbd4</identificadorCorrelacion><mensaje><![CDATA[<ns2:entradaEjecutarPago xmlns:ns2="http://www.bolivariano.com/mensaje/MensajeOTC" xmlns:ns11="http://www.bolivariano.com/ws/BroadnetRecarga"><ns2:canal>VEN</ns2:canal><ns2:tipoCuenta>EF</ns2:tipoCuenta><ns2:cuenta/><ns2:secuencial>132258801</ns2:secuencial><ns2:valorPago>10.0</ns2:valorPago><ns2:valorComision>0.0</ns2:valorComision><ns2:servicio><codTipoServicio>TELEFONIA_CELULAR</codTipoServicio><codigoConvenio>19574</codigoConvenio><codigoEmpresa>19574</codigoEmpresa><codigoTipoBanca>BP</codigoTipoBanca><codigoTipoIdentificador>CELULAR</codigoTipoIdentificador><identificador>0911111111</identificador><datosAdicionales><datoAdicional><codigo>e_prov_req</codigo><valor>MS_REC_BROADNET_REQ</valor></datoAdicional><datoAdicional><codigo>e_prov_resp</codigo><valor>MS_REC_BROADNET_RESP</valor></datoAdicional><datoAdicional><codigo>e_tipo_proceso</codigo><valor>M</valor></datoAdicional><datoAdicional><codigo>e_tipo_ejecucion</codigo><valor>BP</valor></datoAdicional><datoAdicional><codigo>p_medio</codigo><valor>12</valor></datoAdicional><datoAdicional><codigo>p_terminal</codigo><valor>VIRTUAL_BB</valor></datoAdicional><datoAdicional><codigo>p_medio</codigo><valor>12</valor></datoAdicional><datoAdicional><codigo>p_branch_id</codigo><valor>1</valor></datoAdicional><datoAdicional><codigo>p_forma_pago</codigo><valor>1</valor></datoAdicional><datoAdicional><codigo>codAgencia</codigo><valor/></datoAdicional><datoAdicional><codigo>codLocalidad</codigo><valor/></datoAdicional><datoAdicional><codigo>category</codigo><valor>C</valor></datoAdicional><datoAdicional><codigo>documentType</codigo><valor>CELULAR</valor></datoAdicional><datoAdicional><codigo>documentID</codigo><valor>0911111111</valor></datoAdicional><datoAdicional><codigo>fullName</codigo><valor/></datoAdicional><datoAdicional><codigo>e_srv</codigo><valor>SRVDESA2</valor></datoAdicional><datoAdicional><codigo>e_term</codigo><valor>VIRTUAL_BB</valor></datoAdicional><datoAdicional><codigo>e_rol</codigo><valor>252</valor></datoAdicional><datoAdicional><codigo>e_corr</codigo><valor>N</valor></datoAdicional><datoAdicional><codigo>e_ssn_corr</codigo><valor>0</valor></datoAdicional><datoAdicional><codigo>e_mon</codigo><valor>1</valor></datoAdicional><datoAdicional><codigo>e_servicio</codigo><valor/></datoAdicional><datoAdicional><codigo>e_identificacion</codigo><valor>0911111111</valor></datoAdicional><datoAdicional><codigo>e_efectivo</codigo><valor>10.00</valor></datoAdicional><datoAdicional><codigo>e_cheque</codigo><valor>0</valor></datoAdicional><datoAdicional><codigo>e_tarjeta</codigo><valor>0</valor></datoAdicional><datoAdicional><codigo>e_comision_efe</codigo><valor>0</valor></datoAdicional><datoAdicional><codigo>e_comision_chq</codigo><valor>0</valor></datoAdicional><datoAdicional><codigo>e_autoriza</codigo><valor>N</valor></datoAdicional><datoAdicional><codigo>e_ubi</codigo><valor/></datoAdicional><datoAdicional><codigo>e_opcion</codigo><valor>P</valor></datoAdicional><datoAdicional><codigo>e_reverso</codigo><valor/></datoAdicional><datoAdicional><codigo>e_emp_nombre</codigo><valor/></datoAdicional><datoAdicional><codigo>e_ruc_cliente</codigo><valor/></datoAdicional><datoAdicional><codigo>e_cant_cheques</codigo><valor>0</valor></datoAdicional><datoAdicional><codigo>e_nombre_cta</codigo><valor/></datoAdicional><datoAdicional><codigo>e_cod_referencia</codigo><valor/></datoAdicional><datoAdicional><codigo>e_base_imponible</codigo><valor/></datoAdicional><datoAdicional><codigo>e_factura</codigo><valor/></datoAdicional><datoAdicional><codigo>e_cod_respuesta</codigo><valor/></datoAdicional><datoAdicional><codigo>e_cod_grupo</codigo><valor/></datoAdicional><datoAdicional><codigo>e_cod_grupo</codigo><valor/></datoAdicional><datoAdicional><codigo>e_nomb_tramite</codigo><valor/></datoAdicional><datoAdicional><codigo>e_pcodigo_operacion</codigo><valor/></datoAdicional><datoAdicional><codigo>e_pcodigo_secuencia</codigo><valor/></datoAdicional><datoAdicional><codigo>e_phoralocal</codigo><valor/></datoAdicional><datoAdicional><codigo>e_cod_consultora</codigo><valor/></datoAdicional></datosAdicionales></ns2:servicio><ns2:fecha>2022-10-21T08:36:18</ns2:fecha><ns2:fechaPago>2022-10-21T08:36:18</ns2:fechaPago><ns2:moneda>1</ns2:moneda><ns2:oficina>0</ns2:oficina><ns2:terminal>VIRTUAL_BB</ns2:terminal><ns2:transaccion>62688</ns2:transaccion><ns2:usuario>msilvag</ns2:usuario></ns2:entradaEjecutarPago>]]></mensaje></mensajeEntradaGateway> 
2022-10-24 08:36:28.214  INFO rec-pago-267-4qr44 --- [pool-7-thread-1] c.b.m.r.s.PaymentService                 : 2c219b9ebbd4 Inicia ejecucion
2022-10-24 08:36:28.315  INFO rec-pago-267-4qr44 --- [pool-7-thread-1] c.b.m.r.s.PaymentService                 : <ns2:entradaEjecutarPago xmlns:ns2="http://www.bolivariano.com/mensaje/MensajeOTC" xmlns:ns11="http://www.bolivariano.com/ws/BroadnetRecarga"><ns2:canal>VEN</ns2:canal><ns2:tipoCuenta>EF</ns2:tipoCuenta><ns2:cuenta/><ns2:secuencial>132258801</ns2:secuencial><ns2:valorPago>10.0</ns2:valorPago><ns2:valorComision>0.0</ns2:valorComision><ns2:servicio><codTipoServicio>TELEFONIA_CELULAR</codTipoServicio><codigoConvenio>19574</codigoConvenio><codigoEmpresa>19574</codigoEmpresa><codigoTipoBanca>BP</codigoTipoBanca><codigoTipoIdentificador>CELULAR</codigoTipoIdentificador><identificador>0911111111</identificador><datosAdicionales><datoAdicional><codigo>e_prov_req</codigo><valor>MS_REC_BROADNET_REQ</valor></datoAdicional><datoAdicional><codigo>e_prov_resp</codigo><valor>MS_REC_BROADNET_RESP</valor></datoAdicional><datoAdicional><codigo>e_tipo_proceso</codigo><valor>M</valor></datoAdicional><datoAdicional><codigo>e_tipo_ejecucion</codigo><valor>BP</valor></datoAdicional><datoAdicional><codigo>p_medio</codigo><valor>12</valor></datoAdicional><datoAdicional><codigo>p_terminal</codigo><valor>VIRTUAL_BB</valor></datoAdicional><datoAdicional><codigo>p_medio</codigo><valor>12</valor></datoAdicional><datoAdicional><codigo>p_branch_id</codigo><valor>1</valor></datoAdicional><datoAdicional><codigo>p_forma_pago</codigo><valor>1</valor></datoAdicional><datoAdicional><codigo>codAgencia</codigo><valor/></datoAdicional><datoAdicional><codigo>codLocalidad</codigo><valor/></datoAdicional><datoAdicional><codigo>category</codigo><valor>C</valor></datoAdicional><datoAdicional><codigo>documentType</codigo><valor>CELULAR</valor></datoAdicional><datoAdicional><codigo>documentID</codigo><valor>0911111111</valor></datoAdicional><datoAdicional><codigo>fullName</codigo><valor/></datoAdicional><datoAdicional><codigo>e_srv</codigo><valor>SRVDESA2</valor></datoAdicional><datoAdicional><codigo>e_term</codigo><valor>VIRTUAL_BB</valor></datoAdicional><datoAdicional><codigo>e_rol</codigo><valor>252</valor></datoAdicional><datoAdicional><codigo>e_corr</codigo><valor>N</valor></datoAdicional><datoAdicional><codigo>e_ssn_corr</codigo><valor>0</valor></datoAdicional><datoAdicional><codigo>e_mon</codigo><valor>1</valor></datoAdicional><datoAdicional><codigo>e_servicio</codigo><valor/></datoAdicional><datoAdicional><codigo>e_identificacion</codigo><valor>0911111111</valor></datoAdicional><datoAdicional><codigo>e_efectivo</codigo><valor>10.00</valor></datoAdicional><datoAdicional><codigo>e_cheque</codigo><valor>0</valor></datoAdicional><datoAdicional><codigo>e_tarjeta</codigo><valor>0</valor></datoAdicional><datoAdicional><codigo>e_comision_efe</codigo><valor>0</valor></datoAdicional><datoAdicional><codigo>e_comision_chq</codigo><valor>0</valor></datoAdicional><datoAdicional><codigo>e_autoriza</codigo><valor>N</valor></datoAdicional><datoAdicional><codigo>e_ubi</codigo><valor/></datoAdicional><datoAdicional><codigo>e_opcion</codigo><valor>P</valor></datoAdicional><datoAdicional><codigo>e_reverso</codigo><valor/></datoAdicional><datoAdicional><codigo>e_emp_nombre</codigo><valor/></datoAdicional><datoAdicional><codigo>e_ruc_cliente</codigo><valor/></datoAdicional><datoAdicional><codigo>e_cant_cheques</codigo><valor>0</valor></datoAdicional><datoAdicional><codigo>e_nombre_cta</codigo><valor/></datoAdicional><datoAdicional><codigo>e_cod_referencia</codigo><valor/></datoAdicional><datoAdicional><codigo>e_base_imponible</codigo><valor/></datoAdicional><datoAdicional><codigo>e_factura</codigo><valor/></datoAdicional><datoAdicional><codigo>e_cod_respuesta</codigo><valor/></datoAdicional><datoAdicional><codigo>e_cod_grupo</codigo><valor/></datoAdicional><datoAdicional><codigo>e_cod_grupo</codigo><valor/></datoAdicional><datoAdicional><codigo>e_nomb_tramite</codigo><valor/></datoAdicional><datoAdicional><codigo>e_pcodigo_operacion</codigo><valor/></datoAdicional><datoAdicional><codigo>e_pcodigo_secuencia</codigo><valor/></datoAdicional><datoAdicional><codigo>e_phoralocal</codigo><valor/></datoAdicional><datoAdicional><codigo>e_cod_consultora</codigo><valor/></datoAdicional></datosAdicionales></ns2:servicio><ns2:fecha>2022-10-21T08:36:18</ns2:fecha><ns2:fechaPago>2022-10-21T08:36:18</ns2:fechaPago><ns2:moneda>1</ns2:moneda><ns2:oficina>0</ns2:oficina><ns2:terminal>VIRTUAL_BB</ns2:terminal><ns2:transaccion>62688</ns2:transaccion><ns2:usuario>msilvag</ns2:usuario></ns2:entradaEjecutarPago>
2022-10-24 08:36:28.319  INFO rec-pago-267-4qr44 --- [pool-7-thread-1] c.b.m.r.s.PaymentService                 : mensajeEntradaPagoString XML --> <ns2:entradaEjecutarPago xmlns:ns2="http://www.bolivariano.com/mensaje/MensajeOTC" xmlns:ns11="http://www.bolivariano.com/ws/BroadnetRecarga"><ns2:canal>VEN</ns2:canal><ns2:tipoCuenta>EF</ns2:tipoCuenta><ns2:cuenta/><ns2:secuencial>132258801</ns2:secuencial><ns2:valorPago>10.0</ns2:valorPago><ns2:valorComision>0.0</ns2:valorComision><ns2:servicio><codTipoServicio>TELEFONIA_CELULAR</codTipoServicio><codigoConvenio>19574</codigoConvenio><codigoEmpresa>19574</codigoEmpresa><codigoTipoBanca>BP</codigoTipoBanca><codigoTipoIdentificador>CELULAR</codigoTipoIdentificador><identificador>0911111111</identificador><datosAdicionales><datoAdicional><codigo>e_prov_req</codigo><valor>MS_REC_BROADNET_REQ</valor></datoAdicional><datoAdicional><codigo>e_prov_resp</codigo><valor>MS_REC_BROADNET_RESP</valor></datoAdicional><datoAdicional><codigo>e_tipo_proceso</codigo><valor>M</valor></datoAdicional><datoAdicional><codigo>e_tipo_ejecucion</codigo><valor>BP</valor></datoAdicional><datoAdicional><codigo>p_medio</codigo><valor>12</valor></datoAdicional><datoAdicional><codigo>p_terminal</codigo><valor>VIRTUAL_BB</valor></datoAdicional><datoAdicional><codigo>p_medio</codigo><valor>12</valor></datoAdicional><datoAdicional><codigo>p_branch_id</codigo><valor>1</valor></datoAdicional><datoAdicional><codigo>p_forma_pago</codigo><valor>1</valor></datoAdicional><datoAdicional><codigo>codAgencia</codigo><valor/></datoAdicional><datoAdicional><codigo>codLocalidad</codigo><valor/></datoAdicional><datoAdicional><codigo>category</codigo><valor>C</valor></datoAdicional><datoAdicional><codigo>documentType</codigo><valor>CELULAR</valor></datoAdicional><datoAdicional><codigo>documentID</codigo><valor>0911111111</valor></datoAdicional><datoAdicional><codigo>fullName</codigo><valor/></datoAdicional><datoAdicional><codigo>e_srv</codigo><valor>SRVDESA2</valor></datoAdicional><datoAdicional><codigo>e_term</codigo><valor>VIRTUAL_BB</valor></datoAdicional><datoAdicional><codigo>e_rol</codigo><valor>252</valor></datoAdicional><datoAdicional><codigo>e_corr</codigo><valor>N</valor></datoAdicional><datoAdicional><codigo>e_ssn_corr</codigo><valor>0</valor></datoAdicional><datoAdicional><codigo>e_mon</codigo><valor>1</valor></datoAdicional><datoAdicional><codigo>e_servicio</codigo><valor/></datoAdicional><datoAdicional><codigo>e_identificacion</codigo><valor>0911111111</valor></datoAdicional><datoAdicional><codigo>e_efectivo</codigo><valor>10.00</valor></datoAdicional><datoAdicional><codigo>e_cheque</codigo><valor>0</valor></datoAdicional><datoAdicional><codigo>e_tarjeta</codigo><valor>0</valor></datoAdicional><datoAdicional><codigo>e_comision_efe</codigo><valor>0</valor></datoAdicional><datoAdicional><codigo>e_comision_chq</codigo><valor>0</valor></datoAdicional><datoAdicional><codigo>e_autoriza</codigo><valor>N</valor></datoAdicional><datoAdicional><codigo>e_ubi</codigo><valor/></datoAdicional><datoAdicional><codigo>e_opcion</codigo><valor>P</valor></datoAdicional><datoAdicional><codigo>e_reverso</codigo><valor/></datoAdicional><datoAdicional><codigo>e_emp_nombre</codigo><valor/></datoAdicional><datoAdicional><codigo>e_ruc_cliente</codigo><valor/></datoAdicional><datoAdicional><codigo>e_cant_cheques</codigo><valor>0</valor></datoAdicional><datoAdicional><codigo>e_nombre_cta</codigo><valor/></datoAdicional><datoAdicional><codigo>e_cod_referencia</codigo><valor/></datoAdicional><datoAdicional><codigo>e_base_imponible</codigo><valor/></datoAdicional><datoAdicional><codigo>e_factura</codigo><valor/></datoAdicional><datoAdicional><codigo>e_cod_respuesta</codigo><valor/></datoAdicional><datoAdicional><codigo>e_cod_grupo</codigo><valor/></datoAdicional><datoAdicional><codigo>e_cod_grupo</codigo><valor/></datoAdicional><datoAdicional><codigo>e_nomb_tramite</codigo><valor/></datoAdicional><datoAdicional><codigo>e_pcodigo_operacion</codigo><valor/></datoAdicional><datoAdicional><codigo>e_pcodigo_secuencia</codigo><valor/></datoAdicional><datoAdicional><codigo>e_phoralocal</codigo><valor/></datoAdicional><datoAdicional><codigo>e_cod_consultora</codigo><valor/></datoAdicional></datosAdicionales></ns2:servicio><ns2:fecha>2022-10-21T08:36:18</ns2:fecha><ns2:fechaPago>2022-10-21T08:36:18</ns2:fechaPago><ns2:moneda>1</ns2:moneda><ns2:oficina>0</ns2:oficina><ns2:terminal>VIRTUAL_BB</ns2:terminal><ns2:transaccion>62688</ns2:transaccion><ns2:usuario>msilvag</ns2:usuario></ns2:entradaEjecutarPago>
2022-10-24 08:36:28.320  INFO rec-pago-267-4qr44 --- [pool-7-thread-1] c.b.m.r.s.PaymentService                 : 2c219b9ebbd4 tipo proceso: M
2022-10-24 08:36:28.321  INFO rec-pago-267-4qr44 --- [pool-7-thread-1] c.b.m.r.s.PaymentService                 : 2c219b9ebbd4 tipo ejecucion: BP
2022-10-24 08:36:28.321  INFO rec-pago-267-4qr44 --- [pool-7-thread-1] c.b.m.r.s.BankSupplierProcessService     : INICIO VALIDADOR BANCO PROVEEDOR 2c219b9ebbd4
2022-10-24 08:36:28.413  INFO rec-pago-267-4qr44 --- [pool-7-thread-1] c.b.m.r.s.BankSupplierProcessService     : INICIO EJECUTA VALIDACION ...
2022-10-24 08:36:28.413  INFO rec-pago-267-4qr44 --- [pool-7-thread-1] c.b.m.r.d.CoreDao                        : Verificando Canal: VEN
2022-10-24 08:36:28.414  INFO rec-pago-267-4qr44 --- [pool-7-thread-1] c.b.m.r.d.CoreDao                        : Conectandose a Desarrollo 1
2022-10-24 08:36:28.414  INFO rec-pago-267-4qr44 --- [pool-7-thread-1] c.b.m.r.d.CoreDao                        : cob_pagos..pa_pg_pval_reca_varios Input Parameters
2022-10-24 08:36:28.419  INFO rec-pago-267-4qr44 --- [pool-7-thread-1] c.b.m.r.d.CoreDao                        : cob_pagos..pa_pg_pval_reca_varios Input Parameters
2022-10-24 08:36:28.420  INFO rec-pago-267-4qr44 --- [pool-7-thread-1] c.b.m.r.d.CoreDao                        : @e_ssn=132258801
2022-10-24 08:36:28.420  INFO rec-pago-267-4qr44 --- [pool-7-thread-1] c.b.m.r.d.CoreDao                        : @e_srv=SRVDESA2
2022-10-24 08:36:28.420  INFO rec-pago-267-4qr44 --- [pool-7-thread-1] c.b.m.r.d.CoreDao                        : @e_user=msilvag
2022-10-24 08:36:28.420  INFO rec-pago-267-4qr44 --- [pool-7-thread-1] c.b.m.r.d.CoreDao                        : @e_term=VIRTUAL_BB
2022-10-24 08:36:28.420  INFO rec-pago-267-4qr44 --- [pool-7-thread-1] c.b.m.r.d.CoreDao                        : @e_date=10/21/2022
2022-10-24 08:36:28.420  INFO rec-pago-267-4qr44 --- [pool-7-thread-1] c.b.m.r.d.CoreDao                        : @e_ofi=0
2022-10-24 08:36:28.512  INFO rec-pago-267-4qr44 --- [pool-7-thread-1] c.b.m.r.d.CoreDao                        : @e_rol=252
2022-10-24 08:36:28.512  INFO rec-pago-267-4qr44 --- [pool-7-thread-1] c.b.m.r.d.CoreDao                        : @e_corr=N
2022-10-24 08:36:28.512  INFO rec-pago-267-4qr44 --- [pool-7-thread-1] c.b.m.r.d.CoreDao                        : @e_ssn_corr=0
2022-10-24 08:36:28.512  INFO rec-pago-267-4qr44 --- [pool-7-thread-1] c.b.m.r.d.CoreDao                        : @e_trn=62688
2022-10-24 08:36:28.512  INFO rec-pago-267-4qr44 --- [pool-7-thread-1] c.b.m.r.d.CoreDao                        : @e_mon=1
2022-10-24 08:36:28.512  INFO rec-pago-267-4qr44 --- [pool-7-thread-1] c.b.m.r.d.CoreDao                        : @e_servicio=
2022-10-24 08:36:28.513  INFO rec-pago-267-4qr44 --- [pool-7-thread-1] c.b.m.r.d.CoreDao                        : @e_empresa=19574
2022-10-24 08:36:28.513  INFO rec-pago-267-4qr44 --- [pool-7-thread-1] c.b.m.r.d.CoreDao                        : @e_codigo=0911111111
2022-10-24 08:36:28.513  INFO rec-pago-267-4qr44 --- [pool-7-thread-1] c.b.m.r.d.CoreDao                        : @e_identificacion=0911111111
2022-10-24 08:36:28.513  INFO rec-pago-267-4qr44 --- [pool-7-thread-1] c.b.m.r.d.CoreDao                        : @e_efectivo=10.00
2022-10-24 08:36:28.513  INFO rec-pago-267-4qr44 --- [pool-7-thread-1] c.b.m.r.d.CoreDao                        : @e_cheque=0
2022-10-24 08:36:28.513  INFO rec-pago-267-4qr44 --- [pool-7-thread-1] c.b.m.r.d.CoreDao                        : @e_debito=0
2022-10-24 08:36:28.514  INFO rec-pago-267-4qr44 --- [pool-7-thread-1] c.b.m.r.d.CoreDao                        : @e_tarjeta=0
2022-10-24 08:36:28.514  INFO rec-pago-267-4qr44 --- [pool-7-thread-1] c.b.m.r.d.CoreDao                        : @e_comision_efe=0
2022-10-24 08:36:28.514  INFO rec-pago-267-4qr44 --- [pool-7-thread-1] c.b.m.r.d.CoreDao                        : @e_comision_chq=0
2022-10-24 08:36:28.514  INFO rec-pago-267-4qr44 --- [pool-7-thread-1] c.b.m.r.d.CoreDao                        : @e_comision_db=0
2022-10-24 08:36:28.514  INFO rec-pago-267-4qr44 --- [pool-7-thread-1] c.b.m.r.d.CoreDao                        : @e_total=10.0
2022-10-24 08:36:28.514  INFO rec-pago-267-4qr44 --- [pool-7-thread-1] c.b.m.r.d.CoreDao                        : @e_tipo_cta=EF
2022-10-24 08:36:28.514  INFO rec-pago-267-4qr44 --- [pool-7-thread-1] c.b.m.r.d.CoreDao                        : @e_cuenta=
2022-10-24 08:36:28.514  INFO rec-pago-267-4qr44 --- [pool-7-thread-1] c.b.m.r.d.CoreDao                        : @e_autoriza=N
2022-10-24 08:36:28.515  INFO rec-pago-267-4qr44 --- [pool-7-thread-1] c.b.m.r.d.CoreDao                        : @e_canal=VEN
2022-10-24 08:36:28.515  INFO rec-pago-267-4qr44 --- [pool-7-thread-1] c.b.m.r.d.CoreDao                        : @e_ubi=0
2022-10-24 08:36:28.515  INFO rec-pago-267-4qr44 --- [pool-7-thread-1] c.b.m.r.d.CoreDao                        : @e_opcion=P
2022-10-24 08:36:28.515  INFO rec-pago-267-4qr44 --- [pool-7-thread-1] c.b.m.r.d.CoreDao                        : @e_reverso=
2022-10-24 08:36:28.515  INFO rec-pago-267-4qr44 --- [pool-7-thread-1] c.b.m.r.d.CoreDao                        : @e_emp_nombre=
2022-10-24 08:36:28.922  INFO rec-pago-267-4qr44 --- [pool-7-thread-1] c.b.m.r.d.CoreDao                        : cob_pagos..pa_pg_pval_reca_varios Output Parameters
2022-10-24 08:36:28.924  INFO rec-pago-267-4qr44 --- [pool-7-thread-1] c.b.m.r.d.CoreDao                        : @s_fecha_contable=10/21/2022
2022-10-24 08:36:28.924  INFO rec-pago-267-4qr44 --- [pool-7-thread-1] c.b.m.r.d.CoreDao                        : @s_ssn=132258801
2022-10-24 08:36:28.924  INFO rec-pago-267-4qr44 --- [pool-7-thread-1] c.b.m.r.d.CoreDao                        : @s_comision=null
2022-10-24 08:36:28.924  INFO rec-pago-267-4qr44 --- [pool-7-thread-1] c.b.m.r.d.CoreDao                        : @s_tasa=null
2022-10-24 08:36:28.924  INFO rec-pago-267-4qr44 --- [pool-7-thread-1] c.b.m.r.d.CoreDao                        : @s_base_imp=null
2022-10-24 08:36:28.925  INFO rec-pago-267-4qr44 --- [pool-7-thread-1] c.b.m.r.d.CoreDao                        : @s_impuesto=null
2022-10-24 08:36:28.925  INFO rec-pago-267-4qr44 --- [pool-7-thread-1] c.b.m.r.d.CoreDao                        : @s_empresa=null
2022-10-24 08:36:28.925  INFO rec-pago-267-4qr44 --- [pool-7-thread-1] c.b.m.r.d.CoreDao                        : @s_recaudacion=null
2022-10-24 08:36:28.925  INFO rec-pago-267-4qr44 --- [pool-7-thread-1] c.b.m.r.d.CoreDao                        : @s_referencia1=null
2022-10-24 08:36:28.925  INFO rec-pago-267-4qr44 --- [pool-7-thread-1] c.b.m.r.d.CoreDao                        : @s_referencia2=null
2022-10-24 08:36:28.925  INFO rec-pago-267-4qr44 --- [pool-7-thread-1] c.b.m.r.d.CoreDao                        : @s_referencia3=null
2022-10-24 08:36:28.928  INFO rec-pago-267-4qr44 --- [pool-7-thread-1] c.b.m.r.d.CoreDao                        : @s_mensaje=OK
2022-10-24 08:36:28.928  INFO rec-pago-267-4qr44 --- [pool-7-thread-1] c.b.m.r.d.CoreDao                        : @s_deuda=0.0
2022-10-24 08:36:28.928  INFO rec-pago-267-4qr44 --- [pool-7-thread-1] c.b.m.r.d.CoreDao                        : @RETURN_VALUE=0
2022-10-24 08:36:28.938  INFO rec-pago-267-4qr44 --- [pool-7-thread-1] c.b.m.r.d.CoreDao                        : Respuesta despues de val. previas <ns2:salidaEjecutarPago xmlns:ns2="http://www.bolivariano.com/mensaje/MensajeOTC"><ns2:codigoError>0</ns2:codigoError><ns2:datosAdicionales><ns2:datoAdicional><codigo>vp_s_fecha_contable</codigo><valor>10/21/2022</valor></ns2:datoAdicional><ns2:datoAdicional><codigo>vp_s_ssn</codigo><valor>132258801</valor></ns2:datoAdicional><ns2:datoAdicional><codigo>vp_s_comision</codigo></ns2:datoAdicional><ns2:datoAdicional><codigo>vp_s_tasa</codigo></ns2:datoAdicional><ns2:datoAdicional><codigo>vp_s_base_imp</codigo></ns2:datoAdicional><ns2:datoAdicional><codigo>vp_s_impuesto</codigo></ns2:datoAdicional><ns2:datoAdicional><codigo>vp_s_empresa</codigo></ns2:datoAdicional><ns2:datoAdicional><codigo>vp_s_recaudacion</codigo></ns2:datoAdicional><ns2:datoAdicional><codigo>vp_s_referencia1</codigo></ns2:datoAdicional><ns2:datoAdicional><codigo>vp_s_referencia2</codigo></ns2:datoAdicional><ns2:datoAdicional><codigo>vp_s_referencia3</codigo></ns2:datoAdicional></ns2:datosAdicionales><ns2:mensajeUsuario>OK</ns2:mensajeUsuario><ns2:mensajeSistema>OK</ns2:mensajeSistema><ns2:montoTotal>0.0</ns2:montoTotal></ns2:salidaEjecutarPago>
2022-10-24 08:36:28.938  INFO rec-pago-267-4qr44 --- [pool-7-thread-1] c.b.m.r.d.CoreDao                        : CIERRA CONEXION!
2022-10-24 08:36:28.938  INFO rec-pago-267-4qr44 --- [pool-7-thread-1] c.b.m.r.s.BankSupplierProcessService     : Fin Ejecuta VALIDACION ...
2022-10-24 08:36:28.938  INFO rec-pago-267-4qr44 --- [pool-7-thread-1] c.b.m.r.s.BankSupplierProcessService     : RESPUESTA VALIDACION: 0
2022-10-24 08:36:28.938  INFO rec-pago-267-4qr44 --- [pool-7-thread-1] c.b.m.r.s.BankSupplierProcessService     : INICIO EJECUTA CORE ...
2022-10-24 08:36:29.010  INFO rec-pago-267-4qr44 --- [pool-7-thread-1] c.b.m.r.d.CoreDao                        : Verificando Canal: VEN
2022-10-24 08:36:29.011  INFO rec-pago-267-4qr44 --- [pool-7-thread-1] c.b.m.r.d.CoreDao                        : Conectandose a Desarrollo 1
2022-10-24 08:36:29.016  INFO rec-pago-267-4qr44 --- [pool-7-thread-1] c.b.m.r.d.CoreDao                        : cob_pagos..pa_pg_tpag_reca_varios INPUT PARAMETERS
2022-10-24 08:36:29.016  INFO rec-pago-267-4qr44 --- [pool-7-thread-1] c.b.m.r.d.CoreDao                        : @e_ssn=132258801
2022-10-24 08:36:29.016  INFO rec-pago-267-4qr44 --- [pool-7-thread-1] c.b.m.r.d.CoreDao                        : @e_srv=SRVDESA2
2022-10-24 08:36:29.020  INFO rec-pago-267-4qr44 --- [pool-7-thread-1] c.b.m.r.d.CoreDao                        : @e_user=msilvag
2022-10-24 08:36:29.020  INFO rec-pago-267-4qr44 --- [pool-7-thread-1] c.b.m.r.d.CoreDao                        : @e_term=VIRTUAL_BB
2022-10-24 08:36:29.020  INFO rec-pago-267-4qr44 --- [pool-7-thread-1] c.b.m.r.d.CoreDao                        : @e_date=10/21/2022
2022-10-24 08:36:29.020  INFO rec-pago-267-4qr44 --- [pool-7-thread-1] c.b.m.r.d.CoreDao                        : @e_ofi=0
2022-10-24 08:36:29.020  INFO rec-pago-267-4qr44 --- [pool-7-thread-1] c.b.m.r.d.CoreDao                        : @e_rol=252
2022-10-24 08:36:29.020  INFO rec-pago-267-4qr44 --- [pool-7-thread-1] c.b.m.r.d.CoreDao                        : @e_corr=N
2022-10-24 08:36:29.021  INFO rec-pago-267-4qr44 --- [pool-7-thread-1] c.b.m.r.d.CoreDao                        : @e_ssn_corr=0
2022-10-24 08:36:29.021  INFO rec-pago-267-4qr44 --- [pool-7-thread-1] c.b.m.r.d.CoreDao                        : @e_trn=62688
2022-10-24 08:36:29.021  INFO rec-pago-267-4qr44 --- [pool-7-thread-1] c.b.m.r.d.CoreDao                        : @e_mon=1
2022-10-24 08:36:29.021  INFO rec-pago-267-4qr44 --- [pool-7-thread-1] c.b.m.r.d.CoreDao                        : @e_ruc_cliente=
2022-10-24 08:36:29.021  INFO rec-pago-267-4qr44 --- [pool-7-thread-1] c.b.m.r.d.CoreDao                        : @e_servicio=
2022-10-24 08:36:29.021  INFO rec-pago-267-4qr44 --- [pool-7-thread-1] c.b.m.r.d.CoreDao                        : @e_empresa=19574
2022-10-24 08:36:29.021  INFO rec-pago-267-4qr44 --- [pool-7-thread-1] c.b.m.r.d.CoreDao                        : @e_efectivo=10.00
2022-10-24 08:36:29.022  INFO rec-pago-267-4qr44 --- [pool-7-thread-1] c.b.m.r.d.CoreDao                        : @e_cheque=0
2022-10-24 08:36:29.022  INFO rec-pago-267-4qr44 --- [pool-7-thread-1] c.b.m.r.d.CoreDao                        : @e_debito=0
2022-10-24 08:36:29.022  INFO rec-pago-267-4qr44 --- [pool-7-thread-1] c.b.m.r.d.CoreDao                        : @e_tarjeta=0
2022-10-24 08:36:29.022  INFO rec-pago-267-4qr44 --- [pool-7-thread-1] c.b.m.r.d.CoreDao                        : @e_comision_tot=0.0
2022-10-24 08:36:29.022  INFO rec-pago-267-4qr44 --- [pool-7-thread-1] c.b.m.r.d.CoreDao                        : @e_comision_efe=0
2022-10-24 08:36:29.022  INFO rec-pago-267-4qr44 --- [pool-7-thread-1] c.b.m.r.d.CoreDao                        : @e_comision_chq=0
2022-10-24 08:36:29.022  INFO rec-pago-267-4qr44 --- [pool-7-thread-1] c.b.m.r.d.CoreDao                        : @e_comision_db=0
2022-10-24 08:36:29.023  INFO rec-pago-267-4qr44 --- [pool-7-thread-1] c.b.m.r.d.CoreDao                        : @e_total=10.0
2022-10-24 08:36:29.023  INFO rec-pago-267-4qr44 --- [pool-7-thread-1] c.b.m.r.d.CoreDao                        : @e_cant_cheques=0
2022-10-24 08:36:29.023  INFO rec-pago-267-4qr44 --- [pool-7-thread-1] c.b.m.r.d.CoreDao                        : @e_tipo_cta=EF
2022-10-24 08:36:29.023  INFO rec-pago-267-4qr44 --- [pool-7-thread-1] c.b.m.r.d.CoreDao                        : @e_cuenta=
2022-10-24 08:36:29.023  INFO rec-pago-267-4qr44 --- [pool-7-thread-1] c.b.m.r.d.CoreDao                        : @e_nombre_cta=
2022-10-24 08:36:29.023  INFO rec-pago-267-4qr44 --- [pool-7-thread-1] c.b.m.r.d.CoreDao                        : @e_autoriza=N
2022-10-24 08:36:29.023  INFO rec-pago-267-4qr44 --- [pool-7-thread-1] c.b.m.r.d.CoreDao                        : @e_canal=VEN
2022-10-24 08:36:29.024  INFO rec-pago-267-4qr44 --- [pool-7-thread-1] c.b.m.r.d.CoreDao                        : @e_ubi=0
2022-10-24 08:36:29.024  INFO rec-pago-267-4qr44 --- [pool-7-thread-1] c.b.m.r.d.CoreDao                        : @e_codigo=0911111111
2022-10-24 08:36:29.024  INFO rec-pago-267-4qr44 --- [pool-7-thread-1] c.b.m.r.d.CoreDao                        : @e_cod_referencia=
2022-10-24 08:36:29.024  INFO rec-pago-267-4qr44 --- [pool-7-thread-1] c.b.m.r.d.CoreDao                        : @e_nombre_cliente=null
2022-10-24 08:36:29.024  INFO rec-pago-267-4qr44 --- [pool-7-thread-1] c.b.m.r.d.CoreDao                        : @e_base_imponible=0
2022-10-24 08:36:29.024  INFO rec-pago-267-4qr44 --- [pool-7-thread-1] c.b.m.r.d.CoreDao                        : @e_factura=
2022-10-24 08:36:29.024  INFO rec-pago-267-4qr44 --- [pool-7-thread-1] c.b.m.r.d.CoreDao                        : @e_cod_respuesta=
2022-10-24 08:36:29.025  INFO rec-pago-267-4qr44 --- [pool-7-thread-1] c.b.m.r.d.CoreDao                        : @e_cod_grupo=
2022-10-24 08:36:29.025  INFO rec-pago-267-4qr44 --- [pool-7-thread-1] c.b.m.r.d.CoreDao                        : @e_nomb_tramite=
2022-10-24 08:36:29.025  INFO rec-pago-267-4qr44 --- [pool-7-thread-1] c.b.m.r.d.CoreDao                        : @e_pcodigo_operacion=
2022-10-24 08:36:29.025  INFO rec-pago-267-4qr44 --- [pool-7-thread-1] c.b.m.r.d.CoreDao                        : @e_pcodigo_secuencia=
2022-10-24 08:36:29.025  INFO rec-pago-267-4qr44 --- [pool-7-thread-1] c.b.m.r.d.CoreDao                        : @e_phoralocal=
2022-10-24 08:36:29.025  INFO rec-pago-267-4qr44 --- [pool-7-thread-1] c.b.m.r.d.CoreDao                        : @e_cod_consultora=null
2022-10-24 08:36:29.025  INFO rec-pago-267-4qr44 --- [pool-7-thread-1] c.b.m.r.d.CoreDao                        : EJECUTA SP {? = call cob_pagos..pa_pg_tpag_reca_varios(?,?,?,?,?,?,?,?,?,?,?,?,?,?,?,?,?,?,?,?,?,?,?,?,?,?,?,?,?,?,?,?,?,?,?,?,?,?,?,?,?,?,?,?,?,?,?,?,?,?,?,?,?,?,?,?,?,?,?,?,?,?,?,?,?,?) }
2022-10-24 08:36:29.138  INFO rec-pago-267-4qr44 --- [pool-7-thread-1] c.b.m.r.d.CoreDao                        : FINALIZA EJECUTA SP
2022-10-24 08:36:29.139  INFO rec-pago-267-4qr44 --- [pool-7-thread-1] c.b.m.r.d.CoreDao                        : RESPUESTA SP --> 0
2022-10-24 08:36:29.139  INFO rec-pago-267-4qr44 --- [pool-7-thread-1] c.b.m.r.d.CoreDao                        : cob_pagos..pa_pg_tpag_reca_varios Output Parameters
2022-10-24 08:36:29.140  INFO rec-pago-267-4qr44 --- [pool-7-thread-1] c.b.m.r.d.CoreDao                        : @s_ssn=132258801
2022-10-24 08:36:29.140  INFO rec-pago-267-4qr44 --- [pool-7-thread-1] c.b.m.r.d.CoreDao                        : @s_horario=N
2022-10-24 08:36:29.141  INFO rec-pago-267-4qr44 --- [pool-7-thread-1] c.b.m.r.d.CoreDao                        : @s_tasa=0.0
2022-10-24 08:36:29.141  INFO rec-pago-267-4qr44 --- [pool-7-thread-1] c.b.m.r.d.CoreDao                        : @s_base_imp=0.0
2022-10-24 08:36:29.141  INFO rec-pago-267-4qr44 --- [pool-7-thread-1] c.b.m.r.d.CoreDao                        : @s_impuesto=0.0
2022-10-24 08:36:29.141  INFO rec-pago-267-4qr44 --- [pool-7-thread-1] c.b.m.r.d.CoreDao                        : @s_servicio_not=null
2022-10-24 08:36:29.141  INFO rec-pago-267-4qr44 --- [pool-7-thread-1] c.b.m.r.d.CoreDao                        : @s_nomb_ente=null
2022-10-24 08:36:29.141  INFO rec-pago-267-4qr44 --- [pool-7-thread-1] c.b.m.r.d.CoreDao                        : @s_cod_ente=null
2022-10-24 08:36:29.142  INFO rec-pago-267-4qr44 --- [pool-7-thread-1] c.b.m.r.d.CoreDao                        : @s_desccanal=null
2022-10-24 08:36:29.142  INFO rec-pago-267-4qr44 --- [pool-7-thread-1] c.b.m.r.d.CoreDao                        : @s_celular=null
2022-10-24 08:36:29.142  INFO rec-pago-267-4qr44 --- [pool-7-thread-1] c.b.m.r.d.CoreDao                        : @s_correo=null
2022-10-24 08:36:29.142  INFO rec-pago-267-4qr44 --- [pool-7-thread-1] c.b.m.r.d.CoreDao                        : @s_desc_empresa=null
2022-10-24 08:36:29.142  INFO rec-pago-267-4qr44 --- [pool-7-thread-1] c.b.m.r.d.CoreDao                        : @s_prod_deb=EF 
2022-10-24 08:36:29.142  INFO rec-pago-267-4qr44 --- [pool-7-thread-1] c.b.m.r.d.CoreDao                        : @s_valor=null
2022-10-24 08:36:29.143  INFO rec-pago-267-4qr44 --- [pool-7-thread-1] c.b.m.r.d.CoreDao                        : @s_fecha_deb=10/24/2022
2022-10-24 08:36:29.143  INFO rec-pago-267-4qr44 --- [pool-7-thread-1] c.b.m.r.d.CoreDao                        : @s_hora_deb=08:36:29
2022-10-24 08:36:29.143  INFO rec-pago-267-4qr44 --- [pool-7-thread-1] c.b.m.r.d.CoreDao                        : @s_valor_comi=null
2022-10-24 08:36:29.143  INFO rec-pago-267-4qr44 --- [pool-7-thread-1] c.b.m.r.d.CoreDao                        : @s_cta_lat=null
2022-10-24 08:36:29.143  INFO rec-pago-267-4qr44 --- [pool-7-thread-1] c.b.m.r.d.CoreDao                        : @s_tipo_serv=null
2022-10-24 08:36:29.143  INFO rec-pago-267-4qr44 --- [pool-7-thread-1] c.b.m.r.d.CoreDao                        : @s_envia_notf=0
2022-10-24 08:36:29.143  INFO rec-pago-267-4qr44 --- [pool-7-thread-1] c.b.m.r.d.CoreDao                        : @s_cod_respuesta=0
2022-10-24 08:36:29.144  INFO rec-pago-267-4qr44 --- [pool-7-thread-1] c.b.m.r.d.CoreDao                        : @s_mensaje_respuesta=OK
2022-10-24 08:36:29.144  INFO rec-pago-267-4qr44 --- [pool-7-thread-1] c.b.m.r.d.CoreDao                        : @s_valor_tot=null
2022-10-24 08:36:29.318  INFO rec-pago-267-4qr44 --- [pool-7-thread-1] c.b.m.r.d.CoreDao                        : Respuesta despues de pago core<ns2:salidaEjecutarPago xmlns:ns2="http://www.bolivariano.com/mensaje/MensajeOTC"><ns2:codigoError>0</ns2:codigoError><ns2:datosAdicionales><ns2:datoAdicional><codigo>vp_s_fecha_contable</codigo><valor>10/21/2022</valor></ns2:datoAdicional><ns2:datoAdicional><codigo>vp_s_ssn</codigo><valor>132258801</valor></ns2:datoAdicional><ns2:datoAdicional><codigo>vp_s_comision</codigo></ns2:datoAdicional><ns2:datoAdicional><codigo>vp_s_tasa</codigo></ns2:datoAdicional><ns2:datoAdicional><codigo>vp_s_base_imp</codigo></ns2:datoAdicional><ns2:datoAdicional><codigo>vp_s_impuesto</codigo></ns2:datoAdicional><ns2:datoAdicional><codigo>vp_s_empresa</codigo></ns2:datoAdicional><ns2:datoAdicional><codigo>vp_s_recaudacion</codigo></ns2:datoAdicional><ns2:datoAdicional><codigo>vp_s_referencia1</codigo></ns2:datoAdicional><ns2:datoAdicional><codigo>vp_s_referencia2</codigo></ns2:datoAdicional><ns2:datoAdicional><codigo>vp_s_referencia3</codigo></ns2:datoAdicional><ns2:datoAdicional><codigo>rp_s_ssn</codigo><valor>132258801</valor></ns2:datoAdicional><ns2:datoAdicional><codigo>rp_s_horario</codigo><valor>N</valor></ns2:datoAdicional><ns2:datoAdicional><codigo>rp_s_tasa</codigo><valor>0.0</valor></ns2:datoAdicional><ns2:datoAdicional><codigo>rp_s_base_imp</codigo><valor>0.0</valor></ns2:datoAdicional><ns2:datoAdicional><codigo>rp_s_impuesto</codigo><valor>0.0</valor></ns2:datoAdicional><ns2:datoAdicional><codigo>rp_s_servicio_not</codigo><valor></valor></ns2:datoAdicional><ns2:datoAdicional><codigo>rp_s_nomb_ente</codigo><valor></valor></ns2:datoAdicional><ns2:datoAdicional><codigo>rp_s_cod_ente</codigo><valor></valor></ns2:datoAdicional><ns2:datoAdicional><codigo>rp_s_desccanal</codigo><valor></valor></ns2:datoAdicional><ns2:datoAdicional><codigo>rp_s_celular</codigo><valor></valor></ns2:datoAdicional><ns2:datoAdicional><codigo>rp_s_correo</codigo><valor></valor></ns2:datoAdicional><ns2:datoAdicional><codigo>rp_s_desc_empresa</codigo><valor></valor></ns2:datoAdicional><ns2:datoAdicional><codigo>rp_s_prod_deb</codigo><valor>EF </valor></ns2:datoAdicional><ns2:datoAdicional><codigo>rp_s_valor</codigo><valor></valor></ns2:datoAdicional><ns2:datoAdicional><codigo>rp_s_fecha_deb</codigo><valor>10/24/2022</valor></ns2:datoAdicional><ns2:datoAdicional><codigo>rp_s_hora_deb</codigo><valor>08:36:29</valor></ns2:datoAdicional><ns2:datoAdicional><codigo>rp_s_valor_comi</codigo><valor></valor></ns2:datoAdicional><ns2:datoAdicional><codigo>rp_s_cta_lat</codigo><valor></valor></ns2:datoAdicional><ns2:datoAdicional><codigo>rp_s_tipo_serv</codigo><valor></valor></ns2:datoAdicional><ns2:datoAdicional><codigo>rp_s_envia_notf</codigo><valor>0</valor></ns2:datoAdicional></ns2:datosAdicionales><ns2:fechaDebito>2022-10-21T08:36:18</ns2:fechaDebito><ns2:fechaPago>2022-10-21T08:36:18</ns2:fechaPago><ns2:mensajeUsuario>OK</ns2:mensajeUsuario><ns2:mensajeSistema>OK</ns2:mensajeSistema><ns2:montoTotal>0.0</ns2:montoTotal></ns2:salidaEjecutarPago>
2022-10-24 08:36:29.318  INFO rec-pago-267-4qr44 --- [pool-7-thread-1] c.b.m.r.d.CoreDao                        : CIERRA CONEXION!
2022-10-24 08:36:29.319  INFO rec-pago-267-4qr44 --- [pool-7-thread-1] c.b.m.r.s.BankProcessService             : CODIO RESPUESTA: 0
2022-10-24 08:36:29.321  INFO rec-pago-267-4qr44 --- [pool-7-thread-1] c.b.m.r.s.BankSupplierProcessService     : Fin Ejecuta CORE ...
2022-10-24 08:36:29.321  INFO rec-pago-267-4qr44 --- [pool-7-thread-1] c.b.m.r.s.BankSupplierProcessService     : RESPUESTA CORE: 0
2022-10-24 08:36:29.321  INFO rec-pago-267-4qr44 --- [pool-7-thread-1] c.b.m.r.s.BankSupplierProcessService     : Inicio Ejecuta PROVEEDOR ...
2022-10-24 08:36:29.321  INFO rec-pago-267-4qr44 --- [pool-7-thread-1] c.b.m.r.s.SupplierProcessService         : INICIO EJECUTA PROVEEDOR ...
2022-10-24 08:36:29.322  INFO rec-pago-267-4qr44 --- [pool-7-thread-1] c.b.m.r.s.SupplierProcessService         : OBTENER DATOS ADICIONALES
2022-10-24 08:36:29.414  INFO rec-pago-267-4qr44 --- [pool-7-thread-1] c.b.m.r.s.SupplierProcessService         : ENVIA MENSAJE A PROVEEDOR
2022-10-24 08:36:32.859  INFO rec-pago-267-4qr44 --- [pool-7-thread-1] c.b.m.r.m.MessageSender                  : {"tipoFlujo":"PAGO","mensajeEntradaEjecutarPago":{"canal":"VEN","cuenta":"","datosAdicionales":null,"depuracion":null,"esquemaFirma":null,"fecha":"2022-10-21T08:36:18","fechaPago":"2022-10-21","moneda":"1","nombreCliente":null,"oficina":"0","recibos":null,"secuencial":"132258801","servicio":{"codTipoServicio":"TELEFONIA_CELULAR","codigoConvenio":"19574","codigoEmpresa":"19574","codigoTipoBanca":"BP","codigoTipoIdentificador":"CELULAR","datosAdicionales":{"datoAdicional":[{"codigo":"e_prov_req","etiqueta":null,"editable":null,"formato":null,"listasSeleccion":null,"longitud":null,"mascara":null,"regexp":null,"tipo":null,"valor":"MS_REC_BROADNET_REQ","visible":null},{"codigo":"e_prov_resp","etiqueta":null,"editable":null,"formato":null,"listasSeleccion":null,"longitud":null,"mascara":null,"regexp":null,"tipo":null,"valor":"MS_REC_BROADNET_RESP","visible":null},{"codigo":"e_tipo_proceso","etiqueta":null,"editable":null,"formato":null,"listasSeleccion":null,"longitud":null,"mascara":null,"regexp":null,"tipo":null,"valor":"M","visible":null},{"codigo":"e_tipo_ejecucion","etiqueta":null,"editable":null,"formato":null,"listasSeleccion":null,"longitud":null,"mascara":null,"regexp":null,"tipo":null,"valor":"BP","visible":null},{"codigo":"p_medio","etiqueta":null,"editable":null,"formato":null,"listasSeleccion":null,"longitud":null,"mascara":null,"regexp":null,"tipo":null,"valor":"12","visible":null},{"codigo":"p_terminal","etiqueta":null,"editable":null,"formato":null,"listasSeleccion":null,"longitud":null,"mascara":null,"regexp":null,"tipo":null,"valor":"VIRTUAL_BB","visible":null},{"codigo":"p_medio","etiqueta":null,"editable":null,"formato":null,"listasSeleccion":null,"longitud":null,"mascara":null,"regexp":null,"tipo":null,"valor":"12","visible":null},{"codigo":"p_branch_id","etiqueta":null,"editable":null,"formato":null,"listasSeleccion":null,"longitud":null,"mascara":null,"regexp":null,"tipo":null,"valor":"1","visible":null},{"codigo":"p_forma_pago","etiqueta":null,"editable":null,"formato":null,"listasSeleccion":null,"longitud":null,"mascara":null,"regexp":null,"tipo":null,"valor":"1","visible":null},{"codigo":"codAgencia","etiqueta":null,"editable":null,"formato":null,"listasSeleccion":null,"longitud":null,"mascara":null,"regexp":null,"tipo":null,"valor":"","visible":null},{"codigo":"codLocalidad","etiqueta":null,"editable":null,"formato":null,"listasSeleccion":null,"longitud":null,"mascara":null,"regexp":null,"tipo":null,"valor":"","visible":null},{"codigo":"category","etiqueta":null,"editable":null,"formato":null,"listasSeleccion":null,"longitud":null,"mascara":null,"regexp":null,"tipo":null,"valor":"C","visible":null},{"codigo":"documentType","etiqueta":null,"editable":null,"formato":null,"listasSeleccion":null,"longitud":null,"mascara":null,"regexp":null,"tipo":null,"valor":"CELULAR","visible":null},{"codigo":"documentID","etiqueta":null,"editable":null,"formato":null,"listasSeleccion":null,"longitud":null,"mascara":null,"regexp":null,"tipo":null,"valor":"0911111111","visible":null},{"codigo":"fullName","etiqueta":null,"editable":null,"formato":null,"listasSeleccion":null,"longitud":null,"mascara":null,"regexp":null,"tipo":null,"valor":"","visible":null},{"codigo":"e_srv","etiqueta":null,"editable":null,"formato":null,"listasSeleccion":null,"longitud":null,"mascara":null,"regexp":null,"tipo":null,"valor":"SRVDESA2","visible":null},{"codigo":"e_term","etiqueta":null,"editable":null,"formato":null,"listasSeleccion":null,"longitud":null,"mascara":null,"regexp":null,"tipo":null,"valor":"VIRTUAL_BB","visible":null},{"codigo":"e_rol","etiqueta":null,"editable":null,"formato":null,"listasSeleccion":null,"longitud":null,"mascara":null,"regexp":null,"tipo":null,"valor":"252","visible":null},{"codigo":"e_corr","etiqueta":null,"editable":null,"formato":null,"listasSeleccion":null,"longitud":null,"mascara":null,"regexp":null,"tipo":null,"valor":"N","visible":null},{"codigo":"e_ssn_corr","etiqueta":null,"editable":null,"formato":null,"listasSeleccion":null,"longitud":null,"mascara":null,"regexp":null,"tipo":null,"valor":"0","visible":null},{"codigo":"e_mon","etiqueta":null,"editable":null,"formato":null,"listasSeleccion":null,"longitud":null,"mascara":null,"regexp":null,"tipo":null,"valor":"1","visible":null},{"codigo":"e_servicio","etiqueta":null,"editable":null,"formato":null,"listasSeleccion":null,"longitud":null,"mascara":null,"regexp":null,"tipo":null,"valor":"","visible":null},{"codigo":"e_identificacion","etiqueta":null,"editable":null,"formato":null,"listasSeleccion":null,"longitud":null,"mascara":null,"regexp":null,"tipo":null,"valor":"0911111111","visible":null},{"codigo":"e_efectivo","etiqueta":null,"editable":null,"formato":null,"listasSeleccion":null,"longitud":null,"mascara":null,"regexp":null,"tipo":null,"valor":"10.00","visible":null},{"codigo":"e_cheque","etiqueta":null,"editable":null,"formato":null,"listasSeleccion":null,"longitud":null,"mascara":null,"regexp":null,"tipo":null,"valor":"0","visible":null},{"codigo":"e_tarjeta","etiqueta":null,"editable":null,"formato":null,"listasSeleccion":null,"longitud":null,"mascara":null,"regexp":null,"tipo":null,"valor":"0","visible":null},{"codigo":"e_comision_efe","etiqueta":null,"editable":null,"formato":null,"listasSeleccion":null,"longitud":null,"mascara":null,"regexp":null,"tipo":null,"valor":"0","visible":null},{"codigo":"e_comision_chq","etiqueta":null,"editable":null,"formato":null,"listasSeleccion":null,"longitud":null,"mascara":null,"regexp":null,"tipo":null,"valor":"0","visible":null},{"codigo":"e_autoriza","etiqueta":null,"editable":null,"formato":null,"listasSeleccion":null,"longitud":null,"mascara":null,"regexp":null,"tipo":null,"valor":"N","visible":null},{"codigo":"e_ubi","etiqueta":null,"editable":null,"formato":null,"listasSeleccion":null,"longitud":null,"mascara":null,"regexp":null,"tipo":null,"valor":"","visible":null},{"codigo":"e_opcion","etiqueta":null,"editable":null,"formato":null,"listasSeleccion":null,"longitud":null,"mascara":null,"regexp":null,"tipo":null,"valor":"P","visible":null},{"codigo":"e_reverso","etiqueta":null,"editable":null,"formato":null,"listasSeleccion":null,"longitud":null,"mascara":null,"regexp":null,"tipo":null,"valor":"","visible":null},{"codigo":"e_emp_nombre","etiqueta":null,"editable":null,"formato":null,"listasSeleccion":null,"longitud":null,"mascara":null,"regexp":null,"tipo":null,"valor":"","visible":null},{"codigo":"e_ruc_cliente","etiqueta":null,"editable":null,"formato":null,"listasSeleccion":null,"longitud":null,"mascara":null,"regexp":null,"tipo":null,"valor":"","visible":null},{"codigo":"e_cant_cheques","etiqueta":null,"editable":null,"formato":null,"listasSeleccion":null,"longitud":null,"mascara":null,"regexp":null,"tipo":null,"valor":"0","visible":null},{"codigo":"e_nombre_cta","etiqueta":null,"editable":null,"formato":null,"listasSeleccion":null,"longitud":null,"mascara":null,"regexp":null,"tipo":null,"valor":"","visible":null},{"codigo":"e_cod_referencia","etiqueta":null,"editable":null,"formato":null,"listasSeleccion":null,"longitud":null,"mascara":null,"regexp":null,"tipo":null,"valor":"","visible":null},{"codigo":"e_base_imponible","etiqueta":null,"editable":null,"formato":null,"listasSeleccion":null,"longitud":null,"mascara":null,"regexp":null,"tipo":null,"valor":"","visible":null},{"codigo":"e_factura","etiqueta":null,"editable":null,"formato":null,"listasSeleccion":null,"longitud":null,"mascara":null,"regexp":null,"tipo":null,"valor":"","visible":null},{"codigo":"e_cod_respuesta","etiqueta":null,"editable":null,"formato":null,"listasSeleccion":null,"longitud":null,"mascara":null,"regexp":null,"tipo":null,"valor":"","visible":null},{"codigo":"e_cod_grupo","etiqueta":null,"editable":null,"formato":null,"listasSeleccion":null,"longitud":null,"mascara":null,"regexp":null,"tipo":null,"valor":"","visible":null},{"codigo":"e_cod_grupo","etiqueta":null,"editable":null,"formato":null,"listasSeleccion":null,"longitud":null,"mascara":null,"regexp":null,"tipo":null,"valor":"","visible":null},{"codigo":"e_nomb_tramite","etiqueta":null,"editable":null,"formato":null,"listasSeleccion":null,"longitud":null,"mascara":null,"regexp":null,"tipo":null,"valor":"","visible":null},{"codigo":"e_pcodigo_operacion","etiqueta":null,"editable":null,"formato":null,"listasSeleccion":null,"longitud":null,"mascara":null,"regexp":null,"tipo":null,"valor":"","visible":null},{"codigo":"e_pcodigo_secuencia","etiqueta":null,"editable":null,"formato":null,"listasSeleccion":null,"longitud":null,"mascara":null,"regexp":null,"tipo":null,"valor":"","visible":null},{"codigo":"e_phoralocal","etiqueta":null,"editable":null,"formato":null,"listasSeleccion":null,"longitud":null,"mascara":null,"regexp":null,"tipo":null,"valor":"","visible":null},{"codigo":"e_cod_consultora","etiqueta":null,"editable":null,"formato":null,"listasSeleccion":null,"longitud":null,"mascara":null,"regexp":null,"tipo":null,"valor":"","visible":null},{"codigo":"vp_s_fecha_contable","etiqueta":null,"editable":null,"formato":null,"listasSeleccion":null,"longitud":null,"mascara":null,"regexp":null,"tipo":null,"valor":"10/21/2022","visible":null},{"codigo":"vp_s_ssn","etiqueta":null,"editable":null,"formato":null,"listasSeleccion":null,"longitud":null,"mascara":null,"regexp":null,"tipo":null,"valor":"132258801","visible":null},{"codigo":"vp_s_comision","etiqueta":null,"editable":null,"formato":null,"listasSeleccion":null,"longitud":null,"mascara":null,"regexp":null,"tipo":null,"valor":null,"visible":null},{"codigo":"vp_s_tasa","etiqueta":null,"editable":null,"formato":null,"listasSeleccion":null,"longitud":null,"mascara":null,"regexp":null,"tipo":null,"valor":null,"visible":null},{"codigo":"vp_s_base_imp","etiqueta":null,"editable":null,"formato":null,"listasSeleccion":null,"longitud":null,"mascara":null,"regexp":null,"tipo":null,"valor":null,"visible":null},{"codigo":"vp_s_impuesto","etiqueta":null,"editable":null,"formato":null,"listasSeleccion":null,"longitud":null,"mascara":null,"regexp":null,"tipo":null,"valor":null,"visible":null},{"codigo":"vp_s_empresa","etiqueta":null,"editable":null,"formato":null,"listasSeleccion":null,"longitud":null,"mascara":null,"regexp":null,"tipo":null,"valor":null,"visible":null},{"codigo":"vp_s_recaudacion","etiqueta":null,"editable":null,"formato":null,"listasSeleccion":null,"longitud":null,"mascara":null,"regexp":null,"tipo":null,"valor":null,"visible":null},{"codigo":"vp_s_referencia1","etiqueta":null,"editable":null,"formato":null,"listasSeleccion":null,"longitud":null,"mascara":null,"regexp":null,"tipo":null,"valor":null,"visible":null},{"codigo":"vp_s_referencia2","etiqueta":null,"editable":null,"formato":null,"listasSeleccion":null,"longitud":null,"mascara":null,"regexp":null,"tipo":null,"valor":null,"visible":null},{"codigo":"vp_s_referencia3","etiqueta":null,"editable":null,"formato":null,"listasSeleccion":null,"longitud":null,"mascara":null,"regexp":null,"tipo":null,"valor":null,"visible":null},{"codigo":"vp_s_fecha_contable","etiqueta":null,"editable":null,"formato":null,"listasSeleccion":null,"longitud":null,"mascara":null,"regexp":null,"tipo":null,"valor":"10/21/2022","visible":null},{"codigo":"vp_s_ssn","etiqueta":null,"editable":null,"formato":null,"listasSeleccion":null,"longitud":null,"mascara":null,"regexp":null,"tipo":null,"valor":"132258801","visible":null},{"codigo":"vp_s_comision","etiqueta":null,"editable":null,"formato":null,"listasSeleccion":null,"longitud":null,"mascara":null,"regexp":null,"tipo":null,"valor":null,"visible":null},{"codigo":"vp_s_tasa","etiqueta":null,"editable":null,"formato":null,"listasSeleccion":null,"longitud":null,"mascara":null,"regexp":null,"tipo":null,"valor":null,"visible":null},{"codigo":"vp_s_base_imp","etiqueta":null,"editable":null,"formato":null,"listasSeleccion":null,"longitud":null,"mascara":null,"regexp":null,"tipo":null,"valor":null,"visible":null},{"codigo":"vp_s_impuesto","etiqueta":null,"editable":null,"formato":null,"listasSeleccion":null,"longitud":null,"mascara":null,"regexp":null,"tipo":null,"valor":null,"visible":null},{"codigo":"vp_s_empresa","etiqueta":null,"editable":null,"formato":null,"listasSeleccion":null,"longitud":null,"mascara":null,"regexp":null,"tipo":null,"valor":null,"visible":null},{"codigo":"vp_s_recaudacion","etiqueta":null,"editable":null,"formato":null,"listasSeleccion":null,"longitud":null,"mascara":null,"regexp":null,"tipo":null,"valor":null,"visible":null},{"codigo":"vp_s_referencia1","etiqueta":null,"editable":null,"formato":null,"listasSeleccion":null,"longitud":null,"mascara":null,"regexp":null,"tipo":null,"valor":null,"visible":null},{"codigo":"vp_s_referencia2","etiqueta":null,"editable":null,"formato":null,"listasSeleccion":null,"longitud":null,"mascara":null,"regexp":null,"tipo":null,"valor":null,"visible":null},{"codigo":"vp_s_referencia3","etiqueta":null,"editable":null,"formato":null,"listasSeleccion":null,"longitud":null,"mascara":null,"regexp":null,"tipo":null,"valor":null,"visible":null},{"codigo":"rp_s_ssn","etiqueta":null,"editable":null,"formato":null,"listasSeleccion":null,"longitud":null,"mascara":null,"regexp":null,"tipo":null,"valor":"132258801","visible":null},{"codigo":"rp_s_horario","etiqueta":null,"editable":null,"formato":null,"listasSeleccion":null,"longitud":null,"mascara":null,"regexp":null,"tipo":null,"valor":"N","visible":null},{"codigo":"rp_s_tasa","etiqueta":null,"editable":null,"formato":null,"listasSeleccion":null,"longitud":null,"mascara":null,"regexp":null,"tipo":null,"valor":"0.0","visible":null},{"codigo":"rp_s_base_imp","etiqueta":null,"editable":null,"formato":null,"listasSeleccion":null,"longitud":null,"mascara":null,"regexp":null,"tipo":null,"valor":"0.0","visible":null},{"codigo":"rp_s_impuesto","etiqueta":null,"editable":null,"formato":null,"listasSeleccion":null,"longitud":null,"mascara":null,"regexp":null,"tipo":null,"valor":"0.0","visible":null},{"codigo":"rp_s_servicio_not","etiqueta":null,"editable":null,"formato":null,"listasSeleccion":null,"longitud":null,"mascara":null,"regexp":null,"tipo":null,"valor":"","visible":null},{"codigo":"rp_s_nomb_ente","etiqueta":null,"editable":null,"formato":null,"listasSeleccion":null,"longitud":null,"mascara":null,"regexp":null,"tipo":null,"valor":"","visible":null},{"codigo":"rp_s_cod_ente","etiqueta":null,"editable":null,"formato":null,"listasSeleccion":null,"longitud":null,"mascara":null,"regexp":null,"tipo":null,"valor":"","visible":null},{"codigo":"rp_s_desccanal","etiqueta":null,"editable":null,"formato":null,"listasSeleccion":null,"longitud":null,"mascara":null,"regexp":null,"tipo":null,"valor":"","visible":null},{"codigo":"rp_s_celular","etiqueta":null,"editable":null,"formato":null,"listasSeleccion":null,"longitud":null,"mascara":null,"regexp":null,"tipo":null,"valor":"","visible":null},{"codigo":"rp_s_correo","etiqueta":null,"editable":null,"formato":null,"listasSeleccion":null,"longitud":null,"mascara":null,"regexp":null,"tipo":null,"valor":"","visible":null},{"codigo":"rp_s_desc_empresa","etiqueta":null,"editable":null,"formato":null,"listasSeleccion":null,"longitud":null,"mascara":null,"regexp":null,"tipo":null,"valor":"","visible":null},{"codigo":"rp_s_prod_deb","etiqueta":null,"editable":null,"formato":null,"listasSeleccion":null,"longitud":null,"mascara":null,"regexp":null,"tipo":null,"valor":"EF ","visible":null},{"codigo":"rp_s_valor","etiqueta":null,"editable":null,"formato":null,"listasSeleccion":null,"longitud":null,"mascara":null,"regexp":null,"tipo":null,"valor":"","visible":null},{"codigo":"rp_s_fecha_deb","etiqueta":null,"editable":null,"formato":null,"listasSeleccion":null,"longitud":null,"mascara":null,"regexp":null,"tipo":null,"valor":"10/24/2022","visible":null},{"codigo":"rp_s_hora_deb","etiqueta":null,"editable":null,"formato":null,"listasSeleccion":null,"longitud":null,"mascara":null,"regexp":null,"tipo":null,"valor":"08:36:29","visible":null},{"codigo":"rp_s_valor_comi","etiqueta":null,"editable":null,"formato":null,"listasSeleccion":null,"longitud":null,"mascara":null,"regexp":null,"tipo":null,"valor":"","visible":null},{"codigo":"rp_s_cta_lat","etiqueta":null,"editable":null,"formato":null,"listasSeleccion":null,"longitud":null,"mascara":null,"regexp":null,"tipo":null,"valor":"","visible":null},{"codigo":"rp_s_tipo_serv","etiqueta":null,"editable":null,"formato":null,"listasSeleccion":null,"longitud":null,"mascara":null,"regexp":null,"tipo":null,"valor":"","visible":null},{"codigo":"rp_s_envia_notf","etiqueta":null,"editable":null,"formato":null,"listasSeleccion":null,"longitud":null,"mascara":null,"regexp":null,"tipo":null,"valor":"0","visible":null}]},"identificador":"0911111111"},"tipoCuenta":"EF","transaccion":"62688","usuario":"msilvag","valorComision":0.0,"valorPago":10.0}} *** Mensaje JMS Text: 2c219b9ebbd4
2022-10-24 08:36:32.860  INFO rec-pago-267-4qr44 --- [pool-7-thread-1] c.b.m.r.m.MessageSender                  : JMS Message: 
  JMSMessage class: jms_text
  JMSType:          null
  JMSDeliveryMode:  1
  JMSDeliveryDelay: 0
  JMSDeliveryTime:  0
  JMSExpiration:    50000
  JMSPriority:      4
  JMSMessageID:     2c219b9ebbd4
  JMSTimestamp:     1770348942497
  JMSCorrelationID: 2c219b9ebbd4
  JMSDestination:   null
  JMSReplyTo:       null
  JMSRedelivered:   false
    JMS_IBM_Character_Set: 1208
    JMS_IBM_MQMD_Expiry: 50000
{"tipoFlujo":"PAGO","mensajeEntradaEjecutarPago":{"canal":"VEN","cuenta":"","datosAdicionales":null, ...
2022-10-24 08:36:34.233  INFO rec-pago-267-4qr44 --- [pool-7-thread-1] c.b.m.r.m.MessageConsumer                : Recuperando mensaje cola proveedor MS_REC_BROADNET_RESP
2022-10-24 08:36:38.438  INFO rec-pago-267-4qr44 --- [pool-7-thread-1] c.b.m.r.m.MessageConsumer                : COLA MQ --> MS_REC_BROADNET_RESP
2022-10-24 08:36:39.754  INFO rec-pago-267-4qr44 --- [pool-7-thread-1] c.b.m.r.m.MessageConsumer                : MENSAJE RECIBIDO--> 
  JMSMessage class: jms_bytes
  JMSType:          null
  JMSDeliveryMode:  2
2022-10-24 08:36:39.755  INFO rec-pago-267-4qr44 --- [pool-7-thread-1] c.b.m.r.m.MessageConsumer                : Transformacion byte a String
2022-10-24 08:36:39.755  INFO rec-pago-267-4qr44 --- [pool-7-thread-1] c.b.m.r.m.MessageConsumer                : Mensaje de respuesta: {"codigo":"0","mensajeUsuario":"PROCESO EJECUTADO","estado":"OK","mensajeSalidaEjecutarPago":{"banderaOffline":null,"codigoError":"91","datosAdicionales":null,"fechaDebito":null,"fechaPago":null,"mensajeUsuario":"AUTORIZADOR FUERA DE LINEA","mensajeSistema":"AUTORIZADOR FUERA DE LINEA","montoTotal":null,"referencia":null},"mensajeSalidaConsultarDeuda":null}
2022-10-24 08:36:40.322  INFO rec-pago-267-4qr44 --- [pool-7-thread-1] c.b.m.r.s.SupplierProcessService         : RECIBE MENSAJE A PROVEEDOR
2022-10-24 08:36:40.322  INFO rec-pago-267-4qr44 --- [pool-7-thread-1] c.b.m.r.s.SupplierProcessService         : RESPUESTA PROVEEDOR: {"codigo":"0","mensajeUsuario":"PROCESO EJECUTADO","estado":"OK","mensajeSalidaEjecutarPago":{"banderaOffline":null,"codigoError":"91","datosAdicionales":null,"fechaDebito":null,"fechaPago":null,"mensajeUsuario":"AUTORIZADOR FUERA DE LINEA","mensajeSistema":"AUTORIZADOR FUERA DE LINEA","montoTotal":null,"referencia":null},"mensajeSalidaConsultarDeuda":null}
2022-10-24 08:36:40.420  INFO rec-pago-267-4qr44 --- [pool-7-thread-1] c.b.m.r.s.SupplierProcessService         : RESPUESTA DE GATEWAY: 0
2022-10-24 08:36:40.420  INFO rec-pago-267-4qr44 --- [pool-7-thread-1] c.b.m.r.s.SupplierProcessService         : 91
2022-10-24 08:36:40.420  INFO rec-pago-267-4qr44 --- [pool-7-thread-1] c.b.m.r.s.SupplierProcessService         : SETEAN MENSAJE DE SALIDA
2022-10-24 08:36:40.511  INFO rec-pago-267-4qr44 --- [pool-7-thread-1] c.b.m.r.s.SupplierProcessService         : FIN EJECUTA PROVEEDOR ...
2022-10-24 08:36:40.511  INFO rec-pago-267-4qr44 --- [pool-7-thread-1] c.b.m.r.s.BankSupplierProcessService     : Fin Ejecuta PROVEEDOR ...
2022-10-24 08:36:40.511  INFO rec-pago-267-4qr44 --- [pool-7-thread-1] c.b.m.r.s.BankSupplierProcessService     : RESPUESTA PROVEEDOR ***: 91
2022-10-24 08:36:40.511  INFO rec-pago-267-4qr44 --- [pool-7-thread-1] c.b.m.r.s.BankSupplierProcessService     : ENVIA REVERSO CORE
2022-10-24 08:36:40.511  INFO rec-pago-267-4qr44 --- [pool-7-thread-1] c.b.m.r.s.ReverseProcessService          : INICIO EJECUTA REVERSO
2022-10-24 08:36:40.516  INFO rec-pago-267-4qr44 --- [pool-7-thread-1] c.b.m.r.s.ReverseProcessService          : e_ssn_corr --> 132258801
2022-10-24 08:36:40.516  INFO rec-pago-267-4qr44 --- [pool-7-thread-1] c.b.m.r.s.ReverseProcessService          : e_tipo_proceso --> C
2022-10-24 08:36:40.516  INFO rec-pago-267-4qr44 --- [pool-7-thread-1] c.b.m.r.s.ReverseProcessService          : e_noti_conf --> N
2022-10-24 08:36:40.516  INFO rec-pago-267-4qr44 --- [pool-7-thread-1] c.b.m.r.s.ReverseProcessService          : SETEA DATOS ADICIONALES
2022-10-24 08:36:40.516  INFO rec-pago-267-4qr44 --- [pool-7-thread-1] c.b.m.r.s.ReverseProcessService          : ENVIA MENSAJE REVERSO
2022-10-24 08:36:45.331  INFO rec-pago-267-4qr44 --- [pool-7-thread-1] c.b.m.r.m.MessageSender                  : <?xml version="1.0" encoding="UTF-8" standalone="yes"?><mensajeEntradaGateway xmlns="http://www.bolivariano.com/mensaje/MensajeOSB"><operacion>REVERSO</operacion><mensaje><![CDATA[<?xml version="1.0" encoding="UTF-8" standalone="yes"?><ns2:entradaEjecutarPago xmlns:ns2="http://www.bolivariano.com/mensaje/MensajeOTC"><ns2:canal>VEN</ns2:canal><ns2:cuenta></ns2:cuenta><ns2:fecha>2022-10-21T08:36:18</ns2:fecha><ns2:fechaPago>2022-10-21T08:36:18</ns2:fechaPago><ns2:moneda>1</ns2:moneda><ns2:oficina>0</ns2:oficina><ns2:secuencial>132258801</ns2:secuencial><ns2:servicio><codTipoServicio>TELEFONIA_CELULAR</codTipoServicio><codigoConvenio>19574</codigoConvenio><codigoEmpresa>19574</codigoEmpresa><codigoTipoBanca>BP</codigoTipoBanca><codigoTipoIdentificador>CELULAR</codigoTipoIdentificador><datosAdicionales><datoAdicional><codigo>e_prov_req</codigo><valor>MS_REC_BROADNET_REQ</valor></datoAdicional><datoAdicional><codigo>e_prov_resp</codigo><valor>MS_REC_BROADNET_RESP</valor></datoAdicional><datoAdicional><codigo>e_tipo_proceso</codigo><valor>M</valor></datoAdicional><datoAdicional><codigo>e_tipo_ejecucion</codigo><valor>BP</valor></datoAdicional><datoAdicional><codigo>p_medio</codigo><valor>12</valor></datoAdicional><datoAdicional><codigo>p_terminal</codigo><valor>VIRTUAL_BB</valor></datoAdicional><datoAdicional><codigo>p_medio</codigo><valor>12</valor></datoAdicional><datoAdicional><codigo>p_branch_id</codigo><valor>1</valor></datoAdicional><datoAdicional><codigo>p_forma_pago</codigo><valor>1</valor></datoAdicional><datoAdicional><codigo>codAgencia</codigo><valor></valor></datoAdicional><datoAdicional><codigo>codLocalidad</codigo><valor></valor></datoAdicional><datoAdicional><codigo>category</codigo><valor>C</valor></datoAdicional><datoAdicional><codigo>documentType</codigo><valor>CELULAR</valor></datoAdicional><datoAdicional><codigo>documentID</codigo><valor>0911111111</valor></datoAdicional><datoAdicional><codigo>fullName</codigo><valor></valor></datoAdicional><datoAdicional><codigo>e_srv</codigo><valor>SRVDESA2</valor></datoAdicional><datoAdicional><codigo>e_term</codigo><valor>VIRTUAL_BB</valor></datoAdicional><datoAdicional><codigo>e_rol</codigo><valor>252</valor></datoAdicional><datoAdicional><codigo>e_corr</codigo><valor>N</valor></datoAdicional><datoAdicional><codigo>e_ssn_corr</codigo><valor>0</valor></datoAdicional><datoAdicional><codigo>e_mon</codigo><valor>1</valor></datoAdicional><datoAdicional><codigo>e_servicio</codigo><valor></valor></datoAdicional><datoAdicional><codigo>e_identificacion</codigo><valor>0911111111</valor></datoAdicional><datoAdicional><codigo>e_efectivo</codigo><valor>10.00</valor></datoAdicional><datoAdicional><codigo>e_cheque</codigo><valor>0</valor></datoAdicional><datoAdicional><codigo>e_tarjeta</codigo><valor>0</valor></datoAdicional><datoAdicional><codigo>e_comision_efe</codigo><valor>0</valor></datoAdicional><datoAdicional><codigo>e_comision_chq</codigo><valor>0</valor></datoAdicional><datoAdicional><codigo>e_autoriza</codigo><valor>N</valor></datoAdicional><datoAdicional><codigo>e_ubi</codigo><valor></valor></datoAdicional><datoAdicional><codigo>e_opcion</codigo><valor>P</valor></datoAdicional><datoAdicional><codigo>e_reverso</codigo><valor></valor></datoAdicional><datoAdicional><codigo>e_emp_nombre</codigo><valor></valor></datoAdicional><datoAdicional><codigo>e_ruc_cliente</codigo><valor></valor></datoAdicional><datoAdicional><codigo>e_cant_cheques</codigo><valor>0</valor></datoAdicional><datoAdicional><codigo>e_nombre_cta</codigo><valor></valor></datoAdicional><datoAdicional><codigo>e_cod_referencia</codigo><valor></valor></datoAdicional><datoAdicional><codigo>e_base_imponible</codigo><valor></valor></datoAdicional><datoAdicional><codigo>e_factura</codigo><valor></valor></datoAdicional><datoAdicional><codigo>e_cod_respuesta</codigo><valor></valor></datoAdicional><datoAdicional><codigo>e_cod_grupo</codigo><valor></valor></datoAdicional><datoAdicional><codigo>e_cod_grupo</codigo><valor></valor></datoAdicional><datoAdicional><codigo>e_nomb_tramite</codigo><valor></valor></datoAdicional><datoAdicional><codigo>e_pcodigo_operacion</codigo><valor></valor></datoAdicional><datoAdicional><codigo>e_pcodigo_secuencia</codigo><valor></valor></datoAdicional><datoAdicional><codigo>e_phoralocal</codigo><valor></valor></datoAdicional><datoAdicional><codigo>e_cod_consultora</codigo><valor></valor></datoAdicional><datoAdicional><codigo>vp_s_fecha_contable</codigo><valor>10/21/2022</valor></datoAdicional><datoAdicional><codigo>vp_s_ssn</codigo><valor>132258801</valor></datoAdicional><datoAdicional><codigo>vp_s_comision</codigo></datoAdicional><datoAdicional><codigo>vp_s_tasa</codigo></datoAdicional><datoAdicional><codigo>vp_s_base_imp</codigo></datoAdicional><datoAdicional><codigo>vp_s_impuesto</codigo></datoAdicional><datoAdicional><codigo>vp_s_empresa</codigo></datoAdicional><datoAdicional><codigo>vp_s_recaudacion</codigo></datoAdicional><datoAdicional><codigo>vp_s_referencia1</codigo></datoAdicional><datoAdicional><codigo>vp_s_referencia2</codigo></datoAdicional><datoAdicional><codigo>vp_s_referencia3</codigo></datoAdicional><datoAdicional><codigo>vp_s_fecha_contable</codigo><valor>10/21/2022</valor></datoAdicional><datoAdicional><codigo>vp_s_ssn</codigo><valor>132258801</valor></datoAdicional><datoAdicional><codigo>vp_s_comision</codigo></datoAdicional><datoAdicional><codigo>vp_s_tasa</codigo></datoAdicional><datoAdicional><codigo>vp_s_base_imp</codigo></datoAdicional><datoAdicional><codigo>vp_s_impuesto</codigo></datoAdicional><datoAdicional><codigo>vp_s_empresa</codigo></datoAdicional><datoAdicional><codigo>vp_s_recaudacion</codigo></datoAdicional><datoAdicional><codigo>vp_s_referencia1</codigo></datoAdicional><datoAdicional><codigo>vp_s_referencia2</codigo></datoAdicional><datoAdicional><codigo>vp_s_referencia3</codigo></datoAdicional><datoAdicional><codigo>rp_s_ssn</codigo><valor>132258801</valor></datoAdicional><datoAdicional><codigo>rp_s_horario</codigo><valor>N</valor></datoAdicional><datoAdicional><codigo>rp_s_tasa</codigo><valor>0.0</valor></datoAdicional><datoAdicional><codigo>rp_s_base_imp</codigo><valor>0.0</valor></datoAdicional><datoAdicional><codigo>rp_s_impuesto</codigo><valor>0.0</valor></datoAdicional><datoAdicional><codigo>rp_s_servicio_not</codigo><valor></valor></datoAdicional><datoAdicional><codigo>rp_s_nomb_ente</codigo><valor></valor></datoAdicional><datoAdicional><codigo>rp_s_cod_ente</codigo><valor></valor></datoAdicional><datoAdicional><codigo>rp_s_desccanal</codigo><valor></valor></datoAdicional><datoAdicional><codigo>rp_s_celular</codigo><valor></valor></datoAdicional><datoAdicional><codigo>rp_s_correo</codigo><valor></valor></datoAdicional><datoAdicional><codigo>rp_s_desc_empresa</codigo><valor></valor></datoAdicional><datoAdicional><codigo>rp_s_prod_deb</codigo><valor>EF </valor></datoAdicional><datoAdicional><codigo>rp_s_valor</codigo><valor></valor></datoAdicional><datoAdicional><codigo>rp_s_fecha_deb</codigo><valor>10/24/2022</valor></datoAdicional><datoAdicional><codigo>rp_s_hora_deb</codigo><valor>08:36:29</valor></datoAdicional><datoAdicional><codigo>rp_s_valor_comi</codigo><valor></valor></datoAdicional><datoAdicional><codigo>rp_s_cta_lat</codigo><valor></valor></datoAdicional><datoAdicional><codigo>rp_s_tipo_serv</codigo><valor></valor></datoAdicional><datoAdicional><codigo>rp_s_envia_notf</codigo><valor>0</valor></datoAdicional><datoAdicional><codigo>e_corr</codigo><valor>S</valor></datoAdicional><datoAdicional><codigo>e_ssn_corr</codigo><valor>132258801</valor></datoAdicional><datoAdicional><codigo>e_opcion</codigo><valor>R</valor></datoAdicional><datoAdicional><codigo>e_reverso</codigo><valor>A</valor></datoAdicional><datoAdicional><codigo>e_tipo_proceso</codigo><valor>C</valor></datoAdicional><datoAdicional><codigo>e_noti_conf</codigo><valor>N</valor></datoAdicional><datoAdicional><codigo>e_tipo_ejecucion</codigo><valor>M</valor></datoAdicional></datosAdicionales><identificador>0911111111</identificador></ns2:servicio><ns2:tipoCuenta>EF</ns2:tipoCuenta><ns2:transaccion>62688</ns2:transaccion><ns2:usuario>msilvag</ns2:usuario><ns2:valorComision>0.0</ns2:valorComision><ns2:valorPago>10.0</ns2:valorPago></ns2:entradaEjecutarPago>]]></mensaje></mensajeEntradaGateway> *** Mensaje JMS Byte: 0713da10e77d
2022-10-24 08:36:45.332  INFO rec-pago-267-4qr44 --- [pool-7-thread-1] c.b.m.r.m.MessageSender                  : JMS Message: 
  JMSMessage class: jms_bytes
  JMSType:          null
2022-10-24 08:36:46.450  INFO rec-pago-267-4qr44 --- [pool-7-thread-1] c.b.m.r.s.PaymentService                 : 2c219b9ebbd4 132258801 Proceso manual envia respuesta
2022-10-24 08:36:46.451  INFO rec-pago-267-4qr44 --- [pool-7-thread-1] c.b.m.r.s.PaymentService                 : 2c219b9ebbd4 132258801 Mensaje de respuesta antes del update: 91
2022-10-24 08:36:46.451  INFO rec-pago-267-4qr44 --- [pool-7-thread-1] c.b.m.r.s.PaymentService                 : 2c219b9ebbd4 132258801 Codigo respuesta final: 91
2022-10-24 08:36:51.305  INFO rec-pago-267-4qr44 --- [pool-7-thread-1] c.b.m.r.m.MessageSender                  : <?xml version="1.0" encoding="UTF-8" standalone="yes"?><mensajeSalidaGateway xmlns="http://www.bolivariano.com/mensaje/MensajeOSB"><codigo>0</codigo><mensajeUsuario>Transaccion Exitosa</mensajeUsuario><mensaje><![CDATA[<?xml version="1.0" encoding="UTF-8" standalone="yes"?><ns2:salidaEjecutarPago xmlns:ns2="http://www.bolivariano.com/mensaje/MensajeOTC"><ns2:codigoError>91</ns2:codigoError><ns2:datosAdicionales><ns2:datoAdicional><codigo>vp_s_fecha_contable</codigo><valor>10/21/2022</valor></ns2:datoAdicional><ns2:datoAdicional><codigo>vp_s_ssn</codigo><valor>132258801</valor></ns2:datoAdicional><ns2:datoAdicional><codigo>vp_s_comision</codigo></ns2:datoAdicional><ns2:datoAdicional><codigo>vp_s_tasa</codigo></ns2:datoAdicional><ns2:datoAdicional><codigo>vp_s_base_imp</codigo></ns2:datoAdicional><ns2:datoAdicional><codigo>vp_s_impuesto</codigo></ns2:datoAdicional><ns2:datoAdicional><codigo>vp_s_empresa</codigo></ns2:datoAdicional><ns2:datoAdicional><codigo>vp_s_recaudacion</codigo></ns2:datoAdicional><ns2:datoAdicional><codigo>vp_s_referencia1</codigo></ns2:datoAdicional><ns2:datoAdicional><codigo>vp_s_referencia2</codigo></ns2:datoAdicional><ns2:datoAdicional><codigo>vp_s_referencia3</codigo></ns2:datoAdicional><ns2:datoAdicional><codigo>rp_s_ssn</codigo><valor>132258801</valor></ns2:datoAdicional><ns2:datoAdicional><codigo>rp_s_horario</codigo><valor>N</valor></ns2:datoAdicional><ns2:datoAdicional><codigo>rp_s_tasa</codigo><valor>0.0</valor></ns2:datoAdicional><ns2:datoAdicional><codigo>rp_s_base_imp</codigo><valor>0.0</valor></ns2:datoAdicional><ns2:datoAdicional><codigo>rp_s_impuesto</codigo><valor>0.0</valor></ns2:datoAdicional><ns2:datoAdicional><codigo>rp_s_servicio_not</codigo><valor></valor></ns2:datoAdicional><ns2:datoAdicional><codigo>rp_s_nomb_ente</codigo><valor></valor></ns2:datoAdicional><ns2:datoAdicional><codigo>rp_s_cod_ente</codigo><valor></valor></ns2:datoAdicional><ns2:datoAdicional><codigo>rp_s_desccanal</codigo><valor></valor></ns2:datoAdicional><ns2:datoAdicional><codigo>rp_s_celular</codigo><valor></valor></ns2:datoAdicional><ns2:datoAdicional><codigo>rp_s_correo</codigo><valor></valor></ns2:datoAdicional><ns2:datoAdicional><codigo>rp_s_desc_empresa</codigo><valor></valor></ns2:datoAdicional><ns2:datoAdicional><codigo>rp_s_prod_deb</codigo><valor>EF </valor></ns2:datoAdicional><ns2:datoAdicional><codigo>rp_s_valor</codigo><valor></valor></ns2:datoAdicional><ns2:datoAdicional><codigo>rp_s_fecha_deb</codigo><valor>10/24/2022</valor></ns2:datoAdicional><ns2:datoAdicional><codigo>rp_s_hora_deb</codigo><valor>08:36:29</valor></ns2:datoAdicional><ns2:datoAdicional><codigo>rp_s_valor_comi</codigo><valor></valor></ns2:datoAdicional><ns2:datoAdicional><codigo>rp_s_cta_lat</codigo><valor></valor></ns2:datoAdicional><ns2:datoAdicional><codigo>rp_s_tipo_serv</codigo><valor></valor></ns2:datoAdicional><ns2:datoAdicional><codigo>rp_s_envia_notf</codigo><valor>0</valor></ns2:datoAdicional></ns2:datosAdicionales><ns2:fechaDebito>2022-10-21T08:36:18</ns2:fechaDebito><ns2:fechaPago>2022-10-21T08:36:18</ns2:fechaPago><ns2:mensajeUsuario>AUTORIZADOR FUERA DE LINEA</ns2:mensajeUsuario><ns2:mensajeSistema>AUTORIZADOR FUERA DE LINEA</ns2:mensajeSistema><ns2:montoTotal>0.0</ns2:montoTotal></ns2:salidaEjecutarPago>]]></mensaje></mensajeSalidaGateway> *** Mensaje JMS Byte: 2c219b9ebbd4

