BANCO BOLIVARIANO                                                        DIARIO DE OPERACIONES MONETARIAS                                                 PAGINA      1
OFICINA : MATRIZ (0)                                                           (CUENTAS DE AHORROS)                                                       FEC. SISTEMA 08/21/2020
MONEDA: DOLARES USD (1)                                                      FEC. PROCESO 2015/06/01
-----------------------------------------------------------------------------------------------------------------------------------------------------------------------------------
 No.CUENTA  NOMBRE                      EFECTIVO            CHEQUES      TOTAL CREDITO       IMPUEST  CAUSA       TOTAL DEBITO  HORA     DETALLE
-----------------------------------------------------------------------------------------------------------------------------------------------------------------------------------

 OPERADOR : ralavaz

 TRANSACCIO DEB S/CART        (4264)

 4014968034 ROBERTO ARMANDO L                                                                          778                0.35 16:28 *
 4014968034 ROBERTO ARMANDO L                                                                          778                0.35 16:26
 TOTALES:                                   0.00               0.00               0.00                                    0.00

 TRANSACCIO ND AHO SERV. BANC (4272)

 4014968034 ROBERTO ARMANDO L                                                                          779              600.00 16:28 *
 4014968034 ROBERTO ARMANDO L                                                                          779              600.00 16:26
 5091040693 MANUEL PATRICIO Y                                                                          779              600.00 16:31
 TOTALES:                                   0.00               0.00               0.00                                  600.00


 RESUMEN:   ** POR OPERADOR * TOTAL SUMA DE CTAS 21150912829.00
 TRANS.     DESCRIPCION       NUM.TRAN                T O T A L E S OBSERVACION
   4264     DEB S/CART            2                            0.00 SERV FIN DEP ESP E                 778
   4272     ND AHO SERV. BANC     3                          600.00 DEBITO POR DEP ESP                 779

BANCO BOLIVARIANO                                                        DIARIO DE OPERACIONES MONETARIAS                                                 PAGINA      2
OFICINA : MATRIZ (0)                                                           (CUENTAS DE AHORROS)                                                       FEC. SISTEMA 08/21/2020
MONEDA: DOLARES USD (1)                                                      FEC. PROCESO 2015/06/01
-----------------------------------------------------------------------------------------------------------------------------------------------------------------------------------
 No.CUENTA  NOMBRE                      EFECTIVO            CHEQUES      TOTAL CREDITO       IMPUEST  CAUSA       TOTAL DEBITO  HORA     DETALLE
-----------------------------------------------------------------------------------------------------------------------------------------------------------------------------------

BANCO BOLIVARIANO                                                        DIARIO DE OPERACIONES MONETARIAS                                                 PAGINA      3
OFICINA : MATRIZ (0)                                                           (CUENTAS DE AHORROS)                                                       FEC. SISTEMA 08/21/2020
MONEDA: DOLARES USD (1)                                                      FEC. PROCESO 2015/06/01
-----------------------------------------------------------------------------------------------------------------------------------------------------------------------------------
 No.CUENTA  NOMBRE                      EFECTIVO            CHEQUES      TOTAL CREDITO       IMPUEST  CAUSA       TOTAL DEBITO  HORA     DETALLE
-----------------------------------------------------------------------------------------------------------------------------------------------------------------------------------


 RESUMEN:   ** POR OPERADOR * TOTAL SUMA DE CTAS 0.00
 TRANS.     DESCRIPCION       NUM.TRAN                T O T A L E S OBSERVACION

