%!
(1ups.jdt) STARTLM
 
BANCO BOLIVARIANO                           ** VALIDACION DE COMPROBANTES CONTABLES **                      FECHA IMP.: 25/MAR/2021
MATRIZ (0)                                              PERFILES CONTABLES                                  PAG.      : 1
                                                           26/FEB/2021

-----------------------------------------------------------------------------------------------------------------------------------
     CUENTA      MON.  ORIG. DEST.             DEBITO            CREDITO          DEBITO ME         CREDITO ME     TIPO DE CAMBIO
-----------------------------------------------------------------------------------------------------------------------------------


COMPROBANTE  0 37*****    DEPOSITO ESPECIAL EN LINEA CC (4435)
* INGRESADO *

 11010501          1     0     0                50.00               0.00               0.00               0.00     0.0000
 210110050501      1     0    41                 0.00              50.00               0.00               0.00     0.0000
                                      ---------------    ---------------    ---------------    ---------------
                 TOTAL                          50.00              50.00               0.00               0.00



COMPROBANTE  0 37*****    ND CTE SERV. BANC. (3050)
* INGRESADO *

 210105050501      1     0    40                 1.20               0.00               0.00               0.00     0.0000
 91010505          1     0     0                 0.00               1.20               0.00               0.00     0.0000
                                      ---------------    ---------------    ---------------    ---------------
                 TOTAL                           1.20               1.20               0.00               0.00



COMPROBANTE  0 37*****    TRX PARA CONTAB DE ND CON IVA (3188)
* INGRESADO *

 91010505          1     0     0                 1.20               0.00               0.00               0.00     0.0000
 2590900528        1     0     0                 0.00               0.13               0.00               0.00     0.0000
 54070801          1     0     0                 0.00               1.07               0.00               0.00     0.0000
                                      ---------------    ---------------    ---------------    ---------------
                 TOTAL                           1.20               1.20               0.00               0.00


 
BANCO BOLIVARIANO                           ** VALIDACION DE COMPROBANTES CONTABLES **                      FECHA IMP.: 25/MAR/2021
QUITO (50)                                              PERFILES CONTABLES                                  PAG.      : 2
                                                           26/FEB/2021

-----------------------------------------------------------------------------------------------------------------------------------
     CUENTA      MON.  ORIG. DEST.             DEBITO            CREDITO          DEBITO ME         CREDITO ME     TIPO DE CAMBIO
-----------------------------------------------------------------------------------------------------------------------------------


COMPROBANTE 50 37*****    DEPOSITO ESPECIAL EN LINEA CC (4435)
* INGRESADO *

 11010501          1    50    50                95.00               0.00               0.00               0.00     0.0000
 91010505          1    50    50               120.00               0.00               0.00               0.00     0.0000
 210110050501      1    50    41                 0.00             215.00               0.00               0.00     0.0000
                                      ---------------    ---------------    ---------------    ---------------
                 TOTAL                         215.00             215.00               0.00               0.00



COMPROBANTE 50 37*****    ND CTE SERV. BANC. (3050)
* INGRESADO *

 210110050501      1    50     0               120.00               0.00               0.00               0.00     0.0000
 91010505          1    50    50                 0.00             120.00               0.00               0.00     0.0000
                                      ---------------    ---------------    ---------------    ---------------
                 TOTAL                         120.00             120.00               0.00               0.00


