%!
(dfl.jdt) STARTLM
OFICINA : MATRIZ (0)                                                                    BANCO BOLIVARIANO                                                                   PAGINA No.    1
MONEDA : DOLARES USD (1)                                           DIARIO DE OPERACIONES DE SERVICIOS (CUENTAS DE CORRIENTES)                                               FEC. SISTEMA 03/25/2021
ccopserv.sqr                                                                                                                                                                FEC. PROCESO 2015/06/01

--------------------------------------------------------------------------------------------------------------------------------------------------------------------------------------------------
 No.CUENTA   NOMBRE                              EFECTIVO             CHEQUE CLASE CAUSA  CHEQUE CH.DESD CH.HAST  HORA TERMINAL   CANAL      DETALLE
--------------------------------------------------------------------------------------------------------------------------------------------------------------------------------------------------


 OPERADOR :  consola

 TRANSACCION TRX PARA CONTAB DE ND CON (3188)
 400-5035973 UCACUE-CUENTA UNICA*****                1.07               0.00 N       778                         15:19 consola
 TOTALES:                                            1.07               0.00


 RESUMEN:    ** POR OPERADOR **
 TRANS.      DESCRIPCION                    T O T A L E S OBSERVACION         N.TR
   3188      TRX PARA CONTAB DE ND CON               1.07                        1   778

OFICINA : MATRIZ (0)                                                                    BANCO BOLIVARIANO                                                                   PAGINA No.    2
MONEDA : DOLARES USD (1)                                           DIARIO DE OPERACIONES DE SERVICIOS (CUENTAS DE CORRIENTES)                                               FEC. SISTEMA 03/25/2021
ccopserv.sqr                                                                                                                                                                FEC. PROCESO 2015/06/01

--------------------------------------------------------------------------------------------------------------------------------------------------------------------------------------------------
 No.CUENTA   NOMBRE                              EFECTIVO             CHEQUE CLASE CAUSA  CHEQUE CH.DESD CH.HAST  HORA TERMINAL   CANAL      DETALLE
--------------------------------------------------------------------------------------------------------------------------------------------------------------------------------------------------


 OPERADOR :  crodrigm

 TRANSACCION DEPOSITO ESPECIAL EN LINE (43569)
    -                                               30.00               0.00 L       134 ******                  10:37 GRP021041
 000-1809717                                        20.00               0.00 L       134 ******                  09:05 GRP021041
 TOTALES:                                           50.00               0.00


 RESUMEN:    ** POR OPERADOR **
 TRANS.      DESCRIPCION                    T O T A L E S OBSERVACION         N.TR
  43569      DEPOSITO ESPECIAL EN LINE              50.00                        2   134

