%!
(cobis1.jdt) STARTLM
BANCO BOLIVARIANO                                                                        REPORTE DE PAGO DE SERVICIOS                                                                     Fecha Impr: 14/SEP/2023
Oficina: MATRIZ                                                                     RECAUDACIONES POR COBRO DE SERVICIOS  HN                                                              svlsauxi.sqr
                                                                                        FECHA DE RECAUDACION 08/SEP/2023                                                                  Pag.      : 1
                                                                                     EMPRESA : AGENCIA NACIONAL DE TRANSITO                                                               Hora      : 14:17:13

-----------------------------------------------------------------------------------------------------------------------------------------------------------------------------------------------------------------
    USUARIO      T.PAGO         NOMBRE                     REFERENCIA                 EFECTIVO        CHEQUES            ND           TCREDITO         BANRED          TOTAL       CORR      COSTO
-----------------------------------------------------------------------------------------------------------------------------------------------------------------------------------------------------------------


 crodrigm
                 1        MONCAYO AGUIRRE ENRI 1700793340                                    0.00            0.00           19.30            0.00            0.00           19.30  N               0.47
                 1                             1710501832                                   82.90            0.00            0.00            0.00            0.00           82.90  N               0.47
                 1                             1710501832                                   82.90            0.00            0.00            0.00            0.00           82.90  S               0.47
                 1        ING. ENRIQUE MONCAYO 1718914425                                    0.00            0.00           22.81            0.00            0.00           22.81  N               0.47
                 1                             1720241734001                                 0.00           25.54            0.00            0.00            0.00           25.54  N               0.47
                 1                             ABB5432                                      10.30            0.00            0.00            0.00            0.00           10.30  N               0.47
                 2                             73541587                                     53.45            0.00            0.00            0.00            0.00           53.45  N               0.47
                 2        ING. ENRIQUE MONCAYO 73541588                                      0.00            0.00           36.77            0.00            0.00           36.77  N               0.47
                 2        ING. ENRIQUE MONCAYO 73541589                                     15.74            0.00           10.00            0.00            0.00           25.74  N               0.47
                 2        ING. ENRIQUE MONCAYO 73541589                                     15.74            0.00           10.00            0.00            0.00           25.74  S               0.47
                 3        MONCAYO AGUIRRE ENRI 0928742618                                    0.00            0.00           99.03            0.00            0.00           99.03  N               0.47
                 3        MONCAYO AGUIRRE ENRI 0928742618                                    0.00            0.00           99.03            0.00            0.00           99.03  S               0.47
                 3                             1718914425001                                 4.26            0.00            0.00            0.00            0.00            4.26  N               0.47
                 3                             17535421A                                     0.00            0.00            0.00           76.38            0.00           76.38  N               0.00
                 3        ING. ENRIQUE MONCAYO 22854261P                                     0.00            0.00           90.00            0.00            0.00           90.00  N               0.47
                 3        ING. ENRIQUE MONCAYO 22854261P                                     0.00            0.00           90.00            0.00            0.00           90.00  S               0.47
 TOT. USUARIO        8                                                                      68.01           25.54           78.88           76.38            0.00          248.81                  3.29



 TOT. OFICINA        8                                                                      68.01           25.54           78.88           76.38            0.00          248.81                  3.29
BANCO BOLIVARIANO                                                                        REPORTE DE PAGO DE SERVICIOS                                                                     Fecha Impr: 14/SEP/2023
Oficina: MATRIZ                                                                     RECAUDACIONES POR COBRO DE SERVICIOS  HN                                                              svlsauxi.sqr
                                                                                        FECHA DE RECAUDACION 08/SEP/2023                                                                  Pag.      : 2
                                                                                     EMPRESA : AGENCIA NACIONAL DE TRANSITO                                                               Hora      : 14:17:13

-----------------------------------------------------------------------------------------------------------------------------------------------------------------------------------------------------------------
    USUARIO      T.PAGO         NOMBRE                     REFERENCIA                 EFECTIVO        CHEQUES            ND           TCREDITO         BANRED          TOTAL       CORR      COSTO
-----------------------------------------------------------------------------------------------------------------------------------------------------------------------------------------------------------------





                          RESUMEN DE TOTALES P


 TOT. EMPRESA        8                                                                      68.01           25.54           78.88           76.38            0.00          248.81                  3.29


