%!
(1ups.jdt) STARTLM
 
BANCO BOLIVARIANO                           ** VALIDACION DE COMPROBANTES CONTABLES **                      FECHA IMP.: 25/MAR/2021
MATRIZ (0)                                              PERFILES CONTABLES                                  PAG.      : 1
                                                           17/MAR/2021

-----------------------------------------------------------------------------------------------------------------------------------
     CUENTA      MON.  ORIG. DEST.             DEBITO            CREDITO          DEBITO ME         CREDITO ME     TIPO DE CAMBIO
-----------------------------------------------------------------------------------------------------------------------------------


COMPROBANTE  0 37*****    DEPOSITO ESPECIAL EN LINEA CC (4435)
* INGRESADO *

 11010501          1     0     0               500.00               0.00               0.00               0.00     0.0000
 91010505          1     0     0                45.61               0.00               0.00               0.00     0.0000
 210105050501      1     0    40                 0.00             545.61               0.00               0.00     0.0000
                                      ---------------    ---------------    ---------------    ---------------
                 TOTAL                         545.61             545.61               0.00               0.00



COMPROBANTE  0 37*****    ND CTE SERV. BANC. (3050)
* INGRESADO *

 210105050501      1     0    40                 0.30               0.00               0.00               0.00     0.0000
 91010505          1     0     0                 0.00               0.30               0.00               0.00     0.0000
                                      ---------------    ---------------    ---------------    ---------------
                 TOTAL                           0.30               0.30               0.00               0.00



COMPROBANTE  0 37*****    TRX PARA CONTAB DE ND CON IVA (3188)
* INGRESADO *

 91010505          1     0     0                 0.30               0.00               0.00               0.00     0.0000
 2590900528        1     0     0                 0.00               0.03               0.00               0.00     0.0000
 54070801          1     0     0                 0.00               0.27               0.00               0.00     0.0000
                                      ---------------    ---------------    ---------------    ---------------
                 TOTAL                           0.30               0.30               0.00               0.00


