OFICINA : MATRIZ (0)                                                            BANCO BOLIVARIANO                                                            PAGINA No.    1
MONEDA : DOLARES USD (1)                                     DIARIO DE OPERACIONES MONETARIAS (CUENTAS DE CORRIENTES)                                        FEC. SISTEMA 04/05/2021
ccopmone.sqr                                                                                                                                                 FEC. PROCESO 2015/06/01

-----------------------------------------------------------------------------------------------------------------------------------------------------------------------------------
 No.CUENTA  NOMBRE                      EFECTIVO            CHEQUES      TOTAL CREDITO     IMPUESTO   CAUSA       TOTAL DEBITO  HORA     DETALLE
-----------------------------------------------------------------------------------------------------------------------------------------------------------------------------------


 OPERADOR : consola

 TRANSACCIO ND CTE SERV. BANC (3050)
 4005035973 UCACUE-CUENTA UNI                                                                          778                0.30 09:25
 TOTALES:                                   0.00               0.00               0.00               0.00                 0.30


 RESUMEN:   ** POR OPERADOR * TOTAL SUMA DE CTAS 4005035973.00
 TRANS.     DESCRIPCION       NUM.TRAN                T O T A L E S OBSERVACION
   3050     ND CTE SERV. BANC     1                            0.30 SEPARADA DEP ESP E                 778

OFICINA : MATRIZ (0)                                                            BANCO BOLIVARIANO                                                            PAGINA No.    2
MONEDA : DOLARES USD (1)                                     DIARIO DE OPERACIONES MONETARIAS (CUENTAS DE CORRIENTES)                                        FEC. SISTEMA 04/05/2021
ccopmone.sqr                                                                                                                                                 FEC. PROCESO 2015/06/01

-----------------------------------------------------------------------------------------------------------------------------------------------------------------------------------
 No.CUENTA  NOMBRE                      EFECTIVO            CHEQUES      TOTAL CREDITO     IMPUESTO   CAUSA       TOTAL DEBITO  HORA     DETALLE
-----------------------------------------------------------------------------------------------------------------------------------------------------------------------------------


 OPERADOR : crodrigm

 TRANSACCIO ND CTE SERV. BANC (3050)
 0005307799 CARLOS RODRIGUEZ                                                                           779              735.78 15:50
 0005307799 CARLOS RODRIGUEZ                                                                           779              735.78 15:54 *
 TOTALES:                                   0.00               0.00               0.00               0.00                 0.00

 TRANSACCIO DEPOSITO ESPECIAL (4435)
 4005035973 UCACUE-CUENTA UNI           1,635.78               0.00           1,635.78           0.00  2                       15:50
 4005035973 UCACUE-CUENTA UNI           1,635.78               0.00           1,635.78           0.00  2                       15:54 *
 4005035973 UCACUE-CUENTA UNI             545.61               0.00             545.61           0.00  2                       16:01
 TOTALES:                                 545.61               0.00             545.61               0.00                 0.00


 RESUMEN:   ** POR OPERADOR * TOTAL SUMA DE CTAS 12025723517.00
 TRANS.     DESCRIPCION       NUM.TRAN                T O T A L E S OBSERVACION
   3050     ND CTE SERV. BANC     0                            0.00 DEBITO POR DEP ESP                 779
   4435     DEPOSITO ESPECIAL     1                          545.61 DEV.CARGO SERV.F.C                 2

