SonarQube plugins:
  - Python Code Quality and Security 3.4.1.8066 (python)
  - CSS Code Quality and Security 1.4.2.2002 (cssfamily)
  - Go Code Quality and Security 1.8.3.2219 (go)
  - JaCoCo 1.1.1.1157 (jacoco)
  - Kotlin Code Quality and Security 1.8.3.2219 (kotlin)
  - JavaScript/TypeScript Code Quality and Security 7.4.4.15624 (javascript)
  - Ruby Code Quality and Security 1.8.3.2219 (ruby)
  - SQL language plugin 1.2.1 (sql)
  - Scala Code Quality and Security 1.8.3.2219 (sonarscala)
  - C# Code Quality and Security 8.22.0.31243 (csharp)
  - Java Code Quality and Security 6.15.1.26025 (java)
  - HTML Code Quality and Security 3.4.0.2754 (web)
  - Flex Code Quality and Security 2.6.1.2564 (flex)
  - XML Code Quality and Security 2.2.0.2973 (xml)
  - PHP Code Quality and Security 3.17.0.7439 (php)
  - VB.NET Code Quality and Security 8.22.0.31243 (vbnet)
Global server settings:
  - sonar.core.id=86E1FA4D-AXvk18XE5vCF5ijm4Xx8
  - sonar.core.serverBaseURL=https://sonarqdes.bolivariano.fin.ec
  - sonar.core.startTime=2022-07-14T08:43:09-0500
  - sonar.forceAuthentication=true
  - sonar.plugins.risk.consent=ACCEPTED
Project server settings:
Project scanner properties:
  - sonar.exclusions=C:/Users/amaquilc/Documents/workspace-sts-3.9.11.RELEASE/otp-ms/.mvn
  - sonar.host.url=http://172.16.31.156:9000/
  - sonar.java.binaries=.
  - sonar.java.libraries=.
  - sonar.login=******
  - sonar.projectBaseDir=C:\Users\amaquilc\Documents\workspace-sts-3.9.11.RELEASE\otp-ms\src\main\java
  - sonar.projectKey=otpms
  - sonar.projectName=otpms
  - sonar.scanner.app=ScannerCLI
  - sonar.scanner.appVersion=4.6.2.2472
  - sonar.sourceEncoding=windows-1252
  - sonar.sources=.
  - sonar.working.directory=C:\Users\amaquilc\Documents\workspace-sts-3.9.11.RELEASE\otp-ms\src\main\java\.scannerwork
