2022-08-10 10:27:30.682  INFO otc-core1-252-lpn47 --- [nio-8080-exec-6] c.b.o.s.EnriquecimientoService           : Empieza servicio de invocacion de servicio, valores SSL definidos: /secret/truststore-otc.jks - changeit
2022-08-10 10:27:30.687  INFO otc-core1-252-lpn47 --- [nio-8080-exec-6] c.b.o.s.EnriquecimientoService           : Invocando el servicio
2022-08-10 10:27:31.211  INFO otc-core1-252-lpn47 --- [nio-8080-exec-6] c.b.o.s.EnriquecimientoService           : RESPUESTA ENRIQUECIMIENTO: <soap-env:Envelope xmlns:soap-env="http://schemas.xmlsoap.org/soap/envelope/"><soap-env:Body><OutputParameters xmlns="http://xmlns.oracle.com/pcbpel/adapter/db/sp/SecuencialReverso" xmlns:xsi="http://www.w3.org/2001/XMLSchema-instance"><RETURN_VALUE>0</RETURN_VALUE><s_ssn>37651143</s_ssn><s_user>ope998</s_user><s_sesn>0</s_sesn><s_term>term24</s_term><s_date>2022-08-10T00:00:00.000-05:00</s_date><s_srv>BOLIVSRV</s_srv><s_lsrv>BOLIVSRV</s_lsrv><s_ofi>0</s_ofi><s_rol>5</s_rol><s_org_err xsi:nil="true"/><s_error xsi:nil="true"/><s_sev>0</s_sev><s_msg> </s_msg><s_org>U</s_org><t_debug xsi:nil="true"/><t_file xsi:nil="true"/><t_from xsi:nil="true"/><t_trn xsi:nil="true"/><o_msj_error xsi:nil="true"/></OutputParameters></soap-env:Body></soap-env:Envelope>
2022-08-10 10:27:31.214  INFO otc-core1-252-lpn47 --- [nio-8080-exec-6] c.b.o.s.EnriquecimientoService           : EXPRESSION XPATHQUERY: //s_ssn/text()
2022-08-10 10:27:31.214  INFO otc-core1-252-lpn47 --- [nio-8080-exec-6] c.b.o.s.EnriquecimientoService           : Se encontro el siguiente valor para el nombre //s_ssn/text(): 37651143
2022-08-10 10:27:31.290  INFO otc-core1-252-lpn47 --- [nio-8080-exec-6] c.b.o.s.EnriquecimientoService           : Se encontro el siguiente valor para el nombre //o_msj_error/text(): 
2022-08-10 10:27:31.290  INFO otc-core1-252-lpn47 --- [nio-8080-exec-6] c.b.o.s.EnriquecimientoService           : FIN ENRIQUECIMIENTO: Proceso termina con los siguientes datos adicionales: 19
2022-08-10 10:27:31.298  INFO otc-core1-252-lpn47 --- [nio-8080-exec-6] c.b.o.s.CacheService                     : Data Inserted/Updated Successfully for 37651143
2022-08-10 10:27:31.298  INFO otc-core1-252-lpn47 --- [nio-8080-exec-6] c.b.o.p.OTCCoreProcessor                 : CANAL: IBK
2022-08-10 10:27:31.375  INFO otc-core1-252-lpn47 --- [nio-8080-exec-6] c.b.o.p.OTCCoreProcessor                 : REQUEST OTC:<?xml version="1.0" encoding="UTF-8" standalone="yes"?><ns2:entradaEjecutarPago xmlns:ns2="http://www.bolivariano.com/mensaje/MensajeOTC"><ns2:canal>IBK</ns2:canal><ns2:cuenta>5005070292</ns2:cuenta><ns2:datosAdicionales><ns2:datoAdicional><codigo>s_ssn</codigo><valor>37651143</valor></ns2:datoAdicional><ns2:datoAdicional><codigo>s_user</codigo><valor>ope998</valor></ns2:datoAdicional><ns2:datoAdicional><codigo>s_sesn</codigo><valor>0</valor></ns2:datoAdicional><ns2:datoAdicional><codigo>s_term</codigo><valor>term24</valor></ns2:datoAdicional><ns2:datoAdicional><codigo>s_ofi</codigo><valor>0</valor></ns2:datoAdicional><ns2:datoAdicional><codigo>s_rol</codigo><valor>5</valor></ns2:datoAdicional><ns2:datoAdicional><codigo>s_date</codigo><valor>2022-08-10T00:00:00.000-05:00</valor></ns2:datoAdicional><ns2:datoAdicional><codigo>s_srv</codigo><valor>BOLIVSRV</valor></ns2:datoAdicional><ns2:datoAdicional><codigo>s_lsrv</codigo><valor>BOLIVSRV</valor></ns2:datoAdicional><ns2:datoAdicional><codigo>s_org_err</codigo><valor></valor></ns2:datoAdicional><ns2:datoAdicional><codigo>s_org</codigo><valor>U</valor></ns2:datoAdicional><ns2:datoAdicional><codigo>s_error</codigo><valor></valor></ns2:datoAdicional><ns2:datoAdicional><codigo>s_sev</codigo><valor>0</valor></ns2:datoAdicional><ns2:datoAdicional><codigo>s_msg</codigo><valor> </valor></ns2:datoAdicional><ns2:datoAdicional><codigo>t_debug</codigo><valor></valor></ns2:datoAdicional><ns2:datoAdicional><codigo>t_file</codigo><valor></valor></ns2:datoAdicional><ns2:datoAdicional><codigo>t_from</codigo><valor></valor></ns2:datoAdicional><ns2:datoAdicional><codigo>t_trn</codigo><valor></valor></ns2:datoAdicional><ns2:datoAdicional><codigo>o_msj_error</codigo><valor></valor></ns2:datoAdicional></ns2:datosAdicionales><ns2:depuracion>N</ns2:depuracion><ns2:fecha>2022-08-10T15:26:35.000Z</ns2:fecha><ns2:fechaPago>2022-08-10T15:26:35.000Z</ns2:fechaPago><ns2:moneda>1</ns2:moneda><ns2:oficina>0</ns2:oficina><ns2:secuencial>8473007</ns2:secuencial><ns2:servicio><codTipoServicio>TELEFONIA_CELULAR</codTipoServicio><codigoConvenio>19574</codigoConvenio><codigoEmpresa>19574</codigoEmpresa><codigoTipoBanca>BP</codigoTipoBanca><codigoTipoIdentificador>CELULAR</codigoTipoIdentificador><identificador>0999999999</identificador></ns2:servicio><ns2:tipoCuenta>CTE</ns2:tipoCuenta><ns2:transaccion>2056</ns2:transaccion><ns2:usuario>TcUPI1396206</ns2:usuario><ns2:valorComision>0.0</ns2:valorComision><ns2:valorPago>10.0</ns2:valorPago></ns2:entradaEjecutarPago>
2022-08-10 10:27:31.375  INFO otc-core1-252-lpn47 --- [nio-8080-exec-6] c.b.o.p.OTCCoreProcessor                 : XSLT:./xslt/RMS_BROADNET_P_IN.xsl
2022-08-10 10:27:31.403  INFO otc-core1-252-lpn47 --- [nio-8080-exec-6] c.b.o.u.XSLTransform                     : TRANSFORMED REQUEST: <ns2:entradaEjecutarPago xmlns:ns2="http://www.bolivariano.com/mensaje/MensajeOTC" xmlns:ns11="http://www.bolivariano.com/ws/BroadnetRecarga"><ns2:canal>IBK</ns2:canal><ns2:tipoCuenta>CTE</ns2:tipoCuenta><ns2:cuenta>5005070292</ns2:cuenta><ns2:secuencial>37651143</ns2:secuencial><ns2:valorPago>10.0</ns2:valorPago><ns2:valorComision>0.0</ns2:valorComision><ns2:servicio><codTipoServicio>TELEFONIA_CELULAR</codTipoServicio><codigoConvenio>19574</codigoConvenio><codigoEmpresa>19574</codigoEmpresa><codigoTipoBanca>BP</codigoTipoBanca><codigoTipoIdentificador>CELULAR</codigoTipoIdentificador><identificador>0999999999</identificador><datosAdicionales><datoAdicional><codigo>e_prov_req</codigo><valor>MS_REC_BROADNET_REQ</valor></datoAdicional><datoAdicional><codigo>e_prov_resp</codigo><valor>MS_REC_BROADNET_RESP</valor></datoAdicional><datoAdicional><codigo>e_tipo_proceso</codigo><valor>M</valor></datoAdicional><datoAdicional><codigo>e_tipo_ejecucion</codigo><valor>BP</valor></datoAdicional><datoAdicional><codigo>p_medio</codigo><valor>12</valor></datoAdicional><datoAdicional><codigo>p_terminal</codigo><valor>term24</valor></datoAdicional><datoAdicional><codigo>p_medio</codigo><valor>12</valor></datoAdicional><datoAdicional><codigo>p_branch_id</codigo><valor>1</valor></datoAdicional><datoAdicional><codigo>p_forma_pago</codigo><valor>1</valor></datoAdicional><datoAdicional><codigo>codAgencia</codigo><valor/></datoAdicional><datoAdicional><codigo>codLocalidad</codigo><valor/></datoAdicional><datoAdicional><codigo>category</codigo><valor>C</valor></datoAdicional><datoAdicional><codigo>documentType</codigo><valor>CELULAR</valor></datoAdicional><datoAdicional><codigo>documentID</codigo><valor>0999999999</valor></datoAdicional><datoAdicional><codigo>fullName</codigo><valor/></datoAdicional><datoAdicional><codigo>e_srv</codigo><valor>BOLIVSRV</valor></datoAdicional><datoAdicional><codigo>e_term</codigo><valor>term24</valor></datoAdicional><datoAdicional><codigo>e_rol</codigo><valor>5</valor></datoAdicional><datoAdicional><codigo>e_corr</codigo><valor>N</valor></datoAdicional><datoAdicional><codigo>e_ssn_corr</codigo><valor>0</valor></datoAdicional><datoAdicional><codigo>e_mon</codigo><valor>1</valor></datoAdicional><datoAdicional><codigo>e_servicio</codigo><valor/></datoAdicional><datoAdicional><codigo>e_identificacion</codigo><valor/></datoAdicional><datoAdicional><codigo>e_debito</codigo><valor>10.0</valor></datoAdicional><datoAdicional><codigo>e_comision_db</codigo><valor>0.0</valor></datoAdicional><datoAdicional><codigo>e_efectivo</codigo><valor>0</valor></datoAdicional><datoAdicional><codigo>e_cheque</codigo><valor>0</valor></datoAdicional><datoAdicional><codigo>e_tarjeta</codigo><valor>0</valor></datoAdicional><datoAdicional><codigo>e_comision_efe</codigo><valor>0</valor></datoAdicional><datoAdicional><codigo>e_comision_chq</codigo><valor>0</valor></datoAdicional><datoAdicional><codigo>e_autoriza</codigo><valor>N</valor></datoAdicional><datoAdicional><codigo>e_ubi</codigo><valor/></datoAdicional><datoAdicional><codigo>e_opcion</codigo><valor>P</valor></datoAdicional><datoAdicional><codigo>e_reverso</codigo><valor/></datoAdicional><datoAdicional><codigo>e_emp_nombre</codigo><valor/></datoAdicional><datoAdicional><codigo>e_ruc_cliente</codigo><valor/></datoAdicional><datoAdicional><codigo>e_cant_cheques</codigo><valor>0</valor></datoAdicional><datoAdicional><codigo>e_nombre_cta</codigo><valor/></datoAdicional><datoAdicional><codigo>e_cod_referencia</codigo><valor/></datoAdicional><datoAdicional><codigo>e_base_imponible</codigo><valor/></datoAdicional><datoAdicional><codigo>e_factura</codigo><valor/></datoAdicional><datoAdicional><codigo>e_cod_respuesta</codigo><valor/></datoAdicional><datoAdicional><codigo>e_cod_grupo</codigo><valor/></datoAdicional><datoAdicional><codigo>e_cod_grupo</codigo><valor/></datoAdicional><datoAdicional><codigo>e_nomb_tramite</codigo><valor/></datoAdicional><datoAdicional><codigo>e_pcodigo_operacion</codigo><valor/></datoAdicional><datoAdicional><codigo>e_pcodigo_secuencia</codigo><valor/></datoAdicional><datoAdicional><codigo>e_phoralocal</codigo><valor/></datoAdicional><datoAdicional><codigo>e_cod_consultora</codigo><valor/></datoAdicional></datosAdicionales></ns2:servicio><ns2:fecha>2022-08-10T00:00:00</ns2:fecha><ns2:fechaPago>2022-08-10T00:00:00</ns2:fechaPago><ns2:moneda>1</ns2:moneda><ns2:oficina>0</ns2:oficina><ns2:terminal>term24</ns2:terminal><ns2:transaccion>2056</ns2:transaccion><ns2:usuario>ope998</ns2:usuario></ns2:entradaEjecutarPago>
2022-08-10 10:27:31.408  INFO otc-core1-252-lpn47 --- [nio-8080-exec-6] c.b.o.p.OTCCoreProcessor                 : REQUEST OSB: <?xml version="1.0" encoding="UTF-8" standalone="yes"?><mensajeEntradaGateway xmlns="http://www.bolivariano.com/mensaje/MensajeOSB"><puntoFinal>Recaudaciones/Microservicio</puntoFinal><operacion>Pagar</operacion><identificadorCorrelacion>c7f3e4b6d978</identificadorCorrelacion><mensaje><![CDATA[<ns2:entradaEjecutarPago xmlns:ns2="http://www.bolivariano.com/mensaje/MensajeOTC" xmlns:ns11="http://www.bolivariano.com/ws/BroadnetRecarga"><ns2:canal>IBK</ns2:canal><ns2:tipoCuenta>CTE</ns2:tipoCuenta><ns2:cuenta>5005070292</ns2:cuenta><ns2:secuencial>37651143</ns2:secuencial><ns2:valorPago>10.0</ns2:valorPago><ns2:valorComision>0.0</ns2:valorComision><ns2:servicio><codTipoServicio>TELEFONIA_CELULAR</codTipoServicio><codigoConvenio>19574</codigoConvenio><codigoEmpresa>19574</codigoEmpresa><codigoTipoBanca>BP</codigoTipoBanca><codigoTipoIdentificador>CELULAR</codigoTipoIdentificador><identificador>0999999999</identificador><datosAdicionales><datoAdicional><codigo>e_prov_req</codigo><valor>MS_REC_BROADNET_REQ</valor></datoAdicional><datoAdicional><codigo>e_prov_resp</codigo><valor>MS_REC_BROADNET_RESP</valor></datoAdicional><datoAdicional><codigo>e_tipo_proceso</codigo><valor>M</valor></datoAdicional><datoAdicional><codigo>e_tipo_ejecucion</codigo><valor>BP</valor></datoAdicional><datoAdicional><codigo>p_medio</codigo><valor>12</valor></datoAdicional><datoAdicional><codigo>p_terminal</codigo><valor>term24</valor></datoAdicional><datoAdicional><codigo>p_medio</codigo><valor>12</valor></datoAdicional><datoAdicional><codigo>p_branch_id</codigo><valor>1</valor></datoAdicional><datoAdicional><codigo>p_forma_pago</codigo><valor>1</valor></datoAdicional><datoAdicional><codigo>codAgencia</codigo><valor/></datoAdicional><datoAdicional><codigo>codLocalidad</codigo><valor/></datoAdicional><datoAdicional><codigo>category</codigo><valor>C</valor></datoAdicional><datoAdicional><codigo>documentType</codigo><valor>CELULAR</valor></datoAdicional><datoAdicional><codigo>documentID</codigo><valor>0999999999</valor></datoAdicional><datoAdicional><codigo>fullName</codigo><valor/></datoAdicional><datoAdicional><codigo>e_srv</codigo><valor>BOLIVSRV</valor></datoAdicional><datoAdicional><codigo>e_term</codigo><valor>term24</valor></datoAdicional><datoAdicional><codigo>e_rol</codigo><valor>5</valor></datoAdicional><datoAdicional><codigo>e_corr</codigo><valor>N</valor></datoAdicional><datoAdicional><codigo>e_ssn_corr</codigo><valor>0</valor></datoAdicional><datoAdicional><codigo>e_mon</codigo><valor>1</valor></datoAdicional><datoAdicional><codigo>e_servicio</codigo><valor/></datoAdicional><datoAdicional><codigo>e_identificacion</codigo><valor/></datoAdicional><datoAdicional><codigo>e_debito</codigo><valor>10.0</valor></datoAdicional><datoAdicional><codigo>e_comision_db</codigo><valor>0.0</valor></datoAdicional><datoAdicional><codigo>e_efectivo</codigo><valor>0</valor></datoAdicional><datoAdicional><codigo>e_cheque</codigo><valor>0</valor></datoAdicional><datoAdicional><codigo>e_tarjeta</codigo><valor>0</valor></datoAdicional><datoAdicional><codigo>e_comision_efe</codigo><valor>0</valor></datoAdicional><datoAdicional><codigo>e_comision_chq</codigo><valor>0</valor></datoAdicional><datoAdicional><codigo>e_autoriza</codigo><valor>N</valor></datoAdicional><datoAdicional><codigo>e_ubi</codigo><valor/></datoAdicional><datoAdicional><codigo>e_opcion</codigo><valor>P</valor></datoAdicional><datoAdicional><codigo>e_reverso</codigo><valor/></datoAdicional><datoAdicional><codigo>e_emp_nombre</codigo><valor/></datoAdicional><datoAdicional><codigo>e_ruc_cliente</codigo><valor/></datoAdicional><datoAdicional><codigo>e_cant_cheques</codigo><valor>0</valor></datoAdicional><datoAdicional><codigo>e_nombre_cta</codigo><valor/></datoAdicional><datoAdicional><codigo>e_cod_referencia</codigo><valor/></datoAdicional><datoAdicional><codigo>e_base_imponible</codigo><valor/></datoAdicional><datoAdicional><codigo>e_factura</codigo><valor/></datoAdicional><datoAdicional><codigo>e_cod_respuesta</codigo><valor/></datoAdicional><datoAdicional><codigo>e_cod_grupo</codigo><valor/></datoAdicional><datoAdicional><codigo>e_cod_grupo</codigo><valor/></datoAdicional><datoAdicional><codigo>e_nomb_tramite</codigo><valor/></datoAdicional><datoAdicional><codigo>e_pcodigo_operacion</codigo><valor/></datoAdicional><datoAdicional><codigo>e_pcodigo_secuencia</codigo><valor/></datoAdicional><datoAdicional><codigo>e_phoralocal</codigo><valor/></datoAdicional><datoAdicional><codigo>e_cod_consultora</codigo><valor/></datoAdicional></datosAdicionales></ns2:servicio><ns2:fecha>2022-08-10T00:00:00</ns2:fecha><ns2:fechaPago>2022-08-10T00:00:00</ns2:fechaPago><ns2:moneda>1</ns2:moneda><ns2:oficina>0</ns2:oficina><ns2:terminal>term24</ns2:terminal><ns2:transaccion>2056</ns2:transaccion><ns2:usuario>ope998</ns2:usuario></ns2:entradaEjecutarPago>]]></mensaje></mensajeEntradaGateway>
2022-08-10 10:27:31.408  INFO otc-core1-252-lpn47 --- [nio-8080-exec-6] c.b.o.p.OTCCoreProcessor                 : OPERACION OSB: Pagar
2022-08-10 10:27:31.408  INFO otc-core1-252-lpn47 --- [nio-8080-exec-6] c.b.o.p.OTCCoreProcessor                 : PUNTO FINAL OSB: Recaudaciones/Microservicio
2022-08-10 10:27:31.408  INFO otc-core1-252-lpn47 --- [nio-8080-exec-6] c.b.o.p.OTCCoreProcessor                 : Inicio envio a MQ
2022-08-10 10:27:31.408  INFO otc-core1-252-lpn47 --- [nio-8080-exec-6] c.b.o.j.JmsProducer                      : JMS User ID: c7f3e4b6d978
2022-08-10 10:27:31.408  INFO otc-core1-252-lpn47 --- [nio-8080-exec-6] c.b.o.j.JmsProducer                      : AMBIENTE: RMS
2022-08-10 10:27:32.920  INFO otc-core1-252-lpn47 --- [nio-8080-exec-6] c.b.o.j.JmsProducer                      : requestQueue: MS_REC_PAGO_REQ
2022-08-10 10:27:32.921  INFO otc-core1-252-lpn47 --- [nio-8080-exec-6] c.b.o.j.JmsProducer                      : responseQueue: MS_REC_PAGO_RESP
2022-08-10 10:27:32.921  INFO otc-core1-252-lpn47 --- [nio-8080-exec-6] c.b.o.j.JmsProducer                      : Mensaje JMS enviado: 
  JMSMessage class: jms_text
  JMSType:          null
  JMSDeliveryMode:  1
  JMSDeliveryDelay: 0
  JMSDeliveryTime:  0
  JMSExpiration:    50000
  JMSPriority:      4
  JMSMessageID:     c7f3e4b6d978
  JMSTimestamp:     8457478166205
  JMSCorrelationID: c7f3e4b6d978
  JMSDestination:   queue:///MS_REC_PAGO_REQ
  JMSReplyTo:       queue:///MS_REC_PAGO_RESP
  JMSRedelivered:   false
    JMS_IBM_Character_Set: 1208
<?xml version="1.0" encoding="UTF-8" standalone="yes"?><mensajeEntradaGateway xmlns="http://www.boli ...
2022-08-10 10:27:33.285  INFO otc-core1-252-lpn47 --- [nio-8080-exec-6] c.b.o.p.OTCCoreProcessor                 : Envio a MQ OK
2022-08-10 10:27:33.285  INFO otc-core1-252-lpn47 --- [nio-8080-exec-6] c.b.o.p.OTCCoreProcessor                 : USER ID:c7f3e4b6d978
2022-08-10 10:27:33.285  INFO otc-core1-252-lpn47 --- [nio-8080-exec-6] c.b.o.p.OTCCoreProcessor                 : Inicio recepcion a MQ
2022-08-10 10:27:33.285  INFO otc-core1-252-lpn47 --- [nio-8080-exec-6] c.b.o.j.JmsConsumer                      : JMSXUserID: c7f3e4b6d978
2022-08-10 10:27:33.286  INFO otc-core1-252-lpn47 --- [nio-8080-exec-6] c.b.o.j.JmsConsumer                      : ambiente: RMS
2022-08-10 10:27:33.286  INFO otc-core1-252-lpn47 --- [nio-8080-exec-6] c.b.o.j.JmsConsumer                      : destinationQueue: MS_REC_PAGO_RESP
2022-08-10 10:27:33.286  INFO otc-core1-252-lpn47 --- [nio-8080-exec-6] c.b.o.j.JmsConsumer                      : Selector: JMSCorrelationID='c7f3e4b6d978'
2022-08-10 10:27:33.286  INFO otc-core1-252-lpn47 --- [nio-8080-exec-6] c.b.o.j.JmsConsumer                      : SOBRE ESCRIBRE TIMEOUT: 30000
2022-08-10 10:27:46.650  INFO otc-core1-252-lpn47 --- [nio-8080-exec-6] c.b.o.j.JmsConsumer                      : Mensaje JMS recibido: 
  JMSMessage class: jms_bytes
  JMSType:          null
  JMSDeliveryMode:  2
  JMSDeliveryDelay: 0
  JMSDeliveryTime:  0
  JMSExpiration:    0
  JMSPriority:      4
  JMSMessageID:     ID:414d512043535042524b5f514d20202005d0d96241ee302a
  JMSTimestamp:     1660145265805
  JMSCorrelationID: c7f3e4b6d978
  JMSDestination:   queue:///MS_REC_PAGO_RESP
  JMSReplyTo:       null
  JMSRedelivered:   false
    JMSXAppID: /deployments/quarkus-run.jar
    JMSXDeliveryCount: 1
    JMSXUserID: mqm         
    JMS_IBM_Character_Set: UTF-8
    JMS_IBM_Encoding: 273
    JMS_IBM_Format:         
    JMS_IBM_MsgType: 8
    JMS_IBM_PutApplType: 28
    JMS_IBM_PutDate: 20220810
    JMS_IBM_PutTime: 15274518
3c3f786d6c2076657273696f6e3d22312e302220656e636f64696e673d225554462d382220737461
...

2022-08-10 10:27:46.650  INFO otc-core1-252-lpn47 --- [nio-8080-exec-6] c.b.o.j.JmsConsumer                      : JMSCorrelationID: c7f3e4b6d978
2022-08-10 10:27:46.650  INFO otc-core1-252-lpn47 --- [nio-8080-exec-6] c.b.o.p.OTCCoreProcessor                 : Recepcion a MQ OK
2022-08-10 10:27:46.650  INFO otc-core1-252-lpn47 --- [nio-8080-exec-6] c.b.o.p.OTCCoreProcessor                 : MENSAJE JMS:<?xml version="1.0" encoding="UTF-8" standalone="yes"?><mensajeSalidaGateway xmlns="http://www.bolivariano.com/mensaje/MensajeOSB"><codigo>0</codigo><mensajeUsuario>Transaccion Exitosa</mensajeUsuario><mensaje><![CDATA[<?xml version="1.0" encoding="UTF-8" standalone="yes"?><ns2:salidaEjecutarPago xmlns:ns2="http://www.bolivariano.com/mensaje/MensajeOTC"><ns2:codigoError>0</ns2:codigoError><ns2:datosAdicionales><ns2:datoAdicional><codigo>vp_s_fecha_contable</codigo><valor>08/10/2022</valor></ns2:datoAdicional><ns2:datoAdicional><codigo>vp_s_ssn</codigo><valor>37651143</valor></ns2:datoAdicional><ns2:datoAdicional><codigo>vp_s_comision</codigo></ns2:datoAdicional><ns2:datoAdicional><codigo>vp_s_tasa</codigo></ns2:datoAdicional><ns2:datoAdicional><codigo>vp_s_base_imp</codigo></ns2:datoAdicional><ns2:datoAdicional><codigo>vp_s_impuesto</codigo></ns2:datoAdicional><ns2:datoAdicional><codigo>vp_s_empresa</codigo></ns2:datoAdicional><ns2:datoAdicional><codigo>vp_s_recaudacion</codigo></ns2:datoAdicional><ns2:datoAdicional><codigo>vp_s_referencia1</codigo></ns2:datoAdicional><ns2:datoAdicional><codigo>vp_s_referencia2</codigo></ns2:datoAdicional><ns2:datoAdicional><codigo>vp_s_referencia3</codigo></ns2:datoAdicional><ns2:datoAdicional><codigo>rp_s_ssn</codigo><valor>37651143</valor></ns2:datoAdicional><ns2:datoAdicional><codigo>rp_s_horario</codigo><valor>N</valor></ns2:datoAdicional><ns2:datoAdicional><codigo>rp_s_tasa</codigo><valor>0.0</valor></ns2:datoAdicional><ns2:datoAdicional><codigo>rp_s_base_imp</codigo><valor>0.0</valor></ns2:datoAdicional><ns2:datoAdicional><codigo>rp_s_impuesto</codigo><valor>0.0</valor></ns2:datoAdicional><ns2:datoAdicional><codigo>rp_s_servicio_not</codigo><valor>PAGSB</valor></ns2:datoAdicional><ns2:datoAdicional><codigo>rp_s_nomb_ente</codigo><valor>NOMBRE: 1396206</valor></ns2:datoAdicional><ns2:datoAdicional><codigo>rp_s_cod_ente</codigo><valor>1396206</valor></ns2:datoAdicional><ns2:datoAdicional><codigo>rp_s_desccanal</codigo><valor>24ONLINE</valor></ns2:datoAdicional><ns2:datoAdicional><codigo>rp_s_celular</codigo><valor>0991863698</valor></ns2:datoAdicional><ns2:datoAdicional><codigo>rp_s_correo</codigo><valor>crodriguez@bolivariano.com</valor></ns2:datoAdicional><ns2:datoAdicional><codigo>rp_s_desc_empresa</codigo><valor>MOVISTAR</valor></ns2:datoAdicional><ns2:datoAdicional><codigo>rp_s_prod_deb</codigo><valor>CTE</valor></ns2:datoAdicional><ns2:datoAdicional><codigo>rp_s_valor</codigo><valor>10.00</valor></ns2:datoAdicional><ns2:datoAdicional><codigo>rp_s_fecha_deb</codigo><valor>08/10/2022</valor></ns2:datoAdicional><ns2:datoAdicional><codigo>rp_s_hora_deb</codigo><valor>10:27:33</valor></ns2:datoAdicional><ns2:datoAdicional><codigo>rp_s_valor_comi</codigo><valor>0.00</valor></ns2:datoAdicional><ns2:datoAdicional><codigo>rp_s_cta_lat</codigo><valor>292</valor></ns2:datoAdicional><ns2:datoAdicional><codigo>rp_s_tipo_serv</codigo><valor>COMPRA PAQUETE</valor></ns2:datoAdicional><ns2:datoAdicional><codigo>rp_s_fecha_contable</codigo><valor>08/10/2022</valor></ns2:datoAdicional></ns2:datosAdicionales><ns2:fechaDebito>2022-08-10T00:00:00</ns2:fechaDebito><ns2:fechaPago>2022-08-10T00:00:00</ns2:fechaPago><ns2:mensajeUsuario>PAGO EXITOSO. PENDIENTE CONFIRMACION</ns2:mensajeUsuario><ns2:mensajeSistema>PAGO EXITOSO. PENDIENTE CONFIRMACION</ns2:mensajeSistema><ns2:montoTotal>10.0</ns2:montoTotal></ns2:salidaEjecutarPago>]]></mensaje></mensajeSalidaGateway>
2022-08-10 10:27:46.656  INFO otc-core1-252-lpn47 --- [nio-8080-exec-6] c.b.o.p.OTCCoreProcessor                 : RESPUESTA OSB: <?xml version="1.0" encoding="UTF-8" standalone="yes"?><ns2:salidaEjecutarPago xmlns:ns2="http://www.bolivariano.com/mensaje/MensajeOTC"><ns2:codigoError>0</ns2:codigoError><ns2:datosAdicionales><ns2:datoAdicional><codigo>vp_s_fecha_contable</codigo><valor>08/10/2022</valor></ns2:datoAdicional><ns2:datoAdicional><codigo>vp_s_ssn</codigo><valor>37651143</valor></ns2:datoAdicional><ns2:datoAdicional><codigo>vp_s_comision</codigo></ns2:datoAdicional><ns2:datoAdicional><codigo>vp_s_tasa</codigo></ns2:datoAdicional><ns2:datoAdicional><codigo>vp_s_base_imp</codigo></ns2:datoAdicional><ns2:datoAdicional><codigo>vp_s_impuesto</codigo></ns2:datoAdicional><ns2:datoAdicional><codigo>vp_s_empresa</codigo></ns2:datoAdicional><ns2:datoAdicional><codigo>vp_s_recaudacion</codigo></ns2:datoAdicional><ns2:datoAdicional><codigo>vp_s_referencia1</codigo></ns2:datoAdicional><ns2:datoAdicional><codigo>vp_s_referencia2</codigo></ns2:datoAdicional><ns2:datoAdicional><codigo>vp_s_referencia3</codigo></ns2:datoAdicional><ns2:datoAdicional><codigo>rp_s_ssn</codigo><valor>37651143</valor></ns2:datoAdicional><ns2:datoAdicional><codigo>rp_s_horario</codigo><valor>N</valor></ns2:datoAdicional><ns2:datoAdicional><codigo>rp_s_tasa</codigo><valor>0.0</valor></ns2:datoAdicional><ns2:datoAdicional><codigo>rp_s_base_imp</codigo><valor>0.0</valor></ns2:datoAdicional><ns2:datoAdicional><codigo>rp_s_impuesto</codigo><valor>0.0</valor></ns2:datoAdicional><ns2:datoAdicional><codigo>rp_s_servicio_not</codigo><valor>PAGSB</valor></ns2:datoAdicional><ns2:datoAdicional><codigo>rp_s_nomb_ente</codigo><valor>NOMBRE: 1396206</valor></ns2:datoAdicional><ns2:datoAdicional><codigo>rp_s_cod_ente</codigo><valor>1396206</valor></ns2:datoAdicional><ns2:datoAdicional><codigo>rp_s_desccanal</codigo><valor>24ONLINE</valor></ns2:datoAdicional><ns2:datoAdicional><codigo>rp_s_celular</codigo><valor>0991863698</valor></ns2:datoAdicional><ns2:datoAdicional><codigo>rp_s_correo</codigo><valor>crodriguez@bolivariano.com</valor></ns2:datoAdicional><ns2:datoAdicional><codigo>rp_s_desc_empresa</codigo><valor>MOVISTAR</valor></ns2:datoAdicional><ns2:datoAdicional><codigo>rp_s_prod_deb</codigo><valor>CTE</valor></ns2:datoAdicional><ns2:datoAdicional><codigo>rp_s_valor</codigo><valor>10.00</valor></ns2:datoAdicional><ns2:datoAdicional><codigo>rp_s_fecha_deb</codigo><valor>08/10/2022</valor></ns2:datoAdicional><ns2:datoAdicional><codigo>rp_s_hora_deb</codigo><valor>10:27:33</valor></ns2:datoAdicional><ns2:datoAdicional><codigo>rp_s_valor_comi</codigo><valor>0.00</valor></ns2:datoAdicional><ns2:datoAdicional><codigo>rp_s_cta_lat</codigo><valor>292</valor></ns2:datoAdicional><ns2:datoAdicional><codigo>rp_s_tipo_serv</codigo><valor>COMPRA PAQUETE</valor></ns2:datoAdicional><ns2:datoAdicional><codigo>rp_s_fecha_contable</codigo><valor>08/10/2022</valor></ns2:datoAdicional></ns2:datosAdicionales><ns2:fechaDebito>2022-08-10T00:00:00</ns2:fechaDebito><ns2:fechaPago>2022-08-10T00:00:00</ns2:fechaPago><ns2:mensajeUsuario>PAGO EXITOSO. PENDIENTE CONFIRMACION</ns2:mensajeUsuario><ns2:mensajeSistema>PAGO EXITOSO. PENDIENTE CONFIRMACION</ns2:mensajeSistema><ns2:montoTotal>10.0</ns2:montoTotal></ns2:salidaEjecutarPago>
2022-08-10 10:27:46.656  INFO otc-core1-252-lpn47 --- [nio-8080-exec-6] c.b.o.p.OTCCoreProcessor                 : Transformacion XSLT de respuesta:./xslt/RMS_BROADNET_P_OUT.xsl
2022-08-10 10:27:46.668  INFO otc-core1-252-lpn47 --- [nio-8080-exec-6] c.b.o.u.XSLTransform                     : TRANSFORMED REQUEST: <ns15:salidaEjecutarPago xmlns:ns15="http://www.bolivariano.com/mensaje/MensajeOTC" xmlns:xp20="http://www.oracle.com/XSL/Transform/java/oracle.tip.pc.services.functions.Xpath20">
<ns15:codigoError>0</ns15:codigoError>
<ns15:fechaDebito>2022-08-10T10:27:46.667</ns15:fechaDebito>
<ns15:fechaPago>2022-08-10</ns15:fechaPago>
<ns15:mensajeUsuario>TRANSACCION OK</ns15:mensajeUsuario>
<ns15:mensajeSistema>TRANSACCION OK</ns15:mensajeSistema>
<ns15:referencia>37651143</ns15:referencia>
</ns15:salidaEjecutarPago>

2022-08-10 10:27:46.668  INFO otc-core1-252-lpn47 --- [nio-8080-exec-6] c.b.o.p.OTCCoreProcessor                 : Transformacion XSLT de respuesta OK
2022-08-10 10:27:46.668  INFO otc-core1-252-lpn47 --- [nio-8080-exec-6] c.b.o.p.OTCCoreProcessor                 : RESPUESTA XML: <ns15:salidaEjecutarPago xmlns:ns15="http://www.bolivariano.com/mensaje/MensajeOTC" xmlns:xp20="http://www.oracle.com/XSL/Transform/java/oracle.tip.pc.services.functions.Xpath20">
<ns15:codigoError>0</ns15:codigoError>
<ns15:fechaDebito>2022-08-10T10:27:46.667</ns15:fechaDebito>
<ns15:fechaPago>2022-08-10</ns15:fechaPago>
<ns15:mensajeUsuario>TRANSACCION OK</ns15:mensajeUsuario>
<ns15:mensajeSistema>TRANSACCION OK</ns15:mensajeSistema>
<ns15:referencia>37651143</ns15:referencia>
</ns15:salidaEjecutarPago>

2022-08-10 10:27:46.668  INFO otc-core1-252-lpn47 --- [nio-8080-exec-6] c.b.o.p.OTCCoreProcessor                 : RESPUESTA_FINAL: <ns15:salidaEjecutarPago xmlns:ns15="http://www.bolivariano.com/mensaje/MensajeOTC" xmlns:xp20="http://www.oracle.com/XSL/Transform/java/oracle.tip.pc.services.functions.Xpath20">
<ns15:codigoError>0</ns15:codigoError>
<ns15:fechaDebito>2022-08-10T10:27:46.667</ns15:fechaDebito>
<ns15:fechaPago>2022-08-10</ns15:fechaPago>
<ns15:mensajeUsuario>TRANSACCION OK</ns15:mensajeUsuario>
<ns15:mensajeSistema>TRANSACCION OK</ns15:mensajeSistema>
<ns15:referencia>37651143</ns15:referencia>
</ns15:salidaEjecutarPago>

2022-08-10 10:27:46.688  INFO otc-core1-252-lpn47 --- [nio-8080-exec-6] c.b.o.p.OTCCoreProcessor                 : VALOR TOTAL INICIALnull
2022-08-10 10:27:46.688  INFO otc-core1-252-lpn47 --- [nio-8080-exec-6] c.b.o.p.OTCCoreProcessor                 : VALOR TOTAL FINAL10.0
2022-08-10 10:27:46.688  INFO otc-core1-252-lpn47 --- [nio-8080-exec-6] c.b.o.p.OTCCoreProcessor                 : FECHA PAGO2022-08-10
2022-08-10 10:27:46.688  INFO otc-core1-252-lpn47 --- [nio-8080-exec-6] c.b.o.p.OTCCoreProcessor                 : FECHA DEBITO2022-08-10T10:27:46.667
