Starting the Java application using /opt/jboss/container/java/run/run-java.sh ...
INFO exec  java -Dquarkus.http.host=0.0.0.0 -XX:+UseParallelGC -XX:MinHeapFreeRatio=10 -XX:MaxHeapFreeRatio=20 -XX:GCTimeRatio=4 -XX:AdaptiveSizePolicyWeight=90 -XX:+ExitOnOutOfMemoryError -cp "." -jar /deployments/quarkus-run.jar  
__  ____  __  _____   ___  __ ____  ______ 
 --/ __ \/ / / / _ | / _ \/ //_/ / / / __/ 
 -/ /_/ / /_/ / __ |/ , _/ ,< / /_/ /\ \   
--\___\_\____/_/ |_/_/|_/_/|_|\____/___/   
2022-08-10 10:23:40.022  WARN rec-reverso-39-hqf8v --- [           main] i.q.a.r.AgroalConnectionConfigurer       : Agroal does not support detecting if a connection is still usable after an exception for database kind: other
2022-08-10 10:23:40.099  INFO rec-reverso-39-hqf8v --- [      agroal-11] c.b.m.r.c.FrameworkSecurityInitializer   : Iniciando consumo frameworkSecurityParams
2022-08-10 10:23:40.100  INFO rec-reverso-39-hqf8v --- [      agroal-11] c.b.m.r.c.FrameworkSecurityInitializer   : Iniciando consumo frameworkSecurityParams
2022-08-10 10:23:41.368  INFO rec-reverso-39-hqf8v --- [pool-7-thread-1] c.b.m.r.m.MessageListener                : EJECUTA LISTENER MQ VERSION 9_2
2022-08-10 10:23:41.455  INFO rec-reverso-39-hqf8v --- [pool-7-thread-1] c.b.m.r.m.MessageListener                : CONFIG --> |   com.ibm.mq.jms.MQQueueConnectionFactory@c79b6829  :-  
|   |   XMSC_ADMIN_OBJECT_TYPE             :-  17
|   |   XMSC_ASYNC_EXCEPTIONS              :-  1
|   |   XMSC_CLIENT_ID                     :-  <null>
|   |   XMSC_CONNECTION_TYPE               :-  1
|   |   XMSC_CONNECTION_TYPE_NAME          :-  com.ibm.msg.client.wmq
|   |   XMSC_RTT_DIRECT_AUTH               :-  0
|   |   XMSC_RTT_PROXY_HOSTNAME            :-  <null>
|   |   XMSC_RTT_PROXY_PORT                :-  443
|   |   XMSC_WMQ_BROKER_CC_SUBQ            :-  SYSTEM.JMS.ND.CC.SUBSCRIBER.QUEUE
|   |   XMSC_WMQ_BROKER_CONTROLQ           :-  SYSTEM.BROKER.CONTROL.QUEUE
|   |   XMSC_WMQ_BROKER_PUBQ               :-  SYSTEM.BROKER.DEFAULT.STREAM
|   |   XMSC_WMQ_BROKER_QMGR               :-  
|   |   XMSC_WMQ_BROKER_SUBQ               :-  SYSTEM.JMS.ND.SUBSCRIBER.QUEUE
|   |   XMSC_WMQ_CCDTURL                   :-  <null>
|   |   XMSC_WMQ_CF_DESCRIPTION            :-  <null>
|   |   XMSC_WMQ_CHANNEL                   :-  IVR_CHL_MF
|   |   XMSC_WMQ_CLEANUP_INTERVAL          :-  3600000
|   |   XMSC_WMQ_CLEANUP_LEVEL             :-  1
|   |   XMSC_WMQ_CLIENT_RECONNECT_OPTIONS  :-  0
|   |   XMSC_WMQ_CLIENT_RECONNECT_TIMEOUT  :-  1800
|   |   XMSC_WMQ_CLONE_SUPPORT             :-  0
|   |   XMSC_WMQ_CONNECTION_MODE           :-  1
|   |   XMSC_WMQ_CONNECTION_NAME_LIST_INT  :-  
|   |   |   0  :-  jms.bolivariano.fin.ec(1926)
|   |   XMSC_WMQ_CONNECTION_TAG            :-  [B@58448881
|   |   XMSC_WMQ_CONNECT_OPTIONS           :-  0
|   |   XMSC_WMQ_HEADER_COMP               :-  
|   |   |   0  :-  0
|   |   XMSC_WMQ_LOCAL_ADDRESS             :-  
|   |   XMSC_WMQ_MAP_NAME_STYLE            :-  true
|   |   XMSC_WMQ_MAX_BUFFER_SIZE           :-  1000
|   |   XMSC_WMQ_MESSAGE_RETENTION         :-  1
|   |   XMSC_WMQ_MESSAGE_SELECTION         :-  0
|   |   XMSC_WMQ_MSG_BATCH_SIZE            :-  10
|   |   XMSC_WMQ_MSG_COMP                  :-  
|   |   |   0  :-  0
|   |   XMSC_WMQ_OPT_PUB                   :-  false
|   |   XMSC_WMQ_OUTCOME_NOTIFICATION      :-  true
|   |   XMSC_WMQ_POLLING_INTERVAL          :-  5000
|   |   XMSC_WMQ_PROCESS_DURATION          :-  0
|   |   XMSC_WMQ_PROVIDER_VERSION          :-  unspecified
|   |   XMSC_WMQ_PUB_ACK_INTERVAL          :-  25
|   |   XMSC_WMQ_QMGR_CCSID                :-  1208
|   |   XMSC_WMQ_QUEUE_MANAGER             :-  CSPBRK_QM
|   |   XMSC_WMQ_RECEIVE_EXIT              :-  <null>
|   |   XMSC_WMQ_RECEIVE_EXIT_INIT         :-  <null>
|   |   XMSC_WMQ_RECEIVE_ISOLATION         :-  0
|   |   XMSC_WMQ_RESCAN_INTERVAL           :-  5000
|   |   XMSC_WMQ_SECURITY_EXIT             :-  <null>
|   |   XMSC_WMQ_SECURITY_EXIT_INIT        :-  <null>
|   |   XMSC_WMQ_SEND_CHECK_COUNT          :-  0
|   |   XMSC_WMQ_SEND_EXIT                 :-  <null>
|   |   XMSC_WMQ_SEND_EXIT_INIT            :-  <null>
|   |   XMSC_WMQ_SHARE_CONV_ALLOWED        :-  1
|   |   XMSC_WMQ_SPARSE_SUBSCRIPTIONS      :-  false
|   |   XMSC_WMQ_SSL_CERT_STORES_COL       :-  <null>
|   |   XMSC_WMQ_SSL_CERT_STORES_STR       :-  <null>
|   |   XMSC_WMQ_SSL_CIPHER_SUITE          :-  <null>
|   |   XMSC_WMQ_SSL_FIPS_REQUIRED         :-  false
|   |   XMSC_WMQ_SSL_KEY_RESETCOUNT        :-  0
|   |   XMSC_WMQ_SSL_PEER_NAME             :-  <null>
|   |   XMSC_WMQ_SSL_SOCKET_FACTORY        :-  <null>
|   |   XMSC_WMQ_STATUS_REFRESH_INTERVAL   :-  60000
|   |   XMSC_WMQ_SUBSCRIPTION_STORE        :-  1
|   |   XMSC_WMQ_SYNCPOINT_ALL_GETS        :-  false
|   |   XMSC_WMQ_TARGET_CLIENT_MATCHING    :-  true
|   |   XMSC_WMQ_TEMPORARY_MODEL           :-  SYSTEM.DEFAULT.MODEL.QUEUE
|   |   XMSC_WMQ_TEMP_Q_PREFIX             :-  
|   |   XMSC_WMQ_TEMP_TOPIC_PREFIX         :-  
|   |   XMSC_WMQ_USE_CONNECTION_POOLING    :-  true
|   |   brokerVersion                      :-  -1
|   |   failIfQuiesce                      :-  1
|   |   multicast                          :-  0
|   |   version                            :-  7
|   |   wildcardFormat                     :-  0
2022-08-10 10:23:41.794  INFO rec-reverso-39-hqf8v --- [           main] i.quarkus                                : rec-reverso 1.0.0 on JVM (powered by Quarkus 2.9.0.Final) started in 5.328s. Listening on: http://0.0.0.0:8080
2022-08-10 10:23:41.795  INFO rec-reverso-39-hqf8v --- [           main] i.quarkus                                : Profile prod activated. 
2022-08-10 10:23:41.795  INFO rec-reverso-39-hqf8v --- [           main] i.quarkus                                : Installed features: [agroal, cdi, cxf, kubernetes, kubernetes-client, narayana-jta, rest-client, rest-client-jackson, resteasy-reactive, resteasy-reactive-jackson, smallrye-context-propagation, smallrye-health, vertx]
2022-08-10 10:23:44.737  INFO rec-reverso-39-hqf8v --- [pool-7-thread-1] c.b.m.r.m.MessageListener                : COLA MQ --> MS_REC_REVERSO_REQ
2022-08-10 10:23:50.377  INFO rec-reverso-39-hqf8v --- [      agroal-11] c.b.m.r.s.w.SecurityFrameworkClient      : Se cargar propiedades del framework de seguridad.
2022-08-10 10:23:50.403  INFO rec-reverso-39-hqf8v --- [      agroal-11] c.b.m.r.s.w.SecurityFrameworkClient      : nombrePropiedad: CNB_spring.sybase.datasource.password
2022-08-10 10:23:50.407  INFO rec-reverso-39-hqf8v --- [      agroal-11] c.b.m.r.s.w.SecurityFrameworkClient      : atributo: ClvOpeRec++1
2022-08-10 10:23:50.407  INFO rec-reverso-39-hqf8v --- [      agroal-11] c.b.m.r.s.w.SecurityFrameworkClient      : nombrePropiedad: CNB_spring.sybase.datasource.username
2022-08-10 10:23:50.408  INFO rec-reverso-39-hqf8v --- [      agroal-11] c.b.m.r.s.w.SecurityFrameworkClient      : atributo: operadorRec
2022-08-10 10:23:50.408  INFO rec-reverso-39-hqf8v --- [      agroal-11] c.b.m.r.s.w.SecurityFrameworkClient      : nombrePropiedad: CodError
2022-08-10 10:23:50.408  INFO rec-reverso-39-hqf8v --- [      agroal-11] c.b.m.r.s.w.SecurityFrameworkClient      : atributo: 0
2022-08-10 10:23:50.408  INFO rec-reverso-39-hqf8v --- [      agroal-11] c.b.m.r.s.w.SecurityFrameworkClient      : nombrePropiedad: Contrasena
2022-08-10 10:23:50.409  INFO rec-reverso-39-hqf8v --- [      agroal-11] c.b.m.r.s.w.SecurityFrameworkClient      : atributo: TNC1234!
2022-08-10 10:23:50.409  INFO rec-reverso-39-hqf8v --- [      agroal-11] c.b.m.r.s.w.SecurityFrameworkClient      : nombrePropiedad: MP_quarkus.sybase.datasource.password
2022-08-10 10:23:50.409  INFO rec-reverso-39-hqf8v --- [      agroal-11] c.b.m.r.s.w.SecurityFrameworkClient      : atributo: Popeago+28
2022-08-10 10:23:50.409  INFO rec-reverso-39-hqf8v --- [      agroal-11] c.b.m.r.s.w.SecurityFrameworkClient      : nombrePropiedad: MP_quarkus.sybase.datasource.username
2022-08-10 10:23:50.411  INFO rec-reverso-39-hqf8v --- [      agroal-11] c.b.m.r.s.w.SecurityFrameworkClient      : atributo: operadorMdp
2022-08-10 10:23:50.411  INFO rec-reverso-39-hqf8v --- [      agroal-11] c.b.m.r.s.w.SecurityFrameworkClient      : nombrePropiedad: MsgError
2022-08-10 10:23:50.412  INFO rec-reverso-39-hqf8v --- [      agroal-11] c.b.m.r.s.w.SecurityFrameworkClient      : atributo: 
2022-08-10 10:23:50.412  INFO rec-reverso-39-hqf8v --- [      agroal-11] c.b.m.r.s.w.SecurityFrameworkClient      : nombrePropiedad: PS_IdUsuario
2022-08-10 10:23:50.413  INFO rec-reverso-39-hqf8v --- [      agroal-11] c.b.m.r.s.w.SecurityFrameworkClient      : atributo: apl_csp
2022-08-10 10:23:50.413  INFO rec-reverso-39-hqf8v --- [      agroal-11] c.b.m.r.s.w.SecurityFrameworkClient      : nombrePropiedad: PS_MaqSitio
2022-08-10 10:23:50.414  INFO rec-reverso-39-hqf8v --- [      agroal-11] c.b.m.r.s.w.SecurityFrameworkClient      : atributo: 10.0.94.21
2022-08-10 10:23:50.414  INFO rec-reverso-39-hqf8v --- [      agroal-11] c.b.m.r.s.w.SecurityFrameworkClient      : nombrePropiedad: PS_Maquina
2022-08-10 10:23:50.414  INFO rec-reverso-39-hqf8v --- [      agroal-11] c.b.m.r.s.w.SecurityFrameworkClient      : atributo: 10.0.94.21
2022-08-10 10:23:50.414  INFO rec-reverso-39-hqf8v --- [      agroal-11] c.b.m.r.s.w.SecurityFrameworkClient      : nombrePropiedad: PS_Token
2022-08-10 10:23:50.416  INFO rec-reverso-39-hqf8v --- [      agroal-11] c.b.m.r.s.w.SecurityFrameworkClient      : atributo: 00152710102022230849001527104923
2022-08-10 10:23:50.416  INFO rec-reverso-39-hqf8v --- [      agroal-11] c.b.m.r.s.w.SecurityFrameworkClient      : nombrePropiedad: PS_TokenSitio
2022-08-10 10:23:50.416  INFO rec-reverso-39-hqf8v --- [      agroal-11] c.b.m.r.s.w.SecurityFrameworkClient      : atributo: 00152710102022230849001527104923
2022-08-10 10:23:50.418  INFO rec-reverso-39-hqf8v --- [      agroal-11] c.b.m.r.s.w.SecurityFrameworkClient      : nombrePropiedad: PS_UsrSitio
2022-08-10 10:23:50.419  INFO rec-reverso-39-hqf8v --- [      agroal-11] c.b.m.r.s.w.SecurityFrameworkClient      : atributo: apl_csp
2022-08-10 10:23:50.420  INFO rec-reverso-39-hqf8v --- [      agroal-11] c.b.m.r.s.w.SecurityFrameworkClient      : nombrePropiedad: RECM_pass_sybase
2022-08-10 10:23:50.420  INFO rec-reverso-39-hqf8v --- [      agroal-11] c.b.m.r.s.w.SecurityFrameworkClient      : atributo: Ndis+2020q
2022-08-10 10:23:50.420  INFO rec-reverso-39-hqf8v --- [      agroal-11] c.b.m.r.s.w.SecurityFrameworkClient      : nombrePropiedad: RECM_user_sybase
2022-08-10 10:23:50.420  INFO rec-reverso-39-hqf8v --- [      agroal-11] c.b.m.r.s.w.SecurityFrameworkClient      : atributo: msilvag
2022-08-10 10:23:50.432  INFO rec-reverso-39-hqf8v --- [      agroal-11] c.b.m.r.s.w.SecurityFrameworkClient      : nombrePropiedad: cCodigoEmpresa
2022-08-10 10:23:50.433  INFO rec-reverso-39-hqf8v --- [      agroal-11] c.b.m.r.s.w.SecurityFrameworkClient      : atributo: 000515
2022-08-10 10:23:50.433  INFO rec-reverso-39-hqf8v --- [      agroal-11] c.b.m.r.s.w.SecurityFrameworkClient      : nombrePropiedad: cUsuario
2022-08-10 10:23:50.433  INFO rec-reverso-39-hqf8v --- [      agroal-11] c.b.m.r.s.w.SecurityFrameworkClient      : atributo: CAJABOLI
2022-08-10 10:23:50.435  INFO rec-reverso-39-hqf8v --- [      agroal-11] c.b.m.r.s.w.SecurityFrameworkClient      : nombrePropiedad: canal
2022-08-10 10:23:50.435  INFO rec-reverso-39-hqf8v --- [      agroal-11] c.b.m.r.s.w.SecurityFrameworkClient      : atributo: BOLIBARIANO1
2022-08-10 10:23:50.435  INFO rec-reverso-39-hqf8v --- [      agroal-11] c.b.m.r.s.w.SecurityFrameworkClient      : nombrePropiedad: clave
2022-08-10 10:23:50.435  INFO rec-reverso-39-hqf8v --- [      agroal-11] c.b.m.r.s.w.SecurityFrameworkClient      : atributo: TstBoliv*.1772
2022-08-10 10:23:50.435  INFO rec-reverso-39-hqf8v --- [      agroal-11] c.b.m.r.s.w.SecurityFrameworkClient      : nombrePropiedad: claveCvialco
2022-08-10 10:23:50.437  INFO rec-reverso-39-hqf8v --- [      agroal-11] c.b.m.r.s.w.SecurityFrameworkClient      : atributo: TLPP*.BOLIVA-6599
2022-08-10 10:23:50.437  INFO rec-reverso-39-hqf8v --- [      agroal-11] c.b.m.r.s.w.SecurityFrameworkClient      : nombrePropiedad: claveMsc
2022-08-10 10:23:50.437  INFO rec-reverso-39-hqf8v --- [      agroal-11] c.b.m.r.s.w.SecurityFrameworkClient      : atributo: Temporal2020.
2022-08-10 10:23:50.437  INFO rec-reverso-39-hqf8v --- [      agroal-11] c.b.m.r.s.w.SecurityFrameworkClient      : nombrePropiedad: claveWebService
2022-08-10 10:23:50.437  INFO rec-reverso-39-hqf8v --- [      agroal-11] c.b.m.r.s.w.SecurityFrameworkClient      : atributo: BolTest2021
2022-08-10 10:23:50.438  INFO rec-reverso-39-hqf8v --- [      agroal-11] c.b.m.r.s.w.SecurityFrameworkClient      : nombrePropiedad: passLatinia
2022-08-10 10:23:50.439  INFO rec-reverso-39-hqf8v --- [      agroal-11] c.b.m.r.s.w.SecurityFrameworkClient      : atributo: latinia
2022-08-10 10:23:50.439  INFO rec-reverso-39-hqf8v --- [      agroal-11] c.b.m.r.s.w.SecurityFrameworkClient      : nombrePropiedad: passLatiniaNube
2022-08-10 10:23:50.439  INFO rec-reverso-39-hqf8v --- [      agroal-11] c.b.m.r.s.w.SecurityFrameworkClient      : atributo: latinia
2022-08-10 10:23:50.439  INFO rec-reverso-39-hqf8v --- [      agroal-11] c.b.m.r.s.w.SecurityFrameworkClient      : nombrePropiedad: password
2022-08-10 10:23:50.440  INFO rec-reverso-39-hqf8v --- [      agroal-11] c.b.m.r.s.w.SecurityFrameworkClient      : atributo: Bolivariano
2022-08-10 10:23:50.441  INFO rec-reverso-39-hqf8v --- [      agroal-11] c.b.m.r.s.w.SecurityFrameworkClient      : nombrePropiedad: userLatinia
2022-08-10 10:23:50.441  INFO rec-reverso-39-hqf8v --- [      agroal-11] c.b.m.r.s.w.SecurityFrameworkClient      : atributo: apl_act_clientes
2022-08-10 10:23:50.441  INFO rec-reverso-39-hqf8v --- [      agroal-11] c.b.m.r.s.w.SecurityFrameworkClient      : nombrePropiedad: userLatiniaNube
2022-08-10 10:23:50.441  INFO rec-reverso-39-hqf8v --- [      agroal-11] c.b.m.r.s.w.SecurityFrameworkClient      : atributo: wsubscribers
2022-08-10 10:23:50.442  INFO rec-reverso-39-hqf8v --- [      agroal-11] c.b.m.r.s.w.SecurityFrameworkClient      : nombrePropiedad: username
2022-08-10 10:23:50.443  INFO rec-reverso-39-hqf8v --- [      agroal-11] c.b.m.r.s.w.SecurityFrameworkClient      : atributo: Bolivarinao
2022-08-10 10:23:50.443  INFO rec-reverso-39-hqf8v --- [      agroal-11] c.b.m.r.s.w.SecurityFrameworkClient      : nombrePropiedad: usuario
2022-08-10 10:23:50.443  INFO rec-reverso-39-hqf8v --- [      agroal-11] c.b.m.r.s.w.SecurityFrameworkClient      : atributo: BOLIVARIANO
2022-08-10 10:23:50.443  INFO rec-reverso-39-hqf8v --- [      agroal-11] c.b.m.r.s.w.SecurityFrameworkClient      : nombrePropiedad: usuarioMsc
2022-08-10 10:23:50.443  INFO rec-reverso-39-hqf8v --- [      agroal-11] c.b.m.r.s.w.SecurityFrameworkClient      : atributo: bcobol
2022-08-10 10:23:50.446  INFO rec-reverso-39-hqf8v --- [      agroal-11] c.b.m.r.s.w.SecurityFrameworkClient      : nombrePropiedad: usuarioTVCable
2022-08-10 10:23:50.446  INFO rec-reverso-39-hqf8v --- [      agroal-11] c.b.m.r.s.w.SecurityFrameworkClient      : atributo: Bolivariano-prueba
2022-08-10 10:23:50.446  INFO rec-reverso-39-hqf8v --- [      agroal-11] c.b.m.r.s.w.SecurityFrameworkClient      : nombrePropiedad: usuarioWebService
2022-08-10 10:23:50.446  INFO rec-reverso-39-hqf8v --- [      agroal-11] c.b.m.r.s.w.SecurityFrameworkClient      : atributo: 113
2022-08-10 10:23:50.446  INFO rec-reverso-39-hqf8v --- [      agroal-11] c.b.m.r.s.w.SecurityFrameworkClient      : nombrePropiedad: usurioCvialco
2022-08-10 10:23:50.446  INFO rec-reverso-39-hqf8v --- [      agroal-11] c.b.m.r.s.w.SecurityFrameworkClient      : atributo: BOLIVARIANO
2022-08-10 10:23:50.448  INFO rec-reverso-39-hqf8v --- [      agroal-11] c.b.m.r.s.w.SecurityFrameworkClient      : Finaliza consumo Framework Seguridad
2022-08-10 10:27:53.555  INFO rec-reverso-39-hqf8v --- [pool-7-thread-1] c.b.m.r.m.MessageListener                : INICIA PROCESO DE RECEPCION 
2022-08-10 10:27:53.557  INFO rec-reverso-39-hqf8v --- [pool-7-thread-1] c.b.m.r.m.MessageListener                : MENSAJE RECIBIDO--> 
  JMSMessage class: jms_bytes
  JMSType:          null
  JMSDeliveryMode:  2
  JMSDeliveryDelay: 0
  JMSDeliveryTime:  0
  JMSExpiration:    0
  JMSPriority:      4
  JMSMessageID:     ID:414d512043535042524b5f514d20202005d0d962c07a302a
  JMSTimestamp:     1660145272880
  JMSCorrelationID: ID:414d512043535042524b5f514d20202005d0d962071f312a
  JMSDestination:   queue:///MS_REC_REVERSO_REQ
  JMSReplyTo:       null
  JMSRedelivered:   false
    JMSXAppID: /deployments/quarkus-run.jar
    JMSXDeliveryCount: 1
    JMSXUserID: mqm         
    JMS_IBM_Character_Set: UTF-8
    JMS_IBM_Encoding: 273
    JMS_IBM_Format:         
    JMS_IBM_MsgType: 8
    JMS_IBM_PutApplType: 28
    JMS_IBM_PutDate: 20220810
    JMS_IBM_PutTime: 15275227
3c3f786d6c2076657273696f6e3d22312e302220656e636f64696e673d225554462d382220737461
6e64616c6f6e653d22796573223f3e3c6d656e73616a65456e74726164614761746577617920786d
6c6e733d22687474703a2f2f7777772e626f6c6976617269616e6f2e636f6d2f6d656e73616a652f
4d656e73616a654f5342223e3c6f7065726163696f6e3e5245564552534f3c2f6f7065726163696f
6e3e3c6d656e73616a653e3c215b43444154415b3c3f786d6c2076657273696f6e3d22312e302220
656e636f64696e673d225554462d3822207374616e64616c6f6e653d22796573223f3e3c6e73323a
656e7472616461456a6563757461725265766572736f20786d6c6e733a6e73323d22687474703a2f
2f7777772e626f6c6976617269616e6f2e636f6d2f6d656e73616a652f4d656e73616a654f544322
3e3c6e73323a63616e616c3e49424b3c2f6e73323a63616e616c3e3c6e73323a6375656e74613e35
3030353037303239323c2f6e73323a6375656e74613e3c6e73323a66656368615061676f3e323032
...

2022-08-10 10:27:53.557  INFO rec-reverso-39-hqf8v --- [pool-7-thread-1] c.b.m.r.m.MessageListener                : TRANSFORMACION BYTE A STRING
2022-08-10 10:27:53.558  INFO rec-reverso-39-hqf8v --- [pool-7-thread-1] c.b.m.r.m.MessageListener                : MENSAJE DE RESPUESTA: <?xml version="1.0" encoding="UTF-8" standalone="yes"?><mensajeEntradaGateway xmlns="http://www.bolivariano.com/mensaje/MensajeOSB"><operacion>REVERSO</operacion><mensaje><![CDATA[<?xml version="1.0" encoding="UTF-8" standalone="yes"?><ns2:entradaEjecutarReverso xmlns:ns2="http://www.bolivariano.com/mensaje/MensajeOTC"><ns2:canal>IBK</ns2:canal><ns2:cuenta>5005070292</ns2:cuenta><ns2:fechaPago>2022-08-10T00:00:00</ns2:fechaPago><ns2:moneda>1</ns2:moneda><ns2:oficina>0</ns2:oficina><ns2:secuencial>37671813</ns2:secuencial><ns2:servicio><codTipoServicio>TELEFONIA_CELULAR</codTipoServicio><codigoConvenio>19574</codigoConvenio><codigoEmpresa>19574</codigoEmpresa><codigoTipoBanca>BP</codigoTipoBanca><codigoTipoIdentificador>CELULAR</codigoTipoIdentificador><datosAdicionales><datoAdicional><codigo>e_prov_req</codigo><valor>MS_REC_BROADNET_REQ</valor></datoAdicional><datoAdicional><codigo>e_prov_resp</codigo><valor>MS_REC_BROADNET_RESP</valor></datoAdicional><datoAdicional><codigo>e_tipo_proceso</codigo><valor>M</valor></datoAdicional><datoAdicional><codigo>e_tipo_ejecucion</codigo><valor>BP</valor></datoAdicional><datoAdicional><codigo>p_medio</codigo><valor>12</valor></datoAdicional><datoAdicional><codigo>p_terminal</codigo><valor>term24</valor></datoAdicional><datoAdicional><codigo>p_medio</codigo><valor>12</valor></datoAdicional><datoAdicional><codigo>p_branch_id</codigo><valor>1</valor></datoAdicional><datoAdicional><codigo>p_forma_pago</codigo><valor>1</valor></datoAdicional><datoAdicional><codigo>codAgencia</codigo><valor></valor></datoAdicional><datoAdicional><codigo>codLocalidad</codigo><valor></valor></datoAdicional><datoAdicional><codigo>category</codigo><valor>C</valor></datoAdicional><datoAdicional><codigo>documentType</codigo><valor>CELULAR</valor></datoAdicional><datoAdicional><codigo>documentID</codigo><valor>0999999999</valor></datoAdicional><datoAdicional><codigo>fullName</codigo><valor></valor></datoAdicional><datoAdicional><codigo>e_srv</codigo><valor>BOLIVSRV</valor></datoAdicional><datoAdicional><codigo>e_term</codigo><valor>term24</valor></datoAdicional><datoAdicional><codigo>e_rol</codigo><valor>5</valor></datoAdicional><datoAdicional><codigo>e_corr</codigo><valor>N</valor></datoAdicional><datoAdicional><codigo>e_ssn_corr</codigo><valor>0</valor></datoAdicional><datoAdicional><codigo>e_mon</codigo><valor>1</valor></datoAdicional><datoAdicional><codigo>e_servicio</codigo><valor></valor></datoAdicional><datoAdicional><codigo>e_identificacion</codigo><valor></valor></datoAdicional><datoAdicional><codigo>e_debito</codigo><valor>10.0</valor></datoAdicional><datoAdicional><codigo>e_comision_db</codigo><valor>0.0</valor></datoAdicional><datoAdicional><codigo>e_efectivo</codigo><valor>0</valor></datoAdicional><datoAdicional><codigo>e_cheque</codigo><valor>0</valor></datoAdicional><datoAdicional><codigo>e_tarjeta</codigo><valor>0</valor></datoAdicional><datoAdicional><codigo>e_comision_efe</codigo><valor>0</valor></datoAdicional><datoAdicional><codigo>e_comision_chq</codigo><valor>0</valor></datoAdicional><datoAdicional><codigo>e_autoriza</codigo><valor>N</valor></datoAdicional><datoAdicional><codigo>e_ubi</codigo><valor></valor></datoAdicional><datoAdicional><codigo>e_opcion</codigo><valor>P</valor></datoAdicional><datoAdicional><codigo>e_reverso</codigo><valor></valor></datoAdicional><datoAdicional><codigo>e_emp_nombre</codigo><valor></valor></datoAdicional><datoAdicional><codigo>e_ruc_cliente</codigo><valor></valor></datoAdicional><datoAdicional><codigo>e_cant_cheques</codigo><valor>0</valor></datoAdicional><datoAdicional><codigo>e_nombre_cta</codigo><valor></valor></datoAdicional><datoAdicional><codigo>e_cod_referencia</codigo><valor></valor></datoAdicional><datoAdicional><codigo>e_base_imponible</codigo><valor></valor></datoAdicional><datoAdicional><codigo>e_factura</codigo><valor></valor></datoAdicional><datoAdicional><codigo>e_cod_respuesta</codigo><valor></valor></datoAdicional><datoAdicional><codigo>e_cod_grupo</codigo><valor></valor></datoAdicional><datoAdicional><codigo>e_cod_grupo</codigo><valor></valor></datoAdicional><datoAdicional><codigo>e_nomb_tramite</codigo><valor></valor></datoAdicional><datoAdicional><codigo>e_pcodigo_operacion</codigo><valor></valor></datoAdicional><datoAdicional><codigo>e_pcodigo_secuencia</codigo><valor></valor></datoAdicional><datoAdicional><codigo>e_phoralocal</codigo><valor></valor></datoAdicional><datoAdicional><codigo>e_cod_consultora</codigo><valor></valor></datoAdicional><datoAdicional><codigo>vp_s_fecha_contable</codigo><valor>08/10/2022</valor></datoAdicional><datoAdicional><codigo>vp_s_ssn</codigo><valor>37651143</valor></datoAdicional><datoAdicional><codigo>vp_s_comision</codigo></datoAdicional><datoAdicional><codigo>vp_s_tasa</codigo></datoAdicional><datoAdicional><codigo>vp_s_base_imp</codigo></datoAdicional><datoAdicional><codigo>vp_s_impuesto</codigo></datoAdicional><datoAdicional><codigo>vp_s_empresa</codigo></datoAdicional><datoAdicional><codigo>vp_s_recaudacion</codigo></datoAdicional><datoAdicional><codigo>vp_s_referencia1</codigo></datoAdicional><datoAdicional><codigo>vp_s_referencia2</codigo></datoAdicional><datoAdicional><codigo>vp_s_referencia3</codigo></datoAdicional><datoAdicional><codigo>vp_s_fecha_contable</codigo><valor>08/10/2022</valor></datoAdicional><datoAdicional><codigo>vp_s_ssn</codigo><valor>37651143</valor></datoAdicional><datoAdicional><codigo>vp_s_comision</codigo></datoAdicional><datoAdicional><codigo>vp_s_tasa</codigo></datoAdicional><datoAdicional><codigo>vp_s_base_imp</codigo></datoAdicional><datoAdicional><codigo>vp_s_impuesto</codigo></datoAdicional><datoAdicional><codigo>vp_s_empresa</codigo></datoAdicional><datoAdicional><codigo>vp_s_recaudacion</codigo></datoAdicional><datoAdicional><codigo>vp_s_referencia1</codigo></datoAdicional><datoAdicional><codigo>vp_s_referencia2</codigo></datoAdicional><datoAdicional><codigo>vp_s_referencia3</codigo></datoAdicional><datoAdicional><codigo>rp_s_ssn</codigo><valor>37651143</valor></datoAdicional><datoAdicional><codigo>rp_s_horario</codigo><valor>N</valor></datoAdicional><datoAdicional><codigo>rp_s_tasa</codigo><valor>0.0</valor></datoAdicional><datoAdicional><codigo>rp_s_base_imp</codigo><valor>0.0</valor></datoAdicional><datoAdicional><codigo>rp_s_impuesto</codigo><valor>0.0</valor></datoAdicional><datoAdicional><codigo>rp_s_servicio_not</codigo><valor>PAGSB</valor></datoAdicional><datoAdicional><codigo>rp_s_nomb_ente</codigo><valor>NOMBRE: 1396206</valor></datoAdicional><datoAdicional><codigo>rp_s_cod_ente</codigo><valor>1396206</valor></datoAdicional><datoAdicional><codigo>rp_s_desccanal</codigo><valor>24ONLINE</valor></datoAdicional><datoAdicional><codigo>rp_s_celular</codigo><valor>0991863698</valor></datoAdicional><datoAdicional><codigo>rp_s_correo</codigo><valor>crodriguez@bolivariano.com</valor></datoAdicional><datoAdicional><codigo>rp_s_desc_empresa</codigo><valor>MOVISTAR</valor></datoAdicional><datoAdicional><codigo>rp_s_prod_deb</codigo><valor>CTE</valor></datoAdicional><datoAdicional><codigo>rp_s_valor</codigo><valor>10.00</valor></datoAdicional><datoAdicional><codigo>rp_s_fecha_deb</codigo><valor>08/10/2022</valor></datoAdicional><datoAdicional><codigo>rp_s_hora_deb</codigo><valor>10:27:33</valor></datoAdicional><datoAdicional><codigo>rp_s_valor_comi</codigo><valor>0.00</valor></datoAdicional><datoAdicional><codigo>rp_s_cta_lat</codigo><valor>292</valor></datoAdicional><datoAdicional><codigo>rp_s_tipo_serv</codigo><valor>COMPRA PAQUETE</valor></datoAdicional><datoAdicional><codigo>rp_s_fecha_contable</codigo><valor>08/10/2022</valor></datoAdicional><datoAdicional><codigo>e_corr</codigo><valor>S</valor></datoAdicional><datoAdicional><codigo>e_ssn_corr</codigo><valor>37651143</valor></datoAdicional><datoAdicional><codigo>e_opcion</codigo><valor>R</valor></datoAdicional><datoAdicional><codigo>e_reverso</codigo><valor>A</valor></datoAdicional><datoAdicional><codigo>e_tipo_proceso</codigo><valor>A</valor></datoAdicional><datoAdicional><codigo>e_noti_conf</codigo><valor>S</valor></datoAdicional><datoAdicional><codigo>e_tipo_ejecucion</codigo><valor>PB</valor></datoAdicional></datosAdicionales><identificador>0999999999</identificador></ns2:servicio><ns2:tipoCuenta>CTE</ns2:tipoCuenta><ns2:transaccion>2056</ns2:transaccion><ns2:usuario>ope998</ns2:usuario><ns2:valorComision>0.0</ns2:valorComision><ns2:valorPago>10.0</ns2:valorPago></ns2:entradaEjecutarReverso>]]></mensaje></mensajeEntradaGateway>
2022-08-10 10:27:53.559  INFO rec-reverso-39-hqf8v --- [pool-7-thread-1] c.b.m.r.m.MessageListener                : correlation ID: ID:414d512043535042524b5f514d20202005d0d962071f312a
2022-08-10 10:27:53.559  INFO rec-reverso-39-hqf8v --- [pool-7-thread-1] c.b.m.r.m.MessageListener                : MENSAJE ENVIADO--> <?xml version="1.0" encoding="UTF-8" standalone="yes"?><mensajeEntradaGateway xmlns="http://www.bolivariano.com/mensaje/MensajeOSB"><operacion>REVERSO</operacion><mensaje><![CDATA[<?xml version="1.0" encoding="UTF-8" standalone="yes"?><ns2:entradaEjecutarReverso xmlns:ns2="http://www.bolivariano.com/mensaje/MensajeOTC"><ns2:canal>IBK</ns2:canal><ns2:cuenta>5005070292</ns2:cuenta><ns2:fechaPago>2022-08-10T00:00:00</ns2:fechaPago><ns2:moneda>1</ns2:moneda><ns2:oficina>0</ns2:oficina><ns2:secuencial>37671813</ns2:secuencial><ns2:servicio><codTipoServicio>TELEFONIA_CELULAR</codTipoServicio><codigoConvenio>19574</codigoConvenio><codigoEmpresa>19574</codigoEmpresa><codigoTipoBanca>BP</codigoTipoBanca><codigoTipoIdentificador>CELULAR</codigoTipoIdentificador><datosAdicionales><datoAdicional><codigo>e_prov_req</codigo><valor>MS_REC_BROADNET_REQ</valor></datoAdicional><datoAdicional><codigo>e_prov_resp</codigo><valor>MS_REC_BROADNET_RESP</valor></datoAdicional><datoAdicional><codigo>e_tipo_proceso</codigo><valor>M</valor></datoAdicional><datoAdicional><codigo>e_tipo_ejecucion</codigo><valor>BP</valor></datoAdicional><datoAdicional><codigo>p_medio</codigo><valor>12</valor></datoAdicional><datoAdicional><codigo>p_terminal</codigo><valor>term24</valor></datoAdicional><datoAdicional><codigo>p_medio</codigo><valor>12</valor></datoAdicional><datoAdicional><codigo>p_branch_id</codigo><valor>1</valor></datoAdicional><datoAdicional><codigo>p_forma_pago</codigo><valor>1</valor></datoAdicional><datoAdicional><codigo>codAgencia</codigo><valor></valor></datoAdicional><datoAdicional><codigo>codLocalidad</codigo><valor></valor></datoAdicional><datoAdicional><codigo>category</codigo><valor>C</valor></datoAdicional><datoAdicional><codigo>documentType</codigo><valor>CELULAR</valor></datoAdicional><datoAdicional><codigo>documentID</codigo><valor>0999999999</valor></datoAdicional><datoAdicional><codigo>fullName</codigo><valor></valor></datoAdicional><datoAdicional><codigo>e_srv</codigo><valor>BOLIVSRV</valor></datoAdicional><datoAdicional><codigo>e_term</codigo><valor>term24</valor></datoAdicional><datoAdicional><codigo>e_rol</codigo><valor>5</valor></datoAdicional><datoAdicional><codigo>e_corr</codigo><valor>N</valor></datoAdicional><datoAdicional><codigo>e_ssn_corr</codigo><valor>0</valor></datoAdicional><datoAdicional><codigo>e_mon</codigo><valor>1</valor></datoAdicional><datoAdicional><codigo>e_servicio</codigo><valor></valor></datoAdicional><datoAdicional><codigo>e_identificacion</codigo><valor></valor></datoAdicional><datoAdicional><codigo>e_debito</codigo><valor>10.0</valor></datoAdicional><datoAdicional><codigo>e_comision_db</codigo><valor>0.0</valor></datoAdicional><datoAdicional><codigo>e_efectivo</codigo><valor>0</valor></datoAdicional><datoAdicional><codigo>e_cheque</codigo><valor>0</valor></datoAdicional><datoAdicional><codigo>e_tarjeta</codigo><valor>0</valor></datoAdicional><datoAdicional><codigo>e_comision_efe</codigo><valor>0</valor></datoAdicional><datoAdicional><codigo>e_comision_chq</codigo><valor>0</valor></datoAdicional><datoAdicional><codigo>e_autoriza</codigo><valor>N</valor></datoAdicional><datoAdicional><codigo>e_ubi</codigo><valor></valor></datoAdicional><datoAdicional><codigo>e_opcion</codigo><valor>P</valor></datoAdicional><datoAdicional><codigo>e_reverso</codigo><valor></valor></datoAdicional><datoAdicional><codigo>e_emp_nombre</codigo><valor></valor></datoAdicional><datoAdicional><codigo>e_ruc_cliente</codigo><valor></valor></datoAdicional><datoAdicional><codigo>e_cant_cheques</codigo><valor>0</valor></datoAdicional><datoAdicional><codigo>e_nombre_cta</codigo><valor></valor></datoAdicional><datoAdicional><codigo>e_cod_referencia</codigo><valor></valor></datoAdicional><datoAdicional><codigo>e_base_imponible</codigo><valor></valor></datoAdicional><datoAdicional><codigo>e_factura</codigo><valor></valor></datoAdicional><datoAdicional><codigo>e_cod_respuesta</codigo><valor></valor></datoAdicional><datoAdicional><codigo>e_cod_grupo</codigo><valor></valor></datoAdicional><datoAdicional><codigo>e_cod_grupo</codigo><valor></valor></datoAdicional><datoAdicional><codigo>e_nomb_tramite</codigo><valor></valor></datoAdicional><datoAdicional><codigo>e_pcodigo_operacion</codigo><valor></valor></datoAdicional><datoAdicional><codigo>e_pcodigo_secuencia</codigo><valor></valor></datoAdicional><datoAdicional><codigo>e_phoralocal</codigo><valor></valor></datoAdicional><datoAdicional><codigo>e_cod_consultora</codigo><valor></valor></datoAdicional><datoAdicional><codigo>vp_s_fecha_contable</codigo><valor>08/10/2022</valor></datoAdicional><datoAdicional><codigo>vp_s_ssn</codigo><valor>37651143</valor></datoAdicional><datoAdicional><codigo>vp_s_comision</codigo></datoAdicional><datoAdicional><codigo>vp_s_tasa</codigo></datoAdicional><datoAdicional><codigo>vp_s_base_imp</codigo></datoAdicional><datoAdicional><codigo>vp_s_impuesto</codigo></datoAdicional><datoAdicional><codigo>vp_s_empresa</codigo></datoAdicional><datoAdicional><codigo>vp_s_recaudacion</codigo></datoAdicional><datoAdicional><codigo>vp_s_referencia1</codigo></datoAdicional><datoAdicional><codigo>vp_s_referencia2</codigo></datoAdicional><datoAdicional><codigo>vp_s_referencia3</codigo></datoAdicional><datoAdicional><codigo>vp_s_fecha_contable</codigo><valor>08/10/2022</valor></datoAdicional><datoAdicional><codigo>vp_s_ssn</codigo><valor>37651143</valor></datoAdicional><datoAdicional><codigo>vp_s_comision</codigo></datoAdicional><datoAdicional><codigo>vp_s_tasa</codigo></datoAdicional><datoAdicional><codigo>vp_s_base_imp</codigo></datoAdicional><datoAdicional><codigo>vp_s_impuesto</codigo></datoAdicional><datoAdicional><codigo>vp_s_empresa</codigo></datoAdicional><datoAdicional><codigo>vp_s_recaudacion</codigo></datoAdicional><datoAdicional><codigo>vp_s_referencia1</codigo></datoAdicional><datoAdicional><codigo>vp_s_referencia2</codigo></datoAdicional><datoAdicional><codigo>vp_s_referencia3</codigo></datoAdicional><datoAdicional><codigo>rp_s_ssn</codigo><valor>37651143</valor></datoAdicional><datoAdicional><codigo>rp_s_horario</codigo><valor>N</valor></datoAdicional><datoAdicional><codigo>rp_s_tasa</codigo><valor>0.0</valor></datoAdicional><datoAdicional><codigo>rp_s_base_imp</codigo><valor>0.0</valor></datoAdicional><datoAdicional><codigo>rp_s_impuesto</codigo><valor>0.0</valor></datoAdicional><datoAdicional><codigo>rp_s_servicio_not</codigo><valor>PAGSB</valor></datoAdicional><datoAdicional><codigo>rp_s_nomb_ente</codigo><valor>NOMBRE: 1396206</valor></datoAdicional><datoAdicional><codigo>rp_s_cod_ente</codigo><valor>1396206</valor></datoAdicional><datoAdicional><codigo>rp_s_desccanal</codigo><valor>24ONLINE</valor></datoAdicional><datoAdicional><codigo>rp_s_celular</codigo><valor>0991863698</valor></datoAdicional><datoAdicional><codigo>rp_s_correo</codigo><valor>crodriguez@bolivariano.com</valor></datoAdicional><datoAdicional><codigo>rp_s_desc_empresa</codigo><valor>MOVISTAR</valor></datoAdicional><datoAdicional><codigo>rp_s_prod_deb</codigo><valor>CTE</valor></datoAdicional><datoAdicional><codigo>rp_s_valor</codigo><valor>10.00</valor></datoAdicional><datoAdicional><codigo>rp_s_fecha_deb</codigo><valor>08/10/2022</valor></datoAdicional><datoAdicional><codigo>rp_s_hora_deb</codigo><valor>10:27:33</valor></datoAdicional><datoAdicional><codigo>rp_s_valor_comi</codigo><valor>0.00</valor></datoAdicional><datoAdicional><codigo>rp_s_cta_lat</codigo><valor>292</valor></datoAdicional><datoAdicional><codigo>rp_s_tipo_serv</codigo><valor>COMPRA PAQUETE</valor></datoAdicional><datoAdicional><codigo>rp_s_fecha_contable</codigo><valor>08/10/2022</valor></datoAdicional><datoAdicional><codigo>e_corr</codigo><valor>S</valor></datoAdicional><datoAdicional><codigo>e_ssn_corr</codigo><valor>37651143</valor></datoAdicional><datoAdicional><codigo>e_opcion</codigo><valor>R</valor></datoAdicional><datoAdicional><codigo>e_reverso</codigo><valor>A</valor></datoAdicional><datoAdicional><codigo>e_tipo_proceso</codigo><valor>A</valor></datoAdicional><datoAdicional><codigo>e_noti_conf</codigo><valor>S</valor></datoAdicional><datoAdicional><codigo>e_tipo_ejecucion</codigo><valor>PB</valor></datoAdicional></datosAdicionales><identificador>0999999999</identificador></ns2:servicio><ns2:tipoCuenta>CTE</ns2:tipoCuenta><ns2:transaccion>2056</ns2:transaccion><ns2:usuario>ope998</ns2:usuario><ns2:valorComision>0.0</ns2:valorComision><ns2:valorPago>10.0</ns2:valorPago></ns2:entradaEjecutarReverso>]]></mensaje></mensajeEntradaGateway>
2022-08-10 10:27:53.564  INFO rec-reverso-39-hqf8v --- [pool-7-thread-1] c.b.m.r.m.MessageListener                : FINALIZA PROCESO DE RECEPCION 
2022-08-10 10:27:53.657  INFO rec-reverso-39-hqf8v --- [vert.x-eventloo] c.b.m.r.s.ReverseService                 : mensaje MensajeEntradaConsultarDeuda XML --> <?xml version="1.0" encoding="UTF-8" standalone="yes"?><ns2:entradaEjecutarReverso xmlns:ns2="http://www.bolivariano.com/mensaje/MensajeOTC"><ns2:canal>IBK</ns2:canal><ns2:cuenta>5005070292</ns2:cuenta><ns2:fechaPago>2022-08-10T00:00:00</ns2:fechaPago><ns2:moneda>1</ns2:moneda><ns2:oficina>0</ns2:oficina><ns2:secuencial>37671813</ns2:secuencial><ns2:servicio><codTipoServicio>TELEFONIA_CELULAR</codTipoServicio><codigoConvenio>19574</codigoConvenio><codigoEmpresa>19574</codigoEmpresa><codigoTipoBanca>BP</codigoTipoBanca><codigoTipoIdentificador>CELULAR</codigoTipoIdentificador><datosAdicionales><datoAdicional><codigo>e_prov_req</codigo><valor>MS_REC_BROADNET_REQ</valor></datoAdicional><datoAdicional><codigo>e_prov_resp</codigo><valor>MS_REC_BROADNET_RESP</valor></datoAdicional><datoAdicional><codigo>e_tipo_proceso</codigo><valor>M</valor></datoAdicional><datoAdicional><codigo>e_tipo_ejecucion</codigo><valor>BP</valor></datoAdicional><datoAdicional><codigo>p_medio</codigo><valor>12</valor></datoAdicional><datoAdicional><codigo>p_terminal</codigo><valor>term24</valor></datoAdicional><datoAdicional><codigo>p_medio</codigo><valor>12</valor></datoAdicional><datoAdicional><codigo>p_branch_id</codigo><valor>1</valor></datoAdicional><datoAdicional><codigo>p_forma_pago</codigo><valor>1</valor></datoAdicional><datoAdicional><codigo>codAgencia</codigo><valor></valor></datoAdicional><datoAdicional><codigo>codLocalidad</codigo><valor></valor></datoAdicional><datoAdicional><codigo>category</codigo><valor>C</valor></datoAdicional><datoAdicional><codigo>documentType</codigo><valor>CELULAR</valor></datoAdicional><datoAdicional><codigo>documentID</codigo><valor>0999999999</valor></datoAdicional><datoAdicional><codigo>fullName</codigo><valor></valor></datoAdicional><datoAdicional><codigo>e_srv</codigo><valor>BOLIVSRV</valor></datoAdicional><datoAdicional><codigo>e_term</codigo><valor>term24</valor></datoAdicional><datoAdicional><codigo>e_rol</codigo><valor>5</valor></datoAdicional><datoAdicional><codigo>e_corr</codigo><valor>N</valor></datoAdicional><datoAdicional><codigo>e_ssn_corr</codigo><valor>0</valor></datoAdicional><datoAdicional><codigo>e_mon</codigo><valor>1</valor></datoAdicional><datoAdicional><codigo>e_servicio</codigo><valor></valor></datoAdicional><datoAdicional><codigo>e_identificacion</codigo><valor></valor></datoAdicional><datoAdicional><codigo>e_debito</codigo><valor>10.0</valor></datoAdicional><datoAdicional><codigo>e_comision_db</codigo><valor>0.0</valor></datoAdicional><datoAdicional><codigo>e_efectivo</codigo><valor>0</valor></datoAdicional><datoAdicional><codigo>e_cheque</codigo><valor>0</valor></datoAdicional><datoAdicional><codigo>e_tarjeta</codigo><valor>0</valor></datoAdicional><datoAdicional><codigo>e_comision_efe</codigo><valor>0</valor></datoAdicional><datoAdicional><codigo>e_comision_chq</codigo><valor>0</valor></datoAdicional><datoAdicional><codigo>e_autoriza</codigo><valor>N</valor></datoAdicional><datoAdicional><codigo>e_ubi</codigo><valor></valor></datoAdicional><datoAdicional><codigo>e_opcion</codigo><valor>P</valor></datoAdicional><datoAdicional><codigo>e_reverso</codigo><valor></valor></datoAdicional><datoAdicional><codigo>e_emp_nombre</codigo><valor></valor></datoAdicional><datoAdicional><codigo>e_ruc_cliente</codigo><valor></valor></datoAdicional><datoAdicional><codigo>e_cant_cheques</codigo><valor>0</valor></datoAdicional><datoAdicional><codigo>e_nombre_cta</codigo><valor></valor></datoAdicional><datoAdicional><codigo>e_cod_referencia</codigo><valor></valor></datoAdicional><datoAdicional><codigo>e_base_imponible</codigo><valor></valor></datoAdicional><datoAdicional><codigo>e_factura</codigo><valor></valor></datoAdicional><datoAdicional><codigo>e_cod_respuesta</codigo><valor></valor></datoAdicional><datoAdicional><codigo>e_cod_grupo</codigo><valor></valor></datoAdicional><datoAdicional><codigo>e_cod_grupo</codigo><valor></valor></datoAdicional><datoAdicional><codigo>e_nomb_tramite</codigo><valor></valor></datoAdicional><datoAdicional><codigo>e_pcodigo_operacion</codigo><valor></valor></datoAdicional><datoAdicional><codigo>e_pcodigo_secuencia</codigo><valor></valor></datoAdicional><datoAdicional><codigo>e_phoralocal</codigo><valor></valor></datoAdicional><datoAdicional><codigo>e_cod_consultora</codigo><valor></valor></datoAdicional><datoAdicional><codigo>vp_s_fecha_contable</codigo><valor>08/10/2022</valor></datoAdicional><datoAdicional><codigo>vp_s_ssn</codigo><valor>37651143</valor></datoAdicional><datoAdicional><codigo>vp_s_comision</codigo></datoAdicional><datoAdicional><codigo>vp_s_tasa</codigo></datoAdicional><datoAdicional><codigo>vp_s_base_imp</codigo></datoAdicional><datoAdicional><codigo>vp_s_impuesto</codigo></datoAdicional><datoAdicional><codigo>vp_s_empresa</codigo></datoAdicional><datoAdicional><codigo>vp_s_recaudacion</codigo></datoAdicional><datoAdicional><codigo>vp_s_referencia1</codigo></datoAdicional><datoAdicional><codigo>vp_s_referencia2</codigo></datoAdicional><datoAdicional><codigo>vp_s_referencia3</codigo></datoAdicional><datoAdicional><codigo>vp_s_fecha_contable</codigo><valor>08/10/2022</valor></datoAdicional><datoAdicional><codigo>vp_s_ssn</codigo><valor>37651143</valor></datoAdicional><datoAdicional><codigo>vp_s_comision</codigo></datoAdicional><datoAdicional><codigo>vp_s_tasa</codigo></datoAdicional><datoAdicional><codigo>vp_s_base_imp</codigo></datoAdicional><datoAdicional><codigo>vp_s_impuesto</codigo></datoAdicional><datoAdicional><codigo>vp_s_empresa</codigo></datoAdicional><datoAdicional><codigo>vp_s_recaudacion</codigo></datoAdicional><datoAdicional><codigo>vp_s_referencia1</codigo></datoAdicional><datoAdicional><codigo>vp_s_referencia2</codigo></datoAdicional><datoAdicional><codigo>vp_s_referencia3</codigo></datoAdicional><datoAdicional><codigo>rp_s_ssn</codigo><valor>37651143</valor></datoAdicional><datoAdicional><codigo>rp_s_horario</codigo><valor>N</valor></datoAdicional><datoAdicional><codigo>rp_s_tasa</codigo><valor>0.0</valor></datoAdicional><datoAdicional><codigo>rp_s_base_imp</codigo><valor>0.0</valor></datoAdicional><datoAdicional><codigo>rp_s_impuesto</codigo><valor>0.0</valor></datoAdicional><datoAdicional><codigo>rp_s_servicio_not</codigo><valor>PAGSB</valor></datoAdicional><datoAdicional><codigo>rp_s_nomb_ente</codigo><valor>NOMBRE: 1396206</valor></datoAdicional><datoAdicional><codigo>rp_s_cod_ente</codigo><valor>1396206</valor></datoAdicional><datoAdicional><codigo>rp_s_desccanal</codigo><valor>24ONLINE</valor></datoAdicional><datoAdicional><codigo>rp_s_celular</codigo><valor>0991863698</valor></datoAdicional><datoAdicional><codigo>rp_s_correo</codigo><valor>crodriguez@bolivariano.com</valor></datoAdicional><datoAdicional><codigo>rp_s_desc_empresa</codigo><valor>MOVISTAR</valor></datoAdicional><datoAdicional><codigo>rp_s_prod_deb</codigo><valor>CTE</valor></datoAdicional><datoAdicional><codigo>rp_s_valor</codigo><valor>10.00</valor></datoAdicional><datoAdicional><codigo>rp_s_fecha_deb</codigo><valor>08/10/2022</valor></datoAdicional><datoAdicional><codigo>rp_s_hora_deb</codigo><valor>10:27:33</valor></datoAdicional><datoAdicional><codigo>rp_s_valor_comi</codigo><valor>0.00</valor></datoAdicional><datoAdicional><codigo>rp_s_cta_lat</codigo><valor>292</valor></datoAdicional><datoAdicional><codigo>rp_s_tipo_serv</codigo><valor>COMPRA PAQUETE</valor></datoAdicional><datoAdicional><codigo>rp_s_fecha_contable</codigo><valor>08/10/2022</valor></datoAdicional><datoAdicional><codigo>e_corr</codigo><valor>S</valor></datoAdicional><datoAdicional><codigo>e_ssn_corr</codigo><valor>37651143</valor></datoAdicional><datoAdicional><codigo>e_opcion</codigo><valor>R</valor></datoAdicional><datoAdicional><codigo>e_reverso</codigo><valor>A</valor></datoAdicional><datoAdicional><codigo>e_tipo_proceso</codigo><valor>A</valor></datoAdicional><datoAdicional><codigo>e_noti_conf</codigo><valor>S</valor></datoAdicional><datoAdicional><codigo>e_tipo_ejecucion</codigo><valor>PB</valor></datoAdicional></datosAdicionales><identificador>0999999999</identificador></ns2:servicio><ns2:tipoCuenta>CTE</ns2:tipoCuenta><ns2:transaccion>2056</ns2:transaccion><ns2:usuario>ope998</ns2:usuario><ns2:valorComision>0.0</ns2:valorComision><ns2:valorPago>10.0</ns2:valorPago></ns2:entradaEjecutarReverso>
2022-08-10 10:27:53.661  INFO rec-reverso-39-hqf8v --- [vert.x-eventloo] c.b.m.r.u.GeneralUtils                   : TIENE DATO ADICIONAL: e_tipo_proceso --> com.bolivariano.microservice.recreverso.domain.datoadicional.DatoAdicional@77fbcfdf
2022-08-10 10:27:53.666  INFO rec-reverso-39-hqf8v --- [vert.x-eventloo] c.b.m.r.u.GeneralUtils                   : TIENE DATO ADICIONAL: e_tipo_ejecucion --> com.bolivariano.microservice.recreverso.domain.datoadicional.DatoAdicional@3a1ae4ab
2022-08-10 10:27:53.667  INFO rec-reverso-39-hqf8v --- [vert.x-eventloo] c.b.m.r.s.ReverseService                 : TIPO PROCESO:A
2022-08-10 10:27:53.668  INFO rec-reverso-39-hqf8v --- [vert.x-eventloo] c.b.m.r.s.ReverseService                 : TIPO EJECUCION:PB
2022-08-10 10:27:53.668  INFO rec-reverso-39-hqf8v --- [vert.x-eventloo] c.b.m.r.s.ReverseService                 : Inicio de Ejecucion ... 
2022-08-10 10:27:53.670  INFO rec-reverso-39-hqf8v --- [vert.x-eventloo] c.b.m.r.s.ProcessService                 : Inicio validador Proveedor Banco
2022-08-10 10:27:53.671  INFO rec-reverso-39-hqf8v --- [vert.x-eventloo] c.b.m.r.u.GeneralUtils                   : TIENE DATO ADICIONAL: e_noti_conf --> com.bolivariano.microservice.recreverso.domain.datoadicional.DatoAdicional@7e74efb0
2022-08-10 10:27:53.672  INFO rec-reverso-39-hqf8v --- [vert.x-eventloo] c.b.m.r.s.CheckCoreService               : EJECUTA VALIDACIONES PREVIAS
2022-08-10 10:27:53.738  INFO rec-reverso-39-hqf8v --- [vert.x-eventloo] c.b.m.r.u.GeneralUtils                   : TIENE DATO ADICIONAL: e_srv --> com.bolivariano.microservice.recreverso.domain.datoadicional.DatoAdicional@355f9238
2022-08-10 10:27:53.739  INFO rec-reverso-39-hqf8v --- [vert.x-eventloo] c.b.m.r.u.GeneralUtils                   : TIENE DATO ADICIONAL: e_term --> com.bolivariano.microservice.recreverso.domain.datoadicional.DatoAdicional@6ad05a47
2022-08-10 10:27:53.740  INFO rec-reverso-39-hqf8v --- [vert.x-eventloo] c.b.m.r.u.GeneralUtils                   : TIENE DATO ADICIONAL: s_rol --> null
2022-08-10 10:27:53.740  INFO rec-reverso-39-hqf8v --- [vert.x-eventloo] c.b.m.r.u.GeneralUtils                   : TIENE DATO ADICIONAL: e_ssn_corr --> com.bolivariano.microservice.recreverso.domain.datoadicional.DatoAdicional@5700eb97
2022-08-10 10:27:53.742  INFO rec-reverso-39-hqf8v --- [vert.x-eventloo] c.b.m.r.u.GeneralUtils                   : TIENE DATO ADICIONAL: e_servicio --> null
2022-08-10 10:27:53.742  INFO rec-reverso-39-hqf8v --- [vert.x-eventloo] c.b.m.r.u.GeneralUtils                   : TIENE DATO ADICIONAL: e_identificacion --> null
2022-08-10 10:27:53.743  INFO rec-reverso-39-hqf8v --- [vert.x-eventloo] c.b.m.r.u.GeneralUtils                   : TIENE DATO ADICIONAL: e_efectivo --> null
2022-08-10 10:27:53.744  INFO rec-reverso-39-hqf8v --- [vert.x-eventloo] c.b.m.r.u.GeneralUtils                   : TIENE DATO ADICIONAL: e_cheque --> null
2022-08-10 10:27:53.745  INFO rec-reverso-39-hqf8v --- [vert.x-eventloo] c.b.m.r.u.GeneralUtils                   : TIENE DATO ADICIONAL: e_debito --> com.bolivariano.microservice.recreverso.domain.datoadicional.DatoAdicional@1624a41a
2022-08-10 10:27:53.746  INFO rec-reverso-39-hqf8v --- [vert.x-eventloo] c.b.m.r.u.GeneralUtils                   : TIENE DATO ADICIONAL: e_tarjeta --> null
2022-08-10 10:27:53.746  INFO rec-reverso-39-hqf8v --- [vert.x-eventloo] c.b.m.r.u.GeneralUtils                   : TIENE DATO ADICIONAL: e_comision_efe --> null
2022-08-10 10:27:53.747  INFO rec-reverso-39-hqf8v --- [vert.x-eventloo] c.b.m.r.u.GeneralUtils                   : TIENE DATO ADICIONAL: e_comision_chq --> null
2022-08-10 10:27:53.748  INFO rec-reverso-39-hqf8v --- [vert.x-eventloo] c.b.m.r.u.GeneralUtils                   : TIENE DATO ADICIONAL: e_comision_db --> com.bolivariano.microservice.recreverso.domain.datoadicional.DatoAdicional@5fa33ab4
2022-08-10 10:27:53.748  INFO rec-reverso-39-hqf8v --- [vert.x-eventloo] c.b.m.r.u.GeneralUtils                   : TIENE DATO ADICIONAL: e_total --> null
2022-08-10 10:27:53.749  INFO rec-reverso-39-hqf8v --- [vert.x-eventloo] c.b.m.r.u.GeneralUtils                   : TIENE DATO ADICIONAL: e_tipo_cta --> null
2022-08-10 10:27:53.750  INFO rec-reverso-39-hqf8v --- [vert.x-eventloo] c.b.m.r.u.GeneralUtils                   : TIENE DATO ADICIONAL: e_cuenta --> null
2022-08-10 10:27:53.750  INFO rec-reverso-39-hqf8v --- [vert.x-eventloo] c.b.m.r.u.GeneralUtils                   : TIENE DATO ADICIONAL: e_autoriza --> com.bolivariano.microservice.recreverso.domain.datoadicional.DatoAdicional@37495165
2022-08-10 10:27:53.751  INFO rec-reverso-39-hqf8v --- [vert.x-eventloo] c.b.m.r.u.GeneralUtils                   : TIENE DATO ADICIONAL: e_ubi --> null
2022-08-10 10:27:53.752  INFO rec-reverso-39-hqf8v --- [vert.x-eventloo] c.b.m.r.u.GeneralUtils                   : TIENE DATO ADICIONAL: e_opcion --> com.bolivariano.microservice.recreverso.domain.datoadicional.DatoAdicional@67454848
2022-08-10 10:27:53.752  INFO rec-reverso-39-hqf8v --- [vert.x-eventloo] c.b.m.r.u.GeneralUtils                   : TIENE DATO ADICIONAL: e_reverso --> com.bolivariano.microservice.recreverso.domain.datoadicional.DatoAdicional@547224ce
2022-08-10 10:27:53.753  INFO rec-reverso-39-hqf8v --- [vert.x-eventloo] c.b.m.r.u.GeneralUtils                   : TIENE DATO ADICIONAL: e_emp_nombre --> null
2022-08-10 10:27:53.855  INFO rec-reverso-39-hqf8v --- [vert.x-eventloo] c.b.m.r.s.CheckCoreService               : Parametro Retorno: 0
2022-08-10 10:27:53.890  INFO rec-reverso-39-hqf8v --- [vert.x-eventloo] c.b.m.r.s.CheckCoreService               : MENSAJE RECIBIDO >>>> MensajeSalidaEjecutarPago{banderaOffline=null, codigoError='0', datosAdicionales=com.bolivariano.microservice.recreverso.domain.mensajeotc.MensajeSalidaEjecutarPago$DatosAdicionales@624bee71, fechaDebito=null, fechaPago=null, mensajeUsuario='OK', mensajeSistema='null', montoTotal=0.0, referencia='null'}
2022-08-10 10:27:53.938  INFO rec-reverso-39-hqf8v --- [vert.x-eventloo] c.b.m.r.s.CheckCoreService               : Validacion Previa Pagos>>>>>> {"banderaOffline":null,"codigoError":"0","datosAdicionales":{"datoAdicional":[{"codigo":"vp_s_fecha_contable","etiqueta":null,"editable":null,"formato":null,"listasSeleccion":null,"longitud":null,"mascara":null,"regexp":null,"tipo":null,"valor":"08/10/2022","visible":null},{"codigo":"vp_s_ssn","etiqueta":null,"editable":null,"formato":null,"listasSeleccion":null,"longitud":null,"mascara":null,"regexp":null,"tipo":null,"valor":"37671813","visible":null},{"codigo":"vp_s_comision","etiqueta":null,"editable":null,"formato":null,"listasSeleccion":null,"longitud":null,"mascara":null,"regexp":null,"tipo":null,"valor":"","visible":null},{"codigo":"vp_s_tasa","etiqueta":null,"editable":null,"formato":null,"listasSeleccion":null,"longitud":null,"mascara":null,"regexp":null,"tipo":null,"valor":"","visible":null},{"codigo":"vp_s_base_imp","etiqueta":null,"editable":null,"formato":null,"listasSeleccion":null,"longitud":null,"mascara":null,"regexp":null,"tipo":null,"valor":"","visible":null},{"codigo":"vp_s_impuesto","etiqueta":null,"editable":null,"formato":null,"listasSeleccion":null,"longitud":null,"mascara":null,"regexp":null,"tipo":null,"valor":"","visible":null},{"codigo":"vp_s_empresa","etiqueta":null,"editable":null,"formato":null,"listasSeleccion":null,"longitud":null,"mascara":null,"regexp":null,"tipo":null,"valor":"","visible":null},{"codigo":"vp_s_recaudacion","etiqueta":null,"editable":null,"formato":null,"listasSeleccion":null,"longitud":null,"mascara":null,"regexp":null,"tipo":null,"valor":"","visible":null},{"codigo":"vp_s_referencia1","etiqueta":null,"editable":null,"formato":null,"listasSeleccion":null,"longitud":null,"mascara":null,"regexp":null,"tipo":null,"valor":"","visible":null},{"codigo":"vp_s_referencia2","etiqueta":null,"editable":null,"formato":null,"listasSeleccion":null,"longitud":null,"mascara":null,"regexp":null,"tipo":null,"valor":"","visible":null},{"codigo":"vp_s_referencia3","etiqueta":null,"editable":null,"formato":null,"listasSeleccion":null,"longitud":null,"mascara":null,"regexp":null,"tipo":null,"valor":"","visible":null}]},"fechaDebito":null,"fechaPago":null,"mensajeUsuario":"OK","mensajeSistema":null,"montoTotal":0.0,"referencia":null}
2022-08-10 10:27:53.939  INFO rec-reverso-39-hqf8v --- [vert.x-eventloo] c.b.m.r.s.CheckCoreService               : CIERRA CONEXION!
2022-08-10 10:27:53.939  INFO rec-reverso-39-hqf8v --- [vert.x-eventloo] c.b.m.r.s.ProcessService                 : EJECUTA PROVEEDOR
2022-08-10 10:27:53.940  INFO rec-reverso-39-hqf8v --- [vert.x-eventloo] c.b.m.r.s.ProcessService                 : INICIO EJECUTA PROVEEDOR ...
2022-08-10 10:27:53.941  INFO rec-reverso-39-hqf8v --- [vert.x-eventloo] c.b.m.r.s.ProcessService                 : OBTENER DATOS ADICIONALES
2022-08-10 10:27:53.941  INFO rec-reverso-39-hqf8v --- [vert.x-eventloo] c.b.m.r.u.GeneralUtils                   : TIENE DATO ADICIONAL: e_prov_req --> com.bolivariano.microservice.recreverso.domain.datoadicional.DatoAdicional@6d889b91
2022-08-10 10:27:53.942  INFO rec-reverso-39-hqf8v --- [vert.x-eventloo] c.b.m.r.u.GeneralUtils                   : TIENE DATO ADICIONAL: e_prov_resp --> com.bolivariano.microservice.recreverso.domain.datoadicional.DatoAdicional@58d8d426
2022-08-10 10:27:53.943  INFO rec-reverso-39-hqf8v --- [vert.x-eventloo] c.b.m.r.s.ProcessService                 : ENVIA A: MS_REC_BROADNET_REQ
2022-08-10 10:27:53.943  INFO rec-reverso-39-hqf8v --- [vert.x-eventloo] c.b.m.r.s.ProcessService                 : ESPERA RESPUESTA DE: MS_REC_BROADNET_RESP
2022-08-10 10:27:53.943  INFO rec-reverso-39-hqf8v --- [vert.x-eventloo] c.b.m.r.s.ProcessService                 : ENVIA MENSAJE A PROVEEDOR
2022-08-10 10:27:53.966  INFO rec-reverso-39-hqf8v --- [vert.x-eventloo] c.b.m.r.m.MessageSender                  : COLA MQ  SENDER --> MS_REC_BROADNET_REQ
2022-08-10 10:27:53.967  INFO rec-reverso-39-hqf8v --- [vert.x-eventloo] c.b.m.r.m.MessageSender                  : MENSAJE--> {"tipoFlujo":"REVERSO","mensajeEntradaEjecutarReverso":{"canal":"IBK","cuenta":"5005070292","datosAdicionales":null,"depuracion":null,"esquemaFirma":null,"fechaPago":"2022-08-10","moneda":"1","nombreCliente":null,"oficina":"0","recibos":null,"secuencial":"37671813","servicio":{"codTipoServicio":"TELEFONIA_CELULAR","codigoConvenio":"19574","codigoEmpresa":"19574","codigoTipoBanca":"BP","codigoTipoIdentificador":"CELULAR","datosAdicionales":{"datoAdicional":[{"codigo":"e_prov_req","etiqueta":null,"editable":null,"formato":null,"listasSeleccion":null,"longitud":null,"mascara":null,"regexp":null,"tipo":null,"valor":"MS_REC_BROADNET_REQ","visible":null},{"codigo":"e_prov_resp","etiqueta":null,"editable":null,"formato":null,"listasSeleccion":null,"longitud":null,"mascara":null,"regexp":null,"tipo":null,"valor":"MS_REC_BROADNET_RESP","visible":null},{"codigo":"e_tipo_proceso","etiqueta":null,"editable":null,"formato":null,"listasSeleccion":null,"longitud":null,"mascara":null,"regexp":null,"tipo":null,"valor":"M","visible":null},{"codigo":"e_tipo_ejecucion","etiqueta":null,"editable":null,"formato":null,"listasSeleccion":null,"longitud":null,"mascara":null,"regexp":null,"tipo":null,"valor":"BP","visible":null},{"codigo":"p_medio","etiqueta":null,"editable":null,"formato":null,"listasSeleccion":null,"longitud":null,"mascara":null,"regexp":null,"tipo":null,"valor":"12","visible":null},{"codigo":"p_terminal","etiqueta":null,"editable":null,"formato":null,"listasSeleccion":null,"longitud":null,"mascara":null,"regexp":null,"tipo":null,"valor":"term24","visible":null},{"codigo":"p_medio","etiqueta":null,"editable":null,"formato":null,"listasSeleccion":null,"longitud":null,"mascara":null,"regexp":null,"tipo":null,"valor":"12","visible":null},{"codigo":"p_branch_id","etiqueta":null,"editable":null,"formato":null,"listasSeleccion":null,"longitud":null,"mascara":null,"regexp":null,"tipo":null,"valor":"1","visible":null},{"codigo":"p_forma_pago","etiqueta":null,"editable":null,"formato":null,"listasSeleccion":null,"longitud":null,"mascara":null,"regexp":null,"tipo":null,"valor":"1","visible":null},{"codigo":"codAgencia","etiqueta":null,"editable":null,"formato":null,"listasSeleccion":null,"longitud":null,"mascara":null,"regexp":null,"tipo":null,"valor":"","visible":null},{"codigo":"codLocalidad","etiqueta":null,"editable":null,"formato":null,"listasSeleccion":null,"longitud":null,"mascara":null,"regexp":null,"tipo":null,"valor":"","visible":null},{"codigo":"category","etiqueta":null,"editable":null,"formato":null,"listasSeleccion":null,"longitud":null,"mascara":null,"regexp":null,"tipo":null,"valor":"C","visible":null},{"codigo":"documentType","etiqueta":null,"editable":null,"formato":null,"listasSeleccion":null,"longitud":null,"mascara":null,"regexp":null,"tipo":null,"valor":"CELULAR","visible":null},{"codigo":"documentID","etiqueta":null,"editable":null,"formato":null,"listasSeleccion":null,"longitud":null,"mascara":null,"regexp":null,"tipo":null,"valor":"0999999999","visible":null},{"codigo":"fullName","etiqueta":null,"editable":null,"formato":null,"listasSeleccion":null,"longitud":null,"mascara":null,"regexp":null,"tipo":null,"valor":"","visible":null},{"codigo":"e_srv","etiqueta":null,"editable":null,"formato":null,"listasSeleccion":null,"longitud":null,"mascara":null,"regexp":null,"tipo":null,"valor":"BOLIVSRV","visible":null},{"codigo":"e_term","etiqueta":null,"editable":null,"formato":null,"listasSeleccion":null,"longitud":null,"mascara":null,"regexp":null,"tipo":null,"valor":"term24","visible":null},{"codigo":"e_rol","etiqueta":null,"editable":null,"formato":null,"listasSeleccion":null,"longitud":null,"mascara":null,"regexp":null,"tipo":null,"valor":"5","visible":null},{"codigo":"e_corr","etiqueta":null,"editable":null,"formato":null,"listasSeleccion":null,"longitud":null,"mascara":null,"regexp":null,"tipo":null,"valor":"N","visible":null},{"codigo":"e_ssn_corr","etiqueta":null,"editable":null,"formato":null,"listasSeleccion":null,"longitud":null,"mascara":null,"regexp":null,"tipo":null,"valor":"0","visible":null},{"codigo":"e_mon","etiqueta":null,"editable":null,"formato":null,"listasSeleccion":null,"longitud":null,"mascara":null,"regexp":null,"tipo":null,"valor":"1","visible":null},{"codigo":"e_servicio","etiqueta":null,"editable":null,"formato":null,"listasSeleccion":null,"longitud":null,"mascara":null,"regexp":null,"tipo":null,"valor":"","visible":null},{"codigo":"e_identificacion","etiqueta":null,"editable":null,"formato":null,"listasSeleccion":null,"longitud":null,"mascara":null,"regexp":null,"tipo":null,"valor":"","visible":null},{"codigo":"e_debito","etiqueta":null,"editable":null,"formato":null,"listasSeleccion":null,"longitud":null,"mascara":null,"regexp":null,"tipo":null,"valor":"10.0","visible":null},{"codigo":"e_comision_db","etiqueta":null,"editable":null,"formato":null,"listasSeleccion":null,"longitud":null,"mascara":null,"regexp":null,"tipo":null,"valor":"0.0","visible":null},{"codigo":"e_efectivo","etiqueta":null,"editable":null,"formato":null,"listasSeleccion":null,"longitud":null,"mascara":null,"regexp":null,"tipo":null,"valor":"0","visible":null},{"codigo":"e_cheque","etiqueta":null,"editable":null,"formato":null,"listasSeleccion":null,"longitud":null,"mascara":null,"regexp":null,"tipo":null,"valor":"0","visible":null},{"codigo":"e_tarjeta","etiqueta":null,"editable":null,"formato":null,"listasSeleccion":null,"longitud":null,"mascara":null,"regexp":null,"tipo":null,"valor":"0","visible":null},{"codigo":"e_comision_efe","etiqueta":null,"editable":null,"formato":null,"listasSeleccion":null,"longitud":null,"mascara":null,"regexp":null,"tipo":null,"valor":"0","visible":null},{"codigo":"e_comision_chq","etiqueta":null,"editable":null,"formato":null,"listasSeleccion":null,"longitud":null,"mascara":null,"regexp":null,"tipo":null,"valor":"0","visible":null},{"codigo":"e_autoriza","etiqueta":null,"editable":null,"formato":null,"listasSeleccion":null,"longitud":null,"mascara":null,"regexp":null,"tipo":null,"valor":"N","visible":null},{"codigo":"e_ubi","etiqueta":null,"editable":null,"formato":null,"listasSeleccion":null,"longitud":null,"mascara":null,"regexp":null,"tipo":null,"valor":"","visible":null},{"codigo":"e_opcion","etiqueta":null,"editable":null,"formato":null,"listasSeleccion":null,"longitud":null,"mascara":null,"regexp":null,"tipo":null,"valor":"P","visible":null},{"codigo":"e_reverso","etiqueta":null,"editable":null,"formato":null,"listasSeleccion":null,"longitud":null,"mascara":null,"regexp":null,"tipo":null,"valor":"","visible":null},{"codigo":"e_emp_nombre","etiqueta":null,"editable":null,"formato":null,"listasSeleccion":null,"longitud":null,"mascara":null,"regexp":null,"tipo":null,"valor":"","visible":null},{"codigo":"e_ruc_cliente","etiqueta":null,"editable":null,"formato":null,"listasSeleccion":null,"longitud":null,"mascara":null,"regexp":null,"tipo":null,"valor":"","visible":null},{"codigo":"e_cant_cheques","etiqueta":null,"editable":null,"formato":null,"listasSeleccion":null,"longitud":null,"mascara":null,"regexp":null,"tipo":null,"valor":"0","visible":null},{"codigo":"e_nombre_cta","etiqueta":null,"editable":null,"formato":null,"listasSeleccion":null,"longitud":null,"mascara":null,"regexp":null,"tipo":null,"valor":"","visible":null},{"codigo":"e_cod_referencia","etiqueta":null,"editable":null,"formato":null,"listasSeleccion":null,"longitud":null,"mascara":null,"regexp":null,"tipo":null,"valor":"","visible":null},{"codigo":"e_base_imponible","etiqueta":null,"editable":null,"formato":null,"listasSeleccion":null,"longitud":null,"mascara":null,"regexp":null,"tipo":null,"valor":"","visible":null},{"codigo":"e_factura","etiqueta":null,"editable":null,"formato":null,"listasSeleccion":null,"longitud":null,"mascara":null,"regexp":null,"tipo":null,"valor":"","visible":null},{"codigo":"e_cod_respuesta","etiqueta":null,"editable":null,"formato":null,"listasSeleccion":null,"longitud":null,"mascara":null,"regexp":null,"tipo":null,"valor":"","visible":null},{"codigo":"e_cod_grupo","etiqueta":null,"editable":null,"formato":null,"listasSeleccion":null,"longitud":null,"mascara":null,"regexp":null,"tipo":null,"valor":"","visible":null},{"codigo":"e_cod_grupo","etiqueta":null,"editable":null,"formato":null,"listasSeleccion":null,"longitud":null,"mascara":null,"regexp":null,"tipo":null,"valor":"","visible":null},{"codigo":"e_nomb_tramite","etiqueta":null,"editable":null,"formato":null,"listasSeleccion":null,"longitud":null,"mascara":null,"regexp":null,"tipo":null,"valor":"","visible":null},{"codigo":"e_pcodigo_operacion","etiqueta":null,"editable":null,"formato":null,"listasSeleccion":null,"longitud":null,"mascara":null,"regexp":null,"tipo":null,"valor":"","visible":null},{"codigo":"e_pcodigo_secuencia","etiqueta":null,"editable":null,"formato":null,"listasSeleccion":null,"longitud":null,"mascara":null,"regexp":null,"tipo":null,"valor":"","visible":null},{"codigo":"e_phoralocal","etiqueta":null,"editable":null,"formato":null,"listasSeleccion":null,"longitud":null,"mascara":null,"regexp":null,"tipo":null,"valor":"","visible":null},{"codigo":"e_cod_consultora","etiqueta":null,"editable":null,"formato":null,"listasSeleccion":null,"longitud":null,"mascara":null,"regexp":null,"tipo":null,"valor":"","visible":null},{"codigo":"vp_s_fecha_contable","etiqueta":null,"editable":null,"formato":null,"listasSeleccion":null,"longitud":null,"mascara":null,"regexp":null,"tipo":null,"valor":"08/10/2022","visible":null},{"codigo":"vp_s_ssn","etiqueta":null,"editable":null,"formato":null,"listasSeleccion":null,"longitud":null,"mascara":null,"regexp":null,"tipo":null,"valor":"37651143","visible":null},{"codigo":"vp_s_comision","etiqueta":null,"editable":null,"formato":null,"listasSeleccion":null,"longitud":null,"mascara":null,"regexp":null,"tipo":null,"valor":null,"visible":null},{"codigo":"vp_s_tasa","etiqueta":null,"editable":null,"formato":null,"listasSeleccion":null,"longitud":null,"mascara":null,"regexp":null,"tipo":null,"valor":null,"visible":null},{"codigo":"vp_s_base_imp","etiqueta":null,"editable":null,"formato":null,"listasSeleccion":null,"longitud":null,"mascara":null,"regexp":null,"tipo":null,"valor":null,"visible":null},{"codigo":"vp_s_impuesto","etiqueta":null,"editable":null,"formato":null,"listasSeleccion":null,"longitud":null,"mascara":null,"regexp":null,"tipo":null,"valor":null,"visible":null},{"codigo":"vp_s_empresa","etiqueta":null,"editable":null,"formato":null,"listasSeleccion":null,"longitud":null,"mascara":null,"regexp":null,"tipo":null,"valor":null,"visible":null},{"codigo":"vp_s_recaudacion","etiqueta":null,"editable":null,"formato":null,"listasSeleccion":null,"longitud":null,"mascara":null,"regexp":null,"tipo":null,"valor":null,"visible":null},{"codigo":"vp_s_referencia1","etiqueta":null,"editable":null,"formato":null,"listasSeleccion":null,"longitud":null,"mascara":null,"regexp":null,"tipo":null,"valor":null,"visible":null},{"codigo":"vp_s_referencia2","etiqueta":null,"editable":null,"formato":null,"listasSeleccion":null,"longitud":null,"mascara":null,"regexp":null,"tipo":null,"valor":null,"visible":null},{"codigo":"vp_s_referencia3","etiqueta":null,"editable":null,"formato":null,"listasSeleccion":null,"longitud":null,"mascara":null,"regexp":null,"tipo":null,"valor":null,"visible":null},{"codigo":"vp_s_fecha_contable","etiqueta":null,"editable":null,"formato":null,"listasSeleccion":null,"longitud":null,"mascara":null,"regexp":null,"tipo":null,"valor":"08/10/2022","visible":null},{"codigo":"vp_s_ssn","etiqueta":null,"editable":null,"formato":null,"listasSeleccion":null,"longitud":null,"mascara":null,"regexp":null,"tipo":null,"valor":"37651143","visible":null},{"codigo":"vp_s_comision","etiqueta":null,"editable":null,"formato":null,"listasSeleccion":null,"longitud":null,"mascara":null,"regexp":null,"tipo":null,"valor":null,"visible":null},{"codigo":"vp_s_tasa","etiqueta":null,"editable":null,"formato":null,"listasSeleccion":null,"longitud":null,"mascara":null,"regexp":null,"tipo":null,"valor":null,"visible":null},{"codigo":"vp_s_base_imp","etiqueta":null,"editable":null,"formato":null,"listasSeleccion":null,"longitud":null,"mascara":null,"regexp":null,"tipo":null,"valor":null,"visible":null},{"codigo":"vp_s_impuesto","etiqueta":null,"editable":null,"formato":null,"listasSeleccion":null,"longitud":null,"mascara":null,"regexp":null,"tipo":null,"valor":null,"visible":null},{"codigo":"vp_s_empresa","etiqueta":null,"editable":null,"formato":null,"listasSeleccion":null,"longitud":null,"mascara":null,"regexp":null,"tipo":null,"valor":null,"visible":null},{"codigo":"vp_s_recaudacion","etiqueta":null,"editable":null,"formato":null,"listasSeleccion":null,"longitud":null,"mascara":null,"regexp":null,"tipo":null,"valor":null,"visible":null},{"codigo":"vp_s_referencia1","etiqueta":null,"editable":null,"formato":null,"listasSeleccion":null,"longitud":null,"mascara":null,"regexp":null,"tipo":null,"valor":null,"visible":null},{"codigo":"vp_s_referencia2","etiqueta":null,"editable":null,"formato":null,"listasSeleccion":null,"longitud":null,"mascara":null,"regexp":null,"tipo":null,"valor":null,"visible":null},{"codigo":"vp_s_referencia3","etiqueta":null,"editable":null,"formato":null,"listasSeleccion":null,"longitud":null,"mascara":null,"regexp":null,"tipo":null,"valor":null,"visible":null},{"codigo":"rp_s_ssn","etiqueta":null,"editable":null,"formato":null,"listasSeleccion":null,"longitud":null,"mascara":null,"regexp":null,"tipo":null,"valor":"37651143","visible":null},{"codigo":"rp_s_horario","etiqueta":null,"editable":null,"formato":null,"listasSeleccion":null,"longitud":null,"mascara":null,"regexp":null,"tipo":null,"valor":"N","visible":null},{"codigo":"rp_s_tasa","etiqueta":null,"editable":null,"formato":null,"listasSeleccion":null,"longitud":null,"mascara":null,"regexp":null,"tipo":null,"valor":"0.0","visible":null},{"codigo":"rp_s_base_imp","etiqueta":null,"editable":null,"formato":null,"listasSeleccion":null,"longitud":null,"mascara":null,"regexp":null,"tipo":null,"valor":"0.0","visible":null},{"codigo":"rp_s_impuesto","etiqueta":null,"editable":null,"formato":null,"listasSeleccion":null,"longitud":null,"mascara":null,"regexp":null,"tipo":null,"valor":"0.0","visible":null},{"codigo":"rp_s_servicio_not","etiqueta":null,"editable":null,"formato":null,"listasSeleccion":null,"longitud":null,"mascara":null,"regexp":null,"tipo":null,"valor":"PAGSB","visible":null},{"codigo":"rp_s_nomb_ente","etiqueta":null,"editable":null,"formato":null,"listasSeleccion":null,"longitud":null,"mascara":null,"regexp":null,"tipo":null,"valor":"NOMBRE: 1396206","visible":null},{"codigo":"rp_s_cod_ente","etiqueta":null,"editable":null,"formato":null,"listasSeleccion":null,"longitud":null,"mascara":null,"regexp":null,"tipo":null,"valor":"1396206","visible":null},{"codigo":"rp_s_desccanal","etiqueta":null,"editable":null,"formato":null,"listasSeleccion":null,"longitud":null,"mascara":null,"regexp":null,"tipo":null,"valor":"24ONLINE","visible":null},{"codigo":"rp_s_celular","etiqueta":null,"editable":null,"formato":null,"listasSeleccion":null,"longitud":null,"mascara":null,"regexp":null,"tipo":null,"valor":"0991863698","visible":null},{"codigo":"rp_s_correo","etiqueta":null,"editable":null,"formato":null,"listasSeleccion":null,"longitud":null,"mascara":null,"regexp":null,"tipo":null,"valor":"crodriguez@bolivariano.com","visible":null},{"codigo":"rp_s_desc_empresa","etiqueta":null,"editable":null,"formato":null,"listasSeleccion":null,"longitud":null,"mascara":null,"regexp":null,"tipo":null,"valor":"MOVISTAR","visible":null},{"codigo":"rp_s_prod_deb","etiqueta":null,"editable":null,"formato":null,"listasSeleccion":null,"longitud":null,"mascara":null,"regexp":null,"tipo":null,"valor":"CTE","visible":null},{"codigo":"rp_s_valor","etiqueta":null,"editable":null,"formato":null,"listasSeleccion":null,"longitud":null,"mascara":null,"regexp":null,"tipo":null,"valor":"10.00","visible":null},{"codigo":"rp_s_fecha_deb","etiqueta":null,"editable":null,"formato":null,"listasSeleccion":null,"longitud":null,"mascara":null,"regexp":null,"tipo":null,"valor":"08/10/2022","visible":null},{"codigo":"rp_s_hora_deb","etiqueta":null,"editable":null,"formato":null,"listasSeleccion":null,"longitud":null,"mascara":null,"regexp":null,"tipo":null,"valor":"10:27:33","visible":null},{"codigo":"rp_s_valor_comi","etiqueta":null,"editable":null,"formato":null,"listasSeleccion":null,"longitud":null,"mascara":null,"regexp":null,"tipo":null,"valor":"0.00","visible":null},{"codigo":"rp_s_cta_lat","etiqueta":null,"editable":null,"formato":null,"listasSeleccion":null,"longitud":null,"mascara":null,"regexp":null,"tipo":null,"valor":"292","visible":null},{"codigo":"rp_s_tipo_serv","etiqueta":null,"editable":null,"formato":null,"listasSeleccion":null,"longitud":null,"mascara":null,"regexp":null,"tipo":null,"valor":"COMPRA PAQUETE","visible":null},{"codigo":"rp_s_fecha_contable","etiqueta":null,"editable":null,"formato":null,"listasSeleccion":null,"longitud":null,"mascara":null,"regexp":null,"tipo":null,"valor":"08/10/2022","visible":null},{"codigo":"e_corr","etiqueta":null,"editable":null,"formato":null,"listasSeleccion":null,"longitud":null,"mascara":null,"regexp":null,"tipo":null,"valor":"S","visible":null},{"codigo":"e_ssn_corr","etiqueta":null,"editable":null,"formato":null,"listasSeleccion":null,"longitud":null,"mascara":null,"regexp":null,"tipo":null,"valor":"37651143","visible":null},{"codigo":"e_opcion","etiqueta":null,"editable":null,"formato":null,"listasSeleccion":null,"longitud":null,"mascara":null,"regexp":null,"tipo":null,"valor":"R","visible":null},{"codigo":"e_reverso","etiqueta":null,"editable":null,"formato":null,"listasSeleccion":null,"longitud":null,"mascara":null,"regexp":null,"tipo":null,"valor":"A","visible":null},{"codigo":"e_tipo_proceso","etiqueta":null,"editable":null,"formato":null,"listasSeleccion":null,"longitud":null,"mascara":null,"regexp":null,"tipo":null,"valor":"A","visible":null},{"codigo":"e_noti_conf","etiqueta":null,"editable":null,"formato":null,"listasSeleccion":null,"longitud":null,"mascara":null,"regexp":null,"tipo":null,"valor":"S","visible":null},{"codigo":"e_tipo_ejecucion","etiqueta":null,"editable":null,"formato":null,"listasSeleccion":null,"longitud":null,"mascara":null,"regexp":null,"tipo":null,"valor":"PB","visible":null},{"codigo":"vp_s_fecha_contable","etiqueta":null,"editable":null,"formato":null,"listasSeleccion":null,"longitud":null,"mascara":null,"regexp":null,"tipo":null,"valor":"08/10/2022","visible":null},{"codigo":"vp_s_ssn","etiqueta":null,"editable":null,"formato":null,"listasSeleccion":null,"longitud":null,"mascara":null,"regexp":null,"tipo":null,"valor":"37671813","visible":null},{"codigo":"vp_s_comision","etiqueta":null,"editable":null,"formato":null,"listasSeleccion":null,"longitud":null,"mascara":null,"regexp":null,"tipo":null,"valor":"","visible":null},{"codigo":"vp_s_tasa","etiqueta":null,"editable":null,"formato":null,"listasSeleccion":null,"longitud":null,"mascara":null,"regexp":null,"tipo":null,"valor":"","visible":null},{"codigo":"vp_s_base_imp","etiqueta":null,"editable":null,"formato":null,"listasSeleccion":null,"longitud":null,"mascara":null,"regexp":null,"tipo":null,"valor":"","visible":null},{"codigo":"vp_s_impuesto","etiqueta":null,"editable":null,"formato":null,"listasSeleccion":null,"longitud":null,"mascara":null,"regexp":null,"tipo":null,"valor":"","visible":null},{"codigo":"vp_s_empresa","etiqueta":null,"editable":null,"formato":null,"listasSeleccion":null,"longitud":null,"mascara":null,"regexp":null,"tipo":null,"valor":"","visible":null},{"codigo":"vp_s_recaudacion","etiqueta":null,"editable":null,"formato":null,"listasSeleccion":null,"longitud":null,"mascara":null,"regexp":null,"tipo":null,"valor":"","visible":null},{"codigo":"vp_s_referencia1","etiqueta":null,"editable":null,"formato":null,"listasSeleccion":null,"longitud":null,"mascara":null,"regexp":null,"tipo":null,"valor":"","visible":null},{"codigo":"vp_s_referencia2","etiqueta":null,"editable":null,"formato":null,"listasSeleccion":null,"longitud":null,"mascara":null,"regexp":null,"tipo":null,"valor":"","visible":null},{"codigo":"vp_s_referencia3","etiqueta":null,"editable":null,"formato":null,"listasSeleccion":null,"longitud":null,"mascara":null,"regexp":null,"tipo":null,"valor":"","visible":null}]},"identificador":"0999999999"},"tipoCuenta":"CTE","transaccion":"2056","usuario":"ope998","valorComision":0.0,"valorPago":10.0}}
2022-08-10 10:27:54.874  INFO rec-reverso-39-hqf8v --- [vert.x-eventloo] c.b.m.r.m.MessageSender                  : MENSAJE--> 
  JMSMessage class: jms_text
  JMSType:          null
  JMSDeliveryMode:  1
  JMSDeliveryDelay: 0
  JMSDeliveryTime:  0
  JMSExpiration:    50000
  JMSPriority:      4
  JMSMessageID:     ID:414d512043535042524b5f514d20202005d0d962071f312a
  JMSTimestamp:     8479430772827
  JMSCorrelationID: ID:414d512043535042524b5f514d20202005d0d962071f312a
  JMSDestination:   null
  JMSReplyTo:       null
  JMSRedelivered:   false
    JMS_IBM_Character_Set: 1208
{"tipoFlujo":"REVERSO","mensajeEntradaEjecutarReverso":{"canal":"IBK","cuenta":"5005070292","datosAd ...
2022-08-10 10:27:54.874  INFO rec-reverso-39-hqf8v --- [vert.x-eventloo] c.b.m.r.m.MessageSender                  : TEXT--> {"tipoFlujo":"REVERSO","mensajeEntradaEjecutarReverso":{"canal":"IBK","cuenta":"5005070292","datosAdicionales":null,"depuracion":null,"esquemaFirma":null,"fechaPago":"2022-08-10","moneda":"1","nombreCliente":null,"oficina":"0","recibos":null,"secuencial":"37671813","servicio":{"codTipoServicio":"TELEFONIA_CELULAR","codigoConvenio":"19574","codigoEmpresa":"19574","codigoTipoBanca":"BP","codigoTipoIdentificador":"CELULAR","datosAdicionales":{"datoAdicional":[{"codigo":"e_prov_req","etiqueta":null,"editable":null,"formato":null,"listasSeleccion":null,"longitud":null,"mascara":null,"regexp":null,"tipo":null,"valor":"MS_REC_BROADNET_REQ","visible":null},{"codigo":"e_prov_resp","etiqueta":null,"editable":null,"formato":null,"listasSeleccion":null,"longitud":null,"mascara":null,"regexp":null,"tipo":null,"valor":"MS_REC_BROADNET_RESP","visible":null},{"codigo":"e_tipo_proceso","etiqueta":null,"editable":null,"formato":null,"listasSeleccion":null,"longitud":null,"mascara":null,"regexp":null,"tipo":null,"valor":"M","visible":null},{"codigo":"e_tipo_ejecucion","etiqueta":null,"editable":null,"formato":null,"listasSeleccion":null,"longitud":null,"mascara":null,"regexp":null,"tipo":null,"valor":"BP","visible":null},{"codigo":"p_medio","etiqueta":null,"editable":null,"formato":null,"listasSeleccion":null,"longitud":null,"mascara":null,"regexp":null,"tipo":null,"valor":"12","visible":null},{"codigo":"p_terminal","etiqueta":null,"editable":null,"formato":null,"listasSeleccion":null,"longitud":null,"mascara":null,"regexp":null,"tipo":null,"valor":"term24","visible":null},{"codigo":"p_medio","etiqueta":null,"editable":null,"formato":null,"listasSeleccion":null,"longitud":null,"mascara":null,"regexp":null,"tipo":null,"valor":"12","visible":null},{"codigo":"p_branch_id","etiqueta":null,"editable":null,"formato":null,"listasSeleccion":null,"longitud":null,"mascara":null,"regexp":null,"tipo":null,"valor":"1","visible":null},{"codigo":"p_forma_pago","etiqueta":null,"editable":null,"formato":null,"listasSeleccion":null,"longitud":null,"mascara":null,"regexp":null,"tipo":null,"valor":"1","visible":null},{"codigo":"codAgencia","etiqueta":null,"editable":null,"formato":null,"listasSeleccion":null,"longitud":null,"mascara":null,"regexp":null,"tipo":null,"valor":"","visible":null},{"codigo":"codLocalidad","etiqueta":null,"editable":null,"formato":null,"listasSeleccion":null,"longitud":null,"mascara":null,"regexp":null,"tipo":null,"valor":"","visible":null},{"codigo":"category","etiqueta":null,"editable":null,"formato":null,"listasSeleccion":null,"longitud":null,"mascara":null,"regexp":null,"tipo":null,"valor":"C","visible":null},{"codigo":"documentType","etiqueta":null,"editable":null,"formato":null,"listasSeleccion":null,"longitud":null,"mascara":null,"regexp":null,"tipo":null,"valor":"CELULAR","visible":null},{"codigo":"documentID","etiqueta":null,"editable":null,"formato":null,"listasSeleccion":null,"longitud":null,"mascara":null,"regexp":null,"tipo":null,"valor":"0999999999","visible":null},{"codigo":"fullName","etiqueta":null,"editable":null,"formato":null,"listasSeleccion":null,"longitud":null,"mascara":null,"regexp":null,"tipo":null,"valor":"","visible":null},{"codigo":"e_srv","etiqueta":null,"editable":null,"formato":null,"listasSeleccion":null,"longitud":null,"mascara":null,"regexp":null,"tipo":null,"valor":"BOLIVSRV","visible":null},{"codigo":"e_term","etiqueta":null,"editable":null,"formato":null,"listasSeleccion":null,"longitud":null,"mascara":null,"regexp":null,"tipo":null,"valor":"term24","visible":null},{"codigo":"e_rol","etiqueta":null,"editable":null,"formato":null,"listasSeleccion":null,"longitud":null,"mascara":null,"regexp":null,"tipo":null,"valor":"5","visible":null},{"codigo":"e_corr","etiqueta":null,"editable":null,"formato":null,"listasSeleccion":null,"longitud":null,"mascara":null,"regexp":null,"tipo":null,"valor":"N","visible":null},{"codigo":"e_ssn_corr","etiqueta":null,"editable":null,"formato":null,"listasSeleccion":null,"longitud":null,"mascara":null,"regexp":null,"tipo":null,"valor":"0","visible":null},{"codigo":"e_mon","etiqueta":null,"editable":null,"formato":null,"listasSeleccion":null,"longitud":null,"mascara":null,"regexp":null,"tipo":null,"valor":"1","visible":null},{"codigo":"e_servicio","etiqueta":null,"editable":null,"formato":null,"listasSeleccion":null,"longitud":null,"mascara":null,"regexp":null,"tipo":null,"valor":"","visible":null},{"codigo":"e_identificacion","etiqueta":null,"editable":null,"formato":null,"listasSeleccion":null,"longitud":null,"mascara":null,"regexp":null,"tipo":null,"valor":"","visible":null},{"codigo":"e_debito","etiqueta":null,"editable":null,"formato":null,"listasSeleccion":null,"longitud":null,"mascara":null,"regexp":null,"tipo":null,"valor":"10.0","visible":null},{"codigo":"e_comision_db","etiqueta":null,"editable":null,"formato":null,"listasSeleccion":null,"longitud":null,"mascara":null,"regexp":null,"tipo":null,"valor":"0.0","visible":null},{"codigo":"e_efectivo","etiqueta":null,"editable":null,"formato":null,"listasSeleccion":null,"longitud":null,"mascara":null,"regexp":null,"tipo":null,"valor":"0","visible":null},{"codigo":"e_cheque","etiqueta":null,"editable":null,"formato":null,"listasSeleccion":null,"longitud":null,"mascara":null,"regexp":null,"tipo":null,"valor":"0","visible":null},{"codigo":"e_tarjeta","etiqueta":null,"editable":null,"formato":null,"listasSeleccion":null,"longitud":null,"mascara":null,"regexp":null,"tipo":null,"valor":"0","visible":null},{"codigo":"e_comision_efe","etiqueta":null,"editable":null,"formato":null,"listasSeleccion":null,"longitud":null,"mascara":null,"regexp":null,"tipo":null,"valor":"0","visible":null},{"codigo":"e_comision_chq","etiqueta":null,"editable":null,"formato":null,"listasSeleccion":null,"longitud":null,"mascara":null,"regexp":null,"tipo":null,"valor":"0","visible":null},{"codigo":"e_autoriza","etiqueta":null,"editable":null,"formato":null,"listasSeleccion":null,"longitud":null,"mascara":null,"regexp":null,"tipo":null,"valor":"N","visible":null},{"codigo":"e_ubi","etiqueta":null,"editable":null,"formato":null,"listasSeleccion":null,"longitud":null,"mascara":null,"regexp":null,"tipo":null,"valor":"","visible":null},{"codigo":"e_opcion","etiqueta":null,"editable":null,"formato":null,"listasSeleccion":null,"longitud":null,"mascara":null,"regexp":null,"tipo":null,"valor":"P","visible":null},{"codigo":"e_reverso","etiqueta":null,"editable":null,"formato":null,"listasSeleccion":null,"longitud":null,"mascara":null,"regexp":null,"tipo":null,"valor":"","visible":null},{"codigo":"e_emp_nombre","etiqueta":null,"editable":null,"formato":null,"listasSeleccion":null,"longitud":null,"mascara":null,"regexp":null,"tipo":null,"valor":"","visible":null},{"codigo":"e_ruc_cliente","etiqueta":null,"editable":null,"formato":null,"listasSeleccion":null,"longitud":null,"mascara":null,"regexp":null,"tipo":null,"valor":"","visible":null},{"codigo":"e_cant_cheques","etiqueta":null,"editable":null,"formato":null,"listasSeleccion":null,"longitud":null,"mascara":null,"regexp":null,"tipo":null,"valor":"0","visible":null},{"codigo":"e_nombre_cta","etiqueta":null,"editable":null,"formato":null,"listasSeleccion":null,"longitud":null,"mascara":null,"regexp":null,"tipo":null,"valor":"","visible":null},{"codigo":"e_cod_referencia","etiqueta":null,"editable":null,"formato":null,"listasSeleccion":null,"longitud":null,"mascara":null,"regexp":null,"tipo":null,"valor":"","visible":null},{"codigo":"e_base_imponible","etiqueta":null,"editable":null,"formato":null,"listasSeleccion":null,"longitud":null,"mascara":null,"regexp":null,"tipo":null,"valor":"","visible":null},{"codigo":"e_factura","etiqueta":null,"editable":null,"formato":null,"listasSeleccion":null,"longitud":null,"mascara":null,"regexp":null,"tipo":null,"valor":"","visible":null},{"codigo":"e_cod_respuesta","etiqueta":null,"editable":null,"formato":null,"listasSeleccion":null,"longitud":null,"mascara":null,"regexp":null,"tipo":null,"valor":"","visible":null},{"codigo":"e_cod_grupo","etiqueta":null,"editable":null,"formato":null,"listasSeleccion":null,"longitud":null,"mascara":null,"regexp":null,"tipo":null,"valor":"","visible":null},{"codigo":"e_cod_grupo","etiqueta":null,"editable":null,"formato":null,"listasSeleccion":null,"longitud":null,"mascara":null,"regexp":null,"tipo":null,"valor":"","visible":null},{"codigo":"e_nomb_tramite","etiqueta":null,"editable":null,"formato":null,"listasSeleccion":null,"longitud":null,"mascara":null,"regexp":null,"tipo":null,"valor":"","visible":null},{"codigo":"e_pcodigo_operacion","etiqueta":null,"editable":null,"formato":null,"listasSeleccion":null,"longitud":null,"mascara":null,"regexp":null,"tipo":null,"valor":"","visible":null},{"codigo":"e_pcodigo_secuencia","etiqueta":null,"editable":null,"formato":null,"listasSeleccion":null,"longitud":null,"mascara":null,"regexp":null,"tipo":null,"valor":"","visible":null},{"codigo":"e_phoralocal","etiqueta":null,"editable":null,"formato":null,"listasSeleccion":null,"longitud":null,"mascara":null,"regexp":null,"tipo":null,"valor":"","visible":null},{"codigo":"e_cod_consultora","etiqueta":null,"editable":null,"formato":null,"listasSeleccion":null,"longitud":null,"mascara":null,"regexp":null,"tipo":null,"valor":"","visible":null},{"codigo":"vp_s_fecha_contable","etiqueta":null,"editable":null,"formato":null,"listasSeleccion":null,"longitud":null,"mascara":null,"regexp":null,"tipo":null,"valor":"08/10/2022","visible":null},{"codigo":"vp_s_ssn","etiqueta":null,"editable":null,"formato":null,"listasSeleccion":null,"longitud":null,"mascara":null,"regexp":null,"tipo":null,"valor":"37651143","visible":null},{"codigo":"vp_s_comision","etiqueta":null,"editable":null,"formato":null,"listasSeleccion":null,"longitud":null,"mascara":null,"regexp":null,"tipo":null,"valor":null,"visible":null},{"codigo":"vp_s_tasa","etiqueta":null,"editable":null,"formato":null,"listasSeleccion":null,"longitud":null,"mascara":null,"regexp":null,"tipo":null,"valor":null,"visible":null},{"codigo":"vp_s_base_imp","etiqueta":null,"editable":null,"formato":null,"listasSeleccion":null,"longitud":null,"mascara":null,"regexp":null,"tipo":null,"valor":null,"visible":null},{"codigo":"vp_s_impuesto","etiqueta":null,"editable":null,"formato":null,"listasSeleccion":null,"longitud":null,"mascara":null,"regexp":null,"tipo":null,"valor":null,"visible":null},{"codigo":"vp_s_empresa","etiqueta":null,"editable":null,"formato":null,"listasSeleccion":null,"longitud":null,"mascara":null,"regexp":null,"tipo":null,"valor":null,"visible":null},{"codigo":"vp_s_recaudacion","etiqueta":null,"editable":null,"formato":null,"listasSeleccion":null,"longitud":null,"mascara":null,"regexp":null,"tipo":null,"valor":null,"visible":null},{"codigo":"vp_s_referencia1","etiqueta":null,"editable":null,"formato":null,"listasSeleccion":null,"longitud":null,"mascara":null,"regexp":null,"tipo":null,"valor":null,"visible":null},{"codigo":"vp_s_referencia2","etiqueta":null,"editable":null,"formato":null,"listasSeleccion":null,"longitud":null,"mascara":null,"regexp":null,"tipo":null,"valor":null,"visible":null},{"codigo":"vp_s_referencia3","etiqueta":null,"editable":null,"formato":null,"listasSeleccion":null,"longitud":null,"mascara":null,"regexp":null,"tipo":null,"valor":null,"visible":null},{"codigo":"vp_s_fecha_contable","etiqueta":null,"editable":null,"formato":null,"listasSeleccion":null,"longitud":null,"mascara":null,"regexp":null,"tipo":null,"valor":"08/10/2022","visible":null},{"codigo":"vp_s_ssn","etiqueta":null,"editable":null,"formato":null,"listasSeleccion":null,"longitud":null,"mascara":null,"regexp":null,"tipo":null,"valor":"37651143","visible":null},{"codigo":"vp_s_comision","etiqueta":null,"editable":null,"formato":null,"listasSeleccion":null,"longitud":null,"mascara":null,"regexp":null,"tipo":null,"valor":null,"visible":null},{"codigo":"vp_s_tasa","etiqueta":null,"editable":null,"formato":null,"listasSeleccion":null,"longitud":null,"mascara":null,"regexp":null,"tipo":null,"valor":null,"visible":null},{"codigo":"vp_s_base_imp","etiqueta":null,"editable":null,"formato":null,"listasSeleccion":null,"longitud":null,"mascara":null,"regexp":null,"tipo":null,"valor":null,"visible":null},{"codigo":"vp_s_impuesto","etiqueta":null,"editable":null,"formato":null,"listasSeleccion":null,"longitud":null,"mascara":null,"regexp":null,"tipo":null,"valor":null,"visible":null},{"codigo":"vp_s_empresa","etiqueta":null,"editable":null,"formato":null,"listasSeleccion":null,"longitud":null,"mascara":null,"regexp":null,"tipo":null,"valor":null,"visible":null},{"codigo":"vp_s_recaudacion","etiqueta":null,"editable":null,"formato":null,"listasSeleccion":null,"longitud":null,"mascara":null,"regexp":null,"tipo":null,"valor":null,"visible":null},{"codigo":"vp_s_referencia1","etiqueta":null,"editable":null,"formato":null,"listasSeleccion":null,"longitud":null,"mascara":null,"regexp":null,"tipo":null,"valor":null,"visible":null},{"codigo":"vp_s_referencia2","etiqueta":null,"editable":null,"formato":null,"listasSeleccion":null,"longitud":null,"mascara":null,"regexp":null,"tipo":null,"valor":null,"visible":null},{"codigo":"vp_s_referencia3","etiqueta":null,"editable":null,"formato":null,"listasSeleccion":null,"longitud":null,"mascara":null,"regexp":null,"tipo":null,"valor":null,"visible":null},{"codigo":"rp_s_ssn","etiqueta":null,"editable":null,"formato":null,"listasSeleccion":null,"longitud":null,"mascara":null,"regexp":null,"tipo":null,"valor":"37651143","visible":null},{"codigo":"rp_s_horario","etiqueta":null,"editable":null,"formato":null,"listasSeleccion":null,"longitud":null,"mascara":null,"regexp":null,"tipo":null,"valor":"N","visible":null},{"codigo":"rp_s_tasa","etiqueta":null,"editable":null,"formato":null,"listasSeleccion":null,"longitud":null,"mascara":null,"regexp":null,"tipo":null,"valor":"0.0","visible":null},{"codigo":"rp_s_base_imp","etiqueta":null,"editable":null,"formato":null,"listasSeleccion":null,"longitud":null,"mascara":null,"regexp":null,"tipo":null,"valor":"0.0","visible":null},{"codigo":"rp_s_impuesto","etiqueta":null,"editable":null,"formato":null,"listasSeleccion":null,"longitud":null,"mascara":null,"regexp":null,"tipo":null,"valor":"0.0","visible":null},{"codigo":"rp_s_servicio_not","etiqueta":null,"editable":null,"formato":null,"listasSeleccion":null,"longitud":null,"mascara":null,"regexp":null,"tipo":null,"valor":"PAGSB","visible":null},{"codigo":"rp_s_nomb_ente","etiqueta":null,"editable":null,"formato":null,"listasSeleccion":null,"longitud":null,"mascara":null,"regexp":null,"tipo":null,"valor":"NOMBRE: 1396206","visible":null},{"codigo":"rp_s_cod_ente","etiqueta":null,"editable":null,"formato":null,"listasSeleccion":null,"longitud":null,"mascara":null,"regexp":null,"tipo":null,"valor":"1396206","visible":null},{"codigo":"rp_s_desccanal","etiqueta":null,"editable":null,"formato":null,"listasSeleccion":null,"longitud":null,"mascara":null,"regexp":null,"tipo":null,"valor":"24ONLINE","visible":null},{"codigo":"rp_s_celular","etiqueta":null,"editable":null,"formato":null,"listasSeleccion":null,"longitud":null,"mascara":null,"regexp":null,"tipo":null,"valor":"0991863698","visible":null},{"codigo":"rp_s_correo","etiqueta":null,"editable":null,"formato":null,"listasSeleccion":null,"longitud":null,"mascara":null,"regexp":null,"tipo":null,"valor":"crodriguez@bolivariano.com","visible":null},{"codigo":"rp_s_desc_empresa","etiqueta":null,"editable":null,"formato":null,"listasSeleccion":null,"longitud":null,"mascara":null,"regexp":null,"tipo":null,"valor":"MOVISTAR","visible":null},{"codigo":"rp_s_prod_deb","etiqueta":null,"editable":null,"formato":null,"listasSeleccion":null,"longitud":null,"mascara":null,"regexp":null,"tipo":null,"valor":"CTE","visible":null},{"codigo":"rp_s_valor","etiqueta":null,"editable":null,"formato":null,"listasSeleccion":null,"longitud":null,"mascara":null,"regexp":null,"tipo":null,"valor":"10.00","visible":null},{"codigo":"rp_s_fecha_deb","etiqueta":null,"editable":null,"formato":null,"listasSeleccion":null,"longitud":null,"mascara":null,"regexp":null,"tipo":null,"valor":"08/10/2022","visible":null},{"codigo":"rp_s_hora_deb","etiqueta":null,"editable":null,"formato":null,"listasSeleccion":null,"longitud":null,"mascara":null,"regexp":null,"tipo":null,"valor":"10:27:33","visible":null},{"codigo":"rp_s_valor_comi","etiqueta":null,"editable":null,"formato":null,"listasSeleccion":null,"longitud":null,"mascara":null,"regexp":null,"tipo":null,"valor":"0.00","visible":null},{"codigo":"rp_s_cta_lat","etiqueta":null,"editable":null,"formato":null,"listasSeleccion":null,"longitud":null,"mascara":null,"regexp":null,"tipo":null,"valor":"292","visible":null},{"codigo":"rp_s_tipo_serv","etiqueta":null,"editable":null,"formato":null,"listasSeleccion":null,"longitud":null,"mascara":null,"regexp":null,"tipo":null,"valor":"COMPRA PAQUETE","visible":null},{"codigo":"rp_s_fecha_contable","etiqueta":null,"editable":null,"formato":null,"listasSeleccion":null,"longitud":null,"mascara":null,"regexp":null,"tipo":null,"valor":"08/10/2022","visible":null},{"codigo":"e_corr","etiqueta":null,"editable":null,"formato":null,"listasSeleccion":null,"longitud":null,"mascara":null,"regexp":null,"tipo":null,"valor":"S","visible":null},{"codigo":"e_ssn_corr","etiqueta":null,"editable":null,"formato":null,"listasSeleccion":null,"longitud":null,"mascara":null,"regexp":null,"tipo":null,"valor":"37651143","visible":null},{"codigo":"e_opcion","etiqueta":null,"editable":null,"formato":null,"listasSeleccion":null,"longitud":null,"mascara":null,"regexp":null,"tipo":null,"valor":"R","visible":null},{"codigo":"e_reverso","etiqueta":null,"editable":null,"formato":null,"listasSeleccion":null,"longitud":null,"mascara":null,"regexp":null,"tipo":null,"valor":"A","visible":null},{"codigo":"e_tipo_proceso","etiqueta":null,"editable":null,"formato":null,"listasSeleccion":null,"longitud":null,"mascara":null,"regexp":null,"tipo":null,"valor":"A","visible":null},{"codigo":"e_noti_conf","etiqueta":null,"editable":null,"formato":null,"listasSeleccion":null,"longitud":null,"mascara":null,"regexp":null,"tipo":null,"valor":"S","visible":null},{"codigo":"e_tipo_ejecucion","etiqueta":null,"editable":null,"formato":null,"listasSeleccion":null,"longitud":null,"mascara":null,"regexp":null,"tipo":null,"valor":"PB","visible":null},{"codigo":"vp_s_fecha_contable","etiqueta":null,"editable":null,"formato":null,"listasSeleccion":null,"longitud":null,"mascara":null,"regexp":null,"tipo":null,"valor":"08/10/2022","visible":null},{"codigo":"vp_s_ssn","etiqueta":null,"editable":null,"formato":null,"listasSeleccion":null,"longitud":null,"mascara":null,"regexp":null,"tipo":null,"valor":"37671813","visible":null},{"codigo":"vp_s_comision","etiqueta":null,"editable":null,"formato":null,"listasSeleccion":null,"longitud":null,"mascara":null,"regexp":null,"tipo":null,"valor":"","visible":null},{"codigo":"vp_s_tasa","etiqueta":null,"editable":null,"formato":null,"listasSeleccion":null,"longitud":null,"mascara":null,"regexp":null,"tipo":null,"valor":"","visible":null},{"codigo":"vp_s_base_imp","etiqueta":null,"editable":null,"formato":null,"listasSeleccion":null,"longitud":null,"mascara":null,"regexp":null,"tipo":null,"valor":"","visible":null},{"codigo":"vp_s_impuesto","etiqueta":null,"editable":null,"formato":null,"listasSeleccion":null,"longitud":null,"mascara":null,"regexp":null,"tipo":null,"valor":"","visible":null},{"codigo":"vp_s_empresa","etiqueta":null,"editable":null,"formato":null,"listasSeleccion":null,"longitud":null,"mascara":null,"regexp":null,"tipo":null,"valor":"","visible":null},{"codigo":"vp_s_recaudacion","etiqueta":null,"editable":null,"formato":null,"listasSeleccion":null,"longitud":null,"mascara":null,"regexp":null,"tipo":null,"valor":"","visible":null},{"codigo":"vp_s_referencia1","etiqueta":null,"editable":null,"formato":null,"listasSeleccion":null,"longitud":null,"mascara":null,"regexp":null,"tipo":null,"valor":"","visible":null},{"codigo":"vp_s_referencia2","etiqueta":null,"editable":null,"formato":null,"listasSeleccion":null,"longitud":null,"mascara":null,"regexp":null,"tipo":null,"valor":"","visible":null},{"codigo":"vp_s_referencia3","etiqueta":null,"editable":null,"formato":null,"listasSeleccion":null,"longitud":null,"mascara":null,"regexp":null,"tipo":null,"valor":"","visible":null}]},"identificador":"0999999999"},"tipoCuenta":"CTE","transaccion":"2056","usuario":"ope998","valorComision":0.0,"valorPago":10.0}}
2022-08-10 10:27:54.875  INFO rec-reverso-39-hqf8v --- [vert.x-eventloo] c.b.m.r.m.MessageSender                  : JMSX_USERID --> ID:414d512043535042524b5f514d20202005d0d962071f312a
2022-08-10 10:27:56.036  INFO rec-reverso-39-hqf8v --- [vert.x-eventloo] c.b.m.r.m.MessageConsumer                : Recuperando mensaje cola proveedor MS_REC_BROADNET_RESP
2022-08-10 10:27:56.940  INFO rec-reverso-39-hqf8v --- [vert.x-eventloo] c.b.m.r.m.MessageConsumer                : COLA MQ --> MS_REC_REVERSO_REQ
2022-08-10 10:27:59.745  INFO rec-reverso-39-hqf8v --- [vert.x-eventloo] c.b.m.r.m.MessageConsumer                : MENSAJE RECIBIDO--> 
  JMSMessage class: jms_bytes
  JMSType:          null
  JMSDeliveryMode:  2
  JMSDeliveryDelay: 0
  JMSDeliveryTime:  0
  JMSExpiration:    0
  JMSPriority:      4
  JMSMessageID:     ID:414d512043535042524b5f514d20202005d0d962121f312a
  JMSTimestamp:     1660145279188
  JMSCorrelationID: ID:414d512043535042524b5f514d20202005d0d962071f312a
  JMSDestination:   queue:///MS_REC_BROADNET_RESP
  JMSReplyTo:       null
  JMSRedelivered:   false
    JMSXAppID: /deployments/quarkus-run.jar
    JMSXDeliveryCount: 1
    JMSXUserID: mqm         
    JMS_IBM_Character_Set: UTF-8
    JMS_IBM_Encoding: 273
    JMS_IBM_Format:         
    JMS_IBM_MsgType: 8
    JMS_IBM_PutApplType: 28
    JMS_IBM_PutDate: 20220810
    JMS_IBM_PutTime: 15275856
7b22636f6469676f223a2230222c226d656e73616a655573756172696f223a2250524f4345534f20
454a4543555441444f222c2265737461646f223a224f4b222c226d656e73616a6553616c69646145
6a6563757461725061676f223a7b2262616e646572614f66666c696e65223a6e756c6c2c22636f64
69676f4572726f72223a22434f4e465f5041474f222c226461746f7341646963696f6e616c657322
3a6e756c6c2c22666563686144656269746f223a6e756c6c2c2266656368615061676f223a6e756c
6c2c226d656e73616a655573756172696f223a22434f4e4649524d41205041474f2c204e4f205245
56455253415220434f5245222c226d656e73616a6553697374656d61223a22434f4e4649524d4120
5041474f2c204e4f20524556455253415220434f5245222c226d6f6e746f546f74616c223a6e756c
6c2c227265666572656e636961223a6e756c6c7d2c226d656e73616a6553616c696461436f6e7375
6c7461724465756461223a6e756c6c7d

2022-08-10 10:27:59.745  INFO rec-reverso-39-hqf8v --- [vert.x-eventloo] c.b.m.r.m.MessageConsumer                : TRANSFORMACION BYTE A STRING
2022-08-10 10:27:59.746  INFO rec-reverso-39-hqf8v --- [vert.x-eventloo] c.b.m.r.m.MessageConsumer                : MENSAJE DE RESPUESTA: {"codigo":"0","mensajeUsuario":"PROCESO EJECUTADO","estado":"OK","mensajeSalidaEjecutarPago":{"banderaOffline":null,"codigoError":"CONF_PAGO","datosAdicionales":null,"fechaDebito":null,"fechaPago":null,"mensajeUsuario":"CONFIRMA PAGO, NO REVERSAR CORE","mensajeSistema":"CONFIRMA PAGO, NO REVERSAR CORE","montoTotal":null,"referencia":null},"mensajeSalidaConsultarDeuda":null}
2022-08-10 10:28:00.021  INFO rec-reverso-39-hqf8v --- [vert.x-eventloo] c.b.m.r.s.ProcessService                 : RECIBE MENSAJE A PROVEEDOR
2022-08-10 10:28:00.072  INFO rec-reverso-39-hqf8v --- [vert.x-eventloo] c.b.m.r.s.ProcessService                 : RESPUESTA DE PROVEEDOR: 0
2022-08-10 10:28:00.073  INFO rec-reverso-39-hqf8v --- [vert.x-eventloo] c.b.m.r.s.ProcessService                 : SETEAN MENSAJE DE SALIDA
2022-08-10 10:28:00.073  INFO rec-reverso-39-hqf8v --- [vert.x-eventloo] c.b.m.r.s.ProcessService                 : RESPUESTA PROVEEDOR: MensajeSalidaEjecutarPago{banderaOffline=null, codigoError='CONF_PAGO', datosAdicionales=com.bolivariano.microservice.recreverso.domain.mensajeotc.MensajeSalidaEjecutarPago$DatosAdicionales@624bee71, fechaDebito=null, fechaPago=null, mensajeUsuario='CONFIRMA PAGO, NO REVERSAR CORE', mensajeSistema='CONFIRMA PAGO, NO REVERSAR CORE', montoTotal=0.0, referencia='null'}
