%!
(1ups.jdt) STARTLM
 
BANCO BOLIVARIANO                           ** VALIDACION DE COMPROBANTES CONTABLES **                      FECHA IMP.: 19/AGO/2020
MATRIZ (0)                                              PERFILES CONTABLES                                  PAG.      : 1
                                                           17/AGO/2020

-----------------------------------------------------------------------------------------------------------------------------------
     CUENTA      MON.  ORIG. DEST.             DEBITO            CREDITO          DEBITO ME         CREDITO ME     TIPO DE CAMBIO
-----------------------------------------------------------------------------------------------------------------------------------


COMPROBANTE  0 37*****    DEPOSITO ESPECIAL EN LINEA CC (4435)
* INGRESADO *

 11010501          1     0     0               101.21               0.00               0.00               0.00     0.0000
 91010505          1     0     0               870.00               0.00               0.00               0.00     0.0000
 210110050501      1     0     0                 0.00             971.21               0.00               0.00     0.0000
                                      ---------------    ---------------    ---------------    ---------------
                 TOTAL                         971.21             971.21               0.00               0.00



COMPROBANTE  0 37*****    ND CTE SERV. BANC. (3050)
* INGRESADO *

 210110050501      1     0     0               270.70               0.00               0.00               0.00     0.0000
 91010505          1     0     0                 0.00             270.70               0.00               0.00     0.0000
                                      ---------------    ---------------    ---------------    ---------------
                 TOTAL                         270.70             270.70               0.00               0.00



COMPROBANTE  0 37*****    FALTANTE CUADRE DE CAJERO (3706)
* INGRESADO *

 1990250501        1     0     0               800.35               0.00               0.00               0.00     0.0000
 11010501          1     0     0                 0.00             800.35               0.00               0.00     0.0000
                                      ---------------    ---------------    ---------------    ---------------
                 TOTAL                         800.35             800.35               0.00               0.00



COMPROBANTE  0 37*****    COMISION POR RECAUDACION DIFERIDO (3372)
* INGRESADO *

 11010501          1     0     0                 0.35               0.00               0.00               0.00     0.0000
 199090100512      1     0     0                 0.35               0.00               0.00               0.00     0.0000
 91010505          1     0     0                 0.70               0.00               0.00               0.00     0.0000
 91010505          1     0     0                 0.00               1.40               0.00               0.00     0.0000
                                      ---------------    ---------------    ---------------    ---------------
                 TOTAL                           1.40               1.40               0.00               0.00



COMPROBANTE  0 37*****    TRX PARA CONTAB COMISION CON IVA RECA (3497)
* INGRESADO *

 91010505          1     0     0                 1.40               0.00               0.00               0.00     0.0000
 2590900528        1     0     0                 0.00               0.16               0.00               0.00     0.0000
 54060801          1     0     0                 0.00               1.24               0.00               0.00     0.0000
                                      ---------------    ---------------    ---------------    ---------------
                 TOTAL                           1.40               1.40               0.00               0.00

 
BANCO BOLIVARIANO                           ** VALIDACION DE COMPROBANTES CONTABLES **                      FECHA IMP.: 19/AGO/2020
MATRIZ (0)                                              PERFILES CONTABLES                                  PAG.      : 2
                                                           17/AGO/2020

-----------------------------------------------------------------------------------------------------------------------------------
     CUENTA      MON.  ORIG. DEST.             DEBITO            CREDITO          DEBITO ME         CREDITO ME     TIPO DE CAMBIO
-----------------------------------------------------------------------------------------------------------------------------------

