%!
(dfl.jdt) STARTLM
OFICINA : MATRIZ (0)                                                                    BANCO BOLIVARIANO                                                                   PAGINA No.    1
MONEDA : SUCRE (0)                                                 DIARIO DE OPERACIONES DE SERVICIOS (CUENTAS DE CORRIENTES)                                               FEC. SISTEMA 08/20/2020
ccopserv.sqr                                                                                                                                                                FEC. PROCESO 2015/06/01

--------------------------------------------------------------------------------------------------------------------------------------------------------------------------------------------------
 No.CUENTA   NOMBRE                              EFECTIVO             CHEQUE CLASE CAUSA  CHEQUE CH.DESD CH.HAST  HORA TERMINAL   CANAL      DETALLE
--------------------------------------------------------------------------------------------------------------------------------------------------------------------------------------------------


 OPERADOR :  ralavaz

 TRANSACCION CONSULTA DE CLAVE DE SUPE (10418)
    -                                                0.00               0.00 N                                   16:05 PRO220020
    -                                                0.00               0.00 N                                   16:17 PRO220020
    -                                                0.00               0.00 N                                   16:29 PRO220020
    -                                                0.00               0.00 N                                   16:35 PRO220020
 TOTALES:                                            0.00               0.00


 RESUMEN:    ** POR OPERADOR **
 TRANS.      DESCRIPCION                    T O T A L E S OBSERVACION         N.TR
  10418      CONSULTA DE CLAVE DE SUPE               0.00                        4

OFICINA : MATRIZ (0)                                                                    BANCO BOLIVARIANO                                                                   PAGINA No.    2
MONEDA : DOLARES USD (1)                                           DIARIO DE OPERACIONES DE SERVICIOS (CUENTAS DE CORRIENTES)                                               FEC. SISTEMA 08/20/2020
ccopserv.sqr                                                                                                                                                                FEC. PROCESO 2015/06/01

--------------------------------------------------------------------------------------------------------------------------------------------------------------------------------------------------
 No.CUENTA   NOMBRE                              EFECTIVO             CHEQUE CLASE CAUSA  CHEQUE CH.DESD CH.HAST  HORA TERMINAL   CANAL      DETALLE
--------------------------------------------------------------------------------------------------------------------------------------------------------------------------------------------------


 OPERADOR :  ralavaz

 TRANSACCION APERTURA DE CAJA          (3015)
    -                                                0.00               0.00                                     16:05 PRO220020
 TOTALES:                                            0.00               0.00

 TRANSACCION COMISION POR RECAUDACION  (3372)
    -                                                0.35               0.00 C       53                          16:24 PRO220020
 000-5055474 PYCCA S.A.*****                         0.00               0.00 C       53                          16:20 PRO220020
 000-5055474 PYCCA S.A.*****                         0.00               0.00 C       53                          16:21 PRO220020
 000-5148738 DR. ALFONSO VELASTEGUI LO               0.00               0.00 C       53                          16:14 PRO220020
 000-5148738 DR. ALFONSO VELASTEGUI LO               0.00               0.00 C       53                          16:17 PRO220020                                                                *
 401-4968034                                         0.00               0.00 C       53                          16:27 PRO220020
 401-4968034                                         0.00               0.00 C       53                          16:29 PRO220020                                                                *
 509-1040693                                         0.35               0.00 C       53                          16:32 PRO220020
 TOTALES:                                            0.70               0.00

 TRANSACCION TRX PARA CONTAB COMISION  (3497)
 000-5055474 PYCCA S.A.*****                         0.31               0.00 N       53                          16:20 PRO220020
 000-5055474 PYCCA S.A.*****                         0.31               0.00 N       53                          16:21 PRO220020
 000-5148738 DR. ALFONSO VELASTEGUI LO               0.31               0.00 N       53                          16:14 PRO220020
 000-5148738 DR. ALFONSO VELASTEGUI LO               0.31               0.00 N       53                          16:17 PRO220020                                                                *
 090-2332402                                         0.31               0.00 N       53                          16:32 PRO220020
 090-9231722                                         0.31               0.00 N       53                          16:24 PRO220020
 401-4968034                                         0.31               0.00 N       53                          16:27 PRO220020
 401-4968034                                         0.31               0.00 N       53                          16:29 PRO220020                                                                *
 TOTALES:                                            1.24               0.00

 TRANSACCION SOBRANTE CUADRE DE CAJERO (3705)
    -                                                0.00               0.00                                     16:35 PRO220020
 TOTALES:                                            0.00               0.00

 TRANSACCION FALTANTE CUADRE DE CAJERO (3706)
    -                                              800.35               0.00                                     16:05 PRO220020
 TOTALES:                                          800.35               0.00

 TRANSACCION PAGO DEPOSITO EN LINEA EC (43569)
    -                                               30.09               0.00 L       846 ******                  16:24 PRO220020
 000-5055474 PYCCA S.A.*****                         0.00               0.00 L       846 ******                  16:20 PRO220020
 000-5055474 PYCCA S.A.*****                         0.00               0.00 L       846 ******                  16:21 PRO220020
 000-5148738 DR. ALFONSO VELASTEGUI LO               0.00               0.00 L       846 ******                  16:14 PRO220020
 000-5148738 DR. ALFONSO VELASTEGUI LO               0.00               0.00 L       846 ******                  16:17 PRO220020                                                                *
 401-4968034                                        71.12               0.00 L       846 ******                  16:27 PRO220020
 401-4968034                                        71.12               0.00 L       846 ******                  16:29 PRO220020                                                                *
 509-1040693                                        71.12               0.00 L       846 ******                  16:32 PRO220020
 TOTALES:                                          101.21               0.00


 RESUMEN:    ** POR OPERADOR **
 TRANS.      DESCRIPCION                    T O T A L E S OBSERVACION         N.TR
   3015      APERTURA DE CAJA                        0.00                        1
OFICINA : MATRIZ (0)                                                                    BANCO BOLIVARIANO                                                                   PAGINA No.    3
MONEDA : DOLARES USD (1)                                           DIARIO DE OPERACIONES DE SERVICIOS (CUENTAS DE CORRIENTES)                                               FEC. SISTEMA 08/20/2020
ccopserv.sqr                                                                                                                                                                FEC. PROCESO 2015/06/01

--------------------------------------------------------------------------------------------------------------------------------------------------------------------------------------------------
 No.CUENTA   NOMBRE                              EFECTIVO             CHEQUE CLASE CAUSA  CHEQUE CH.DESD CH.HAST  HORA TERMINAL   CANAL      DETALLE
--------------------------------------------------------------------------------------------------------------------------------------------------------------------------------------------------


   3372      COMISION POR RECAUDACION                0.70                        4   53
   3497      TRX PARA CONTAB COMISION                1.24                        4   53
   3705      SOBRANTE CUADRE DE CAJERO               0.00                        1
   3706      FALTANTE CUADRE DE CAJERO             800.35                        1
  43569      PAGO DEPOSITO EN LINEA EC             101.21                        4   846

