OFICINA : MATRIZ (0)                                                            BANCO BOLIVARIANO                                                            PAGINA No.    1
MONEDA : DOLARES USD (1)                                     DIARIO DE OPERACIONES MONETARIAS (CUENTAS DE CORRIENTES)                                        FEC. SISTEMA 08/20/2020
ccopmone.sqr                                                                                                                                                 FEC. PROCESO 2015/06/01

-----------------------------------------------------------------------------------------------------------------------------------------------------------------------------------
 No.CUENTA  NOMBRE                      EFECTIVO            CHEQUES      TOTAL CREDITO     IMPUESTO   CAUSA       TOTAL DEBITO  HORA     DETALLE
-----------------------------------------------------------------------------------------------------------------------------------------------------------------------------------


 OPERADOR : ralavaz

 TRANSACCIO ND CTE SERV. BANC (3050)
 0005055474 PYCCA S.A.*****                                                                            779               70.00 16:19
 0005055474 PYCCA S.A.*****                                                                            778                0.35 16:21
 0005055474 PYCCA S.A.*****                                                                            778                0.35 16:19
 0005055474 PYCCA S.A.*****                                                                            779              200.00 16:21
 0005148738 DR. ALFONSO VELAS                                                                          778                0.35 16:14
 0005148738 DR. ALFONSO VELAS                                                                          779               65.35 16:14
 0005148738 DR. ALFONSO VELAS                                                                          779               65.35 16:16 *
 0005148738 DR. ALFONSO VELAS                                                                          778                0.35 16:16 *
 TOTALES:                                   0.00               0.00               0.00               0.00               270.70

 TRANSACCIO DEPOSITO ESPECIAL (4435)
 0005055474 PYCCA S.A.*****                65.35               0.00              65.35           0.00  2                       16:14
 0005055474 PYCCA S.A.*****                65.35               0.00              65.35           0.00  2                       16:16 *
 0005055474 PYCCA S.A.*****                70.00               0.00              70.00           0.00  2                       16:19
 0005055474 PYCCA S.A.*****               200.00               0.00             200.00           0.00  2                       16:21
 0005055474 PYCCA S.A.*****                30.09               0.00              30.09           0.00  2                       16:23
 0005055474 PYCCA S.A.*****               671.12               0.00             671.12           0.00  2                       16:26
 0005055474 PYCCA S.A.*****               671.12               0.00             671.12           0.00  2                       16:28 *
 0005055474 PYCCA S.A.*****               671.12               0.00             671.12           0.00  2                       16:31
 TOTALES:                                 971.21               0.00             971.21               0.00                 0.00


 RESUMEN:   ** POR OPERADOR * TOTAL SUMA DE CTAS 81260640.00
 TRANS.     DESCRIPCION       NUM.TRAN                T O T A L E S OBSERVACION
   3050     ND CTE SERV. BANC     2                          270.00 DEBITO POR DEP ESP                 779
   3050     ND CTE SERV. BANC     2                            0.70 SEPARADA DEP ESP E                 778
   4435     DEPOSITO ESPECIAL     4                          971.21 DEV.CARGO SERV.F.C                 2

