38   	Mar 7 2024 12:00AM	BZDET	7	000000001.19944203	R	0905356424001	CESAR BOLIVAR ROBALINO BAYONA	CUE	001	34	03	0005127205	1	107.75	CONSUMO CELULAR CLARO	1110563813	96.21	REC	38	11.62	001	S			F	S	0	0.00	96.85	0.00	96.85	0.00	0.00	0.30				0.00	11.62	11.62	0.00	1	94.32
38   	Mar 7 2024 12:00AM	BZDET	23	000000001.17284304	R	0992439653001	FAMOVISAL S.A.   . .	CUE	001	34	03	7005007131	1	511.53	CONSUMO CELULAR CLARO	1110457461	456.72	REC	38	55.58	001	S			F	S	0	0.00	463.22	0.00	463.22	0.00	0.00	0.30				0.00	55.58	55.58	0.00	1	291.92
38   	Mar 7 2024 12:00AM	BZDET	87	000000001.19825356	R	1710969880001	ROMMEL RAFAEL GUACHAMIN PAUCAR	CUE	001	34	03	5055023327	1	13.04	CONSUMO CELULAR CLARO	1111099140	11.64	REC	38	1.39	001	S			P	S	0	0.00	11.64	0.00	11.64	0.00	0.00	0.30				0.00	1.39	1.39	0.00	1	13.04
38   	Mar 7 2024 12:00AM	BZDET	92	000000001.19935902	R	0906523055001	MANUEL DAVID LAUZO MARISCAL	CUE	001	34	04	0841280751	1	4.11	CONSUMO CELULAR CLARO	1111124598	3.67	REC	38	0.46	001	S			P	S	0	0.00	3.88	0.00	3.88	0.00	0.00	0.30				0.00	0.46	0.46	0.00	1	4.11
38   	Mar 7 2024 12:00AM	BZDET	94	000000001.19825369	R	1710969880001	ROMMEL RAFAEL GUACHAMIN PAUCAR	CUE	001	34	03	5055023327	1	12.31	CONSUMO CELULAR CLARO	1111171062	10.99	REC	38	1.31	001	S			P	S	0	0.00	10.99	0.00	10.99	0.00	0.00	0.30				0.00	1.31	1.31	0.00	1	12.31
38   	Mar 7 2024 12:00AM	BZDET	105	000000001.16632655	R	0992675691001	DEIMILANO SA .	CUE	001	34	03	0065019469	1	404.89	CONSUMO CELULAR CLARO	1111262118	361.51	REC	38	43.69	001	S			P	S	0	0.00	364.10	0.00	364.10	0.00	0.00	0.30				0.00	43.69	43.69	0.00	1	63.11
38   	Mar 7 2024 12:00AM	BZDET	120	000000001.19206822	R	0992524324001	PASTEBE SA	CUE	001	34	03	0035028738	1	7.49	CONSUMO CELULAR CLARO	1111283265	6.69	REC	38	1.11	001	S			P	S	0	0.00	9.30	0.00	9.30	0.00	0.00	0.30				0.00	1.11	1.11	0.00	1	7.49
38   	Mar 7 2024 12:00AM	BZDET	148	000000001.19996902	R	0991079521001	EVAM S.A.	CUE	001	34	03	0025059977	1	163.51	CONSUMO CELULAR CLARO	1111059556	145.99	REC	38	17.51	001	S			P	S	0	0.00	145.99	0.00	145.99	0.00	0.00	0.30				0.00	17.51	17.51	0.00	1	163.51
38   	Mar 7 2024 12:00AM	BZDET	159	000000001.19971016	R	2390035929001	SOCIEDAD CIVIL Y MER CANTIL CASAGRO S.C	CUE	001	34	03	1025015286	1	26.87	CONSUMO CELULAR CLARO	1111307921	23.99	REC	38	2.87	001	S			P	S	0	0.00	23.99	0.00	23.99	0.00	0.00	0.30				0.00	2.87	2.87	0.00	1	26.87
38   	Mar 7 2024 12:00AM	BZDET	161	000000001.19928725	R	0993022683001	FUNDACION DE DESARROLLO SOCIAL IDEAS	CUE	001	34	03	0935031573	1	25.76	CONSUMO CELULAR CLARO	1111122257	23.00	REC	38	2.76	001	S			P	S	0	0.00	23.00	0.00	23.00	0.00	0.00	0.30				0.00	2.76	2.76	0.00	1	25.76
38   	Mar 7 2024 12:00AM	BZDET	177	000000001.19931847	R	0993280356001	MONTECHCO S A S	CUE	001	34	03	0005323634	1	116.70	CONSUMO CELULAR CLARO	1111030468	104.20	REC	38	12.56	001	S			P	S	0	0.00	104.74	0.00	104.74	0.00	0.00	0.30				0.00	12.56	12.56	0.00	1	116.70
38   	Mar 7 2024 12:00AM	BZDET	191	000000001.19882509	R	1712082419001	PATRICIO LENIN ORDO벤Z MACIAS	CUE	001	34	04	1001036181	1	21.27	CONSUMO CELULAR CLARO	1111302552	18.99	REC	38	2.27	001	S			P	S	0	0.00	18.99	0.00	18.99	0.00	0.00	0.30				0.00	2.27	2.27	0.00	1	8.67
38   	Mar 7 2024 12:00AM	BZDET	204	000000001.19813145	R	1750135749001	LISBETH DANIELA GUERRERO MALDONADO	CUE	001	34	04	5061188081	1	26.41	CONSUMO CELULAR CLARO	1111063290	23.58	REC	38	2.46	001	S			P	S	0	0.00	20.58	0.00	20.58	0.00	0.00	0.30				0.00	2.46	2.46	0.00	1	26.41
38   	Mar 7 2024 12:00AM	BZDET	211	000000001.19832250	R	0923147524001	LUIS ALBERTO LINO TUMBACO	CUE	001	34	04	0001981895	1	10.91	CONSUMO CELULAR CLARO	1111103340	9.74	REC	38	1.24	001	S			P	S	0	0.00	10.38	0.00	10.38	0.00	0.00	0.30				0.00	1.24	1.24	0.00	1	10.91
38   	Mar 7 2024 12:00AM	BZDET	212	000000001.19958053	R	2450028432001	MARIA FERNANDA CONGO ESPINOZA	CUE	001	34	04	7001254715	1	34.71	CONSUMO CELULAR CLARO	1111041049	30.99	REC	38	3.71	001	S			P	S	0	0.00	30.99	0.00	30.99	0.00	0.00	0.30				0.00	3.71	3.71	0.00	1	34.71
38   	Mar 7 2024 12:00AM	BZDET	218	000000001.19805249	R	0940349962001	LUIS ENRIQUE BAIDAL ANDRADE	CUE	001	34	03	0065049558	1	28.00	CONSUMO CELULAR CLARO	1111330946	25.00	REC	38	3.00	001	S			P	S	0	0.00	25.00	0.00	25.00	0.00	0.00	0.30				0.00	3.00	3.00	0.00	1	3.70
38   	Mar 7 2024 12:00AM	BZDET	223	000000001.19808809	R	0926467309001	ANDREA CELESTE ROBALINO RODRIGUEZ	CUE	001	34	04	0911333054	1	8.73	CONSUMO CELULAR CLARO	1111025490	7.79	REC	38	0.95	001	S			P	S	0	0.00	7.94	0.00	7.94	0.00	0.00	0.30				0.00	0.95	0.95	0.00	1	4.70
38   	Mar 7 2024 12:00AM	BZDET	226	000000001.19941420	R	1793133509001	PEREZ Y LARREA PROVI SIONES PERLAPROV S.A .S.	CUE	001	34	03	0035062576	1	21.27	CONSUMO CELULAR CLARO	1111039185	18.99	REC	38	2.27	001	S			P	S	0	0.00	18.99	0.00	18.99	0.00	0.00	0.30				0.00	2.27	2.27	0.00	1	21.27
38   	Mar 7 2024 12:00AM	BZDET	236	000000001.19893999	R	1804479564001	GLORIA ROSARIO CHANGO GALARZA	CUE	001	34	04	1201161951	1	21.27	CONSUMO CELULAR CLARO	1111303429	18.99	REC	38	2.27	001	S			P	S	0	0.00	18.99	0.00	18.99	0.00	0.00	0.30				0.00	2.27	2.27	0.00	1	21.27
38   	Mar 7 2024 12:00AM	BZDET	251	000000001.19940216	R	1793133509001	PEREZ Y LARREA PROVI SIONES PERLAPROV S.A .S.	CUE	001	34	03	0035062576	1	21.27	CONSUMO CELULAR CLARO	1111125757	18.99	REC	38	2.27	001	S			P	S	0	0.00	18.99	0.00	18.99	0.00	0.00	0.30				0.00	2.27	2.27	0.00	1	13.21
38   	Mar 7 2024 12:00AM	BZDET	272	000000001.19822403	R	0992731931001	NCSISTELCORP S.A.	CUE	001	34	03	0005266050	1	201.10	CONSUMO CELULAR CLARO	1111036010	179.55	REC	38	21.54	001	S			P	S	0	0.00	179.55	0.00	179.55	0.00	0.00	0.30				0.00	21.54	21.54	0.00	1	201.10
38   	Mar 7 2024 12:00AM	BZDET	286	000000001.19844093	R	0908902000001	MANUEL ANTONIO BRAVO VELEZ	CUE	001	34	04	0002062188	1	68.31	CONSUMO CELULAR CLARO	1111068782	60.99	REC	38	7.31	001	S			P	S	0	0.00	60.99	0.00	60.99	0.00	0.00	0.30				0.00	7.31	7.31	0.00	1	68.31
38   	Mar 7 2024 12:00AM	BZDET	305	000000001.19766949	R	0913997995001	CRISTHIAN WASHINGTON LOPEZ VALLEJO	CUE	001	34	04	0031027379	1	68.31	CONSUMO CELULAR CLARO	1111029974	60.99	REC	38	7.31	001	S			P	S	0	0.00	60.99	0.00	60.99	0.00	0.00	0.30				0.00	7.31	7.31	0.00	1	68.31
38   	Mar 7 2024 12:00AM	BZDET	317	000000001.19845972	R	0926178583001	CAROLINA ELIZABETH LAMOTA CAMPUZANO	CUE	001	34	03	0925040181	1	34.71	CONSUMO CELULAR CLARO	1111115381	30.99	REC	38	3.71	001	S			P	S	0	0.00	30.99	0.00	30.99	0.00	0.00	0.30				0.00	3.71	3.71	0.00	1	10.82
38   	Mar 7 2024 12:00AM	BZDET	321	000000001.19937664	R	0102645645001	JIMMY ALEXANDER ARIAS BECERRA	CUE	001	34	04	4001036925	1	16.80	CONSUMO CELULAR CLARO	1111065429	15.00	REC	38	1.80	001	S			P	S	0	0.00	15.00	0.00	15.00	0.00	0.00	0.30				0.00	1.80	1.80	0.00	1	16.80
38   	Mar 7 2024 12:00AM	BZDET	331	000000001.19817674	R	0916871528001	JOSE MANUEL CASTRO RITES	CUE	001	34	03	0005155305	1	84.43	CONSUMO CELULAR CLARO	1111095605	75.38	REC	38	9.04	001	S			P	S	0	0.00	75.38	0.00	75.38	0.00	0.00	0.30				0.00	9.04	9.04	0.00	1	37.11
38   	Mar 7 2024 12:00AM	BZDET	336	000000001.19999531	R	1206545871001	ENRIQUE MIGUEL VITE MURILLO	CUE	001	34	04	1741227714	1	7.77	CONSUMO CELULAR CLARO	1111198274	6.94	REC	38	0.85	001	S			P	S	0	0.00	7.10	0.00	7.10	0.00	0.00	0.30				0.00	0.85	0.85	0.00	1	7.77
38   	Mar 7 2024 12:00AM	BZDET	367	000000001.19849448	R	0922715438001	JAN ALBERTO ARCENTALES TORRES	CUE	001	34	04	0931189656	1	6.25	CONSUMO CELULAR CLARO	1111117611	5.58	REC	38	0.68	001	S			P	S	0	0.00	5.67	0.00	5.67	0.00	0.00	0.30				0.00	0.68	0.68	0.00	1	6.25
38   	Mar 7 2024 12:00AM	BZDET	398	000000001.15859302	R	0992800984001	ECUABALPRO S.A. . .	CUE	001	34	03	2005018417	1	263.20	CONSUMO CELULAR CLARO	1111280890	235.00	REC	38	29.47	001	S			P	S	0	0.00	245.60	73.35	172.25	0.00	0.00	0.30				8.80	20.67	29.47	0.00	1	263.20
38   	Mar 7 2024 12:00AM	BZDET	403	000000001.19844237	R	0992298057001	DELMOPUL S.A. .	CUE	001	34	03	0955001192	1	49.53	CONSUMO CELULAR CLARO	1111113597	44.22	REC	38	5.34	001	S			P	S	0	0.00	44.52	0.00	44.52	0.00	0.00	0.30				0.00	5.34	5.34	0.00	1	49.53
38   	Mar 7 2024 12:00AM	BZDET	408	000000001.19981786	R	0924266398001	ROBERT FERNANDO ANZULES MERO	CUE	001	34	04	0931328552	1	13.46	CONSUMO CELULAR CLARO	1111346442	12.02	REC	38	1.45	001	S			P	S	0	0.00	12.09	0.00	12.09	0.00	0.00	0.30				0.00	1.45	1.45	0.00	1	4.30
38   	Mar 7 2024 12:00AM	BZDET	476	000000001.19773750	R	0992465042001	SUD FOOD SERVICE S.A. SUDFOODSA	CUE	001	34	03	0005303580	1	144.47	CONSUMO CELULAR CLARO	1111028702	128.99	REC	38	15.33	001	S			P	S	0	0.00	127.79	0.00	127.79	0.00	0.00	0.30				0.00	15.33	15.33	0.00	1	144.47
38   	Mar 7 2024 12:00AM	BZDET	479	000000001.19790396	R	0921455457001	KATHERINE PRISCILA ROJAS ROJAS	CUE	001	34	03	0845015151	1	16.71	CONSUMO CELULAR CLARO	1111029445	14.92	REC	38	1.90	001	S			P	S	0	0.00	15.90	0.00	15.90	0.00	0.00	0.30				0.00	1.90	1.90	0.00	1	16.71
38   	Mar 7 2024 12:00AM	BZDET	503	000000001.19843167	R	0992298057001	DELMOPUL S.A. .	CUE	001	34	03	0955001192	1	23.51	CONSUMO CELULAR CLARO	1111026394	20.99	REC	38	2.51	001	S			P	S	0	0.00	20.99	0.00	20.99	0.00	0.00	0.30				0.00	2.51	2.51	0.00	1	23.51
38   	Mar 7 2024 12:00AM	BZDET	515	000000001.19936383	R	0993273309001	TINTAS SICOLOR S. A.	CUE	001	34	04	0931274880	1	15.43	CONSUMO CELULAR CLARO	1111064983	13.78	REC	38	1.65	001	S			P	S	0	0.00	13.81	0.00	13.81	0.00	0.00	0.30				0.00	1.65	1.65	0.00	1	1.66
38   	Mar 7 2024 12:00AM	BZDET	531	000000001.19966380	R	1804513990001	ANDREA CAROLINA PAREDES TOAPANTA	CUE	001	34	04	1201171787	1	17.91	CONSUMO CELULAR CLARO	1111132132	15.99	REC	38	1.91	001	S			P	S	0	0.00	15.99	0.00	15.99	0.00	0.00	0.30				0.00	1.91	1.91	0.00	1	17.91
38   	Mar 7 2024 12:00AM	BZDET	540	000000001.19893438	R	0931138101001	CARLOS ANTONIO PIN MORENO	CUE	001	34	04	1741207036	1	38.07	CONSUMO CELULAR CLARO	1111193767	33.99	REC	38	4.07	001	S			P	S	0	0.00	33.99	0.00	33.99	0.00	0.00	0.30				0.00	4.07	4.07	0.00	1	38.07
38   	Mar 7 2024 12:00AM	BZDET	545	000000001.19817419	R	0190371808001	IMPORTESPI CIA LTDA	CUE	001	34	03	4015022794	1	90.71	CONSUMO CELULAR CLARO	1111072125	80.99	REC	38	9.71	001	S			P	S	0	0.00	80.99	0.00	80.99	0.00	0.00	0.30				0.00	9.71	9.71	0.00	1	58.29
38   	Mar 7 2024 12:00AM	BZDET	574	000000001.19825353	R	1710969880001	ROMMEL RAFAEL GUACHAMIN PAUCAR	CUE	001	34	03	5055023327	1	20.84	CONSUMO CELULAR CLARO	1111171057	18.61	REC	38	2.24	001	S			P	S	0	0.00	18.72	0.00	18.72	0.00	0.00	0.30				0.00	2.24	2.24	0.00	1	20.84
38   	Mar 7 2024 12:00AM	BZDET	578	000000001.19895083	R	0993372552001	ASOCIACION DE PROPIE TARIOS DE VILLA ESPA 베 1 ETAPA VALENCI	CUE	001	34	03	1755007463	1	23.51	CONSUMO CELULAR CLARO	1111275487	20.99	REC	38	2.51	001	S			P	S	0	0.00	20.99	0.00	20.99	0.00	0.00	0.30				0.00	2.51	2.51	0.00	1	23.51
38   	Mar 7 2024 12:00AM	BZDET	585	000000001.19902342	R	0603718248001	DIEGO ARMANDO COTTO ASSAN	CUE	001	34	03	0025073609	1	1.10	CONSUMO CELULAR CLARO	1111034532	0.98	REC	38	0.13	001	S			P	S	0	0.00	1.16	0.00	1.16	0.00	0.00	0.30				0.00	0.13	0.13	0.00	1	1.10
38   	Mar 7 2024 12:00AM	BZDET	595	000000001.19951313	R	1205891714001	ANGELINE DEL ROCIO PADILLA BARROS	CUE	001	34	04	0021771449	1	2.50	CONSUMO CELULAR CLARO	1111129737	2.23	REC	38	0.29	001	S			P	S	0	0.00	2.47	0.00	2.47	0.00	0.00	0.30				0.00	0.29	0.29	0.00	1	2.50
38   	Mar 7 2024 12:00AM	BZDET	602	000000001.20007556	R	0931140156001	GABRIELA ROSA INTRIAGO LOOR	CUE	001	34	04	0841265347	1	21.27	CONSUMO CELULAR CLARO	1111355915	18.99	REC	38	2.27	001	S			P	S	0	0.00	18.99	0.00	18.99	0.00	0.00	0.30				0.00	2.27	2.27	0.00	1	21.27
38   	Mar 7 2024 12:00AM	BZDET	610	000000001.19904142	R	1304912528001	PATRICIA DEL PILAR MERO CHANCAY	CUE	001	34	03	0925033088	1	29.11	CONSUMO CELULAR CLARO	1111034756	25.99	REC	38	3.11	001	S			P	S	0	0.00	25.99	0.00	25.99	0.00	0.00	0.30				0.00	3.11	3.11	0.00	1	29.11
38   	Mar 7 2024 12:00AM	BZDET	618	000000001.19922965	R	0604029066001	CARLOS JAVIER SALTOS SAMPEDRO	CUE	001	34	04	1671051101	1	119.90	CONSUMO CELULAR CLARO	1111027715	107.05	REC	38	13.16	001	S			P	S	0	0.00	109.72	0.00	109.72	0.00	0.00	0.30				0.00	13.16	13.16	0.00	1	119.90
38   	Mar 7 2024 12:00AM	BZDET	620	000000001.19843448	R	0908902000001	MANUEL ANTONIO BRAVO VELEZ	CUE	001	34	04	0002062188	1	5.57	CONSUMO CELULAR CLARO	1111178019	4.97	REC	38	0.60	001	S			P	S	0	0.00	5.08	0.00	5.08	0.00	0.00	0.30				0.00	0.60	0.60	0.00	1	5.57
38   	Mar 7 2024 12:00AM	BZDET	636	000000001.19824433	R	1391882661001	CARGOMARLOGISTICS ECUADOR S.A.	CUE	001	34	03	1105035395	1	135.59	CONSUMO CELULAR CLARO	1111063881	121.06	REC	38	14.52	001	S			P	S	0	0.00	121.06	0.00	121.06	0.00	0.00	0.30				0.00	14.52	14.52	0.00	1	135.59
38   	Mar 7 2024 12:00AM	BZDET	644	000000001.20002702	R	0993371324001	PLANPROCAD S.A.	CUE	001	34	03	0035061478	1	45.91	CONSUMO CELULAR CLARO	1111295433	40.99	REC	38	4.91	001	S			P	S	0	0.00	40.99	0.00	40.99	0.00	0.00	0.30				0.00	4.91	4.91	0.00	1	45.91
38   	Mar 7 2024 12:00AM	BZDET	90	000000001.15712833	R	0908524762001	MARIO RAMIREZ AREVALO	CUE	001	34	03	0035059044	1	0.62	CONSUMO CELULAR CLARO	1111318788	0.55	REC	38	0.09	001	S			P	S	0	0.00	0.82	0.00	0.82	0.00	0.00	0.30				0.00	0.09	0.09	0.00	1	0.62
38   	Mar 7 2024 12:00AM	BZDET	119	000000001.19817880	R	0952480010001	MARIO DANIEL SANTANA RODRIGUEZ	CUE	001	34	04	0031384425	1	21.96	CONSUMO CELULAR CLARO	1111251735	19.61	REC	38	2.35	001	S			P	S	0	0.00	19.61	0.00	19.61	0.00	0.00	0.30				0.00	2.35	2.35	0.00	1	21.96
38   	Mar 7 2024 12:00AM	BZDET	399	000000001.19739305	R	0992805005001	DISTSEGEL S.A. DISTR IBUIDORA DE SEGURIDA D ELECTRONICA	CUE	001	34	03	0045020201	1	293.09	CONSUMO CELULAR CLARO	1111028901	261.69	REC	38	33.68	001	S			P	S	0	0.00	280.73	43.75	236.98	0.00	0.00	0.30				5.25	28.43	33.68	0.00	1	99.92
38   	Mar 7 2024 12:00AM	BZDET	586	000000001.19912694	R	0993375841001	CONSORCIO LIMPIECUA COSTA CLEAN	CUE	001	34	03	0925041960	1	48.05	CONSUMO CELULAR CLARO	1111056558	42.90	REC	38	5.16	001	S			P	S	0	0.00	43.04	0.00	43.04	0.00	0.00	0.30				0.00	5.16	5.16	0.00	1	48.05
38   	Mar 7 2024 12:00AM	BZDET	626	000000001.19838476	R	1710585405001	JAVIER IGNACIO CACERES BAIXERAS	CUE	001	34	03	4005045163	1	17.91	CONSUMO CELULAR CLARO	1111176374	15.99	REC	38	1.91	001	S			P	S	0	0.00	15.99	0.00	15.99	0.00	0.00	0.30				0.00	1.91	1.91	0.00	1	17.91
38   	Mar 7 2024 12:00AM	BZDET	30	000000004108003800	R	0917208282	LARREA VILLENA MARIA DEL CARMEN	CUE	001	34	04	0002366012	1	44.77	CONSUMO CELULAR CLARO	001215048391358	39.98	REC	38	4.79	001	S			P	S	0	0.00	0.00	0.00	0.00	0.00	0.00	0.30				0.00	0.00	0.00	0.00	2	44.77
38   	Mar 7 2024 12:00AM	BZDET	43	000000004123821060	R	0910435627	CHIPANTIZA GALARZA FRANKLIN GEOVANNI	CUE	001	34	04	0861104899	1	420.06	CONSUMO CELULAR CLARO	001214015639935	375.06	REC	38	45.00	001	S			P	S	0	0.00	0.00	0.00	0.00	0.00	0.00	0.30				0.00	0.00	0.00	0.00	2	420.06
38   	Mar 7 2024 12:00AM	BZDET	88	000000004140295807	R	0926871807	BAYAS YANCE RONNY MIGUEL	CUE	001	34	04	0061104145	1	70.80	CONSUMO CELULAR CLARO	001215048410806	63.22	REC	38	7.58	001	S			P	S	0	0.00	0.00	0.00	0.00	0.00	0.00	0.30				0.00	0.00	0.00	0.00	2	59.31
38   	Mar 7 2024 12:00AM	BZDET	130	000000004151574336	R	1204278236	REYES MATUS PRIMITIVO GABRIEL	CUE	001	34	04	0981130004	1	1,598.64	CONSUMO CELULAR CLARO	001214012743626	1,427.36	REC	38	171.28	001	S			P	S	0	0.00	0.00	0.00	0.00	0.00	0.00	0.30				0.00	0.00	0.00	0.00	2	229.70
38   	Mar 7 2024 12:00AM	BZDET	171	000000004159541070	R	0917128480	VELASQUEZ BURGOS GINA MARIA	CUE	001	34	04	0001407751	1	60.18	CONSUMO CELULAR CLARO	001215048342701	53.74	REC	38	6.44	001	S			P	S	0	0.00	0.00	0.00	0.00	0.00	0.00	0.30				0.00	0.00	0.00	0.00	2	60.18
38   	Mar 7 2024 12:00AM	BZDET	225	000000004162435016	R	0914492939	VEGA PEREZ CARLOS HUMBERTO	CUE	001	34	04	0021095271	1	69.77	CONSUMO CELULAR CLARO	001214015877672	62.30	REC	38	7.47	001	S			P	S	0	0.00	0.00	0.00	0.00	0.00	0.00	0.30				0.00	0.00	0.00	0.00	2	69.77
38   	Mar 7 2024 12:00AM	BZDET	482	000000004166962077	R	0920743275	ESCOBAR MACIAS HERWIN ADRIAN	CUE	001	34	04	0871119353	1	9.84	CONSUMO CELULAR CLARO	001214015882122	8.79	REC	38	1.05	001	S			P	S	0	0.00	0.00	0.00	0.00	0.00	0.00	0.30				0.00	0.00	0.00	0.00	2	9.84
38   	Mar 7 2024 12:00AM	BZDET	595	000000008526212962	R	0916340615	TUMBACO OSTAIZA SARA ISABEL	CUE	001	34	04	0931164632	1	2.72	CONSUMO CELULAR CLARO	001215043907732	2.43	REC	38	0.29	001	S			P	S	0	0.00	0.00	0.00	0.00	0.00	0.00	0.30				0.00	0.00	0.00	0.00	2	2.72
38   	Mar 7 2024 12:00AM	BZDET	881	000000004134274221	R	0911173292	LINO LAVAYEN JACINTO	CUE	001	34	04	7001015381	1	17.44	CONSUMO CELULAR CLARO	001215048777548	15.58	REC	38	1.86	001	S			P	S	0	0.00	0.00	0.00	0.00	0.00	0.00	0.30				0.00	0.00	0.00	0.00	2	17.44
38   	Mar 7 2024 12:00AM	BZDET	936	000000004146214235	R	0300962818	QUISHPILEMA QUISHPE AIDA MARIA	CUE	001	34	04	6001052377	1	21.22	CONSUMO CELULAR CLARO	001215037696589	18.95	REC	38	2.27	001	S			P	S	0	0.00	0.00	0.00	0.00	0.00	0.00	0.30				0.00	0.00	0.00	0.00	2	21.22
38   	Mar 7 2024 12:00AM	BZDET	974	000000006053086195	R	0916340615	TUMBACO OSTAIZA SARA ISABEL	CUE	001	34	04	0931164632	1	29.22	CONSUMO CELULAR CLARO	001232000300919	26.09	REC	38	3.13	001	S			P	S	0	0.00	0.00	0.00	0.00	0.00	0.00	0.30				0.00	0.00	0.00	0.00	2	4.05
38   	Mar 7 2024 12:00AM	BZDET	1244	000000008535932080	R	0926508292	IZURIETA MENDOZA JUAN FERNANDO	CUE	001	34	04	0941275840	1	19.46	CONSUMO CELULAR CLARO	001215048817238	17.38	REC	38	2.08	001	S			P	S	0	0.00	17.38	0.00	17.38	0.00	0.00	0.30				0.00	2.08	2.08	0.00	2	19.46
38   	Mar 7 2024 12:00AM	BZDET	1307	000000008539608323	R	0924298367	CASTILLO CASTA벤DA IBIS NATHALY	CUE	001	34	04	0841203551	1	15.00	CONSUMO CELULAR CLARO	001215048727835	13.40	REC	38	1.60	001	S			P	S	0	0.00	13.40	0.00	13.40	0.00	0.00	0.30				0.00	1.60	1.60	0.00	2	15.00
38   	Mar 7 2024 12:00AM	BZDET	1436	000000004029352709	R	1201915020	PROA벮 MANOSALVAS ALFONSO XAVIER	CUE	001	34	03	0045027738	1	17.90	CONSUMO CELULAR CLARO	001215048879971	15.99	REC	38	1.91	001	S			P	S	0	0.00	15.99	0.00	15.99	0.00	0.00	0.30				0.00	1.91	1.91	0.00	2	17.90
38   	Mar 7 2024 12:00AM	BZDET	1458	000000004031387941	R	0913885125	VASQUEZ SANCHEZ ALBERTO VICENTE	CUE	001	34	04	0841036079	1	83.46	CONSUMO CELULAR CLARO	001215049055698	74.52	REC	38	8.94	001	S			P	S	0	0.00	0.00	0.00	0.00	0.00	0.00	0.30				0.00	0.00	0.00	0.00	2	83.46
38   	Mar 7 2024 12:00AM	BZDET	1499	000000004041648761	R	0915144141	CORREA MACIAS VERONICA JANET	CUE	001	34	04	0921075250	1	20.18	CONSUMO CELULAR CLARO	001215049184337	18.02	REC	38	2.16	001	S			P	S	0	0.00	18.02	0.00	18.02	0.00	0.00	0.30				0.00	2.16	2.16	0.00	2	20.18
38   	Mar 7 2024 12:00AM	BZDET	1515	000000004042669627	R	0917912826	REYES QUINTO SERGIO ADRIAN	CUE	001	34	04	0002288180	1	8.97	CONSUMO CELULAR CLARO	001215049157239	8.01	REC	38	0.96	001	S			P	S	0	0.00	0.00	0.00	0.00	0.00	0.00	0.30				0.00	0.00	0.00	0.00	2	8.97
38   	Mar 7 2024 12:00AM	BZDET	1607	000000004054539115	R	1307578953	BRAVO CEDE벮 ENRIQUE BALOY	CUE	001	34	04	0861142163	1	22.78	CONSUMO CELULAR CLARO	001215049135484	20.34	REC	38	2.44	001	S			P	S	0	0.00	0.00	0.00	0.00	0.00	0.00	0.30				0.00	0.00	0.00	0.00	2	22.78
38   	Mar 7 2024 12:00AM	BZDET	1634	000000004055693210	R	0909730848	PAREDES MUENTES MILTON DANNY	CUE	001	34	04	0061224531	1	6.23	CONSUMO CELULAR CLARO	001215048904523	5.57	REC	38	0.66	001	S			P	S	0	0.00	0.00	0.00	0.00	0.00	0.00	0.30				0.00	0.00	0.00	0.00	2	6.23
38   	Mar 7 2024 12:00AM	BZDET	1635	000000004055696525	R	0930118054	LEON RUGEL CINTHIA VERONICA	CUE	001	34	04	0941209786	1	30.00	CONSUMO CELULAR CLARO	001214016014326	26.79	REC	38	3.21	001	S			P	S	0	0.00	26.79	0.00	26.79	0.00	0.00	0.30				0.00	3.21	3.21	0.00	2	30.00
38   	Mar 7 2024 12:00AM	BZDET	1652	000000004055855433	R	1305808063	ZAMBRANO SOLORZANO DIGNO ANTONIO	CUE	001	34	04	0851504261	1	32.24	CONSUMO CELULAR CLARO	001214016048115	28.79	REC	38	3.45	001	S			P	S	0	0.00	0.00	0.00	0.00	0.00	0.00	0.30				0.00	0.00	0.00	0.00	2	32.24
38   	Mar 7 2024 12:00AM	BZDET	1672	000000004056376836	R	0906431853	YAGUAL YAGUAL WALTER ADALBERTO	CUE	001	34	04	0061095323	1	17.33	CONSUMO CELULAR CLARO	001215049033468	15.48	REC	38	1.85	001	S			P	S	0	0.00	0.00	0.00	0.00	0.00	0.00	0.30				0.00	0.00	0.00	0.00	2	9.00
38   	Mar 7 2024 12:00AM	BZDET	1729	000000004058080293	R	0703728949	VITE MERCHAN LUIS ALBERTO	CUE	001	34	04	5001237179	1	46.44	CONSUMO CELULAR CLARO	001215049035947	41.47	REC	38	4.97	001	S			P	S	0	0.00	0.00	0.00	0.00	0.00	0.00	0.30				0.00	0.00	0.00	0.00	2	46.44
38   	Mar 7 2024 12:00AM	BZDET	1763	000000004058974272	R	0803500628	GARCIA GIRALDO KEVIN ALEXANDER	CUE	001	34	04	1301051420	1	6.06	CONSUMO CELULAR CLARO	001215049028665	5.42	REC	38	0.64	001	S			P	S	0	0.00	0.00	0.00	0.00	0.00	0.00	0.30				0.00	0.00	0.00	0.00	2	6.06
38   	Mar 7 2024 12:00AM	BZDET	1859	000000004061402559	R	1205185992	RAMIREZ RIOS JUANA CONCEPCION	CUE	001	34	04	0041124341	1	75.88	CONSUMO CELULAR CLARO	001214016033389	67.76	REC	38	8.12	001	S			P	S	0	0.00	0.00	0.00	0.00	0.00	0.00	0.30				0.00	0.00	0.00	0.00	2	75.88
38   	Mar 7 2024 12:00AM	BZDET	1873	000000004062971530	R	1300568563	AVELLAN VERA BERTHA OLILIA	CUE	001	34	04	5051028677	1	9.70	CONSUMO CELULAR CLARO	001215049049571	8.67	REC	38	1.03	001	S			P	S	0	0.00	0.00	0.00	0.00	0.00	0.00	0.30				0.00	0.00	0.00	0.00	2	9.70
38   	Mar 7 2024 12:00AM	BZDET	1956	000000004067127517	R	0922649009	ANCHUNDIA RODRIGUEZ FRANKLIN CHRISTIAN	CUE	001	34	04	0021222545	1	17.56	CONSUMO CELULAR CLARO	001214016098227	15.68	REC	38	1.88	001	S			P	S	0	0.00	0.00	0.00	0.00	0.00	0.00	0.30				0.00	0.00	0.00	0.00	2	17.56
38   	Mar 7 2024 12:00AM	BZDET	1965	000000004067152153	R	0703728949	VITE MERCHAN LUIS ALBERTO	CUE	001	34	04	5001237179	1	35.84	CONSUMO CELULAR CLARO	001215049035652	32.01	REC	38	3.83	001	S			P	S	0	0.00	0.00	0.00	0.00	0.00	0.00	0.30				0.00	0.00	0.00	0.00	2	35.84
38   	Mar 7 2024 12:00AM	BZDET	2002	000000004067237875	R	0916876337	TORRES MINDIOLA LUISA LEONOR	CUE	001	34	03	1745005345	1	7.17	CONSUMO CELULAR CLARO	001214016079379	6.41	REC	38	0.76	001	S			P	S	0	0.00	0.00	0.00	0.00	0.00	0.00	0.30				0.00	0.00	0.00	0.00	2	7.17
38   	Mar 7 2024 12:00AM	BZDET	2021	000000004067266802	R	1202293351	TABAREZ PLUA JOSE VICTOR	CUE	001	34	04	0002817168	1	10.05	CONSUMO CELULAR CLARO	001215049086381	8.98	REC	38	1.07	001	S			P	S	0	0.00	0.00	0.00	0.00	0.00	0.00	0.30				0.00	0.00	0.00	0.00	2	10.05
38   	Mar 7 2024 12:00AM	BZDET	2060	000000004067363762	R	0923335343	PALMA MORAN FREDDY ENRIQUE	CUE	001	34	04	0851236761	1	15.12	CONSUMO CELULAR CLARO	001215048907200	13.51	REC	38	1.61	001	S			P	S	0	0.00	0.00	0.00	0.00	0.00	0.00	0.30				0.00	0.00	0.00	0.00	2	15.12
38   	Mar 7 2024 12:00AM	BZDET	2158	000000004067529167	R	0927378992	PEREZ QUIMIS DARWIN JAVIER	CUE	001	34	04	7001162367	1	20.37	CONSUMO CELULAR CLARO	001215049225825	18.19	REC	38	2.18	001	S			P	S	0	0.00	18.19	0.00	18.19	0.00	0.00	0.30				0.00	2.18	2.18	0.00	2	20.37
38   	Mar 7 2024 12:00AM	BZDET	2178	000000004067574363	R	0923614317	LOMBEIDA FERRUZOLA LINDA LILIANA	CUE	001	34	04	0001937375	1	117.73	CONSUMO CELULAR CLARO	001215049187508	105.12	REC	38	12.61	001	S			P	S	0	0.00	0.00	0.00	0.00	0.00	0.00	0.30				0.00	0.00	0.00	0.00	2	117.73
38   	Mar 7 2024 12:00AM	BZDET	2192	000000004067610782	R	0911939445	GARCIA MOSCOSO FELIX ENRIQUE	CUE	001	34	04	0921067270	1	12.48	CONSUMO CELULAR CLARO	001215049195273	11.15	REC	38	1.33	001	S			P	S	0	0.00	0.00	0.00	0.00	0.00	0.00	0.30				0.00	0.00	0.00	0.00	2	12.48
38   	Mar 7 2024 12:00AM	BZDET	2202	000000004067635383	R	0916986482	HERRERA MORANTE ALBERTO ENRIQUE	CUE	001	34	04	7001159249	1	73.13	CONSUMO CELULAR CLARO	001214016095933	65.30	REC	38	7.83	001	S			P	S	0	0.00	0.00	0.00	0.00	0.00	0.00	0.30				0.00	0.00	0.00	0.00	2	73.13
38   	Mar 7 2024 12:00AM	BZDET	2300	000000004067806855	R	0914492939	VEGA PEREZ CARLOS HUMBERTO	CUE	001	34	04	0021095271	1	19.00	CONSUMO CELULAR CLARO	001215048852526	16.97	REC	38	2.03	001	S			P	S	0	0.00	16.97	0.00	16.97	0.00	0.00	0.30				0.00	2.03	2.03	0.00	2	19.00
38   	Mar 7 2024 12:00AM	BZDET	2318	000000004067843588	R	0923628861	BAQUE VERA GLADYS DAMARIS	CUE	001	34	04	0003038069	1	36.04	CONSUMO CELULAR CLARO	001215049207290	32.18	REC	38	3.86	001	S			P	S	0	0.00	0.00	0.00	0.00	0.00	0.00	0.30				0.00	0.00	0.00	0.00	2	36.04
38   	Mar 7 2024 12:00AM	BZDET	2543	000000004068271802	R	0926642208	ESPINOZA GUILLEN JESUS ALBERTO	CUE	001	34	04	0061337427	1	3,066.89	CONSUMO CELULAR CLARO	001214014015229	2,738.30	REC	38	328.59	001	S			P	S	0	0.00	0.00	0.00	0.00	0.00	0.00	0.30				0.00	0.00	0.00	0.00	2	363.04
38   	Mar 7 2024 12:00AM	BZDET	2571	000000004068308677	R	0927344648	BANDA PE베FIEL ROSARIO DEL PILAR	CUE	001	34	04	0931224406	1	28.64	CONSUMO CELULAR CLARO	001215049043767	25.58	REC	38	3.06	001	S			P	S	0	0.00	25.58	0.00	25.58	0.00	0.00	0.30				0.00	3.06	3.06	0.00	2	28.64
38   	Mar 7 2024 12:00AM	BZDET	2574	000000004068314159	R	0917208282	LARREA VILLENA MARIA DEL CARMEN	CUE	001	34	04	0002366012	1	25.19	CONSUMO CELULAR CLARO	001215048910162	22.50	REC	38	2.69	001	S			P	S	0	0.00	22.50	0.00	22.50	0.00	0.00	0.30				0.00	2.69	2.69	0.00	2	25.19
38   	Mar 7 2024 12:00AM	BZDET	2650	000000004152580829	R	0919729137	VELIZ JIMENEZ DARWIN JACOBO	CUE	001	34	04	0851443687	1	20.09	CONSUMO CELULAR CLARO	001215049122461	17.94	REC	38	2.15	001	S			P	S	0	0.00	0.00	0.00	0.00	0.00	0.00	0.30				0.00	0.00	0.00	0.00	2	7.46
38   	Mar 7 2024 12:00AM	BZDET	2833	000000006068895912	R	1311377756	PEREZ ANCHUNDIA YORVIN GUILLERMO	CUE	001	34	04	0061372179	1	33.58	CONSUMO CELULAR CLARO	001215049269835	29.99	REC	38	3.59	001	S			P	S	0	0.00	29.99	0.00	29.99	0.00	0.00	0.30				0.00	3.59	3.59	0.00	2	33.58
38   	Mar 7 2024 12:00AM	BZDET	2910	000000008515477535	R	0918679622	GUERRA CARRANZA ABNER DAVID	CUE	001	34	04	0003496303	1	2.88	CONSUMO CELULAR CLARO	001215049007135	2.58	REC	38	0.30	001	S			P	S	0	0.00	0.00	0.00	0.00	0.00	0.00	0.30				0.00	0.00	0.00	0.00	2	2.88
38   	Mar 7 2024 12:00AM	BZDET	2936	000000008516927450	R	0930942818	MANZANO MACIAS JOSHUA ANDRES	CUE	001	34	03	0035057336	1	20.56	CONSUMO CELULAR CLARO	001214016029227	18.36	REC	38	2.20	001	S			P	S	0	0.00	0.00	0.00	0.00	0.00	0.00	0.30				0.00	0.00	0.00	0.00	2	20.56
38   	Mar 7 2024 12:00AM	BZDET	3027	000000008522540151	R	1710558477	HARO CRUZ MAURICIO FERNANDO	CUE	001	34	04	1631078077	1	14.77	CONSUMO CELULAR CLARO	001215048961308	13.19	REC	38	1.58	001	S			P	S	0	0.00	13.19	0.00	13.19	0.00	0.00	0.30				0.00	1.58	1.58	0.00	2	4.89
38   	Mar 7 2024 12:00AM	BZDET	3121	000000008525747363	R	0924659089	VELIZ QUINTANA GIANELLA MARIA	CUE	001	34	03	0065043112	1	14.28	CONSUMO CELULAR CLARO	001215049063916	12.75	REC	38	1.53	001	S			P	S	0	0.00	12.75	0.00	12.75	0.00	0.00	0.30				0.00	1.53	1.53	0.00	2	14.28
38   	Mar 7 2024 12:00AM	BZDET	3137	000000008526335486	R	0958904328	JARAMILLO MACIAS LESLIE GABRIELA	CUE	001	34	04	0051888955	1	93.69	CONSUMO CELULAR CLARO	001215049151391	83.66	REC	38	10.03	001	S			P	S	0	0.00	0.00	0.00	0.00	0.00	0.00	0.30				0.00	0.00	0.00	0.00	2	93.69
38   	Mar 7 2024 12:00AM	BZDET	3139	000000008526351630	R	1310653892	CASTRO CASTRO ISIDRA ELIZABETH	CUE	001	34	04	0841289881	1	15.64	CONSUMO CELULAR CLARO	001215048099087	13.97	REC	38	1.67	001	S			P	S	0	0.00	0.00	0.00	0.00	0.00	0.00	0.30				0.00	0.00	0.00	0.00	2	15.64
38   	Mar 7 2024 12:00AM	BZDET	3230	000000008528804924	R	0917998460	POVEDA PITA GINNO ALFREDO	CUE	001	34	04	0021562469	1	213.94	CONSUMO CELULAR CLARO	001215044401763	191.02	REC	38	22.92	001	S			P	S	0	0.00	0.00	0.00	0.00	0.00	0.00	0.30				0.00	0.00	0.00	0.00	2	213.94
38   	Mar 7 2024 12:00AM	BZDET	3234	000000008528848447	R	0923517007	ENCALADA USI베 JUANA FRANCISCA	CUE	001	34	04	0851452779	1	125.46	CONSUMO CELULAR CLARO	001215048110339	112.02	REC	38	13.44	001	S			P	S	0	0.00	0.00	0.00	0.00	0.00	0.00	0.30				0.00	0.00	0.00	0.00	2	125.46
38   	Mar 7 2024 12:00AM	BZDET	3290	000000008529858469	R	0920743275	ESCOBAR MACIAS HERWIN ADRIAN	CUE	001	34	04	0871119353	1	21.46	CONSUMO CELULAR CLARO	001215047786938	19.17	REC	38	2.29	001	S			P	S	0	0.00	19.17	0.00	19.17	0.00	0.00	0.30				0.00	2.29	2.29	0.00	2	21.46
38   	Mar 7 2024 12:00AM	BZDET	3291	000000008529863325	R	0920743275	ESCOBAR MACIAS HERWIN ADRIAN	CUE	001	34	04	0871119353	1	21.46	CONSUMO CELULAR CLARO	001215047787237	19.17	REC	38	2.29	001	S			P	S	0	0.00	19.17	0.00	19.17	0.00	0.00	0.30				0.00	2.29	2.29	0.00	2	21.46
38   	Mar 7 2024 12:00AM	BZDET	3409	000000008532391014	R	0916239528	RIOS ZAMBRANO RONALD JAVIER	CUE	001	34	04	0851095361	1	12.00	CONSUMO CELULAR CLARO	001215049160638	10.72	REC	38	1.28	001	S			P	S	0	0.00	10.72	0.00	10.72	0.00	0.00	0.30				0.00	1.28	1.28	0.00	2	12.00
38   	Mar 7 2024 12:00AM	BZDET	3484	000000008534626258	R	0921366555	PINELA HOYOS HOLGER ENRIQUE	CUE	001	34	04	0002059834	1	81.61	CONSUMO CELULAR CLARO	001214015993375	72.87	REC	38	8.74	001	S			P	S	0	0.00	0.00	0.00	0.00	0.00	0.00	0.30				0.00	0.00	0.00	0.00	2	81.61
38   	Mar 7 2024 12:00AM	BZDET	3517	000000008535394277	R	0908595135	BORJA RENDON JUAN SEBASTIAN	CUE	001	34	04	0931211300	1	25.22	CONSUMO CELULAR CLARO	001214016102384	22.52	REC	38	2.70	001	S			P	S	0	0.00	0.00	0.00	0.00	0.00	0.00	0.30				0.00	0.00	0.00	0.00	2	4.04
38   	Mar 7 2024 12:00AM	BZDET	3542	000000008536146441	R	0958557910	MILLER SANCHEZ ANNIE GISSELL	CUE	001	34	04	0051860319	1	48.47	CONSUMO CELULAR CLARO	001215048883361	43.28	REC	38	5.19	001	S			P	S	0	0.00	0.00	0.00	0.00	0.00	0.00	0.30				0.00	0.00	0.00	0.00	2	48.47
38   	Mar 7 2024 12:00AM	BZDET	3598	000000008536887381	R	0921366555	PINELA HOYOS HOLGER ENRIQUE	CUE	001	34	04	0002059834	1	70.01	CONSUMO CELULAR CLARO	001215048846609	62.51	REC	38	7.50	001	S			P	S	0	0.00	0.00	0.00	0.00	0.00	0.00	0.30				0.00	0.00	0.00	0.00	2	70.01
38   	Mar 7 2024 12:00AM	BZDET	3607	000000008537745634	R	1500920275	CERDA TAPUY JENIFER ANDREA	CUE	001	34	04	5001698969	1	19.96	CONSUMO CELULAR CLARO	001215049238554	17.83	REC	38	2.13	001	S			P	S	0	0.00	17.83	0.00	17.83	0.00	0.00	0.30				0.00	2.13	2.13	0.00	2	19.96
38   	Mar 7 2024 12:00AM	BZDET	3709	000000008541119640	R	0940284375	NAVARRO PONCE ANA GARDENIA	CUE	001	34	04	0003221347	1	144.33	CONSUMO CELULAR CLARO	001215049144214	128.87	REC	38	15.46	001	S			P	S	0	0.00	0.00	0.00	0.00	0.00	0.00	0.30				0.00	0.00	0.00	0.00	2	144.33
38   	Mar 7 2024 12:00AM	BZDET	3712	000000008541195116	R	0927301911	VARGAS YANGARI JACQUELINE ISABEL	CUE	001	34	03	0955033032	1	2.67	CONSUMO CELULAR CLARO	001215049107153	2.39	REC	38	0.28	001	S			P	S	0	0.00	0.00	0.00	0.00	0.00	0.00	0.30				0.00	0.00	0.00	0.00	2	0.82
38   	Mar 7 2024 12:00AM	BZDET	3739	000000008541943617	R	1208895670	VALVERDE ARANA RONALDO STIVEN	CUE	001	34	04	2051152075	1	22.46	CONSUMO CELULAR CLARO	001215049072507	20.06	REC	38	2.40	001	S			P	S	0	0.00	20.06	0.00	20.06	0.00	0.00	0.30				0.00	2.40	2.40	0.00	2	8.16
38   	Mar 7 2024 12:00AM	BZDET	3778	000000008543376466	R	0927331983	SUAREZ MARTINEZ JUAN BAUTISTA	CUE	001	34	04	0921451630	1	22.46	CONSUMO CELULAR CLARO	001215049001900	20.06	REC	38	2.40	001	S			P	S	0	0.00	20.06	0.00	20.06	0.00	0.00	0.30				0.00	2.40	2.40	0.00	2	7.13
38   	Mar 7 2024 12:00AM	BZDET	3797	000000008544076159	R	0940275845	QUIJIJE ALAVA MABEL ALEXANDRA	CUE	001	34	04	0921401290	1	14.00	CONSUMO CELULAR CLARO	001215048983238	12.50	REC	38	1.50	001	S			P	S	0	0.00	12.50	0.00	12.50	0.00	0.00	0.30				0.00	1.50	1.50	0.00	2	4.33
38   	Mar 7 2024 12:00AM	BZDET	3816	000000008544571337	R	0951531482	COELLO RODRIGUEZ IVAN EDUARDO	CUE	001	34	04	0941367116	1	17.77	CONSUMO CELULAR CLARO	001214016021119	15.87	REC	38	1.90	001	S			P	S	0	0.00	0.00	0.00	0.00	0.00	0.00	0.30				0.00	0.00	0.00	0.00	2	9.70
38   	Mar 7 2024 12:00AM	BZDET	3849	000000007000506848	R	0931108047	FIGUEROA ZAMBRANO JULIANA KAINA	CUE	001	34	04	0921128794	1	12.08	CONSUMO CELULAR CLARO	001222005160339	10.79	REC	38	1.29	001	S			P	S	0	0.00	0.00	0.00	0.00	0.00	0.00	0.30				0.00	0.00	0.00	0.00	2	12.08
38   	Mar 7 2024 12:00AM	BZDET	3863	000000007000705813	R	0925342008	ANGIE MAYRA ALVARADO  AROCA	CUE	001	34	04	0001965281	1	18.37	CONSUMO CELULAR CLARO	001222005172346	16.41	REC	38	1.96	001	S			P	S	0	0.00	0.00	0.00	0.00	0.00	0.00	0.30				0.00	0.00	0.00	0.00	2	18.37
38   	Mar 7 2024 12:00AM	BZDET	3883	000000007000824353	R	0900204280	SOTOMAYOR ALFARO CARLOS ALBERTO	CUE	001	34	04	0002442236	1	18.17	CONSUMO CELULAR CLARO	001163000380370	16.23	REC	38	1.94	001	S			P	S	0	0.00	0.00	0.00	0.00	0.00	0.00	0.30				0.00	0.00	0.00	0.00	2	18.17
38   	Mar 7 2024 12:00AM	BZDET	3957	000000007001196852	R	1705888319	MARIA EUGENIA ESTRADA VASCONES	CUE	001	34	04	5021199295	1	11.18	CONSUMO CELULAR CLARO	001222005131222	9.99	REC	38	1.19	001	S			P	S	0	3.50	9.99	0.00	9.99	0.00	0.00	0.30				0.00	1.19	1.19	0.00	2	11.18
38   	Mar 7 2024 12:00AM	BZDET	3982	000000007001326197	R	0914066097	CYNTHIA FABIOLA GONZALES  QUINDE	CUE	001	34	04	0851023013	1	26.26	CONSUMO CELULAR CLARO	001222005171331	23.45	REC	38	2.81	001	S			P	S	0	0.00	0.00	0.00	0.00	0.00	0.00	0.30				0.00	0.00	0.00	0.00	2	26.26
38   	Mar 7 2024 12:00AM	BZDET	4021	000000007001418667	R	0908930423	DELGADO GONZALEZ HEMA ROSSANA	CUE	001	34	04	0061126547	1	4.51	CONSUMO CELULAR CLARO	001222005170119	4.03	REC	38	0.48	001	S			P	S	0	0.00	0.00	0.00	0.00	0.00	0.00	0.30				0.00	0.00	0.00	0.00	2	2.70
38   	Mar 7 2024 12:00AM	BZDET	4022	000000007001420140	R	1202732929	ALJI ALBERTO TERAN HERRERA	CUE	001	34	04	0941058330	1	17.36	CONSUMO CELULAR CLARO	001222005183843	15.51	REC	38	1.85	001	S			P	S	0	0.00	0.00	0.00	0.00	0.00	0.00	0.30				0.00	0.00	0.00	0.00	2	17.36
38   	Mar 7 2024 12:00AM	BZDET	4051	000000007001493817	R	0918333030	ZAMBRANO PONCE JOSE ENRIQUE	CUE	001	34	03	0015024785	1	21.58	CONSUMO CELULAR CLARO	001222005123870	19.27	REC	38	2.31	001	S			P	S	0	0.00	0.00	0.00	0.00	0.00	0.00	0.30				0.00	0.00	0.00	0.00	2	19.70
38   	Mar 7 2024 12:00AM	BZDET	4071	000000007001567228	R	2300370323	DELGADO MOREIRA EVELYN MAITEE	CUE	001	34	04	0002595720	1	2.39	CONSUMO CELULAR CLARO	001222005175843	2.14	REC	38	0.25	001	S			P	S	0	0.00	0.00	0.00	0.00	0.00	0.00	0.30				0.00	0.00	0.00	0.00	2	2.39
38   	Mar 7 2024 12:00AM	BZDET	4086	000000007001594283	R	0923521488	KETTY ANDREA CASTRO  MERA	CUE	001	34	04	0051814241	1	26.57	CONSUMO CELULAR CLARO	001222004989014	23.73	REC	38	2.84	001	S			P	S	0	0.00	0.00	0.00	0.00	0.00	0.00	0.30				0.00	0.00	0.00	0.00	2	24.89
38   	Mar 7 2024 12:00AM	BZDET	4090	000000007001607558	R	0704903244	PONTON ZAMBRANO MARIA ROSIBEL	CUE	001	34	04	5001257219	1	8.56	CONSUMO CELULAR CLARO	001222005113524	7.65	REC	38	0.91	001	S			P	S	0	0.00	0.00	0.00	0.00	0.00	0.00	0.30				0.00	0.00	0.00	0.00	2	8.56
38   	Mar 7 2024 12:00AM	BZDET	4109	000000007001653479	R	0921448874	ALEXANDRA MARIA  MENDOZA  MORA	CUE	001	34	04	0951244260	1	22.40	CONSUMO CELULAR CLARO	001222005139048	20.00	REC	38	2.40	001	S			P	S	0	3.50	20.00	0.00	20.00	0.00	0.00	0.30				0.00	2.40	2.40	0.00	2	22.40
38   	Mar 7 2024 12:00AM	BZDET	4178	000000007001763054	R	1715901961	TUQUERRES BASTIDAS DORA JANNETH	CUE	001	34	04	5081130491	1	24.65	CONSUMO CELULAR CLARO	001222005185140	22.01	REC	38	2.64	001	S			P	S	0	0.00	0.00	0.00	0.00	0.00	0.00	0.30				0.00	0.00	0.00	0.00	2	24.65
38   	Mar 7 2024 12:00AM	BZDET	4219	000000007001821596	R	0920647377	ASTUDILLO ESPINOZA MAYRA ALEXANDRA	CUE	001	34	04	0061250789	1	20.95	CONSUMO CELULAR CLARO	001222005132804	18.71	REC	38	2.24	001	S			P	S	0	0.00	0.00	0.00	0.00	0.00	0.00	0.30				0.00	0.00	0.00	0.00	2	20.95
38   	Mar 7 2024 12:00AM	BZDET	4226	000000007001834355	R	1310018617	MARTHA YAJAIRA FREILE PINARGOTE	CUE	001	34	04	0001278653	1	19.69	CONSUMO CELULAR CLARO	001222005128625	17.59	REC	38	2.10	001	S			P	S	0	0.00	0.00	0.00	0.00	0.00	0.00	0.30				0.00	0.00	0.00	0.00	2	4.82
38   	Mar 7 2024 12:00AM	BZDET	4243	000000007001852507	R	0926605817	MONCAO ANDRADE ANDREA LEONOR	CUE	001	34	04	0061217097	1	15.88	CONSUMO CELULAR CLARO	001222005151467	14.18	REC	38	1.70	001	S			P	S	0	0.00	0.00	0.00	0.00	0.00	0.00	0.30				0.00	0.00	0.00	0.00	2	15.88
38   	Mar 7 2024 12:00AM	BZDET	4289	000000007401919761	R	0916099971	DELGADO RENDON XAVIER ANTONIO	CUE	001	34	04	0002581902	1	4.04	CONSUMO CELULAR CLARO	001222005181398	3.61	REC	38	0.43	001	S			P	S	0	0.00	3.61	0.00	3.61	0.00	0.00	0.30				0.00	0.43	0.43	0.00	2	4.04
38   	Mar 7 2024 12:00AM	BZDET	4320	000000008530422779	R	0962587127	PALACIOS ANDRADE FRANCYS NAZARETH	CUE	001	34	03	0845040269	1	26.87	CONSUMO CELULAR CLARO	001222005129540	24.00	REC	38	2.87	001	S			P	S	0	0.00	0.00	0.00	0.00	0.00	0.00	0.30				0.00	0.00	0.00	0.00	2	11.32
38   	Mar 7 2024 12:00AM	BZDET	4322	000000008531085903	R	0941343121	VERA SALAZAR VICENTE GABRIEL	CUE	001	34	04	0881156381	1	17.92	CONSUMO CELULAR CLARO	001232000311954	16.01	REC	38	1.91	001	S			P	S	0	0.00	0.00	0.00	0.00	0.00	0.00	0.30				0.00	0.00	0.00	0.00	2	17.92
38   	Mar 7 2024 12:00AM	BZDET	4360	000000008534702469	R	0918507245	VALDEZ MENDOZA MANUEL ARAFAT	CUE	001	34	04	0841063961	1	6.13	CONSUMO CELULAR CLARO	001222005185871	5.48	REC	38	0.65	001	S			P	S	0	0.00	0.00	0.00	0.00	0.00	0.00	0.30				0.00	0.00	0.00	0.00	2	6.13
38   	Mar 7 2024 12:00AM	BZDET	4402	000000007000503440	R	0920286317	MOROCHO VILLACRES JUAN CARLOS	CUE	001	34	03	7005009018	1	48.81	CONSUMO CELULAR CLARO	001222004949552	43.59	REC	38	5.22	001	S			P	S	0	0.00	0.00	0.00	0.00	0.00	0.00	0.30				0.00	0.00	0.00	0.00	2	9.91
38   	Mar 7 2024 12:00AM	BZDET	4424	000000007001077109	R	1206501783	MARIO ALBERTO AVILES MAYA	CUE	001	34	04	0002891884	1	47.68	CONSUMO CELULAR CLARO	001222002282491	42.58	REC	38	5.10	001	S			P	S	0	0.00	0.00	0.00	0.00	0.00	0.00	0.30				0.00	0.00	0.00	0.00	2	20.90
38   	Mar 7 2024 12:00AM	BZDET	4695	000000008540843963	R	0917372765	MARURI CABELLO YESENIA LETICIA	CUE	001	34	04	0021173175	1	2.81	CONSUMO CELULAR CLARO	001230000581347	2.51	REC	38	0.30	001	S			P	S	0	0.00	0.00	0.00	0.00	0.00	0.00	0.30				0.00	0.00	0.00	0.00	2	0.30
38   	Mar 7 2024 12:00AM	BZDET	4739	000000008541932075	R	0941494072	OLIVO ARTEAGA ERIC OMAR	CUE	001	34	04	0981856902	1	29.12	CONSUMO CELULAR CLARO	001230000574925	26.00	REC	38	3.12	001	S			P	S	0	3.50	26.00	0.00	26.00	0.00	0.00	0.30				0.00	3.12	3.12	0.00	2	29.12
38   	Mar 7 2024 12:00AM	BZDET	4759	000000008542563336	R	0951342708	VALLE PAREDES JAVIER GEOVANNY	CUE	001	34	04	0002742002	1	49.34	CONSUMO CELULAR CLARO	001230000579665	44.06	REC	38	5.28	001	S			P	S	0	0.00	0.00	0.00	0.00	0.00	0.00	0.30				0.00	0.00	0.00	0.00	2	49.34
38   	Mar 7 2024 12:00AM	BZDET	4771	000000008542711078	R	1723767586	TAMAYO CARRION ABEL ALEXANDER	CUE	001	34	04	5011172159	1	5.17	CONSUMO CELULAR CLARO	001230000579527	4.62	REC	38	0.55	001	S			P	S	0	0.00	0.00	0.00	0.00	0.00	0.00	0.30				0.00	0.00	0.00	0.00	2	5.17
38   	Mar 7 2024 12:00AM	BZDET	4783	000000008543186503	R	1725870131	TORRES GALVEZ GABRIELA VERENICE	CUE	001	34	04	5001461255	1	30.63	CONSUMO CELULAR CLARO	001230000577902	27.35	REC	38	3.28	001	S			P	S	0	0.00	0.00	0.00	0.00	0.00	0.00	0.30				0.00	0.00	0.00	0.00	2	30.63
38   	Mar 7 2024 12:00AM	BZDET	4796	000000008543375899	R	0910837046	ARICA FLORES JOSE ARTURO	CUE	001	34	04	0001058169	1	117.27	CONSUMO CELULAR CLARO	001230000566912	104.71	REC	38	12.56	001	S			P	S	0	0.00	0.00	0.00	0.00	0.00	0.00	0.30				0.00	0.00	0.00	0.00	2	117.27
38   	Mar 7 2024 12:00AM	BZDET	4799	000000008543513292	R	0918254343	PINO LARREA MARIA FERNANDA	CUE	001	34	04	0061297743	1	28.39	CONSUMO CELULAR CLARO	001230000571837	25.35	REC	38	3.04	001	S			P	S	0	0.00	0.00	0.00	0.00	0.00	0.00	0.30				0.00	0.00	0.00	0.00	2	28.39
38   	Mar 7 2024 12:00AM	BZDET	4837	000000008545125652	R	0907053110	ESPINOZA BARROS GONZALO MANUEL	CUE	001	34	04	0001729051	1	21.60	CONSUMO CELULAR CLARO	001230000589340	19.29	REC	38	2.31	001	S			P	S	0	0.00	0.00	0.00	0.00	0.00	0.00	0.30				0.00	0.00	0.00	0.00	2	9.97
38   	Mar 7 2024 12:00AM	BZDET	4949	000000008541951712	R	0931153019	VALAREZO CARRILLO GERARDO ADRIAN	CUE	001	34	04	0002736686	1	2.17	CONSUMO CELULAR CLARO	001230000550220	1.94	REC	38	0.23	001	S			P	S	0	0.00	0.00	0.00	0.00	0.00	0.00	0.30				0.00	0.00	0.00	0.00	2	2.17
38   	Mar 7 2024 12:00AM	BZDET	4970	000000008543114310	R	0928106285	SORIANO FRANCO DAVID ALEXANDER	CUE	001	34	04	0981233614	1	18.63	CONSUMO CELULAR CLARO	001230000554550	16.64	REC	38	1.99	001	S			P	S	0	0.00	0.00	0.00	0.00	0.00	0.00	0.30				0.00	0.00	0.00	0.00	2	18.63
38   	Mar 7 2024 12:00AM	BZDET	4999	000000008544027883	R	1719035162	CHIRIGUALLA JIMENEZ CYNTHIA NOEMY	CUE	001	34	04	5011109761	1	19.26	CONSUMO CELULAR CLARO	001230000552203	17.20	REC	38	2.06	001	S			P	S	0	3.50	17.20	0.00	17.20	0.00	0.00	0.30				0.00	2.06	2.06	0.00	2	19.26
38   	Mar 7 2024 12:00AM	BZDET	5013	000000008544759703	R	0918769225	MORA MONTALVO BERTHA PATRICIA	CUE	001	34	04	0041096513	1	21.28	CONSUMO CELULAR CLARO	001230000559014	19.00	REC	38	2.28	001	S			P	S	0	144.22	19.00	0.00	19.00	0.00	0.00	0.30				0.00	2.28	2.28	0.00	2	2.70
38   	Mar 7 2024 12:00AM	BZDET	5025	000000004067213939	R	0916816143	OROSCO CONFORME FELIX GIOVANNY	CUE	001	34	04	0031268647	1	50.21	CONSUMO CELULAR CLARO	001215049433053	44.84	REC	38	5.37	001	S			P	S	0	0.00	0.00	0.00	0.00	0.00	0.00	0.30				0.00	0.00	0.00	0.00	2	50.21
38   	Mar 7 2024 12:00AM	BZDET	5026	000000004067263198	R	1727499210	ESPINOZA ESPINOZA JAIRO ALEXANDER	CUE	001	34	04	5001511803	1	17.65	CONSUMO CELULAR CLARO	001215049417326	15.76	REC	38	1.89	001	S			P	S	0	0.00	0.00	0.00	0.00	0.00	0.00	0.30				0.00	0.00	0.00	0.00	2	17.65
38   	Mar 7 2024 12:00AM	BZDET	5074	000000004145369977	R	0906002662	MOLINA GOMEZ MARIA ISABEL	CUE	001	34	04	0001379417	1	49.81	CONSUMO CELULAR CLARO	001214016119596	44.48	REC	38	5.33	001	S			P	S	0	0.00	0.00	0.00	0.00	0.00	0.00	0.30				0.00	0.00	0.00	0.00	2	22.07
38   	Mar 7 2024 12:00AM	BZDET	5078	000000004146661353	R	0901440040	VILLA FALCONI MARTHA CECILIA IVONNE	CUE	001	34	04	0001040541	1	19.46	CONSUMO CELULAR CLARO	001215049316010	17.38	REC	38	2.08	001	S			P	S	0	0.00	0.00	0.00	0.00	0.00	0.00	0.30				0.00	0.00	0.00	0.00	2	19.46
38   	Mar 7 2024 12:00AM	BZDET	5089	000000004151957555	R	1710339712	ZAMBRANO PERE MARIA DEL CARMEN	CUE	001	34	04	0931086908	1	25.00	CONSUMO CELULAR CLARO	001215049319916	22.33	REC	38	2.67	001	S			P	S	0	0.00	22.33	0.00	22.33	0.00	0.00	0.30				0.00	2.67	2.67	0.00	2	25.00
38   	Mar 7 2024 12:00AM	BZDET	5093	000000004153420575	R	1706457379	UNDA TRIVI벮 HUGO CLEMENTE	CUE	001	34	04	0021038183	1	42.24	CONSUMO CELULAR CLARO	001214016106956	37.72	REC	38	4.52	001	S			P	S	0	0.00	37.72	0.00	37.72	0.00	0.00	0.30				0.00	4.52	4.52	0.00	2	42.24
38   	Mar 7 2024 12:00AM	BZDET	5103	000000004153953261	R	0914463070	DIAZ GRANADOS NATH DENISE DE LOURDES	CUE	001	34	04	0931018334	1	17.29	CONSUMO CELULAR CLARO	001214016106140	15.44	REC	38	1.85	001	S			P	S	0	0.00	0.00	0.00	0.00	0.00	0.00	0.30				0.00	0.00	0.00	0.00	2	17.29
38   	Mar 7 2024 12:00AM	BZDET	5117	000000004159707449	R	0925994675	PEREZ MAC COLLUM CARRE벮 KRISTINA NALANI	CUE	001	34	04	0061231141	1	6.16	CONSUMO CELULAR CLARO	001214016118051	5.50	REC	38	0.66	001	S			P	S	0	0.00	0.00	0.00	0.00	0.00	0.00	0.30				0.00	0.00	0.00	0.00	2	4.30
38   	Mar 7 2024 12:00AM	BZDET	5120	000000004160668054	R	0909116923001	MEDINA MITE CLEMENTE	CUE	001	34	04	0061083009	1	29.00	CONSUMO CELULAR CLARO	001214016114353	25.90	REC	38	3.10	001	S			P	S	0	0.00	25.90	0.00	25.90	0.00	0.00	0.30				0.00	3.10	3.10	0.00	2	29.00
38   	Mar 7 2024 12:00AM	BZDET	5140	000000004167063581	R	0910149905	BORBOR FLOREANO JORGE ALBERTO	CUE	001	34	04	7001159727	1	3.56	CONSUMO CELULAR CLARO	001215049294322	3.18	REC	38	0.38	001	S			P	S	0	0.00	0.00	0.00	0.00	0.00	0.00	0.30				0.00	0.00	0.00	0.00	2	3.56
38   	Mar 7 2024 12:00AM	BZDET	5160	000000004167672819	R	0914703608	SAENZ DE VITERI PEREZ OSWALDO	CUE	001	34	03	0845006007	1	17.00	CONSUMO CELULAR CLARO	001215049397651	15.18	REC	38	1.82	001	S			P	S	0	0.00	15.18	0.00	15.18	0.00	0.00	0.30				0.00	1.82	1.82	0.00	2	17.00
38   	Mar 7 2024 12:00AM	BZDET	5163	000000004167841338	R	1205073172	HIDALGO VIVANCO LISETH KATERINE	CUE	001	34	04	0021434537	1	23.03	CONSUMO CELULAR CLARO	001215049356425	20.57	REC	38	2.46	001	S			P	S	0	0.00	0.00	0.00	0.00	0.00	0.00	0.30				0.00	0.00	0.00	0.00	2	23.03
38   	Mar 7 2024 12:00AM	BZDET	5164	000000004167846669	R	0919526418	PERUGACHI ORTIZ FRANCESCA GABRIELA	CUE	001	34	03	0035043249	1	6.87	CONSUMO CELULAR CLARO	001215049280441	6.14	REC	38	0.73	001	S			P	S	0	0.00	0.00	0.00	0.00	0.00	0.00	0.30				0.00	0.00	0.00	0.00	2	6.87
38   	Mar 7 2024 12:00AM	BZDET	5169	000000004167962617	R	1304492240	CEDE벮 FERRIN LUZMERY	CUE	001	34	04	0002708956	1	15.99	CONSUMO CELULAR CLARO	001214016118475	14.28	REC	38	1.71	001	S			P	S	0	0.00	0.00	0.00	0.00	0.00	0.00	0.30				0.00	0.00	0.00	0.00	2	15.99
38   	Mar 7 2024 12:00AM	BZDET	5170	000000004167962781	R	1304492240	CEDE벮 FERRIN LUZMERY	CUE	001	34	04	0002708956	1	13.44	CONSUMO CELULAR CLARO	001215049403900	12.00	REC	38	1.44	001	S			P	S	0	0.00	12.00	0.00	12.00	0.00	0.00	0.30				0.00	1.44	1.44	0.00	2	13.44
38   	Mar 7 2024 12:00AM	BZDET	5182	000000006060717081	R	1204477457	LARA CARRIEL ANGELICA MARIA	CUE	001	34	04	2001159189	1	23.39	CONSUMO CELULAR CLARO	001232000314193	20.89	REC	38	2.50	001	S			P	S	0	0.00	0.00	0.00	0.00	0.00	0.00	0.30				0.00	0.00	0.00	0.00	2	23.39
38   	Mar 7 2024 12:00AM	BZDET	5183	000000006060906623	R	0801192337	VERNAZA ARROYO EUGENIO	CUE	001	34	04	0981268216	1	39.80	CONSUMO CELULAR CLARO	001232000313929	35.54	REC	38	4.26	001	S			P	S	0	0.00	0.00	0.00	0.00	0.00	0.00	0.30				0.00	0.00	0.00	0.00	2	39.80
38   	Mar 7 2024 12:00AM	BZDET	5240	000000008517457925	R	0919648576	REYES MACIAS LUCIA GUADALUPE	CUE	001	34	04	0001697747	1	32.00	CONSUMO CELULAR CLARO	001215049360113	28.58	REC	38	3.42	001	S			P	S	0	0.00	0.00	0.00	0.00	0.00	0.00	0.30				0.00	0.00	0.00	0.00	2	32.00
38   	Mar 7 2024 12:00AM	BZDET	5254	000000008518394000	R	1204428542	VERA BUSTOS CARLOS JAVIER	CUE	001	34	04	0851176173	1	4.56	CONSUMO CELULAR CLARO	001214016117658	4.08	REC	38	0.48	001	S			P	S	0	0.00	0.00	0.00	0.00	0.00	0.00	0.30				0.00	0.00	0.00	0.00	2	4.56
38   	Mar 7 2024 12:00AM	BZDET	5295	000000008520785562	R	0931250831	CEVALLOS ALVAREZ LIAN ALEJANDRO	CUE	001	34	04	7001244423	1	93.18	CONSUMO CELULAR CLARO	001215049399027	83.20	REC	38	9.98	001	S			P	S	0	0.00	0.00	0.00	0.00	0.00	0.00	0.30				0.00	0.00	0.00	0.00	2	93.18
38   	Mar 7 2024 12:00AM	BZDET	5345	000000008522386841	R	1723767586	TAMAYO CARRION ABEL ALEXANDER	CUE	001	34	04	5011172159	1	17.00	CONSUMO CELULAR CLARO	001215049368200	15.18	REC	38	1.82	001	S			P	S	0	0.00	15.18	0.00	15.18	0.00	0.00	0.30				0.00	1.82	1.82	0.00	2	17.00
38   	Mar 7 2024 12:00AM	BZDET	5377	000000008523407206	R	0955040597	MORALES MONROY LIGGIE ANABELL	CUE	001	34	04	0881157223	1	30.64	CONSUMO CELULAR CLARO	001214016113841	27.36	REC	38	3.28	001	S			P	S	0	0.00	27.36	0.00	27.36	0.00	0.00	0.30				0.00	3.28	3.28	0.00	2	7.40
38   	Mar 7 2024 12:00AM	BZDET	5386	000000008523467145	R	1204854739	TISALEMA RODRIGUEZ MARIA DEL CARMEN	CUE	001	34	04	0011036363	1	51.53	CONSUMO CELULAR CLARO	001215049399604	46.01	REC	38	5.52	001	S			P	S	0	0.00	0.00	0.00	0.00	0.00	0.00	0.30				0.00	0.00	0.00	0.00	2	51.53
38   	Mar 7 2024 12:00AM	BZDET	5389	000000008523478534	R	0925688814	VALLEJO BALLADARES GILMA LISSETTE	CUE	001	34	04	1751071958	1	5.72	CONSUMO CELULAR CLARO	001215049330772	5.11	REC	38	0.61	001	S			P	S	0	0.00	0.00	0.00	0.00	0.00	0.00	0.30				0.00	0.00	0.00	0.00	2	5.72
38   	Mar 7 2024 12:00AM	BZDET	5397	000000008524000457	R	0932306921	REINA ENRIQUEZ RICHARD ANDRES	CUE	001	34	04	0921479776	1	90.67	CONSUMO CELULAR CLARO	001214016120812	80.96	REC	38	9.71	001	S			P	S	0	0.00	0.00	0.00	0.00	0.00	0.00	0.30				0.00	0.00	0.00	0.00	2	90.67
38   	Mar 7 2024 12:00AM	BZDET	5435	000000008524699782	R	0930618277	REYES FIGUEROA CATHERINE DE LOS ANGELES	CUE	001	34	04	0061276711	1	7.31	CONSUMO CELULAR CLARO	001215049391434	6.53	REC	38	0.78	001	S			P	S	0	0.00	0.00	0.00	0.00	0.00	0.00	0.30				0.00	0.00	0.00	0.00	2	2.30
38   	Mar 7 2024 12:00AM	BZDET	5454	000000008525142337	R	0920014552	CORNEJO AGUIRRE ROBERTO CARLOS	CUE	001	34	04	0001797603	1	17.41	CONSUMO CELULAR CLARO	001215049309112	15.55	REC	38	1.86	001	S			P	S	0	0.00	15.55	0.00	15.55	0.00	0.00	0.30				0.00	1.86	1.86	0.00	2	17.41
38   	Mar 7 2024 12:00AM	BZDET	5455	000000008525148065	R	0922307095	MANZO SANTANA ANIBAL NAHIN	CUE	001	34	04	0003504343	1	37.46	CONSUMO CELULAR CLARO	001214016108866	33.45	REC	38	4.01	001	S			P	S	0	0.00	33.45	0.00	33.45	0.00	0.00	0.30				0.00	4.01	4.01	0.00	2	37.46
38   	Mar 7 2024 12:00AM	BZDET	5457	000000008525252741	R	1303960155	ESPINALES LEON ALFREDO XAVIER	CUE	001	34	04	1121188696	1	3.97	CONSUMO CELULAR CLARO	001215049294459	3.55	REC	38	0.42	001	S			P	S	0	0.00	0.00	0.00	0.00	0.00	0.00	0.30				0.00	0.00	0.00	0.00	2	3.97
38   	Mar 7 2024 12:00AM	BZDET	5476	000000008526009005	R	0930897137	MORAN RODRIGUEZ KEVIN DIONISIO	CUE	001	34	04	0951188158	1	21.49	CONSUMO CELULAR CLARO	001215049346677	19.19	REC	38	2.30	001	S			P	S	0	0.00	19.19	0.00	19.19	0.00	0.00	0.30				0.00	2.30	2.30	0.00	2	21.49
38   	Mar 7 2024 12:00AM	BZDET	5488	000000008526131671	R	0943161976	CASTILLO BANCHON SHIRLEY EIBET	CUE	001	34	04	0951278716	1	11.81	CONSUMO CELULAR CLARO	001215049416160	10.55	REC	38	1.26	001	S			P	S	0	0.00	10.55	0.00	10.55	0.00	0.00	0.30				0.00	1.26	1.26	0.00	2	11.81
38   	Mar 7 2024 12:00AM	BZDET	5502	000000008526570975	R	0918837014	AYUQUINA CARABAJO MARTHA ELISABETH	CUE	001	34	03	0845007200	1	13.04	CONSUMO CELULAR CLARO	001215049282822	11.65	REC	38	1.39	001	S			P	S	0	0.00	0.00	0.00	0.00	0.00	0.00	0.30				0.00	0.00	0.00	0.00	2	13.04
38   	Mar 7 2024 12:00AM	BZDET	5505	000000008526624273	R	0916986938	ASENCIO BARREIRO LUIS GABRIEL	CUE	001	34	04	7001240315	1	15.60	CONSUMO CELULAR CLARO	001215049412038	13.93	REC	38	1.67	001	S			P	S	0	0.00	0.00	0.00	0.00	0.00	0.00	0.30				0.00	0.00	0.00	0.00	2	15.60
38   	Mar 7 2024 12:00AM	BZDET	5549	000000008527240465	R	0919476143	GONZALEZ PIHUAVE JAVIER AURELIO	CUE	001	34	04	7001164267	1	11.26	CONSUMO CELULAR CLARO	001215049314509	10.06	REC	38	1.20	001	S			P	S	0	0.00	0.00	0.00	0.00	0.00	0.00	0.30				0.00	0.00	0.00	0.00	2	4.20
38   	Mar 7 2024 12:00AM	BZDET	5561	000000008527686830	R	0918242306	GOMEZ AGUAYO ROSA IRENE	CUE	001	34	04	0061047833	1	28.18	CONSUMO CELULAR CLARO	001214016120750	25.17	REC	38	3.01	001	S			P	S	0	0.00	25.17	0.00	25.17	0.00	0.00	0.30				0.00	3.01	3.01	0.00	2	28.18
38   	Mar 7 2024 12:00AM	BZDET	5605	000000008528959537	R	2300621923	LOOR SANDOVAL WENDY VANESSA	CUE	001	34	04	0951294902	1	14.47	CONSUMO CELULAR CLARO	001215049386931	12.92	REC	38	1.55	001	S			P	S	0	0.00	12.92	0.00	12.92	0.00	0.00	0.30				0.00	1.55	1.55	0.00	2	3.73
38   	Mar 7 2024 12:00AM	BZDET	5608	000000008528967286	R	0915699920	VELEZ ARELLANO JAVIER CARLOS	CUE	001	34	04	0003505345	1	78.61	CONSUMO CELULAR CLARO	001215049342300	70.19	REC	38	8.42	001	S			P	S	0	0.00	0.00	0.00	0.00	0.00	0.00	0.30				0.00	0.00	0.00	0.00	2	37.80
38   	Mar 7 2024 12:00AM	BZDET	5647	000000008529479038	R	0941322877	BASTIDAS ASTUDILLO VALERIA JANETH	CUE	001	34	04	0881218281	1	69.61	CONSUMO CELULAR CLARO	001215049412457	62.16	REC	38	7.45	001	S			P	S	0	0.00	0.00	0.00	0.00	0.00	0.00	0.30				0.00	0.00	0.00	0.00	2	58.62
38   	Mar 7 2024 12:00AM	BZDET	5649	000000008529488570	R	0924239700	CARRERA ALAVA JESSICA EMILIA	CUE	001	34	04	0003529153	1	12.00	CONSUMO CELULAR CLARO	001215049312202	10.72	REC	38	1.28	001	S			P	S	0	0.00	10.72	0.00	10.72	0.00	0.00	0.30				0.00	1.28	1.28	0.00	2	12.00
38   	Mar 7 2024 12:00AM	BZDET	5662	000000008530065752	R	0925231904	ZAMBRANO BASURTO MIGUEL GREGORIO	CUE	001	34	04	2001144787	1	11.71	CONSUMO CELULAR CLARO	001214016107752	10.46	REC	38	1.25	001	S			P	S	0	0.00	0.00	0.00	0.00	0.00	0.00	0.30				0.00	0.00	0.00	0.00	2	9.64
38   	Mar 7 2024 12:00AM	BZDET	5668	000000008530097694	R	0951578186	ALVARADO SOLIZ ALVARO DAVID	CUE	001	34	04	0002958872	1	12.00	CONSUMO CELULAR CLARO	001215049353024	10.72	REC	38	1.28	001	S			P	S	0	0.00	10.72	0.00	10.72	0.00	0.00	0.30				0.00	1.28	1.28	0.00	2	4.00
38   	Mar 7 2024 12:00AM	BZDET	5697	000000008530620726	R	0916291495	CALLE SALTOS ANTONIO ERUBEN	CUE	001	34	04	0881158769	1	13.77	CONSUMO CELULAR CLARO	001215049285353	12.30	REC	38	1.47	001	S			P	S	0	0.00	0.00	0.00	0.00	0.00	0.00	0.30				0.00	0.00	0.00	0.00	2	12.64
38   	Mar 7 2024 12:00AM	BZDET	5704	000000008530633399	R	0920108560	ARECHUA MONTOYA ALEXANDRA VIVIANNA	CUE	001	34	04	1821031791	1	12.00	CONSUMO CELULAR CLARO	001215049315558	10.72	REC	38	1.28	001	S			P	S	0	0.00	10.72	0.00	10.72	0.00	0.00	0.30				0.00	1.28	1.28	0.00	2	12.00
38   	Mar 7 2024 12:00AM	BZDET	5721	000000008530778570	R	0913018891	CELI CURIPOMA JORGE STEVE	CUE	001	34	03	0035054294	1	12.00	CONSUMO CELULAR CLARO	001215049341668	10.72	REC	38	1.28	001	S			P	S	0	0.00	10.72	0.00	10.72	0.00	0.00	0.30				0.00	1.28	1.28	0.00	2	3.64
38   	Mar 7 2024 12:00AM	BZDET	5851	000000008533224323	R	0917398968001	MARIA ESTHER CRESPO	CUE	001	34	04	0002146418	1	12.00	CONSUMO CELULAR CLARO	001215049406432	10.72	REC	38	1.28	001	S			P	S	0	0.00	10.72	0.00	10.72	0.00	0.00	0.30				0.00	1.28	1.28	0.00	2	12.00
38   	Mar 7 2024 12:00AM	BZDET	5863	000000008533296560	R	0904940871	TOLA YCAZA PILAR CECILIA	CUE	001	34	03	0035012319	1	12.00	CONSUMO CELULAR CLARO	001215049317701	10.72	REC	38	1.28	001	S			P	S	0	0.00	10.72	0.00	10.72	0.00	0.00	0.30				0.00	1.28	1.28	0.00	2	12.00
38   	Mar 7 2024 12:00AM	BZDET	5869	000000008533416187	R	0930341953	GUALE TIGRERO JEFFERSON LENIN	CUE	001	34	04	0941479516	1	78.99	CONSUMO CELULAR CLARO	001215049362366	70.53	REC	38	8.46	001	S			P	S	0	0.00	0.00	0.00	0.00	0.00	0.00	0.30				0.00	0.00	0.00	0.00	2	78.99
38   	Mar 7 2024 12:00AM	BZDET	5890	000000008534002721	R	0956394019	MENDOZA ARRIAGA JOSE ALFREDO	CUE	001	34	04	0981392080	1	13.83	CONSUMO CELULAR CLARO	001215044977591	12.35	REC	38	1.48	001	S			P	S	0	0.00	0.00	0.00	0.00	0.00	0.00	0.30				0.00	0.00	0.00	0.00	2	10.08
38   	Mar 7 2024 12:00AM	BZDET	5913	000000008534053531	R	0942116567	HURTADO CASTRO EDISON WLADIMIR	CUE	001	34	04	0881242819	1	14.35	CONSUMO CELULAR CLARO	001215049288586	12.82	REC	38	1.53	001	S			P	S	0	0.00	0.00	0.00	0.00	0.00	0.00	0.30				0.00	0.00	0.00	0.00	2	11.70
38   	Mar 7 2024 12:00AM	BZDET	5917	000000008534060229	R	1307578953	BRAVO CEDE벮 ENRIQUE BALOY	CUE	001	34	04	0861142163	1	58.84	CONSUMO CELULAR CLARO	001215049395615	52.54	REC	38	6.30	001	S			P	S	0	0.00	0.00	0.00	0.00	0.00	0.00	0.30				0.00	0.00	0.00	0.00	2	58.84
38   	Mar 7 2024 12:00AM	BZDET	5922	000000008534066102	R	1803150331	ARMENDARIZ NOBOA MAURA LORENA	CUE	001	34	04	5021227095	1	17.18	CONSUMO CELULAR CLARO	001215049400259	15.34	REC	38	1.84	001	S			P	S	0	0.00	0.00	0.00	0.00	0.00	0.00	0.30				0.00	0.00	0.00	0.00	2	17.18
38   	Mar 7 2024 12:00AM	BZDET	5925	000000008534077294	R	1315901882	BRAVO MOLINA IVANNA SELENE	CUE	001	34	04	1121132694	1	15.00	CONSUMO CELULAR CLARO	001215049317203	13.40	REC	38	1.60	001	S			P	S	0	0.00	13.40	0.00	13.40	0.00	0.00	0.30				0.00	1.60	1.60	0.00	2	15.00
38   	Mar 7 2024 12:00AM	BZDET	5958	000000008534766173	R	0911766913	IZQUIERDO ROSERO AURELIO PASCUAL	CUE	001	34	04	0003714935	1	99.76	CONSUMO CELULAR CLARO	001215049338077	89.08	REC	38	10.68	001	S			P	S	0	0.00	0.00	0.00	0.00	0.00	0.00	0.30				0.00	0.00	0.00	0.00	2	99.76
38   	Mar 7 2024 12:00AM	BZDET	6027	000000008535820338	R	0912218906	MU벮Z PERALTA JAN ALEX	CUE	001	34	04	0941514196	1	7.26	CONSUMO CELULAR CLARO	001215049328687	6.49	REC	38	0.77	001	S			P	S	0	0.00	0.00	0.00	0.00	0.00	0.00	0.30				0.00	0.00	0.00	0.00	2	7.26
38   	Mar 7 2024 12:00AM	BZDET	6034	000000008535850415	R	1311462764	PEREZ VELIZ JOSHUE GUIZARES	CUE	001	34	04	0981370858	1	12.00	CONSUMO CELULAR CLARO	001215049283515	10.72	REC	38	1.28	001	S			P	S	0	0.00	10.72	0.00	10.72	0.00	0.00	0.30				0.00	1.28	1.28	0.00	2	1.32
38   	Mar 7 2024 12:00AM	BZDET	6055	000000008536360547	R	1706970272	ARMAS HARO LORENA DEL ROCIO	CUE	001	34	03	5015019207	1	32.26	CONSUMO CELULAR CLARO	001215049410610	28.81	REC	38	3.45	001	S			P	S	0	0.00	0.00	0.00	0.00	0.00	0.00	0.30				0.00	0.00	0.00	0.00	2	13.10
38   	Mar 7 2024 12:00AM	BZDET	6130	000000008538181830	R	0914881511	PERALTA FUENTES FRANCISCO FERNANDO	CUE	001	34	04	7001224443	1	6.55	CONSUMO CELULAR CLARO	001215049373325	5.85	REC	38	0.70	001	S			P	S	0	0.00	0.00	0.00	0.00	0.00	0.00	0.30				0.00	0.00	0.00	0.00	2	6.55
38   	Mar 7 2024 12:00AM	BZDET	6147	000000008538414355	R	0918872573	SOTOMAYOR REAL CIRO JAVIER	CUE	001	34	04	0061340759	1	12.04	CONSUMO CELULAR CLARO	001215049371772	10.75	REC	38	1.29	001	S			P	S	0	0.00	0.00	0.00	0.00	0.00	0.00	0.30				0.00	0.00	0.00	0.00	2	12.04
38   	Mar 7 2024 12:00AM	BZDET	6152	000000008538732777	R	0958827578	OJEDA GUADAMUD HANZER JOSE	CUE	001	34	04	0981427950	1	14.00	CONSUMO CELULAR CLARO	001215049400488	12.50	REC	38	1.50	001	S			P	S	0	0.00	12.50	0.00	12.50	0.00	0.00	0.30				0.00	1.50	1.50	0.00	2	14.00
38   	Mar 7 2024 12:00AM	BZDET	6158	000000008538977663	R	0942341108	VERA SALAZAR ADAN JEFFERSON	CUE	001	34	04	0881270115	1	18.00	CONSUMO CELULAR CLARO	001215049277316	16.08	REC	38	1.92	001	S			P	S	0	0.00	16.08	0.00	16.08	0.00	0.00	0.30				0.00	1.92	1.92	0.00	2	18.00
38   	Mar 7 2024 12:00AM	BZDET	6198	000000008539947319	R	0925955288	GUEVARA FIALLOS HECTOR DAVID	CUE	001	34	04	0941426296	1	17.46	CONSUMO CELULAR CLARO	001215049312697	15.59	REC	38	1.87	001	S			P	S	0	0.00	15.59	0.00	15.59	0.00	0.00	0.30				0.00	1.87	1.87	0.00	2	17.46
38   	Mar 7 2024 12:00AM	BZDET	6200	000000008540007678	R	0914816947	QUEVEDO LOPEZ CARLOS TEDDY	CUE	001	34	04	1741045626	1	6.23	CONSUMO CELULAR CLARO	001215049428431	5.57	REC	38	0.66	001	S			P	S	0	0.00	0.00	0.00	0.00	0.00	0.00	0.30				0.00	0.00	0.00	0.00	2	6.23
38   	Mar 7 2024 12:00AM	BZDET	6242	000000008540855592	R	0905954368	PONGUILLO BARRERA LUZ EUGENIA	CUE	001	34	04	0941372908	1	95.75	CONSUMO CELULAR CLARO	001215049293515	85.50	REC	38	10.25	001	S			P	S	0	0.00	0.00	0.00	0.00	0.00	0.00	0.30				0.00	0.00	0.00	0.00	2	11.84
38   	Mar 7 2024 12:00AM	BZDET	6253	000000008540878670	R	0910074343	SALAVARRIA SORIA MEDARDO ALEJANDRO	CUE	001	34	04	0001117255	1	16.00	CONSUMO CELULAR CLARO	001215049408291	14.29	REC	38	1.71	001	S			P	S	0	0.00	14.29	0.00	14.29	0.00	0.00	0.30				0.00	1.71	1.71	0.00	2	16.00
38   	Mar 7 2024 12:00AM	BZDET	6257	000000008540894853	R	0705280428	LAGUA TENELEMA NESTOR RENAN	CUE	001	34	04	4001157731	1	30.00	CONSUMO CELULAR CLARO	001214016120780	26.79	REC	38	3.21	001	S			P	S	0	0.00	26.79	0.00	26.79	0.00	0.00	0.30				0.00	3.21	3.21	0.00	2	30.00
38   	Mar 7 2024 12:00AM	BZDET	6289	000000008541533082	R	0941584567	ALMEIDA LIMONES JENIFFER LUCIA	CUE	001	34	04	1821019855	1	16.46	CONSUMO CELULAR CLARO	001215049288933	14.70	REC	38	1.76	001	S			P	S	0	0.00	14.70	0.00	14.70	0.00	0.00	0.30				0.00	1.76	1.76	0.00	2	16.46
38   	Mar 7 2024 12:00AM	BZDET	6292	000000008541537112	R	0924475072001	JORGE HEREDIA SANCHEZ	CUE	001	34	04	0002493244	1	28.08	CONSUMO CELULAR CLARO	001214016110721	25.08	REC	38	3.00	001	S			P	S	0	0.00	0.00	0.00	0.00	0.00	0.00	0.30				0.00	0.00	0.00	0.00	2	15.40
38   	Mar 7 2024 12:00AM	BZDET	6316	000000008542247578	R	0100933647	PAUTA MONTALVAN LAURA HORTENCIA	CUE	001	34	04	7001044843	1	15.00	CONSUMO CELULAR CLARO	001215049373365	13.40	REC	38	1.60	001	S			P	S	0	0.00	13.40	0.00	13.40	0.00	0.00	0.30				0.00	1.60	1.60	0.00	2	6.78
38   	Mar 7 2024 12:00AM	BZDET	6351	000000008542944912	R	0915451983	RAMIREZ TOALA VICTOR MANUEL	CUE	001	34	04	0921260560	1	10.00	CONSUMO CELULAR CLARO	001215049350258	8.93	REC	38	1.07	001	S			P	S	0	0.00	8.93	0.00	8.93	0.00	0.00	0.30				0.00	1.07	1.07	0.00	2	10.00
38   	Mar 7 2024 12:00AM	BZDET	6363	000000008543350392	R	0921327375	CAJAS CAGUANA LEOPOLDO MIGUEL	CUE	001	34	04	0001428507	1	13.06	CONSUMO CELULAR CLARO	001215049422160	11.67	REC	38	1.39	001	S			P	S	0	0.00	0.00	0.00	0.00	0.00	0.00	0.30				0.00	0.00	0.00	0.00	2	9.04
38   	Mar 7 2024 12:00AM	BZDET	6378	000000008543607772	R	0921011565	GARCIA VELEZ ISRAEL WILFRIDO	CUE	001	34	04	0021295785	1	15.00	CONSUMO CELULAR CLARO	001215049339605	13.40	REC	38	1.60	001	S			P	S	0	0.00	13.40	0.00	13.40	0.00	0.00	0.30				0.00	1.60	1.60	0.00	2	15.00
38   	Mar 7 2024 12:00AM	BZDET	6383	000000008543627585	R	0916803679	NAVARRETE MU벮Z MARIA LORENA	CUE	001	34	04	0061360959	1	18.11	CONSUMO CELULAR CLARO	001214016111479	16.17	REC	38	1.94	001	S			P	S	0	0.00	0.00	0.00	0.00	0.00	0.00	0.30				0.00	0.00	0.00	0.00	2	18.11
38   	Mar 7 2024 12:00AM	BZDET	6417	000000008544164370	R	0914649868	CAMPOS ORMAZA FERNANDO XAVIER	CUE	001	34	04	0021792915	1	9.81	CONSUMO CELULAR CLARO	001215049411062	8.76	REC	38	1.05	001	S			P	S	0	0.00	0.00	0.00	0.00	0.00	0.00	0.30				0.00	0.00	0.00	0.00	2	1.30
38   	Mar 7 2024 12:00AM	BZDET	6441	000000008544732948	R	0803260728	GARCIA MENDOZA FILERMA YAMALY	CUE	001	34	03	1205029313	1	15.00	CONSUMO CELULAR CLARO	001215049373276	13.40	REC	38	1.60	001	S			P	S	0	0.00	13.40	0.00	13.40	0.00	0.00	0.30				0.00	1.60	1.60	0.00	2	1.61
38   	Mar 7 2024 12:00AM	BZDET	6445	000000008544748075	R	1309502696	PINARGOTE SANTANA JOSE LEONARDO	CUE	001	34	04	1121047036	1	6.64	CONSUMO CELULAR CLARO	001215049293786	5.93	REC	38	0.71	001	S			P	S	0	0.00	0.00	0.00	0.00	0.00	0.00	0.30				0.00	0.00	0.00	0.00	2	6.64
38   	Mar 7 2024 12:00AM	BZDET	6459	000000008545363075	R	0929220598	MORILLO SILVA DIEGO RICARDO	CUE	001	34	04	1741295960	1	8.00	CONSUMO CELULAR CLARO	001215049375031	7.15	REC	38	0.85	001	S			P	S	0	0.00	0.00	0.00	0.00	0.00	0.00	0.30				0.00	0.00	0.00	0.00	2	8.00
38   	Mar 7 2024 12:00AM	BZDET	6463	000000008545380113	R	1850035419	GUANANGA TISALEMA ALEX FABRICIO	CUE	001	34	04	0003942547	1	15.65	CONSUMO CELULAR CLARO	001215049289161	13.98	REC	38	1.67	001	S			P	S	0	0.00	0.00	0.00	0.00	0.00	0.00	0.30				0.00	0.00	0.00	0.00	2	15.65
38   	Mar 7 2024 12:00AM	BZDET	6497	000000008541164377	R	0928474378	VALLE CONTRERAS CRISTIAN ISMAEL	CUE	001	34	04	0931262868	1	19.04	CONSUMO CELULAR CLARO	001230000605774	17.00	REC	38	2.04	001	S			P	S	0	3.50	17.00	0.00	17.00	0.00	0.00	0.30				0.00	2.04	2.04	0.00	2	3.66
38   	Mar 7 2024 12:00AM	BZDET	6520	000000008541967237	R	0919493817	AURIA ALVEAR INGRID LORENA	CUE	001	34	04	1821137231	1	25.98	CONSUMO CELULAR CLARO	001230000605361	23.20	REC	38	2.78	001	S			P	S	0	3.50	23.20	0.00	23.20	0.00	0.00	0.30				0.00	2.78	2.78	0.00	2	25.98
38   	Mar 7 2024 12:00AM	BZDET	6523	000000008541977179	R	0953470374	LOOR GUERRERO JHON MICHAEL	CUE	001	34	04	0003491677	1	10.89	CONSUMO CELULAR CLARO	001230000605566	9.73	REC	38	1.16	001	S			P	S	0	0.00	0.00	0.00	0.00	0.00	0.00	0.30				0.00	0.00	0.00	0.00	2	10.89
38   	Mar 7 2024 12:00AM	BZDET	6532	000000008542648138	R	0952966026	VASQUEZ CHICAIZA KEVIN PATRICIO	CUE	001	34	04	0003889705	1	11.60	CONSUMO CELULAR CLARO	001230000602887	10.36	REC	38	1.24	001	S			P	S	0	0.00	0.00	0.00	0.00	0.00	0.00	0.30				0.00	0.00	0.00	0.00	2	11.60
38   	Mar 7 2024 12:00AM	BZDET	6544	000000008542702238	R	1720026176	SHUGULI CAIZA MONICA MARGOTH	CUE	001	34	04	5081119343	1	19.04	CONSUMO CELULAR CLARO	001230000600649	17.00	REC	38	2.04	001	S			P	S	0	3.50	17.00	0.00	17.00	0.00	0.00	0.30				0.00	2.04	2.04	0.00	2	10.19
38   	Mar 7 2024 12:00AM	BZDET	6545	000000008542718797	R	0958616823	CHOEZ VI베N CHRISTIAN FERNANDO	CUE	001	34	04	0981304684	1	23.52	CONSUMO CELULAR CLARO	001230000604155	21.00	REC	38	2.52	001	S			P	S	0	3.50	21.00	0.00	21.00	0.00	0.00	0.30				0.00	2.52	2.52	0.00	2	23.52
38   	Mar 7 2024 12:00AM	BZDET	6555	000000008543117622	R	0957197833	BURGOS CABRERA FRAN ANTHONY	CUE	001	34	04	0981590210	1	19.04	CONSUMO CELULAR CLARO	001230000599576	17.00	REC	38	2.04	001	S			P	S	0	3.50	17.00	0.00	17.00	0.00	0.00	0.30				0.00	2.04	2.04	0.00	2	19.04
38   	Mar 7 2024 12:00AM	BZDET	6573	000000008543870288	R	0955372859	FARIAS PASICHE DAVID ANTHONY	CUE	001	34	04	0981391852	1	10.68	CONSUMO CELULAR CLARO	001230000595022	9.54	REC	38	1.14	001	S			P	S	0	0.00	0.00	0.00	0.00	0.00	0.00	0.30				0.00	0.00	0.00	0.00	2	10.68
38   	Mar 7 2024 12:00AM	BZDET	6587	000000008544239630	R	0920960135	BARRERA DELGADO MARJORIE DEL ROCIO	CUE	001	34	04	0021186293	1	14.85	CONSUMO CELULAR CLARO	001230000593114	13.26	REC	38	1.59	001	S			P	S	0	0.00	0.00	0.00	0.00	0.00	0.00	0.30				0.00	0.00	0.00	0.00	2	14.85
38   	Mar 7 2024 12:00AM	BZDET	6596	000000008544727885	R	0920212727	URIBE VARGAS CARLOS EDMUNDO	CUE	001	34	03	0845013762	1	15.41	CONSUMO CELULAR CLARO	001230000594966	13.76	REC	38	1.65	001	S			P	S	0	0.00	0.00	0.00	0.00	0.00	0.00	0.30				0.00	0.00	0.00	0.00	2	15.41
38   	Mar 7 2024 12:00AM	BZDET	98	000000004147718888	R	0911173292	LINO LAVAYEN JACINTO	CUE	001	34	04	7001015381	1	31.34	CONSUMO CELULAR CLARO	001214015923413	27.99	REC	38	3.35	001	S			P	S	0	0.00	27.99	0.00	27.99	0.00	0.00	0.30				0.00	3.35	3.35	0.00	2	31.34
38   	Mar 7 2024 12:00AM	BZDET	281	000000004164363261	R	1716955503	O베TE PASPUEL WLADIMIR OCTAVIO	CUE	001	34	04	1631074173	1	70.57	CONSUMO CELULAR CLARO	001215048459743	63.01	REC	38	7.56	001	S			P	S	0	0.00	0.00	0.00	0.00	0.00	0.00	0.30				0.00	0.00	0.00	0.00	2	70.57
38   	Mar 7 2024 12:00AM	BZDET	515	000000008512969713	R	0916340615	TUMBACO OSTAIZA SARA ISABEL	CUE	001	34	04	0931164632	1	12.33	CONSUMO CELULAR CLARO	001215046116771	11.01	REC	38	1.32	001	S			P	S	0	0.00	0.00	0.00	0.00	0.00	0.00	0.30				0.00	0.00	0.00	0.00	2	12.33
38   	Mar 7 2024 12:00AM	BZDET	1964	000000004067151085	R	0903016558	GOMEZ VERA HILDA BENEDICTA	CUE	001	34	04	0002453954	1	16.28	CONSUMO CELULAR CLARO	001214016031591	14.54	REC	38	1.74	001	S			P	S	0	0.00	0.00	0.00	0.00	0.00	0.00	0.30				0.00	0.00	0.00	0.00	2	9.00
38   	Mar 7 2024 12:00AM	BZDET	4032	000000007001436451	R	0923717045	JURADO MOREIRA ANDREA VANESSA	CUE	001	34	04	0031202155	1	27.28	CONSUMO CELULAR CLARO	001222005179036	24.36	REC	38	2.92	001	S			P	S	0	0.00	0.00	0.00	0.00	0.00	0.00	0.30				0.00	0.00	0.00	0.00	2	9.30
38   	Mar 7 2024 12:00AM	BZDET	4396	000000008540672723	R	0926627746	CORRAL RIVADENEIRA STEPHANIE MARIA	CUE	001	34	04	0021859579	1	17.13	CONSUMO CELULAR CLARO	001163000379625	15.30	REC	38	1.83	001	S			P	S	0	0.00	0.00	0.00	0.00	0.00	0.00	0.30				0.00	0.00	0.00	0.00	2	17.13
38   	Mar 7 2024 12:00AM	BZDET	4462	000000007001504030	R	0925808289	CASTRO VILLAO JONATHAN SANTIAGO	CUE	001	34	04	0002102444	1	31.36	CONSUMO CELULAR CLARO	001222004770545	28.00	REC	38	3.36	001	S			P	S	0	3.50	28.00	0.00	28.00	0.00	0.00	0.30				0.00	3.36	3.36	0.00	2	18.85
38   	Mar 7 2024 12:00AM	BZDET	5604	000000008528958125	R	0926254418	SILVA LINDAO JONATHAN ROBERTO	CUE	001	34	04	7001076911	1	11.81	CONSUMO CELULAR CLARO	001215049285609	10.55	REC	38	1.26	001	S			P	S	0	0.00	10.55	0.00	10.55	0.00	0.00	0.30				0.00	1.26	1.26	0.00	2	11.81
38   	Mar 7 2024 12:00AM	BZDET	5763	000000008531166548	R	0930869417	LUQUE COQUE ALVARO ABEL	CUE	001	34	04	0851233567	1	14.46	CONSUMO CELULAR CLARO	001215049400384	12.92	REC	38	1.54	001	S			P	S	0	0.00	12.92	0.00	12.92	0.00	0.00	0.30				0.00	1.54	1.54	0.00	2	8.03
38   	Mar 7 2024 12:00AM	BZDET	5775	000000008531653965	R	0917297798	CAPESCIOTTI YCAZA STEFANO RICARDO	CUE	001	34	03	0845016754	1	5.61	CONSUMO CELULAR CLARO	001215049383345	5.01	REC	38	0.60	001	S			P	S	0	0.00	0.00	0.00	0.00	0.00	0.00	0.30				0.00	0.00	0.00	0.00	2	5.61
8523 	Mar 7 2024 12:00AM	BZDET	126	16416190	R	0992736283001	MOVILSAT S.A.	CUE	001	34	03	0005269123	1	38.08	0070304331	001-221-3612365	34.00	REC	24	38.08	001	S			P	S	0	0.00	0.00	0.00	0.00	0.00	0.00	0.30				0.00	0.00	0.00	0.00	1	38.08
8523 	Mar 7 2024 12:00AM	BZDET	195	16416190	R	0992736283001	MOVILSAT S.A.	CUE	001	34	03	0005269123	1	11.20	0070304330	001-221-3612364	10.00	REC	24	11.20	001	S			P	S	0	0.00	0.00	0.00	0.00	0.00	0.00	0.30				0.00	0.00	0.00	0.00	1	11.20
8523 	Mar 7 2024 12:00AM	BZDET	307	00079630	C	1201915020001	ALFONSO XAVIER PROA벮 MANOSALVAS	CUE	001	34	03	0045027738	1	16.80	0070191015	001-221-3596775	15.00	REC	24	16.80	001	S			P	S	0	0.00	0.00	0.00	0.00	0.00	0.00	0.30				0.00	0.00	0.00	0.00	1	16.80
8523 	Mar 7 2024 12:00AM	BZDET	350	00079630	C	1201915020	ALFONSO XAVIER PROA벮 MANOSALVAS	CUE	001	34	03	0045027738	1	68.82	0070191014	001-221-3596774	58.41	REC	24	68.82	001	S			P	S	0	0.00	0.00	0.00	0.00	0.00	0.00	0.30				0.00	0.00	0.00	0.00	1	68.82
8523 	Mar 7 2024 12:00AM	BZDET	495	20218587	C	1315255727	VICTOR MANUEL PICO TRIVI벮	CUE	001	34	04	1101237358	1	37.52	0070295886	001-221-3609892	33.50	REC	24	37.52	001	S			P	S	0	0.00	0.00	0.00	0.00	0.00	0.00	0.30				0.00	0.00	0.00	0.00	1	37.52
8523 	Mar 7 2024 12:00AM	BZDET	517	15465605	R	0920476959001	MAYRA ELIZABETH HONORES CEVALLOS	CUE	001	34	04	0931240400	1	51.09	0070286627	001-221-3606143	42.62	REC	24	51.09	001	S			P	S	0	0.00	0.00	0.00	0.00	0.00	0.00	0.30				0.00	0.00	0.00	0.00	1	51.09
8523 	Mar 7 2024 12:00AM	BZDET	523	00000110	R	0992219645001	INTERCIA S.A.	CUE	001	34	03	0005116148	1	217.82	0070296158	001-221-3610166	194.48	REC	24	217.82	001	S			P	S	0	0.00	0.00	0.00	0.00	0.00	0.00	0.30				0.00	0.00	0.00	0.00	1	217.82
8523 	Mar 7 2024 12:00AM	BZDET	564	16360699	C	0905987756	LUIS CACERES CACERES	CUE	001	34	04	0881085471	1	11.44	0070004742	001-221-3583496	10.21	REC	24	11.44	001	S			P	S	0	0.00	0.00	0.00	0.00	0.00	0.00	0.30				0.00	0.00	0.00	0.00	1	11.44
8523 	Mar 7 2024 12:00AM	BZDET	565	16360699	C	0905987756	LUIS CACERES CACERES	CUE	001	34	04	0881085471	1	11.00	0070197688	001-221-3602589	9.82	REC	24	11.00	001	S			P	S	0	0.00	0.00	0.00	0.00	0.00	0.00	0.30				0.00	0.00	0.00	0.00	1	11.00
