Openshift Banco Bolivariano
Starting the Java application using /opt/jboss/container/java/run/run-java.sh ...
INFO exec -a "java" java -Xms64m -Xmx1024m -XX:MaxRAMPercentage=50.0 -XX:+UseParallelGC -XX:MinHeapFreeRatio=10 -XX:MaxHeapFreeRatio=20 -XX:GCTimeRatio=4 -XX:AdaptiveSizePolicyWeight=90 -XX:MaxMetaspaceSize=256m -XX:+ExitOnOutOfMemoryError -Dfile.encoding=ISO-8859-1 -cp "." -jar /deployments/quarkus-run.jar 
__  ____  __  _____   ___  __ ____  ______ 
 --/ __ \/ / / / _ | / _ \/ //_/ / / / __/ 
 -/ /_/ / /_/ / __ |/ , _/ ,< / /_/ /\ \   
--\___\_\____/_/ |_/_/|_/_/|_|\____/___/   
[2024-02-26 13:29:35.840][WARN][rec-sri-28-hz9zh][NettyRecorder][null][Netty DefaultChannelId initialization (with io.netty.machineId system property set to d7:2f:6b:90:a9:c7:91:7f) took more than a second]
[2024-02-26 17:17:34.441][INFO][rec-sri-28-hz9zh][SRIService][convertirDeObjetoByConsultaRs][RESPONSE CONSULTA SRI: dbResponse(parameterBlock=[parameterBlock(parameterValue=parameterValue(cursorParameter=null, scalarParameter=scalarParameter(value=508783)), name=PNIO_CODIGO_VEHICULO, isnull=false), parameterBlock(parameterValue=parameterValue(cursorParameter=null, scalarParameter=scalarParameter(value=1781)), name=PNIO_VALOR_TOTAL_PAGO, isnull=false), parameterBlock(parameterValue=parameterValue(cursorParameter=cursorParameter(resultsetMetadata=resultsetMetadata(colDef=[colDef(name=CODIGO_TIPO_RUBRO, dataType=string, maxLen=1006567474, scale=null, precision=null), colDef(name=DESCRIPCION_RUBRO, dataType=string, maxLen=1006567924, scale=null, precision=null), colDef(name=VALOR, dataType=numeric, maxLen=1006567446, scale=0, precision=0), colDef(name=IMPRIMIR_IFI, dataType=string, maxLen=1006567426, scale=null, precision=null)]), resultsetData=resultsetData(rowData=[rowData(cellData=[cellData(isnull=false, value=TRANSF_DOM), cellData(isnull=false, value=1% TRANSFERENCIA DE DOMINIO), cellData(isnull=false, value=1781), cellData(isnull=false, value=SI)])])), scalarParameter=null), name=PCO_VALORES_PAGO, isnull=false), parameterBlock(parameterValue=parameterValue(cursorParameter=null, scalarParameter=scalarParameter(value=28-SEP-24)), name=PDO_FECHA_CAD_MATRICULA, isnull=false), parameterBlock(parameterValue=parameterValue(cursorParameter=null, scalarParameter=scalarParameter(value=20307)), name=PNO_CODIGO_CANTON_VEHICULO, isnull=false), parameterBlock(parameterValue=parameterValue(cursorParameter=null, scalarParameter=scalarParameter(value=15)), name=PNO_COD_OPERATIVO_COD_MSJ, isnull=false), parameterBlock(parameterValue=parameterValue(cursorParameter=null, scalarParameter=scalarParameter(value=726022024298211706)), name=PNO_LOG_SRI, isnull=false), parameterBlock(parameterValue=parameterValue(cursorParameter=null, scalarParameter=scalarParameter(value=178075)), name=PNO_VALOR_AVALUO_VEHICULO, isnull=false), parameterBlock(parameterValue=parameterValue(cursorParameter=null, scalarParameter=scalarParameter(value=100000)), name=PNO_VALOR_CONTRATOS, isnull=false), parameterBlock(parameterValue=parameterValue(cursorParameter=null, scalarParameter=scalarParameter(value=1999)), name=PSO_ANIO_VEHICULO, isnull=false), parameterBlock(parameterValue=null, name=PSO_CAMV_CPN_VEHICULO, isnull=true), parameterBlock(parameterValue=parameterValue(cursorParameter=null, scalarParameter=scalarParameter(value=WVWZZZ6KZXR519117)), name=PSO_CHASIS_VEHICULO, isnull=false), parameterBlock(parameterValue=parameterValue(cursorParameter=null, scalarParameter=scalarParameter(value=AUTOMOVIL)), name=PSO_CLASE_VEHICULO, isnull=false), parameterBlock(parameterValue=parameterValue(cursorParameter=null, scalarParameter=scalarParameter(value=DNT)), name=PSO_COD_ENT_POL_VEHICULO, isnull=false), parameterBlock(parameterValue=parameterValue(cursorParameter=null, scalarParameter=scalarParameter(value=NO)), name=PSO_EST_MATRICULA_VEHICULO, isnull=false), parameterBlock(parameterValue=parameterValue(cursorParameter=null, scalarParameter=scalarParameter(value=VOLKSWAGEN)), name=PSO_MARCA_VEHICULO, isnull=false), parameterBlock(parameterValue=parameterValue(cursorParameter=null, scalarParameter=scalarParameter(value=POLO CLASSIC 1.6 T/M SEDAN)), name=PSO_MODELO_VEHICULO, isnull=false), parameterBlock(parameterValue=parameterValue(cursorParameter=null, scalarParameter=scalarParameter(value=AFT197221)), name=PSO_MOTOR_VEHICULO, isnull=false), parameterBlock(parameterValue=parameterValue(cursorParameter=null, scalarParameter=scalarParameter(value=ZAMORA CHIMA JULIO VINICIO)), name=PSO_NOMBRE_PROPIETARIO, isnull=false), parameterBlock(parameterValue=parameterValue(cursorParameter=null, scalarParameter=scalarParameter(value=0302960786)), name=PSO_NUM_IDEN_PROPIETARIO, isnull=false), parameterBlock(parameterValue=parameterValue(cursorParameter=null, scalarParameter=scalarParameter(value=ALEMANIA)), name=PSO_PAIS_VEHICULO, isnull=false), parameterBlock(parameterValue=parameterValue(cursorParameter=null, scalarParameter=scalarParameter(value=PVT0619)), name=PSO_PLACA_VEHICULO, isnull=false), parameterBlock(parameterValue=parameterValue(cursorParameter=null, scalarParameter=scalarParameter(value=PAR)), name=PSO_SERVICIO_VEHICULO, isnull=false)], MCN=null, id=29, destino=LINKSRV, ruta=LINKSRV, recibo=438300010, result=0, ssn=438340010, user=msilvag, base=, pkg=TSW_PCK_SISTEMA_MAT_VEHICULAR, name=TSW_PRO_PAGO_IFI)]
[2024-02-26 17:17:37.905][INFO][rec-sri-28-hz9zh][MessageProducer][sendMessage][Rsp: {"codigo":"0","mensajeUsuario":"Consulta ejecutada","estado":"OK","mensajeSalidaEjecutarPago":null,"mensajeSalidaConsultarDeuda":{"codigoError":"0","datosAdicionales":{"datoAdicional":[]},"fechaVencimiento":null,"formaPago":null,"formaPagoRecibos":null,"identificadorDeuda":null,"limiteMontoMaximo":null,"limiteMontoMinimo":null,"mensajeUsuario":"15","mensajeSistema":"15","montoMinimo":null,"montoTotal":17.81,"nombreCliente":"ZAMORA CHIMA JULIO VINICIO","recibos":{"recibo":[{"comprobante":"ZAMORA CHIMA JULIO VINICIO","concepto":"0302960786","cuota":"1999","datosAdicionales":null,"dato1":"WVWZZZ6KZXR519117","dato2":"508783","dividendo":null,"fecha":null,"formaPago":null,"identificador":null,"impuesto":null,"interes":null,"interesesPagados":null,"interesesPendientes":null,"numeroPredial":null,"pago":178075.0,"referencia":null,"secuencia":null,"tipoProceso":null,"totalAPagar":17.81,"valor":100000.0}]},"textoAyuda":null}}]
[2024-02-26 17:17:38.526][INFO][rec-sri-28-hz9zh][MessageListener][run][FIN JMS RECIBIDO --> 31b7fa4bbb79]
[2024-02-26 17:18:33.369][INFO][rec-sri-28-hz9zh][MessageListener][run][INI JMS RECIBIDO --> ebe9c062bcd1]
[2024-02-26 17:18:33.370][INFO][rec-sri-28-hz9zh][MessageListener][run][Mensaje recibido: {"tipoFlujo":"PAGO","mensajeEntradaEjecutarPago":{"canal":"VEN","cuenta":"0000088024","datosAdicionales":null,"depuracion":null,"esquemaFirma":null,"fecha":"2024-02-26T17:18:18","fechaPago":"2024-02-26","moneda":"1","nombreCliente":"","oficina":"50","recibos":null,"secuencial":"140174428","servicio":{"codTipoServicio":"IMPUESTOS_OBLIGACIONES","codigoConvenio":"SRI-TRNF-DOM","codigoEmpresa":"9718","codigoTipoBanca":"BP","codigoTipoIdentificador":"","datosAdicionales":{"datoAdicional":[{"codigo":"e_prov_req","etiqueta":null,"editable":null,"formato":null,"listasSeleccion":null,"longitud":null,"mascara":null,"regexp":null,"tipo":null,"valor":"MS_REC_SRI_REQ","visible":null},{"codigo":"e_prov_resp","etiqueta":null,"editable":null,"formato":null,"listasSeleccion":null,"longitud":null,"mascara":null,"regexp":null,"tipo":null,"valor":"MS_REC_SRI_RESP","visible":null},{"codigo":"e_tipo_proceso","etiqueta":null,"editable":null,"formato":null,"listasSeleccion":null,"longitud":null,"mascara":null,"regexp":null,"tipo":null,"valor":"M","visible":null},{"codigo":"e_tipo_ejecucion","etiqueta":null,"editable":null,"formato":null,"listasSeleccion":null,"longitud":null,"mascara":null,"regexp":null,"tipo":null,"valor":"PB","visible":null},{"codigo":"p_medio","etiqueta":null,"editable":null,"formato":null,"listasSeleccion":null,"longitud":null,"mascara":null,"regexp":null,"tipo":null,"valor":"12","visible":null},{"codigo":"p_terminal","etiqueta":null,"editable":null,"formato":null,"listasSeleccion":null,"longitud":null,"mascara":null,"regexp":null,"tipo":null,"valor":"VS2K3SRV","visible":null},{"codigo":"p_medio","etiqueta":null,"editable":null,"formato":null,"listasSeleccion":null,"longitud":null,"mascara":null,"regexp":null,"tipo":null,"valor":"12","visible":null},{"codigo":"p_branch_id","etiqueta":null,"editable":null,"formato":null,"listasSeleccion":null,"longitud":null,"mascara":null,"regexp":null,"tipo":null,"valor":"1","visible":null},{"codigo":"p_forma_pago","etiqueta":null,"editable":null,"formato":null,"listasSeleccion":null,"longitud":null,"mascara":null,"regexp":null,"tipo":null,"valor":"1","visible":null},{"codigo":"codAgencia","etiqueta":null,"editable":null,"formato":null,"listasSeleccion":null,"longitud":null,"mascara":null,"regexp":null,"tipo":null,"valor":"","visible":null},{"codigo":"codLocalidad","etiqueta":null,"editable":null,"formato":null,"listasSeleccion":null,"longitud":null,"mascara":null,"regexp":null,"tipo":null,"valor":"","visible":null},{"codigo":"category","etiqueta":null,"editable":null,"formato":null,"listasSeleccion":null,"longitud":null,"mascara":null,"regexp":null,"tipo":null,"valor":"C","visible":null},{"codigo":"fullName","etiqueta":null,"editable":null,"formato":null,"listasSeleccion":null,"longitud":null,"mascara":null,"regexp":null,"tipo":null,"valor":"ZAMORA CHIMA JULIO VINICIO","visible":null},{"codigo":"e_srv","etiqueta":null,"editable":null,"formato":null,"listasSeleccion":null,"longitud":null,"mascara":null,"regexp":null,"tipo":null,"valor":"SRVDESA3","visible":null},{"codigo":"e_term","etiqueta":null,"editable":null,"formato":null,"listasSeleccion":null,"longitud":null,"mascara":null,"regexp":null,"tipo":null,"valor":"VS2K3SRV","visible":null},{"codigo":"e_rol","etiqueta":null,"editable":null,"formato":null,"listasSeleccion":null,"longitud":null,"mascara":null,"regexp":null,"tipo":null,"valor":"252","visible":null},{"codigo":"e_corr","etiqueta":null,"editable":null,"formato":null,"listasSeleccion":null,"longitud":null,"mascara":null,"regexp":null,"tipo":null,"valor":"N","visible":null},{"codigo":"e_ssn_corr","etiqueta":null,"editable":null,"formato":null,"listasSeleccion":null,"longitud":null,"mascara":null,"regexp":null,"tipo":null,"valor":"0","visible":null},{"codigo":"e_mon","etiqueta":null,"editable":null,"formato":null,"listasSeleccion":null,"longitud":null,"mascara":null,"regexp":null,"tipo":null,"valor":"1","visible":null},{"codigo":"e_servicio","etiqueta":null,"editable":null,"formato":null,"listasSeleccion":null,"longitud":null,"mascara":null,"regexp":null,"tipo":null,"valor":"SRI-TRNF-DOM","visible":null},{"codigo":"e_identificacion","etiqueta":null,"editable":null,"formato":null,"listasSeleccion":null,"longitud":null,"mascara":null,"regexp":null,"tipo":null,"valor":"PVT0619","visible":null},{"codigo":"e_debito","etiqueta":null,"editable":null,"formato":null,"listasSeleccion":null,"longitud":null,"mascara":null,"regexp":null,"tipo":null,"valor":"17.81","visible":null},{"codigo":"e_comision_db","etiqueta":null,"editable":null,"formato":null,"listasSeleccion":null,"longitud":null,"mascara":null,"regexp":null,"tipo":null,"valor":"0.60","visible":null},{"codigo":"e_efectivo","etiqueta":null,"editable":null,"formato":null,"listasSeleccion":null,"longitud":null,"mascara":null,"regexp":null,"tipo":null,"valor":"0.00","visible":null},{"codigo":"e_cheque","etiqueta":null,"editable":null,"formato":null,"listasSeleccion":null,"longitud":null,"mascara":null,"regexp":null,"tipo":null,"valor":"0.00","visible":null},{"codigo":"e_comision_efe","etiqueta":null,"editable":null,"formato":null,"listasSeleccion":null,"longitud":null,"mascara":null,"regexp":null,"tipo":null,"valor":"0.00","visible":null},{"codigo":"e_comision_chq","etiqueta":null,"editable":null,"formato":null,"listasSeleccion":null,"longitud":null,"mascara":null,"regexp":null,"tipo":null,"valor":"0.00","visible":null},{"codigo":"e_autoriza","etiqueta":null,"editable":null,"formato":null,"listasSeleccion":null,"longitud":null,"mascara":null,"regexp":null,"tipo":null,"valor":"N","visible":null},{"codigo":"e_ubi","etiqueta":null,"editable":null,"formato":null,"listasSeleccion":null,"longitud":null,"mascara":null,"regexp":null,"tipo":null,"valor":"0","visible":null},{"codigo":"e_opcion","etiqueta":null,"editable":null,"formato":null,"listasSeleccion":null,"longitud":null,"mascara":null,"regexp":null,"tipo":null,"valor":"P","visible":null},{"codigo":"e_reverso","etiqueta":null,"editable":null,"formato":null,"listasSeleccion":null,"longitud":null,"mascara":null,"regexp":null,"tipo":null,"valor":"","visible":null},{"codigo":"e_emp_nombre","etiqueta":null,"editable":null,"formato":null,"listasSeleccion":null,"longitud":null,"mascara":null,"regexp":null,"tipo":null,"valor":"","visible":null},{"codigo":"e_ruc_cliente","etiqueta":null,"editable":null,"formato":null,"listasSeleccion":null,"longitud":null,"mascara":null,"regexp":null,"tipo":null,"valor":"0302960786","visible":null},{"codigo":"e_cant_cheques","etiqueta":null,"editable":null,"formato":null,"listasSeleccion":null,"longitud":null,"mascara":null,"regexp":null,"tipo":null,"valor":"0","visible":null},{"codigo":"e_nombre_cta","etiqueta":null,"editable":null,"formato":null,"listasSeleccion":null,"longitud":null,"mascara":null,"regexp":null,"tipo":null,"valor":"PINTURAS UNIDAS S. A.*****","visible":null},{"codigo":"e_cod_referencia","etiqueta":null,"editable":null,"formato":null,"listasSeleccion":null,"longitud":null,"mascara":null,"regexp":null,"tipo":null,"valor":"","visible":null},{"codigo":"e_base_imponible","etiqueta":null,"editable":null,"formato":null,"listasSeleccion":null,"longitud":null,"mascara":null,"regexp":null,"tipo":null,"valor":"","visible":null},{"codigo":"e_factura","etiqueta":null,"editable":null,"formato":null,"listasSeleccion":null,"longitud":null,"mascara":null,"regexp":null,"tipo":null,"valor":"1,780.75","visible":null},{"codigo":"e_cod_respuesta","etiqueta":null,"editable":null,"formato":null,"listasSeleccion":null,"longitud":null,"mascara":null,"regexp":null,"tipo":null,"valor":"1,000.00","visible":null},{"codigo":"e_cod_grupo","etiqueta":null,"editable":null,"formato":null,"listasSeleccion":null,"longitud":null,"mascara":null,"regexp":null,"tipo":null,"valor":"","visible":null},{"codigo":"e_cod_grupo","etiqueta":null,"editable":null,"formato":null,"listasSeleccion":null,"longitud":null,"mascara":null,"regexp":null,"tipo":null,"valor":"","visible":null},{"codigo":"e_nomb_tramite","etiqueta":null,"editable":null,"formato":null,"listasSeleccion":null,"longitud":null,"mascara":null,"regexp":null,"tipo":null,"valor":"","visible":null},{"codigo":"e_pcodigo_operacion","etiqueta":null,"editable":null,"formato":null,"listasSeleccion":null,"longitud":null,"mascara":null,"regexp":null,"tipo":null,"valor":"","visible":null},{"codigo":"e_pcodigo_secuencia","etiqueta":null,"editable":null,"formato":null,"listasSeleccion":null,"longitud":null,"mascara":null,"regexp":null,"tipo":null,"valor":"","visible":null},{"codigo":"e_phoralocal","etiqueta":null,"editable":null,"formato":null,"listasSeleccion":null,"longitud":null,"mascara":null,"regexp":null,"tipo":null,"valor":"","visible":null},{"codigo":"e_cod_consultora","etiqueta":null,"editable":null,"formato":null,"listasSeleccion":null,"longitud":null,"mascara":null,"regexp":null,"tipo":null,"valor":"","visible":null},{"codigo":"e_provincia","etiqueta":null,"editable":null,"formato":null,"listasSeleccion":null,"longitud":null,"mascara":null,"regexp":null,"tipo":null,"valor":"1090150","visible":null},{"codigo":"e_codigo_vehiculo","etiqueta":null,"editable":null,"formato":null,"listasSeleccion":null,"longitud":null,"mascara":null,"regexp":null,"tipo":null,"valor":"508783","visible":null},{"codigo":"vp_s_fecha_contable","etiqueta":null,"editable":null,"formato":null,"listasSeleccion":null,"longitud":null,"mascara":null,"regexp":null,"tipo":null,"valor":"02/26/2024","visible":null},{"codigo":"vp_s_ssn","etiqueta":null,"editable":null,"formato":null,"listasSeleccion":null,"longitud":null,"mascara":null,"regexp":null,"tipo":null,"valor":"140174428","visible":null},{"codigo":"vp_s_comision","etiqueta":null,"editable":null,"formato":null,"listasSeleccion":null,"longitud":null,"mascara":null,"regexp":null,"tipo":null,"valor":null,"visible":null},{"codigo":"vp_s_tasa","etiqueta":null,"editable":null,"formato":null,"listasSeleccion":null,"longitud":null,"mascara":null,"regexp":null,"tipo":null,"valor":null,"visible":null},{"codigo":"vp_s_base_imp","etiqueta":null,"editable":null,"formato":null,"listasSeleccion":null,"longitud":null,"mascara":null,"regexp":null,"tipo":null,"valor":null,"visible":null},{"codigo":"vp_s_impuesto","etiqueta":null,"editable":null,"formato":null,"listasSeleccion":null,"longitud":null,"mascara":null,"regexp":null,"tipo":null,"valor":null,"visible":null},{"codigo":"vp_s_empresa","etiqueta":null,"editable":null,"formato":null,"listasSeleccion":null,"longitud":null,"mascara":null,"regexp":null,"tipo":null,"valor":null,"visible":null},{"codigo":"vp_s_recaudacion","etiqueta":null,"editable":null,"formato":null,"listasSeleccion":null,"longitud":null,"mascara":null,"regexp":null,"tipo":null,"valor":null,"visible":null},{"codigo":"vp_s_referencia1","etiqueta":null,"editable":null,"formato":null,"listasSeleccion":null,"longitud":null,"mascara":null,"regexp":null,"tipo":null,"valor":null,"visible":null},{"codigo":"vp_s_referencia2","etiqueta":null,"editable":null,"formato":null,"listasSeleccion":null,"longitud":null,"mascara":null,"regexp":null,"tipo":null,"valor":null,"visible":null},{"codigo":"vp_s_referencia3","etiqueta":null,"editable":null,"formato":null,"listasSeleccion":null,"longitud":null,"mascara":null,"regexp":null,"tipo":null,"valor":null,"visible":null}]},"identificador":"PVT0619"},"tipoCuenta":"CTE","transaccion":"3295","usuario":"msilvag","valorComision":0.6,"valorPago":17.81}} ]
[2024-02-26 17:18:33.944][INFO][rec-sri-28-hz9zh][GeneraRequest][convertirDeObjetoByRq][REQUEST SRI: <dbRequest user="msilvag" base="" pkg="TSW_PCK_SISTEMA_MAT_VEHICULAR" name="TSW_PRO_PAGO_IFI" mcn="140174428" destino="LINKSRV" tr="Q" org="C" to="N" id="1"><spParameter name="PNI_CODIGO_ENTIDAD_IFI" dataType="string" io="I" maxlen="0" value="7"/><spParameter name="PSI_CODIGO_PROVE_SWITCH_IFI" dataType="string" io="I" maxlen="0" value="07"/><spParameter name="PNI_CODIGO_TRANSACC_PROVEEDOR" dataType="string" io="I" maxlen="0" value="140174428"/><spParameter name="PSI_CODIGO_AGENCIA_IFI" dataType="string" io="I" maxlen="0" value="50"/><spParameter name="PSI_CODIGO_CANAL_PAGO_IFI" dataType="string" io="I" maxlen="0" value="VENTANILLA"/><spParameter name="PSIO_CODIGO_TERMINAL_IFI" dataType="string" io="I" maxlen="0" value="VS2K3SRV"/><spParameter name="PSI_CODIGO_OPERADOR_IFI" dataType="string" io="I" maxlen="0" value="msilvag"/><spParameter name="PSI_NOMBRE_OPERADOR_IFI" dataType="string" io="I" maxlen="0" value="msilvag"/><spParameter name="PSIO_FECHA_CONTABLE_IFI" dataType="string" io="I" maxlen="0" value="20240226"/><spParameter name="PSI_PLACA_CAMV_CPN" dataType="string" io="I" maxlen="0" value="PVT0619"/><spParameter name="PSI_PROVINCIA_IFI" dataType="string" io="I" maxlen="0" value="1090150"/><spParameter name="PSI_TIPO_DEUDA" dataType="string" io="I" maxlen="0" value="TRANSF_DOM"/><spParameter name="PSI_TIPO_TRANSACCION" dataType="string" io="I" maxlen="0" value="TRA_AFE"/><spParameter name="PNI_ID_TRAN_REVERSO_IFI" dataType="float" io="I" maxlen="0" value=""/><spParameter name="PNI_ID_TRAN_REVERSO_SRI" dataType="float" io="I" maxlen="0" value=""/><spParameter name="PNI_LOG_REVERSO_SRI" dataType="float" io="I" maxlen="0" value=""/><spParameter name="PNIO_CODIGO_VEHICULO" dataType="float" io="IO" maxlen="0" value="508783"/><spParameter name="PNIO_VALOR_TOTAL_PAGO" dataType="float" io="IO" maxlen="0" value="1781"/><spParameter name="PCO_VALORES_PAGO" dataType="cursor" io="IO" maxlen="0" value=""/><spParameter name="PDO_FECHA_CAD_MATRICULA" dataType="date" io="IO" maxlen="0" value=""/><spParameter name="PNO_CODIGO_CANTON_VEHICULO" dataType="float" io="IO" maxlen="0" value=""/><spParameter name="PNO_COD_OPERATIVO_COD_MSJ" dataType="float" io="IO" maxlen="0" value=""/><spParameter name="PNO_LOG_SRI" dataType="float" io="IO" maxlen="0" value=""/><spParameter name="PNO_VALOR_AVALUO_VEHICULO" dataType="string" io="IO" maxlen="0" value=""/><spParameter name="PNO_VALOR_CONTRATOS" dataType="string" io="IO" maxlen="0" value=""/><spParameter name="PSO_ANIO_VEHICULO" dataType="string" io="IO" maxlen="0" value=""/><spParameter name="PSO_CAMV_CPN_VEHICULO" dataType="string" io="IO" maxlen="0" value=""/><spParameter name="PSO_CHASIS_VEHICULO" dataType="string" io="IO" maxlen="0" value=""/><spParameter name="PSO_CLASE_VEHICULO" dataType="string" io="IO" maxlen="0" value=""/><spParameter name="PSO_COD_ENT_POL_VEHICULO" dataType="string" io="IO" maxlen="0" value=""/><spParameter name="PSO_EST_MATRICULA_VEHICULO" dataType="string" io="IO" maxlen="0" value=""/><spParameter name="PSO_MARCA_VEHICULO" dataType="string" io="IO" maxlen="0" value=""/><spParameter name="PSO_MODELO_VEHICULO" dataType="string" io="IO" maxlen="0" value=""/><spParameter name="PSO_MOTOR_VEHICULO" dataType="string" io="IO" maxlen="0" value=""/><spParameter name="PSO_NOMBRE_PROPIETARIO" dataType="string" io="IO" maxlen="0" value=""/><spParameter name="PSO_NUM_IDEN_PROPIETARIO" dataType="string" io="IO" maxlen="0" value=""/><spParameter name="PSO_PAIS_VEHICULO" dataType="string" io="IO" maxlen="0" value=""/><spParameter name="PSO_PLACA_VEHICULO" dataType="string" io="IO" maxlen="0" value=""/><spParameter name="PSO_SERVICIO_VEHICULO" dataType="string" io="IO" maxlen="0" value=""/></dbRequest>]
[2024-02-26 17:18:33.944][INFO][rec-sri-28-hz9zh][GeneraRequest][enviarTrama][<?xml version='1.0'?><dbRequest user="msilvag" base="" pkg="TSW_PCK_SISTEMA_MAT_VEHICULAR" name="TSW_PRO_PAGO_IFI" MCN="140174428" destino="LINKSRV" TR="Q" ORG="C" TO="N" id="1"><spParameter name="PNI_CODIGO_ENTIDAD_IFI" dataType="string" io="I" maxlen="0" value="7"/><spParameter name="PSI_CODIGO_PROVE_SWITCH_IFI" dataType="string" io="I" maxlen="0" value="07"/><spParameter name="PNI_CODIGO_TRANSACC_PROVEEDOR" dataType="string" io="I" maxlen="0" value="140174428"/><spParameter name="PSI_CODIGO_AGENCIA_IFI" dataType="string" io="I" maxlen="0" value="50"/><spParameter name="PSI_CODIGO_CANAL_PAGO_IFI" dataType="string" io="I" maxlen="0" value="VENTANILLA"/><spParameter name="PSIO_CODIGO_TERMINAL_IFI" dataType="string" io="I" maxlen="0" value="VS2K3SRV"/><spParameter name="PSI_CODIGO_OPERADOR_IFI" dataType="string" io="I" maxlen="0" value="msilvag"/><spParameter name="PSI_NOMBRE_OPERADOR_IFI" dataType="string" io="I" maxlen="0" value="msilvag"/><spParameter name="PSIO_FECHA_CONTABLE_IFI" dataType="string" io="I" maxlen="0" value="20240226"/><spParameter name="PSI_PLACA_CAMV_CPN" dataType="string" io="I" maxlen="0" value="PVT0619"/><spParameter name="PSI_PROVINCIA_IFI" dataType="string" io="I" maxlen="0" value="1090150"/><spParameter name="PSI_TIPO_DEUDA" dataType="string" io="I" maxlen="0" value="TRANSF_DOM"/><spParameter name="PSI_TIPO_TRANSACCION" dataType="string" io="I" maxlen="0" value="TRA_AFE"/><spParameter name="PNI_ID_TRAN_REVERSO_IFI" dataType="float" io="I" maxlen="0" value=""/><spParameter name="PNI_ID_TRAN_REVERSO_SRI" dataType="float" io="I" maxlen="0" value=""/><spParameter name="PNI_LOG_REVERSO_SRI" dataType="float" io="I" maxlen="0" value=""/><spParameter name="PNIO_CODIGO_VEHICULO" dataType="float" io="IO" maxlen="0" value="508783"/><spParameter name="PNIO_VALOR_TOTAL_PAGO" dataType="float" io="IO" maxlen="0" value="1781"/><spParameter name="PCO_VALORES_PAGO" dataType="cursor" io="IO" maxlen="0" value=""/><spParameter name="PDO_FECHA_CAD_MATRICULA" dataType="date" io="IO" maxlen="0" value=""/><spParameter name="PNO_CODIGO_CANTON_VEHICULO" dataType="float" io="IO" maxlen="0" value=""/><spParameter name="PNO_COD_OPERATIVO_COD_MSJ" dataType="float" io="IO" maxlen="0" value=""/><spParameter name="PNO_LOG_SRI" dataType="float" io="IO" maxlen="0" value=""/><spParameter name="PNO_VALOR_AVALUO_VEHICULO" dataType="string" io="IO" maxlen="0" value=""/><spParameter name="PNO_VALOR_CONTRATOS" dataType="string" io="IO" maxlen="0" value=""/><spParameter name="PSO_ANIO_VEHICULO" dataType="string" io="IO" maxlen="0" value=""/><spParameter name="PSO_CAMV_CPN_VEHICULO" dataType="string" io="IO" maxlen="0" value=""/><spParameter name="PSO_CHASIS_VEHICULO" dataType="string" io="IO" maxlen="0" value=""/><spParameter name="PSO_CLASE_VEHICULO" dataType="string" io="IO" maxlen="0" value=""/><spParameter name="PSO_COD_ENT_POL_VEHICULO" dataType="string" io="IO" maxlen="0" value=""/><spParameter name="PSO_EST_MATRICULA_VEHICULO" dataType="string" io="IO" maxlen="0" value=""/><spParameter name="PSO_MARCA_VEHICULO" dataType="string" io="IO" maxlen="0" value=""/><spParameter name="PSO_MODELO_VEHICULO" dataType="string" io="IO" maxlen="0" value=""/><spParameter name="PSO_MOTOR_VEHICULO" dataType="string" io="IO" maxlen="0" value=""/><spParameter name="PSO_NOMBRE_PROPIETARIO" dataType="string" io="IO" maxlen="0" value=""/><spParameter name="PSO_NUM_IDEN_PROPIETARIO" dataType="string" io="IO" maxlen="0" value=""/><spParameter name="PSO_PAIS_VEHICULO" dataType="string" io="IO" maxlen="0" value=""/><spParameter name="PSO_PLACA_VEHICULO" dataType="string" io="IO" maxlen="0" value=""/><spParameter name="PSO_SERVICIO_VEHICULO" dataType="string" io="IO" maxlen="0" value=""/></dbRequest>]
[2024-02-26 17:18:34.040][INFO][rec-sri-28-hz9zh][GeneraRequest][enviarTrama][Se va a enviar el mensaje]
[2024-02-26 17:18:34.040][INFO][rec-sri-28-hz9zh][GeneraRequest][enviarTrama][Se inicia la lectura]
[2024-02-26 17:18:35.371][INFO][rec-sri-28-hz9zh][GeneraRequest][enviarTrama][Longitud Recibida: 4726]
[2024-02-26 17:18:36.040][INFO][rec-sri-28-hz9zh][GeneraRequest][enviarTrama][Mensaje Recibido: <?xml version="1.0"?>
<dbResponse MCN="140174428" id="31" destino="LINKSRV" ruta="LINKSRV" recibo="438300011" result="0" ssn="438340011" user="msilvag" base="" pkg="TSW_PCK_SISTEMA_MAT_VEHICULAR" name="TSW_PRO_PAGO_IFI">
  <parameterBlock name="PNIO_CODIGO_VEHICULO" isnull="false">
    <parameterValue>
      <scalarParameter value="508783"/>
    </parameterValue>
  </parameterBlock>
  <parameterBlock name="PNIO_VALOR_TOTAL_PAGO" isnull="false">
    <parameterValue>
      <scalarParameter value="1781"/>
    </parameterValue>
  </parameterBlock>
  <parameterBlock name="PCO_VALORES_PAGO" isnull="false">
    <parameterValue>
      <cursorParameter>
        <resultsetMetadata>
          <colDef name="CODIGO_TIPO_RUBRO" dataType="string" maxLen="998178866"/>
          <colDef name="DESCRIPCION_RUBRO" dataType="string" maxLen="998179316"/>
          <colDef name="VALOR" dataType="numeric" maxLen="998178838" scale="0" precision="0"/>
          <colDef name="IMPRIMIR_IFI" dataType="string" maxLen="998178818"/>
        </resultsetMetadata>
        <resultsetData>
          <rowData>
            <cellData isnull="false" value="TRANSF_DOM"/>
            <cellData isnull="false" value="1% TRANSFERENCIA DE DOMINIO"/>
            <cellData isnull="false" value="1781"/>
            <cellData isnull="false" value="SI"/>
          </rowData>
        </resultsetData>
      </cursorParameter>
    </parameterValue>
  </parameterBlock>
  <parameterBlock name="PDO_FECHA_CAD_MATRICULA" isnull="false">
    <parameterValue>
      <scalarParameter value="28-SEP-24"/>
    </parameterValue>
  </parameterBlock>
  <parameterBlock name="PNO_CODIGO_CANTON_VEHICULO" isnull="false">
    <parameterValue>
      <scalarParameter value="20307"/>
    </parameterValue>
  </parameterBlock>
  <parameterBlock name="PNO_COD_OPERATIVO_COD_MSJ" isnull="false">
    <parameterValue>
      <scalarParameter value="15"/>
    </parameterValue>
  </parameterBlock>
  <parameterBlock name="PNO_LOG_SRI" isnull="false">
    <parameterValue>
      <scalarParameter value="726022024298211707"/>
    </parameterValue>
  </parameterBlock>
  <parameterBlock name="PNO_VALOR_AVALUO_VEHICULO" isnull="false">
    <parameterValue>
      <scalarParameter value="178075"/>
    </parameterValue>
  </parameterBlock>
  <parameterBlock name="PNO_VALOR_CONTRATOS" isnull="false">
    <parameterValue>
      <scalarParameter value="100000"/>
    </parameterValue>
  </parameterBlock>
  <parameterBlock name="PSO_ANIO_VEHICULO" isnull="false">
    <parameterValue>
      <scalarParameter value="1999"/>
    </parameterValue>
  </parameterBlock>
  <parameterBlock name="PSO_CAMV_CPN_VEHICULO" isnull="true"/>
  <parameterBlock name="PSO_CHASIS_VEHICULO" isnull="false">
    <parameterValue>
      <scalarParameter value="WVWZZZ6KZXR519117"/>
    </parameterValue>
  </parameterBlock>
  <parameterBlock name="PSO_CLASE_VEHICULO" isnull="false">
    <parameterValue>
      <scalarParameter value="AUTOMOVIL"/>
    </parameterValue>
  </parameterBlock>
  <parameterBlock name="PSO_COD_ENT_POL_VEHICULO" isnull="false">
    <parameterValue>
      <scalarParameter value="DNT"/>
    </parameterValue>
  </parameterBlock>
  <parameterBlock name="PSO_EST_MATRICULA_VEHICULO" isnull="false">
    <parameterValue>
      <scalarParameter value="NO"/>
    </parameterValue>
  </parameterBlock>
  <parameterBlock name="PSO_MARCA_VEHICULO" isnull="false">
    <parameterValue>
      <scalarParameter value="VOLKSWAGEN"/>
    </parameterValue>
  </parameterBlock>
  <parameterBlock name="PSO_MODELO_VEHICULO" isnull="false">
    <parameterValue>
      <scalarParameter value="POLO CLASSIC 1.6 T/M SEDAN"/>
    </parameterValue>
  </parameterBlock>
  <parameterBlock name="PSO_MOTOR_VEHICULO" isnull="false">
    <parameterValue>
      <scalarParameter value="AFT197221"/>
    </parameterValue>
  </parameterBlock>
  <parameterBlock name="PSO_NOMBRE_PROPIETARIO" isnull="false">
    <parameterValue>
      <scalarParameter value="ZAMORA CHIMA JULIO VINICIO"/>
    </parameterValue>
  </parameterBlock>
  <parameterBlock name="PSO_NUM_IDEN_PROPIETARIO" isnull="false">
    <parameterValue>
      <scalarParameter value="0302960786"/>
    </parameterValue>
  </parameterBlock>
  <parameterBlock name="PSO_PAIS_VEHICULO" isnull="false">
    <parameterValue>
      <scalarParameter value="ALEMANIA"/>
    </parameterValue>
  </parameterBlock>
  <parameterBlock name="PSO_PLACA_VEHICULO" isnull="false">
    <parameterValue>
      <scalarParameter value="PVT0619"/>
    </parameterValue>
  </parameterBlock>
  <parameterBlock name="PSO_SERVICIO_VEHICULO" isnull="false">
    <parameterValue>
      <scalarParameter value="PAR"/>
    </parameterValue>
  </parameterBlock>
</dbResponse>]
[2024-02-26 17:19:12.361][INFO][rec-sri-28-hz9zh][MessageListener][run][INI JMS RECIBIDO --> 9437d6fb74b9]
[2024-02-26 17:19:12.361][INFO][rec-sri-28-hz9zh][MessageListener][run][Mensaje recibido: {"tipoFlujo":"PAGO","mensajeEntradaEjecutarPago":{"canal":"VEN","cuenta":"0000088024","datosAdicionales":null,"depuracion":null,"esquemaFirma":null,"fecha":"2024-02-26T17:19:00","fechaPago":"2024-02-26","moneda":"1","nombreCliente":"","oficina":"50","recibos":null,"secuencial":"140174431","servicio":{"codTipoServicio":"IMPUESTOS_OBLIGACIONES","codigoConvenio":"SRI-TRNF-DOM","codigoEmpresa":"9718","codigoTipoBanca":"BP","codigoTipoIdentificador":"","datosAdicionales":{"datoAdicional":[{"codigo":"e_prov_req","etiqueta":null,"editable":null,"formato":null,"listasSeleccion":null,"longitud":null,"mascara":null,"regexp":null,"tipo":null,"valor":"MS_REC_SRI_REQ","visible":null},{"codigo":"e_prov_resp","etiqueta":null,"editable":null,"formato":null,"listasSeleccion":null,"longitud":null,"mascara":null,"regexp":null,"tipo":null,"valor":"MS_REC_SRI_RESP","visible":null},{"codigo":"e_tipo_proceso","etiqueta":null,"editable":null,"formato":null,"listasSeleccion":null,"longitud":null,"mascara":null,"regexp":null,"tipo":null,"valor":"M","visible":null},{"codigo":"e_tipo_ejecucion","etiqueta":null,"editable":null,"formato":null,"listasSeleccion":null,"longitud":null,"mascara":null,"regexp":null,"tipo":null,"valor":"PB","visible":null},{"codigo":"p_medio","etiqueta":null,"editable":null,"formato":null,"listasSeleccion":null,"longitud":null,"mascara":null,"regexp":null,"tipo":null,"valor":"12","visible":null},{"codigo":"p_terminal","etiqueta":null,"editable":null,"formato":null,"listasSeleccion":null,"longitud":null,"mascara":null,"regexp":null,"tipo":null,"valor":"VS2K3SRV","visible":null},{"codigo":"p_medio","etiqueta":null,"editable":null,"formato":null,"listasSeleccion":null,"longitud":null,"mascara":null,"regexp":null,"tipo":null,"valor":"12","visible":null},{"codigo":"p_branch_id","etiqueta":null,"editable":null,"formato":null,"listasSeleccion":null,"longitud":null,"mascara":null,"regexp":null,"tipo":null,"valor":"1","visible":null},{"codigo":"p_forma_pago","etiqueta":null,"editable":null,"formato":null,"listasSeleccion":null,"longitud":null,"mascara":null,"regexp":null,"tipo":null,"valor":"1","visible":null},{"codigo":"codAgencia","etiqueta":null,"editable":null,"formato":null,"listasSeleccion":null,"longitud":null,"mascara":null,"regexp":null,"tipo":null,"valor":"","visible":null},{"codigo":"codLocalidad","etiqueta":null,"editable":null,"formato":null,"listasSeleccion":null,"longitud":null,"mascara":null,"regexp":null,"tipo":null,"valor":"","visible":null},{"codigo":"category","etiqueta":null,"editable":null,"formato":null,"listasSeleccion":null,"longitud":null,"mascara":null,"regexp":null,"tipo":null,"valor":"C","visible":null},{"codigo":"fullName","etiqueta":null,"editable":null,"formato":null,"listasSeleccion":null,"longitud":null,"mascara":null,"regexp":null,"tipo":null,"valor":"ZAMORA CHIMA JULIO VINICIO","visible":null},{"codigo":"e_srv","etiqueta":null,"editable":null,"formato":null,"listasSeleccion":null,"longitud":null,"mascara":null,"regexp":null,"tipo":null,"valor":"SRVDESA3","visible":null},{"codigo":"e_term","etiqueta":null,"editable":null,"formato":null,"listasSeleccion":null,"longitud":null,"mascara":null,"regexp":null,"tipo":null,"valor":"VS2K3SRV","visible":null},{"codigo":"e_rol","etiqueta":null,"editable":null,"formato":null,"listasSeleccion":null,"longitud":null,"mascara":null,"regexp":null,"tipo":null,"valor":"252","visible":null},{"codigo":"e_corr","etiqueta":null,"editable":null,"formato":null,"listasSeleccion":null,"longitud":null,"mascara":null,"regexp":null,"tipo":null,"valor":"N","visible":null},{"codigo":"e_ssn_corr","etiqueta":null,"editable":null,"formato":null,"listasSeleccion":null,"longitud":null,"mascara":null,"regexp":null,"tipo":null,"valor":"0","visible":null},{"codigo":"e_mon","etiqueta":null,"editable":null,"formato":null,"listasSeleccion":null,"longitud":null,"mascara":null,"regexp":null,"tipo":null,"valor":"1","visible":null},{"codigo":"e_servicio","etiqueta":null,"editable":null,"formato":null,"listasSeleccion":null,"longitud":null,"mascara":null,"regexp":null,"tipo":null,"valor":"SRI-TRNF-DOM","visible":null},{"codigo":"e_identificacion","etiqueta":null,"editable":null,"formato":null,"listasSeleccion":null,"longitud":null,"mascara":null,"regexp":null,"tipo":null,"valor":"PVT0619","visible":null},{"codigo":"e_debito","etiqueta":null,"editable":null,"formato":null,"listasSeleccion":null,"longitud":null,"mascara":null,"regexp":null,"tipo":null,"valor":"17.81","visible":null},{"codigo":"e_comision_db","etiqueta":null,"editable":null,"formato":null,"listasSeleccion":null,"longitud":null,"mascara":null,"regexp":null,"tipo":null,"valor":"0.60","visible":null},{"codigo":"e_efectivo","etiqueta":null,"editable":null,"formato":null,"listasSeleccion":null,"longitud":null,"mascara":null,"regexp":null,"tipo":null,"valor":"0.00","visible":null},{"codigo":"e_cheque","etiqueta":null,"editable":null,"formato":null,"listasSeleccion":null,"longitud":null,"mascara":null,"regexp":null,"tipo":null,"valor":"0.00","visible":null},{"codigo":"e_comision_efe","etiqueta":null,"editable":null,"formato":null,"listasSeleccion":null,"longitud":null,"mascara":null,"regexp":null,"tipo":null,"valor":"0.00","visible":null},{"codigo":"e_comision_chq","etiqueta":null,"editable":null,"formato":null,"listasSeleccion":null,"longitud":null,"mascara":null,"regexp":null,"tipo":null,"valor":"0.00","visible":null},{"codigo":"e_autoriza","etiqueta":null,"editable":null,"formato":null,"listasSeleccion":null,"longitud":null,"mascara":null,"regexp":null,"tipo":null,"valor":"N","visible":null},{"codigo":"e_ubi","etiqueta":null,"editable":null,"formato":null,"listasSeleccion":null,"longitud":null,"mascara":null,"regexp":null,"tipo":null,"valor":"0","visible":null},{"codigo":"e_opcion","etiqueta":null,"editable":null,"formato":null,"listasSeleccion":null,"longitud":null,"mascara":null,"regexp":null,"tipo":null,"valor":"P","visible":null},{"codigo":"e_reverso","etiqueta":null,"editable":null,"formato":null,"listasSeleccion":null,"longitud":null,"mascara":null,"regexp":null,"tipo":null,"valor":"","visible":null},{"codigo":"e_emp_nombre","etiqueta":null,"editable":null,"formato":null,"listasSeleccion":null,"longitud":null,"mascara":null,"regexp":null,"tipo":null,"valor":"","visible":null},{"codigo":"e_ruc_cliente","etiqueta":null,"editable":null,"formato":null,"listasSeleccion":null,"longitud":null,"mascara":null,"regexp":null,"tipo":null,"valor":"0302960786","visible":null},{"codigo":"e_cant_cheques","etiqueta":null,"editable":null,"formato":null,"listasSeleccion":null,"longitud":null,"mascara":null,"regexp":null,"tipo":null,"valor":"0","visible":null},{"codigo":"e_nombre_cta","etiqueta":null,"editable":null,"formato":null,"listasSeleccion":null,"longitud":null,"mascara":null,"regexp":null,"tipo":null,"valor":"","visible":null},{"codigo":"e_cod_referencia","etiqueta":null,"editable":null,"formato":null,"listasSeleccion":null,"longitud":null,"mascara":null,"regexp":null,"tipo":null,"valor":"","visible":null},{"codigo":"e_base_imponible","etiqueta":null,"editable":null,"formato":null,"listasSeleccion":null,"longitud":null,"mascara":null,"regexp":null,"tipo":null,"valor":"","visible":null},{"codigo":"e_factura","etiqueta":null,"editable":null,"formato":null,"listasSeleccion":null,"longitud":null,"mascara":null,"regexp":null,"tipo":null,"valor":"1,780.75","visible":null},{"codigo":"e_cod_respuesta","etiqueta":null,"editable":null,"formato":null,"listasSeleccion":null,"longitud":null,"mascara":null,"regexp":null,"tipo":null,"valor":"1,000.00","visible":null},{"codigo":"e_cod_grupo","etiqueta":null,"editable":null,"formato":null,"listasSeleccion":null,"longitud":null,"mascara":null,"regexp":null,"tipo":null,"valor":"","visible":null},{"codigo":"e_cod_grupo","etiqueta":null,"editable":null,"formato":null,"listasSeleccion":null,"longitud":null,"mascara":null,"regexp":null,"tipo":null,"valor":"","visible":null},{"codigo":"e_nomb_tramite","etiqueta":null,"editable":null,"formato":null,"listasSeleccion":null,"longitud":null,"mascara":null,"regexp":null,"tipo":null,"valor":"","visible":null},{"codigo":"e_pcodigo_operacion","etiqueta":null,"editable":null,"formato":null,"listasSeleccion":null,"longitud":null,"mascara":null,"regexp":null,"tipo":null,"valor":"","visible":null},{"codigo":"e_pcodigo_secuencia","etiqueta":null,"editable":null,"formato":null,"listasSeleccion":null,"longitud":null,"mascara":null,"regexp":null,"tipo":null,"valor":"","visible":null},{"codigo":"e_phoralocal","etiqueta":null,"editable":null,"formato":null,"listasSeleccion":null,"longitud":null,"mascara":null,"regexp":null,"tipo":null,"valor":"","visible":null},{"codigo":"e_cod_consultora","etiqueta":null,"editable":null,"formato":null,"listasSeleccion":null,"longitud":null,"mascara":null,"regexp":null,"tipo":null,"valor":"","visible":null},{"codigo":"e_provincia","etiqueta":null,"editable":null,"formato":null,"listasSeleccion":null,"longitud":null,"mascara":null,"regexp":null,"tipo":null,"valor":"1090150","visible":null},{"codigo":"e_codigo_vehiculo","etiqueta":null,"editable":null,"formato":null,"listasSeleccion":null,"longitud":null,"mascara":null,"regexp":null,"tipo":null,"valor":"508783","visible":null},{"codigo":"vp_s_fecha_contable","etiqueta":null,"editable":null,"formato":null,"listasSeleccion":null,"longitud":null,"mascara":null,"regexp":null,"tipo":null,"valor":"02/26/2024","visible":null},{"codigo":"vp_s_ssn","etiqueta":null,"editable":null,"formato":null,"listasSeleccion":null,"longitud":null,"mascara":null,"regexp":null,"tipo":null,"valor":"140174431","visible":null},{"codigo":"vp_s_comision","etiqueta":null,"editable":null,"formato":null,"listasSeleccion":null,"longitud":null,"mascara":null,"regexp":null,"tipo":null,"valor":null,"visible":null},{"codigo":"vp_s_tasa","etiqueta":null,"editable":null,"formato":null,"listasSeleccion":null,"longitud":null,"mascara":null,"regexp":null,"tipo":null,"valor":null,"visible":null},{"codigo":"vp_s_base_imp","etiqueta":null,"editable":null,"formato":null,"listasSeleccion":null,"longitud":null,"mascara":null,"regexp":null,"tipo":null,"valor":null,"visible":null},{"codigo":"vp_s_impuesto","etiqueta":null,"editable":null,"formato":null,"listasSeleccion":null,"longitud":null,"mascara":null,"regexp":null,"tipo":null,"valor":null,"visible":null},{"codigo":"vp_s_empresa","etiqueta":null,"editable":null,"formato":null,"listasSeleccion":null,"longitud":null,"mascara":null,"regexp":null,"tipo":null,"valor":null,"visible":null},{"codigo":"vp_s_recaudacion","etiqueta":null,"editable":null,"formato":null,"listasSeleccion":null,"longitud":null,"mascara":null,"regexp":null,"tipo":null,"valor":null,"visible":null},{"codigo":"vp_s_referencia1","etiqueta":null,"editable":null,"formato":null,"listasSeleccion":null,"longitud":null,"mascara":null,"regexp":null,"tipo":null,"valor":null,"visible":null},{"codigo":"vp_s_referencia2","etiqueta":null,"editable":null,"formato":null,"listasSeleccion":null,"longitud":null,"mascara":null,"regexp":null,"tipo":null,"valor":null,"visible":null},{"codigo":"vp_s_referencia3","etiqueta":null,"editable":null,"formato":null,"listasSeleccion":null,"longitud":null,"mascara":null,"regexp":null,"tipo":null,"valor":null,"visible":null}]},"identificador":"PVT0619"},"tipoCuenta":"CTE","transaccion":"3295","usuario":"msilvag","valorComision":0.6,"valorPago":17.81}} ]
[2024-02-26 17:19:12.741][INFO][rec-sri-28-hz9zh][GeneraRequest][convertirDeObjetoByRq][REQUEST SRI: <dbRequest user="msilvag" base="" pkg="TSW_PCK_SISTEMA_MAT_VEHICULAR" name="TSW_PRO_PAGO_IFI" mcn="140174431" destino="LINKSRV" tr="Q" org="C" to="N" id="1"><spParameter name="PNI_CODIGO_ENTIDAD_IFI" dataType="string" io="I" maxlen="0" value="7"/><spParameter name="PSI_CODIGO_PROVE_SWITCH_IFI" dataType="string" io="I" maxlen="0" value="07"/><spParameter name="PNI_CODIGO_TRANSACC_PROVEEDOR" dataType="string" io="I" maxlen="0" value="140174431"/><spParameter name="PSI_CODIGO_AGENCIA_IFI" dataType="string" io="I" maxlen="0" value="50"/><spParameter name="PSI_CODIGO_CANAL_PAGO_IFI" dataType="string" io="I" maxlen="0" value="VENTANILLA"/><spParameter name="PSIO_CODIGO_TERMINAL_IFI" dataType="string" io="I" maxlen="0" value="VS2K3SRV"/><spParameter name="PSI_CODIGO_OPERADOR_IFI" dataType="string" io="I" maxlen="0" value="msilvag"/><spParameter name="PSI_NOMBRE_OPERADOR_IFI" dataType="string" io="I" maxlen="0" value="msilvag"/><spParameter name="PSIO_FECHA_CONTABLE_IFI" dataType="string" io="I" maxlen="0" value="20240226"/><spParameter name="PSI_PLACA_CAMV_CPN" dataType="string" io="I" maxlen="0" value="PVT0619"/><spParameter name="PSI_PROVINCIA_IFI" dataType="string" io="I" maxlen="0" value="1090150"/><spParameter name="PSI_TIPO_DEUDA" dataType="string" io="I" maxlen="0" value="TRANSF_DOM"/><spParameter name="PSI_TIPO_TRANSACCION" dataType="string" io="I" maxlen="0" value="TRA_AFE"/><spParameter name="PNI_ID_TRAN_REVERSO_IFI" dataType="float" io="I" maxlen="0" value=""/><spParameter name="PNI_ID_TRAN_REVERSO_SRI" dataType="float" io="I" maxlen="0" value=""/><spParameter name="PNI_LOG_REVERSO_SRI" dataType="float" io="I" maxlen="0" value=""/><spParameter name="PNIO_CODIGO_VEHICULO" dataType="float" io="IO" maxlen="0" value="508783"/><spParameter name="PNIO_VALOR_TOTAL_PAGO" dataType="float" io="IO" maxlen="0" value="1781"/><spParameter name="PCO_VALORES_PAGO" dataType="cursor" io="IO" maxlen="0" value=""/><spParameter name="PDO_FECHA_CAD_MATRICULA" dataType="date" io="IO" maxlen="0" value=""/><spParameter name="PNO_CODIGO_CANTON_VEHICULO" dataType="float" io="IO" maxlen="0" value=""/><spParameter name="PNO_COD_OPERATIVO_COD_MSJ" dataType="float" io="IO" maxlen="0" value=""/><spParameter name="PNO_LOG_SRI" dataType="float" io="IO" maxlen="0" value=""/><spParameter name="PNO_VALOR_AVALUO_VEHICULO" dataType="string" io="IO" maxlen="0" value=""/><spParameter name="PNO_VALOR_CONTRATOS" dataType="string" io="IO" maxlen="0" value=""/><spParameter name="PSO_ANIO_VEHICULO" dataType="string" io="IO" maxlen="0" value=""/><spParameter name="PSO_CAMV_CPN_VEHICULO" dataType="string" io="IO" maxlen="0" value=""/><spParameter name="PSO_CHASIS_VEHICULO" dataType="string" io="IO" maxlen="0" value=""/><spParameter name="PSO_CLASE_VEHICULO" dataType="string" io="IO" maxlen="0" value=""/><spParameter name="PSO_COD_ENT_POL_VEHICULO" dataType="string" io="IO" maxlen="0" value=""/><spParameter name="PSO_EST_MATRICULA_VEHICULO" dataType="string" io="IO" maxlen="0" value=""/><spParameter name="PSO_MARCA_VEHICULO" dataType="string" io="IO" maxlen="0" value=""/><spParameter name="PSO_MODELO_VEHICULO" dataType="string" io="IO" maxlen="0" value=""/><spParameter name="PSO_MOTOR_VEHICULO" dataType="string" io="IO" maxlen="0" value=""/><spParameter name="PSO_NOMBRE_PROPIETARIO" dataType="string" io="IO" maxlen="0" value=""/><spParameter name="PSO_NUM_IDEN_PROPIETARIO" dataType="string" io="IO" maxlen="0" value=""/><spParameter name="PSO_PAIS_VEHICULO" dataType="string" io="IO" maxlen="0" value=""/><spParameter name="PSO_PLACA_VEHICULO" dataType="string" io="IO" maxlen="0" value=""/><spParameter name="PSO_SERVICIO_VEHICULO" dataType="string" io="IO" maxlen="0" value=""/></dbRequest>]
[2024-02-26 17:19:12.741][INFO][rec-sri-28-hz9zh][GeneraRequest][enviarTrama][<?xml version='1.0'?><dbRequest user="msilvag" base="" pkg="TSW_PCK_SISTEMA_MAT_VEHICULAR" name="TSW_PRO_PAGO_IFI" MCN="140174431" destino="LINKSRV" TR="Q" ORG="C" TO="N" id="1"><spParameter name="PNI_CODIGO_ENTIDAD_IFI" dataType="string" io="I" maxlen="0" value="7"/><spParameter name="PSI_CODIGO_PROVE_SWITCH_IFI" dataType="string" io="I" maxlen="0" value="07"/><spParameter name="PNI_CODIGO_TRANSACC_PROVEEDOR" dataType="string" io="I" maxlen="0" value="140174431"/><spParameter name="PSI_CODIGO_AGENCIA_IFI" dataType="string" io="I" maxlen="0" value="50"/><spParameter name="PSI_CODIGO_CANAL_PAGO_IFI" dataType="string" io="I" maxlen="0" value="VENTANILLA"/><spParameter name="PSIO_CODIGO_TERMINAL_IFI" dataType="string" io="I" maxlen="0" value="VS2K3SRV"/><spParameter name="PSI_CODIGO_OPERADOR_IFI" dataType="string" io="I" maxlen="0" value="msilvag"/><spParameter name="PSI_NOMBRE_OPERADOR_IFI" dataType="string" io="I" maxlen="0" value="msilvag"/><spParameter name="PSIO_FECHA_CONTABLE_IFI" dataType="string" io="I" maxlen="0" value="20240226"/><spParameter name="PSI_PLACA_CAMV_CPN" dataType="string" io="I" maxlen="0" value="PVT0619"/><spParameter name="PSI_PROVINCIA_IFI" dataType="string" io="I" maxlen="0" value="1090150"/><spParameter name="PSI_TIPO_DEUDA" dataType="string" io="I" maxlen="0" value="TRANSF_DOM"/><spParameter name="PSI_TIPO_TRANSACCION" dataType="string" io="I" maxlen="0" value="TRA_AFE"/><spParameter name="PNI_ID_TRAN_REVERSO_IFI" dataType="float" io="I" maxlen="0" value=""/><spParameter name="PNI_ID_TRAN_REVERSO_SRI" dataType="float" io="I" maxlen="0" value=""/><spParameter name="PNI_LOG_REVERSO_SRI" dataType="float" io="I" maxlen="0" value=""/><spParameter name="PNIO_CODIGO_VEHICULO" dataType="float" io="IO" maxlen="0" value="508783"/><spParameter name="PNIO_VALOR_TOTAL_PAGO" dataType="float" io="IO" maxlen="0" value="1781"/><spParameter name="PCO_VALORES_PAGO" dataType="cursor" io="IO" maxlen="0" value=""/><spParameter name="PDO_FECHA_CAD_MATRICULA" dataType="date" io="IO" maxlen="0" value=""/><spParameter name="PNO_CODIGO_CANTON_VEHICULO" dataType="float" io="IO" maxlen="0" value=""/><spParameter name="PNO_COD_OPERATIVO_COD_MSJ" dataType="float" io="IO" maxlen="0" value=""/><spParameter name="PNO_LOG_SRI" dataType="float" io="IO" maxlen="0" value=""/><spParameter name="PNO_VALOR_AVALUO_VEHICULO" dataType="string" io="IO" maxlen="0" value=""/><spParameter name="PNO_VALOR_CONTRATOS" dataType="string" io="IO" maxlen="0" value=""/><spParameter name="PSO_ANIO_VEHICULO" dataType="string" io="IO" maxlen="0" value=""/><spParameter name="PSO_CAMV_CPN_VEHICULO" dataType="string" io="IO" maxlen="0" value=""/><spParameter name="PSO_CHASIS_VEHICULO" dataType="string" io="IO" maxlen="0" value=""/><spParameter name="PSO_CLASE_VEHICULO" dataType="string" io="IO" maxlen="0" value=""/><spParameter name="PSO_COD_ENT_POL_VEHICULO" dataType="string" io="IO" maxlen="0" value=""/><spParameter name="PSO_EST_MATRICULA_VEHICULO" dataType="string" io="IO" maxlen="0" value=""/><spParameter name="PSO_MARCA_VEHICULO" dataType="string" io="IO" maxlen="0" value=""/><spParameter name="PSO_MODELO_VEHICULO" dataType="string" io="IO" maxlen="0" value=""/><spParameter name="PSO_MOTOR_VEHICULO" dataType="string" io="IO" maxlen="0" value=""/><spParameter name="PSO_NOMBRE_PROPIETARIO" dataType="string" io="IO" maxlen="0" value=""/><spParameter name="PSO_NUM_IDEN_PROPIETARIO" dataType="string" io="IO" maxlen="0" value=""/><spParameter name="PSO_PAIS_VEHICULO" dataType="string" io="IO" maxlen="0" value=""/><spParameter name="PSO_PLACA_VEHICULO" dataType="string" io="IO" maxlen="0" value=""/><spParameter name="PSO_SERVICIO_VEHICULO" dataType="string" io="IO" maxlen="0" value=""/></dbRequest>]
[2024-02-26 17:19:12.840][INFO][rec-sri-28-hz9zh][GeneraRequest][enviarTrama][Se va a enviar el mensaje]
[2024-02-26 17:19:12.840][INFO][rec-sri-28-hz9zh][GeneraRequest][enviarTrama][Se inicia la lectura]
[2024-02-26 17:19:13.575][INFO][rec-sri-28-hz9zh][GeneraRequest][enviarTrama][Longitud Recibida: 4726]
[2024-02-26 17:19:13.840][INFO][rec-sri-28-hz9zh][GeneraRequest][enviarTrama][Mensaje Recibido: <?xml version="1.0"?>
<dbResponse MCN="140174431" id="34" destino="LINKSRV" ruta="LINKSRV" recibo="438300013" result="0" ssn="438340013" user="msilvag" base="" pkg="TSW_PCK_SISTEMA_MAT_VEHICULAR" name="TSW_PRO_PAGO_IFI">
  <parameterBlock name="PNIO_CODIGO_VEHICULO" isnull="false">
    <parameterValue>
      <scalarParameter value="508783"/>
    </parameterValue>
  </parameterBlock>
  <parameterBlock name="PNIO_VALOR_TOTAL_PAGO" isnull="false">
    <parameterValue>
      <scalarParameter value="1781"/>
    </parameterValue>
  </parameterBlock>
  <parameterBlock name="PCO_VALORES_PAGO" isnull="false">
    <parameterValue>
      <cursorParameter>
        <resultsetMetadata>
          <colDef name="CODIGO_TIPO_RUBRO" dataType="string" maxLen="979763250"/>
          <colDef name="DESCRIPCION_RUBRO" dataType="string" maxLen="979763700"/>
          <colDef name="VALOR" dataType="numeric" maxLen="979763222" scale="0" precision="0"/>
          <colDef name="IMPRIMIR_IFI" dataType="string" maxLen="979763202"/>
        </resultsetMetadata>
        <resultsetData>
          <rowData>
            <cellData isnull="false" value="TRANSF_DOM"/>
            <cellData isnull="false" value="1% TRANSFERENCIA DE DOMINIO"/>
            <cellData isnull="false" value="1781"/>
            <cellData isnull="false" value="SI"/>
          </rowData>
        </resultsetData>
      </cursorParameter>
    </parameterValue>
  </parameterBlock>
  <parameterBlock name="PDO_FECHA_CAD_MATRICULA" isnull="false">
    <parameterValue>
      <scalarParameter value="28-SEP-24"/>
    </parameterValue>
  </parameterBlock>
  <parameterBlock name="PNO_CODIGO_CANTON_VEHICULO" isnull="false">
    <parameterValue>
      <scalarParameter value="20307"/>
    </parameterValue>
  </parameterBlock>
  <parameterBlock name="PNO_COD_OPERATIVO_COD_MSJ" isnull="false">
    <parameterValue>
      <scalarParameter value="15"/>
    </parameterValue>
  </parameterBlock>
  <parameterBlock name="PNO_LOG_SRI" isnull="false">
    <parameterValue>
      <scalarParameter value="726022024298211709"/>
    </parameterValue>
  </parameterBlock>
  <parameterBlock name="PNO_VALOR_AVALUO_VEHICULO" isnull="false">
    <parameterValue>
      <scalarParameter value="178075"/>
    </parameterValue>
  </parameterBlock>
  <parameterBlock name="PNO_VALOR_CONTRATOS" isnull="false">
    <parameterValue>
      <scalarParameter value="100000"/>
    </parameterValue>
  </parameterBlock>
  <parameterBlock name="PSO_ANIO_VEHICULO" isnull="false">
    <parameterValue>
      <scalarParameter value="1999"/>
    </parameterValue>
  </parameterBlock>
  <parameterBlock name="PSO_CAMV_CPN_VEHICULO" isnull="true"/>
  <parameterBlock name="PSO_CHASIS_VEHICULO" isnull="false">
    <parameterValue>
      <scalarParameter value="WVWZZZ6KZXR519117"/>
    </parameterValue>
  </parameterBlock>
  <parameterBlock name="PSO_CLASE_VEHICULO" isnull="false">
    <parameterValue>
      <scalarParameter value="AUTOMOVIL"/>
    </parameterValue>
  </parameterBlock>
  <parameterBlock name="PSO_COD_ENT_POL_VEHICULO" isnull="false">
    <parameterValue>
      <scalarParameter value="DNT"/>
    </parameterValue>
  </parameterBlock>
  <parameterBlock name="PSO_EST_MATRICULA_VEHICULO" isnull="false">
    <parameterValue>
      <scalarParameter value="NO"/>
    </parameterValue>
  </parameterBlock>
  <parameterBlock name="PSO_MARCA_VEHICULO" isnull="false">
    <parameterValue>
      <scalarParameter value="VOLKSWAGEN"/>
    </parameterValue>
  </parameterBlock>
  <parameterBlock name="PSO_MODELO_VEHICULO" isnull="false">
    <parameterValue>
      <scalarParameter value="POLO CLASSIC 1.6 T/M SEDAN"/>
    </parameterValue>
  </parameterBlock>
  <parameterBlock name="PSO_MOTOR_VEHICULO" isnull="false">
    <parameterValue>
      <scalarParameter value="AFT197221"/>
    </parameterValue>
  </parameterBlock>
  <parameterBlock name="PSO_NOMBRE_PROPIETARIO" isnull="false">
    <parameterValue>
      <scalarParameter value="ZAMORA CHIMA JULIO VINICIO"/>
    </parameterValue>
  </parameterBlock>
  <parameterBlock name="PSO_NUM_IDEN_PROPIETARIO" isnull="false">
    <parameterValue>
      <scalarParameter value="0302960786"/>
    </parameterValue>
  </parameterBlock>
  <parameterBlock name="PSO_PAIS_VEHICULO" isnull="false">
    <parameterValue>
      <scalarParameter value="ALEMANIA"/>
    </parameterValue>
  </parameterBlock>
  <parameterBlock name="PSO_PLACA_VEHICULO" isnull="false">
    <parameterValue>
      <scalarParameter value="PVT0619"/>
    </parameterValue>
  </parameterBlock>
  <parameterBlock name="PSO_SERVICIO_VEHICULO" isnull="false">
    <parameterValue>
      <scalarParameter value="PAR"/>
    </parameterValue>
  </parameterBlock>
</dbResponse>]
[2024-02-26 17:19:14.240][INFO][rec-sri-28-hz9zh][SRIService][convertirDeObjetoByPagoRs][RESPONSE PAGO SRI: dbResponse(parameterBlock=[parameterBlock(parameterValue=parameterValue(cursorParameter=null, scalarParameter=scalarParameter(value=508783)), name=PNIO_CODIGO_VEHICULO, isnull=false), parameterBlock(parameterValue=parameterValue(cursorParameter=null, scalarParameter=scalarParameter(value=1781)), name=PNIO_VALOR_TOTAL_PAGO, isnull=false), parameterBlock(parameterValue=parameterValue(cursorParameter=cursorParameter(resultsetMetadata=resultsetMetadata(colDef=[colDef(name=CODIGO_TIPO_RUBRO, dataType=string, maxLen=979763250, scale=null, precision=null), colDef(name=DESCRIPCION_RUBRO, dataType=string, maxLen=979763700, scale=null, precision=null), colDef(name=VALOR, dataType=numeric, maxLen=979763222, scale=0, precision=0), colDef(name=IMPRIMIR_IFI, dataType=string, maxLen=979763202, scale=null, precision=null)]), resultsetData=resultsetData(rowData=[rowData(cellData=[cellData(isnull=false, value=TRANSF_DOM), cellData(isnull=false, value=1% TRANSFERENCIA DE DOMINIO), cellData(isnull=false, value=1781), cellData(isnull=false, value=SI)])])), scalarParameter=null), name=PCO_VALORES_PAGO, isnull=false), parameterBlock(parameterValue=parameterValue(cursorParameter=null, scalarParameter=scalarParameter(value=28-SEP-24)), name=PDO_FECHA_CAD_MATRICULA, isnull=false), parameterBlock(parameterValue=parameterValue(cursorParameter=null, scalarParameter=scalarParameter(value=20307)), name=PNO_CODIGO_CANTON_VEHICULO, isnull=false), parameterBlock(parameterValue=parameterValue(cursorParameter=null, scalarParameter=scalarParameter(value=15)), name=PNO_COD_OPERATIVO_COD_MSJ, isnull=false), parameterBlock(parameterValue=parameterValue(cursorParameter=null, scalarParameter=scalarParameter(value=726022024298211709)), name=PNO_LOG_SRI, isnull=false), parameterBlock(parameterValue=parameterValue(cursorParameter=null, scalarParameter=scalarParameter(value=178075)), name=PNO_VALOR_AVALUO_VEHICULO, isnull=false), parameterBlock(parameterValue=parameterValue(cursorParameter=null, scalarParameter=scalarParameter(value=100000)), name=PNO_VALOR_CONTRATOS, isnull=false), parameterBlock(parameterValue=parameterValue(cursorParameter=null, scalarParameter=scalarParameter(value=1999)), name=PSO_ANIO_VEHICULO, isnull=false), parameterBlock(parameterValue=null, name=PSO_CAMV_CPN_VEHICULO, isnull=true), parameterBlock(parameterValue=parameterValue(cursorParameter=null, scalarParameter=scalarParameter(value=WVWZZZ6KZXR519117)), name=PSO_CHASIS_VEHICULO, isnull=false), parameterBlock(parameterValue=parameterValue(cursorParameter=null, scalarParameter=scalarParameter(value=AUTOMOVIL)), name=PSO_CLASE_VEHICULO, isnull=false), parameterBlock(parameterValue=parameterValue(cursorParameter=null, scalarParameter=scalarParameter(value=DNT)), name=PSO_COD_ENT_POL_VEHICULO, isnull=false), parameterBlock(parameterValue=parameterValue(cursorParameter=null, scalarParameter=scalarParameter(value=NO)), name=PSO_EST_MATRICULA_VEHICULO, isnull=false), parameterBlock(parameterValue=parameterValue(cursorParameter=null, scalarParameter=scalarParameter(value=VOLKSWAGEN)), name=PSO_MARCA_VEHICULO, isnull=false), parameterBlock(parameterValue=parameterValue(cursorParameter=null, scalarParameter=scalarParameter(value=POLO CLASSIC 1.6 T/M SEDAN)), name=PSO_MODELO_VEHICULO, isnull=false), parameterBlock(parameterValue=parameterValue(cursorParameter=null, scalarParameter=scalarParameter(value=AFT197221)), name=PSO_MOTOR_VEHICULO, isnull=false), parameterBlock(parameterValue=parameterValue(cursorParameter=null, scalarParameter=scalarParameter(value=ZAMORA CHIMA JULIO VINICIO)), name=PSO_NOMBRE_PROPIETARIO, isnull=false), parameterBlock(parameterValue=parameterValue(cursorParameter=null, scalarParameter=scalarParameter(value=0302960786)), name=PSO_NUM_IDEN_PROPIETARIO, isnull=false), parameterBlock(parameterValue=parameterValue(cursorParameter=null, scalarParameter=scalarParameter(value=ALEMANIA)), name=PSO_PAIS_VEHICULO, isnull=false), parameterBlock(parameterValue=parameterValue(cursorParameter=null, scalarParameter=scalarParameter(value=PVT0619)), name=PSO_PLACA_VEHICULO, isnull=false), parameterBlock(parameterValue=parameterValue(cursorParameter=null, scalarParameter=scalarParameter(value=PAR)), name=PSO_SERVICIO_VEHICULO, isnull=false)], MCN=null, id=34, destino=LINKSRV, ruta=LINKSRV, recibo=438300013, result=0, ssn=438340013, user=msilvag, base=, pkg=TSW_PCK_SISTEMA_MAT_VEHICULAR, name=TSW_PRO_PAGO_IFI)]
[2024-02-26 17:19:17.240][INFO][rec-sri-28-hz9zh][MessageProducer][sendMessage][Rsp: {"codigo":"0","mensajeUsuario":"PAGO EJECUTADO","estado":"OK","mensajeSalidaEjecutarPago":{"banderaOffline":null,"codigoError":"0","datosAdicionales":{"datoAdicional":[{"codigo":"PSO_CHASIS_VEHICULO","etiqueta":null,"editable":null,"formato":null,"listasSeleccion":null,"longitud":null,"mascara":null,"regexp":null,"tipo":null,"valor":"WVWZZZ6KZXR519117","visible":null},{"codigo":"PDO_FECHA_CAD_MATRICULA","etiqueta":null,"editable":null,"formato":null,"listasSeleccion":null,"longitud":null,"mascara":null,"regexp":null,"tipo":null,"valor":"28-SEP-24","visible":null},{"codigo":"PNO_LOG_SRI","etiqueta":null,"editable":null,"formato":null,"listasSeleccion":null,"longitud":null,"mascara":null,"regexp":null,"tipo":null,"valor":"726022024298211709","visible":null}]},"fechaDebito":null,"fechaPago":null,"mensajeUsuario":"15","mensajeSistema":"15","montoTotal":null,"referencia":"508783"},"mensajeSalidaConsultarDeuda":null}]
[2024-02-26 17:19:18.105][INFO][rec-sri-28-hz9zh][MessageListener][run][FIN JMS RECIBIDO --> 9437d6fb74b9]
