8523 	Jan 16 2024 12:00AM	BZDET	2	00084023	R	0991339000001	TAYANA S.A	CUE	001	34	03	0045007327	1	350.30	0070004909	001-221-3577411	304.65	REC	24	350.30	001	S			P	S	0	0.00	0.00	0.00	0.00	0.00	0.00	0.30				0.00	0.00	0.00	0.00	1	350.30
8523 	Jan 16 2024 12:00AM	BZDET	3	00086220	C	0904862059	PEDRO OSCAR TOLEDO MATAMOROS	CUE	001	34	03	0045005921	1	74.42	0070004928	001-221-3577415	63.41	REC	24	74.42	001	S			P	S	0	0.00	0.00	0.00	0.00	0.00	0.00	0.30				0.00	0.00	0.00	0.00	1	74.42
8523 	Jan 16 2024 12:00AM	BZDET	4	17584312	R	0993127892001	KINE  LIFE KLSA  S.A	CUE	001	34	03	0065051768	1	32.11	0070004687	001-221-3580426	28.67	REC	24	32.11	001	S			P	S	0	0.00	0.00	0.00	0.00	0.00	0.00	0.30				0.00	0.00	0.00	0.00	1	32.11
8523 	Jan 16 2024 12:00AM	BZDET	5	00759045	R	0992288280001	EDIFICIO CITIBANK	CUE	001	34	04	0001820645	1	29.12	0070005657	001-221-3580790	26.00	REC	24	29.12	001	S			P	S	0	0.00	0.00	0.00	0.00	0.00	0.00	0.30				0.00	0.00	0.00	0.00	1	29.12
8523 	Jan 16 2024 12:00AM	BZDET	6	17651148	R	0992264373001	PINPAN S.A	CUE	001	34	03	0009702114	1	12.21	0070011709	001-221-3579530	10.90	REC	24	12.21	001	S			P	S	0	0.00	0.00	0.00	0.00	0.00	0.00	0.30				0.00	0.00	0.00	0.00	1	12.21
8523 	Jan 16 2024 12:00AM	BZDET	7	17756454	C	1204637373	HUIYI CAO CAO	CUE	001	34	03	5005093802	1	31.76	0070006029	001-221-3584116	24.66	REC	24	31.76	001	S			P	S	0	0.00	0.00	0.00	0.00	0.00	0.00	0.30				0.00	0.00	0.00	0.00	1	31.76
8523 	Jan 16 2024 12:00AM	BZDET	8	17161375	R	1103990063001	HAMILTON ERNESTO ABAD  GUALPA	CUE	001	34	04	0921343992	1	22.46	0070005280	001-221-3583771	20.05	REC	24	22.46	001	S			P	S	0	0.00	0.00	0.00	0.00	0.00	0.00	0.30				0.00	0.00	0.00	0.00	1	22.46
8523 	Jan 16 2024 12:00AM	BZDET	16	11969279	R	0991476415001	INTERFULL SA	CUE	001	34	03	0035003139	1	47.82	0070011705	001-221-3582930	42.70	REC	24	47.82	001	S			P	S	0	0.00	0.00	0.00	0.00	0.00	0.00	0.30				0.00	0.00	0.00	0.00	1	47.82
8523 	Jan 16 2024 12:00AM	BZDET	18	12419244	R	1103326193001	DIEGO PAUL  OCHOA HERRERA	CUE	001	34	03	0875028844	1	5.60	0070011793	001-221-3582960	5.00	REC	24	5.60	001	S			P	S	0	0.00	0.00	0.00	0.00	0.00	0.00	0.30				0.00	0.00	0.00	0.00	1	5.60
8523 	Jan 16 2024 12:00AM	BZDET	19	11549125	R	0992732881001	CONDOMINIO LUGANO	CUE	001	34	03	0005246106	1	12.25	0070012475	001-221-3579969	10.94	REC	24	12.25	001	S			P	S	0	0.00	0.00	0.00	0.00	0.00	0.00	0.30				0.00	0.00	0.00	0.00	1	12.25
8523 	Jan 16 2024 12:00AM	BZDET	30	09414100	R	1792468876001	TERAN LLUSCA  GRUAS Y TRANSPORRTE COMPANIA LIMITADA	CUE	001	34	03	5005066312	1	22.39	0070010934	001-221-3582670	19.99	REC	24	22.39	001	S			P	S	0	0.00	0.00	0.00	0.00	0.00	0.00	0.30				0.00	0.00	0.00	0.00	1	22.39
8523 	Jan 16 2024 12:00AM	BZDET	31	10204059	R	0992674091001	MERCAEXPRESS SA	CUE	001	34	03	0025041619	1	38.81	0070011172	001-221-3582744	34.65	REC	24	38.81	001	S			P	S	0	0.00	0.00	0.00	0.00	0.00	0.00	0.30				0.00	0.00	0.00	0.00	1	38.81
8523 	Jan 16 2024 12:00AM	BZDET	33	00633490	R	0992557494001	LAFATTORIA S.A.	CUE	001	34	03	0845022085	1	2,878.85	0070009656	001-221-3582226	2,570.40	REC	24	2,878.85	001	S			P	S	0	0.00	0.00	0.00	0.00	0.00	0.00	0.30				0.00	0.00	0.00	0.00	1	2,878.85
8523 	Jan 16 2024 12:00AM	BZDET	35	05859014	R	1200406799001	COMPA벨A DE VIGILANCIA Y SEGURIDAD PRIVADA MOSS CIA.LTDA.	CUE	001	34	03	0065045563	1	9.41	0070009144	001-221-3582054	8.40	REC	24	9.41	001	S			P	S	0	0.00	0.00	0.00	0.00	0.00	0.00	0.30				0.00	0.00	0.00	0.00	1	9.41
8523 	Jan 16 2024 12:00AM	BZDET	36	02533463	C	0926516667	ESTER BEATRIZ GARCIA SUAREZ	CUE	001	34	03	1745009211	1	174.82	0070010155	001-221-3579045	138.69	REC	24	174.82	001	S			P	S	0	0.00	0.00	0.00	0.00	0.00	0.00	0.30				0.00	0.00	0.00	0.00	1	174.82
8523 	Jan 16 2024 12:00AM	BZDET	37	02329605	R	0992456825001	IGLESIA CRISTIANA VERBO DE GUAYAQUIL	CUE	001	34	03	0025030969	1	31.36	0070008034	001-221-3581665	28.00	REC	24	31.36	001	S			P	S	0	0.00	0.00	0.00	0.00	0.00	0.00	0.30				0.00	0.00	0.00	0.00	1	31.36
8523 	Jan 16 2024 12:00AM	BZDET	87	03668467	C	0909423899	ANDRES DE JESUS PUIG PEREZ	CUE	001	34	04	0041104245	1	35.18	0070010230	001-221-3582425	31.41	REC	24	35.18	001	S			P	S	0	0.00	0.00	0.00	0.00	0.00	0.00	0.30				0.00	0.00	0.00	0.00	1	35.18
8523 	Jan 16 2024 12:00AM	BZDET	106	00762251	R	0992833734001	PLANOBRALY S.A.	CUE	001	34	03	0955021491	1	31.36	0070005665	001-221-3580793	28.00	REC	24	31.36	001	S			P	S	0	0.00	0.00	0.00	0.00	0.00	0.00	0.30				0.00	0.00	0.00	0.00	1	31.36
8523 	Jan 16 2024 12:00AM	BZDET	112	12475313	C	0925842346	MARIA LUIS SILVA MORA	CUE	001	34	04	1741051118	1	31.14	0070011910	001-221-3583007	27.80	REC	24	31.14	001	S			P	S	0	0.00	0.00	0.00	0.00	0.00	0.00	0.30				0.00	0.00	0.00	0.00	1	31.14
8523 	Jan 16 2024 12:00AM	BZDET	115	12044186	R	0992914319001	CONSULTORES DE COMERCIO EXTERIOR Y ADUANAS ASECONADEX S.A	CUE	001	34	03	0015025090	1	26.88	0070010663	001-221-3579201	24.00	REC	24	26.88	001	S			P	S	0	0.00	0.00	0.00	0.00	0.00	0.00	0.30				0.00	0.00	0.00	0.00	1	26.88
8523 	Jan 16 2024 12:00AM	BZDET	116	01733412	R	0992680059001	SURTIBELL S.A.	CUE	001	34	03	0025058000	1	71.05	0070010061	001-221-3579016	57.85	REC	24	71.05	001	S			P	S	0	0.00	0.00	0.00	0.00	0.00	0.00	0.30				0.00	0.00	0.00	0.00	1	71.05
8523 	Jan 16 2024 12:00AM	BZDET	117	12464432	R	0993121894001	ASOCIACION DE PROPIETARIOS DE LA URBANIZACION LA RIOJA ETAPA	CUE	001	34	03	1725007590	1	98.63	0070010666	001-221-3579203	84.57	REC	24	98.63	001	S			P	S	0	0.00	0.00	0.00	0.00	0.00	0.00	0.30				0.00	0.00	0.00	0.00	1	98.63
8523 	Jan 16 2024 12:00AM	BZDET	127	00690532	R	0992519568001	BRASFEN S.A.	CUE	001	34	03	0035030362	1	9.90	0070006151	001-221-3577772	8.84	REC	24	9.90	001	S			P	S	0	0.00	0.00	0.00	0.00	0.00	0.00	0.30				0.00	0.00	0.00	0.00	1	9.90
8523 	Jan 16 2024 12:00AM	BZDET	131	02443466	C	1102869557	JORGE GEOVANNY GUZMAN  GONZALEZ	CUE	001	34	03	1405015855	1	23.52	0070008054	001-221-3581673	21.00	REC	24	23.52	001	S			P	S	0	0.00	0.00	0.00	0.00	0.00	0.00	0.30				0.00	0.00	0.00	0.00	1	23.52
8523 	Jan 16 2024 12:00AM	BZDET	132	02693999	R	0992671548001	EXPORMEKSA S.A.	CUE	001	34	03	0005246575	1	45.42	0070010085	001-221-3579024	40.55	REC	24	45.42	001	S			P	S	0	0.00	0.00	0.00	0.00	0.00	0.00	0.30				0.00	0.00	0.00	0.00	1	45.42
8523 	Jan 16 2024 12:00AM	BZDET	133	03173496	C	0902404722	JUANA MIRNA LETAMENDI GILBERT	CUE	001	34	04	0041144167	1	40.22	0070004869	001-221-3580508	35.91	REC	24	40.22	001	S			P	S	0	0.00	0.00	0.00	0.00	0.00	0.00	0.30				0.00	0.00	0.00	0.00	1	40.22
8523 	Jan 16 2024 12:00AM	BZDET	171	20243410	C	1310059223	LUCIA BERNARDITA MEJIA BASURTO	CUE	001	34	04	0971015364	1	24.64	0070008409	001-221-3585152	22.00	REC	24	24.64	001	S			P	S	0	0.00	0.00	0.00	0.00	0.00	0.00	0.30				0.00	0.00	0.00	0.00	1	24.64
8523 	Jan 16 2024 12:00AM	BZDET	173	20459151	R	0992617233001	INSTITUTO DE MEDICINA DEPORTIVA IMDO S.A.	CUE	001	34	03	0025080490	1	31.36	0070009043	001-221-3585432	28.00	REC	24	31.36	001	S			P	S	0	0.00	0.00	0.00	0.00	0.00	0.00	0.30				0.00	0.00	0.00	0.00	1	31.36
8523 	Jan 16 2024 12:00AM	BZDET	177	00608879	C	0903775260	VICTOR RAUL TORRES ARIAS	CUE	001	34	04	0951002396	1	3.92	0066097210	000-000-2809237	3.92	REC	24	3.92	001	S			P	S	0	0.00	0.00	0.00	0.00	0.00	0.00	0.30				0.00	0.00	0.00	0.00	1	3.92
8523 	Jan 16 2024 12:00AM	BZDET	178	00720212	C	0901532820	INSTITUTO ECUATORIANO DE SERVICIOS Y DESARROLLO  S.A INESEDE	CUE	001	34	04	0001391819	1	22.29	0070005564	001-221-3577602	19.90	REC	24	22.29	001	S			P	S	0	0.00	0.00	0.00	0.00	0.00	0.00	0.30				0.00	0.00	0.00	0.00	1	22.29
8523 	Jan 16 2024 12:00AM	BZDET	179	04528808	R	0991434127001	COOPERATIVA DE TRANSPORTE DE PASAJEROS EN TAXIS POLICENTRO	CUE	001	34	03	0855013660	1	32.26	0070005426	001-221-3580709	28.80	REC	24	32.26	001	S			P	S	0	0.00	0.00	0.00	0.00	0.00	0.00	0.30				0.00	0.00	0.00	0.00	1	32.26
8523 	Jan 16 2024 12:00AM	BZDET	180	17892250	R	0991239936001	INMOBILIARIA XAGOMAR S.A.	CUE	001	34	03	0005136678	1	29.12	0070006211	001-221-3584199	26.00	REC	24	29.12	001	S			P	S	0	0.00	0.00	0.00	0.00	0.00	0.00	0.30				0.00	0.00	0.00	0.00	1	29.12
8523 	Jan 16 2024 12:00AM	BZDET	183	09249009	C	0905404984	EUGENIA VICTORIA RAFFO BORJA	CUE	001	34	04	0851352329	1	85.11	0070010876	001-221-3582649	75.99	REC	24	85.11	001	S			P	S	0	0.00	0.00	0.00	0.00	0.00	0.00	0.30				0.00	0.00	0.00	0.00	1	85.11
8523 	Jan 16 2024 12:00AM	BZDET	196	00512623	R	1792357276001	CIENCIA E INGENIERIA TISULAR NOUVONS CIA. LTDA.	CUE	001	34	03	1675001617	1	22.40	0070006437	001-221-3581079	20.00	REC	24	22.40	001	S			P	S	0	0.00	0.00	0.00	0.00	0.00	0.00	0.30				0.00	0.00	0.00	0.00	1	22.40
8523 	Jan 16 2024 12:00AM	BZDET	240	17186259	R	0993238228001	PROYECTOS URBANISTICOS PROURBA CIA LTDA	CUE	001	34	03	0065055322	1	36.96	0070005016	001-221-3580562	33.00	REC	24	36.96	001	S			P	S	0	0.00	0.00	0.00	0.00	0.00	0.00	0.30				0.00	0.00	0.00	0.00	1	36.96
8523 	Jan 16 2024 12:00AM	BZDET	248	18922771	R	0993282901001	FULL CONTROL SEGURIDAD FCSEGURIDAD C LTDA	CUE	001	34	03	5055026045	1	47.38	0070007083	001-221-3584589	42.30	REC	24	47.38	001	S			P	S	0	0.00	0.00	0.00	0.00	0.00	0.00	0.30				0.00	0.00	0.00	0.00	1	47.38
8523 	Jan 16 2024 12:00AM	BZDET	250	19102328	R	0993355151001	HAKASPACE S.A.S.	CUE	001	34	03	0855055295	1	14.55	0070007281	001-221-3584686	12.99	REC	24	14.55	001	S			P	S	0	0.00	0.00	0.00	0.00	0.00	0.00	0.30				0.00	0.00	0.00	0.00	1	14.55
8523 	Jan 16 2024 12:00AM	BZDET	251	19082284	R	0993207772001	SOLUCIONES INTEGRALES Y SERVICIOS ELECTROMECANICOS SISERLECT	CUE	001	34	03	0955031579	1	38.42	0070007236	001-221-3584665	34.30	REC	24	38.42	001	S			P	S	0	0.00	0.00	0.00	0.00	0.00	0.00	0.30				0.00	0.00	0.00	0.00	1	38.42
8523 	Jan 16 2024 12:00AM	BZDET	254	01018352	C	0907240485	MARIA AUXILIADORA VILLAMAR CABRERA	CUE	001	34	03	0039000750	1	39.20	0070008870	001-221-3578619	35.00	REC	24	39.20	001	S			P	S	0	0.00	0.00	0.00	0.00	0.00	0.00	0.30				0.00	0.00	0.00	0.00	1	39.20
8523 	Jan 16 2024 12:00AM	BZDET	255	08073520	R	0992640278001	MILANPLASTIC S.A.	CUE	001	34	03	5005070247	1	44.69	0070008498	001-221-3581844	36.00	REC	24	44.69	001	S			P	S	0	0.00	0.00	0.00	0.00	0.00	0.00	0.30				0.00	0.00	0.00	0.00	1	44.69
8523 	Jan 16 2024 12:00AM	BZDET	269	08139179	R	0992978279001	GLOBAL TRADING GLOBTRADING S A	CUE	001	34	03	0855046510	1	31.36	0070012511	001-221-3580010	28.00	REC	24	31.36	001	S			P	S	0	0.00	0.00	0.00	0.00	0.00	0.00	0.30				0.00	0.00	0.00	0.00	1	31.36
8523 	Jan 16 2024 12:00AM	BZDET	273	00146789	C	0929714434	FERNANDO ANTONIO QUEIJA ALVAREZ	CUE	001	34	04	0861048803	1	3.36	0070009383	001-221-3582136	3.00	REC	24	3.36	001	S			P	S	0	0.00	0.00	0.00	0.00	0.00	0.00	0.30				0.00	0.00	0.00	0.00	1	3.36
8523 	Jan 16 2024 12:00AM	BZDET	289	00092620	R	1307594471001	MAYRA VANESSA JARA OZAETA	CUE	001	34	03	0045012567	1	16.26	0070004871	001-221-3577399	14.52	REC	24	16.26	001	S			P	S	0	0.00	0.00	0.00	0.00	0.00	0.00	0.30				0.00	0.00	0.00	0.00	1	16.26
8523 	Jan 16 2024 12:00AM	BZDET	293	00660421	C	1206522490	JORDY ALEXIS JACOME GAROFALO	CUE	001	34	03	5015011803	1	22.40	0070006870	001-221-3581244	20.00	REC	24	22.40	001	S			P	S	0	0.00	0.00	0.00	0.00	0.00	0.00	0.30				0.00	0.00	0.00	0.00	1	22.40
8523 	Jan 16 2024 12:00AM	BZDET	295	15430598	R	1793002870001	ENTERPRISING S.A.	CUE	001	34	04	5011161035	1	21.28	0070004527	001-221-3583390	19.00	REC	24	21.28	001	S			P	S	0	0.00	0.00	0.00	0.00	0.00	0.00	0.30				0.00	0.00	0.00	0.00	1	21.28
8523 	Jan 16 2024 12:00AM	BZDET	311	08129633	R	0992768959001	PORTLOGISTICS S.A.	CUE	001	34	03	0005259490	1	106.40	0070010639	001-221-3582565	95.00	REC	24	106.40	001	S			P	S	0	0.00	0.00	0.00	0.00	0.00	0.00	0.30				0.00	0.00	0.00	0.00	1	106.40
8523 	Jan 16 2024 12:00AM	BZDET	314	09649042	R	0992436662001	COOPERATIVA DE TRANSPORTES DE PASAJEROS EN TAXIS 30 DE ENERO	CUE	001	34	03	0005175347	1	46.82	0070011025	001-221-3582694	41.80	REC	24	46.82	001	S			P	S	0	0.00	0.00	0.00	0.00	0.00	0.00	0.30				0.00	0.00	0.00	0.00	1	46.82
8523 	Jan 16 2024 12:00AM	BZDET	316	09214048	R	0992957166001	TRANS LE&MAR TRANSPORTE DE CARGA PESADA LE&MA S. A.	CUE	001	34	03	0865017827	1	5.60	0070010871	001-221-3582647	5.00	REC	24	5.60	001	S			P	S	0	0.00	0.00	0.00	0.00	0.00	0.00	0.30				0.00	0.00	0.00	0.00	1	5.60
8523 	Jan 16 2024 12:00AM	BZDET	348	00683619	R	1101491338001	IVAN NOLBERTO TORRES  ORDO벤Z	CUE	001	34	03	0040010966	1	34.50	0070004936	001-221-3577417	29.00	REC	24	34.50	001	S			P	S	0	0.00	0.00	0.00	0.00	0.00	0.00	0.30				0.00	0.00	0.00	0.00	1	34.50
8523 	Jan 16 2024 12:00AM	BZDET	350	00732750	C	0602379182	WILSON HECTOR GUARCO  SALAS	CUE	001	34	03	0855028855	1	24.53	0070005402	001-221-3577549	21.90	REC	24	24.53	001	S			P	S	0	0.00	0.00	0.00	0.00	0.00	0.00	0.30				0.00	0.00	0.00	0.00	1	24.53
8523 	Jan 16 2024 12:00AM	BZDET	351	00329029	R	0901125559001	JOSE MARIA CORDOVA BRIONES	CUE	001	34	04	0941217266	1	22.29	0070007612	001-221-3581517	19.90	REC	24	22.29	001	S			P	S	0	0.00	0.00	0.00	0.00	0.00	0.00	0.30				0.00	0.00	0.00	0.00	1	22.29
8523 	Jan 16 2024 12:00AM	BZDET	379	04743618	R	0992355549001	IGLESIA DE DIOS MINISTERIAL DE JESUCRISTO INTERNACIONAL ECUA	CUE	001	34	03	0005163582	1	13.44	0070012426	001-221-3579917	12.00	REC	24	13.44	001	S			P	S	0	0.00	0.00	0.00	0.00	0.00	0.00	0.30				0.00	0.00	0.00	0.00	1	13.44
8523 	Jan 16 2024 12:00AM	BZDET	384	17321271	R	0992645598001	UGARTE QUI벮NEZ & ASOCIADOS C LTDA	CUE	001	34	03	0925015316	1	22.40	0070005547	001-221-3583896	20.00	REC	24	22.40	001	S			P	S	0	0.00	0.00	0.00	0.00	0.00	0.00	0.30				0.00	0.00	0.00	0.00	1	22.40
8523 	Jan 16 2024 12:00AM	BZDET	392	20664112	R	0992181915001	COOPERATIVA DE TAXIS LOS RIOS	CUE	001	34	03	0005312296	1	26.88	0070009809	001-221-3585739	24.00	REC	24	26.88	001	S			P	S	0	0.00	0.00	0.00	0.00	0.00	0.00	0.30				0.00	0.00	0.00	0.00	1	26.88
8523 	Jan 16 2024 12:00AM	BZDET	395	00135015	R	0991282025001	A & M S.A.	CUE	001	34	03	0005067015	1	33.49	0070005918	001-221-3577703	29.90	REC	24	33.49	001	S			P	S	0	0.00	0.00	0.00	0.00	0.00	0.00	0.30				0.00	0.00	0.00	0.00	1	33.49
8523 	Jan 16 2024 12:00AM	BZDET	404	20243654	C	0911143774	MARINA DE JESUS  ESCALANTE FLORES	CUE	001	34	04	0061105235	1	33.60	0070008432	001-221-3585161	30.00	REC	24	33.60	001	S			P	S	0	0.00	0.00	0.00	0.00	0.00	0.00	0.30				0.00	0.00	0.00	0.00	1	33.60
8523 	Jan 16 2024 12:00AM	BZDET	416	00076406	R	1792106664001	MASSPRODUCTS S. A.	CUE	001	34	03	5005032869	1	13.84	0070005351	001-221-3577535	12.36	REC	24	13.84	001	S			P	S	0	0.00	0.00	0.00	0.00	0.00	0.00	0.30				0.00	0.00	0.00	0.00	1	13.84
8523 	Jan 16 2024 12:00AM	BZDET	417	00090184	C	0903462307	GERMAN MANUEL HUAYAMABE LEON	CUE	001	34	04	0021116499	1	47.31	0070004503	001-221-3577333	42.24	REC	24	47.31	001	S			P	S	0	0.00	0.00	0.00	0.00	0.00	0.00	0.30				0.00	0.00	0.00	0.00	1	47.31
8523 	Jan 16 2024 12:00AM	BZDET	428	17185355	R	0190322734001	CORESOLUTIONS S.A.	CUE	001	34	03	4005010543	1	1,310.40	0070005350	001-221-3583810	1,170.00	REC	24	1,310.40	001	S			P	S	0	0.00	0.00	0.00	0.00	0.00	0.00	0.30				0.00	0.00	0.00	0.00	1	1,310.40
8523 	Jan 16 2024 12:00AM	BZDET	429	17217671	C	1311406878	ADRIAN GABRIEL JAYA RICAURTE	CUE	001	34	04	0021492199	1	35.84	0070004450	001-221-3580337	32.00	REC	24	35.84	001	S			P	S	0	0.00	0.00	0.00	0.00	0.00	0.00	0.30				0.00	0.00	0.00	0.00	1	35.84
8523 	Jan 16 2024 12:00AM	BZDET	436	00757590	R	0992462507001	PARROQUIA NUESTRA SE벮RA DE LORETO	CUE	001	34	03	0065015531	1	29.05	0070004247	001-221-3577258	25.94	REC	24	29.05	001	S			P	S	0	0.00	0.00	0.00	0.00	0.00	0.00	0.30				0.00	0.00	0.00	0.00	1	29.05
8523 	Jan 16 2024 12:00AM	BZDET	466	01183446	R	0992850698001	COMERCIAL INTERNACIONAL S.A. COMERINTERNACSA	CUE	001	34	03	0065042988	1	31.36	0070009939	001-221-3578976	28.00	REC	24	31.36	001	S			P	S	0	0.00	0.00	0.00	0.00	0.00	0.00	0.30				0.00	0.00	0.00	0.00	1	31.36
8523 	Jan 16 2024 12:00AM	BZDET	468	00071847	R	0991323503001	TECNOAPLICA TECNOLOGIA Y APLICACIONES PARA LA CONSTRUCCION S	CUE	001	34	03	0020034854	1	18.03	0070005644	001-221-3577627	16.10	REC	24	18.03	001	S			P	S	0	0.00	0.00	0.00	0.00	0.00	0.00	0.30				0.00	0.00	0.00	0.00	1	18.03
8523 	Jan 16 2024 12:00AM	BZDET	469	00072742	C	0902586973	NORMA  GRACIELA NARANJO VIERA	CUE	001	34	03	0005001091	1	14.18	0070009205	001-221-3582077	12.66	REC	24	14.18	001	S			P	S	0	0.00	0.00	0.00	0.00	0.00	0.00	0.30				0.00	0.00	0.00	0.00	1	14.18
8523 	Jan 16 2024 12:00AM	BZDET	471	00683619	R	1101491338001	IVAN NOLBERTO TORRES  ORDO벤Z	CUE	001	34	03	0040010966	1	24.64	0070005903	001-221-3580881	22.00	REC	24	24.64	001	S			P	S	0	0.00	0.00	0.00	0.00	0.00	0.00	0.30				0.00	0.00	0.00	0.00	1	24.64
8523 	Jan 16 2024 12:00AM	BZDET	476	19182266	R	0190160459001	COOPERATIVA DE AHORRO Y CREDITO MULTIEMPRESARIAL	CUE	001	34	03	4005005660	1	680.93	0070012164	001-221-3579715	607.97	REC	24	680.93	001	S			P	S	0	0.00	0.00	0.00	0.00	0.00	0.00	0.30				0.00	0.00	0.00	0.00	1	680.93
8523 	Jan 16 2024 12:00AM	BZDET	486	00074411	R	0992227338001	PARROQUIA SE벮R DE LA BUENA ESPERANZA	CUE	001	34	03	0855051079	1	63.32	0070005973	001-221-3577720	51.85	REC	24	63.32	001	S			P	S	0	0.00	0.00	0.00	0.00	0.00	0.00	0.30				0.00	0.00	0.00	0.00	1	63.32
8523 	Jan 16 2024 12:00AM	BZDET	513	04578685	R	0990555575001	ECUACULTIVOS ECUATORIANA DE CULTIVOS SA	CUE	001	34	03	0005071995	1	236.32	0070012373	001-221-3579860	211.00	REC	24	236.32	001	S			P	S	0	0.00	0.00	0.00	0.00	0.00	0.00	0.30				0.00	0.00	0.00	0.00	1	236.32
8523 	Jan 16 2024 12:00AM	BZDET	514	17891943	C	0701176604	NAUTIC S.A.	CUE	001	34	03	0005310621	1	29.12	0070006195	001-221-3584191	26.00	REC	24	29.12	001	S			P	S	0	0.00	0.00	0.00	0.00	0.00	0.00	0.30				0.00	0.00	0.00	0.00	1	29.12
8523 	Jan 16 2024 12:00AM	BZDET	515	12554169	R	0992777583001	LEX VERITAS S.A. LEXVESA	CUE	001	34	03	0925023812	1	58.24	0070011967	001-221-3583039	52.00	REC	24	58.24	001	S			P	S	0	0.00	0.00	0.00	0.00	0.00	0.00	0.30				0.00	0.00	0.00	0.00	1	58.24
8523 	Jan 16 2024 12:00AM	BZDET	553	20513332	R	0910785385001	KARINA MARIA AUXILIADORA SCHNEIDER TORBAY	CUE	001	34	04	0841079167	1	91.19	0070009281	001-221-3585531	77.73	REC	24	91.19	001	S			P	S	0	0.00	0.00	0.00	0.00	0.00	0.00	0.30				0.00	0.00	0.00	0.00	1	91.19
8523 	Jan 16 2024 12:00AM	BZDET	554	08072433	R	0991451331001	COMERCIALIZADORA COILE S.A.	CUE	001	34	03	1405003283	1	246.40	0070008491	001-221-3581840	220.00	REC	24	246.40	001	S			P	S	0	0.00	0.00	0.00	0.00	0.00	0.00	0.30				0.00	0.00	0.00	0.00	1	246.40
8523 	Jan 16 2024 12:00AM	BZDET	555	05183793	C	0904173804	MIGUEL ANGEL OJEDA COLON	CUE	001	34	03	0845027347	1	28.65	0070008882	001-221-3581958	22.24	REC	24	28.65	001	S			P	S	0	0.00	0.00	0.00	0.00	0.00	0.00	0.30				0.00	0.00	0.00	0.00	1	28.65
8523 	Jan 16 2024 12:00AM	BZDET	556	04958768	R	0992821515001	ASOCIACION DE PROPIETARIO VERONA	CUE	001	34	03	0005267460	1	0.64	0070010346	001-221-3579102	0.57	REC	24	0.64	001	S			P	S	0	0.00	0.00	0.00	0.00	0.00	0.00	0.30				0.00	0.00	0.00	0.00	1	0.64
8523 	Jan 16 2024 12:00AM	BZDET	558	19512675	R	0992773103001	IMPOFERCO S.A.	CUE	001	34	04	0971023728	1	78.43	0070006000	001-221-3580917	70.03	REC	24	78.43	001	S			P	S	0	0.00	0.00	0.00	0.00	0.00	0.00	0.30				0.00	0.00	0.00	0.00	1	78.43
8523 	Jan 16 2024 12:00AM	BZDET	560	00168007	R	0902574037001	FAVIO ALFREDO SILVA MONCAYO	CUE	001	34	03	0035016216	1	37.86	0070005097	001-221-3577457	31.74	REC	24	37.86	001	S			P	S	0	0.00	0.00	0.00	0.00	0.00	0.00	0.30				0.00	0.00	0.00	0.00	1	37.86
8523 	Jan 16 2024 12:00AM	BZDET	561	13920402	R	0993127787001	VILLACOMUNIDAD S.A	CUE	001	34	03	0005312922	1	40.32	0070004364	001-221-3583311	36.00	REC	24	40.32	001	S			P	S	0	0.00	0.00	0.00	0.00	0.00	0.00	0.30				0.00	0.00	0.00	0.00	1	40.32
8523 	Jan 16 2024 12:00AM	BZDET	567	20523392	C	0913568044	JOSE LUIS GONZALEZ  JIMENEZ	CUE	001	34	04	0031138585	1	49.87	0070009302	001-221-3585539	44.53	REC	24	49.87	001	S			P	S	0	0.00	0.00	0.00	0.00	0.00	0.00	0.30				0.00	0.00	0.00	0.00	1	49.87
8523 	Jan 16 2024 12:00AM	BZDET	569	20588254	C	0926334277	LADY DEL PILAR TIBANQUIZA ARREAGA	CUE	001	34	04	0051538529	1	31.36	0070006559	001-221-3581125	28.00	REC	24	31.36	001	S			P	S	0	0.00	0.00	0.00	0.00	0.00	0.00	0.30				0.00	0.00	0.00	0.00	1	31.36
8523 	Jan 16 2024 12:00AM	BZDET	570	20644374	R	0993311278001	PESCAPURA S.A.S	CUE	001	34	03	0005326657	1	35.84	0070009644	001-221-3585674	32.00	REC	24	35.84	001	S			P	S	0	0.00	0.00	0.00	0.00	0.00	0.00	0.30				0.00	0.00	0.00	0.00	1	35.84
8523 	Jan 16 2024 12:00AM	BZDET	571	20593700	C	0950217885	ANDREA VERONICA RENDON  MORAN	CUE	001	34	04	0041216777	1	31.36	0070009471	001-221-3585604	28.00	REC	24	31.36	001	S			P	S	0	0.00	0.00	0.00	0.00	0.00	0.00	0.30				0.00	0.00	0.00	0.00	1	31.36
8523 	Jan 16 2024 12:00AM	BZDET	572	13049989	R	0993141062001	PROPIZZEC SA	CUE	001	34	03	0065052859	1	85.11	0070012208	001-221-3583194	75.99	REC	24	85.11	001	S			P	S	0	0.00	0.00	0.00	0.00	0.00	0.00	0.30				0.00	0.00	0.00	0.00	1	85.11
8523 	Jan 16 2024 12:00AM	BZDET	574	00126056	R	0992574240001	APROINSA S.A.	CUE	001	34	03	0935007420	1	50.40	0070006138	001-221-3577768	45.00	REC	24	50.40	001	S			P	S	0	0.00	0.00	0.00	0.00	0.00	0.00	0.30				0.00	0.00	0.00	0.00	1	50.40
8523 	Jan 16 2024 12:00AM	BZDET	581	00167468	R	0992175915001	FEDERACION PROVINCIAL DE TRANSPORTE URBANO DEL GUAYAS	CUE	001	34	03	0015001601	1	38.07	0070004979	001-221-3577427	33.99	REC	24	38.07	001	S			P	S	0	0.00	0.00	0.00	0.00	0.00	0.00	0.30				0.00	0.00	0.00	0.00	1	38.07
8523 	Jan 16 2024 12:00AM	BZDET	586	09764096	R	0993023981001	ASOCIACION DE PROPIETARIOS VILLA DEL BOSQUE ETAPA 2	CUE	001	34	03	0045026416	1	25.09	0070011052	001-221-3582703	22.40	REC	24	25.09	001	S			P	S	0	0.00	0.00	0.00	0.00	0.00	0.00	0.30				0.00	0.00	0.00	0.00	1	25.09
8523 	Jan 16 2024 12:00AM	BZDET	587	02413751	R	0992514566001	GLOBAL SURGICAL EQUIPMENT GLOSURE S.A.	CUE	001	34	03	0005252882	1	59.81	0070004776	001-221-3580464	53.40	REC	24	59.81	001	S			P	S	0	0.00	0.00	0.00	0.00	0.00	0.00	0.30				0.00	0.00	0.00	0.00	1	59.81
8523 	Jan 16 2024 12:00AM	BZDET	593	16560852	C	1716767593	IRINA KARINA VILAC SALAZAR	CUE	001	34	04	5011180689	1	28.00	0070004929	001-221-3583604	25.00	REC	24	28.00	001	S			P	S	0	0.00	0.00	0.00	0.00	0.00	0.00	0.30				0.00	0.00	0.00	0.00	1	28.00
8523 	Jan 16 2024 12:00AM	BZDET	599	00468005	C	1707436885	WELINGTON POLIVIO GARCES SANCHEZ	CUE	001	34	03	5015005189	1	103.32	0070007077	001-221-3578046	83.13	REC	24	103.32	001	S			P	S	0	0.00	0.00	0.00	0.00	0.00	0.00	0.30				0.00	0.00	0.00	0.00	1	103.32
8523 	Jan 16 2024 12:00AM	BZDET	605	20798765	R	0911969475001	MARCELINO ANTONIO HUACON ECHEVERRIA	CUE	001	34	03	0865012446	1	31.36	0070006087	001-221-3580949	28.00	REC	24	31.36	001	S			P	S	0	0.00	0.00	0.00	0.00	0.00	0.00	0.30				0.00	0.00	0.00	0.00	1	31.36
8523 	Jan 16 2024 12:00AM	BZDET	606	00762594	R	0991174192001	MASCORP S.A.	CUE	001	34	03	0005033531	1	49.91	0070005670	001-221-3580795	40.06	REC	24	49.91	001	S			P	S	0	0.00	0.00	0.00	0.00	0.00	0.00	0.30				0.00	0.00	0.00	0.00	1	49.91
8523 	Jan 16 2024 12:00AM	BZDET	607	20998772	R	0993112569001	ACHIBROS S.A.	CUE	001	34	03	0005315169	1	47.03	0070011582	001-221-3586409	41.99	REC	24	47.03	001	S			P	S	0	0.00	0.00	0.00	0.00	0.00	0.00	0.30				0.00	0.00	0.00	0.00	1	47.03
8523 	Jan 16 2024 12:00AM	BZDET	608	21163776	R	0993375756001	ESTUDIO REGULATORIO SANITARIO-ERS S.A.S	CUE	001	34	03	0025081493	1	24.49	0070008005	001-221-3581653	21.87	REC	24	24.49	001	S			P	S	0	0.00	0.00	0.00	0.00	0.00	0.00	0.30				0.00	0.00	0.00	0.00	1	24.49
8523 	Jan 16 2024 12:00AM	BZDET	610	20778875	R	1792623669001	AIRTEC-ELECTRIC CIA.LTDA.	CUE	001	34	03	1635011243	1	26.88	0070010726	001-221-3586077	24.00	REC	24	26.88	001	S			P	S	0	0.00	0.00	0.00	0.00	0.00	0.00	0.30				0.00	0.00	0.00	0.00	1	26.88
8523 	Jan 16 2024 12:00AM	BZDET	613	13155197	R	0990022453001	COMPA벨A DE SEGUROS ECUATORIANOS SUIZA S.A	CUE	001	34	03	0005060069	1	31.36	0070012246	001-221-3583219	28.00	REC	24	31.36	001	S			P	S	0	0.00	0.00	0.00	0.00	0.00	0.00	0.30				0.00	0.00	0.00	0.00	1	31.36
8523 	Jan 16 2024 12:00AM	BZDET	617	13650340	R	0993181714001	AMAUTHAHUB CIA LTDA	CUE	001	34	03	0005315152	1	22.42	0070011249	001-221-3579388	20.02	REC	24	22.42	001	S			P	S	0	0.00	0.00	0.00	0.00	0.00	0.00	0.30				0.00	0.00	0.00	0.00	1	22.42
8523 	Jan 16 2024 12:00AM	BZDET	628	15430598	R	1793002870001	ENTERPRISING S.A.	CUE	001	34	04	5011161035	1	29.12	0070004649	001-221-3580411	26.00	REC	24	29.12	001	S			P	S	0	0.00	0.00	0.00	0.00	0.00	0.00	0.30				0.00	0.00	0.00	0.00	1	29.12
8523 	Jan 16 2024 12:00AM	BZDET	630	17992594	R	0992594020001	EQUIPOS Y RENTAS EQUIRENT S.A.	CUE	001	34	03	0005315176	1	65.18	0070006364	001-221-3584270	58.20	REC	24	65.18	001	S			P	S	0	0.00	0.00	0.00	0.00	0.00	0.00	0.30				0.00	0.00	0.00	0.00	1	65.18
8523 	Jan 16 2024 12:00AM	BZDET	631	19802721	R	0914365614001	LOURDES GABRIELA MALTA QUINTANA	CUE	001	34	03	0825003419	1	29.64	0069992517	001-221-3580679	26.46	REC	24	29.64	001	S			P	S	0	0.00	0.00	0.00	0.00	0.00	0.00	0.30				0.00	0.00	0.00	0.00	1	29.64
8523 	Jan 16 2024 12:00AM	BZDET	632	19792723	R	0993120219001	TRANSPORTE SAMMY  & REMACHE TRANMACKCOM CIA.LTDA	CUE	001	34	03	0955031098	1	25.10	0070005221	001-221-3580637	22.41	REC	24	25.10	001	S			P	S	0	0.00	0.00	0.00	0.00	0.00	0.00	0.30				0.00	0.00	0.00	0.00	1	25.10
8523 	Jan 16 2024 12:00AM	BZDET	637	21348768	C	0911389765	CARLOS CORNEJO ORELLANA	CUE	001	34	04	0010658190	1	19.04	0070011781	001-221-3586487	17.00	REC	24	19.04	001	S			P	S	0	0.00	0.00	0.00	0.00	0.00	0.00	0.30				0.00	0.00	0.00	0.00	1	19.04
8523 	Jan 16 2024 12:00AM	BZDET	638	20503277	R	1793004482001	ARMEDSEG SEGURIDAD CIA LTA	CUE	001	34	03	1655006461	1	20.12	0070007569	001-221-3581499	17.96	REC	24	20.12	001	S			P	S	0	0.00	0.00	0.00	0.00	0.00	0.00	0.30				0.00	0.00	0.00	0.00	1	20.12
8523 	Jan 16 2024 12:00AM	BZDET	641	15430598	R	1793002870001	ENTERPRISING S.A.	CUE	001	34	04	5011161035	1	35.13	0070004652	001-221-3580412	31.37	REC	24	35.13	001	S			P	S	0	0.00	0.00	0.00	0.00	0.00	0.00	0.30				0.00	0.00	0.00	0.00	1	35.13
8523 	Jan 16 2024 12:00AM	BZDET	650	04613569	R	0992707976001	ESAUCORP S.A.	CUE	001	34	03	0025050268	1	16.80	0070010325	001-221-3579096	15.00	REC	24	16.80	001	S			P	S	0	0.00	0.00	0.00	0.00	0.00	0.00	0.30				0.00	0.00	0.00	0.00	1	16.80
8523 	Jan 16 2024 12:00AM	BZDET	653	00626476	R	0992457287001	REACHMARKET S.A.	CUE	001	34	03	0935002870	1	22.44	0070006155	001-221-3577773	20.04	REC	24	22.44	001	S			P	S	0	0.00	0.00	0.00	0.00	0.00	0.00	0.30				0.00	0.00	0.00	0.00	1	22.44
8523 	Jan 16 2024 12:00AM	BZDET	655	16866378	R	0992118210001	ASOC 25 DE MAYO DE JUBILADOS DEL MINISTERIO DE SALUD PUBLICA	CUE	001	34	04	0001369697	1	32.26	0070011535	001-221-3579474	28.80	REC	24	32.26	001	S			P	S	0	0.00	0.00	0.00	0.00	0.00	0.00	0.30				0.00	0.00	0.00	0.00	1	32.26
8523 	Jan 16 2024 12:00AM	BZDET	656	15430598	R	1793002870001	ENTERPRISING S.A.	CUE	001	34	04	5011161035	1	25.76	0070004654	001-221-3580413	23.00	REC	24	25.76	001	S			P	S	0	0.00	0.00	0.00	0.00	0.00	0.00	0.30				0.00	0.00	0.00	0.00	1	25.76
8523 	Jan 16 2024 12:00AM	BZDET	658	18303310	C	0914755376	RICARDO JAVIER HERNANDEZ SANTOS	CUE	001	34	04	0931069298	1	29.12	0070011147	001-221-3579360	26.00	REC	24	29.12	001	S			P	S	0	0.00	0.00	0.00	0.00	0.00	0.00	0.30				0.00	0.00	0.00	0.00	1	29.12
8523 	Jan 16 2024 12:00AM	BZDET	659	00335592	R	0992746092001	TITANMAX S.A	CUE	001	34	03	0925021054	1	59.14	0070006407	001-221-3577838	52.80	REC	24	59.14	001	S			P	S	0	0.00	0.00	0.00	0.00	0.00	0.00	0.30				0.00	0.00	0.00	0.00	1	59.14
8523 	Jan 16 2024 12:00AM	BZDET	663	11084383	R	0993028207001	CARMIGNIANI&PEREZ C.L.	CUE	001	34	03	0005304271	1	268.95	0070011468	001-221-3582851	240.13	REC	24	268.95	001	S			P	S	0	0.00	0.00	0.00	0.00	0.00	0.00	0.30				0.00	0.00	0.00	0.00	1	268.95
8523 	Jan 16 2024 12:00AM	BZDET	683	20503277	R	1793004482001	ARMEDSEG SEGURIDAD CIA LTA	CUE	001	34	03	1655006461	1	53.76	0070009214	001-221-3585503	48.00	REC	24	53.76	001	S			P	S	0	0.00	0.00	0.00	0.00	0.00	0.00	0.30				0.00	0.00	0.00	0.00	1	53.76
8523 	Jan 16 2024 12:00AM	BZDET	684	18006800	R	1791043650001	IGLESIA EPISCOPAL DEL ECUADOR	CUE	001	34	03	5085014289	1	24.64	0070004800	001-221-3580474	22.00	REC	24	24.64	001	S			P	S	0	0.00	0.00	0.00	0.00	0.00	0.00	0.30				0.00	0.00	0.00	0.00	1	24.64
8523 	Jan 16 2024 12:00AM	BZDET	690	10329246	R	0992880414001	INTEMPERIESTUDIO S.A.	CUE	001	34	03	0065038660	1	123.24	0070012561	001-221-3580061	110.04	REC	24	123.24	001	S			P	S	0	0.00	0.00	0.00	0.00	0.00	0.00	0.30				0.00	0.00	0.00	0.00	1	123.24
8523 	Jan 16 2024 12:00AM	BZDET	691	00115557	R	1790110680001	ORDEN CAPUCHINA EN EL ECUADOR	CUE	001	34	03	0945003957	1	69.44	0070008031	001-221-3581664	62.00	REC	24	69.44	001	S			P	S	0	0.00	0.00	0.00	0.00	0.00	0.00	0.30				0.00	0.00	0.00	0.00	1	69.44
8523 	Jan 16 2024 12:00AM	BZDET	692	10364339	R	0991519920001	CONSTRUCTORA BELARUS S.A	CUE	001	34	03	0005252437	1	23.51	0070011235	001-221-3582768	20.99	REC	24	23.51	001	S			P	S	0	0.00	0.00	0.00	0.00	0.00	0.00	0.30				0.00	0.00	0.00	0.00	1	23.51
8523 	Jan 16 2024 12:00AM	BZDET	693	11339172	C	0909505588	BENIGNA PATRICIA CONDE ACOSTA	CUE	001	34	04	0041021577	1	23.51	0070011550	001-221-3582879	20.99	REC	24	23.51	001	S			P	S	0	0.00	0.00	0.00	0.00	0.00	0.00	0.30				0.00	0.00	0.00	0.00	1	23.51
8523 	Jan 16 2024 12:00AM	BZDET	695	00754828	R	0990064733001	GENERALI ECUADOR COMPA벨A DE SEGUROS S.A	CUE	001	34	03	0005151608	1	78.40	0070006830	001-221-3581228	70.00	REC	24	78.40	001	S			P	S	0	0.00	0.00	0.00	0.00	0.00	0.00	0.30				0.00	0.00	0.00	0.00	1	78.40
8523 	Jan 16 2024 12:00AM	BZDET	696	15561109	R	0993199176001	PHARMADIAL S.A	CUE	001	34	03	0005316412	1	22.40	0070004555	001-221-3583405	20.00	REC	24	22.40	001	S			P	S	0	0.00	0.00	0.00	0.00	0.00	0.00	0.30				0.00	0.00	0.00	0.00	1	22.40
8523 	Jan 16 2024 12:00AM	BZDET	701	16381084	R	1757052400001	SEBASTIAN ALFREDO NADER	CUE	001	34	04	5001396715	1	26.91	0070004752	001-221-3583503	24.03	REC	24	26.91	001	S			P	S	0	0.00	0.00	0.00	0.00	0.00	0.00	0.30				0.00	0.00	0.00	0.00	1	26.91
8523 	Jan 16 2024 12:00AM	BZDET	709	08124300	R	0992666188001	TERMINAL DE CARGAS DEL ECUADOR S.A. TERMICARGA	CUE	001	34	03	0005225059	1	693.06	0070010634	001-221-3582563	618.80	REC	24	693.06	001	S			P	S	0	0.00	0.00	0.00	0.00	0.00	0.00	0.30				0.00	0.00	0.00	0.00	1	693.06
8523 	Jan 16 2024 12:00AM	BZDET	710	20238434	C	0929669992	DIANA CAROLINA GARCIA SILVA	CUE	001	34	04	0041184957	1	2.24	0070008214	001-221-3585078	2.00	REC	24	2.24	001	S			P	S	0	0.00	0.00	0.00	0.00	0.00	0.00	0.30				0.00	0.00	0.00	0.00	1	2.24
8523 	Jan 16 2024 12:00AM	BZDET	712	08073867	R	0990760799001	AUTORADIADOR S.A	CUE	001	34	03	0000064316	1	29.12	0070012406	001-221-3579897	26.00	REC	24	29.12	001	S			P	S	0	0.00	0.00	0.00	0.00	0.00	0.00	0.30				0.00	0.00	0.00	0.00	1	29.12
8523 	Jan 16 2024 12:00AM	BZDET	725	20354787	C	0954394805	MICHELLE GILDA ABARCA PALLAROSO	CUE	001	34	04	0871160245	1	24.64	0070008761	001-221-3585311	22.00	REC	24	24.64	001	S			P	S	0	0.00	0.00	0.00	0.00	0.00	0.00	0.30				0.00	0.00	0.00	0.00	1	24.64
8523 	Jan 16 2024 12:00AM	BZDET	728	00089244	R	1791744438001	INSTITUTO SECULAR PERPETUO SOCORRO	CUE	001	34	03	0005210819	1	25.76	0070007121	001-221-3581336	20.00	REC	24	25.76	001	S			P	S	0	0.00	0.00	0.00	0.00	0.00	0.00	0.30				0.00	0.00	0.00	0.00	1	25.76
8523 	Jan 16 2024 12:00AM	BZDET	730	20488646	R	0993371086001	DIDIMAR S.A.S.	CUE	001	34	03	0065063442	1	168.00	0070009194	001-221-3585494	150.00	REC	24	168.00	001	S			P	S	0	0.00	0.00	0.00	0.00	0.00	0.00	0.30				0.00	0.00	0.00	0.00	1	168.00
8523 	Jan 16 2024 12:00AM	BZDET	731	17466886	R	0993271438001	ABADIA RESTO WINE ABARESTO S.A.	CUE	001	34	03	0935036192	1	8.28	0070005720	001-221-3583973	7.39	REC	24	8.28	001	S			P	S	0	0.00	0.00	0.00	0.00	0.00	0.00	0.30				0.00	0.00	0.00	0.00	1	8.28
8523 	Jan 16 2024 12:00AM	BZDET	738	09824312	R	0992141913001	CORPORACION NEXUM NEXUMCORP S.A.	CUE	001	34	03	0005158023	1	833.35	0070012556	001-221-3580056	744.06	REC	24	833.35	001	S			P	S	0	0.00	0.00	0.00	0.00	0.00	0.00	0.30				0.00	0.00	0.00	0.00	1	833.35
8523 	Jan 16 2024 12:00AM	BZDET	743	00613157	C	0705428902	XIMENA KATIUSKA  GOMEZ  GONZALEZ	CUE	001	34	04	0951146836	1	2.24	0070009641	001-221-3582222	2.00	REC	24	2.24	001	S			P	S	0	0.00	0.00	0.00	0.00	0.00	0.00	0.30				0.00	0.00	0.00	0.00	1	2.24
8523 	Jan 16 2024 12:00AM	BZDET	750	04953779	C	0913463857	LAURA GABRIELA JACOME BERREZUETA	CUE	001	34	03	0035040352	1	16.80	0070010411	001-221-3579124	15.00	REC	24	16.80	001	S			P	S	0	0.00	0.00	0.00	0.00	0.00	0.00	0.30				0.00	0.00	0.00	0.00	1	16.80
8523 	Jan 16 2024 12:00AM	BZDET	752	12575536	R	0992595493001	ELIENZA S.A.	CUE	001	34	03	0005206522	1	125.94	0070005141	001-221-3580607	112.45	REC	24	125.94	001	S			P	S	0	0.00	0.00	0.00	0.00	0.00	0.00	0.30				0.00	0.00	0.00	0.00	1	125.94
8523 	Jan 16 2024 12:00AM	BZDET	753	12474183	R	0991163255001	REPRESENTACIONES DEL LITORAL RELIT S.A.	CUE	001	34	03	0005124394	1	85.11	0070011887	001-221-3582997	75.99	REC	24	85.11	001	S			P	S	0	0.00	0.00	0.00	0.00	0.00	0.00	0.30				0.00	0.00	0.00	0.00	1	85.11
8523 	Jan 16 2024 12:00AM	BZDET	763	00112533	C	0905498432	FUNDACION RENAL INGO ALVAREZ DE TOLEDO DEL ECUADOR	CUE	001	34	03	0035005216	1	37.88	0070008599	001-221-3578517	29.41	REC	24	37.88	001	S			P	S	0	0.00	0.00	0.00	0.00	0.00	0.00	0.30				0.00	0.00	0.00	0.00	1	37.88
8523 	Jan 16 2024 12:00AM	BZDET	769	00148091	C	0917734576	FREDDY PAUL PIGUAV E ARAMBULO	CUE	001	34	03	0045011195	1	29.12	0070004561	001-221-3577352	26.00	REC	24	29.12	001	S			P	S	0	0.00	0.00	0.00	0.00	0.00	0.00	0.30				0.00	0.00	0.00	0.00	1	29.12
8523 	Jan 16 2024 12:00AM	BZDET	770	00643954	C	0908360027	SYS Y TECH DIDECOM C.A.	CUE	001	34	03	0005216343	1	49.72	0070005598	001-221-3577614	40.68	REC	24	49.72	001	S			P	S	0	0.00	0.00	0.00	0.00	0.00	0.00	0.30				0.00	0.00	0.00	0.00	1	49.72
8523 	Jan 16 2024 12:00AM	BZDET	772	02413762	R	0914422670001	ANDREA GARCIA FERNANDEZ	CUE	001	34	04	0931074080	1	16.80	0070008039	001-221-3581667	15.00	REC	24	16.80	001	S			P	S	0	0.00	0.00	0.00	0.00	0.00	0.00	0.30				0.00	0.00	0.00	0.00	1	16.80
8523 	Jan 16 2024 12:00AM	BZDET	775	20623284	C	0920516614	DIANA MARGARET VALVERDE  NARANJO	CUE	001	34	04	0031196317	1	26.88	0070011693	001-221-3579525	24.00	REC	24	26.88	001	S			P	S	0	0.00	0.00	0.00	0.00	0.00	0.00	0.30				0.00	0.00	0.00	0.00	1	26.88
8523 	Jan 16 2024 12:00AM	BZDET	781	00146789	C	0929714434	FERNANDO ANTONIO QUEIJA ALVAREZ	CUE	001	34	04	0861048803	1	19.04	0070009380	001-221-3582135	17.00	REC	24	19.04	001	S			P	S	0	0.00	0.00	0.00	0.00	0.00	0.00	0.30				0.00	0.00	0.00	0.00	1	19.04
8523 	Jan 16 2024 12:00AM	BZDET	784	16300473	R	0993082406001	MAKITOOL S.A	CUE	001	34	03	0055523572	1	31.95	0070012617	001-221-3580121	28.53	REC	24	31.95	001	S			P	S	0	0.00	0.00	0.00	0.00	0.00	0.00	0.30				0.00	0.00	0.00	0.00	1	31.95
8523 	Jan 16 2024 12:00AM	BZDET	786	15430598	R	1793002870001	ENTERPRISING S.A.	CUE	001	34	04	5011161035	1	11.20	0070004753	001-221-3580454	10.00	REC	24	11.20	001	S			P	S	0	0.00	0.00	0.00	0.00	0.00	0.00	0.30				0.00	0.00	0.00	0.00	1	11.20
8523 	Jan 16 2024 12:00AM	BZDET	787	16500737	R	0993042862001	SOLUCIONES FYGO & ASOCIADOS FYGOZG S.A.	CUE	001	34	03	0845039252	1	13.44	0070012726	001-221-3580244	12.00	REC	24	13.44	001	S			P	S	0	0.00	0.00	0.00	0.00	0.00	0.00	0.30				0.00	0.00	0.00	0.00	1	13.44
8523 	Jan 16 2024 12:00AM	BZDET	788	02413659	R	0992801514001	COSGROVE Y ASOCIADOS S.A.	CUE	001	34	03	0005263068	1	39.20	0070005409	001-221-3580704	35.00	REC	24	39.20	001	S			P	S	0	0.00	0.00	0.00	0.00	0.00	0.00	0.30				0.00	0.00	0.00	0.00	1	39.20
8523 	Jan 16 2024 12:00AM	BZDET	793	04598549	R	0992895357001	HERMANOS COELLO SWIMMING CLUB DEPORTIVO HERCOSWIM COMPA벨A D	CUE	001	34	03	0035050380	1	24.71	0070004985	001-221-3580550	22.06	REC	24	24.71	001	S			P	S	0	0.00	0.00	0.00	0.00	0.00	0.00	0.30				0.00	0.00	0.00	0.00	1	24.71
8523 	Jan 16 2024 12:00AM	BZDET	794	20188282	C	0950090183	VALERIA GABRIELA PACHO ORTIZ	CUE	001	34	04	0951316424	1	24.64	0070007910	001-221-3584965	22.00	REC	24	24.64	001	S			P	S	0	0.00	0.00	0.00	0.00	0.00	0.00	0.30				0.00	0.00	0.00	0.00	1	24.64
8523 	Jan 16 2024 12:00AM	BZDET	795	05324120	R	0190412857001	TRANSPORTE CARGA Y LOGISTICA CARLOGISTICA S.A.	CUE	001	34	03	4005038460	1	23.41	0070008979	001-221-3581993	20.90	REC	24	23.41	001	S			P	S	0	0.00	0.00	0.00	0.00	0.00	0.00	0.30				0.00	0.00	0.00	0.00	1	23.41
8523 	Jan 16 2024 12:00AM	BZDET	809	20197940	R	1792663407001	WATER & BABIES SPA	CUE	001	34	03	1645005672	1	33.60	0070007949	001-221-3584980	30.00	REC	24	33.60	001	S			P	S	0	0.00	0.00	0.00	0.00	0.00	0.00	0.30				0.00	0.00	0.00	0.00	1	33.60
8523 	Jan 16 2024 12:00AM	BZDET	811	02003771	R	0992635479001	DATASOCIA S.A.	CUE	001	34	03	1745002627	1	10.71	0070004769	001-221-3580461	9.56	REC	24	10.71	001	S			P	S	0	0.00	0.00	0.00	0.00	0.00	0.00	0.30				0.00	0.00	0.00	0.00	1	10.71
8523 	Jan 16 2024 12:00AM	BZDET	813	00360388	C	0925753501	MEDPLUSA	CUE	001	34	03	0925014625	1	42.99	0070006975	001-221-3581281	34.89	REC	24	42.99	001	S			P	S	0	0.00	0.00	0.00	0.00	0.00	0.00	0.30				0.00	0.00	0.00	0.00	1	42.99
8523 	Jan 16 2024 12:00AM	BZDET	814	19062288	R	0993270202001	SOLUCIONES INTELIGENTES EN SEGURIDAD SOINSEG CIA. LTDA.	CUE	001	34	03	0025076291	1	34.22	0070011992	001-221-3579632	30.55	REC	24	34.22	001	S			P	S	0	0.00	0.00	0.00	0.00	0.00	0.00	0.30				0.00	0.00	0.00	0.00	1	34.22
8523 	Jan 16 2024 12:00AM	BZDET	816	00070075	R	0990474079001	REMBRANDT Y ASOCIADOS CIA. LTDA. AGENCIA ASESORA PRODUCTORA	CUE	001	34	03	0005064223	1	18.27	0070004601	001-221-3577362	16.31	REC	24	18.27	001	S			P	S	0	0.00	0.00	0.00	0.00	0.00	0.00	0.30				0.00	0.00	0.00	0.00	1	18.27
8523 	Jan 16 2024 12:00AM	BZDET	858	17992048	C	1715227375	ESCUELA DE EMERGENCIAS MDICAS EMERGEAR ECUADOR S.A.	CUE	001	34	03	0035058177	1	38.08	0070006351	001-221-3584264	34.00	REC	24	38.08	001	S			P	S	0	0.00	0.00	0.00	0.00	0.00	0.00	0.30				0.00	0.00	0.00	0.00	1	38.08
8523 	Jan 16 2024 12:00AM	BZDET	865	00699616	R	0992441917001	H&S SOLUCIONES INFORMATICAS C.A.	CUE	001	34	03	1745003837	1	26.88	0070012289	001-221-3579773	24.00	REC	24	26.88	001	S			P	S	0	0.00	0.00	0.00	0.00	0.00	0.00	0.30				0.00	0.00	0.00	0.00	1	26.88
8523 	Jan 16 2024 12:00AM	BZDET	868	00134594	R	1715409650001	MIGUEL ANGEL NOVILLO SOSA	CUE	001	34	03	0025067059	1	51.30	0070007722	001-221-3581554	45.80	REC	24	51.30	001	S			P	S	0	0.00	0.00	0.00	0.00	0.00	0.00	0.30				0.00	0.00	0.00	0.00	1	51.30
8523 	Jan 16 2024 12:00AM	BZDET	873	00407168	R	0992760915001	LA DO베 INTERNATIONAL DO베MAFE S.A.	CUE	001	34	03	0065027077	1	29.87	0070006618	001-221-3577900	26.67	REC	24	29.87	001	S			P	S	0	0.00	0.00	0.00	0.00	0.00	0.00	0.30				0.00	0.00	0.00	0.00	1	29.87
8523 	Jan 16 2024 12:00AM	BZDET	875	00353287	R	0916848534001	LETICIA GEORGINA  CASTILLO  VILLON	CUE	001	34	03	0865003354	1	27.89	0070005094	001-221-3577456	24.90	REC	24	27.89	001	S			P	S	0	0.00	0.00	0.00	0.00	0.00	0.00	0.30				0.00	0.00	0.00	0.00	1	27.89
8523 	Jan 16 2024 12:00AM	BZDET	880	00126504	R	0992650648001	ASOCIACION DE PROPIETARIOS DE INMUEBLES DE LA URBANIZACION F	CUE	001	34	03	0015012920	1	48.96	0070006504	001-221-3577869	43.71	REC	24	48.96	001	S			P	S	0	0.00	0.00	0.00	0.00	0.00	0.00	0.30				0.00	0.00	0.00	0.00	1	48.96
8523 	Jan 16 2024 12:00AM	BZDET	881	00131216	R	0991030859001	CORPORACION QUIMICA NACIONAL CIA. LTDA. COQUINA	CUE	001	34	03	0045003451	1	68.48	0070004864	001-221-3577397	61.14	REC	24	68.48	001	S			P	S	0	0.00	0.00	0.00	0.00	0.00	0.00	0.30				0.00	0.00	0.00	0.00	1	68.48
8523 	Jan 16 2024 12:00AM	BZDET	884	00135854	C	0200143758	COLEGIO DE ENFERMERAS/OS DEL GUAYAS	CUE	001	34	03	0005092592	1	33.49	0070009195	001-221-3582073	29.90	REC	24	33.49	001	S			P	S	0	0.00	0.00	0.00	0.00	0.00	0.00	0.30				0.00	0.00	0.00	0.00	1	33.49
8523 	Jan 16 2024 12:00AM	BZDET	885	00120427	R	0992453036001	LAMINADOS INDUSTRIAL LA CHILENITA LAMINCHE S.A.	CUE	001	34	03	0045009178	1	235.57	0070006034	001-221-3577737	204.92	REC	24	235.57	001	S			P	S	0	0.00	0.00	0.00	0.00	0.00	0.00	0.30				0.00	0.00	0.00	0.00	1	235.57
8523 	Jan 16 2024 12:00AM	BZDET	887	00590621	R	0992773588001	NAVIATICORP S A	CUE	001	34	03	0025054903	1	16.87	0070005475	001-221-3577574	15.06	REC	24	16.87	001	S			P	S	0	0.00	0.00	0.00	0.00	0.00	0.00	0.30				0.00	0.00	0.00	0.00	1	16.87
8523 	Jan 16 2024 12:00AM	BZDET	889	07949038	R	0992753110001	BIORECURSOS SA	CUE	001	34	03	0845025996	1	28.36	0070008383	001-221-3581792	23.97	REC	24	28.36	001	S			P	S	0	0.00	0.00	0.00	0.00	0.00	0.00	0.30				0.00	0.00	0.00	0.00	1	28.36
8523 	Jan 16 2024 12:00AM	BZDET	891	00759045	R	0992288280001	EDIFICIO CITIBANK	CUE	001	34	04	0001820645	1	33.60	0070005654	001-221-3580789	30.00	REC	24	33.60	001	S			P	S	0	0.00	0.00	0.00	0.00	0.00	0.00	0.30				0.00	0.00	0.00	0.00	1	33.60
8523 	Jan 16 2024 12:00AM	BZDET	911	20593409	C	0906352216	JOSEFINA ELVIRA ARELLANO  PEREZ	CUE	001	34	04	0001499963	1	62.72	0070011666	001-221-3579517	56.00	REC	24	62.72	001	S			P	S	0	0.00	0.00	0.00	0.00	0.00	0.00	0.30				0.00	0.00	0.00	0.00	1	62.72
8523 	Jan 16 2024 12:00AM	BZDET	912	12880238	C	0925466252	ALEX JOSE QUIMIS YUMBLA	CUE	001	34	03	0865021921	1	37.60	0070005359	001-221-3580685	33.57	REC	24	37.60	001	S			P	S	0	0.00	0.00	0.00	0.00	0.00	0.00	0.30				0.00	0.00	0.00	0.00	1	37.60
8523 	Jan 16 2024 12:00AM	BZDET	914	13170297	R	0992908114001	INFORMATION TECNOLOGY XOA S.A.	CUE	001	34	03	0875026879	1	10.00	0070012254	001-221-3583227	8.93	REC	24	10.00	001	S			P	S	0	0.00	0.00	0.00	0.00	0.00	0.00	0.30				0.00	0.00	0.00	0.00	1	10.00
8523 	Jan 16 2024 12:00AM	BZDET	915	13304877	R	0993142018001	ASOCIACION DE PROPIETARIOS DE CONDOMINIOS BALEARIA	CUE	001	34	03	0065052266	1	32.42	0070005504	001-221-3580737	28.95	REC	24	32.42	001	S			P	S	0	0.00	0.00	0.00	0.00	0.00	0.00	0.30				0.00	0.00	0.00	0.00	1	32.42
8523 	Jan 16 2024 12:00AM	BZDET	916	00080969	R	1304276049001	HUBERTO BOANERGE VIDAL CANO	CUE	001	34	03	0025016132	1	23.41	0070007353	001-221-3581421	20.90	REC	24	23.41	001	S			P	S	0	0.00	0.00	0.00	0.00	0.00	0.00	0.30				0.00	0.00	0.00	0.00	1	23.41
8523 	Jan 16 2024 12:00AM	BZDET	920	00079630	C	1201915020	ALFONSO XAVIER PROA벮 MANOSALVAS	CUE	001	34	03	0045027738	1	70.67	0070004916	001-221-3577412	60.06	REC	24	70.67	001	S			P	S	0	0.00	0.00	0.00	0.00	0.00	0.00	0.30				0.00	0.00	0.00	0.00	1	70.67
8523 	Jan 16 2024 12:00AM	BZDET	922	16866226	R	0993098043001	MANTENIMIENTO Y REPARACION DE MAQUINARIA PESADA Y MOTORES AR	CUE	001	34	03	0925036799	1	42.62	0070008899	001-221-3578629	38.05	REC	24	42.62	001	S			P	S	0	0.00	0.00	0.00	0.00	0.00	0.00	0.30				0.00	0.00	0.00	0.00	1	42.62
8523 	Jan 16 2024 12:00AM	BZDET	923	17986802	R	1793054587001	IMPORELECTRIC CIA  LTDA	CUE	001	34	03	1655006661	1	22.40	0070006338	001-221-3584254	20.00	REC	24	22.40	001	S			P	S	0	0.00	0.00	0.00	0.00	0.00	0.00	0.30				0.00	0.00	0.00	0.00	1	22.40
8523 	Jan 16 2024 12:00AM	BZDET	924	15430598	R	1793002870001	ENTERPRISING S.A.	CUE	001	34	04	5011161035	1	13.44	0070004647	001-221-3580410	12.00	REC	24	13.44	001	S			P	S	0	0.00	0.00	0.00	0.00	0.00	0.00	0.30				0.00	0.00	0.00	0.00	1	13.44
8523 	Jan 16 2024 12:00AM	BZDET	926	00733666	C	1801183177	MERY ANGELICA  CHAVEZ  SANCHEZ	CUE	001	34	03	5005093426	1	36.53	0070008417	001-221-3578489	32.62	REC	24	36.53	001	S			P	S	0	0.00	0.00	0.00	0.00	0.00	0.00	0.30				0.00	0.00	0.00	0.00	1	36.53
8523 	Jan 16 2024 12:00AM	BZDET	932	20593566	C	0912868247	SAN LUCAS CORONEL IVON AGUSTINA SAN LUCAS  CORONEL	CUE	001	34	04	0021639591	1	26.88	0070009466	001-221-3585602	24.00	REC	24	26.88	001	S			P	S	0	0.00	0.00	0.00	0.00	0.00	0.00	0.30				0.00	0.00	0.00	0.00	1	26.88
8523 	Jan 16 2024 12:00AM	BZDET	935	04823994	R	1308342961001	SONIA HIDALGO TOALA	CUE	001	34	04	0851067411	1	39.29	0070005465	001-221-3580721	35.08	REC	24	39.29	001	S			P	S	0	0.00	0.00	0.00	0.00	0.00	0.00	0.30				0.00	0.00	0.00	0.00	1	39.29
8523 	Jan 16 2024 12:00AM	BZDET	938	00082834	R	0990365768001	JEFFERSON NUHA S.A.	CUE	001	34	03	0005020454	1	44.80	0070006120	001-221-3577763	40.00	REC	24	44.80	001	S			P	S	0	0.00	0.00	0.00	0.00	0.00	0.00	0.30				0.00	0.00	0.00	0.00	1	44.80
8523 	Jan 16 2024 12:00AM	BZDET	939	00036183	C	0925635047	JOSE DAVID LOPEZ  COBE베	CUE	001	34	03	0005266474	1	33.60	0070006999	001-221-3581289	30.00	REC	24	33.60	001	S			P	S	0	0.00	0.00	0.00	0.00	0.00	0.00	0.30				0.00	0.00	0.00	0.00	1	33.60
8523 	Jan 16 2024 12:00AM	BZDET	941	00089888	C	0916163249	WALTER BAUTISTA  PERALTA VIDAL	CUE	001	34	03	0855010423	1	16.80	0070004439	001-221-3577312	15.00	REC	24	16.80	001	S			P	S	0	0.00	0.00	0.00	0.00	0.00	0.00	0.30				0.00	0.00	0.00	0.00	1	16.80
8523 	Jan 16 2024 12:00AM	BZDET	942	15430598	R	1793002870001	ENTERPRISING S.A.	CUE	001	34	04	5011161035	1	29.12	0070004524	001-221-3583389	26.00	REC	24	29.12	001	S			P	S	0	0.00	0.00	0.00	0.00	0.00	0.00	0.30				0.00	0.00	0.00	0.00	1	29.12
8523 	Jan 16 2024 12:00AM	BZDET	944	15430598	R	1793002870001	ENTERPRISING S.A.	CUE	001	34	04	5011161035	1	75.04	0070004529	001-221-3583391	67.00	REC	24	75.04	001	S			P	S	0	0.00	0.00	0.00	0.00	0.00	0.00	0.30				0.00	0.00	0.00	0.00	1	75.04
8523 	Jan 16 2024 12:00AM	BZDET	945	18147379	R	0993252263001	EVERANDI S.A.	CUE	001	34	03	0855053837	1	19.42	0070006429	001-221-3584294	17.34	REC	24	19.42	001	S			P	S	0	0.00	0.00	0.00	0.00	0.00	0.00	0.30				0.00	0.00	0.00	0.00	1	19.42
8523 	Jan 16 2024 12:00AM	BZDET	946	00120704	C	0992154926001	JEDTON S.A.	CUE	001	34	03	0005128934	1	360.64	0070006049	001-221-3577740	280.00	REC	24	360.64	001	S			P	S	0	0.00	0.00	0.00	0.00	0.00	0.00	0.30				0.00	0.00	0.00	0.00	1	360.64
8523 	Jan 16 2024 12:00AM	BZDET	947	00678210	R	0916681380001	GEOVANNY FRANCIS ARRICIAGA VASQUEZ	CUE	001	34	03	0875017932	1	11.20	0070005582	001-221-3577608	10.00	REC	24	11.20	001	S			P	S	0	0.00	0.00	0.00	0.00	0.00	0.00	0.30				0.00	0.00	0.00	0.00	1	11.20
8523 	Jan 16 2024 12:00AM	BZDET	948	00666930	R	0924944036001	ROBERTO ANTONIO TAMAYO  MARTIN	CUE	001	34	03	0855007584	1	174.44	0070006679	001-221-3577920	144.20	REC	24	174.44	001	S			P	S	0	0.00	0.00	0.00	0.00	0.00	0.00	0.30				0.00	0.00	0.00	0.00	1	174.44
8523 	Jan 16 2024 12:00AM	BZDET	951	00612921	R	0906423405001	JOSE ANTONIO SALTOS BAILON	CUE	001	34	03	0005101889	1	38.28	0070005385	001-221-3577545	34.18	REC	24	38.28	001	S			P	S	0	0.00	0.00	0.00	0.00	0.00	0.00	0.30				0.00	0.00	0.00	0.00	1	38.28
8523 	Jan 16 2024 12:00AM	BZDET	952	11254038	R	0992268247001	LABORATORIO DE INYECCION ELECTRONICA GUAYAQUIL JMC C.LTDA	CUE	001	34	03	0035024174	1	13.00	0070005020	001-221-3580564	11.61	REC	24	13.00	001	S			P	S	0	0.00	0.00	0.00	0.00	0.00	0.00	0.30				0.00	0.00	0.00	0.00	1	13.00
8523 	Jan 16 2024 12:00AM	BZDET	953	15640421	R	0992774010001	ASOCIACION DE PRODUCTORES DE ALIMENTOS BALANCEADOS APROBAL	CUE	001	34	03	0005263763	1	40.01	0070004580	001-221-3583417	31.06	REC	24	40.01	001	S			P	S	0	0.00	0.00	0.00	0.00	0.00	0.00	0.30				0.00	0.00	0.00	0.00	1	40.01
8523 	Jan 16 2024 12:00AM	BZDET	955	15945406	C	0924369457	ALEXANDRA ALVARADO ARIAS	CUE	001	34	03	0005288531	1	20.72	0070004637	001-221-3583447	18.50	REC	24	20.72	001	S			P	S	0	0.00	0.00	0.00	0.00	0.00	0.00	0.30				0.00	0.00	0.00	0.00	1	20.72
8523 	Jan 16 2024 12:00AM	BZDET	964	20764327	R	0993303976001	NOVOMATICECUADOR S.A.S.	CUE	001	34	03	0005328622	1	11.20	0070010468	001-221-3585975	10.00	REC	24	11.20	001	S			P	S	0	0.00	0.00	0.00	0.00	0.00	0.00	0.30				0.00	0.00	0.00	0.00	1	11.20
8523 	Jan 16 2024 12:00AM	BZDET	965	20794422	R	0993373837001	COYOTETRAVEL S.A	CUE	001	34	03	0925041610	1	11.20	0070010215	001-221-3579062	10.00	REC	24	11.20	001	S			P	S	0	0.00	0.00	0.00	0.00	0.00	0.00	0.30				0.00	0.00	0.00	0.00	1	11.20
8523 	Jan 16 2024 12:00AM	BZDET	967	20774203	R	0993366960001	AGRICOLACAM S.A.S.	CUE	001	34	03	0005332126	1	256.48	0070010709	001-221-3586070	229.00	REC	24	256.48	001	S			P	S	0	0.00	0.00	0.00	0.00	0.00	0.00	0.30				0.00	0.00	0.00	0.00	1	256.48
8523 	Jan 16 2024 12:00AM	BZDET	970	21558770	R	0993371220001	FUELCORP S.A.	CUE	001	34	03	0005335051	1	13.46	0070004465	001-221-3580343	12.02	REC	24	13.46	001	S			P	S	0	0.00	0.00	0.00	0.00	0.00	0.00	0.30				0.00	0.00	0.00	0.00	1	13.46
8523 	Jan 16 2024 12:00AM	BZDET	975	13325855	R	0993124273001	MAVIMPO S.A	CUE	001	34	03	0925037059	1	11.19	0070004238	001-221-3583252	9.99	REC	24	11.19	001	S			P	S	0	0.00	0.00	0.00	0.00	0.00	0.00	0.30				0.00	0.00	0.00	0.00	1	11.19
8523 	Jan 16 2024 12:00AM	BZDET	977	11549125	R	0992732881001	CONDOMINIO LUGANO	CUE	001	34	03	0005246106	1	25.84	0070011578	001-221-3582888	23.07	REC	24	25.84	001	S			P	S	0	0.00	0.00	0.00	0.00	0.00	0.00	0.30				0.00	0.00	0.00	0.00	1	25.84
8523 	Jan 16 2024 12:00AM	BZDET	984	18378489	C	0906625652	RAFAEL CASTILLA FASSIO	CUE	001	34	03	0045003444	1	31.36	0070011314	001-221-3579408	28.00	REC	24	31.36	001	S			P	S	0	0.00	0.00	0.00	0.00	0.00	0.00	0.30				0.00	0.00	0.00	0.00	1	31.36
8523 	Jan 16 2024 12:00AM	BZDET	992	00373008	R	0992748362001	TORBRINER S.A.	CUE	001	34	03	0005249550	1	86.13	0070006530	001-221-3577875	76.90	REC	24	86.13	001	S			P	S	0	0.00	0.00	0.00	0.00	0.00	0.00	0.30				0.00	0.00	0.00	0.00	1	86.13
8523 	Jan 16 2024 12:00AM	BZDET	993	00483739	R	1792369436001	CLIMAPOWER S.A	CUE	001	34	03	5005057556	1	16.80	0070007028	001-221-3578027	15.00	REC	24	16.80	001	S			P	S	0	0.00	0.00	0.00	0.00	0.00	0.00	0.30				0.00	0.00	0.00	0.00	1	16.80
8523 	Jan 16 2024 12:00AM	BZDET	999	20698985	R	0941169260001	INDIRA SOLANGE FUENTES PIEDRAHITA	CUE	001	34	04	1741009532	1	60.63	0070010011	001-221-3585806	54.13	REC	24	60.63	001	S			P	S	0	0.00	0.00	0.00	0.00	0.00	0.00	0.30				0.00	0.00	0.00	0.00	1	60.63
8523 	Jan 16 2024 12:00AM	BZDET	1000	21218783	C	0905583894	ROBERTO DAVID LECARO PAZMI벮	CUE	001	34	04	0851132879	1	28.00	0070011695	001-221-3586454	25.00	REC	24	28.00	001	S			P	S	0	0.00	0.00	0.00	0.00	0.00	0.00	0.30				0.00	0.00	0.00	0.00	1	28.00
8523 	Jan 16 2024 12:00AM	BZDET	1002	15430598	R	1793002870001	ENTERPRISING S.A.	CUE	001	34	04	5011161035	1	11.20	0070004656	001-221-3580414	10.00	REC	24	11.20	001	S			P	S	0	0.00	0.00	0.00	0.00	0.00	0.00	0.30				0.00	0.00	0.00	0.00	1	11.20
8523 	Jan 16 2024 12:00AM	BZDET	1003	21488770	C	0912906112	FOODIE LAB S.A.S.	CUE	001	34	04	0931321618	1	21.81	0070011853	001-221-3586515	19.47	REC	24	21.81	001	S			P	S	0	0.00	0.00	0.00	0.00	0.00	0.00	0.30				0.00	0.00	0.00	0.00	1	21.81
8523 	Jan 16 2024 12:00AM	BZDET	1004	20654618	C	0928825736	NANCY MARGARITA NUGRA   PULLA	CUE	001	34	03	0985018063	1	31.36	0070009748	001-221-3585716	28.00	REC	24	31.36	001	S			P	S	0	0.00	0.00	0.00	0.00	0.00	0.00	0.30				0.00	0.00	0.00	0.00	1	31.36
8523 	Jan 16 2024 12:00AM	BZDET	1005	20503277	R	1793004482001	ARMEDSEG SEGURIDAD CIA LTA	CUE	001	34	03	1655006461	1	28.43	0070007571	001-221-3581500	25.38	REC	24	28.43	001	S			P	S	0	0.00	0.00	0.00	0.00	0.00	0.00	0.30				0.00	0.00	0.00	0.00	1	28.43
8523 	Jan 16 2024 12:00AM	BZDET	1008	11719109	R	0992240490001	COMITE PRO MEJORAS DE MORADORES DE LA URBANIZACION LA CUMBRE	CUE	001	34	04	0861004669	1	122.90	0070012605	001-221-3580107	109.73	REC	24	122.90	001	S			P	S	0	0.00	0.00	0.00	0.00	0.00	0.00	0.30				0.00	0.00	0.00	0.00	1	122.90
8523 	Jan 16 2024 12:00AM	BZDET	1013	00114994	R	0917235202001	ARACELY MARIA CUMBA MORAN	CUE	001	34	04	0031155025	1	24.64	0070005739	001-221-3577653	22.00	REC	24	24.64	001	S			P	S	0	0.00	0.00	0.00	0.00	0.00	0.00	0.30				0.00	0.00	0.00	0.00	1	24.64
8523 	Jan 16 2024 12:00AM	BZDET	1020	17331829	R	0909224511001	KELMY EULALIA JURADO  LLORY	CUE	001	34	03	0005274587	1	84.00	0070009116	001-221-3578702	75.00	REC	24	84.00	001	S			P	S	0	0.00	0.00	0.00	0.00	0.00	0.00	0.30				0.00	0.00	0.00	0.00	1	84.00
8523 	Jan 16 2024 12:00AM	BZDET	1021	17347884	R	0992315342001	AMCOR RIGID PLASTICS ECUADOR S.A.	CUE	001	34	03	0005155729	1	29.12	0070005596	001-221-3583917	26.00	REC	24	29.12	001	S			P	S	0	0.00	0.00	0.00	0.00	0.00	0.00	0.30				0.00	0.00	0.00	0.00	1	29.12
8523 	Jan 16 2024 12:00AM	BZDET	1022	17466571	R	0993253545001	ASOCIACION DE PROPIETARIOS DE LA URBANIZACION PACIFICA	CUE	001	34	03	0005321333	1	89.67	0070009121	001-221-3578704	80.06	REC	24	89.67	001	S			P	S	0	0.00	0.00	0.00	0.00	0.00	0.00	0.30				0.00	0.00	0.00	0.00	1	89.67
8523 	Jan 16 2024 12:00AM	BZDET	1028	20644221	R	1718825076001	MARIA GRACIELA LLUMIQUINGA  TOPON	CUE	001	34	03	5055026269	1	26.88	0070009628	001-221-3585668	24.00	REC	24	26.88	001	S			P	S	0	0.00	0.00	0.00	0.00	0.00	0.00	0.30				0.00	0.00	0.00	0.00	1	26.88
8523 	Jan 16 2024 12:00AM	BZDET	1029	00015657	R	0991412034001	MULTIPLES SERVICIOS PUBLICITARIOS	CUE	001	34	03	0865001734	1	30.13	0070006979	001-221-3581282	26.90	REC	24	30.13	001	S			P	S	0	0.00	0.00	0.00	0.00	0.00	0.00	0.30				0.00	0.00	0.00	0.00	1	30.13
8523 	Jan 16 2024 12:00AM	BZDET	1030	00138288	R	0992174188001	COOPERATIVA DE TRANSPORTE ESCOLAR Y PERSONAL " 30 DE AGOSTO	CUE	001	34	03	0065007578	1	23.51	0070009369	001-221-3582132	20.99	REC	24	23.51	001	S			P	S	0	0.00	0.00	0.00	0.00	0.00	0.00	0.30				0.00	0.00	0.00	0.00	1	23.51
8523 	Jan 16 2024 12:00AM	BZDET	1041	20218522	R	0992866527001	ADDCONIT CIA LTDA	CUE	001	34	03	1785002036	1	21.86	0070009514	001-221-3578835	19.52	REC	24	21.86	001	S			P	S	0	0.00	0.00	0.00	0.00	0.00	0.00	0.30				0.00	0.00	0.00	0.00	1	21.86
8523 	Jan 16 2024 12:00AM	BZDET	1043	01733412	C	0992680059001	SURTIBELL S.A.	CUE	001	34	03	0025058000	1	35.22	0070010064	001-221-3579017	31.45	REC	24	35.22	001	S			P	S	0	0.00	0.00	0.00	0.00	0.00	0.00	0.30				0.00	0.00	0.00	0.00	1	35.22
8523 	Jan 16 2024 12:00AM	BZDET	1046	14880429	R	0990161364001	COOPERATIVA DE TRANSPORTE EN TAXIS CENTRAL LTDA EN GUAYAQUIL	CUE	001	34	04	0031034099	1	31.36	0070010891	001-221-3579277	28.00	REC	24	31.36	001	S			P	S	0	0.00	0.00	0.00	0.00	0.00	0.00	0.30				0.00	0.00	0.00	0.00	1	31.36
8523 	Jan 16 2024 12:00AM	BZDET	1079	00124435	C	1302551310	ANGELA MARIA MENDOZA TOBAR	CUE	001	34	04	0051653987	1	51.30	0070009394	001-221-3578796	41.00	REC	24	51.30	001	S			P	S	0	0.00	0.00	0.00	0.00	0.00	0.00	0.30				0.00	0.00	0.00	0.00	1	51.30
8523 	Jan 16 2024 12:00AM	BZDET	1080	00746250	R	0992311894001	TRANSPORTE ARCE S.A.	CUE	001	34	03	0855009454	1	71.90	0070005843	001-221-3577683	59.83	REC	24	71.90	001	S			P	S	0	0.00	0.00	0.00	0.00	0.00	0.00	0.30				0.00	0.00	0.00	0.00	1	71.90
8523 	Jan 16 2024 12:00AM	BZDET	1081	00126504	R	0992650648001	ASOCIACION DE PROPIETARIOS DE INMUEBLES DE LA URBANIZACION F	CUE	001	34	03	0015012920	1	29.67	0070004210	001-221-3577246	26.49	REC	24	29.67	001	S			P	S	0	0.00	0.00	0.00	0.00	0.00	0.00	0.30				0.00	0.00	0.00	0.00	1	29.67
8523 	Jan 16 2024 12:00AM	BZDET	1087	00788432	R	0990910707001	DIZAMBRO C.LTDA	CUE	001	34	03	0035041524	1	148.51	0070010868	001-221-3579270	120.05	REC	24	148.51	001	S			P	S	0	0.00	0.00	0.00	0.00	0.00	0.00	0.30				0.00	0.00	0.00	0.00	1	148.51
8523 	Jan 16 2024 12:00AM	BZDET	1092	00144129	R	0992220104001	COOP TRANSPORTE ESCOLAR Y PERSONAL " 8 DE AGOSTO "	CUE	001	34	03	0025029121	1	40.44	0070005542	001-221-3577592	36.11	REC	24	40.44	001	S			P	S	0	0.00	0.00	0.00	0.00	0.00	0.00	0.30				0.00	0.00	0.00	0.00	1	40.44
8523 	Jan 16 2024 12:00AM	BZDET	1099	00115391	C	0907523674	PEDRO HECTOR BORBOR ESTEVES	CUE	001	34	04	0021290411	1	53.70	0070004886	001-221-3577403	43.41	REC	24	53.70	001	S			P	S	0	0.00	0.00	0.00	0.00	0.00	0.00	0.30				0.00	0.00	0.00	0.00	1	53.70
8523 	Jan 16 2024 12:00AM	BZDET	1100	01953404	R	1792195632001	IONWAYS ECUADOR S.A.	CUE	001	34	03	4075001838	1	48.01	0070010007	001-221-3578998	42.87	REC	24	48.01	001	S			P	S	0	0.00	0.00	0.00	0.00	0.00	0.00	0.30				0.00	0.00	0.00	0.00	1	48.01
8523 	Jan 16 2024 12:00AM	BZDET	1101	02093596	R	1792447208001	SIDERTECNICA CIA. LTDA	CUE	001	34	03	5005075228	1	39.60	0070010103	001-221-3582383	35.36	REC	24	39.60	001	S			P	S	0	0.00	0.00	0.00	0.00	0.00	0.00	0.30				0.00	0.00	0.00	0.00	1	39.60
8523 	Jan 16 2024 12:00AM	BZDET	1102	00749125	R	1792428750001	PUBLITETRIX CIA LTDA	CUE	001	34	03	5065013042	1	18.61	0070008378	001-221-3578478	16.62	REC	24	18.61	001	S			P	S	0	0.00	0.00	0.00	0.00	0.00	0.00	0.30				0.00	0.00	0.00	0.00	1	18.61
8523 	Jan 16 2024 12:00AM	BZDET	1111	20374496	C	0924372857	XAVIER ANDRES MERCHAN MERCHAN	CUE	001	34	04	7001042399	1	28.01	0070009654	001-221-3578882	25.01	REC	24	28.01	001	S			P	S	0	0.00	0.00	0.00	0.00	0.00	0.00	0.30				0.00	0.00	0.00	0.00	1	28.01
8523 	Jan 16 2024 12:00AM	BZDET	1113	20373797	C	0905210175	NORMA MARIA CANDO  ACOSTA	CUE	001	34	04	0851023617	1	31.36	0070004295	001-221-3580279	28.00	REC	24	31.36	001	S			P	S	0	0.00	0.00	0.00	0.00	0.00	0.00	0.30				0.00	0.00	0.00	0.00	1	31.36
8523 	Jan 16 2024 12:00AM	BZDET	1114	00161688	C	0915592950	JORGE DAVID  HUIRACOCHA SUAREZ	CUE	001	34	03	0065040018	1	26.88	0070007292	001-221-3581399	24.00	REC	24	26.88	001	S			P	S	0	0.00	0.00	0.00	0.00	0.00	0.00	0.30				0.00	0.00	0.00	0.00	1	26.88
8523 	Jan 16 2024 12:00AM	BZDET	1117	00724694	R	0918065525001	CHRISTIAN JAVIER ALVAREZ  VILLALVA	CUE	001	34	03	0025017292	1	90.16	0070009835	001-221-3582288	70.00	REC	24	90.16	001	S			P	S	0	0.00	0.00	0.00	0.00	0.00	0.00	0.30				0.00	0.00	0.00	0.00	1	90.16
8523 	Jan 16 2024 12:00AM	BZDET	1119	06569032	R	0992961899001	IMPORTADORA EUROPEAN MOTORS	CUE	001	34	03	0955027332	1	16.80	0070008160	001-221-3581708	15.00	REC	24	16.80	001	S			P	S	0	0.00	0.00	0.00	0.00	0.00	0.00	0.30				0.00	0.00	0.00	0.00	1	16.80
8523 	Jan 16 2024 12:00AM	BZDET	1120	07419017	C	0904314614	HERNAN RAMON  BARREDO  BATALLA	CUE	001	34	03	0045000788	1	53.95	0070008177	001-221-3581716	45.13	REC	24	53.95	001	S			P	S	0	0.00	0.00	0.00	0.00	0.00	0.00	0.30				0.00	0.00	0.00	0.00	1	53.95
8523 	Jan 16 2024 12:00AM	BZDET	1127	10314013	R	0992578300001	DISARQDEC SA	CUE	001	34	03	0025057807	1	16.80	0070011202	001-221-3582754	15.00	REC	24	16.80	001	S			P	S	0	0.00	0.00	0.00	0.00	0.00	0.00	0.30				0.00	0.00	0.00	0.00	1	16.80
8523 	Jan 16 2024 12:00AM	BZDET	1	00079630	C	1201915020001	ALFONSO XAVIER PROA벮 MANOSALVAS	CUE	001	34	03	0045027738	1	16.80	0070004922	001-221-3577413	15.00	REC	24	16.80	001	S			P	S	0	0.00	0.00	0.00	0.00	0.00	0.00	0.30				0.00	0.00	0.00	0.00	1	16.80
8523 	Jan 16 2024 12:00AM	BZDET	252	00757600	C	1301109888	LUIS ALEJANDRO  CEDE벮  VELASQUEZ	CUE	001	34	03	0005093045	1	55.34	0070004219	001-221-3577250	46.45	REC	24	55.34	001	S			P	S	0	0.00	0.00	0.00	0.00	0.00	0.00	0.30				0.00	0.00	0.00	0.00	1	55.34
8523 	Jan 16 2024 12:00AM	BZDET	294	17182588	C	1101369211	CARMEN DINA HERRERA CASTILLO	CUE	001	34	03	0855008963	1	44.80	0070004441	001-221-3580332	40.00	REC	24	44.80	001	S			P	S	0	0.00	0.00	0.00	0.00	0.00	0.00	0.30				0.00	0.00	0.00	0.00	1	44.80
8523 	Jan 16 2024 12:00AM	BZDET	473	14835438	R	0992164794001	CONDOMINIO LAS TORRES DEL EDEN	CUE	001	34	03	0005092435	1	13.00	0070012614	001-221-3580116	11.61	REC	24	13.00	001	S			P	S	0	0.00	0.00	0.00	0.00	0.00	0.00	0.30				0.00	0.00	0.00	0.00	1	13.00
8523 	Jan 16 2024 12:00AM	BZDET	640	20898781	R	1793194300001	EMERGENT COLD ECUADOR S.A.S.	CUE	001	34	03	5025031824	1	1,680.00	0070011520	001-221-3586385	1,500.00	REC	24	1,680.00	001	S			P	S	0	0.00	0.00	0.00	0.00	0.00	0.00	0.30				0.00	0.00	0.00	0.00	1	1,680.00
8523 	Jan 16 2024 12:00AM	BZDET	694	11079062	C	0908343080	ALDO ALFONSO BRUZZONE PUIG	CUE	001	34	03	0005001815	1	101.01	0070011452	001-221-3582845	90.19	REC	24	101.01	001	S			P	S	0	0.00	0.00	0.00	0.00	0.00	0.00	0.30				0.00	0.00	0.00	0.00	1	101.01
8523 	Jan 16 2024 12:00AM	BZDET	735	00727044	R	0992689528001	ADMIFIN S.A.	CUE	001	34	03	0975004128	1	323.68	0070004273	001-221-3577265	289.00	REC	24	323.68	001	S			P	S	0	0.00	0.00	0.00	0.00	0.00	0.00	0.30				0.00	0.00	0.00	0.00	1	323.68
8523 	Jan 16 2024 12:00AM	BZDET	812	05384008	R	0992399627001	COMPA벨A DE TRANSPORTE ESCOLAR Y DE PERSONAL  SEHORE S A	CUE	001	34	03	0945001856	1	56.82	0070010352	001-221-3579105	50.73	REC	24	56.82	001	S			P	S	0	0.00	0.00	0.00	0.00	0.00	0.00	0.30				0.00	0.00	0.00	0.00	1	56.82
8523 	Jan 16 2024 12:00AM	BZDET	894	01388416	R	1792022762001	ROMACC	CUE	001	34	03	5085000035	1	26.63	0070004757	001-221-3580456	23.78	REC	24	26.63	001	S			P	S	0	0.00	0.00	0.00	0.00	0.00	0.00	0.30				0.00	0.00	0.00	0.00	1	26.63
8523 	Jan 16 2024 12:00AM	BZDET	950	00734170	R	0990953252001	PUBLIGRATA S.A	CUE	001	34	03	0925000426	1	119.37	0070006421	001-221-3577843	106.58	REC	24	119.37	001	S			P	S	0	0.00	0.00	0.00	0.00	0.00	0.00	0.30				0.00	0.00	0.00	0.00	1	119.37
8523 	Jan 16 2024 12:00AM	BZDET	1045	04958768	R	0992821515001	ASOCIACION DE PROPIETARIO VERONA	CUE	001	34	03	0005267460	1	27.89	0070008677	001-221-3581908	24.90	REC	24	27.89	001	S			P	S	0	0.00	0.00	0.00	0.00	0.00	0.00	0.30				0.00	0.00	0.00	0.00	1	27.89
