BANCO BOLIVARIANO                                                        DIARIO DE OPERACIONES MONETARIAS                                                    PAGINA      1
OFICINA : MATRIZ (0)                                                           (CUENTAS DE AHORROS)                                                          FEC. SISTEMA 04/08/2021
MONEDA: DOLARES USD (1)                                                                                                                                      FEC. PROCESO 2015/06/01

-----------------------------------------------------------------------------------------------------------------------------------------------------------------------------------
 No.CUENTA  NOMBRE                      EFECTIVO            CHEQUES      TOTAL CREDITO       IMPUEST  CAUSA       TOTAL DEBITO  HORA     DETALLE
-----------------------------------------------------------------------------------------------------------------------------------------------------------------------------------
 OPERADOR : crodrigm

 TRANSACCIO ND AHO SERV. BANC (4272)

 0001809717 CARLOS ALBERTO RO                                                                          779              145.61 12:37
 TOTALES:                                   0.00               0.00               0.00                                  145.61


 RESUMEN:   ** POR OPERADOR * TOTAL SUMA DE CTAS 1809717.00
 TRANS.     DESCRIPCION       NUM.TRAN                T O T A L E S OBSERVACION
   4272     ND AHO SERV. BANC     1                          145.61 DEBITO POR DEP ESP                 779

BANCO BOLIVARIANO                                                        DIARIO DE OPERACIONES MONETARIAS                                                    PAGINA      2
OFICINA : MATRIZ (0)                                                           (CUENTAS DE AHORROS)                                                          FEC. SISTEMA 04/08/2021
MONEDA: DOLARES USD (1)                                                                                                                                      FEC. PROCESO 2015/06/01

-----------------------------------------------------------------------------------------------------------------------------------------------------------------------------------
 No.CUENTA  NOMBRE                      EFECTIVO            CHEQUES      TOTAL CREDITO       IMPUEST  CAUSA       TOTAL DEBITO  HORA     DETALLE
-----------------------------------------------------------------------------------------------------------------------------------------------------------------------------------

BANCO BOLIVARIANO                                                        DIARIO DE OPERACIONES MONETARIAS                                                    PAGINA      3
OFICINA : MATRIZ (0)                                                           (CUENTAS DE AHORROS)                                                          FEC. SISTEMA 04/08/2021
MONEDA: DOLARES USD (1)                                                                                                                                      FEC. PROCESO 2015/06/01

-----------------------------------------------------------------------------------------------------------------------------------------------------------------------------------
 No.CUENTA  NOMBRE                      EFECTIVO            CHEQUES      TOTAL CREDITO       IMPUEST  CAUSA       TOTAL DEBITO  HORA     DETALLE
-----------------------------------------------------------------------------------------------------------------------------------------------------------------------------------

 RESUMEN:   ** POR OPERADOR * TOTAL SUMA DE CTAS 0.00
 TRANS.     DESCRIPCION       NUM.TRAN                T O T A L E S OBSERVACION

