%!
(1ups.jdt) STARTLM
 
BANCO BOLIVARIANO                           ** VALIDACION DE COMPROBANTES CONTABLES **                      FECHA IMP.: 08/ABR/2021
MATRIZ (0)                                              PERFILES CONTABLES                                  PAG.      : 1
                                                           08/ABR/2021

-----------------------------------------------------------------------------------------------------------------------------------
     CUENTA      MON.  ORIG. DEST.             DEBITO            CREDITO          DEBITO ME         CREDITO ME     TIPO DE CAMBIO
-----------------------------------------------------------------------------------------------------------------------------------


COMPROBANTE  0 37*****    DEPOSITO ESPECIAL EN LINEA CC (4435)
* INGRESADO *

 11010501          1     0     0             1,200.00               0.00               0.00               0.00     0.0000
 91010505          1     0     0               213.39               0.00               0.00               0.00     0.0000
 210105050501      1     0    40                 0.00           1,413.39               0.00               0.00     0.0000
                                      ---------------    ---------------    ---------------    ---------------
                 TOTAL                       1,413.39           1,413.39               0.00               0.00



COMPROBANTE  0 37*****    ND CTE SERV. BANC. (3050)
* INGRESADO *

 210105050501      1     0    40                 0.90               0.00               0.00               0.00     0.0000
 210110050501      1     0     0                67.78               0.00               0.00               0.00     0.0000
 91010505          1     0     0                 0.00              68.68               0.00               0.00     0.0000
                                      ---------------    ---------------    ---------------    ---------------
                 TOTAL                          68.68              68.68               0.00               0.00



COMPROBANTE  0 37*****    TRX PARA CONTAB DE ND CON IVA (3188)
* INGRESADO *

 91010505          1     0     0                 0.90               0.00               0.00               0.00     0.0000
 2590900528        1     0     0                 0.00               0.10               0.00               0.00     0.0000
 54070801          1     0     0                 0.00               0.80               0.00               0.00     0.0000
                                      ---------------    ---------------    ---------------    ---------------
                 TOTAL                           0.90               0.90               0.00               0.00


 
BANCO BOLIVARIANO                           ** VALIDACION DE COMPROBANTES CONTABLES **                      FECHA IMP.: 08/ABR/2021
QUITO (50)                                              PERFILES CONTABLES                                  PAG.      : 2
                                                           08/ABR/2021

-----------------------------------------------------------------------------------------------------------------------------------
     CUENTA      MON.  ORIG. DEST.             DEBITO            CREDITO          DEBITO ME         CREDITO ME     TIPO DE CAMBIO
-----------------------------------------------------------------------------------------------------------------------------------


COMPROBANTE 50 37*****    DEPOSITO ESPECIAL EN LINEA CC (4435)
* INGRESADO *

 11010501          1    50    50             1,000.00               0.00               0.00               0.00     0.0000
 91010505          1    50    50               284.66               0.00               0.00               0.00     0.0000
 210105050501      1    50    40                 0.00           1,284.66               0.00               0.00     0.0000
                                      ---------------    ---------------    ---------------    ---------------
                 TOTAL                       1,284.66           1,284.66               0.00               0.00



COMPROBANTE 50 37*****    ND CTE SERV. BANC. (3050)
* INGRESADO *

 210105050501      1    50     0               284.66               0.00               0.00               0.00     0.0000
 91010505          1    50    50                 0.00             284.66               0.00               0.00     0.0000
                                      ---------------    ---------------    ---------------    ---------------
                 TOTAL                         284.66             284.66               0.00               0.00


