%!
(dfl.jdt) STARTLM
OFICINA : MATRIZ (0)                                                                    BANCO BOLIVARIANO                                                                   PAGINA No.    1
MONEDA : DOLARES USD (1)                                           DIARIO DE OPERACIONES DE SERVICIOS (CUENTAS DE CORRIENTES)                                               FEC. SISTEMA 04/08/2021
ccopserv.sqr                                                                                                                                                                FEC. PROCESO 2015/06/01

--------------------------------------------------------------------------------------------------------------------------------------------------------------------------------------------------
 No.CUENTA   NOMBRE                              EFECTIVO             CHEQUE CLASE CAUSA  CHEQUE CH.DESD CH.HAST  HORA TERMINAL   CANAL      DETALLE
--------------------------------------------------------------------------------------------------------------------------------------------------------------------------------------------------


 OPERADOR :  consola

 TRANSACCION TRX PARA CONTAB DE ND CON (3188)
 400-5035973 UCACUE-CUENTA UNICA*****                0.80               0.00 N       778                         15:00 consola
 TOTALES:                                            0.80               0.00


 RESUMEN:    ** POR OPERADOR **
 TRANS.      DESCRIPCION                    T O T A L E S OBSERVACION         N.TR
   3188      TRX PARA CONTAB DE ND CON               0.80                        1   778

OFICINA : MATRIZ (0)                                                                    BANCO BOLIVARIANO                                                                   PAGINA No.    2
MONEDA : DOLARES USD (1)                                           DIARIO DE OPERACIONES DE SERVICIOS (CUENTAS DE CORRIENTES)                                               FEC. SISTEMA 04/08/2021
ccopserv.sqr                                                                                                                                                                FEC. PROCESO 2015/06/01

--------------------------------------------------------------------------------------------------------------------------------------------------------------------------------------------------
 No.CUENTA   NOMBRE                              EFECTIVO             CHEQUE CLASE CAUSA  CHEQUE CH.DESD CH.HAST  HORA TERMINAL   CANAL      DETALLE
--------------------------------------------------------------------------------------------------------------------------------------------------------------------------------------------------


 OPERADOR :  crodrigm

 TRANSACCION DEPOSITO ESPECIAL EN LINE (43569)
    -                                              545.61               0.00 L       134 ******                  11:07 GRP021041
    -                                              545.61               0.00 L       134 ******                  12:35 GRP021041                                                                *
 000-1809717                                       400.00               0.00 L       134 ******                  12:38 GRP021041
 000-9990904 MARCEL EDUARDO LEON LAFEB             800.00               0.00 L       134 ******                  11:10 GRP021041
 TOTALES:                                        1,200.00               0.00


 RESUMEN:    ** POR OPERADOR **
 TRANS.      DESCRIPCION                    T O T A L E S OBSERVACION         N.TR
  43569      DEPOSITO ESPECIAL EN LINE           1,200.00                        2   134

