OFICINA : MATRIZ (0)                                                            BANCO BOLIVARIANO                                                            PAGINA No.    1
MONEDA : DOLARES USD (1)                                     DIARIO DE OPERACIONES MONETARIAS (CUENTAS DE CORRIENTES)                                        FEC. SISTEMA 04/08/2021
ccopmone.sqr                                                                                                                                                 FEC. PROCESO 2015/06/01

-----------------------------------------------------------------------------------------------------------------------------------------------------------------------------------
 No.CUENTA  NOMBRE                      EFECTIVO            CHEQUES      TOTAL CREDITO     IMPUESTO   CAUSA       TOTAL DEBITO  HORA     DETALLE
-----------------------------------------------------------------------------------------------------------------------------------------------------------------------------------


 OPERADOR : consola

 TRANSACCIO ND CTE SERV. BANC (3050)
 4005035973 UCACUE-CUENTA UNI                                                                          778                0.90 15:00
 TOTALES:                                   0.00               0.00               0.00               0.00                 0.90


 RESUMEN:   ** POR OPERADOR * TOTAL SUMA DE CTAS 4005035973.00
 TRANS.     DESCRIPCION       NUM.TRAN                T O T A L E S OBSERVACION
   3050     ND CTE SERV. BANC     1                            0.90 SEPARADA DEP ESP E                 778

OFICINA : MATRIZ (0)                                                            BANCO BOLIVARIANO                                                            PAGINA No.    2
MONEDA : DOLARES USD (1)                                     DIARIO DE OPERACIONES MONETARIAS (CUENTAS DE CORRIENTES)                                        FEC. SISTEMA 04/08/2021
ccopmone.sqr                                                                                                                                                 FEC. PROCESO 2015/06/01

-----------------------------------------------------------------------------------------------------------------------------------------------------------------------------------
 No.CUENTA  NOMBRE                      EFECTIVO            CHEQUES      TOTAL CREDITO     IMPUESTO   CAUSA       TOTAL DEBITO  HORA     DETALLE
-----------------------------------------------------------------------------------------------------------------------------------------------------------------------------------


 OPERADOR : crodrigm

 TRANSACCIO ND CTE SERV. BANC (3050)
 0009990904 MARCEL EDUARDO LE                                                                          779               67.78 11:10
 TOTALES:                                   0.00               0.00               0.00               0.00                67.78

 TRANSACCIO DEPOSITO ESPECIAL (4435)
 4005035973 UCACUE-CUENTA UNI             545.61               0.00             545.61           0.00  2                       11:06
 4005035973 UCACUE-CUENTA UNI             867.78               0.00             867.78           0.00  2                       11:10
 4005035973 UCACUE-CUENTA UNI             545.61               0.00             545.61           0.00  2                       12:35 *
 4005035973 UCACUE-CUENTA UNI             545.61               0.00             545.61           0.00  2                       12:37
 TOTALES:                               1,413.39               0.00           1,413.39               0.00                 0.00


 RESUMEN:   ** POR OPERADOR * TOTAL SUMA DE CTAS 16030134796.00
 TRANS.     DESCRIPCION       NUM.TRAN                T O T A L E S OBSERVACION
   3050     ND CTE SERV. BANC     1                           67.78 DEBITO POR DEP ESP                 779
   4435     DEPOSITO ESPECIAL     2                        1,413.39 DEV.CARGO SERV.F.C                 2

