OFICINA : QUITO SUCURSAL MAYOR (50)                                             BANCO BOLIVARIANO                                                            PAGINA No.    1
MONEDA : DOLARES USD (1)                                     DIARIO DE OPERACIONES MONETARIAS (CUENTAS DE CORRIENTES)                                        FEC. SISTEMA 04/08/2021
ccopmone.sqr                                                                                                                                                 FEC. PROCESO 2015/06/01

-----------------------------------------------------------------------------------------------------------------------------------------------------------------------------------
 No.CUENTA  NOMBRE                      EFECTIVO            CHEQUES      TOTAL CREDITO     IMPUESTO   CAUSA       TOTAL DEBITO  HORA     DETALLE
-----------------------------------------------------------------------------------------------------------------------------------------------------------------------------------


 OPERADOR : ralavaz

 TRANSACCIO ND CTE SERV. BANC (3050)
 0000088024 PINTURAS UNIDAS S                                                                          779            1,284.66 11:24
 0000088024 PINTURAS UNIDAS S                                                                          779              284.66 11:30
 0000088024 PINTURAS UNIDAS S                                                                          779            1,284.66 11:28 *
 TOTALES:                                   0.00               0.00               0.00               0.00               284.66

 TRANSACCIO DEPOSITO ESPECIAL (4435)
 4005035973 UCACUE-CUENTA UNI           1,284.66               0.00           1,284.66           0.00  2                       11:24
 4005035973 UCACUE-CUENTA UNI           1,284.66               0.00           1,284.66           0.00  2                       11:28 *
 4005035973 UCACUE-CUENTA UNI           1,284.66               0.00           1,284.66           0.00  2                       11:30
 TOTALES:                               1,284.66               0.00           1,284.66               0.00                 0.00


 RESUMEN:   ** POR OPERADOR * TOTAL SUMA DE CTAS 12015371991.00
 TRANS.     DESCRIPCION       NUM.TRAN                T O T A L E S OBSERVACION
   3050     ND CTE SERV. BANC     1                          284.66 DEBITO POR DEP ESP                 779
   4435     DEPOSITO ESPECIAL     1                        1,284.66 DEV.CARGO SERV.F.C                 2

