100552805	0	3137	F	Mar 21 2024 12:00AM		mdfrancs	WOAS-POC2	244	N			L	BOLIVSRV	1100008		1			1	0											L		1		S				Mar 21 2024 12:00AM		4		228.05		0.00				0.59										21725625									0.00	0.00	0.00										VEN				0.00		0.00		VASQUEZ HIDALGO CARLOS EFRAIN		Mar 21 2024 10:22AM	1	31								0
100552805	0	3366	C	Mar 21 2024 12:00AM		mdfrancs	WOAS-POC2	244	N			L	BOLIVSRV	1100008					1	0							1100008				L		1		S						8		0.59		0.00																							0.00	0.00											VEN										Mar 21 2024 10:22AM		31								0
100552805	0	3497	N	Mar 21 2024 12:00AM		mdfrancs	WOAS-POC2		N		N	U						1100008	1	0					S								1								8		0.08		0.59																				0				0.51	0.00										VEN										Mar 21 2024 10:22AM	0									0
100552812	0	3137	F	Mar 21 2024 12:00AM		mdfrancs	WOAS-POC2	244	N			L	BOLIVSRV	1100007		0			1	0											L		1		S				Mar 21 2024 12:00AM		4		0.00		0.00				0.59										21725626									0.00	578.06	0.00										VEN				0.00		0.00		COMPA+æIA ABLIONET S.A.		Mar 21 2024 10:34AM	1	36								0
100552812	0	3366	C	Mar 21 2024 12:00AM		mdfrancs	WOAS-POC2	244	N			L	BOLIVSRV	1100007					1	0							1100007				L		1		S						8		0.00		0.00																							0.00	0.59											VEN										Mar 21 2024 10:34AM		36								0
100552812	0	3497	N	Mar 21 2024 12:00AM		mdfrancs	WOAS-POC2		N		N	U						1100007	1	0					S								1								8		0.08		0.59																				0				0.51	0.00										VEN										Mar 21 2024 10:34AM	0									0
100552822	0	3137	F	Mar 21 2024 12:00AM		mdfrancs	WOAS-POC2	244	N			L	BOLIVSRV	1100010		0		0000035437	1	0											L		1		S				Mar 21 2024 12:00AM		4		0.00		220.94				0.59										21725627									0.00	0.00	0.00						C				VEN				0.00		0.00		PALACIOS MARTINEZ SEGUNDO		Mar 21 2024 10:38AM	1	42								0
100552822	0	3366	C	Mar 21 2024 12:00AM		mdfrancs	WOAS-POC2	244	N			L	BOLIVSRV	1100010				0000035437	1	0							1100010				L		1		S						8		0.00		0.59																							0.00	0.00							C				VEN										Mar 21 2024 10:38AM		42								0
100552822	0	3497	N	Mar 21 2024 12:00AM		mdfrancs	WOAS-POC2		N		N	U						1100010	1	0					S								1								8		0.08		0.59																				0				0.51	0.00										VEN										Mar 21 2024 10:38AM	0									0
100552935	0	3497	N	Mar 21 2024 12:00AM		mdfrancs	WOAS-POC2		N		N	U						1100028	1	0					S								1								8		0.08		0.59																				0				0.51	0.00										VEN										Mar 21 2024 10:43AM	0									0
100552935	0	3137	F	Mar 21 2024 12:00AM		mdfrancs	WOAS-POC2	244	N			L	BOLIVSRV	1100028		0		0002096068	1	0											L		1		S				Mar 21 2024 12:00AM		4		0.00		29.17				0.59										21725629									0.00	0.00	0.00						A				VEN				0.00		0.00		VILLA REBECA		Mar 21 2024 10:43AM	1	46								0
100552935	0	3366	C	Mar 21 2024 12:00AM		mdfrancs	WOAS-POC2	244	N			L	BOLIVSRV	1100028				0002096068	1	0							1100028				L		1		S						8		0.00		0.59																							0.00	0.00							A				VEN										Mar 21 2024 10:43AM		46								0
100552942	0	3137	F	Mar 21 2024 12:00AM		mdfrancs	WOAS-POC2	244	N			L	BOLIVSRV	00000040000		0			1	0											L		1		S				Mar 21 2024 12:00AM		360		0.00		0.00				0.59										21725630									0.00	4,282.50	0.00										VEN				0.00		0.00		EMPRESA ELECTRICA AMBATO		Mar 21 2024 11:06AM		51								0
100552942	0	3366	C	Mar 21 2024 12:00AM		mdfrancs	WOAS-POC2	244	N			L	BOLIVSRV	00000040000					1	0							00000040000				L		1		S						8		0.00		0.00																							0.00	0.59											VEN										Mar 21 2024 11:06AM		51								0
100552942	0	3497	N	Mar 21 2024 12:00AM		mdfrancs	WOAS-POC2		N		N	U						00000040000	1	0					S								1								8		0.08		0.59																				0				0.51	0.00										VEN										Mar 21 2024 11:06AM	0									0
100552947	0	3137	F	Mar 21 2024 12:00AM		mdfrancs	WOAS-POC2	244	N			L	BOLIVSRV	00000040050		0			1	0											L		1		S				Mar 21 2024 12:00AM		360		0.00		0.00				0.59										21725631									0.00	95.95	0.00										VEN				0.00		0.00		EMPRESA ELECTRICA AZOGUES		Mar 21 2024 11:10AM		56								0
100552947	0	3366	C	Mar 21 2024 12:00AM		mdfrancs	WOAS-POC2	244	N			L	BOLIVSRV	00000040050					1	0							00000040050				L		1		S						8		0.00		0.00																							0.00	0.59											VEN										Mar 21 2024 11:10AM		56								0
100552947	0	3497	N	Mar 21 2024 12:00AM		mdfrancs	WOAS-POC2		N		N	U						00000040050	1	0					S								1								8		0.08		0.59																				0				0.51	0.00										VEN										Mar 21 2024 11:10AM	0									0
100553113	0	3137	F	Mar 21 2024 12:00AM		mdfrancs	WOAS-POC2	244	S	100552947		L	BOLIVSRV	00000040050		0			1	0											L		1		S				Mar 21 2024 12:00AM		360		0.00		0.00				0.59										21725632									0.00	95.95	0.00										VEN				0.00		0.00		EMPRESA ELECTRICA AZOGUES		Mar 21 2024 11:35AM		61								0
100553113	0	3366	C	Mar 21 2024 12:00AM		mdfrancs	WOAS-POC2	244	S	100552947		L	BOLIVSRV	00000040050					1	0							00000040050				L		1		S						8		0.00		0.00																							0.00	0.59											VEN										Mar 21 2024 11:35AM		61								0
100553113	0	3497	N	Mar 21 2024 12:00AM		mdfrancs	WOAS-POC2		S	100552947	N	U						00000040050	1	0					S								1								8		0.08		0.59																				0				0.51	0.00										VEN										Mar 21 2024 11:35AM	0									0
100553119	0	3137	F	Mar 21 2024 12:00AM		mdfrancs	WOAS-POC2	244	N			L	BOLIVSRV	00000040050		1			1	0											L		1		S				Mar 21 2024 12:00AM		360		95.95		0.00				0.59										21725633									0.00	0.00	0.00										VEN				0.00		0.00		EMPRESA ELECTRICA AZOGUES		Mar 21 2024 11:41AM		67								0
100553119	0	3366	C	Mar 21 2024 12:00AM		mdfrancs	WOAS-POC2	244	N			L	BOLIVSRV	00000040050					1	0							00000040050				L		1		S						8		0.59		0.00																							0.00	0.00											VEN										Mar 21 2024 11:41AM		67								0
100553119	0	3497	N	Mar 21 2024 12:00AM		mdfrancs	WOAS-POC2		N		N	U						00000040050	1	0					S								1								8		0.08		0.59																				0				0.51	0.00										VEN										Mar 21 2024 11:41AM	0									0
100553133	0	3137	F	Mar 21 2024 12:00AM		mdfrancs	WOAS-POC2	244	N			L	BOLIVSRV	00000040350		0		0000035437	1	0											L		1		S				Mar 21 2024 12:00AM		360		0.00		378.90				0.59										21725634									0.00	0.00	0.00						C				VEN				0.00		0.00		ECOELECTRIC S.A.		Mar 21 2024 11:44AM		73								0
100553133	0	3366	C	Mar 21 2024 12:00AM		mdfrancs	WOAS-POC2	244	N			L	BOLIVSRV	00000040350				0000035437	1	0							00000040350				L		1		S						8		0.00		0.59																							0.00	0.00							C				VEN										Mar 21 2024 11:44AM		73								0
100553133	0	3497	N	Mar 21 2024 12:00AM		mdfrancs	WOAS-POC2		N		N	U						00000040350	1	0					S								1								8		0.08		0.59																				0				0.51	0.00										VEN										Mar 21 2024 11:44AM	0									0
100553142	0	3137	F	Mar 21 2024 12:00AM		mdfrancs	WOAS-POC2	244	N			L	BOLIVSRV	00000100051		0		0002096068	1	0											L		1		S				Mar 21 2024 12:00AM		360		0.00		99.05				0.59										21725635									0.00	0.00	0.00						A				VEN				0.00		0.00		GOBIERNO AUTONOMO DESCENT		Mar 21 2024 11:53AM		76								0
100553142	0	3366	C	Mar 21 2024 12:00AM		mdfrancs	WOAS-POC2	244	N			L	BOLIVSRV	00000100051				0002096068	1	0							00000100051				L		1		S						8		0.00		0.59																							0.00	0.00							A				VEN										Mar 21 2024 11:53AM		76								0
100553142	0	3497	N	Mar 21 2024 12:00AM		mdfrancs	WOAS-POC2		N		N	U						00000100051	1	0					S								1								8		0.08		0.59																				0				0.51	0.00										VEN										Mar 21 2024 11:53AM	0									0
