%!
(1ups.jdt) STARTLM
 
BANCO BOLIVARIANO                           ** VALIDACION DE COMPROBANTES CONTABLES **                      FECHA IMP.: 04/NOV/2020
MATRIZ (0)                                              PERFILES CONTABLES                                  PAG.      : 1
                                                           26/OCT/2020

-----------------------------------------------------------------------------------------------------------------------------------
     CUENTA      MON.  ORIG. DEST.             DEBITO            CREDITO          DEBITO ME         CREDITO ME     TIPO DE CAMBIO
-----------------------------------------------------------------------------------------------------------------------------------


COMPROBANTE  0 37*****    DEPOSITO ESPECIAL EN LINEA CC (4435)
* INGRESADO *

 91010505          1     0     0            14,142.49               0.00               0.00               0.00     0.0000
 210105050501      1     0     0                 0.00          14,142.49               0.00               0.00     0.0000
                                      ---------------    ---------------    ---------------    ---------------
                 TOTAL                      14,142.49          14,142.49               0.00               0.00



COMPROBANTE  0 37*****    ND CTE SERV. BANC. (3050)
* INGRESADO *

 210110050501      1     0     0            10,000.13               0.00               0.00               0.00     0.0000
 210110050501      1     0    50             4,142.36               0.00               0.00               0.00     0.0000
 91010505          1     0     0                 0.00          14,142.49               0.00               0.00     0.0000
                                      ---------------    ---------------    ---------------    ---------------
                 TOTAL                      14,142.49          14,142.49               0.00               0.00


