<?xml version="1.0" encoding="UTF-8" standalone="yes"?><mensajeEntradaGateway xmlns="http://www.boli ...
2022-08-05 14:54:41.849  INFO otc-core1-249-knrqv --- [nio-8080-exec-5] c.b.o.p.OTCCoreProcessor                 : Envio a MQ OK
2022-08-05 14:54:41.849  INFO otc-core1-249-knrqv --- [nio-8080-exec-5] c.b.o.p.OTCCoreProcessor                 : USER ID:7f385dbcbbf7
2022-08-05 14:54:41.849  INFO otc-core1-249-knrqv --- [nio-8080-exec-5] c.b.o.p.OTCCoreProcessor                 : Inicio recepcion a MQ
2022-08-05 14:54:41.849  INFO otc-core1-249-knrqv --- [nio-8080-exec-5] c.b.o.j.JmsConsumer                      : JMSXUserID: 7f385dbcbbf7
2022-08-05 14:54:41.849  INFO otc-core1-249-knrqv --- [nio-8080-exec-5] c.b.o.j.JmsConsumer                      : ambiente: RMS
2022-08-05 14:54:41.849  INFO otc-core1-249-knrqv --- [nio-8080-exec-5] c.b.o.j.JmsConsumer                      : destinationQueue: MS_REC_PAGO_RESP
2022-08-05 14:54:41.849  INFO otc-core1-249-knrqv --- [nio-8080-exec-5] c.b.o.j.JmsConsumer                      : Selector: JMSCorrelationID='7f385dbcbbf7'
2022-08-05 14:54:41.849  INFO otc-core1-249-knrqv --- [nio-8080-exec-5] c.b.o.j.JmsConsumer                      : SOBRE ESCRIBRE TIMEOUT: 30000
2022-08-05 14:54:51.364  INFO otc-core1-249-knrqv --- [nio-8080-exec-5] c.b.o.j.JmsConsumer                      : Mensaje JMS recibido: 
  JMSMessage class: jms_bytes
  JMSType:          null
  JMSDeliveryMode:  2
  JMSDeliveryDelay: 0
  JMSDeliveryTime:  0
  JMSExpiration:    0
  JMSPriority:      4
  JMSMessageID:     ID:414d512043535042524b5f514d20202005d0d962bb2aee27
  JMSTimestamp:     1659729290476
  JMSCorrelationID: 7f385dbcbbf7
  JMSDestination:   queue:///MS_REC_PAGO_RESP
  JMSReplyTo:       null
  JMSRedelivered:   false
    JMSXAppID: /deployments/quarkus-run.jar
    JMSXDeliveryCount: 1
    JMSXUserID: mqm         
    JMS_IBM_Character_Set: UTF-8
    JMS_IBM_Encoding: 273
    JMS_IBM_Format:         
    JMS_IBM_MsgType: 8
    JMS_IBM_PutApplType: 28
    JMS_IBM_PutDate: 20220805
    JMS_IBM_PutTime: 19545077
3c3f786d6c2076657273696f6e3d22312e302220656e636f64696e673d225554462d382220737461


2022-08-05 14:54:51.364  INFO otc-core1-249-knrqv --- [nio-8080-exec-5] c.b.o.j.JmsConsumer                      : JMSCorrelationID: 7f385dbcbbf7
2022-08-05 14:54:51.364  INFO otc-core1-249-knrqv --- [nio-8080-exec-5] c.b.o.p.OTCCoreProcessor                 : Recepcion a MQ OK
2022-08-05 14:54:51.365  INFO otc-core1-249-knrqv --- [nio-8080-exec-5] c.b.o.p.OTCCoreProcessor                 : MENSAJE JMS:<?xml version="1.0" encoding="UTF-8" standalone="yes"?><mensajeSalidaGateway xmlns="http://www.bolivariano.com/mensaje/MensajeOSB"><codigo>0</codigo><mensajeUsuario>Transaccion Exitosa</mensajeUsuario><mensaje><![CDATA[<?xml version="1.0" encoding="UTF-8" standalone="yes"?><ns2:salidaEjecutarPago xmlns:ns2="http://www.bolivariano.com/mensaje/MensajeOTC"><ns2:codigoError>A1</ns2:codigoError><ns2:datosAdicionales><ns2:datoAdicional><codigo>vp_s_fecha_contable</codigo><valor>08/05/2022</valor></ns2:datoAdicional><ns2:datoAdicional><codigo>vp_s_ssn</codigo><valor>53679766</valor></ns2:datoAdicional><ns2:datoAdicional><codigo>vp_s_comision</codigo></ns2:datoAdicional><ns2:datoAdicional><codigo>vp_s_tasa</codigo></ns2:datoAdicional><ns2:datoAdicional><codigo>vp_s_base_imp</codigo></ns2:datoAdicional><ns2:datoAdicional><codigo>vp_s_impuesto</codigo></ns2:datoAdicional><ns2:datoAdicional><codigo>vp_s_empresa</codigo></ns2:datoAdicional><ns2:datoAdicional><codigo>vp_s_recaudacion</codigo></ns2:datoAdicional><ns2:datoAdicional><codigo>vp_s_referencia1</codigo></ns2:datoAdicional><ns2:datoAdicional><codigo>vp_s_referencia2</codigo></ns2:datoAdicional><ns2:datoAdicional><codigo>vp_s_referencia3</codigo></ns2:datoAdicional><ns2:datoAdicional><codigo>rp_s_ssn</codigo><valor>53679766</valor></ns2:datoAdicional><ns2:datoAdicional><codigo>rp_s_horario</codigo><valor>N</valor></ns2:datoAdicional><ns2:datoAdicional><codigo>rp_s_tasa</codigo><valor>0.0</valor></ns2:datoAdicional><ns2:datoAdicional><codigo>rp_s_base_imp</codigo><valor>0.0</valor></ns2:datoAdicional><ns2:datoAdicional><codigo>rp_s_impuesto</codigo><valor>0.0</valor></ns2:datoAdicional><ns2:datoAdicional><codigo>rp_s_servicio_not</codigo><valor>PAGSB</valor></ns2:datoAdicional><ns2:datoAdicional><codigo>rp_s_nomb_ente</codigo><valor>NOMBRE: 1396206</valor></ns2:datoAdicional><ns2:datoAdicional><codigo>rp_s_cod_ente</codigo><valor>1396206</valor></ns2:datoAdicional><ns2:datoAdicional><codigo>rp_s_desccanal</codigo><valor>24ONLINE</valor></ns2:datoAdicional><ns2:datoAdicional><codigo>rp_s_celular</codigo><valor>0991863698</valor></ns2:datoAdicional><ns2:datoAdicional><codigo>rp_s_correo</codigo><valor>crodriguez@bolivariano.com</valor></ns2:datoAdicional><ns2:datoAdicional><codigo>rp_s_desc_empresa</codigo><valor>MOVISTAR</valor></ns2:datoAdicional><ns2:datoAdicional><codigo>rp_s_prod_deb</codigo><valor>CTE</valor></ns2:datoAdicional><ns2:datoAdicional><codigo>rp_s_valor</codigo><valor>30.00</valor></ns2:datoAdicional><ns2:datoAdicional><codigo>rp_s_fecha_deb</codigo><valor>08/05/2022</valor></ns2:datoAdicional><ns2:datoAdicional><codigo>rp_s_hora_deb</codigo><valor>14:54:42</valor></ns2:datoAdicional><ns2:datoAdicional><codigo>rp_s_valor_comi</codigo><valor>0.00</valor></ns2:datoAdicional><ns2:datoAdicional><codigo>rp_s_cta_lat</codigo><valor>292</valor></ns2:datoAdicional><ns2:datoAdicional><codigo>rp_s_tipo_serv</codigo><valor>COMPRA PAQUETE</valor></ns2:datoAdicional><ns2:datoAdicional><codigo>rp_s_fecha_contable</codigo><valor>08/05/2022</valor></ns2:datoAdicional><ns2:datoAdicional><codigo>vp_s_fecha_contable</codigo><valor>08/05/2022</valor></ns2:datoAdicional><ns2:datoAdicional><codigo>vp_s_ssn</codigo><valor>53679766</valor></ns2:datoAdicional><ns2:datoAdicional><codigo>vp_s_comision</codigo></ns2:datoAdicional><ns2:datoAdicional><codigo>vp_s_tasa</codigo></ns2:datoAdicional><ns2:datoAdicional><codigo>vp_s_base_imp</codigo></ns2:datoAdicional><ns2:datoAdicional><codigo>vp_s_impuesto</codigo></ns2:datoAdicional><ns2:datoAdicional><codigo>vp_s_empresa</codigo></ns2:datoAdicional><ns2:datoAdicional><codigo>vp_s_recaudacion</codigo></ns2:datoAdicional><ns2:datoAdicional><codigo>vp_s_referencia1</codigo></ns2:datoAdicional><ns2:datoAdicional><codigo>vp_s_referencia2</codigo></ns2:datoAdicional><ns2:datoAdicional><codigo>vp_s_referencia3</codigo></ns2:datoAdicional><ns2:datoAdicional><codigo>rp_s_ssn</codigo><valor>53679766</valor></ns2:datoAdicional><ns2:datoAdicional><codigo>rp_s_horario</codigo><valor>N</valor></ns2:datoAdicional><ns2:datoAdicional><codigo>rp_s_tasa</codigo><valor>0.0</valor></ns2:datoAdicional><ns2:datoAdicional><codigo>rp_s_base_imp</codigo><valor>0.0</valor></ns2:datoAdicional><ns2:datoAdicional><codigo>rp_s_impuesto</codigo><valor>0.0</valor></ns2:datoAdicional><ns2:datoAdicional><codigo>rp_s_servicio_not</codigo><valor>PAGSB</valor></ns2:datoAdicional><ns2:datoAdicional><codigo>rp_s_nomb_ente</codigo><valor>NOMBRE: 1396206</valor></ns2:datoAdicional><ns2:datoAdicional><codigo>rp_s_cod_ente</codigo><valor>1396206</valor></ns2:datoAdicional><ns2:datoAdicional><codigo>rp_s_desccanal</codigo><valor>24ONLINE</valor></ns2:datoAdicional><ns2:datoAdicional><codigo>rp_s_celular</codigo><valor>0991863698</valor></ns2:datoAdicional><ns2:datoAdicional><codigo>rp_s_correo</codigo><valor>crodriguez@bolivariano.com</valor></ns2:datoAdicional><ns2:datoAdicional><codigo>rp_s_desc_empresa</codigo><valor>MOVISTAR</valor></ns2:datoAdicional><ns2:datoAdicional><codigo>rp_s_prod_deb</codigo><valor>CTE</valor></ns2:datoAdicional><ns2:datoAdicional><codigo>rp_s_valor</codigo><valor>30.00</valor></ns2:datoAdicional><ns2:datoAdicional><codigo>rp_s_fecha_deb</codigo><valor>08/05/2022</valor></ns2:datoAdicional><ns2:datoAdicional><codigo>rp_s_hora_deb</codigo><valor>14:54:42</valor></ns2:datoAdicional><ns2:datoAdicional><codigo>rp_s_valor_comi</codigo><valor>0.00</valor></ns2:datoAdicional><ns2:datoAdicional><codigo>rp_s_cta_lat</codigo><valor>292</valor></ns2:datoAdicional><ns2:datoAdicional><codigo>rp_s_tipo_serv</codigo><valor>COMPRA PAQUETE</valor></ns2:datoAdicional><ns2:datoAdicional><codigo>rp_s_fecha_contable</codigo><valor>08/05/2022</valor></ns2:datoAdicional></ns2:datosAdicionales><ns2:fechaDebito>2022-08-05T00:00:00</ns2:fechaDebito><ns2:fechaPago>2022-08-05T00:00:00</ns2:fechaPago><ns2:mensajeUsuario>TRANSACCION NO SOPORTADA</ns2:mensajeUsuario><ns2:mensajeSistema>TRANSACCION NO SOPORTADA</ns2:mensajeSistema><ns2:montoTotal>30.0</ns2:montoTotal></ns2:salidaEjecutarPago>]]></mensaje></mensajeSalidaGateway>
2022-08-05 14:54:51.370  INFO otc-core1-249-knrqv --- [nio-8080-exec-5] c.b.o.p.OTCCoreProcessor                 : RESPUESTA OSB: <?xml version="1.0" encoding="UTF-8" standalone="yes"?><ns2:salidaEjecutarPago xmlns:ns2="http://www.bolivariano.com/mensaje/MensajeOTC"><ns2:codigoError>A1</ns2:codigoError><ns2:datosAdicionales><ns2:datoAdicional><codigo>vp_s_fecha_contable</codigo><valor>08/05/2022</valor></ns2:datoAdicional><ns2:datoAdicional><codigo>vp_s_ssn</codigo><valor>53679766</valor></ns2:datoAdicional><ns2:datoAdicional><codigo>vp_s_comision</codigo></ns2:datoAdicional><ns2:datoAdicional><codigo>vp_s_tasa</codigo></ns2:datoAdicional><ns2:datoAdicional><codigo>vp_s_base_imp</codigo></ns2:datoAdicional><ns2:datoAdicional><codigo>vp_s_impuesto</codigo></ns2:datoAdicional><ns2:datoAdicional><codigo>vp_s_empresa</codigo></ns2:datoAdicional><ns2:datoAdicional><codigo>vp_s_recaudacion</codigo></ns2:datoAdicional><ns2:datoAdicional><codigo>vp_s_referencia1</codigo></ns2:datoAdicional><ns2:datoAdicional><codigo>vp_s_referencia2</codigo></ns2:datoAdicional><ns2:datoAdicional><codigo>vp_s_referencia3</codigo></ns2:datoAdicional><ns2:datoAdicional><codigo>rp_s_ssn</codigo><valor>53679766</valor></ns2:datoAdicional><ns2:datoAdicional><codigo>rp_s_horario</codigo><valor>N</valor></ns2:datoAdicional><ns2:datoAdicional><codigo>rp_s_tasa</codigo><valor>0.0</valor></ns2:datoAdicional><ns2:datoAdicional><codigo>rp_s_base_imp</codigo><valor>0.0</valor></ns2:datoAdicional><ns2:datoAdicional><codigo>rp_s_impuesto</codigo><valor>0.0</valor></ns2:datoAdicional><ns2:datoAdicional><codigo>rp_s_servicio_not</codigo><valor>PAGSB</valor></ns2:datoAdicional><ns2:datoAdicional><codigo>rp_s_nomb_ente</codigo><valor>NOMBRE: 1396206</valor></ns2:datoAdicional><ns2:datoAdicional><codigo>rp_s_cod_ente</codigo><valor>1396206</valor></ns2:datoAdicional><ns2:datoAdicional><codigo>rp_s_desccanal</codigo><valor>24ONLINE</valor></ns2:datoAdicional><ns2:datoAdicional><codigo>rp_s_celular</codigo><valor>0991863698</valor></ns2:datoAdicional><ns2:datoAdicional><codigo>rp_s_correo</codigo><valor>crodriguez@bolivariano.com</valor></ns2:datoAdicional><ns2:datoAdicional><codigo>rp_s_desc_empresa</codigo><valor>MOVISTAR</valor></ns2:datoAdicional><ns2:datoAdicional><codigo>rp_s_prod_deb</codigo><valor>CTE</valor></ns2:datoAdicional><ns2:datoAdicional><codigo>rp_s_valor</codigo><valor>30.00</valor></ns2:datoAdicional><ns2:datoAdicional><codigo>rp_s_fecha_deb</codigo><valor>08/05/2022</valor></ns2:datoAdicional><ns2:datoAdicional><codigo>rp_s_hora_deb</codigo><valor>14:54:42</valor></ns2:datoAdicional><ns2:datoAdicional><codigo>rp_s_valor_comi</codigo><valor>0.00</valor></ns2:datoAdicional><ns2:datoAdicional><codigo>rp_s_cta_lat</codigo><valor>292</valor></ns2:datoAdicional><ns2:datoAdicional><codigo>rp_s_tipo_serv</codigo><valor>COMPRA PAQUETE</valor></ns2:datoAdicional><ns2:datoAdicional><codigo>rp_s_fecha_contable</codigo><valor>08/05/2022</valor></ns2:datoAdicional><ns2:datoAdicional><codigo>vp_s_fecha_contable</codigo><valor>08/05/2022</valor></ns2:datoAdicional><ns2:datoAdicional><codigo>vp_s_ssn</codigo><valor>53679766</valor></ns2:datoAdicional><ns2:datoAdicional><codigo>vp_s_comision</codigo></ns2:datoAdicional><ns2:datoAdicional><codigo>vp_s_tasa</codigo></ns2:datoAdicional><ns2:datoAdicional><codigo>vp_s_base_imp</codigo></ns2:datoAdicional><ns2:datoAdicional><codigo>vp_s_impuesto</codigo></ns2:datoAdicional><ns2:datoAdicional><codigo>vp_s_empresa</codigo></ns2:datoAdicional><ns2:datoAdicional><codigo>vp_s_recaudacion</codigo></ns2:datoAdicional><ns2:datoAdicional><codigo>vp_s_referencia1</codigo></ns2:datoAdicional><ns2:datoAdicional><codigo>vp_s_referencia2</codigo></ns2:datoAdicional><ns2:datoAdicional><codigo>vp_s_referencia3</codigo></ns2:datoAdicional><ns2:datoAdicional><codigo>rp_s_ssn</codigo><valor>53679766</valor></ns2:datoAdicional><ns2:datoAdicional><codigo>rp_s_horario</codigo><valor>N</valor></ns2:datoAdicional><ns2:datoAdicional><codigo>rp_s_tasa</codigo><valor>0.0</valor></ns2:datoAdicional><ns2:datoAdicional><codigo>rp_s_base_imp</codigo><valor>0.0</valor></ns2:datoAdicional><ns2:datoAdicional><codigo>rp_s_impuesto</codigo><valor>0.0</valor></ns2:datoAdicional><ns2:datoAdicional><codigo>rp_s_servicio_not</codigo><valor>PAGSB</valor></ns2:datoAdicional><ns2:datoAdicional><codigo>rp_s_nomb_ente</codigo><valor>NOMBRE: 1396206</valor></ns2:datoAdicional><ns2:datoAdicional><codigo>rp_s_cod_ente</codigo><valor>1396206</valor></ns2:datoAdicional><ns2:datoAdicional><codigo>rp_s_desccanal</codigo><valor>24ONLINE</valor></ns2:datoAdicional><ns2:datoAdicional><codigo>rp_s_celular</codigo><valor>0991863698</valor></ns2:datoAdicional><ns2:datoAdicional><codigo>rp_s_correo</codigo><valor>crodriguez@bolivariano.com</valor></ns2:datoAdicional><ns2:datoAdicional><codigo>rp_s_desc_empresa</codigo><valor>MOVISTAR</valor></ns2:datoAdicional><ns2:datoAdicional><codigo>rp_s_prod_deb</codigo><valor>CTE</valor></ns2:datoAdicional><ns2:datoAdicional><codigo>rp_s_valor</codigo><valor>30.00</valor></ns2:datoAdicional><ns2:datoAdicional><codigo>rp_s_fecha_deb</codigo><valor>08/05/2022</valor></ns2:datoAdicional><ns2:datoAdicional><codigo>rp_s_hora_deb</codigo><valor>14:54:42</valor></ns2:datoAdicional><ns2:datoAdicional><codigo>rp_s_valor_comi</codigo><valor>0.00</valor></ns2:datoAdicional><ns2:datoAdicional><codigo>rp_s_cta_lat</codigo><valor>292</valor></ns2:datoAdicional><ns2:datoAdicional><codigo>rp_s_tipo_serv</codigo><valor>COMPRA PAQUETE</valor></ns2:datoAdicional><ns2:datoAdicional><codigo>rp_s_fecha_contable</codigo><valor>08/05/2022</valor></ns2:datoAdicional></ns2:datosAdicionales><ns2:fechaDebito>2022-08-05T00:00:00</ns2:fechaDebito><ns2:fechaPago>2022-08-05T00:00:00</ns2:fechaPago><ns2:mensajeUsuario>TRANSACCION NO SOPORTADA</ns2:mensajeUsuario><ns2:mensajeSistema>TRANSACCION NO SOPORTADA</ns2:mensajeSistema><ns2:montoTotal>30.0</ns2:montoTotal></ns2:salidaEjecutarPago>
2022-08-05 14:54:51.370  INFO otc-core1-249-knrqv --- [nio-8080-exec-5] c.b.o.p.OTCCoreProcessor                 : Transformacion XSLT de respuesta:./xslt/RMS_BROADNET_P_OUT.xsl
2022-08-05 14:54:51.378  INFO otc-core1-249-knrqv --- [nio-8080-exec-5] c.b.o.u.XSLTransform                     : TRANSFORMED REQUEST: <ns15:salidaEjecutarPago xmlns:ns15="http://www.bolivariano.com/mensaje/MensajeOTC" xmlns:xp20="http://www.oracle.com/XSL/Transform/java/oracle.tip.pc.services.functions.Xpath20">
<ns15:codigoError>A1</ns15:codigoError>
<ns15:mensajeUsuario>TRANSACCION NO SOPORTADA</ns15:mensajeUsuario>
<ns15:mensajeSistema>TRANSACCION NO SOPORTADA</ns15:mensajeSistema>
</ns15:salidaEjecutarPago>

2022-08-05 14:54:51.378  INFO otc-core1-249-knrqv --- [nio-8080-exec-5] c.b.o.p.OTCCoreProcessor                 : Transformacion XSLT de respuesta OK
2022-08-05 14:54:51.378  INFO otc-core1-249-knrqv --- [nio-8080-exec-5] c.b.o.p.OTCCoreProcessor                 : RESPUESTA XML: <ns15:salidaEjecutarPago xmlns:ns15="http://www.bolivariano.com/mensaje/MensajeOTC" xmlns:xp20="http://www.oracle.com/XSL/Transform/java/oracle.tip.pc.services.functions.Xpath20">
<ns15:codigoError>A1</ns15:codigoError>
<ns15:mensajeUsuario>TRANSACCION NO SOPORTADA</ns15:mensajeUsuario>
<ns15:mensajeSistema>TRANSACCION NO SOPORTADA</ns15:mensajeSistema>
</ns15:salidaEjecutarPago>

2022-08-05 14:54:51.378  INFO otc-core1-249-knrqv --- [nio-8080-exec-5] c.b.o.p.OTCCoreProcessor                 : RESPUESTA_FINAL: <ns15:salidaEjecutarPago xmlns:ns15="http://www.bolivariano.com/mensaje/MensajeOTC" xmlns:xp20="http://www.oracle.com/XSL/Transform/java/oracle.tip.pc.services.functions.Xpath20">
<ns15:codigoError>A1</ns15:codigoError>
<ns15:mensajeUsuario>TRANSACCION NO SOPORTADA</ns15:mensajeUsuario>
<ns15:mensajeSistema>TRANSACCION NO SOPORTADA</ns15:mensajeSistema>
</ns15:salidaEjecutarPago>