15:15:08:[KrnHndlr]: [mq-main_thread] Paquete recibido de MQ(len=677): <?xml version="1.0" encoding="ISO-8859-1" ?><CTSMessage><CTSHeader><Field name="kernelHeader" type="S">8AECE807D0070B006E0003FF0000EA05</Field><Field name="fromServer" type="S">SRVDESA2</Field><Field name="srv" type="S">SRVDESA2</Field><Field name="sesn" type="N">11</Field><Field name="transaccion" type="S">62688</Field><Field name="usuario" type="S">msilvag</Field><Field name="secuencial" type="S">132705418</Field><Field name="terminal" type="S">PRBIDS002</Field></CTSHeader><Data><ProcedureResponse><Message msgNo="70001" type="3">(CORE_001) TRANSACCI‡N NO PROCESADA, VERIFIQUE EL SALDO DE SU CUENTA</Message><return>70001</return></ProcedureResponse></Data></CTSMessage>
15:15:08:[KrnHndlr]: [mq-main_thread] MID=      414D512043535042524B5F514D202020AAFD736302A7E025
15:15:08:[KrnHndlr]: [mq-main_thread] CorrelID= 000000000000000000000000000000000000000000000000
15:15:08:[mqms-XMLParser]: beginCTSMsg
15:15:08:[mqms-XMLParser]: beginCTSHeader
15:15:08:[mqms-XMLParser]: beginCTSField
15:15:08:[mqms-XMLParser]: Field: kernelHeader=8AECE807D0070B006E0003FF0000EA05
15:15:08:[mqms-XMLParser]: Response KernelHeader: [8AECE807D0070B006E0003FF0000EA05]
15:15:08:[mqms-XMLParser]: endCTSField
15:15:08:[mqms-XMLParser]: beginCTSField
15:15:08:[mqms-XMLParser]: Field: fromServer=SRVDESA2
15:15:08:[mqms-XMLParser]: endCTSField
15:15:08:[mqms-XMLParser]: beginCTSField
15:15:08:[mqms-XMLParser]: Field: srv=SRVDESA2
15:15:08:[mqms-XMLParser]: endCTSField
15:15:08:[mqms-XMLParser]: beginCTSField
15:15:08:[mqms-XMLParser]: Field: sesn=11
15:15:08:[mqms-XMLParser]: endCTSField
15:15:08:[mqms-XMLParser]: beginCTSField
15:15:08:[mqms-XMLParser]: Field: transaccion=62688
15:15:08:[mqms-XMLParser]: endCTSField
15:15:08:[mqms-XMLParser]: beginCTSField
15:15:08:[mqms-XMLParser]: Field: usuario=msilvag
15:15:08:[mqms-XMLParser]: endCTSField
15:15:08:[mqms-XMLParser]: beginCTSField
15:15:08:[mqms-XMLParser]: Field: secuencial=132705418
15:15:08:[mqms-XMLParser]: endCTSField
15:15:08:[mqms-XMLParser]: beginCTSField
15:15:08:[mqms-XMLParser]: Field: terminal=PRBIDS002
15:15:08:[mqms-XMLParser]: endCTSField
15:15:08:[mqms-XMLParser]: endCTSHeader
15:15:08:[mqms-XMLParser]: beginCTSData
15:15:08:[mqms-XMLParser]: [beginProcResponse] beginProcResponse
15:15:08:[mqms-XMLParser]: [beginMsg] beginMsg: 70001, 3
15:15:08:[mqms-XMLParser]: [dataMsg] dataMsg: (CORE_001) TRANSACCI√†N NO PROCESADA, VERIFIQUE EL SALDO DE SU CUENTA
15:15:08:[mqms-XMLParser]: [endMsg] endMsg
15:15:08:[mqms-XMLParser]: [beginReturn] beginReturn
15:15:08:[mqms-XMLParser]: [dataReturn] Se aumenta numero de parametros: 0
15:15:08:[mqms-XMLParser]: [dataReturn] dataReturn: 70001:70001
15:15:08:[mqms-XMLParser]: [endReturn] endReturn
15:15:08:[mqms-XMLParser]: [endProcResponse] endProcResponse
15:15:08:[mqms-XMLParser]: endCTSData
15:15:08:[mqms-XMLParser]: endCTSMsg
15:15:08:[KrnHndlr]: [mq-main_thread] Envio a kernel(len=118)
15:15:08:[KrnHndlr]: [mq-main_thread] Lazo de recepcion
