%!
(dfl.jdt) STARTLM
OFICINA : MATRIZ (0)                                                                    BANCO BOLIVARIANO                                                                   PAGINA No.    1
MONEDA : DOLARES USD (1)                                           DIARIO DE OPERACIONES DE SERVICIOS (CUENTAS DE CORRIENTES)                                               FEC. SISTEMA 11/04/2020
ccopserv.sqr                                                                                                                                                                FEC. PROCESO 2015/06/01

--------------------------------------------------------------------------------------------------------------------------------------------------------------------------------------------------
 No.CUENTA   NOMBRE                              EFECTIVO             CHEQUE CLASE CAUSA  CHEQUE CH.DESD CH.HAST  HORA TERMINAL   CANAL      DETALLE
--------------------------------------------------------------------------------------------------------------------------------------------------------------------------------------------------


 OPERADOR :  SROLESE

 TRANSACCION DEPOSITO ESPECIAL EN LINE (43569)
 000-0064323 CONTINENTAL HOTEL S. A.**               0.00               0.00 L       846 ******                  13:18 TERMX
 000-0064323 CONTINENTAL HOTEL S. A.**               0.00               0.00 L       846 ******                  13:31 TERMX
 TOTALES:                                            0.00               0.00


 RESUMEN:    ** POR OPERADOR **
 TRANS.      DESCRIPCION                    T O T A L E S OBSERVACION         N.TR
  43569      DEPOSITO ESPECIAL EN LINE               0.00                        2   846

OFICINA : MATRIZ (0)                                                                    BANCO BOLIVARIANO                                                                   PAGINA No.    2
MONEDA : DOLARES USD (1)                                           DIARIO DE OPERACIONES DE SERVICIOS (CUENTAS DE CORRIENTES)                                               FEC. SISTEMA 11/04/2020
ccopserv.sqr                                                                                                                                                                FEC. PROCESO 2015/06/01

--------------------------------------------------------------------------------------------------------------------------------------------------------------------------------------------------
 No.CUENTA   NOMBRE                              EFECTIVO             CHEQUE CLASE CAUSA  CHEQUE CH.DESD CH.HAST  HORA TERMINAL   CANAL      DETALLE
--------------------------------------------------------------------------------------------------------------------------------------------------------------------------------------------------


 OPERADOR :  consola

 TRANSACCION TRX PARA CONTAB DE ND CON (3188)
 000-5195310   ATIMASA S.A.*****                     0.86               0.00 N       53                          14:14 consola
 TOTALES:                                            0.86               0.00


 RESUMEN:    ** POR OPERADOR **
 TRANS.      DESCRIPCION                    T O T A L E S OBSERVACION         N.TR
   3188      TRX PARA CONTAB DE ND CON               0.86                        1   53

OFICINA : MATRIZ (0)                                                                    BANCO BOLIVARIANO                                                                   PAGINA No.    3
MONEDA : DOLARES USD (1)                                           DIARIO DE OPERACIONES DE SERVICIOS (CUENTAS DE CORRIENTES)                                               FEC. SISTEMA 11/04/2020
ccopserv.sqr                                                                                                                                                                FEC. PROCESO 2015/06/01

--------------------------------------------------------------------------------------------------------------------------------------------------------------------------------------------------
 No.CUENTA   NOMBRE                              EFECTIVO             CHEQUE CLASE CAUSA  CHEQUE CH.DESD CH.HAST  HORA TERMINAL   CANAL      DETALLE
--------------------------------------------------------------------------------------------------------------------------------------------------------------------------------------------------


 OPERADOR :  ope998

 TRANSACCION DEPOSITO ESPECIAL EN LINE (43569)
 500-5070292                                         0.00               0.00 L       846 ******                  12:47 term24
 500-5070292                                         0.00               0.00 L       846 ******                  13:03 term24
 TOTALES:                                            0.00               0.00


 RESUMEN:    ** POR OPERADOR **
 TRANS.      DESCRIPCION                    T O T A L E S OBSERVACION         N.TR
  43569      DEPOSITO ESPECIAL EN LINE               0.00                        2   846

