OFICINA : MATRIZ (0)                                                            BANCO BOLIVARIANO                                                            PAGINA No.    1
MONEDA : DOLARES USD (1)                                     DIARIO DE OPERACIONES MONETARIAS (CUENTAS DE CORRIENTES)                                        FEC. SISTEMA 11/04/2020
ccopmone.sqr                                                                                                                                                 FEC. PROCESO 2015/06/01

-----------------------------------------------------------------------------------------------------------------------------------------------------------------------------------
 No.CUENTA  NOMBRE                      EFECTIVO            CHEQUES      TOTAL CREDITO     IMPUESTO   CAUSA       TOTAL DEBITO  HORA     DETALLE
-----------------------------------------------------------------------------------------------------------------------------------------------------------------------------------


 OPERADOR : SROLESE

 TRANSACCIO ND CTE SERV. BANC (3050)
 0000064323 CONTINENTAL HOTEL                                                                          779            9,995.13 13:31
 0000064323 CONTINENTAL HOTEL                                                                          779                5.00 13:18
 TOTALES:                                   0.00               0.00               0.00               0.00            10,000.13

 TRANSACCIO DEPOSITO ESPECIAL (4435)
 0005195310   ATIMASA S.A.***               5.00               0.00               5.00           0.00  2                       13:18
 0005195310   ATIMASA S.A.***           9,995.13               0.00           9,995.13           0.00  2                       13:31
 TOTALES:                              10,000.13               0.00          10,000.13               0.00                 0.00


 RESUMEN:   ** POR OPERADOR * TOTAL SUMA DE CTAS 10519266.00
 TRANS.     DESCRIPCION       NUM.TRAN                T O T A L E S OBSERVACION
   3050     ND CTE SERV. BANC     2                       10,000.13 DEBITO POR DEP ESP                 779
   4435     DEPOSITO ESPECIAL     2                       10,000.13 DEV.CARGO SERV.F.C                 2

OFICINA : MATRIZ (0)                                                            BANCO BOLIVARIANO                                                            PAGINA No.    2
MONEDA : DOLARES USD (1)                                     DIARIO DE OPERACIONES MONETARIAS (CUENTAS DE CORRIENTES)                                        FEC. SISTEMA 11/04/2020
ccopmone.sqr                                                                                                                                                 FEC. PROCESO 2015/06/01

-----------------------------------------------------------------------------------------------------------------------------------------------------------------------------------
 No.CUENTA  NOMBRE                      EFECTIVO            CHEQUES      TOTAL CREDITO     IMPUESTO   CAUSA       TOTAL DEBITO  HORA     DETALLE
-----------------------------------------------------------------------------------------------------------------------------------------------------------------------------------


 OPERADOR : ope998

 TRANSACCIO DEPOSITO ESPECIAL (4435)
 0005195310   ATIMASA S.A.***           1,736.97               0.00           1,736.97           0.00  2                       12:46
 0005195310   ATIMASA S.A.***           2,405.39               0.00           2,405.39           0.00  2                       13:02
 TOTALES:                               4,142.36               0.00           4,142.36               0.00                 0.00


 RESUMEN:   ** POR OPERADOR * TOTAL SUMA DE CTAS 10390620.00
 TRANS.     DESCRIPCION       NUM.TRAN                T O T A L E S OBSERVACION
   4435     DEPOSITO ESPECIAL     2                        4,142.36 DEV.CARGO SERV.F.C                 2

